[1551921216.092][INFO]: [4bd077e38bd2608d31467c6f0ad054ad] COMMAND InitSession {
   "capabilities": {
      "firstMatch": [ {
         "browserName": "chrome",
         "goog:chromeOptions": {
            "args": [ "chrome.switches", "--disable-extensions", "chrome.switches", "test-type", "chrome.switches", "start-maximized", "chrome.switches", "no-sandbox" ],
            "extensions": [  ],
            "useAutomationExtension": false
         }
      } ]
   },
   "desiredCapabilities": {
      "browserName": "chrome",
      "goog:chromeOptions": {
         "args": [ "chrome.switches", "--disable-extensions", "chrome.switches", "test-type", "chrome.switches", "start-maximized", "chrome.switches", "no-sandbox" ],
         "extensions": [  ],
         "useAutomationExtension": false
      }
   }
}
[1551921216.094][INFO]: Populating Preferences file: {
   "alternate_error_pages": {
      "enabled": false
   },
   "autofill": {
      "enabled": false
   },
   "browser": {
      "check_default_browser": false
   },
   "distribution": {
      "import_bookmarks": false,
      "import_history": false,
      "import_search_engine": false,
      "make_chrome_default_for_user": false,
      "skip_first_run_ui": true
   },
   "dns_prefetching": {
      "enabled": false
   },
   "profile": {
      "content_settings": {
         "pattern_pairs": {
            "https://*,*": {
               "media-stream": {
                  "audio": "Default",
                  "video": "Default"
               }
            }
         }
      },
      "default_content_setting_values": {
         "geolocation": 1
      },
      "default_content_settings": {
         "geolocation": 1,
         "mouselock": 1,
         "notifications": 1,
         "popups": 1,
         "ppapi-broker": 1
      },
      "password_manager_enabled": false
   },
   "safebrowsing": {
      "enabled": false
   },
   "search": {
      "suggest_enabled": false
   },
   "translate": {
      "enabled": false
   }
}
[1551921216.108][INFO]: Populating Local State file: {
   "background_mode": {
      "enabled": false
   },
   "ssl": {
      "rev_checking": {
         "enabled": false
      }
   }
}
[1551921216.126][INFO]: Launching chrome: "C:\Program Files (x86)\Google\Chrome\Application\chrome.exe" --chrome.switches --disable-background-networking --disable-client-side-phishing-detection --disable-default-apps --disable-extensions --disable-hang-monitor --disable-popup-blocking --disable-prompt-on-repost --disable-sync --disable-web-resources --enable-automation --enable-blink-features=ShadowDOMV0 --enable-logging --force-fieldtrials=SiteIsolationExtensions/Control --ignore-certificate-errors --log-level=0 --metrics-recording-only --no-first-run --no-sandbox --password-store=basic --remote-debugging-port=0 --start-maximized --test-type --use-mock-keychain --user-data-dir="C:\Users\KAVITH~1\AppData\Local\Temp\scoped_dir18488_14760" data:,
[1551921218.458][INFO]: resolved localhost to ["::1","127.0.0.1"]
[1551921219.566][INFO]: [4bd077e38bd2608d31467c6f0ad054ad] RESPONSE InitSession {
   "acceptInsecureCerts": false,
   "acceptSslCerts": false,
   "applicationCacheEnabled": false,
   "browserConnectionEnabled": false,
   "browserName": "chrome",
   "chrome": {
      "chromedriverVersion": "73.0.3683.20 (8e2b610813e167eee3619ac4ce6e42e3ec622017)",
      "userDataDir": "C:\\Users\\KAVITH~1\\AppData\\Local\\Temp\\scoped_dir18488_14760"
   },
   "cssSelectorsEnabled": true,
   "databaseEnabled": false,
   "goog:chromeOptions": {
      "debuggerAddress": "localhost:53576"
   },
   "handlesAlerts": true,
   "hasTouchScreen": false,
   "javascriptEnabled": true,
   "locationContextEnabled": true,
   "mobileEmulationEnabled": false,
   "nativeEvents": true,
   "networkConnectionEnabled": false,
   "pageLoadStrategy": "normal",
   "platform": "Windows NT",
   "proxy": {

   },
   "~~~": "..."
}
[1551921219.676][INFO]: [4bd077e38bd2608d31467c6f0ad054ad] COMMAND MaximizeWindow {
   "handle": "current",
   "windowHandle": "current"
}
[1551921219.676][INFO]: Waiting for pending navigations...
[1551921219.686][INFO]: Done waiting for pending navigations. Status: ok
[1551921219.686][INFO]: resolved localhost to ["::1","127.0.0.1"]
[1551921220.704][INFO]: Waiting for pending navigations...
[1551921220.705][INFO]: Done waiting for pending navigations. Status: ok
[1551921220.705][INFO]: [4bd077e38bd2608d31467c6f0ad054ad] RESPONSE MaximizeWindow {
   "height": 696,
   "width": 1296,
   "x": -8,
   "y": -8
}
[1551921220.713][INFO]: [4bd077e38bd2608d31467c6f0ad054ad] COMMAND SetTimeouts {
   "ms": 30000,
   "type": "implicit"
}
[1551921220.713][INFO]: [4bd077e38bd2608d31467c6f0ad054ad] RESPONSE SetTimeouts
[1551921220.717][INFO]: [4bd077e38bd2608d31467c6f0ad054ad] COMMAND SetTimeouts {
   "ms": 60000,
   "type": "page load"
}
[1551921220.717][INFO]: [4bd077e38bd2608d31467c6f0ad054ad] RESPONSE SetTimeouts
[1551921220.721][INFO]: [4bd077e38bd2608d31467c6f0ad054ad] COMMAND Navigate {
   "url": "http://localhost:3000/"
}
[1551921220.721][INFO]: Waiting for pending navigations...
[1551921220.723][INFO]: Done waiting for pending navigations. Status: ok
[1551921221.165][INFO]: Waiting for pending navigations...
[1551921222.973][INFO]: Done waiting for pending navigations. Status: ok
[1551921222.973][INFO]: [4bd077e38bd2608d31467c6f0ad054ad] RESPONSE Navigate
[1551921223.049][INFO]: [4bd077e38bd2608d31467c6f0ad054ad] COMMAND FindElement {
   "using": "id",
   "value": "brand-logo"
}
[1551921223.049][INFO]: Waiting for pending navigations...
[1551921223.050][INFO]: Done waiting for pending navigations. Status: ok
[1551921223.063][INFO]: Waiting for pending navigations...
[1551921223.063][INFO]: Done waiting for pending navigations. Status: ok
[1551921223.063][INFO]: [4bd077e38bd2608d31467c6f0ad054ad] RESPONSE FindElement {
   "ELEMENT": "0.4349063793605994-1"
}
[1551921223.065][INFO]: [4bd077e38bd2608d31467c6f0ad054ad] COMMAND IsElementDisplayed {
   "id": "0.4349063793605994-1"
}
[1551921223.065][INFO]: Waiting for pending navigations...
[1551921223.066][INFO]: Done waiting for pending navigations. Status: ok
[1551921223.079][INFO]: Waiting for pending navigations...
[1551921223.081][INFO]: Done waiting for pending navigations. Status: ok
[1551921223.081][INFO]: [4bd077e38bd2608d31467c6f0ad054ad] RESPONSE IsElementDisplayed true
[1551921223.090][INFO]: [4bd077e38bd2608d31467c6f0ad054ad] COMMAND Screenshot {

}
[1551921223.090][INFO]: Waiting for pending navigations...
[1551921223.091][INFO]: Done waiting for pending navigations. Status: ok
[1551921223.388][INFO]: Waiting for pending navigations...
[1551921223.389][INFO]: Done waiting for pending navigations. Status: ok
[1551921223.389][INFO]: [4bd077e38bd2608d31467c6f0ad054ad] RESPONSE Screenshot "iVBORw0KGgoAAAANSUhEUgAAB4AAAANRCAYAAAACj6FfAAAgAElEQVR4nOzde5RX9WHv/c9vBuYCjgyI3LyOlygoKhgNEE0iahqxJhGa9BSibaonreJJnxNI1mk16Xmq9Omj0KynlaSnlaYnHkjTFNIkFdumYtVUrFowoo4adVBQBuUyXGdgbs8fAgIzYMCRy/b1W..."
[1551921223.469][INFO]: [4bd077e38bd2608d31467c6f0ad054ad] COMMAND FindElement {
   "using": "id",
   "value": "brand-name"
}
[1551921223.470][INFO]: Waiting for pending navigations...
[1551921223.471][INFO]: Done waiting for pending navigations. Status: ok
[1551921223.481][INFO]: Waiting for pending navigations...
[1551921223.483][INFO]: Done waiting for pending navigations. Status: ok
[1551921223.483][INFO]: [4bd077e38bd2608d31467c6f0ad054ad] RESPONSE FindElement {
   "ELEMENT": "0.4349063793605994-2"
}
[1551921223.485][INFO]: [4bd077e38bd2608d31467c6f0ad054ad] COMMAND IsElementDisplayed {
   "id": "0.4349063793605994-2"
}
[1551921223.485][INFO]: Waiting for pending navigations...
[1551921223.486][INFO]: Done waiting for pending navigations. Status: ok
[1551921223.496][INFO]: Waiting for pending navigations...
[1551921223.497][INFO]: Done waiting for pending navigations. Status: ok
[1551921223.497][INFO]: [4bd077e38bd2608d31467c6f0ad054ad] RESPONSE IsElementDisplayed true
[1551921223.500][INFO]: [4bd077e38bd2608d31467c6f0ad054ad] COMMAND Screenshot {

}
[1551921223.500][INFO]: Waiting for pending navigations...
[1551921223.500][INFO]: Done waiting for pending navigations. Status: ok
[1551921223.781][INFO]: Waiting for pending navigations...
[1551921223.784][INFO]: Done waiting for pending navigations. Status: ok
[1551921223.784][INFO]: [4bd077e38bd2608d31467c6f0ad054ad] RESPONSE Screenshot "iVBORw0KGgoAAAANSUhEUgAAB4AAAANRCAYAAAACj6FfAAAgAElEQVR4nOzde5RX9WHv/c9vBuYCjgyI3LyOlygoKhgNEE0iahqxJhGa9BSibaonreJJnxNI1mk16Xmq9Omj0KynlaSnlaYnHkjTFNIkFdumYtVUrFowoo4adVBQBuUyXGdgbs8fAgIzYMCRy/b1W..."
[1551921223.798][INFO]: [4bd077e38bd2608d31467c6f0ad054ad] COMMAND FindElement {
   "using": "id",
   "value": "menu-btn"
}
[1551921223.798][INFO]: Waiting for pending navigations...
[1551921223.799][INFO]: Done waiting for pending navigations. Status: ok
[1551921223.808][INFO]: Waiting for pending navigations...
[1551921223.809][INFO]: Done waiting for pending navigations. Status: ok
[1551921223.809][INFO]: [4bd077e38bd2608d31467c6f0ad054ad] RESPONSE FindElement {
   "ELEMENT": "0.4349063793605994-3"
}
[1551921223.811][INFO]: [4bd077e38bd2608d31467c6f0ad054ad] COMMAND IsElementDisplayed {
   "id": "0.4349063793605994-3"
}
[1551921223.811][INFO]: Waiting for pending navigations...
[1551921223.812][INFO]: Done waiting for pending navigations. Status: ok
[1551921223.822][INFO]: Waiting for pending navigations...
[1551921223.823][INFO]: Done waiting for pending navigations. Status: ok
[1551921223.823][INFO]: [4bd077e38bd2608d31467c6f0ad054ad] RESPONSE IsElementDisplayed true
[1551921223.825][INFO]: [4bd077e38bd2608d31467c6f0ad054ad] COMMAND Screenshot {

}
[1551921223.825][INFO]: Waiting for pending navigations...
[1551921223.826][INFO]: Done waiting for pending navigations. Status: ok
[1551921224.095][INFO]: Waiting for pending navigations...
[1551921224.097][INFO]: Done waiting for pending navigations. Status: ok
[1551921224.097][INFO]: [4bd077e38bd2608d31467c6f0ad054ad] RESPONSE Screenshot "iVBORw0KGgoAAAANSUhEUgAAB4AAAANRCAYAAAACj6FfAAAgAElEQVR4nOzde5RX9WHv/c9vBuYCjgyI3LyOlygoKhgNEE0iahqxJhGa9BSibaonreJJnxNI1mk16Xmq9Omj0KynlaSnlaYnHkjTFNIkFdumYtVUrFowoo4adVBQBuUyXGdgbs8fAgIzYMCRy/b1W..."
[1551921224.109][INFO]: [4bd077e38bd2608d31467c6f0ad054ad] COMMAND FindElement {
   "using": "id",
   "value": "menu-btn"
}
[1551921224.110][INFO]: Waiting for pending navigations...
[1551921224.111][INFO]: Done waiting for pending navigations. Status: ok
[1551921224.115][INFO]: Waiting for pending navigations...
[1551921224.117][INFO]: Done waiting for pending navigations. Status: ok
[1551921224.117][INFO]: [4bd077e38bd2608d31467c6f0ad054ad] RESPONSE FindElement {
   "ELEMENT": "0.4349063793605994-3"
}
[1551921224.121][INFO]: [4bd077e38bd2608d31467c6f0ad054ad] COMMAND GetElementText {
   "id": "0.4349063793605994-3"
}
[1551921224.121][INFO]: Waiting for pending navigations...
[1551921224.122][INFO]: Done waiting for pending navigations. Status: ok
[1551921224.136][INFO]: Waiting for pending navigations...
[1551921224.137][INFO]: Done waiting for pending navigations. Status: ok
[1551921224.137][INFO]: [4bd077e38bd2608d31467c6f0ad054ad] RESPONSE GetElementText "Menu"
[1551921224.155][INFO]: [4bd077e38bd2608d31467c6f0ad054ad] COMMAND Screenshot {

}
[1551921224.155][INFO]: Waiting for pending navigations...
[1551921224.156][INFO]: Done waiting for pending navigations. Status: ok
[1551921224.429][INFO]: Waiting for pending navigations...
[1551921224.432][INFO]: Done waiting for pending navigations. Status: ok
[1551921224.432][INFO]: [4bd077e38bd2608d31467c6f0ad054ad] RESPONSE Screenshot "iVBORw0KGgoAAAANSUhEUgAAB4AAAANRCAYAAAACj6FfAAAgAElEQVR4nOzde5RX9WHv/c9vBuYCjgyI3LyOlygoKhgNEE0iahqxJhGa9BSibaonreJJnxNI1mk16Xmq9Omj0KynlaSnlaYnHkjTFNIkFdumYtVUrFowoo4adVBQBuUyXGdgbs8fAgIzYMCRy/b1W..."
[1551921224.444][INFO]: [4bd077e38bd2608d31467c6f0ad054ad] COMMAND Quit {

}
[1551921224.497][INFO]: [4bd077e38bd2608d31467c6f0ad054ad] RESPONSE Quit
