[1551922611.298][INFO]: [e766da7557555e1a0407c6924345e380] COMMAND InitSession {
   "capabilities": {
      "firstMatch": [ {
         "browserName": "chrome",
         "goog:chromeOptions": {
            "args": [ "chrome.switches", "--disable-extensions", "chrome.switches", "test-type", "chrome.switches", "start-maximized", "chrome.switches", "no-sandbox" ],
            "extensions": [  ],
            "useAutomationExtension": false
         }
      } ]
   },
   "desiredCapabilities": {
      "browserName": "chrome",
      "goog:chromeOptions": {
         "args": [ "chrome.switches", "--disable-extensions", "chrome.switches", "test-type", "chrome.switches", "start-maximized", "chrome.switches", "no-sandbox" ],
         "extensions": [  ],
         "useAutomationExtension": false
      }
   }
}
[1551922611.302][INFO]: Populating Preferences file: {
   "alternate_error_pages": {
      "enabled": false
   },
   "autofill": {
      "enabled": false
   },
   "browser": {
      "check_default_browser": false
   },
   "distribution": {
      "import_bookmarks": false,
      "import_history": false,
      "import_search_engine": false,
      "make_chrome_default_for_user": false,
      "skip_first_run_ui": true
   },
   "dns_prefetching": {
      "enabled": false
   },
   "profile": {
      "content_settings": {
         "pattern_pairs": {
            "https://*,*": {
               "media-stream": {
                  "audio": "Default",
                  "video": "Default"
               }
            }
         }
      },
      "default_content_setting_values": {
         "geolocation": 1
      },
      "default_content_settings": {
         "geolocation": 1,
         "mouselock": 1,
         "notifications": 1,
         "popups": 1,
         "ppapi-broker": 1
      },
      "password_manager_enabled": false
   },
   "safebrowsing": {
      "enabled": false
   },
   "search": {
      "suggest_enabled": false
   },
   "translate": {
      "enabled": false
   }
}
[1551922611.327][INFO]: Populating Local State file: {
   "background_mode": {
      "enabled": false
   },
   "ssl": {
      "rev_checking": {
         "enabled": false
      }
   }
}
[1551922611.335][INFO]: Launching chrome: "C:\Program Files (x86)\Google\Chrome\Application\chrome.exe" --chrome.switches --disable-background-networking --disable-client-side-phishing-detection --disable-default-apps --disable-extensions --disable-hang-monitor --disable-popup-blocking --disable-prompt-on-repost --disable-sync --disable-web-resources --enable-automation --enable-blink-features=ShadowDOMV0 --enable-logging --force-fieldtrials=SiteIsolationExtensions/Control --ignore-certificate-errors --log-level=0 --metrics-recording-only --no-first-run --no-sandbox --password-store=basic --remote-debugging-port=0 --start-maximized --test-type --use-mock-keychain --user-data-dir="C:\Users\KAVITH~1\AppData\Local\Temp\scoped_dir27664_4377" data:,
[1551922612.055][INFO]: resolved localhost to ["::1","127.0.0.1"]
[1551922613.096][INFO]: [e766da7557555e1a0407c6924345e380] RESPONSE InitSession {
   "acceptInsecureCerts": false,
   "acceptSslCerts": false,
   "applicationCacheEnabled": false,
   "browserConnectionEnabled": false,
   "browserName": "chrome",
   "chrome": {
      "chromedriverVersion": "73.0.3683.20 (8e2b610813e167eee3619ac4ce6e42e3ec622017)",
      "userDataDir": "C:\\Users\\KAVITH~1\\AppData\\Local\\Temp\\scoped_dir27664_4377"
   },
   "cssSelectorsEnabled": true,
   "databaseEnabled": false,
   "goog:chromeOptions": {
      "debuggerAddress": "localhost:55745"
   },
   "handlesAlerts": true,
   "hasTouchScreen": false,
   "javascriptEnabled": true,
   "locationContextEnabled": true,
   "mobileEmulationEnabled": false,
   "nativeEvents": true,
   "networkConnectionEnabled": false,
   "pageLoadStrategy": "normal",
   "platform": "Windows NT",
   "proxy": {

   },
   "~~~": "..."
}
[1551922613.155][INFO]: [e766da7557555e1a0407c6924345e380] COMMAND MaximizeWindow {
   "handle": "current",
   "windowHandle": "current"
}
[1551922613.155][INFO]: Waiting for pending navigations...
[1551922613.164][INFO]: Done waiting for pending navigations. Status: ok
[1551922613.164][INFO]: resolved localhost to ["::1","127.0.0.1"]
[1551922614.167][INFO]: Waiting for pending navigations...
[1551922614.168][INFO]: Done waiting for pending navigations. Status: ok
[1551922614.168][INFO]: [e766da7557555e1a0407c6924345e380] RESPONSE MaximizeWindow {
   "height": 696,
   "width": 1296,
   "x": -8,
   "y": -8
}
[1551922614.175][INFO]: [e766da7557555e1a0407c6924345e380] COMMAND SetTimeouts {
   "ms": 30000,
   "type": "implicit"
}
[1551922614.175][INFO]: [e766da7557555e1a0407c6924345e380] RESPONSE SetTimeouts
[1551922614.180][INFO]: [e766da7557555e1a0407c6924345e380] COMMAND SetTimeouts {
   "ms": 60000,
   "type": "page load"
}
[1551922614.180][INFO]: [e766da7557555e1a0407c6924345e380] RESPONSE SetTimeouts
[1551922614.184][INFO]: [e766da7557555e1a0407c6924345e380] COMMAND Navigate {
   "url": "http://localhost:3000/"
}
[1551922614.184][INFO]: Waiting for pending navigations...
[1551922614.185][INFO]: Done waiting for pending navigations. Status: ok
[1551922614.563][INFO]: Waiting for pending navigations...
[1551922616.285][INFO]: Done waiting for pending navigations. Status: ok
[1551922616.285][INFO]: [e766da7557555e1a0407c6924345e380] RESPONSE Navigate
[1551922616.356][INFO]: [e766da7557555e1a0407c6924345e380] COMMAND FindElement {
   "using": "id",
   "value": "brand-logo"
}
[1551922616.356][INFO]: Waiting for pending navigations...
[1551922616.357][INFO]: Done waiting for pending navigations. Status: ok
[1551922616.375][INFO]: Waiting for pending navigations...
[1551922616.376][INFO]: Done waiting for pending navigations. Status: ok
[1551922616.376][INFO]: [e766da7557555e1a0407c6924345e380] RESPONSE FindElement {
   "ELEMENT": "0.13177811508069937-1"
}
[1551922616.378][INFO]: [e766da7557555e1a0407c6924345e380] COMMAND IsElementDisplayed {
   "id": "0.13177811508069937-1"
}
[1551922616.379][INFO]: Waiting for pending navigations...
[1551922616.379][INFO]: Done waiting for pending navigations. Status: ok
[1551922616.393][INFO]: Waiting for pending navigations...
[1551922616.395][INFO]: Done waiting for pending navigations. Status: ok
[1551922616.395][INFO]: [e766da7557555e1a0407c6924345e380] RESPONSE IsElementDisplayed true
[1551922616.410][INFO]: [e766da7557555e1a0407c6924345e380] COMMAND Screenshot {

}
[1551922616.410][INFO]: Waiting for pending navigations...
[1551922616.411][INFO]: Done waiting for pending navigations. Status: ok
[1551922617.057][INFO]: Waiting for pending navigations...
[1551922617.059][INFO]: Done waiting for pending navigations. Status: ok
[1551922617.059][INFO]: [e766da7557555e1a0407c6924345e380] RESPONSE Screenshot "iVBORw0KGgoAAAANSUhEUgAAB4AAAANRCAYAAAACj6FfAAAgAElEQVR4nOzde5RX9WHv/c9vBuYCjgyI3LyOlygoKhgNEE0iahqxJhGa9BSibaonreJJnxNI1mk16Xmq9Omj0KynlaSnlaYnHkjTFNIkFdumYtVUrFowoo4adVBQBuUyXGdgbs8fAgIzYMCRy/b1W..."
[1551922617.160][INFO]: [e766da7557555e1a0407c6924345e380] COMMAND FindElement {
   "using": "id",
   "value": "brand-name"
}
[1551922617.160][INFO]: Waiting for pending navigations...
[1551922617.161][INFO]: Done waiting for pending navigations. Status: ok
[1551922617.181][INFO]: Waiting for pending navigations...
[1551922617.183][INFO]: Done waiting for pending navigations. Status: ok
[1551922617.183][INFO]: [e766da7557555e1a0407c6924345e380] RESPONSE FindElement {
   "ELEMENT": "0.13177811508069937-2"
}
[1551922617.185][INFO]: [e766da7557555e1a0407c6924345e380] COMMAND IsElementDisplayed {
   "id": "0.13177811508069937-2"
}
[1551922617.185][INFO]: Waiting for pending navigations...
[1551922617.186][INFO]: Done waiting for pending navigations. Status: ok
[1551922617.200][INFO]: Waiting for pending navigations...
[1551922617.201][INFO]: Done waiting for pending navigations. Status: ok
[1551922617.201][INFO]: [e766da7557555e1a0407c6924345e380] RESPONSE IsElementDisplayed true
[1551922617.203][INFO]: [e766da7557555e1a0407c6924345e380] COMMAND Screenshot {

}
[1551922617.203][INFO]: Waiting for pending navigations...
[1551922617.203][INFO]: Done waiting for pending navigations. Status: ok
[1551922617.525][INFO]: Waiting for pending navigations...
[1551922617.525][INFO]: Done waiting for pending navigations. Status: ok
[1551922617.525][INFO]: [e766da7557555e1a0407c6924345e380] RESPONSE Screenshot "iVBORw0KGgoAAAANSUhEUgAAB4AAAANRCAYAAAACj6FfAAAgAElEQVR4nOzde5RX9WHv/c9vBuYCjgyI3LyOlygoKhgNEE0iahqxJhGa9BSibaonreJJnxNI1mk16Xmq9Omj0KynlaSnlaYnHkjTFNIkFdumYtVUrFowoo4adVBQBuUyXGdgbs8fAgIzYMCRy/b1W..."
[1551922617.550][INFO]: [e766da7557555e1a0407c6924345e380] COMMAND FindElement {
   "using": "id",
   "value": "menu-btn"
}
[1551922617.550][INFO]: Waiting for pending navigations...
[1551922617.551][INFO]: Done waiting for pending navigations. Status: ok
[1551922617.565][INFO]: Waiting for pending navigations...
[1551922617.567][INFO]: Done waiting for pending navigations. Status: ok
[1551922617.567][INFO]: [e766da7557555e1a0407c6924345e380] RESPONSE FindElement {
   "ELEMENT": "0.13177811508069937-3"
}
[1551922617.569][INFO]: [e766da7557555e1a0407c6924345e380] COMMAND IsElementDisplayed {
   "id": "0.13177811508069937-3"
}
[1551922617.569][INFO]: Waiting for pending navigations...
[1551922617.570][INFO]: Done waiting for pending navigations. Status: ok
[1551922617.583][INFO]: Waiting for pending navigations...
[1551922617.584][INFO]: Done waiting for pending navigations. Status: ok
[1551922617.584][INFO]: [e766da7557555e1a0407c6924345e380] RESPONSE IsElementDisplayed true
[1551922617.586][INFO]: [e766da7557555e1a0407c6924345e380] COMMAND Screenshot {

}
[1551922617.586][INFO]: Waiting for pending navigations...
[1551922617.587][INFO]: Done waiting for pending navigations. Status: ok
[1551922617.903][INFO]: Waiting for pending navigations...
[1551922617.904][INFO]: Done waiting for pending navigations. Status: ok
[1551922617.904][INFO]: [e766da7557555e1a0407c6924345e380] RESPONSE Screenshot "iVBORw0KGgoAAAANSUhEUgAAB4AAAANRCAYAAAACj6FfAAAgAElEQVR4nOzde5RX9WHv/c9vBuYCjgyI3LyOlygoKhgNEE0iahqxJhGa9BSibaonreJJnxNI1mk16Xmq9Omj0KynlaSnlaYnHkjTFNIkFdumYtVUrFowoo4adVBQBuUyXGdgbs8fAgIzYMCRy/b1W..."
[1551922617.927][INFO]: [e766da7557555e1a0407c6924345e380] COMMAND FindElement {
   "using": "id",
   "value": "menu-btn"
}
[1551922617.927][INFO]: Waiting for pending navigations...
[1551922617.928][INFO]: Done waiting for pending navigations. Status: ok
[1551922617.935][INFO]: Waiting for pending navigations...
[1551922617.936][INFO]: Done waiting for pending navigations. Status: ok
[1551922617.936][INFO]: [e766da7557555e1a0407c6924345e380] RESPONSE FindElement {
   "ELEMENT": "0.13177811508069937-3"
}
[1551922617.941][INFO]: [e766da7557555e1a0407c6924345e380] COMMAND ClickElement {
   "id": "0.13177811508069937-3"
}
[1551922617.941][INFO]: Waiting for pending navigations...
[1551922617.942][INFO]: Done waiting for pending navigations. Status: ok
[1551922618.023][INFO]: Waiting for pending navigations...
[1551922618.026][INFO]: Done waiting for pending navigations. Status: ok
[1551922618.026][INFO]: [e766da7557555e1a0407c6924345e380] RESPONSE ClickElement
[1551922618.032][INFO]: [e766da7557555e1a0407c6924345e380] COMMAND FindElement {
   "using": "id",
   "value": "menu-btn"
}
[1551922618.032][INFO]: Waiting for pending navigations...
[1551922618.034][INFO]: Done waiting for pending navigations. Status: ok
[1551922618.044][INFO]: Waiting for pending navigations...
[1551922618.046][INFO]: Done waiting for pending navigations. Status: ok
[1551922618.046][INFO]: [e766da7557555e1a0407c6924345e380] RESPONSE FindElement {
   "ELEMENT": "0.13177811508069937-3"
}
[1551922618.048][INFO]: [e766da7557555e1a0407c6924345e380] COMMAND GetElementText {
   "id": "0.13177811508069937-3"
}
[1551922618.048][INFO]: Waiting for pending navigations...
[1551922618.050][INFO]: Done waiting for pending navigations. Status: ok
[1551922618.076][INFO]: Waiting for pending navigations...
[1551922618.086][INFO]: Done waiting for pending navigations. Status: ok
[1551922618.086][INFO]: [e766da7557555e1a0407c6924345e380] RESPONSE GetElementText "Close"
[1551922618.089][INFO]: [e766da7557555e1a0407c6924345e380] COMMAND Screenshot {

}
[1551922618.089][INFO]: Waiting for pending navigations...
[1551922618.091][INFO]: Done waiting for pending navigations. Status: ok
[1551922618.521][INFO]: Waiting for pending navigations...
[1551922618.524][INFO]: Done waiting for pending navigations. Status: ok
[1551922618.524][INFO]: [e766da7557555e1a0407c6924345e380] RESPONSE Screenshot "iVBORw0KGgoAAAANSUhEUgAAB4AAAANRCAYAAAACj6FfAAAgAElEQVR4nOzdf3SU133v+8+MBknDeNDoB0ISQjBCWB5kwJIxAdkEI7mODSU2kJX6gJM0V7RNLdJcW+Ss3EJPzz2FxLcFZ/UE+eTmoLppC9dJA67jQtzUAmMSoAoVGAxjQCCQhH4hGAkhRj9Go/uHf..."
[1551922618.550][INFO]: [e766da7557555e1a0407c6924345e380] COMMAND FindElement {
   "using": "id",
   "value": "what-are-link"
}
[1551922618.550][INFO]: Waiting for pending navigations...
[1551922618.552][INFO]: Done waiting for pending navigations. Status: ok
[1551922618.563][INFO]: Waiting for pending navigations...
[1551922618.564][INFO]: Done waiting for pending navigations. Status: ok
[1551922618.564][INFO]: [e766da7557555e1a0407c6924345e380] RESPONSE FindElement {
   "ELEMENT": "0.13177811508069937-4"
}
[1551922618.566][INFO]: [e766da7557555e1a0407c6924345e380] COMMAND IsElementDisplayed {
   "id": "0.13177811508069937-4"
}
[1551922618.566][INFO]: Waiting for pending navigations...
[1551922618.567][INFO]: Done waiting for pending navigations. Status: ok
[1551922618.578][INFO]: Waiting for pending navigations...
[1551922618.584][INFO]: Done waiting for pending navigations. Status: ok
[1551922618.584][INFO]: [e766da7557555e1a0407c6924345e380] RESPONSE IsElementDisplayed true
[1551922618.586][INFO]: [e766da7557555e1a0407c6924345e380] COMMAND Screenshot {

}
[1551922618.586][INFO]: Waiting for pending navigations...
[1551922618.591][INFO]: Done waiting for pending navigations. Status: ok
[1551922618.901][INFO]: Waiting for pending navigations...
[1551922618.902][INFO]: Done waiting for pending navigations. Status: ok
[1551922618.902][INFO]: [e766da7557555e1a0407c6924345e380] RESPONSE Screenshot "iVBORw0KGgoAAAANSUhEUgAAB4AAAANRCAYAAAACj6FfAAAgAElEQVR4nOzde3RU533v/8+MBknDeNDogpCEEAwI5EHmIhkrIJtgJNe1ocQGslwOOEl9RNvUkPrYImfld6Cn53cKqX8JclZPgJNfDmrqtvBz0oDruCZuGoExCVCFCgwWMiAQCIEuSIyEEKPLaPT7Q..."
[1551922618.921][INFO]: [e766da7557555e1a0407c6924345e380] COMMAND FindElement {
   "using": "id",
   "value": "what-are-link"
}
[1551922618.921][INFO]: Waiting for pending navigations...
[1551922618.922][INFO]: Done waiting for pending navigations. Status: ok
[1551922618.927][INFO]: Waiting for pending navigations...
[1551922618.928][INFO]: Done waiting for pending navigations. Status: ok
[1551922618.928][INFO]: [e766da7557555e1a0407c6924345e380] RESPONSE FindElement {
   "ELEMENT": "0.13177811508069937-4"
}
[1551922618.930][INFO]: [e766da7557555e1a0407c6924345e380] COMMAND GetElementText {
   "id": "0.13177811508069937-4"
}
[1551922618.930][INFO]: Waiting for pending navigations...
[1551922618.931][INFO]: Done waiting for pending navigations. Status: ok
[1551922618.944][INFO]: Waiting for pending navigations...
[1551922618.947][INFO]: Done waiting for pending navigations. Status: ok
[1551922618.947][INFO]: [e766da7557555e1a0407c6924345e380] RESPONSE GetElementText "What are Child Labor and Forced Labor?"
[1551922618.952][INFO]: [e766da7557555e1a0407c6924345e380] COMMAND FindElement {
   "using": "id",
   "value": "what-are-link"
}
[1551922618.952][INFO]: Waiting for pending navigations...
[1551922618.953][INFO]: Done waiting for pending navigations. Status: ok
[1551922618.961][INFO]: Waiting for pending navigations...
[1551922618.962][INFO]: Done waiting for pending navigations. Status: ok
[1551922618.962][INFO]: [e766da7557555e1a0407c6924345e380] RESPONSE FindElement {
   "ELEMENT": "0.13177811508069937-4"
}
[1551922618.964][INFO]: [e766da7557555e1a0407c6924345e380] COMMAND GetElementAttribute {
   "id": "0.13177811508069937-4",
   "name": "href"
}
[1551922618.964][INFO]: Waiting for pending navigations...
[1551922618.965][INFO]: Done waiting for pending navigations. Status: ok
[1551922618.968][INFO]: Waiting for pending navigations...
[1551922618.969][INFO]: Done waiting for pending navigations. Status: ok
[1551922618.969][INFO]: [e766da7557555e1a0407c6924345e380] RESPONSE GetElementAttribute "http://localhost:3000/what-are"
[1551922618.971][INFO]: [e766da7557555e1a0407c6924345e380] COMMAND Screenshot {

}
[1551922618.971][INFO]: Waiting for pending navigations...
[1551922618.971][INFO]: Done waiting for pending navigations. Status: ok
[1551922619.274][INFO]: Waiting for pending navigations...
[1551922619.275][INFO]: Done waiting for pending navigations. Status: ok
[1551922619.275][INFO]: [e766da7557555e1a0407c6924345e380] RESPONSE Screenshot "iVBORw0KGgoAAAANSUhEUgAAB4AAAANRCAYAAAACj6FfAAAgAElEQVR4nOzde3RU533v/8+MBknDeNDogpCEEAwI5EHmIhkrIJtgJNe1ocQGslwOOEl9RNvUkPrYImfld6Cn53cKqX8JclZPgJNfDmrqtvBz0oDruCZuGoExCVCFCgwWMiAQCIEuSIyEEKPLaPT7Q..."
[1551922619.296][INFO]: [e766da7557555e1a0407c6924345e380] COMMAND FindElement {
   "using": "id",
   "value": "why-develop-link"
}
[1551922619.296][INFO]: Waiting for pending navigations...
[1551922619.298][INFO]: Done waiting for pending navigations. Status: ok
[1551922619.311][INFO]: Waiting for pending navigations...
[1551922619.313][INFO]: Done waiting for pending navigations. Status: ok
[1551922619.313][INFO]: [e766da7557555e1a0407c6924345e380] RESPONSE FindElement {
   "ELEMENT": "0.13177811508069937-5"
}
[1551922619.315][INFO]: [e766da7557555e1a0407c6924345e380] COMMAND IsElementDisplayed {
   "id": "0.13177811508069937-5"
}
[1551922619.315][INFO]: Waiting for pending navigations...
[1551922619.316][INFO]: Done waiting for pending navigations. Status: ok
[1551922619.328][INFO]: Waiting for pending navigations...
[1551922619.329][INFO]: Done waiting for pending navigations. Status: ok
[1551922619.329][INFO]: [e766da7557555e1a0407c6924345e380] RESPONSE IsElementDisplayed true
[1551922619.331][INFO]: [e766da7557555e1a0407c6924345e380] COMMAND Screenshot {

}
[1551922619.331][INFO]: Waiting for pending navigations...
[1551922619.333][INFO]: Done waiting for pending navigations. Status: ok
[1551922619.616][INFO]: Waiting for pending navigations...
[1551922619.617][INFO]: Done waiting for pending navigations. Status: ok
[1551922619.617][INFO]: [e766da7557555e1a0407c6924345e380] RESPONSE Screenshot "iVBORw0KGgoAAAANSUhEUgAAB4AAAANRCAYAAAACj6FfAAAgAElEQVR4nOzde3RU533v/8+MBknDeNDogpCEEAwI5EHmIhkrIJtgJNe1ocQGslwOOEl9RNvUkPrYImfld6Cn53cKqX8JclZPgJNfDmrqtvBz0oDruCZuGoExCVCFCgwWMiAQCIEuSIyEEKPLaPT7Q..."
[1551922619.636][INFO]: [e766da7557555e1a0407c6924345e380] COMMAND FindElement {
   "using": "id",
   "value": "why-develop-link"
}
[1551922619.637][INFO]: Waiting for pending navigations...
[1551922619.638][INFO]: Done waiting for pending navigations. Status: ok
[1551922619.644][INFO]: Waiting for pending navigations...
[1551922619.647][INFO]: Done waiting for pending navigations. Status: ok
[1551922619.647][INFO]: [e766da7557555e1a0407c6924345e380] RESPONSE FindElement {
   "ELEMENT": "0.13177811508069937-5"
}
[1551922619.648][INFO]: [e766da7557555e1a0407c6924345e380] COMMAND GetElementText {
   "id": "0.13177811508069937-5"
}
[1551922619.648][INFO]: Waiting for pending navigations...
[1551922619.649][INFO]: Done waiting for pending navigations. Status: ok
[1551922619.662][INFO]: Waiting for pending navigations...
[1551922619.663][INFO]: Done waiting for pending navigations. Status: ok
[1551922619.663][INFO]: [e766da7557555e1a0407c6924345e380] RESPONSE GetElementText "Why Develop a Social Compliance System?"
[1551922619.667][INFO]: [e766da7557555e1a0407c6924345e380] COMMAND FindElement {
   "using": "id",
   "value": "why-develop-link"
}
[1551922619.667][INFO]: Waiting for pending navigations...
[1551922619.669][INFO]: Done waiting for pending navigations. Status: ok
[1551922619.674][INFO]: Waiting for pending navigations...
[1551922619.674][INFO]: Done waiting for pending navigations. Status: ok
[1551922619.675][INFO]: [e766da7557555e1a0407c6924345e380] RESPONSE FindElement {
   "ELEMENT": "0.13177811508069937-5"
}
[1551922619.677][INFO]: [e766da7557555e1a0407c6924345e380] COMMAND GetElementAttribute {
   "id": "0.13177811508069937-5",
   "name": "href"
}
[1551922619.677][INFO]: Waiting for pending navigations...
[1551922619.679][INFO]: Done waiting for pending navigations. Status: ok
[1551922619.683][INFO]: Waiting for pending navigations...
[1551922619.683][INFO]: Done waiting for pending navigations. Status: ok
[1551922619.683][INFO]: [e766da7557555e1a0407c6924345e380] RESPONSE GetElementAttribute "http://localhost:3000/why-develop"
[1551922619.685][INFO]: [e766da7557555e1a0407c6924345e380] COMMAND Screenshot {

}
[1551922619.685][INFO]: Waiting for pending navigations...
[1551922619.686][INFO]: Done waiting for pending navigations. Status: ok
[1551922619.967][INFO]: Waiting for pending navigations...
[1551922619.968][INFO]: Done waiting for pending navigations. Status: ok
[1551922619.968][INFO]: [e766da7557555e1a0407c6924345e380] RESPONSE Screenshot "iVBORw0KGgoAAAANSUhEUgAAB4AAAANRCAYAAAACj6FfAAAgAElEQVR4nOzde3RU533v/8+MBknDeNDogpCEEAwI5EHmIhkrIJtgJNe1ocQGslwOOEl9RNvUkPrYImfld6Cn53cKqX8JclZPgJNfDmrqtvBz0oDruCZuGoExCVCFCgwWMiAQCIEuSIyEEKPLaPT7Q..."
[1551922619.988][INFO]: [e766da7557555e1a0407c6924345e380] COMMAND FindElement {
   "using": "id",
   "value": "basics-link"
}
[1551922619.988][INFO]: Waiting for pending navigations...
[1551922619.989][INFO]: Done waiting for pending navigations. Status: ok
[1551922620.009][INFO]: Waiting for pending navigations...
[1551922620.011][INFO]: Done waiting for pending navigations. Status: ok
[1551922620.011][INFO]: [e766da7557555e1a0407c6924345e380] RESPONSE FindElement {
   "ELEMENT": "0.13177811508069937-6"
}
[1551922620.014][INFO]: [e766da7557555e1a0407c6924345e380] COMMAND IsElementDisplayed {
   "id": "0.13177811508069937-6"
}
[1551922620.014][INFO]: Waiting for pending navigations...
[1551922620.015][INFO]: Done waiting for pending navigations. Status: ok
[1551922620.029][INFO]: Waiting for pending navigations...
[1551922620.030][INFO]: Done waiting for pending navigations. Status: ok
[1551922620.030][INFO]: [e766da7557555e1a0407c6924345e380] RESPONSE IsElementDisplayed true
[1551922620.032][INFO]: [e766da7557555e1a0407c6924345e380] COMMAND Screenshot {

}
[1551922620.032][INFO]: Waiting for pending navigations...
[1551922620.033][INFO]: Done waiting for pending navigations. Status: ok
[1551922620.340][INFO]: Waiting for pending navigations...
[1551922620.340][INFO]: Done waiting for pending navigations. Status: ok
[1551922620.340][INFO]: [e766da7557555e1a0407c6924345e380] RESPONSE Screenshot "iVBORw0KGgoAAAANSUhEUgAAB4AAAANRCAYAAAACj6FfAAAgAElEQVR4nOzde3RU533v/8+MBknDeNDogpCEEAwI5EHmIhkrIJtgJNe1ocQGslwOOEl9RNvUkPrYImfld6Cn53cKqX8JclZPgJNfDmrqtvBz0oDruCZuGoExCVCFCgwWMiAQCIEuSIyEEKPLaPT7Q..."
[1551922620.357][INFO]: [e766da7557555e1a0407c6924345e380] COMMAND FindElement {
   "using": "id",
   "value": "basics-link"
}
[1551922620.357][INFO]: Waiting for pending navigations...
[1551922620.358][INFO]: Done waiting for pending navigations. Status: ok
[1551922620.367][INFO]: Waiting for pending navigations...
[1551922620.368][INFO]: Done waiting for pending navigations. Status: ok
[1551922620.368][INFO]: [e766da7557555e1a0407c6924345e380] RESPONSE FindElement {
   "ELEMENT": "0.13177811508069937-6"
}
[1551922620.370][INFO]: [e766da7557555e1a0407c6924345e380] COMMAND GetElementText {
   "id": "0.13177811508069937-6"
}
[1551922620.370][INFO]: Waiting for pending navigations...
[1551922620.371][INFO]: Done waiting for pending navigations. Status: ok
[1551922620.393][INFO]: Waiting for pending navigations...
[1551922620.394][INFO]: Done waiting for pending navigations. Status: ok
[1551922620.394][INFO]: [e766da7557555e1a0407c6924345e380] RESPONSE GetElementText "Basics of a Social Compliance System"
[1551922620.400][INFO]: [e766da7557555e1a0407c6924345e380] COMMAND FindElement {
   "using": "id",
   "value": "basics-link"
}
[1551922620.400][INFO]: Waiting for pending navigations...
[1551922620.401][INFO]: Done waiting for pending navigations. Status: ok
[1551922620.408][INFO]: Waiting for pending navigations...
[1551922620.409][INFO]: Done waiting for pending navigations. Status: ok
[1551922620.409][INFO]: [e766da7557555e1a0407c6924345e380] RESPONSE FindElement {
   "ELEMENT": "0.13177811508069937-6"
}
[1551922620.411][INFO]: [e766da7557555e1a0407c6924345e380] COMMAND GetElementAttribute {
   "id": "0.13177811508069937-6",
   "name": "href"
}
[1551922620.411][INFO]: Waiting for pending navigations...
[1551922620.412][INFO]: Done waiting for pending navigations. Status: ok
[1551922620.417][INFO]: Waiting for pending navigations...
[1551922620.417][INFO]: Done waiting for pending navigations. Status: ok
[1551922620.417][INFO]: [e766da7557555e1a0407c6924345e380] RESPONSE GetElementAttribute "http://localhost:3000/basics"
[1551922620.419][INFO]: [e766da7557555e1a0407c6924345e380] COMMAND Screenshot {

}
[1551922620.419][INFO]: Waiting for pending navigations...
[1551922620.420][INFO]: Done waiting for pending navigations. Status: ok
[1551922620.738][INFO]: Waiting for pending navigations...
[1551922620.739][INFO]: Done waiting for pending navigations. Status: ok
[1551922620.739][INFO]: [e766da7557555e1a0407c6924345e380] RESPONSE Screenshot "iVBORw0KGgoAAAANSUhEUgAAB4AAAANRCAYAAAACj6FfAAAgAElEQVR4nOzde3RU533v/8+MBknDeNDogpCEEAwI5EHmIhkrIJtgJNe1ocQGslwOOEl9RNvUkPrYImfld6Cn53cKqX8JclZPgJNfDmrqtvBz0oDruCZuGoExCVCFCgwWMiAQCIEuSIyEEKPLaPT7Q..."
[1551922620.770][INFO]: [e766da7557555e1a0407c6924345e380] COMMAND FindElement {
   "using": "id",
   "value": "basics-link"
}
[1551922620.771][INFO]: Waiting for pending navigations...
[1551922620.775][INFO]: Done waiting for pending navigations. Status: ok
[1551922620.784][INFO]: Waiting for pending navigations...
[1551922620.791][INFO]: Done waiting for pending navigations. Status: ok
[1551922620.791][INFO]: [e766da7557555e1a0407c6924345e380] RESPONSE FindElement {
   "ELEMENT": "0.13177811508069937-6"
}
[1551922620.794][INFO]: [e766da7557555e1a0407c6924345e380] COMMAND IsElementDisplayed {
   "id": "0.13177811508069937-6"
}
[1551922620.794][INFO]: Waiting for pending navigations...
[1551922620.795][INFO]: Done waiting for pending navigations. Status: ok
[1551922620.801][INFO]: Waiting for pending navigations...
[1551922620.802][INFO]: Done waiting for pending navigations. Status: ok
[1551922620.802][INFO]: [e766da7557555e1a0407c6924345e380] RESPONSE IsElementDisplayed true
[1551922620.804][INFO]: [e766da7557555e1a0407c6924345e380] COMMAND Screenshot {

}
[1551922620.804][INFO]: Waiting for pending navigations...
[1551922620.806][INFO]: Done waiting for pending navigations. Status: ok
[1551922621.113][INFO]: Waiting for pending navigations...
[1551922621.114][INFO]: Done waiting for pending navigations. Status: ok
[1551922621.114][INFO]: [e766da7557555e1a0407c6924345e380] RESPONSE Screenshot "iVBORw0KGgoAAAANSUhEUgAAB4AAAANRCAYAAAACj6FfAAAgAElEQVR4nOzde3RU533v/8+MBknDeNDogpCEEAwI5EHmIhkrIJtgJNe1ocQGslwOOEl9RNvUkPrYImfld6Cn53cKqX8JclZPgJNfDmrqtvBz0oDruCZuGoExCVCFCgwWMiAQCIEuSIyEEKPLaPT7Q..."
[1551922623.119][INFO]: [e766da7557555e1a0407c6924345e380] COMMAND FindElement {
   "using": "id",
   "value": "basics-link"
}
[1551922623.119][INFO]: Waiting for pending navigations...
[1551922623.120][INFO]: Done waiting for pending navigations. Status: ok
[1551922623.125][INFO]: Waiting for pending navigations...
[1551922623.126][INFO]: Done waiting for pending navigations. Status: ok
[1551922623.126][INFO]: [e766da7557555e1a0407c6924345e380] RESPONSE FindElement {
   "ELEMENT": "0.13177811508069937-6"
}
[1551922623.128][INFO]: [e766da7557555e1a0407c6924345e380] COMMAND GetElementText {
   "id": "0.13177811508069937-6"
}
[1551922623.128][INFO]: Waiting for pending navigations...
[1551922623.128][INFO]: Done waiting for pending navigations. Status: ok
[1551922623.137][INFO]: Waiting for pending navigations...
[1551922623.138][INFO]: Done waiting for pending navigations. Status: ok
[1551922623.138][INFO]: [e766da7557555e1a0407c6924345e380] RESPONSE GetElementText "Basics of a Social Compliance System"
[1551922642.625][INFO]: [e766da7557555e1a0407c6924345e380] COMMAND FindElement {
   "using": "id",
   "value": "basics-link"
}
[1551922642.625][INFO]: Waiting for pending navigations...
[1551922642.626][INFO]: Done waiting for pending navigations. Status: ok
[1551922642.634][INFO]: Waiting for pending navigations...
[1551922642.636][INFO]: Done waiting for pending navigations. Status: ok
[1551922642.636][INFO]: [e766da7557555e1a0407c6924345e380] RESPONSE FindElement {
   "ELEMENT": "0.13177811508069937-6"
}
[1551922642.638][INFO]: [e766da7557555e1a0407c6924345e380] COMMAND GetElementText {
   "id": "0.13177811508069937-6"
}
[1551922642.639][INFO]: Waiting for pending navigations...
[1551922642.640][INFO]: Done waiting for pending navigations. Status: ok
[1551922642.648][INFO]: Waiting for pending navigations...
[1551922642.648][INFO]: Done waiting for pending navigations. Status: ok
[1551922642.648][INFO]: [e766da7557555e1a0407c6924345e380] RESPONSE GetElementText "Basics of a Social Compliance System"
[1551922645.783][INFO]: [e766da7557555e1a0407c6924345e380] COMMAND FindElement {
   "using": "id",
   "value": "brand-logo"
}
[1551922645.783][INFO]: Waiting for pending navigations...
[1551922645.785][INFO]: Done waiting for pending navigations. Status: ok
[1551922645.796][INFO]: Waiting for pending navigations...
[1551922645.798][INFO]: Done waiting for pending navigations. Status: ok
[1551922645.798][INFO]: [e766da7557555e1a0407c6924345e380] RESPONSE FindElement {
   "ELEMENT": "0.13177811508069937-1"
}
[1551922645.800][INFO]: [e766da7557555e1a0407c6924345e380] COMMAND IsElementDisplayed {
   "id": "0.13177811508069937-1"
}
[1551922645.800][INFO]: Waiting for pending navigations...
[1551922645.801][INFO]: Done waiting for pending navigations. Status: ok
[1551922645.812][INFO]: Waiting for pending navigations...
[1551922645.813][INFO]: Done waiting for pending navigations. Status: ok
[1551922645.813][INFO]: [e766da7557555e1a0407c6924345e380] RESPONSE IsElementDisplayed true
[1551922645.814][INFO]: [e766da7557555e1a0407c6924345e380] COMMAND Screenshot {

}
[1551922645.814][INFO]: Waiting for pending navigations...
[1551922645.815][INFO]: Done waiting for pending navigations. Status: ok
[1551922646.113][INFO]: Waiting for pending navigations...
[1551922646.114][INFO]: Done waiting for pending navigations. Status: ok
[1551922646.114][INFO]: [e766da7557555e1a0407c6924345e380] RESPONSE Screenshot "iVBORw0KGgoAAAANSUhEUgAAB4AAAANRCAYAAAACj6FfAAAgAElEQVR4nOzde3RU533v/8+MBknDeNDogpCEEAwI5EHmIhkrIJtgJNe1ocQGslwOOEl9RNvUkPrYImfld6Cn53cKqX8JclZPgJNfDmrqtvBz0oDruCZuGoExCVCFCgwWMiAQCIEuSIyEEKPLaPT7Q..."
[1551922646.136][INFO]: [e766da7557555e1a0407c6924345e380] COMMAND FindElement {
   "using": "id",
   "value": "brand-name"
}
[1551922646.137][INFO]: Waiting for pending navigations...
[1551922646.137][INFO]: Done waiting for pending navigations. Status: ok
[1551922646.148][INFO]: Waiting for pending navigations...
[1551922646.149][INFO]: Done waiting for pending navigations. Status: ok
[1551922646.149][INFO]: [e766da7557555e1a0407c6924345e380] RESPONSE FindElement {
   "ELEMENT": "0.13177811508069937-2"
}
[1551922646.150][INFO]: [e766da7557555e1a0407c6924345e380] COMMAND IsElementDisplayed {
   "id": "0.13177811508069937-2"
}
[1551922646.150][INFO]: Waiting for pending navigations...
[1551922646.151][INFO]: Done waiting for pending navigations. Status: ok
[1551922646.162][INFO]: Waiting for pending navigations...
[1551922646.163][INFO]: Done waiting for pending navigations. Status: ok
[1551922646.163][INFO]: [e766da7557555e1a0407c6924345e380] RESPONSE IsElementDisplayed true
[1551922646.166][INFO]: [e766da7557555e1a0407c6924345e380] COMMAND Screenshot {

}
[1551922646.166][INFO]: Waiting for pending navigations...
[1551922646.167][INFO]: Done waiting for pending navigations. Status: ok
[1551922646.447][INFO]: Waiting for pending navigations...
[1551922646.448][INFO]: Done waiting for pending navigations. Status: ok
[1551922646.448][INFO]: [e766da7557555e1a0407c6924345e380] RESPONSE Screenshot "iVBORw0KGgoAAAANSUhEUgAAB4AAAANRCAYAAAACj6FfAAAgAElEQVR4nOzde3RU533v/8+MBknDeNDogpCEEAwI5EHmIhkrIJtgJNe1ocQGslwOOEl9RNvUkPrYImfld6Cn53cKqX8JclZPgJNfDmrqtvBz0oDruCZuGoExCVCFCgwWMiAQCIEuSIyEEKPLaPT7Q..."
[1551922646.467][INFO]: [e766da7557555e1a0407c6924345e380] COMMAND FindElement {
   "using": "id",
   "value": "menu-btn"
}
[1551922646.467][INFO]: Waiting for pending navigations...
[1551922646.468][INFO]: Done waiting for pending navigations. Status: ok
[1551922646.479][INFO]: Waiting for pending navigations...
[1551922646.480][INFO]: Done waiting for pending navigations. Status: ok
[1551922646.480][INFO]: [e766da7557555e1a0407c6924345e380] RESPONSE FindElement {
   "ELEMENT": "0.13177811508069937-3"
}
[1551922646.482][INFO]: [e766da7557555e1a0407c6924345e380] COMMAND IsElementDisplayed {
   "id": "0.13177811508069937-3"
}
[1551922646.482][INFO]: Waiting for pending navigations...
[1551922646.483][INFO]: Done waiting for pending navigations. Status: ok
[1551922646.493][INFO]: Waiting for pending navigations...
[1551922646.497][INFO]: Done waiting for pending navigations. Status: ok
[1551922646.497][INFO]: [e766da7557555e1a0407c6924345e380] RESPONSE IsElementDisplayed true
[1551922646.499][INFO]: [e766da7557555e1a0407c6924345e380] COMMAND Screenshot {

}
[1551922646.499][INFO]: Waiting for pending navigations...
[1551922646.500][INFO]: Done waiting for pending navigations. Status: ok
[1551922646.779][INFO]: Waiting for pending navigations...
[1551922646.780][INFO]: Done waiting for pending navigations. Status: ok
[1551922646.780][INFO]: [e766da7557555e1a0407c6924345e380] RESPONSE Screenshot "iVBORw0KGgoAAAANSUhEUgAAB4AAAANRCAYAAAACj6FfAAAgAElEQVR4nOzde3RU533v/8+MBknDeNDogpCEEAwI5EHmIhkrIJtgJNe1ocQGslwOOEl9RNvUkPrYImfld6Cn53cKqX8JclZPgJNfDmrqtvBz0oDruCZuGoExCVCFCgwWMiAQCIEuSIyEEKPLaPT7Q..."
[1551922646.794][INFO]: [e766da7557555e1a0407c6924345e380] COMMAND FindElement {
   "using": "id",
   "value": "menu-btn"
}
[1551922646.794][INFO]: Waiting for pending navigations...
[1551922646.795][INFO]: Done waiting for pending navigations. Status: ok
[1551922646.800][INFO]: Waiting for pending navigations...
[1551922646.801][INFO]: Done waiting for pending navigations. Status: ok
[1551922646.801][INFO]: [e766da7557555e1a0407c6924345e380] RESPONSE FindElement {
   "ELEMENT": "0.13177811508069937-3"
}
[1551922646.804][INFO]: [e766da7557555e1a0407c6924345e380] COMMAND ClickElement {
   "id": "0.13177811508069937-3"
}
[1551922646.804][INFO]: Waiting for pending navigations...
[1551922646.805][INFO]: Done waiting for pending navigations. Status: ok
[1551922646.856][INFO]: Waiting for pending navigations...
[1551922646.858][INFO]: Done waiting for pending navigations. Status: ok
[1551922646.858][INFO]: [e766da7557555e1a0407c6924345e380] RESPONSE ClickElement
[1551922646.862][INFO]: [e766da7557555e1a0407c6924345e380] COMMAND FindElement {
   "using": "id",
   "value": "menu-btn"
}
[1551922646.862][INFO]: Waiting for pending navigations...
[1551922646.863][INFO]: Done waiting for pending navigations. Status: ok
[1551922646.868][INFO]: Waiting for pending navigations...
[1551922646.869][INFO]: Done waiting for pending navigations. Status: ok
[1551922646.869][INFO]: [e766da7557555e1a0407c6924345e380] RESPONSE FindElement {
   "ELEMENT": "0.13177811508069937-3"
}
[1551922646.871][INFO]: [e766da7557555e1a0407c6924345e380] COMMAND GetElementText {
   "id": "0.13177811508069937-3"
}
[1551922646.871][INFO]: Waiting for pending navigations...
[1551922646.872][INFO]: Done waiting for pending navigations. Status: ok
[1551922646.887][INFO]: Waiting for pending navigations...
[1551922646.890][INFO]: Done waiting for pending navigations. Status: ok
[1551922646.890][INFO]: [e766da7557555e1a0407c6924345e380] RESPONSE GetElementText "Menu"
[1551922646.931][INFO]: [e766da7557555e1a0407c6924345e380] COMMAND Screenshot {

}
[1551922646.931][INFO]: Waiting for pending navigations...
[1551922646.933][INFO]: Done waiting for pending navigations. Status: ok
[1551922647.252][INFO]: Waiting for pending navigations...
[1551922647.257][INFO]: Done waiting for pending navigations. Status: ok
[1551922647.257][INFO]: [e766da7557555e1a0407c6924345e380] RESPONSE Screenshot "iVBORw0KGgoAAAANSUhEUgAAB4AAAANRCAYAAAACj6FfAAAgAElEQVR4nOzde5SX9WHv+89vGObCdUDkFkXHSxQUBYwGiCYRNY1YTYQm3YVom+hOq7jTk0CzdqvJzqnS02OgXaeVpKeVpDseSNMU0piKbRMxaipWUyDeUKMOCsqACMN9YG7nDy4CM2Agw+3x9VqLt..."
[1551922647.280][INFO]: [e766da7557555e1a0407c6924345e380] COMMAND Quit {

}
[1551922647.333][INFO]: [e766da7557555e1a0407c6924345e380] RESPONSE Quit
