[1551921913.309][INFO]: [395bec0bb4159c40966ef38738456e12] COMMAND InitSession {
   "capabilities": {
      "firstMatch": [ {
         "browserName": "chrome",
         "goog:chromeOptions": {
            "args": [ "chrome.switches", "--disable-extensions", "chrome.switches", "test-type", "chrome.switches", "start-maximized", "chrome.switches", "no-sandbox" ],
            "extensions": [  ],
            "useAutomationExtension": false
         }
      } ]
   },
   "desiredCapabilities": {
      "browserName": "chrome",
      "goog:chromeOptions": {
         "args": [ "chrome.switches", "--disable-extensions", "chrome.switches", "test-type", "chrome.switches", "start-maximized", "chrome.switches", "no-sandbox" ],
         "extensions": [  ],
         "useAutomationExtension": false
      }
   }
}
[1551921913.333][INFO]: Populating Preferences file: {
   "alternate_error_pages": {
      "enabled": false
   },
   "autofill": {
      "enabled": false
   },
   "browser": {
      "check_default_browser": false
   },
   "distribution": {
      "import_bookmarks": false,
      "import_history": false,
      "import_search_engine": false,
      "make_chrome_default_for_user": false,
      "skip_first_run_ui": true
   },
   "dns_prefetching": {
      "enabled": false
   },
   "profile": {
      "content_settings": {
         "pattern_pairs": {
            "https://*,*": {
               "media-stream": {
                  "audio": "Default",
                  "video": "Default"
               }
            }
         }
      },
      "default_content_setting_values": {
         "geolocation": 1
      },
      "default_content_settings": {
         "geolocation": 1,
         "mouselock": 1,
         "notifications": 1,
         "popups": 1,
         "ppapi-broker": 1
      },
      "password_manager_enabled": false
   },
   "safebrowsing": {
      "enabled": false
   },
   "search": {
      "suggest_enabled": false
   },
   "translate": {
      "enabled": false
   }
}
[1551921913.335][INFO]: Populating Local State file: {
   "background_mode": {
      "enabled": false
   },
   "ssl": {
      "rev_checking": {
         "enabled": false
      }
   }
}
[1551921913.353][INFO]: Launching chrome: "C:\Program Files (x86)\Google\Chrome\Application\chrome.exe" --chrome.switches --disable-background-networking --disable-client-side-phishing-detection --disable-default-apps --disable-extensions --disable-hang-monitor --disable-popup-blocking --disable-prompt-on-repost --disable-sync --disable-web-resources --enable-automation --enable-blink-features=ShadowDOMV0 --enable-logging --force-fieldtrials=SiteIsolationExtensions/Control --ignore-certificate-errors --log-level=0 --metrics-recording-only --no-first-run --no-sandbox --password-store=basic --remote-debugging-port=0 --start-maximized --test-type --use-mock-keychain --user-data-dir="C:\Users\KAVITH~1\AppData\Local\Temp\scoped_dir30368_15483" data:,
[1551921914.147][INFO]: resolved localhost to ["::1","127.0.0.1"]
[1551921915.165][INFO]: [395bec0bb4159c40966ef38738456e12] RESPONSE InitSession {
   "acceptInsecureCerts": false,
   "acceptSslCerts": false,
   "applicationCacheEnabled": false,
   "browserConnectionEnabled": false,
   "browserName": "chrome",
   "chrome": {
      "chromedriverVersion": "73.0.3683.20 (8e2b610813e167eee3619ac4ce6e42e3ec622017)",
      "userDataDir": "C:\\Users\\KAVITH~1\\AppData\\Local\\Temp\\scoped_dir30368_15483"
   },
   "cssSelectorsEnabled": true,
   "databaseEnabled": false,
   "goog:chromeOptions": {
      "debuggerAddress": "localhost:54571"
   },
   "handlesAlerts": true,
   "hasTouchScreen": false,
   "javascriptEnabled": true,
   "locationContextEnabled": true,
   "mobileEmulationEnabled": false,
   "nativeEvents": true,
   "networkConnectionEnabled": false,
   "pageLoadStrategy": "normal",
   "platform": "Windows NT",
   "proxy": {

   },
   "~~~": "..."
}
[1551921915.200][INFO]: [395bec0bb4159c40966ef38738456e12] COMMAND MaximizeWindow {
   "handle": "current",
   "windowHandle": "current"
}
[1551921915.200][INFO]: Waiting for pending navigations...
[1551921915.209][INFO]: Done waiting for pending navigations. Status: ok
[1551921915.209][INFO]: resolved localhost to ["::1","127.0.0.1"]
[1551921916.212][INFO]: Waiting for pending navigations...
[1551921916.213][INFO]: Done waiting for pending navigations. Status: ok
[1551921916.213][INFO]: [395bec0bb4159c40966ef38738456e12] RESPONSE MaximizeWindow {
   "height": 696,
   "width": 1296,
   "x": -8,
   "y": -8
}
[1551921916.217][INFO]: [395bec0bb4159c40966ef38738456e12] COMMAND SetTimeouts {
   "ms": 30000,
   "type": "implicit"
}
[1551921916.217][INFO]: [395bec0bb4159c40966ef38738456e12] RESPONSE SetTimeouts
[1551921916.221][INFO]: [395bec0bb4159c40966ef38738456e12] COMMAND SetTimeouts {
   "ms": 60000,
   "type": "page load"
}
[1551921916.221][INFO]: [395bec0bb4159c40966ef38738456e12] RESPONSE SetTimeouts
[1551921916.224][INFO]: [395bec0bb4159c40966ef38738456e12] COMMAND Navigate {
   "url": "http://localhost:3000/"
}
[1551921916.224][INFO]: Waiting for pending navigations...
[1551921916.225][INFO]: Done waiting for pending navigations. Status: ok
[1551921916.581][INFO]: Waiting for pending navigations...
[1551921918.295][INFO]: Done waiting for pending navigations. Status: ok
[1551921918.295][INFO]: [395bec0bb4159c40966ef38738456e12] RESPONSE Navigate
[1551921918.356][INFO]: [395bec0bb4159c40966ef38738456e12] COMMAND FindElement {
   "using": "id",
   "value": "brand-logo"
}
[1551921918.356][INFO]: Waiting for pending navigations...
[1551921918.358][INFO]: Done waiting for pending navigations. Status: ok
[1551921918.374][INFO]: Waiting for pending navigations...
[1551921918.375][INFO]: Done waiting for pending navigations. Status: ok
[1551921918.375][INFO]: [395bec0bb4159c40966ef38738456e12] RESPONSE FindElement {
   "ELEMENT": "0.2933696862280206-1"
}
[1551921918.377][INFO]: [395bec0bb4159c40966ef38738456e12] COMMAND IsElementDisplayed {
   "id": "0.2933696862280206-1"
}
[1551921918.377][INFO]: Waiting for pending navigations...
[1551921918.378][INFO]: Done waiting for pending navigations. Status: ok
[1551921918.391][INFO]: Waiting for pending navigations...
[1551921918.391][INFO]: Done waiting for pending navigations. Status: ok
[1551921918.391][INFO]: [395bec0bb4159c40966ef38738456e12] RESPONSE IsElementDisplayed true
[1551921918.401][INFO]: [395bec0bb4159c40966ef38738456e12] COMMAND Screenshot {

}
[1551921918.401][INFO]: Waiting for pending navigations...
[1551921918.401][INFO]: Done waiting for pending navigations. Status: ok
[1551921918.711][INFO]: Waiting for pending navigations...
[1551921918.713][INFO]: Done waiting for pending navigations. Status: ok
[1551921918.713][INFO]: [395bec0bb4159c40966ef38738456e12] RESPONSE Screenshot "iVBORw0KGgoAAAANSUhEUgAAB4AAAANRCAYAAAACj6FfAAAgAElEQVR4nOzde5RX9WHv/c9vBuYCjgyI3LyOlygoKhgNEE0iahqxJhGa9BSibaonreJJnxNI1mk16Xmq9Omj0KynlaSnlaYnHkjTFNIkFdumYtVUrFowoo4adVBQBuUyXGdgbs8fAgIzYMCRy/b1W..."
[1551921918.741][INFO]: [395bec0bb4159c40966ef38738456e12] COMMAND FindElement {
   "using": "id",
   "value": "brand-name"
}
[1551921918.741][INFO]: Waiting for pending navigations...
[1551921918.742][INFO]: Done waiting for pending navigations. Status: ok
[1551921918.754][INFO]: Waiting for pending navigations...
[1551921918.757][INFO]: Done waiting for pending navigations. Status: ok
[1551921918.757][INFO]: [395bec0bb4159c40966ef38738456e12] RESPONSE FindElement {
   "ELEMENT": "0.2933696862280206-2"
}
[1551921918.759][INFO]: [395bec0bb4159c40966ef38738456e12] COMMAND IsElementDisplayed {
   "id": "0.2933696862280206-2"
}
[1551921918.759][INFO]: Waiting for pending navigations...
[1551921918.760][INFO]: Done waiting for pending navigations. Status: ok
[1551921918.771][INFO]: Waiting for pending navigations...
[1551921918.774][INFO]: Done waiting for pending navigations. Status: ok
[1551921918.774][INFO]: [395bec0bb4159c40966ef38738456e12] RESPONSE IsElementDisplayed true
[1551921918.777][INFO]: [395bec0bb4159c40966ef38738456e12] COMMAND Screenshot {

}
[1551921918.777][INFO]: Waiting for pending navigations...
[1551921918.778][INFO]: Done waiting for pending navigations. Status: ok
[1551921919.061][INFO]: Waiting for pending navigations...
[1551921919.062][INFO]: Done waiting for pending navigations. Status: ok
[1551921919.062][INFO]: [395bec0bb4159c40966ef38738456e12] RESPONSE Screenshot "iVBORw0KGgoAAAANSUhEUgAAB4AAAANRCAYAAAACj6FfAAAgAElEQVR4nOzde5RX9WHv/c9vBuYCjgyI3LyOlygoKhgNEE0iahqxJhGa9BSibaonreJJnxNI1mk16Xmq9Omj0KynlaSnlaYnHkjTFNIkFdumYtVUrFowoo4adVBQBuUyXGdgbs8fAgIzYMCRy/b1W..."
[1551921919.077][INFO]: [395bec0bb4159c40966ef38738456e12] COMMAND FindElement {
   "using": "id",
   "value": "menu-btn"
}
[1551921919.077][INFO]: Waiting for pending navigations...
[1551921919.078][INFO]: Done waiting for pending navigations. Status: ok
[1551921919.091][INFO]: Waiting for pending navigations...
[1551921919.092][INFO]: Done waiting for pending navigations. Status: ok
[1551921919.092][INFO]: [395bec0bb4159c40966ef38738456e12] RESPONSE FindElement {
   "ELEMENT": "0.2933696862280206-3"
}
[1551921919.094][INFO]: [395bec0bb4159c40966ef38738456e12] COMMAND IsElementDisplayed {
   "id": "0.2933696862280206-3"
}
[1551921919.094][INFO]: Waiting for pending navigations...
[1551921919.096][INFO]: Done waiting for pending navigations. Status: ok
[1551921919.107][INFO]: Waiting for pending navigations...
[1551921919.109][INFO]: Done waiting for pending navigations. Status: ok
[1551921919.109][INFO]: [395bec0bb4159c40966ef38738456e12] RESPONSE IsElementDisplayed true
[1551921919.111][INFO]: [395bec0bb4159c40966ef38738456e12] COMMAND Screenshot {

}
[1551921919.111][INFO]: Waiting for pending navigations...
[1551921919.112][INFO]: Done waiting for pending navigations. Status: ok
[1551921919.393][INFO]: Waiting for pending navigations...
[1551921919.394][INFO]: Done waiting for pending navigations. Status: ok
[1551921919.394][INFO]: [395bec0bb4159c40966ef38738456e12] RESPONSE Screenshot "iVBORw0KGgoAAAANSUhEUgAAB4AAAANRCAYAAAACj6FfAAAgAElEQVR4nOzde5RX9WHv/c9vBuYCjgyI3LyOlygoKhgNEE0iahqxJhGa9BSibaonreJJnxNI1mk16Xmq9Omj0KynlaSnlaYnHkjTFNIkFdumYtVUrFowoo4adVBQBuUyXGdgbs8fAgIzYMCRy/b1W..."
[1551921919.407][INFO]: [395bec0bb4159c40966ef38738456e12] COMMAND FindElement {
   "using": "id",
   "value": "menu-btn"
}
[1551921919.407][INFO]: Waiting for pending navigations...
[1551921919.408][INFO]: Done waiting for pending navigations. Status: ok
[1551921919.413][INFO]: Waiting for pending navigations...
[1551921919.414][INFO]: Done waiting for pending navigations. Status: ok
[1551921919.414][INFO]: [395bec0bb4159c40966ef38738456e12] RESPONSE FindElement {
   "ELEMENT": "0.2933696862280206-3"
}
[1551921919.417][INFO]: [395bec0bb4159c40966ef38738456e12] COMMAND ClickElement {
   "id": "0.2933696862280206-3"
}
[1551921919.417][INFO]: Waiting for pending navigations...
[1551921919.418][INFO]: Done waiting for pending navigations. Status: ok
[1551921919.483][INFO]: Waiting for pending navigations...
[1551921919.484][INFO]: Done waiting for pending navigations. Status: ok
[1551921919.484][INFO]: [395bec0bb4159c40966ef38738456e12] RESPONSE ClickElement
[1551921919.489][INFO]: [395bec0bb4159c40966ef38738456e12] COMMAND FindElement {
   "using": "id",
   "value": "menu-btn"
}
[1551921919.489][INFO]: Waiting for pending navigations...
[1551921919.490][INFO]: Done waiting for pending navigations. Status: ok
[1551921919.497][INFO]: Waiting for pending navigations...
[1551921919.498][INFO]: Done waiting for pending navigations. Status: ok
[1551921919.498][INFO]: [395bec0bb4159c40966ef38738456e12] RESPONSE FindElement {
   "ELEMENT": "0.2933696862280206-3"
}
[1551921919.500][INFO]: [395bec0bb4159c40966ef38738456e12] COMMAND GetElementText {
   "id": "0.2933696862280206-3"
}
[1551921919.500][INFO]: Waiting for pending navigations...
[1551921919.501][INFO]: Done waiting for pending navigations. Status: ok
[1551921919.521][INFO]: Waiting for pending navigations...
[1551921919.524][INFO]: Done waiting for pending navigations. Status: ok
[1551921919.525][INFO]: [395bec0bb4159c40966ef38738456e12] RESPONSE GetElementText "Close"
[1551921919.529][INFO]: [395bec0bb4159c40966ef38738456e12] COMMAND Screenshot {

}
[1551921919.529][INFO]: Waiting for pending navigations...
[1551921919.532][INFO]: Done waiting for pending navigations. Status: ok
[1551921919.896][INFO]: Waiting for pending navigations...
[1551921919.899][INFO]: Done waiting for pending navigations. Status: ok
[1551921919.899][INFO]: [395bec0bb4159c40966ef38738456e12] RESPONSE Screenshot "iVBORw0KGgoAAAANSUhEUgAAB4AAAANRCAYAAAACj6FfAAAgAElEQVR4nOzdf3SU133v+8+MBknDeNDoB0ISQjBCWB5kwJIxAdkEI7mODSU2kJX6gJM0V7RNDWmuLXJWbqGn555C4tuCs3qCfHJzUN20heukAddxIW5qgTEJUIUKDIYxIBBIQr8QjIQQox+j0f1DP..."
[1551921919.920][INFO]: [395bec0bb4159c40966ef38738456e12] COMMAND FindElement {
   "using": "id",
   "value": "what-are-link"
}
[1551921919.920][INFO]: Waiting for pending navigations...
[1551921919.921][INFO]: Done waiting for pending navigations. Status: ok
[1551921919.936][INFO]: Waiting for pending navigations...
[1551921919.936][INFO]: Done waiting for pending navigations. Status: ok
[1551921919.936][INFO]: [395bec0bb4159c40966ef38738456e12] RESPONSE FindElement {
   "ELEMENT": "0.2933696862280206-4"
}
[1551921919.938][INFO]: [395bec0bb4159c40966ef38738456e12] COMMAND IsElementDisplayed {
   "id": "0.2933696862280206-4"
}
[1551921919.938][INFO]: Waiting for pending navigations...
[1551921919.942][INFO]: Done waiting for pending navigations. Status: ok
[1551921919.954][INFO]: Waiting for pending navigations...
[1551921919.961][INFO]: Done waiting for pending navigations. Status: ok
[1551921919.961][INFO]: [395bec0bb4159c40966ef38738456e12] RESPONSE IsElementDisplayed true
[1551921919.968][INFO]: [395bec0bb4159c40966ef38738456e12] COMMAND Screenshot {

}
[1551921919.968][INFO]: Waiting for pending navigations...
[1551921919.975][INFO]: Done waiting for pending navigations. Status: ok
[1551921920.287][INFO]: Waiting for pending navigations...
[1551921920.288][INFO]: Done waiting for pending navigations. Status: ok
[1551921920.288][INFO]: [395bec0bb4159c40966ef38738456e12] RESPONSE Screenshot "iVBORw0KGgoAAAANSUhEUgAAB4AAAANRCAYAAAACj6FfAAAgAElEQVR4nOzde3RU533v/8+MBknDeNDogpCEEAwI5EHmIhkrIJtgJNe1ocQGslwOOEl9RNvUkPrYImfld6Cn53cKqX8JclZPgJNfDmrqtvBz0oDruCZuGoExCVCFCgwWMiAQCIEuSIyEEKPLaPT7Q..."
[1551921920.303][INFO]: [395bec0bb4159c40966ef38738456e12] COMMAND FindElement {
   "using": "id",
   "value": "what-are-link"
}
[1551921920.303][INFO]: Waiting for pending navigations...
[1551921920.304][INFO]: Done waiting for pending navigations. Status: ok
[1551921920.309][INFO]: Waiting for pending navigations...
[1551921920.310][INFO]: Done waiting for pending navigations. Status: ok
[1551921920.310][INFO]: [395bec0bb4159c40966ef38738456e12] RESPONSE FindElement {
   "ELEMENT": "0.2933696862280206-4"
}
[1551921920.311][INFO]: [395bec0bb4159c40966ef38738456e12] COMMAND GetElementText {
   "id": "0.2933696862280206-4"
}
[1551921920.311][INFO]: Waiting for pending navigations...
[1551921920.312][INFO]: Done waiting for pending navigations. Status: ok
[1551921920.328][INFO]: Waiting for pending navigations...
[1551921920.330][INFO]: Done waiting for pending navigations. Status: ok
[1551921920.330][INFO]: [395bec0bb4159c40966ef38738456e12] RESPONSE GetElementText "What are Child Labor and Forced Labor?"
[1551921920.333][INFO]: [395bec0bb4159c40966ef38738456e12] COMMAND FindElement {
   "using": "id",
   "value": "what-are-link"
}
[1551921920.333][INFO]: Waiting for pending navigations...
[1551921920.334][INFO]: Done waiting for pending navigations. Status: ok
[1551921920.338][INFO]: Waiting for pending navigations...
[1551921920.339][INFO]: Done waiting for pending navigations. Status: ok
[1551921920.339][INFO]: [395bec0bb4159c40966ef38738456e12] RESPONSE FindElement {
   "ELEMENT": "0.2933696862280206-4"
}
[1551921920.342][INFO]: [395bec0bb4159c40966ef38738456e12] COMMAND GetElementAttribute {
   "id": "0.2933696862280206-4",
   "name": "href"
}
[1551921920.342][INFO]: Waiting for pending navigations...
[1551921920.343][INFO]: Done waiting for pending navigations. Status: ok
[1551921920.348][INFO]: Waiting for pending navigations...
[1551921920.349][INFO]: Done waiting for pending navigations. Status: ok
[1551921920.349][INFO]: [395bec0bb4159c40966ef38738456e12] RESPONSE GetElementAttribute "http://localhost:3000/what-are"
[1551921920.357][INFO]: [395bec0bb4159c40966ef38738456e12] COMMAND Screenshot {

}
[1551921920.357][INFO]: Waiting for pending navigations...
[1551921920.358][INFO]: Done waiting for pending navigations. Status: ok
[1551921920.644][INFO]: Waiting for pending navigations...
[1551921920.645][INFO]: Done waiting for pending navigations. Status: ok
[1551921920.645][INFO]: [395bec0bb4159c40966ef38738456e12] RESPONSE Screenshot "iVBORw0KGgoAAAANSUhEUgAAB4AAAANRCAYAAAACj6FfAAAgAElEQVR4nOzde3RU533v/8+MBknDeNDogpCEEAwI5EHmIhkrIJtgJNe1ocQGslwOOEl9RNvUkPrYImfld6Cn53cKqX8JclZPgJNfDmrqtvBz0oDruCZuGoExCVCFCgwWMiAQCIEuSIyEEKPLaPT7Q..."
[1551921920.669][INFO]: [395bec0bb4159c40966ef38738456e12] COMMAND Quit {

}
[1551921920.725][INFO]: [395bec0bb4159c40966ef38738456e12] RESPONSE Quit
