[1551921999.225][INFO]: [3ef3d3483f6298d944b5c8a534c8cf88] COMMAND InitSession {
   "capabilities": {
      "firstMatch": [ {
         "browserName": "chrome",
         "goog:chromeOptions": {
            "args": [ "chrome.switches", "--disable-extensions", "chrome.switches", "test-type", "chrome.switches", "start-maximized", "chrome.switches", "no-sandbox" ],
            "extensions": [  ],
            "useAutomationExtension": false
         }
      } ]
   },
   "desiredCapabilities": {
      "browserName": "chrome",
      "goog:chromeOptions": {
         "args": [ "chrome.switches", "--disable-extensions", "chrome.switches", "test-type", "chrome.switches", "start-maximized", "chrome.switches", "no-sandbox" ],
         "extensions": [  ],
         "useAutomationExtension": false
      }
   }
}
[1551921999.228][INFO]: Populating Preferences file: {
   "alternate_error_pages": {
      "enabled": false
   },
   "autofill": {
      "enabled": false
   },
   "browser": {
      "check_default_browser": false
   },
   "distribution": {
      "import_bookmarks": false,
      "import_history": false,
      "import_search_engine": false,
      "make_chrome_default_for_user": false,
      "skip_first_run_ui": true
   },
   "dns_prefetching": {
      "enabled": false
   },
   "profile": {
      "content_settings": {
         "pattern_pairs": {
            "https://*,*": {
               "media-stream": {
                  "audio": "Default",
                  "video": "Default"
               }
            }
         }
      },
      "default_content_setting_values": {
         "geolocation": 1
      },
      "default_content_settings": {
         "geolocation": 1,
         "mouselock": 1,
         "notifications": 1,
         "popups": 1,
         "ppapi-broker": 1
      },
      "password_manager_enabled": false
   },
   "safebrowsing": {
      "enabled": false
   },
   "search": {
      "suggest_enabled": false
   },
   "translate": {
      "enabled": false
   }
}
[1551921999.231][INFO]: Populating Local State file: {
   "background_mode": {
      "enabled": false
   },
   "ssl": {
      "rev_checking": {
         "enabled": false
      }
   }
}
[1551921999.234][INFO]: Launching chrome: "C:\Program Files (x86)\Google\Chrome\Application\chrome.exe" --chrome.switches --disable-background-networking --disable-client-side-phishing-detection --disable-default-apps --disable-extensions --disable-hang-monitor --disable-popup-blocking --disable-prompt-on-repost --disable-sync --disable-web-resources --enable-automation --enable-blink-features=ShadowDOMV0 --enable-logging --force-fieldtrials=SiteIsolationExtensions/Control --ignore-certificate-errors --log-level=0 --metrics-recording-only --no-first-run --no-sandbox --password-store=basic --remote-debugging-port=0 --start-maximized --test-type --use-mock-keychain --user-data-dir="C:\Users\KAVITH~1\AppData\Local\Temp\scoped_dir36768_26066" data:,
[1551921999.994][INFO]: resolved localhost to ["::1","127.0.0.1"]
[1551922001.015][INFO]: [3ef3d3483f6298d944b5c8a534c8cf88] RESPONSE InitSession {
   "acceptInsecureCerts": false,
   "acceptSslCerts": false,
   "applicationCacheEnabled": false,
   "browserConnectionEnabled": false,
   "browserName": "chrome",
   "chrome": {
      "chromedriverVersion": "73.0.3683.20 (8e2b610813e167eee3619ac4ce6e42e3ec622017)",
      "userDataDir": "C:\\Users\\KAVITH~1\\AppData\\Local\\Temp\\scoped_dir36768_26066"
   },
   "cssSelectorsEnabled": true,
   "databaseEnabled": false,
   "goog:chromeOptions": {
      "debuggerAddress": "localhost:54729"
   },
   "handlesAlerts": true,
   "hasTouchScreen": false,
   "javascriptEnabled": true,
   "locationContextEnabled": true,
   "mobileEmulationEnabled": false,
   "nativeEvents": true,
   "networkConnectionEnabled": false,
   "pageLoadStrategy": "normal",
   "platform": "Windows NT",
   "proxy": {

   },
   "~~~": "..."
}
[1551922001.061][INFO]: [3ef3d3483f6298d944b5c8a534c8cf88] COMMAND MaximizeWindow {
   "handle": "current",
   "windowHandle": "current"
}
[1551922001.062][INFO]: Waiting for pending navigations...
[1551922001.072][INFO]: Done waiting for pending navigations. Status: ok
[1551922001.073][INFO]: resolved localhost to ["::1","127.0.0.1"]
[1551922002.081][INFO]: Waiting for pending navigations...
[1551922002.084][INFO]: Done waiting for pending navigations. Status: ok
[1551922002.084][INFO]: [3ef3d3483f6298d944b5c8a534c8cf88] RESPONSE MaximizeWindow {
   "height": 696,
   "width": 1296,
   "x": -8,
   "y": -8
}
[1551922002.090][INFO]: [3ef3d3483f6298d944b5c8a534c8cf88] COMMAND SetTimeouts {
   "ms": 30000,
   "type": "implicit"
}
[1551922002.090][INFO]: [3ef3d3483f6298d944b5c8a534c8cf88] RESPONSE SetTimeouts
[1551922002.094][INFO]: [3ef3d3483f6298d944b5c8a534c8cf88] COMMAND SetTimeouts {
   "ms": 60000,
   "type": "page load"
}
[1551922002.094][INFO]: [3ef3d3483f6298d944b5c8a534c8cf88] RESPONSE SetTimeouts
[1551922002.099][INFO]: [3ef3d3483f6298d944b5c8a534c8cf88] COMMAND Navigate {
   "url": "http://localhost:3000/"
}
[1551922002.099][INFO]: Waiting for pending navigations...
[1551922002.100][INFO]: Done waiting for pending navigations. Status: ok
[1551922002.475][INFO]: Waiting for pending navigations...
[1551922004.074][INFO]: Done waiting for pending navigations. Status: ok
[1551922004.075][INFO]: [3ef3d3483f6298d944b5c8a534c8cf88] RESPONSE Navigate
[1551922004.168][INFO]: [3ef3d3483f6298d944b5c8a534c8cf88] COMMAND FindElement {
   "using": "id",
   "value": "brand-logo"
}
[1551922004.168][INFO]: Waiting for pending navigations...
[1551922004.169][INFO]: Done waiting for pending navigations. Status: ok
[1551922004.186][INFO]: Waiting for pending navigations...
[1551922004.186][INFO]: Done waiting for pending navigations. Status: ok
[1551922004.186][INFO]: [3ef3d3483f6298d944b5c8a534c8cf88] RESPONSE FindElement {
   "ELEMENT": "0.5985348662271885-1"
}
[1551922004.190][INFO]: [3ef3d3483f6298d944b5c8a534c8cf88] COMMAND IsElementDisplayed {
   "id": "0.5985348662271885-1"
}
[1551922004.190][INFO]: Waiting for pending navigations...
[1551922004.191][INFO]: Done waiting for pending navigations. Status: ok
[1551922004.206][INFO]: Waiting for pending navigations...
[1551922004.207][INFO]: Done waiting for pending navigations. Status: ok
[1551922004.207][INFO]: [3ef3d3483f6298d944b5c8a534c8cf88] RESPONSE IsElementDisplayed true
[1551922004.215][INFO]: [3ef3d3483f6298d944b5c8a534c8cf88] COMMAND Screenshot {

}
[1551922004.215][INFO]: Waiting for pending navigations...
[1551922004.216][INFO]: Done waiting for pending navigations. Status: ok
[1551922004.596][INFO]: Waiting for pending navigations...
[1551922004.598][INFO]: Done waiting for pending navigations. Status: ok
[1551922004.598][INFO]: [3ef3d3483f6298d944b5c8a534c8cf88] RESPONSE Screenshot "iVBORw0KGgoAAAANSUhEUgAAB4AAAANRCAYAAAACj6FfAAAgAElEQVR4nOzde5RX9WHv/c9vBuYCjgyI3LyOlygoKhgNEE0iahqxJhGa9BSibaonreJJnxNI1mk16Xmq9Omj0KynlaSnlaYnHkjTFNIkFdumYtVUrFowoo4adVBQBuUyXGdgbs8fAgIzYMCRy/b1W..."
[1551922004.638][INFO]: [3ef3d3483f6298d944b5c8a534c8cf88] COMMAND FindElement {
   "using": "id",
   "value": "brand-name"
}
[1551922004.638][INFO]: Waiting for pending navigations...
[1551922004.639][INFO]: Done waiting for pending navigations. Status: ok
[1551922004.664][INFO]: Waiting for pending navigations...
[1551922004.665][INFO]: Done waiting for pending navigations. Status: ok
[1551922004.665][INFO]: [3ef3d3483f6298d944b5c8a534c8cf88] RESPONSE FindElement {
   "ELEMENT": "0.5985348662271885-2"
}
[1551922004.669][INFO]: [3ef3d3483f6298d944b5c8a534c8cf88] COMMAND IsElementDisplayed {
   "id": "0.5985348662271885-2"
}
[1551922004.669][INFO]: Waiting for pending navigations...
[1551922004.671][INFO]: Done waiting for pending navigations. Status: ok
[1551922004.686][INFO]: Waiting for pending navigations...
[1551922004.687][INFO]: Done waiting for pending navigations. Status: ok
[1551922004.687][INFO]: [3ef3d3483f6298d944b5c8a534c8cf88] RESPONSE IsElementDisplayed true
[1551922004.691][INFO]: [3ef3d3483f6298d944b5c8a534c8cf88] COMMAND Screenshot {

}
[1551922004.691][INFO]: Waiting for pending navigations...
[1551922004.692][INFO]: Done waiting for pending navigations. Status: ok
[1551922005.001][INFO]: Waiting for pending navigations...
[1551922005.003][INFO]: Done waiting for pending navigations. Status: ok
[1551922005.003][INFO]: [3ef3d3483f6298d944b5c8a534c8cf88] RESPONSE Screenshot "iVBORw0KGgoAAAANSUhEUgAAB4AAAANRCAYAAAACj6FfAAAgAElEQVR4nOzde5RX9WHv/c9vBuYCjgyI3LyOlygoKhgNEE0iahqxJhGa9BSibaonreJJnxNI1mk16Xmq9Omj0KynlaSnlaYnHkjTFNIkFdumYtVUrFowoo4adVBQBuUyXGdgbs8fAgIzYMCRy/b1W..."
[1551922005.021][INFO]: [3ef3d3483f6298d944b5c8a534c8cf88] COMMAND FindElement {
   "using": "id",
   "value": "menu-btn"
}
[1551922005.021][INFO]: Waiting for pending navigations...
[1551922005.021][INFO]: Done waiting for pending navigations. Status: ok
[1551922005.040][INFO]: Waiting for pending navigations...
[1551922005.041][INFO]: Done waiting for pending navigations. Status: ok
[1551922005.041][INFO]: [3ef3d3483f6298d944b5c8a534c8cf88] RESPONSE FindElement {
   "ELEMENT": "0.5985348662271885-3"
}
[1551922005.043][INFO]: [3ef3d3483f6298d944b5c8a534c8cf88] COMMAND IsElementDisplayed {
   "id": "0.5985348662271885-3"
}
[1551922005.043][INFO]: Waiting for pending navigations...
[1551922005.044][INFO]: Done waiting for pending navigations. Status: ok
[1551922005.059][INFO]: Waiting for pending navigations...
[1551922005.059][INFO]: Done waiting for pending navigations. Status: ok
[1551922005.059][INFO]: [3ef3d3483f6298d944b5c8a534c8cf88] RESPONSE IsElementDisplayed true
[1551922005.061][INFO]: [3ef3d3483f6298d944b5c8a534c8cf88] COMMAND Screenshot {

}
[1551922005.061][INFO]: Waiting for pending navigations...
[1551922005.062][INFO]: Done waiting for pending navigations. Status: ok
[1551922005.348][INFO]: Waiting for pending navigations...
[1551922005.349][INFO]: Done waiting for pending navigations. Status: ok
[1551922005.349][INFO]: [3ef3d3483f6298d944b5c8a534c8cf88] RESPONSE Screenshot "iVBORw0KGgoAAAANSUhEUgAAB4AAAANRCAYAAAACj6FfAAAgAElEQVR4nOzde5RX9WHv/c9vBuYCjgyI3LyOlygoKhgNEE0iahqxJhGa9BSibaonreJJnxNI1mk16Xmq9Omj0KynlaSnlaYnHkjTFNIkFdumYtVUrFowoo4adVBQBuUyXGdgbs8fAgIzYMCRy/b1W..."
[1551922005.368][INFO]: [3ef3d3483f6298d944b5c8a534c8cf88] COMMAND FindElement {
   "using": "id",
   "value": "menu-btn"
}
[1551922005.369][INFO]: Waiting for pending navigations...
[1551922005.369][INFO]: Done waiting for pending navigations. Status: ok
[1551922005.375][INFO]: Waiting for pending navigations...
[1551922005.376][INFO]: Done waiting for pending navigations. Status: ok
[1551922005.376][INFO]: [3ef3d3483f6298d944b5c8a534c8cf88] RESPONSE FindElement {
   "ELEMENT": "0.5985348662271885-3"
}
[1551922005.380][INFO]: [3ef3d3483f6298d944b5c8a534c8cf88] COMMAND ClickElement {
   "id": "0.5985348662271885-3"
}
[1551922005.381][INFO]: Waiting for pending navigations...
[1551922005.382][INFO]: Done waiting for pending navigations. Status: ok
[1551922005.465][INFO]: Waiting for pending navigations...
[1551922005.474][INFO]: Done waiting for pending navigations. Status: ok
[1551922005.474][INFO]: [3ef3d3483f6298d944b5c8a534c8cf88] RESPONSE ClickElement
[1551922005.479][INFO]: [3ef3d3483f6298d944b5c8a534c8cf88] COMMAND FindElement {
   "using": "id",
   "value": "menu-btn"
}
[1551922005.479][INFO]: Waiting for pending navigations...
[1551922005.480][INFO]: Done waiting for pending navigations. Status: ok
[1551922005.490][INFO]: Waiting for pending navigations...
[1551922005.492][INFO]: Done waiting for pending navigations. Status: ok
[1551922005.492][INFO]: [3ef3d3483f6298d944b5c8a534c8cf88] RESPONSE FindElement {
   "ELEMENT": "0.5985348662271885-3"
}
[1551922005.496][INFO]: [3ef3d3483f6298d944b5c8a534c8cf88] COMMAND GetElementText {
   "id": "0.5985348662271885-3"
}
[1551922005.496][INFO]: Waiting for pending navigations...
[1551922005.499][INFO]: Done waiting for pending navigations. Status: ok
[1551922005.522][INFO]: Waiting for pending navigations...
[1551922005.526][INFO]: Done waiting for pending navigations. Status: ok
[1551922005.526][INFO]: [3ef3d3483f6298d944b5c8a534c8cf88] RESPONSE GetElementText "Close"
[1551922005.529][INFO]: [3ef3d3483f6298d944b5c8a534c8cf88] COMMAND Screenshot {

}
[1551922005.529][INFO]: Waiting for pending navigations...
[1551922005.530][INFO]: Done waiting for pending navigations. Status: ok
[1551922005.904][INFO]: Waiting for pending navigations...
[1551922005.906][INFO]: Done waiting for pending navigations. Status: ok
[1551922005.907][INFO]: [3ef3d3483f6298d944b5c8a534c8cf88] RESPONSE Screenshot "iVBORw0KGgoAAAANSUhEUgAAB4AAAANRCAYAAAACj6FfAAAgAElEQVR4nOzdf3SU133v+8+MBknDeNDoB0ISQjBCWB5kwJIxAdkEI7mODSU2kJX6gJM0V7RNLdJcW+Ss3EJPzz2FxLcFZ/UE+eTmoLppC9dJA67jQtzUAmMSoAoVGAxjQCCQhH4hGAkhRj9Go/uHf..."
[1551922023.055][INFO]: [3ef3d3483f6298d944b5c8a534c8cf88] COMMAND FindElement {
   "using": "id",
   "value": "what-are-link"
}
[1551922023.055][INFO]: Waiting for pending navigations...
[1551922023.056][INFO]: Done waiting for pending navigations. Status: ok
[1551922023.067][INFO]: Waiting for pending navigations...
[1551922023.068][INFO]: Done waiting for pending navigations. Status: ok
[1551922023.068][INFO]: [3ef3d3483f6298d944b5c8a534c8cf88] RESPONSE FindElement {
   "ELEMENT": "0.5985348662271885-4"
}
[1551922023.120][INFO]: [3ef3d3483f6298d944b5c8a534c8cf88] COMMAND IsElementDisplayed {
   "id": "0.5985348662271885-4"
}
[1551922023.120][INFO]: Waiting for pending navigations...
[1551922023.122][INFO]: Done waiting for pending navigations. Status: ok
[1551922023.133][INFO]: Waiting for pending navigations...
[1551922023.134][INFO]: Done waiting for pending navigations. Status: ok
[1551922023.134][INFO]: [3ef3d3483f6298d944b5c8a534c8cf88] RESPONSE IsElementDisplayed true
[1551922024.953][INFO]: [3ef3d3483f6298d944b5c8a534c8cf88] COMMAND Screenshot {

}
[1551922024.953][INFO]: Waiting for pending navigations...
[1551922024.954][INFO]: Done waiting for pending navigations. Status: ok
[1551922025.247][INFO]: Waiting for pending navigations...
[1551922025.248][INFO]: Done waiting for pending navigations. Status: ok
[1551922025.248][INFO]: [3ef3d3483f6298d944b5c8a534c8cf88] RESPONSE Screenshot "iVBORw0KGgoAAAANSUhEUgAAB4AAAANRCAYAAAACj6FfAAAgAElEQVR4nOzde3RU533v/8+MBknDeNDogpCEEAwI5EHmIhkrIJtgJNe1ocQGslwOOEl9RNvUkPrYImfld6Cn53cKqX8JclZPgJNfDmrqtvBz0oDruCZuGoExCVCFCgwWMiAQCIEuSIyEEKPLaPT7Q..."
[1551922073.263][INFO]: [3ef3d3483f6298d944b5c8a534c8cf88] COMMAND FindElement {
   "using": "id",
   "value": "what-are-link"
}
[1551922073.263][INFO]: Waiting for pending navigations...
[1551922073.265][INFO]: Done waiting for pending navigations. Status: ok
[1551922073.274][INFO]: Waiting for pending navigations...
[1551922073.274][INFO]: Done waiting for pending navigations. Status: ok
[1551922073.274][INFO]: [3ef3d3483f6298d944b5c8a534c8cf88] RESPONSE FindElement {
   "ELEMENT": "0.5985348662271885-4"
}
[1551922073.276][INFO]: [3ef3d3483f6298d944b5c8a534c8cf88] COMMAND GetElementText {
   "id": "0.5985348662271885-4"
}
[1551922073.276][INFO]: Waiting for pending navigations...
[1551922073.277][INFO]: Done waiting for pending navigations. Status: ok
[1551922073.293][INFO]: Waiting for pending navigations...
[1551922073.293][INFO]: Done waiting for pending navigations. Status: ok
[1551922073.293][INFO]: [3ef3d3483f6298d944b5c8a534c8cf88] RESPONSE GetElementText "What are Child Labor and Forced Labor?"
[1551922073.306][INFO]: [3ef3d3483f6298d944b5c8a534c8cf88] COMMAND FindElement {
   "using": "id",
   "value": "what-are-link"
}
[1551922073.306][INFO]: Waiting for pending navigations...
[1551922073.307][INFO]: Done waiting for pending navigations. Status: ok
[1551922073.311][INFO]: Waiting for pending navigations...
[1551922073.312][INFO]: Done waiting for pending navigations. Status: ok
[1551922073.312][INFO]: [3ef3d3483f6298d944b5c8a534c8cf88] RESPONSE FindElement {
   "ELEMENT": "0.5985348662271885-4"
}
[1551922073.313][INFO]: [3ef3d3483f6298d944b5c8a534c8cf88] COMMAND GetElementText {
   "id": "0.5985348662271885-4"
}
[1551922073.313][INFO]: Waiting for pending navigations...
[1551922073.314][INFO]: Done waiting for pending navigations. Status: ok
[1551922073.320][INFO]: Waiting for pending navigations...
[1551922073.321][INFO]: Done waiting for pending navigations. Status: ok
[1551922073.321][INFO]: [3ef3d3483f6298d944b5c8a534c8cf88] RESPONSE GetElementText "What are Child Labor and Forced Labor?"
[1551922120.602][INFO]: [3ef3d3483f6298d944b5c8a534c8cf88] COMMAND FindElement {
   "using": "id",
   "value": "what-are-link"
}
[1551922120.602][INFO]: Waiting for pending navigations...
[1551922120.604][INFO]: Done waiting for pending navigations. Status: ok
[1551922120.609][INFO]: Waiting for pending navigations...
[1551922120.614][INFO]: Done waiting for pending navigations. Status: ok
[1551922120.614][INFO]: [3ef3d3483f6298d944b5c8a534c8cf88] RESPONSE FindElement {
   "ELEMENT": "0.5985348662271885-4"
}
[1551922120.616][INFO]: [3ef3d3483f6298d944b5c8a534c8cf88] COMMAND GetElementText {
   "id": "0.5985348662271885-4"
}
[1551922120.616][INFO]: Waiting for pending navigations...
[1551922120.617][INFO]: Done waiting for pending navigations. Status: ok
[1551922120.624][INFO]: Waiting for pending navigations...
[1551922120.625][INFO]: Done waiting for pending navigations. Status: ok
[1551922120.625][INFO]: [3ef3d3483f6298d944b5c8a534c8cf88] RESPONSE GetElementText "What are Child Labor and Forced Labor?"
[1551922120.669][INFO]: [3ef3d3483f6298d944b5c8a534c8cf88] COMMAND FindElement {
   "using": "id",
   "value": "what-are-link"
}
[1551922120.669][INFO]: Waiting for pending navigations...
[1551922120.673][INFO]: Done waiting for pending navigations. Status: ok
[1551922120.679][INFO]: Waiting for pending navigations...
[1551922120.680][INFO]: Done waiting for pending navigations. Status: ok
[1551922120.680][INFO]: [3ef3d3483f6298d944b5c8a534c8cf88] RESPONSE FindElement {
   "ELEMENT": "0.5985348662271885-4"
}
[1551922120.682][INFO]: [3ef3d3483f6298d944b5c8a534c8cf88] COMMAND GetElementText {
   "id": "0.5985348662271885-4"
}
[1551922120.682][INFO]: Waiting for pending navigations...
[1551922120.683][INFO]: Done waiting for pending navigations. Status: ok
[1551922120.688][INFO]: Waiting for pending navigations...
[1551922120.689][INFO]: Done waiting for pending navigations. Status: ok
[1551922120.689][INFO]: [3ef3d3483f6298d944b5c8a534c8cf88] RESPONSE GetElementText "What are Child Labor and Forced Labor?"
[1551922134.006][INFO]: [3ef3d3483f6298d944b5c8a534c8cf88] COMMAND FindElement {
   "using": "id",
   "value": "what-are-link"
}
[1551922134.006][INFO]: Waiting for pending navigations...
[1551922134.008][INFO]: Done waiting for pending navigations. Status: ok
[1551922134.012][INFO]: Waiting for pending navigations...
[1551922134.013][INFO]: Done waiting for pending navigations. Status: ok
[1551922134.013][INFO]: [3ef3d3483f6298d944b5c8a534c8cf88] RESPONSE FindElement {
   "ELEMENT": "0.5985348662271885-4"
}
[1551922134.015][INFO]: [3ef3d3483f6298d944b5c8a534c8cf88] COMMAND GetElementAttribute {
   "id": "0.5985348662271885-4",
   "name": "href"
}
[1551922134.015][INFO]: Waiting for pending navigations...
[1551922134.016][INFO]: Done waiting for pending navigations. Status: ok
[1551922134.021][INFO]: Waiting for pending navigations...
[1551922134.022][INFO]: Done waiting for pending navigations. Status: ok
[1551922134.022][INFO]: [3ef3d3483f6298d944b5c8a534c8cf88] RESPONSE GetElementAttribute "http://localhost:3000/what-are"
[1551922134.062][INFO]: [3ef3d3483f6298d944b5c8a534c8cf88] COMMAND FindElement {
   "using": "id",
   "value": "what-are-link"
}
[1551922134.062][INFO]: Waiting for pending navigations...
[1551922134.062][INFO]: Done waiting for pending navigations. Status: ok
[1551922134.066][INFO]: Waiting for pending navigations...
[1551922134.067][INFO]: Done waiting for pending navigations. Status: ok
[1551922134.067][INFO]: [3ef3d3483f6298d944b5c8a534c8cf88] RESPONSE FindElement {
   "ELEMENT": "0.5985348662271885-4"
}
[1551922134.069][INFO]: [3ef3d3483f6298d944b5c8a534c8cf88] COMMAND GetElementAttribute {
   "id": "0.5985348662271885-4",
   "name": "href"
}
[1551922134.069][INFO]: Waiting for pending navigations...
[1551922134.071][INFO]: Done waiting for pending navigations. Status: ok
[1551922134.074][INFO]: Waiting for pending navigations...
[1551922134.075][INFO]: Done waiting for pending navigations. Status: ok
[1551922134.075][INFO]: [3ef3d3483f6298d944b5c8a534c8cf88] RESPONSE GetElementAttribute "http://localhost:3000/what-are"
[1551922143.740][INFO]: [3ef3d3483f6298d944b5c8a534c8cf88] COMMAND FindElement {
   "using": "id",
   "value": "what-are-link"
}
[1551922143.740][INFO]: Waiting for pending navigations...
[1551922143.742][INFO]: Done waiting for pending navigations. Status: ok
[1551922143.749][INFO]: Waiting for pending navigations...
[1551922143.751][INFO]: Done waiting for pending navigations. Status: ok
[1551922143.751][INFO]: [3ef3d3483f6298d944b5c8a534c8cf88] RESPONSE FindElement {
   "ELEMENT": "0.5985348662271885-4"
}
[1551922143.754][INFO]: [3ef3d3483f6298d944b5c8a534c8cf88] COMMAND GetElementAttribute {
   "id": "0.5985348662271885-4",
   "name": "href"
}
[1551922143.754][INFO]: Waiting for pending navigations...
[1551922143.755][INFO]: Done waiting for pending navigations. Status: ok
[1551922143.758][INFO]: Waiting for pending navigations...
[1551922143.759][INFO]: Done waiting for pending navigations. Status: ok
[1551922143.759][INFO]: [3ef3d3483f6298d944b5c8a534c8cf88] RESPONSE GetElementAttribute "http://localhost:3000/what-are"
[1551922143.812][INFO]: [3ef3d3483f6298d944b5c8a534c8cf88] COMMAND FindElement {
   "using": "id",
   "value": "what-are-link"
}
[1551922143.812][INFO]: Waiting for pending navigations...
[1551922143.813][INFO]: Done waiting for pending navigations. Status: ok
[1551922143.818][INFO]: Waiting for pending navigations...
[1551922143.820][INFO]: Done waiting for pending navigations. Status: ok
[1551922143.820][INFO]: [3ef3d3483f6298d944b5c8a534c8cf88] RESPONSE FindElement {
   "ELEMENT": "0.5985348662271885-4"
}
[1551922143.823][INFO]: [3ef3d3483f6298d944b5c8a534c8cf88] COMMAND GetElementAttribute {
   "id": "0.5985348662271885-4",
   "name": "href"
}
[1551922143.823][INFO]: Waiting for pending navigations...
[1551922143.824][INFO]: Done waiting for pending navigations. Status: ok
[1551922143.826][INFO]: Waiting for pending navigations...
[1551922143.826][INFO]: Done waiting for pending navigations. Status: ok
[1551922143.826][INFO]: [3ef3d3483f6298d944b5c8a534c8cf88] RESPONSE GetElementAttribute "http://localhost:3000/what-are"
[1551922181.600][INFO]: [3ef3d3483f6298d944b5c8a534c8cf88] COMMAND FindElement {
   "using": "id",
   "value": "what-are-link"
}
[1551922181.600][INFO]: Waiting for pending navigations...
[1551922181.602][INFO]: Done waiting for pending navigations. Status: ok
[1551922181.608][INFO]: Waiting for pending navigations...
[1551922181.609][INFO]: Done waiting for pending navigations. Status: ok
[1551922181.609][INFO]: [3ef3d3483f6298d944b5c8a534c8cf88] RESPONSE FindElement {
   "ELEMENT": "0.5985348662271885-4"
}
[1551922181.611][INFO]: [3ef3d3483f6298d944b5c8a534c8cf88] COMMAND GetElementText {
   "id": "0.5985348662271885-4"
}
[1551922181.611][INFO]: Waiting for pending navigations...
[1551922181.613][INFO]: Done waiting for pending navigations. Status: ok
[1551922181.620][INFO]: Waiting for pending navigations...
[1551922181.621][INFO]: Done waiting for pending navigations. Status: ok
[1551922181.621][INFO]: [3ef3d3483f6298d944b5c8a534c8cf88] RESPONSE GetElementText "What are Child Labor and Forced Labor?"
[1551922181.627][INFO]: [3ef3d3483f6298d944b5c8a534c8cf88] COMMAND FindElement {
   "using": "id",
   "value": "what-are-link"
}
[1551922181.627][INFO]: Waiting for pending navigations...
[1551922181.628][INFO]: Done waiting for pending navigations. Status: ok
[1551922181.634][INFO]: Waiting for pending navigations...
[1551922181.635][INFO]: Done waiting for pending navigations. Status: ok
[1551922181.635][INFO]: [3ef3d3483f6298d944b5c8a534c8cf88] RESPONSE FindElement {
   "ELEMENT": "0.5985348662271885-4"
}
[1551922181.636][INFO]: [3ef3d3483f6298d944b5c8a534c8cf88] COMMAND GetElementText {
   "id": "0.5985348662271885-4"
}
[1551922181.636][INFO]: Waiting for pending navigations...
[1551922181.637][INFO]: Done waiting for pending navigations. Status: ok
[1551922181.644][INFO]: Waiting for pending navigations...
[1551922181.645][INFO]: Done waiting for pending navigations. Status: ok
[1551922181.645][INFO]: [3ef3d3483f6298d944b5c8a534c8cf88] RESPONSE GetElementText "What are Child Labor and Forced Labor?"
[1551922181.657][INFO]: [3ef3d3483f6298d944b5c8a534c8cf88] COMMAND FindElement {
   "using": "id",
   "value": "what-are-link"
}
[1551922181.657][INFO]: Waiting for pending navigations...
[1551922181.658][INFO]: Done waiting for pending navigations. Status: ok
[1551922181.664][INFO]: Waiting for pending navigations...
[1551922181.666][INFO]: Done waiting for pending navigations. Status: ok
[1551922181.666][INFO]: [3ef3d3483f6298d944b5c8a534c8cf88] RESPONSE FindElement {
   "ELEMENT": "0.5985348662271885-4"
}
[1551922181.668][INFO]: [3ef3d3483f6298d944b5c8a534c8cf88] COMMAND GetElementAttribute {
   "id": "0.5985348662271885-4",
   "name": "href"
}
[1551922181.668][INFO]: Waiting for pending navigations...
[1551922181.671][INFO]: Done waiting for pending navigations. Status: ok
[1551922181.675][INFO]: Waiting for pending navigations...
[1551922181.675][INFO]: Done waiting for pending navigations. Status: ok
[1551922181.675][INFO]: [3ef3d3483f6298d944b5c8a534c8cf88] RESPONSE GetElementAttribute "http://localhost:3000/what-are"
[1551922181.687][INFO]: [3ef3d3483f6298d944b5c8a534c8cf88] COMMAND FindElement {
   "using": "id",
   "value": "what-are-link"
}
[1551922181.687][INFO]: Waiting for pending navigations...
[1551922181.688][INFO]: Done waiting for pending navigations. Status: ok
[1551922181.693][INFO]: Waiting for pending navigations...
[1551922181.694][INFO]: Done waiting for pending navigations. Status: ok
[1551922181.694][INFO]: [3ef3d3483f6298d944b5c8a534c8cf88] RESPONSE FindElement {
   "ELEMENT": "0.5985348662271885-4"
}
[1551922181.696][INFO]: [3ef3d3483f6298d944b5c8a534c8cf88] COMMAND GetElementAttribute {
   "id": "0.5985348662271885-4",
   "name": "href"
}
[1551922181.696][INFO]: Waiting for pending navigations...
[1551922181.697][INFO]: Done waiting for pending navigations. Status: ok
[1551922181.700][INFO]: Waiting for pending navigations...
[1551922181.700][INFO]: Done waiting for pending navigations. Status: ok
[1551922181.700][INFO]: [3ef3d3483f6298d944b5c8a534c8cf88] RESPONSE GetElementAttribute "http://localhost:3000/what-are"
[1551922181.753][INFO]: [3ef3d3483f6298d944b5c8a534c8cf88] COMMAND FindElement {
   "using": "id",
   "value": "what-are-link"
}
[1551922181.753][INFO]: Waiting for pending navigations...
[1551922181.755][INFO]: Done waiting for pending navigations. Status: ok
[1551922181.763][INFO]: Waiting for pending navigations...
[1551922181.764][INFO]: Done waiting for pending navigations. Status: ok
[1551922181.764][INFO]: [3ef3d3483f6298d944b5c8a534c8cf88] RESPONSE FindElement {
   "ELEMENT": "0.5985348662271885-4"
}
[1551922181.766][INFO]: [3ef3d3483f6298d944b5c8a534c8cf88] COMMAND GetElementText {
   "id": "0.5985348662271885-4"
}
[1551922181.766][INFO]: Waiting for pending navigations...
[1551922181.767][INFO]: Done waiting for pending navigations. Status: ok
[1551922181.775][INFO]: Waiting for pending navigations...
[1551922181.776][INFO]: Done waiting for pending navigations. Status: ok
[1551922181.776][INFO]: [3ef3d3483f6298d944b5c8a534c8cf88] RESPONSE GetElementText "What are Child Labor and Forced Labor?"
[1551922181.783][INFO]: [3ef3d3483f6298d944b5c8a534c8cf88] COMMAND FindElement {
   "using": "id",
   "value": "what-are-link"
}
[1551922181.783][INFO]: Waiting for pending navigations...
[1551922181.783][INFO]: Done waiting for pending navigations. Status: ok
[1551922181.788][INFO]: Waiting for pending navigations...
[1551922181.791][INFO]: Done waiting for pending navigations. Status: ok
[1551922181.791][INFO]: [3ef3d3483f6298d944b5c8a534c8cf88] RESPONSE FindElement {
   "ELEMENT": "0.5985348662271885-4"
}
[1551922181.793][INFO]: [3ef3d3483f6298d944b5c8a534c8cf88] COMMAND GetElementText {
   "id": "0.5985348662271885-4"
}
[1551922181.793][INFO]: Waiting for pending navigations...
[1551922181.793][INFO]: Done waiting for pending navigations. Status: ok
[1551922181.801][INFO]: Waiting for pending navigations...
[1551922181.802][INFO]: Done waiting for pending navigations. Status: ok
[1551922181.802][INFO]: [3ef3d3483f6298d944b5c8a534c8cf88] RESPONSE GetElementText "What are Child Labor and Forced Labor?"
[1551922181.814][INFO]: [3ef3d3483f6298d944b5c8a534c8cf88] COMMAND FindElement {
   "using": "id",
   "value": "what-are-link"
}
[1551922181.814][INFO]: Waiting for pending navigations...
[1551922181.815][INFO]: Done waiting for pending navigations. Status: ok
[1551922181.821][INFO]: Waiting for pending navigations...
[1551922181.822][INFO]: Done waiting for pending navigations. Status: ok
[1551922181.822][INFO]: [3ef3d3483f6298d944b5c8a534c8cf88] RESPONSE FindElement {
   "ELEMENT": "0.5985348662271885-4"
}
[1551922181.823][INFO]: [3ef3d3483f6298d944b5c8a534c8cf88] COMMAND GetElementAttribute {
   "id": "0.5985348662271885-4",
   "name": "href"
}
[1551922181.823][INFO]: Waiting for pending navigations...
[1551922181.824][INFO]: Done waiting for pending navigations. Status: ok
[1551922181.826][INFO]: Waiting for pending navigations...
[1551922181.826][INFO]: Done waiting for pending navigations. Status: ok
[1551922181.826][INFO]: [3ef3d3483f6298d944b5c8a534c8cf88] RESPONSE GetElementAttribute "http://localhost:3000/what-are"
[1551922181.835][INFO]: [3ef3d3483f6298d944b5c8a534c8cf88] COMMAND FindElement {
   "using": "id",
   "value": "what-are-link"
}
[1551922181.835][INFO]: Waiting for pending navigations...
[1551922181.835][INFO]: Done waiting for pending navigations. Status: ok
[1551922181.842][INFO]: Waiting for pending navigations...
[1551922181.843][INFO]: Done waiting for pending navigations. Status: ok
[1551922181.843][INFO]: [3ef3d3483f6298d944b5c8a534c8cf88] RESPONSE FindElement {
   "ELEMENT": "0.5985348662271885-4"
}
[1551922181.845][INFO]: [3ef3d3483f6298d944b5c8a534c8cf88] COMMAND GetElementAttribute {
   "id": "0.5985348662271885-4",
   "name": "href"
}
[1551922181.845][INFO]: Waiting for pending navigations...
[1551922181.846][INFO]: Done waiting for pending navigations. Status: ok
[1551922181.848][INFO]: Waiting for pending navigations...
[1551922181.849][INFO]: Done waiting for pending navigations. Status: ok
[1551922181.849][INFO]: [3ef3d3483f6298d944b5c8a534c8cf88] RESPONSE GetElementAttribute "http://localhost:3000/what-are"
[1551922191.042][INFO]: [3ef3d3483f6298d944b5c8a534c8cf88] COMMAND FindElement {
   "using": "id",
   "value": "brand-logo"
}
[1551922191.042][INFO]: Waiting for pending navigations...
[1551922191.043][INFO]: Done waiting for pending navigations. Status: ok
[1551922191.049][INFO]: Waiting for pending navigations...
[1551922191.050][INFO]: Done waiting for pending navigations. Status: ok
[1551922191.050][INFO]: [3ef3d3483f6298d944b5c8a534c8cf88] RESPONSE FindElement {
   "ELEMENT": "0.5985348662271885-1"
}
[1551922191.052][INFO]: [3ef3d3483f6298d944b5c8a534c8cf88] COMMAND IsElementDisplayed {
   "id": "0.5985348662271885-1"
}
[1551922191.052][INFO]: Waiting for pending navigations...
[1551922191.054][INFO]: Done waiting for pending navigations. Status: ok
[1551922191.058][INFO]: Waiting for pending navigations...
[1551922191.059][INFO]: Done waiting for pending navigations. Status: ok
[1551922191.059][INFO]: [3ef3d3483f6298d944b5c8a534c8cf88] RESPONSE IsElementDisplayed true
[1551922191.060][INFO]: [3ef3d3483f6298d944b5c8a534c8cf88] COMMAND Screenshot {

}
[1551922191.060][INFO]: Waiting for pending navigations...
[1551922191.061][INFO]: Done waiting for pending navigations. Status: ok
[1551922191.356][INFO]: Waiting for pending navigations...
[1551922191.357][INFO]: Done waiting for pending navigations. Status: ok
[1551922191.357][INFO]: [3ef3d3483f6298d944b5c8a534c8cf88] RESPONSE Screenshot "iVBORw0KGgoAAAANSUhEUgAAB4AAAANRCAYAAAACj6FfAAAgAElEQVR4nOzde3RU533v/8+MBknDeNDogpCEEAwI5EHmIhkrIJtgJNe1ocQGslwOOEl9RNvUkPrYImfld6Cn53cKqX8JclZPgJNfDmrqtvBz0oDruCZuGoExCVCFCgwWMiAQCIEuSIyEEKPLaPT7Q..."
[1551922191.376][INFO]: [3ef3d3483f6298d944b5c8a534c8cf88] COMMAND FindElement {
   "using": "id",
   "value": "brand-name"
}
[1551922191.376][INFO]: Waiting for pending navigations...
[1551922191.377][INFO]: Done waiting for pending navigations. Status: ok
[1551922191.383][INFO]: Waiting for pending navigations...
[1551922191.383][INFO]: Done waiting for pending navigations. Status: ok
[1551922191.383][INFO]: [3ef3d3483f6298d944b5c8a534c8cf88] RESPONSE FindElement {
   "ELEMENT": "0.5985348662271885-2"
}
[1551922191.385][INFO]: [3ef3d3483f6298d944b5c8a534c8cf88] COMMAND IsElementDisplayed {
   "id": "0.5985348662271885-2"
}
[1551922191.385][INFO]: Waiting for pending navigations...
[1551922191.385][INFO]: Done waiting for pending navigations. Status: ok
[1551922191.391][INFO]: Waiting for pending navigations...
[1551922191.391][INFO]: Done waiting for pending navigations. Status: ok
[1551922191.391][INFO]: [3ef3d3483f6298d944b5c8a534c8cf88] RESPONSE IsElementDisplayed true
[1551922191.393][INFO]: [3ef3d3483f6298d944b5c8a534c8cf88] COMMAND Screenshot {

}
[1551922191.393][INFO]: Waiting for pending navigations...
[1551922191.394][INFO]: Done waiting for pending navigations. Status: ok
[1551922191.667][INFO]: Waiting for pending navigations...
[1551922191.669][INFO]: Done waiting for pending navigations. Status: ok
[1551922191.669][INFO]: [3ef3d3483f6298d944b5c8a534c8cf88] RESPONSE Screenshot "iVBORw0KGgoAAAANSUhEUgAAB4AAAANRCAYAAAACj6FfAAAgAElEQVR4nOzde3RU533v/8+MBknDeNDogpCEEAwI5EHmIhkrIJtgJNe1ocQGslwOOEl9RNvUkPrYImfld6Cn53cKqX8JclZPgJNfDmrqtvBz0oDruCZuGoExCVCFCgwWMiAQCIEuSIyEEKPLaPT7Q..."
[1551922191.683][INFO]: [3ef3d3483f6298d944b5c8a534c8cf88] COMMAND FindElement {
   "using": "id",
   "value": "menu-btn"
}
[1551922191.683][INFO]: Waiting for pending navigations...
[1551922191.684][INFO]: Done waiting for pending navigations. Status: ok
[1551922191.688][INFO]: Waiting for pending navigations...
[1551922191.690][INFO]: Done waiting for pending navigations. Status: ok
[1551922191.690][INFO]: [3ef3d3483f6298d944b5c8a534c8cf88] RESPONSE FindElement {
   "ELEMENT": "0.5985348662271885-3"
}
[1551922191.691][INFO]: [3ef3d3483f6298d944b5c8a534c8cf88] COMMAND IsElementDisplayed {
   "id": "0.5985348662271885-3"
}
[1551922191.691][INFO]: Waiting for pending navigations...
[1551922191.692][INFO]: Done waiting for pending navigations. Status: ok
[1551922191.696][INFO]: Waiting for pending navigations...
[1551922191.697][INFO]: Done waiting for pending navigations. Status: ok
[1551922191.697][INFO]: [3ef3d3483f6298d944b5c8a534c8cf88] RESPONSE IsElementDisplayed true
[1551922191.699][INFO]: [3ef3d3483f6298d944b5c8a534c8cf88] COMMAND Screenshot {

}
[1551922191.699][INFO]: Waiting for pending navigations...
[1551922191.699][INFO]: Done waiting for pending navigations. Status: ok
[1551922191.985][INFO]: Waiting for pending navigations...
[1551922191.987][INFO]: Done waiting for pending navigations. Status: ok
[1551922191.987][INFO]: [3ef3d3483f6298d944b5c8a534c8cf88] RESPONSE Screenshot "iVBORw0KGgoAAAANSUhEUgAAB4AAAANRCAYAAAACj6FfAAAgAElEQVR4nOzde3RU533v/8+MBknDeNDogpCEEAwI5EHmIhkrIJtgJNe1ocQGslwOOEl9RNvUkPrYImfld6Cn53cKqX8JclZPgJNfDmrqtvBz0oDruCZuGoExCVCFCgwWMiAQCIEuSIyEEKPLaPT7Q..."
[1551922192.005][INFO]: [3ef3d3483f6298d944b5c8a534c8cf88] COMMAND FindElement {
   "using": "id",
   "value": "menu-btn"
}
[1551922192.005][INFO]: Waiting for pending navigations...
[1551922192.006][INFO]: Done waiting for pending navigations. Status: ok
[1551922192.011][INFO]: Waiting for pending navigations...
[1551922192.011][INFO]: Done waiting for pending navigations. Status: ok
[1551922192.011][INFO]: [3ef3d3483f6298d944b5c8a534c8cf88] RESPONSE FindElement {
   "ELEMENT": "0.5985348662271885-3"
}
[1551922192.014][INFO]: [3ef3d3483f6298d944b5c8a534c8cf88] COMMAND ClickElement {
   "id": "0.5985348662271885-3"
}
[1551922192.014][INFO]: Waiting for pending navigations...
[1551922192.015][INFO]: Done waiting for pending navigations. Status: ok
[1551922192.057][INFO]: Waiting for pending navigations...
[1551922192.058][INFO]: Done waiting for pending navigations. Status: ok
[1551922192.058][INFO]: [3ef3d3483f6298d944b5c8a534c8cf88] RESPONSE ClickElement
[1551922192.062][INFO]: [3ef3d3483f6298d944b5c8a534c8cf88] COMMAND FindElement {
   "using": "id",
   "value": "menu-btn"
}
[1551922192.062][INFO]: Waiting for pending navigations...
[1551922192.063][INFO]: Done waiting for pending navigations. Status: ok
[1551922192.071][INFO]: Waiting for pending navigations...
[1551922192.072][INFO]: Done waiting for pending navigations. Status: ok
[1551922192.072][INFO]: [3ef3d3483f6298d944b5c8a534c8cf88] RESPONSE FindElement {
   "ELEMENT": "0.5985348662271885-3"
}
[1551922192.075][INFO]: [3ef3d3483f6298d944b5c8a534c8cf88] COMMAND GetElementText {
   "id": "0.5985348662271885-3"
}
[1551922192.075][INFO]: Waiting for pending navigations...
[1551922192.076][INFO]: Done waiting for pending navigations. Status: ok
[1551922192.087][INFO]: Waiting for pending navigations...
[1551922192.088][INFO]: Done waiting for pending navigations. Status: ok
[1551922192.088][INFO]: [3ef3d3483f6298d944b5c8a534c8cf88] RESPONSE GetElementText "Menu"
[1551922192.105][INFO]: [3ef3d3483f6298d944b5c8a534c8cf88] COMMAND Screenshot {

}
[1551922192.105][INFO]: Waiting for pending navigations...
[1551922192.106][INFO]: Done waiting for pending navigations. Status: ok
[1551922192.432][INFO]: Waiting for pending navigations...
[1551922192.435][INFO]: Done waiting for pending navigations. Status: ok
[1551922192.435][INFO]: [3ef3d3483f6298d944b5c8a534c8cf88] RESPONSE Screenshot "iVBORw0KGgoAAAANSUhEUgAAB4AAAANRCAYAAAACj6FfAAAgAElEQVR4nOzde5TX5X0v+vdvGOYCAgMiNxEdxQt4A6IWqMYIMU2wJhGadheatKnu7Ebc6WkgWXtvTXZOoz09BtJ1Wkl62pB0JwfSNIXUpGJ2EzFoAlYtGI2O4mUQUAZFZrgMM8Awc/7gNsCAlwwzz..."
[1551922192.456][INFO]: [3ef3d3483f6298d944b5c8a534c8cf88] COMMAND Quit {

}
[1551922192.505][INFO]: [3ef3d3483f6298d944b5c8a534c8cf88] RESPONSE Quit
