[1551922661.137][INFO]: [8ea79fb2b6f3ea14fce91529b702bc47] COMMAND InitSession {
   "capabilities": {
      "firstMatch": [ {
         "browserName": "chrome",
         "goog:chromeOptions": {
            "args": [ "chrome.switches", "--disable-extensions", "chrome.switches", "test-type", "chrome.switches", "start-maximized", "chrome.switches", "no-sandbox" ],
            "extensions": [  ],
            "useAutomationExtension": false
         }
      } ]
   },
   "desiredCapabilities": {
      "browserName": "chrome",
      "goog:chromeOptions": {
         "args": [ "chrome.switches", "--disable-extensions", "chrome.switches", "test-type", "chrome.switches", "start-maximized", "chrome.switches", "no-sandbox" ],
         "extensions": [  ],
         "useAutomationExtension": false
      }
   }
}
[1551922661.139][INFO]: Populating Preferences file: {
   "alternate_error_pages": {
      "enabled": false
   },
   "autofill": {
      "enabled": false
   },
   "browser": {
      "check_default_browser": false
   },
   "distribution": {
      "import_bookmarks": false,
      "import_history": false,
      "import_search_engine": false,
      "make_chrome_default_for_user": false,
      "skip_first_run_ui": true
   },
   "dns_prefetching": {
      "enabled": false
   },
   "profile": {
      "content_settings": {
         "pattern_pairs": {
            "https://*,*": {
               "media-stream": {
                  "audio": "Default",
                  "video": "Default"
               }
            }
         }
      },
      "default_content_setting_values": {
         "geolocation": 1
      },
      "default_content_settings": {
         "geolocation": 1,
         "mouselock": 1,
         "notifications": 1,
         "popups": 1,
         "ppapi-broker": 1
      },
      "password_manager_enabled": false
   },
   "safebrowsing": {
      "enabled": false
   },
   "search": {
      "suggest_enabled": false
   },
   "translate": {
      "enabled": false
   }
}
[1551922661.141][INFO]: Populating Local State file: {
   "background_mode": {
      "enabled": false
   },
   "ssl": {
      "rev_checking": {
         "enabled": false
      }
   }
}
[1551922661.143][INFO]: Launching chrome: "C:\Program Files (x86)\Google\Chrome\Application\chrome.exe" --chrome.switches --disable-background-networking --disable-client-side-phishing-detection --disable-default-apps --disable-extensions --disable-hang-monitor --disable-popup-blocking --disable-prompt-on-repost --disable-sync --disable-web-resources --enable-automation --enable-blink-features=ShadowDOMV0 --enable-logging --force-fieldtrials=SiteIsolationExtensions/Control --ignore-certificate-errors --log-level=0 --metrics-recording-only --no-first-run --no-sandbox --password-store=basic --remote-debugging-port=0 --start-maximized --test-type --use-mock-keychain --user-data-dir="C:\Users\KAVITH~1\AppData\Local\Temp\scoped_dir39620_20544" data:,
[1551922661.956][INFO]: resolved localhost to ["::1","127.0.0.1"]
[1551922662.974][INFO]: [8ea79fb2b6f3ea14fce91529b702bc47] RESPONSE InitSession {
   "acceptInsecureCerts": false,
   "acceptSslCerts": false,
   "applicationCacheEnabled": false,
   "browserConnectionEnabled": false,
   "browserName": "chrome",
   "chrome": {
      "chromedriverVersion": "73.0.3683.20 (8e2b610813e167eee3619ac4ce6e42e3ec622017)",
      "userDataDir": "C:\\Users\\KAVITH~1\\AppData\\Local\\Temp\\scoped_dir39620_20544"
   },
   "cssSelectorsEnabled": true,
   "databaseEnabled": false,
   "goog:chromeOptions": {
      "debuggerAddress": "localhost:55848"
   },
   "handlesAlerts": true,
   "hasTouchScreen": false,
   "javascriptEnabled": true,
   "locationContextEnabled": true,
   "mobileEmulationEnabled": false,
   "nativeEvents": true,
   "networkConnectionEnabled": false,
   "pageLoadStrategy": "normal",
   "platform": "Windows NT",
   "proxy": {

   },
   "~~~": "..."
}
[1551922663.017][INFO]: [8ea79fb2b6f3ea14fce91529b702bc47] COMMAND MaximizeWindow {
   "handle": "current",
   "windowHandle": "current"
}
[1551922663.017][INFO]: Waiting for pending navigations...
[1551922663.028][INFO]: Done waiting for pending navigations. Status: ok
[1551922663.028][INFO]: resolved localhost to ["::1","127.0.0.1"]
[1551922664.035][INFO]: Waiting for pending navigations...
[1551922664.036][INFO]: Done waiting for pending navigations. Status: ok
[1551922664.036][INFO]: [8ea79fb2b6f3ea14fce91529b702bc47] RESPONSE MaximizeWindow {
   "height": 696,
   "width": 1296,
   "x": -8,
   "y": -8
}
[1551922664.046][INFO]: [8ea79fb2b6f3ea14fce91529b702bc47] COMMAND SetTimeouts {
   "ms": 30000,
   "type": "implicit"
}
[1551922664.046][INFO]: [8ea79fb2b6f3ea14fce91529b702bc47] RESPONSE SetTimeouts
[1551922664.052][INFO]: [8ea79fb2b6f3ea14fce91529b702bc47] COMMAND SetTimeouts {
   "ms": 60000,
   "type": "page load"
}
[1551922664.052][INFO]: [8ea79fb2b6f3ea14fce91529b702bc47] RESPONSE SetTimeouts
[1551922664.056][INFO]: [8ea79fb2b6f3ea14fce91529b702bc47] COMMAND Navigate {
   "url": "http://localhost:3000/"
}
[1551922664.056][INFO]: Waiting for pending navigations...
[1551922664.057][INFO]: Done waiting for pending navigations. Status: ok
[1551922664.428][INFO]: Waiting for pending navigations...
[1551922665.866][INFO]: Done waiting for pending navigations. Status: ok
[1551922665.866][INFO]: [8ea79fb2b6f3ea14fce91529b702bc47] RESPONSE Navigate
[1551922665.930][INFO]: [8ea79fb2b6f3ea14fce91529b702bc47] COMMAND FindElement {
   "using": "id",
   "value": "brand-logo"
}
[1551922665.931][INFO]: Waiting for pending navigations...
[1551922665.931][INFO]: Done waiting for pending navigations. Status: ok
[1551922665.947][INFO]: Waiting for pending navigations...
[1551922665.948][INFO]: Done waiting for pending navigations. Status: ok
[1551922665.948][INFO]: [8ea79fb2b6f3ea14fce91529b702bc47] RESPONSE FindElement {
   "ELEMENT": "0.15280185834376958-1"
}
[1551922665.950][INFO]: [8ea79fb2b6f3ea14fce91529b702bc47] COMMAND IsElementDisplayed {
   "id": "0.15280185834376958-1"
}
[1551922665.950][INFO]: Waiting for pending navigations...
[1551922665.951][INFO]: Done waiting for pending navigations. Status: ok
[1551922665.963][INFO]: Waiting for pending navigations...
[1551922665.964][INFO]: Done waiting for pending navigations. Status: ok
[1551922665.964][INFO]: [8ea79fb2b6f3ea14fce91529b702bc47] RESPONSE IsElementDisplayed true
[1551922665.970][INFO]: [8ea79fb2b6f3ea14fce91529b702bc47] COMMAND Screenshot {

}
[1551922665.970][INFO]: Waiting for pending navigations...
[1551922665.971][INFO]: Done waiting for pending navigations. Status: ok
[1551922666.275][INFO]: Waiting for pending navigations...
[1551922666.276][INFO]: Done waiting for pending navigations. Status: ok
[1551922666.276][INFO]: [8ea79fb2b6f3ea14fce91529b702bc47] RESPONSE Screenshot "iVBORw0KGgoAAAANSUhEUgAAB4AAAANRCAYAAAACj6FfAAAgAElEQVR4nOzde5RX9WHv/c9vBuYCjgyI3LyOlygoKhgNEE0iahqxJhGa9BSibaonreJJnxNI1mk16Xmq9Omj0KynlaSnlaYnHkjTFNIkFdumYtVUrFowoo4adVBQBuUyXGdgbs8fAgIzYMCRy/b1W..."
[1551922666.324][INFO]: [8ea79fb2b6f3ea14fce91529b702bc47] COMMAND FindElement {
   "using": "id",
   "value": "brand-name"
}
[1551922666.324][INFO]: Waiting for pending navigations...
[1551922666.325][INFO]: Done waiting for pending navigations. Status: ok
[1551922666.339][INFO]: Waiting for pending navigations...
[1551922666.341][INFO]: Done waiting for pending navigations. Status: ok
[1551922666.341][INFO]: [8ea79fb2b6f3ea14fce91529b702bc47] RESPONSE FindElement {
   "ELEMENT": "0.15280185834376958-2"
}
[1551922666.343][INFO]: [8ea79fb2b6f3ea14fce91529b702bc47] COMMAND IsElementDisplayed {
   "id": "0.15280185834376958-2"
}
[1551922666.343][INFO]: Waiting for pending navigations...
[1551922666.344][INFO]: Done waiting for pending navigations. Status: ok
[1551922666.355][INFO]: Waiting for pending navigations...
[1551922666.356][INFO]: Done waiting for pending navigations. Status: ok
[1551922666.356][INFO]: [8ea79fb2b6f3ea14fce91529b702bc47] RESPONSE IsElementDisplayed true
[1551922666.358][INFO]: [8ea79fb2b6f3ea14fce91529b702bc47] COMMAND Screenshot {

}
[1551922666.358][INFO]: Waiting for pending navigations...
[1551922666.359][INFO]: Done waiting for pending navigations. Status: ok
[1551922666.637][INFO]: Waiting for pending navigations...
[1551922666.638][INFO]: Done waiting for pending navigations. Status: ok
[1551922666.638][INFO]: [8ea79fb2b6f3ea14fce91529b702bc47] RESPONSE Screenshot "iVBORw0KGgoAAAANSUhEUgAAB4AAAANRCAYAAAACj6FfAAAgAElEQVR4nOzde5RX9WHv/c9vBuYCjgyI3LyOlygoKhgNEE0iahqxJhGa9BSibaonreJJnxNI1mk16Xmq9Omj0KynlaSnlaYnHkjTFNIkFdumYtVUrFowoo4adVBQBuUyXGdgbs8fAgIzYMCRy/b1W..."
[1551922666.651][INFO]: [8ea79fb2b6f3ea14fce91529b702bc47] COMMAND FindElement {
   "using": "id",
   "value": "menu-btn"
}
[1551922666.651][INFO]: Waiting for pending navigations...
[1551922666.652][INFO]: Done waiting for pending navigations. Status: ok
[1551922666.663][INFO]: Waiting for pending navigations...
[1551922666.664][INFO]: Done waiting for pending navigations. Status: ok
[1551922666.664][INFO]: [8ea79fb2b6f3ea14fce91529b702bc47] RESPONSE FindElement {
   "ELEMENT": "0.15280185834376958-3"
}
[1551922666.666][INFO]: [8ea79fb2b6f3ea14fce91529b702bc47] COMMAND IsElementDisplayed {
   "id": "0.15280185834376958-3"
}
[1551922666.666][INFO]: Waiting for pending navigations...
[1551922666.667][INFO]: Done waiting for pending navigations. Status: ok
[1551922666.677][INFO]: Waiting for pending navigations...
[1551922666.678][INFO]: Done waiting for pending navigations. Status: ok
[1551922666.678][INFO]: [8ea79fb2b6f3ea14fce91529b702bc47] RESPONSE IsElementDisplayed true
[1551922666.679][INFO]: [8ea79fb2b6f3ea14fce91529b702bc47] COMMAND Screenshot {

}
[1551922666.680][INFO]: Waiting for pending navigations...
[1551922666.680][INFO]: Done waiting for pending navigations. Status: ok
[1551922666.960][INFO]: Waiting for pending navigations...
[1551922666.962][INFO]: Done waiting for pending navigations. Status: ok
[1551922666.962][INFO]: [8ea79fb2b6f3ea14fce91529b702bc47] RESPONSE Screenshot "iVBORw0KGgoAAAANSUhEUgAAB4AAAANRCAYAAAACj6FfAAAgAElEQVR4nOzde5RX9WHv/c9vBuYCjgyI3LyOlygoKhgNEE0iahqxJhGa9BSibaonreJJnxNI1mk16Xmq9Omj0KynlaSnlaYnHkjTFNIkFdumYtVUrFowoo4adVBQBuUyXGdgbs8fAgIzYMCRy/b1W..."
[1551922666.973][INFO]: [8ea79fb2b6f3ea14fce91529b702bc47] COMMAND FindElement {
   "using": "id",
   "value": "menu-btn"
}
[1551922666.973][INFO]: Waiting for pending navigations...
[1551922666.974][INFO]: Done waiting for pending navigations. Status: ok
[1551922666.980][INFO]: Waiting for pending navigations...
[1551922666.981][INFO]: Done waiting for pending navigations. Status: ok
[1551922666.981][INFO]: [8ea79fb2b6f3ea14fce91529b702bc47] RESPONSE FindElement {
   "ELEMENT": "0.15280185834376958-3"
}
[1551922666.984][INFO]: [8ea79fb2b6f3ea14fce91529b702bc47] COMMAND ClickElement {
   "id": "0.15280185834376958-3"
}
[1551922666.984][INFO]: Waiting for pending navigations...
[1551922666.985][INFO]: Done waiting for pending navigations. Status: ok
[1551922667.038][INFO]: Waiting for pending navigations...
[1551922667.039][INFO]: Done waiting for pending navigations. Status: ok
[1551922667.039][INFO]: [8ea79fb2b6f3ea14fce91529b702bc47] RESPONSE ClickElement
[1551922667.043][INFO]: [8ea79fb2b6f3ea14fce91529b702bc47] COMMAND FindElement {
   "using": "id",
   "value": "menu-btn"
}
[1551922667.043][INFO]: Waiting for pending navigations...
[1551922667.045][INFO]: Done waiting for pending navigations. Status: ok
[1551922667.054][INFO]: Waiting for pending navigations...
[1551922667.055][INFO]: Done waiting for pending navigations. Status: ok
[1551922667.055][INFO]: [8ea79fb2b6f3ea14fce91529b702bc47] RESPONSE FindElement {
   "ELEMENT": "0.15280185834376958-3"
}
[1551922667.057][INFO]: [8ea79fb2b6f3ea14fce91529b702bc47] COMMAND GetElementText {
   "id": "0.15280185834376958-3"
}
[1551922667.057][INFO]: Waiting for pending navigations...
[1551922667.058][INFO]: Done waiting for pending navigations. Status: ok
[1551922667.078][INFO]: Waiting for pending navigations...
[1551922667.079][INFO]: Done waiting for pending navigations. Status: ok
[1551922667.079][INFO]: [8ea79fb2b6f3ea14fce91529b702bc47] RESPONSE GetElementText "Close"
[1551922667.080][INFO]: [8ea79fb2b6f3ea14fce91529b702bc47] COMMAND Screenshot {

}
[1551922667.080][INFO]: Waiting for pending navigations...
[1551922667.082][INFO]: Done waiting for pending navigations. Status: ok
[1551922667.462][INFO]: Waiting for pending navigations...
[1551922667.464][INFO]: Done waiting for pending navigations. Status: ok
[1551922667.464][INFO]: [8ea79fb2b6f3ea14fce91529b702bc47] RESPONSE Screenshot "iVBORw0KGgoAAAANSUhEUgAAB4AAAANRCAYAAAACj6FfAAAgAElEQVR4nOzdf3SU133v+8+MBknDeNDoB0ISQjBCWB5kwJIxAdkEI7mODSU2kJX6gJM0V7RNLdJcW+Ss3EJPzz2FxLcFZ/UE+eTmoLppC9dJA67jQtzUAmMSoAoVGAxjQCCQhH4hGAkhRj9Go/uHf..."
[1551922667.482][INFO]: [8ea79fb2b6f3ea14fce91529b702bc47] COMMAND FindElement {
   "using": "id",
   "value": "what-are-link"
}
[1551922667.482][INFO]: Waiting for pending navigations...
[1551922667.483][INFO]: Done waiting for pending navigations. Status: ok
[1551922667.496][INFO]: Waiting for pending navigations...
[1551922667.497][INFO]: Done waiting for pending navigations. Status: ok
[1551922667.497][INFO]: [8ea79fb2b6f3ea14fce91529b702bc47] RESPONSE FindElement {
   "ELEMENT": "0.15280185834376958-4"
}
[1551922667.499][INFO]: [8ea79fb2b6f3ea14fce91529b702bc47] COMMAND IsElementDisplayed {
   "id": "0.15280185834376958-4"
}
[1551922667.500][INFO]: Waiting for pending navigations...
[1551922667.501][INFO]: Done waiting for pending navigations. Status: ok
[1551922667.517][INFO]: Waiting for pending navigations...
[1551922667.523][INFO]: Done waiting for pending navigations. Status: ok
[1551922667.523][INFO]: [8ea79fb2b6f3ea14fce91529b702bc47] RESPONSE IsElementDisplayed true
[1551922667.526][INFO]: [8ea79fb2b6f3ea14fce91529b702bc47] COMMAND Screenshot {

}
[1551922667.526][INFO]: Waiting for pending navigations...
[1551922667.532][INFO]: Done waiting for pending navigations. Status: ok
[1551922667.829][INFO]: Waiting for pending navigations...
[1551922667.830][INFO]: Done waiting for pending navigations. Status: ok
[1551922667.831][INFO]: [8ea79fb2b6f3ea14fce91529b702bc47] RESPONSE Screenshot "iVBORw0KGgoAAAANSUhEUgAAB4AAAANRCAYAAAACj6FfAAAgAElEQVR4nOzde3RU533v/8+MBknDeNDogpCEEAwI5EHmIhkrIJtgJNe1ocQGslwOOEl9RNvUkPrYImfld6Cn53cKqX8JclZPgJNfDmrqtvBz0oDruCZuGoExCVCFCgwWMiAQCIEuSIyEEKPLaPT7Q..."
[1551922667.845][INFO]: [8ea79fb2b6f3ea14fce91529b702bc47] COMMAND FindElement {
   "using": "id",
   "value": "what-are-link"
}
[1551922667.845][INFO]: Waiting for pending navigations...
[1551922667.846][INFO]: Done waiting for pending navigations. Status: ok
[1551922667.851][INFO]: Waiting for pending navigations...
[1551922667.852][INFO]: Done waiting for pending navigations. Status: ok
[1551922667.852][INFO]: [8ea79fb2b6f3ea14fce91529b702bc47] RESPONSE FindElement {
   "ELEMENT": "0.15280185834376958-4"
}
[1551922667.854][INFO]: [8ea79fb2b6f3ea14fce91529b702bc47] COMMAND GetElementText {
   "id": "0.15280185834376958-4"
}
[1551922667.854][INFO]: Waiting for pending navigations...
[1551922667.855][INFO]: Done waiting for pending navigations. Status: ok
[1551922667.870][INFO]: Waiting for pending navigations...
[1551922667.871][INFO]: Done waiting for pending navigations. Status: ok
[1551922667.871][INFO]: [8ea79fb2b6f3ea14fce91529b702bc47] RESPONSE GetElementText "What are Child Labor and Forced Labor?"
[1551922667.874][INFO]: [8ea79fb2b6f3ea14fce91529b702bc47] COMMAND FindElement {
   "using": "id",
   "value": "what-are-link"
}
[1551922667.874][INFO]: Waiting for pending navigations...
[1551922667.875][INFO]: Done waiting for pending navigations. Status: ok
[1551922667.881][INFO]: Waiting for pending navigations...
[1551922667.882][INFO]: Done waiting for pending navigations. Status: ok
[1551922667.882][INFO]: [8ea79fb2b6f3ea14fce91529b702bc47] RESPONSE FindElement {
   "ELEMENT": "0.15280185834376958-4"
}
[1551922667.883][INFO]: [8ea79fb2b6f3ea14fce91529b702bc47] COMMAND GetElementAttribute {
   "id": "0.15280185834376958-4",
   "name": "href"
}
[1551922667.883][INFO]: Waiting for pending navigations...
[1551922667.884][INFO]: Done waiting for pending navigations. Status: ok
[1551922667.888][INFO]: Waiting for pending navigations...
[1551922667.888][INFO]: Done waiting for pending navigations. Status: ok
[1551922667.888][INFO]: [8ea79fb2b6f3ea14fce91529b702bc47] RESPONSE GetElementAttribute "http://localhost:3000/what-are"
[1551922667.890][INFO]: [8ea79fb2b6f3ea14fce91529b702bc47] COMMAND Screenshot {

}
[1551922667.890][INFO]: Waiting for pending navigations...
[1551922667.891][INFO]: Done waiting for pending navigations. Status: ok
[1551922668.179][INFO]: Waiting for pending navigations...
[1551922668.180][INFO]: Done waiting for pending navigations. Status: ok
[1551922668.180][INFO]: [8ea79fb2b6f3ea14fce91529b702bc47] RESPONSE Screenshot "iVBORw0KGgoAAAANSUhEUgAAB4AAAANRCAYAAAACj6FfAAAgAElEQVR4nOzde3RU533v/8+MBknDeNDogpCEEAwI5EHmIhkrIJtgJNe1ocQGslwOOEl9RNvUkPrYImfld6Cn53cKqX8JclZPgJNfDmrqtvBz0oDruCZuGoExCVCFCgwWMiAQCIEuSIyEEKPLaPT7Q..."
[1551922668.201][INFO]: [8ea79fb2b6f3ea14fce91529b702bc47] COMMAND FindElement {
   "using": "id",
   "value": "why-develop-link"
}
[1551922668.201][INFO]: Waiting for pending navigations...
[1551922668.202][INFO]: Done waiting for pending navigations. Status: ok
[1551922668.213][INFO]: Waiting for pending navigations...
[1551922668.214][INFO]: Done waiting for pending navigations. Status: ok
[1551922668.214][INFO]: [8ea79fb2b6f3ea14fce91529b702bc47] RESPONSE FindElement {
   "ELEMENT": "0.15280185834376958-5"
}
[1551922668.215][INFO]: [8ea79fb2b6f3ea14fce91529b702bc47] COMMAND IsElementDisplayed {
   "id": "0.15280185834376958-5"
}
[1551922668.215][INFO]: Waiting for pending navigations...
[1551922668.216][INFO]: Done waiting for pending navigations. Status: ok
[1551922668.226][INFO]: Waiting for pending navigations...
[1551922668.227][INFO]: Done waiting for pending navigations. Status: ok
[1551922668.227][INFO]: [8ea79fb2b6f3ea14fce91529b702bc47] RESPONSE IsElementDisplayed true
[1551922668.229][INFO]: [8ea79fb2b6f3ea14fce91529b702bc47] COMMAND Screenshot {

}
[1551922668.229][INFO]: Waiting for pending navigations...
[1551922668.230][INFO]: Done waiting for pending navigations. Status: ok
[1551922668.508][INFO]: Waiting for pending navigations...
[1551922668.509][INFO]: Done waiting for pending navigations. Status: ok
[1551922668.509][INFO]: [8ea79fb2b6f3ea14fce91529b702bc47] RESPONSE Screenshot "iVBORw0KGgoAAAANSUhEUgAAB4AAAANRCAYAAAACj6FfAAAgAElEQVR4nOzde3RU533v/8+MBknDeNDogpCEEAwI5EHmIhkrIJtgJNe1ocQGslwOOEl9RNvUkPrYImfld6Cn53cKqX8JclZPgJNfDmrqtvBz0oDruCZuGoExCVCFCgwWMiAQCIEuSIyEEKPLaPT7Q..."
[1551922668.525][INFO]: [8ea79fb2b6f3ea14fce91529b702bc47] COMMAND FindElement {
   "using": "id",
   "value": "why-develop-link"
}
[1551922668.525][INFO]: Waiting for pending navigations...
[1551922668.526][INFO]: Done waiting for pending navigations. Status: ok
[1551922668.533][INFO]: Waiting for pending navigations...
[1551922668.534][INFO]: Done waiting for pending navigations. Status: ok
[1551922668.534][INFO]: [8ea79fb2b6f3ea14fce91529b702bc47] RESPONSE FindElement {
   "ELEMENT": "0.15280185834376958-5"
}
[1551922668.536][INFO]: [8ea79fb2b6f3ea14fce91529b702bc47] COMMAND GetElementText {
   "id": "0.15280185834376958-5"
}
[1551922668.536][INFO]: Waiting for pending navigations...
[1551922668.538][INFO]: Done waiting for pending navigations. Status: ok
[1551922668.551][INFO]: Waiting for pending navigations...
[1551922668.552][INFO]: Done waiting for pending navigations. Status: ok
[1551922668.552][INFO]: [8ea79fb2b6f3ea14fce91529b702bc47] RESPONSE GetElementText "Why Develop a Social Compliance System?"
[1551922668.555][INFO]: [8ea79fb2b6f3ea14fce91529b702bc47] COMMAND FindElement {
   "using": "id",
   "value": "why-develop-link"
}
[1551922668.555][INFO]: Waiting for pending navigations...
[1551922668.556][INFO]: Done waiting for pending navigations. Status: ok
[1551922668.561][INFO]: Waiting for pending navigations...
[1551922668.562][INFO]: Done waiting for pending navigations. Status: ok
[1551922668.562][INFO]: [8ea79fb2b6f3ea14fce91529b702bc47] RESPONSE FindElement {
   "ELEMENT": "0.15280185834376958-5"
}
[1551922668.563][INFO]: [8ea79fb2b6f3ea14fce91529b702bc47] COMMAND GetElementAttribute {
   "id": "0.15280185834376958-5",
   "name": "href"
}
[1551922668.563][INFO]: Waiting for pending navigations...
[1551922668.564][INFO]: Done waiting for pending navigations. Status: ok
[1551922668.567][INFO]: Waiting for pending navigations...
[1551922668.568][INFO]: Done waiting for pending navigations. Status: ok
[1551922668.568][INFO]: [8ea79fb2b6f3ea14fce91529b702bc47] RESPONSE GetElementAttribute "http://localhost:3000/why-develop"
[1551922668.569][INFO]: [8ea79fb2b6f3ea14fce91529b702bc47] COMMAND Screenshot {

}
[1551922668.569][INFO]: Waiting for pending navigations...
[1551922668.570][INFO]: Done waiting for pending navigations. Status: ok
[1551922668.841][INFO]: Waiting for pending navigations...
[1551922668.842][INFO]: Done waiting for pending navigations. Status: ok
[1551922668.842][INFO]: [8ea79fb2b6f3ea14fce91529b702bc47] RESPONSE Screenshot "iVBORw0KGgoAAAANSUhEUgAAB4AAAANRCAYAAAACj6FfAAAgAElEQVR4nOzde3RU533v/8+MBknDeNDogpCEEAwI5EHmIhkrIJtgJNe1ocQGslwOOEl9RNvUkPrYImfld6Cn53cKqX8JclZPgJNfDmrqtvBz0oDruCZuGoExCVCFCgwWMiAQCIEuSIyEEKPLaPT7Q..."
[1551922668.855][INFO]: [8ea79fb2b6f3ea14fce91529b702bc47] COMMAND FindElement {
   "using": "id",
   "value": "basics-link"
}
[1551922668.855][INFO]: Waiting for pending navigations...
[1551922668.856][INFO]: Done waiting for pending navigations. Status: ok
[1551922668.867][INFO]: Waiting for pending navigations...
[1551922668.869][INFO]: Done waiting for pending navigations. Status: ok
[1551922668.869][INFO]: [8ea79fb2b6f3ea14fce91529b702bc47] RESPONSE FindElement {
   "ELEMENT": "0.15280185834376958-6"
}
[1551922668.870][INFO]: [8ea79fb2b6f3ea14fce91529b702bc47] COMMAND IsElementDisplayed {
   "id": "0.15280185834376958-6"
}
[1551922668.870][INFO]: Waiting for pending navigations...
[1551922668.872][INFO]: Done waiting for pending navigations. Status: ok
[1551922668.882][INFO]: Waiting for pending navigations...
[1551922668.883][INFO]: Done waiting for pending navigations. Status: ok
[1551922668.883][INFO]: [8ea79fb2b6f3ea14fce91529b702bc47] RESPONSE IsElementDisplayed true
[1551922668.884][INFO]: [8ea79fb2b6f3ea14fce91529b702bc47] COMMAND Screenshot {

}
[1551922668.884][INFO]: Waiting for pending navigations...
[1551922668.886][INFO]: Done waiting for pending navigations. Status: ok
[1551922669.163][INFO]: Waiting for pending navigations...
[1551922669.164][INFO]: Done waiting for pending navigations. Status: ok
[1551922669.164][INFO]: [8ea79fb2b6f3ea14fce91529b702bc47] RESPONSE Screenshot "iVBORw0KGgoAAAANSUhEUgAAB4AAAANRCAYAAAACj6FfAAAgAElEQVR4nOzde3RU533v/8+MBknDeNDogpCEEAwI5EHmIhkrIJtgJNe1ocQGslwOOEl9RNvUkPrYImfld6Cn53cKqX8JclZPgJNfDmrqtvBz0oDruCZuGoExCVCFCgwWMiAQCIEuSIyEEKPLaPT7Q..."
[1551922669.180][INFO]: [8ea79fb2b6f3ea14fce91529b702bc47] COMMAND FindElement {
   "using": "id",
   "value": "basics-link"
}
[1551922669.180][INFO]: Waiting for pending navigations...
[1551922669.181][INFO]: Done waiting for pending navigations. Status: ok
[1551922669.185][INFO]: Waiting for pending navigations...
[1551922669.186][INFO]: Done waiting for pending navigations. Status: ok
[1551922669.186][INFO]: [8ea79fb2b6f3ea14fce91529b702bc47] RESPONSE FindElement {
   "ELEMENT": "0.15280185834376958-6"
}
[1551922669.187][INFO]: [8ea79fb2b6f3ea14fce91529b702bc47] COMMAND GetElementText {
   "id": "0.15280185834376958-6"
}
[1551922669.187][INFO]: Waiting for pending navigations...
[1551922669.188][INFO]: Done waiting for pending navigations. Status: ok
[1551922669.204][INFO]: Waiting for pending navigations...
[1551922669.204][INFO]: Done waiting for pending navigations. Status: ok
[1551922669.204][INFO]: [8ea79fb2b6f3ea14fce91529b702bc47] RESPONSE GetElementText "Basics of a Social Compliance System"
[1551922669.209][INFO]: [8ea79fb2b6f3ea14fce91529b702bc47] COMMAND FindElement {
   "using": "id",
   "value": "basics-link"
}
[1551922669.209][INFO]: Waiting for pending navigations...
[1551922669.209][INFO]: Done waiting for pending navigations. Status: ok
[1551922669.213][INFO]: Waiting for pending navigations...
[1551922669.214][INFO]: Done waiting for pending navigations. Status: ok
[1551922669.214][INFO]: [8ea79fb2b6f3ea14fce91529b702bc47] RESPONSE FindElement {
   "ELEMENT": "0.15280185834376958-6"
}
[1551922669.216][INFO]: [8ea79fb2b6f3ea14fce91529b702bc47] COMMAND GetElementAttribute {
   "id": "0.15280185834376958-6",
   "name": "href"
}
[1551922669.216][INFO]: Waiting for pending navigations...
[1551922669.217][INFO]: Done waiting for pending navigations. Status: ok
[1551922669.220][INFO]: Waiting for pending navigations...
[1551922669.221][INFO]: Done waiting for pending navigations. Status: ok
[1551922669.221][INFO]: [8ea79fb2b6f3ea14fce91529b702bc47] RESPONSE GetElementAttribute "http://localhost:3000/basics"
[1551922669.222][INFO]: [8ea79fb2b6f3ea14fce91529b702bc47] COMMAND Screenshot {

}
[1551922669.223][INFO]: Waiting for pending navigations...
[1551922669.223][INFO]: Done waiting for pending navigations. Status: ok
[1551922669.506][INFO]: Waiting for pending navigations...
[1551922669.508][INFO]: Done waiting for pending navigations. Status: ok
[1551922669.508][INFO]: [8ea79fb2b6f3ea14fce91529b702bc47] RESPONSE Screenshot "iVBORw0KGgoAAAANSUhEUgAAB4AAAANRCAYAAAACj6FfAAAgAElEQVR4nOzde3RU533v/8+MBknDeNDogpCEEAwI5EHmIhkrIJtgJNe1ocQGslwOOEl9RNvUkPrYImfld6Cn53cKqX8JclZPgJNfDmrqtvBz0oDruCZuGoExCVCFCgwWMiAQCIEuSIyEEKPLaPT7Q..."
[1551922669.522][INFO]: [8ea79fb2b6f3ea14fce91529b702bc47] COMMAND FindElement {
   "using": "id",
   "value": "steps-dropdown"
}
[1551922669.522][INFO]: Waiting for pending navigations...
[1551922669.523][INFO]: Done waiting for pending navigations. Status: ok
[1551922669.535][INFO]: Waiting for pending navigations...
[1551922669.536][INFO]: Done waiting for pending navigations. Status: ok
[1551922669.537][INFO]: [8ea79fb2b6f3ea14fce91529b702bc47] RESPONSE FindElement {
   "ELEMENT": "0.15280185834376958-7"
}
[1551922669.538][INFO]: [8ea79fb2b6f3ea14fce91529b702bc47] COMMAND IsElementDisplayed {
   "id": "0.15280185834376958-7"
}
[1551922669.538][INFO]: Waiting for pending navigations...
[1551922669.539][INFO]: Done waiting for pending navigations. Status: ok
[1551922669.551][INFO]: Waiting for pending navigations...
[1551922669.552][INFO]: Done waiting for pending navigations. Status: ok
[1551922669.552][INFO]: [8ea79fb2b6f3ea14fce91529b702bc47] RESPONSE IsElementDisplayed true
[1551922669.553][INFO]: [8ea79fb2b6f3ea14fce91529b702bc47] COMMAND Screenshot {

}
[1551922669.553][INFO]: Waiting for pending navigations...
[1551922669.554][INFO]: Done waiting for pending navigations. Status: ok
[1551922669.821][INFO]: Waiting for pending navigations...
[1551922669.822][INFO]: Done waiting for pending navigations. Status: ok
[1551922669.822][INFO]: [8ea79fb2b6f3ea14fce91529b702bc47] RESPONSE Screenshot "iVBORw0KGgoAAAANSUhEUgAAB4AAAANRCAYAAAACj6FfAAAgAElEQVR4nOzde3RU533v/8+MBknDeNDogpCEEAwI5EHmIhkrIJtgJNe1ocQGslwOOEl9RNvUkPrYImfld6Cn53cKqX8JclZPgJNfDmrqtvBz0oDruCZuGoExCVCFCgwWMiAQCIEuSIyEEKPLaPT7Q..."
[1551922669.835][INFO]: [8ea79fb2b6f3ea14fce91529b702bc47] COMMAND FindElement {
   "using": "id",
   "value": "steps-dropdown"
}
[1551922669.835][INFO]: Waiting for pending navigations...
[1551922669.836][INFO]: Done waiting for pending navigations. Status: ok
[1551922669.841][INFO]: Waiting for pending navigations...
[1551922669.842][INFO]: Done waiting for pending navigations. Status: ok
[1551922669.842][INFO]: [8ea79fb2b6f3ea14fce91529b702bc47] RESPONSE FindElement {
   "ELEMENT": "0.15280185834376958-7"
}
[1551922669.843][INFO]: [8ea79fb2b6f3ea14fce91529b702bc47] COMMAND GetElementText {
   "id": "0.15280185834376958-7"
}
[1551922669.843][INFO]: Waiting for pending navigations...
[1551922669.844][INFO]: Done waiting for pending navigations. Status: ok
[1551922669.874][INFO]: Waiting for pending navigations...
[1551922669.875][INFO]: Done waiting for pending navigations. Status: ok
[1551922669.875][INFO]: [8ea79fb2b6f3ea14fce91529b702bc47] RESPONSE GetElementText "Steps to a social compliance system"
[1551922669.877][INFO]: [8ea79fb2b6f3ea14fce91529b702bc47] COMMAND Screenshot {

}
[1551922669.877][INFO]: Waiting for pending navigations...
[1551922669.879][INFO]: Done waiting for pending navigations. Status: ok
[1551922670.160][INFO]: Waiting for pending navigations...
[1551922670.162][INFO]: Done waiting for pending navigations. Status: ok
[1551922670.162][INFO]: [8ea79fb2b6f3ea14fce91529b702bc47] RESPONSE Screenshot "iVBORw0KGgoAAAANSUhEUgAAB4AAAANRCAYAAAACj6FfAAAgAElEQVR4nOzde3RU533v/8+MBknDeNDogpCEEAwI5EHmIhkrIJtgJNe1ocQGslwOOEl9RNvUkPrYImfld6Cn53cKqX8JclZPgJNfDmrqtvBz0oDruCZuGoExCVCFCgwWMiAQCIEuSIyEEKPLaPT7Q..."
[1551922670.182][INFO]: [8ea79fb2b6f3ea14fce91529b702bc47] COMMAND Quit {

}
[1551922670.237][INFO]: [8ea79fb2b6f3ea14fce91529b702bc47] RESPONSE Quit
