[1552358507.387][INFO]: Starting ChromeDriver 73.0.3683.68 (47787ec04b6e38e22703e856e101e840b65afe72)
[1552358507.387][INFO]: Please protect ports used by ChromeDriver and related test frameworks to prevent access by malicious code.
[1552358507.842][INFO]: [be915bfb564646f2428f52c3e3a529ee] COMMAND InitSession {
   "capabilities": {
      "firstMatch": [ {
         "browserName": "chrome",
         "goog:chromeOptions": {
            "args": [ "chrome.switches", "--disable-extensions", "chrome.switches", "test-type", "chrome.switches", "start-maximized", "chrome.switches", "no-sandbox" ],
            "extensions": [  ],
            "useAutomationExtension": false
         }
      } ]
   },
   "desiredCapabilities": {
      "browserName": "chrome",
      "goog:chromeOptions": {
         "args": [ "chrome.switches", "--disable-extensions", "chrome.switches", "test-type", "chrome.switches", "start-maximized", "chrome.switches", "no-sandbox" ],
         "extensions": [  ],
         "useAutomationExtension": false
      }
   }
}
[1552358507.849][INFO]: Populating Preferences file: {
   "alternate_error_pages": {
      "enabled": false
   },
   "autofill": {
      "enabled": false
   },
   "browser": {
      "check_default_browser": false
   },
   "distribution": {
      "import_bookmarks": false,
      "import_history": false,
      "import_search_engine": false,
      "make_chrome_default_for_user": false,
      "skip_first_run_ui": true
   },
   "dns_prefetching": {
      "enabled": false
   },
   "profile": {
      "content_settings": {
         "pattern_pairs": {
            "https://*,*": {
               "media-stream": {
                  "audio": "Default",
                  "video": "Default"
               }
            }
         }
      },
      "default_content_setting_values": {
         "geolocation": 1
      },
      "default_content_settings": {
         "geolocation": 1,
         "mouselock": 1,
         "notifications": 1,
         "popups": 1,
         "ppapi-broker": 1
      },
      "password_manager_enabled": false
   },
   "safebrowsing": {
      "enabled": false
   },
   "search": {
      "suggest_enabled": false
   },
   "translate": {
      "enabled": false
   }
}
[1552358507.851][INFO]: Populating Local State file: {
   "background_mode": {
      "enabled": false
   },
   "ssl": {
      "rev_checking": {
         "enabled": false
      }
   }
}
[1552358507.854][INFO]: Launching chrome: "C:\Program Files (x86)\Google\Chrome\Application\chrome.exe" --chrome.switches --disable-background-networking --disable-client-side-phishing-detection --disable-default-apps --disable-extensions --disable-hang-monitor --disable-popup-blocking --disable-prompt-on-repost --disable-sync --disable-web-resources --enable-automation --enable-blink-features=ShadowDOMV0 --enable-logging --force-fieldtrials=SiteIsolationExtensions/Control --ignore-certificate-errors --log-level=0 --metrics-recording-only --no-first-run --no-sandbox --password-store=basic --remote-debugging-port=0 --start-maximized --test-type --use-mock-keychain --user-data-dir="C:\Users\KAVITH~1\AppData\Local\Temp\scoped_dir11796_6488" data:,
[1552358508.498][INFO]: resolved localhost to ["::1","127.0.0.1"]
[1552358509.534][INFO]: [be915bfb564646f2428f52c3e3a529ee] RESPONSE InitSession {
   "acceptInsecureCerts": false,
   "acceptSslCerts": false,
   "applicationCacheEnabled": false,
   "browserConnectionEnabled": false,
   "browserName": "chrome",
   "chrome": {
      "chromedriverVersion": "73.0.3683.68 (47787ec04b6e38e22703e856e101e840b65afe72)",
      "userDataDir": "C:\\Users\\KAVITH~1\\AppData\\Local\\Temp\\scoped_dir11796_6488"
   },
   "cssSelectorsEnabled": true,
   "databaseEnabled": false,
   "goog:chromeOptions": {
      "debuggerAddress": "localhost:56496"
   },
   "handlesAlerts": true,
   "hasTouchScreen": false,
   "javascriptEnabled": true,
   "locationContextEnabled": true,
   "mobileEmulationEnabled": false,
   "nativeEvents": true,
   "networkConnectionEnabled": false,
   "pageLoadStrategy": "normal",
   "platform": "Windows NT",
   "proxy": {

   },
   "~~~": "..."
}
[1552358509.540][INFO]: [be915bfb564646f2428f52c3e3a529ee] COMMAND MaximizeWindow {
   "handle": "current",
   "windowHandle": "current"
}
[1552358509.540][INFO]: Waiting for pending navigations...
[1552358509.555][INFO]: Done waiting for pending navigations. Status: ok
[1552358509.556][INFO]: resolved localhost to ["::1","127.0.0.1"]
[1552358510.569][INFO]: Waiting for pending navigations...
[1552358510.571][INFO]: Done waiting for pending navigations. Status: ok
[1552358510.571][INFO]: [be915bfb564646f2428f52c3e3a529ee] RESPONSE MaximizeWindow {
   "height": 696,
   "width": 1296,
   "x": -8,
   "y": -8
}
[1552358510.579][INFO]: [be915bfb564646f2428f52c3e3a529ee] COMMAND SetTimeouts {
   "ms": 30000,
   "type": "implicit"
}
[1552358510.579][INFO]: [be915bfb564646f2428f52c3e3a529ee] RESPONSE SetTimeouts
[1552358510.583][INFO]: [be915bfb564646f2428f52c3e3a529ee] COMMAND SetTimeouts {
   "ms": 60000,
   "type": "page load"
}
[1552358510.583][INFO]: [be915bfb564646f2428f52c3e3a529ee] RESPONSE SetTimeouts
[1552358510.586][INFO]: [be915bfb564646f2428f52c3e3a529ee] COMMAND Navigate {
   "url": "http://localhost:3000/"
}
[1552358510.586][INFO]: Waiting for pending navigations...
[1552358510.588][INFO]: Done waiting for pending navigations. Status: ok
[1552358510.972][INFO]: Waiting for pending navigations...
[1552358512.162][INFO]: Done waiting for pending navigations. Status: ok
[1552358512.162][INFO]: [be915bfb564646f2428f52c3e3a529ee] RESPONSE Navigate
[1552358512.170][INFO]: [be915bfb564646f2428f52c3e3a529ee] COMMAND FindElement {
   "using": "id",
   "value": "brand-logo"
}
[1552358512.170][INFO]: Waiting for pending navigations...
[1552358512.172][INFO]: Done waiting for pending navigations. Status: ok
[1552358512.191][INFO]: Waiting for pending navigations...
[1552358512.192][INFO]: Done waiting for pending navigations. Status: ok
[1552358512.192][INFO]: [be915bfb564646f2428f52c3e3a529ee] RESPONSE FindElement {
   "ELEMENT": "0.9200436677188895-1"
}
[1552358512.193][INFO]: [be915bfb564646f2428f52c3e3a529ee] COMMAND IsElementDisplayed {
   "id": "0.9200436677188895-1"
}
[1552358512.193][INFO]: Waiting for pending navigations...
[1552358512.194][INFO]: Done waiting for pending navigations. Status: ok
[1552358512.207][INFO]: Waiting for pending navigations...
[1552358512.212][INFO]: Done waiting for pending navigations. Status: ok
[1552358512.212][INFO]: [be915bfb564646f2428f52c3e3a529ee] RESPONSE IsElementDisplayed true
[1552358512.214][INFO]: [be915bfb564646f2428f52c3e3a529ee] COMMAND Screenshot {

}
[1552358512.214][INFO]: Waiting for pending navigations...
[1552358512.215][INFO]: Done waiting for pending navigations. Status: ok
[1552358512.606][INFO]: Waiting for pending navigations...
[1552358512.608][INFO]: Done waiting for pending navigations. Status: ok
[1552358512.608][INFO]: [be915bfb564646f2428f52c3e3a529ee] RESPONSE Screenshot "iVBORw0KGgoAAAANSUhEUgAAB4AAAANRCAYAAAACj6FfAAAgAElEQVR4nOzde5RX9WHv/c9vBuYCjgyI3LyOlygoKhgNEE0iahqxJhGa9BSibaonreJJnxNI1mk16Xmq9Omj0KynlaSnlaYnHkjTFNIkFdumYtVUrFowoo4adVBQBuUyXGdgbs8fAgIzYMCRy/b1W..."
[1552358512.622][INFO]: [be915bfb564646f2428f52c3e3a529ee] COMMAND FindElement {
   "using": "id",
   "value": "brand-name"
}
[1552358512.622][INFO]: Waiting for pending navigations...
[1552358512.623][INFO]: Done waiting for pending navigations. Status: ok
[1552358512.635][INFO]: Waiting for pending navigations...
[1552358512.637][INFO]: Done waiting for pending navigations. Status: ok
[1552358512.637][INFO]: [be915bfb564646f2428f52c3e3a529ee] RESPONSE FindElement {
   "ELEMENT": "0.9200436677188895-2"
}
[1552358512.638][INFO]: [be915bfb564646f2428f52c3e3a529ee] COMMAND IsElementDisplayed {
   "id": "0.9200436677188895-2"
}
[1552358512.638][INFO]: Waiting for pending navigations...
[1552358512.639][INFO]: Done waiting for pending navigations. Status: ok
[1552358512.651][INFO]: Waiting for pending navigations...
[1552358512.652][INFO]: Done waiting for pending navigations. Status: ok
[1552358512.652][INFO]: [be915bfb564646f2428f52c3e3a529ee] RESPONSE IsElementDisplayed true
[1552358512.653][INFO]: [be915bfb564646f2428f52c3e3a529ee] COMMAND Screenshot {

}
[1552358512.653][INFO]: Waiting for pending navigations...
[1552358512.654][INFO]: Done waiting for pending navigations. Status: ok
[1552358513.037][INFO]: Waiting for pending navigations...
[1552358513.038][INFO]: Done waiting for pending navigations. Status: ok
[1552358513.038][INFO]: [be915bfb564646f2428f52c3e3a529ee] RESPONSE Screenshot "iVBORw0KGgoAAAANSUhEUgAAB4AAAANRCAYAAAACj6FfAAAgAElEQVR4nOzde5RX9WHv/c9vBuYCjgyI3LyOlygoKhgNEE0iahqxJhGa9BSibaonreJJnxNI1mk16Xmq9Omj0KynlaSnlaYnHkjTFNIkFdumYtVUrFowoo4adVBQBuUyXGdgbs8fAgIzYMCRy/b1W..."
[1552358513.047][INFO]: [be915bfb564646f2428f52c3e3a529ee] COMMAND FindElement {
   "using": "id",
   "value": "menu-btn"
}
[1552358513.047][INFO]: Waiting for pending navigations...
[1552358513.048][INFO]: Done waiting for pending navigations. Status: ok
[1552358513.058][INFO]: Waiting for pending navigations...
[1552358513.059][INFO]: Done waiting for pending navigations. Status: ok
[1552358513.059][INFO]: [be915bfb564646f2428f52c3e3a529ee] RESPONSE FindElement {
   "ELEMENT": "0.9200436677188895-3"
}
[1552358513.060][INFO]: [be915bfb564646f2428f52c3e3a529ee] COMMAND IsElementDisplayed {
   "id": "0.9200436677188895-3"
}
[1552358513.060][INFO]: Waiting for pending navigations...
[1552358513.061][INFO]: Done waiting for pending navigations. Status: ok
[1552358513.075][INFO]: Waiting for pending navigations...
[1552358513.076][INFO]: Done waiting for pending navigations. Status: ok
[1552358513.076][INFO]: [be915bfb564646f2428f52c3e3a529ee] RESPONSE IsElementDisplayed true
[1552358513.077][INFO]: [be915bfb564646f2428f52c3e3a529ee] COMMAND Screenshot {

}
[1552358513.077][INFO]: Waiting for pending navigations...
[1552358513.078][INFO]: Done waiting for pending navigations. Status: ok
[1552358513.461][INFO]: Waiting for pending navigations...
[1552358513.462][INFO]: Done waiting for pending navigations. Status: ok
[1552358513.462][INFO]: [be915bfb564646f2428f52c3e3a529ee] RESPONSE Screenshot "iVBORw0KGgoAAAANSUhEUgAAB4AAAANRCAYAAAACj6FfAAAgAElEQVR4nOzde5RX9WHv/c9vBuYCjgyI3LyOlygoKhgNEE0iahqxJhGa9BSibaonreJJnxNI1mk16Xmq9Omj0KynlaSnlaYnHkjTFNIkFdumYtVUrFowoo4adVBQBuUyXGdgbs8fAgIzYMCRy/b1W..."
[1552358513.472][INFO]: [be915bfb564646f2428f52c3e3a529ee] COMMAND FindElement {
   "using": "id",
   "value": "menu-btn"
}
[1552358513.472][INFO]: Waiting for pending navigations...
[1552358513.473][INFO]: Done waiting for pending navigations. Status: ok
[1552358513.480][INFO]: Waiting for pending navigations...
[1552358513.481][INFO]: Done waiting for pending navigations. Status: ok
[1552358513.481][INFO]: [be915bfb564646f2428f52c3e3a529ee] RESPONSE FindElement {
   "ELEMENT": "0.9200436677188895-3"
}
[1552358513.483][INFO]: [be915bfb564646f2428f52c3e3a529ee] COMMAND ClickElement {
   "id": "0.9200436677188895-3"
}
[1552358513.484][INFO]: Waiting for pending navigations...
[1552358513.485][INFO]: Done waiting for pending navigations. Status: ok
[1552358513.556][INFO]: Waiting for pending navigations...
[1552358513.558][INFO]: Done waiting for pending navigations. Status: ok
[1552358513.558][INFO]: [be915bfb564646f2428f52c3e3a529ee] RESPONSE ClickElement
[1552358514.563][INFO]: [be915bfb564646f2428f52c3e3a529ee] COMMAND FindElement {
   "using": "id",
   "value": "menu-btn"
}
[1552358514.563][INFO]: Waiting for pending navigations...
[1552358514.565][INFO]: Done waiting for pending navigations. Status: ok
[1552358514.583][INFO]: Waiting for pending navigations...
[1552358514.585][INFO]: Done waiting for pending navigations. Status: ok
[1552358514.585][INFO]: [be915bfb564646f2428f52c3e3a529ee] RESPONSE FindElement {
   "ELEMENT": "0.9200436677188895-3"
}
[1552358514.587][INFO]: [be915bfb564646f2428f52c3e3a529ee] COMMAND GetElementText {
   "id": "0.9200436677188895-3"
}
[1552358514.587][INFO]: Waiting for pending navigations...
[1552358514.588][INFO]: Done waiting for pending navigations. Status: ok
[1552358514.612][INFO]: Waiting for pending navigations...
[1552358514.613][INFO]: Done waiting for pending navigations. Status: ok
[1552358514.613][INFO]: [be915bfb564646f2428f52c3e3a529ee] RESPONSE GetElementText "Close"
[1552358514.615][INFO]: [be915bfb564646f2428f52c3e3a529ee] COMMAND Screenshot {

}
[1552358514.615][INFO]: Waiting for pending navigations...
[1552358514.616][INFO]: Done waiting for pending navigations. Status: ok
[1552358514.960][INFO]: Waiting for pending navigations...
[1552358514.961][INFO]: Done waiting for pending navigations. Status: ok
[1552358514.962][INFO]: [be915bfb564646f2428f52c3e3a529ee] RESPONSE Screenshot "iVBORw0KGgoAAAANSUhEUgAAB4AAAANRCAYAAAACj6FfAAAgAElEQVR4nOzde3RU533v/8+MBknDeNDogpCEEAwI5EHmIhkrIJtgJNe1ocQGslwOOEl9RNvUkPrYImfld6Cn53cKqX8JclZPgJNfDmrqtvBz0oDruCZuGoExCVCFCgwWMiAQCIEuSIyEEKPLaPT7Q..."
[1552358514.979][INFO]: [be915bfb564646f2428f52c3e3a529ee] COMMAND FindElement {
   "using": "id",
   "value": "what-are-link"
}
[1552358514.979][INFO]: Waiting for pending navigations...
[1552358514.980][INFO]: Done waiting for pending navigations. Status: ok
[1552358514.994][INFO]: Waiting for pending navigations...
[1552358514.995][INFO]: Done waiting for pending navigations. Status: ok
[1552358514.995][INFO]: [be915bfb564646f2428f52c3e3a529ee] RESPONSE FindElement {
   "ELEMENT": "0.9200436677188895-4"
}
[1552358514.996][INFO]: [be915bfb564646f2428f52c3e3a529ee] COMMAND IsElementDisplayed {
   "id": "0.9200436677188895-4"
}
[1552358514.996][INFO]: Waiting for pending navigations...
[1552358514.997][INFO]: Done waiting for pending navigations. Status: ok
[1552358515.008][INFO]: Waiting for pending navigations...
[1552358515.009][INFO]: Done waiting for pending navigations. Status: ok
[1552358515.009][INFO]: [be915bfb564646f2428f52c3e3a529ee] RESPONSE IsElementDisplayed true
[1552358515.010][INFO]: [be915bfb564646f2428f52c3e3a529ee] COMMAND Screenshot {

}
[1552358515.010][INFO]: Waiting for pending navigations...
[1552358515.013][INFO]: Done waiting for pending navigations. Status: ok
[1552358515.318][INFO]: Waiting for pending navigations...
[1552358515.320][INFO]: Done waiting for pending navigations. Status: ok
[1552358515.320][INFO]: [be915bfb564646f2428f52c3e3a529ee] RESPONSE Screenshot "iVBORw0KGgoAAAANSUhEUgAAB4AAAANRCAYAAAACj6FfAAAgAElEQVR4nOzde3RU533v/8+MBknDeNDogpCEEAwI5EHmIhkrIJtgJNe1ocQGslwOOEl9RNvUkPrYImfld6Cn53cKqX8JclZPgJNfDmrqtvBz0oDruCZuGoExCVCFCgwWMiAQCIEuSIyEEKPLaPT7Q..."
[1552358515.334][INFO]: [be915bfb564646f2428f52c3e3a529ee] COMMAND FindElement {
   "using": "id",
   "value": "what-are-link"
}
[1552358515.334][INFO]: Waiting for pending navigations...
[1552358515.335][INFO]: Done waiting for pending navigations. Status: ok
[1552358515.340][INFO]: Waiting for pending navigations...
[1552358515.340][INFO]: Done waiting for pending navigations. Status: ok
[1552358515.340][INFO]: [be915bfb564646f2428f52c3e3a529ee] RESPONSE FindElement {
   "ELEMENT": "0.9200436677188895-4"
}
[1552358515.341][INFO]: [be915bfb564646f2428f52c3e3a529ee] COMMAND GetElementText {
   "id": "0.9200436677188895-4"
}
[1552358515.341][INFO]: Waiting for pending navigations...
[1552358515.342][INFO]: Done waiting for pending navigations. Status: ok
[1552358515.355][INFO]: Waiting for pending navigations...
[1552358515.356][INFO]: Done waiting for pending navigations. Status: ok
[1552358515.356][INFO]: [be915bfb564646f2428f52c3e3a529ee] RESPONSE GetElementText "What are Child Labor and Forced Labor?"
[1552358515.359][INFO]: [be915bfb564646f2428f52c3e3a529ee] COMMAND FindElement {
   "using": "id",
   "value": "what-are-link"
}
[1552358515.359][INFO]: Waiting for pending navigations...
[1552358515.360][INFO]: Done waiting for pending navigations. Status: ok
[1552358515.365][INFO]: Waiting for pending navigations...
[1552358515.366][INFO]: Done waiting for pending navigations. Status: ok
[1552358515.366][INFO]: [be915bfb564646f2428f52c3e3a529ee] RESPONSE FindElement {
   "ELEMENT": "0.9200436677188895-4"
}
[1552358515.367][INFO]: [be915bfb564646f2428f52c3e3a529ee] COMMAND GetElementAttribute {
   "id": "0.9200436677188895-4",
   "name": "href"
}
[1552358515.367][INFO]: Waiting for pending navigations...
[1552358515.369][INFO]: Done waiting for pending navigations. Status: ok
[1552358515.372][INFO]: Waiting for pending navigations...
[1552358515.373][INFO]: Done waiting for pending navigations. Status: ok
[1552358515.373][INFO]: [be915bfb564646f2428f52c3e3a529ee] RESPONSE GetElementAttribute "http://localhost:3000/what-are"
[1552358515.374][INFO]: [be915bfb564646f2428f52c3e3a529ee] COMMAND Screenshot {

}
[1552358515.374][INFO]: Waiting for pending navigations...
[1552358515.375][INFO]: Done waiting for pending navigations. Status: ok
[1552358515.761][INFO]: Waiting for pending navigations...
[1552358515.763][INFO]: Done waiting for pending navigations. Status: ok
[1552358515.763][INFO]: [be915bfb564646f2428f52c3e3a529ee] RESPONSE Screenshot "iVBORw0KGgoAAAANSUhEUgAAB4AAAANRCAYAAAACj6FfAAAgAElEQVR4nOzde3RU533v/8+MBknDeNDogpCEEAwI5EHmIhkrIJtgJNe1ocQGslwOOEl9RNvUkPrYImfld6Cn53cKqX8JclZPgJNfDmrqtvBz0oDruCZuGoExCVCFCgwWMiAQCIEuSIyEEKPLaPT7Q..."
[1552358515.794][INFO]: [be915bfb564646f2428f52c3e3a529ee] COMMAND FindElement {
   "using": "id",
   "value": "why-develop-link"
}
[1552358515.794][INFO]: Waiting for pending navigations...
[1552358515.795][INFO]: Done waiting for pending navigations. Status: ok
[1552358515.804][INFO]: Waiting for pending navigations...
[1552358515.805][INFO]: Done waiting for pending navigations. Status: ok
[1552358515.806][INFO]: [be915bfb564646f2428f52c3e3a529ee] RESPONSE FindElement {
   "ELEMENT": "0.9200436677188895-5"
}
[1552358515.807][INFO]: [be915bfb564646f2428f52c3e3a529ee] COMMAND IsElementDisplayed {
   "id": "0.9200436677188895-5"
}
[1552358515.807][INFO]: Waiting for pending navigations...
[1552358515.807][INFO]: Done waiting for pending navigations. Status: ok
[1552358515.821][INFO]: Waiting for pending navigations...
[1552358515.822][INFO]: Done waiting for pending navigations. Status: ok
[1552358515.822][INFO]: [be915bfb564646f2428f52c3e3a529ee] RESPONSE IsElementDisplayed true
[1552358515.823][INFO]: [be915bfb564646f2428f52c3e3a529ee] COMMAND Screenshot {

}
[1552358515.823][INFO]: Waiting for pending navigations...
[1552358515.824][INFO]: Done waiting for pending navigations. Status: ok
[1552358516.163][INFO]: Waiting for pending navigations...
[1552358516.164][INFO]: Done waiting for pending navigations. Status: ok
[1552358516.164][INFO]: [be915bfb564646f2428f52c3e3a529ee] RESPONSE Screenshot "iVBORw0KGgoAAAANSUhEUgAAB4AAAANRCAYAAAACj6FfAAAgAElEQVR4nOzde3RU533v/8+MBknDeNDogpCEEAwI5EHmIhkrIJtgJNe1ocQGslwOOEl9RNvUkPrYImfld6Cn53cKqX8JclZPgJNfDmrqtvBz0oDruCZuGoExCVCFCgwWMiAQCIEuSIyEEKPLaPT7Q..."
[1552358516.184][INFO]: [be915bfb564646f2428f52c3e3a529ee] COMMAND FindElement {
   "using": "id",
   "value": "why-develop-link"
}
[1552358516.184][INFO]: Waiting for pending navigations...
[1552358516.185][INFO]: Done waiting for pending navigations. Status: ok
[1552358516.191][INFO]: Waiting for pending navigations...
[1552358516.192][INFO]: Done waiting for pending navigations. Status: ok
[1552358516.192][INFO]: [be915bfb564646f2428f52c3e3a529ee] RESPONSE FindElement {
   "ELEMENT": "0.9200436677188895-5"
}
[1552358516.193][INFO]: [be915bfb564646f2428f52c3e3a529ee] COMMAND GetElementText {
   "id": "0.9200436677188895-5"
}
[1552358516.193][INFO]: Waiting for pending navigations...
[1552358516.194][INFO]: Done waiting for pending navigations. Status: ok
[1552358516.207][INFO]: Waiting for pending navigations...
[1552358516.208][INFO]: Done waiting for pending navigations. Status: ok
[1552358516.208][INFO]: [be915bfb564646f2428f52c3e3a529ee] RESPONSE GetElementText "Why Develop a Social Compliance System?"
[1552358516.212][INFO]: [be915bfb564646f2428f52c3e3a529ee] COMMAND FindElement {
   "using": "id",
   "value": "why-develop-link"
}
[1552358516.212][INFO]: Waiting for pending navigations...
[1552358516.213][INFO]: Done waiting for pending navigations. Status: ok
[1552358516.218][INFO]: Waiting for pending navigations...
[1552358516.219][INFO]: Done waiting for pending navigations. Status: ok
[1552358516.219][INFO]: [be915bfb564646f2428f52c3e3a529ee] RESPONSE FindElement {
   "ELEMENT": "0.9200436677188895-5"
}
[1552358516.220][INFO]: [be915bfb564646f2428f52c3e3a529ee] COMMAND GetElementAttribute {
   "id": "0.9200436677188895-5",
   "name": "href"
}
[1552358516.220][INFO]: Waiting for pending navigations...
[1552358516.221][INFO]: Done waiting for pending navigations. Status: ok
[1552358516.223][INFO]: Waiting for pending navigations...
[1552358516.224][INFO]: Done waiting for pending navigations. Status: ok
[1552358516.224][INFO]: [be915bfb564646f2428f52c3e3a529ee] RESPONSE GetElementAttribute "http://localhost:3000/why-develop"
[1552358516.225][INFO]: [be915bfb564646f2428f52c3e3a529ee] COMMAND Screenshot {

}
[1552358516.225][INFO]: Waiting for pending navigations...
[1552358516.226][INFO]: Done waiting for pending navigations. Status: ok
[1552358516.544][INFO]: Waiting for pending navigations...
[1552358516.545][INFO]: Done waiting for pending navigations. Status: ok
[1552358516.545][INFO]: [be915bfb564646f2428f52c3e3a529ee] RESPONSE Screenshot "iVBORw0KGgoAAAANSUhEUgAAB4AAAANRCAYAAAACj6FfAAAgAElEQVR4nOzde3RU533v/8+MBknDeNDogpCEEAwI5EHmIhkrIJtgJNe1ocQGslwOOEl9RNvUkPrYImfld6Cn53cKqX8JclZPgJNfDmrqtvBz0oDruCZuGoExCVCFCgwWMiAQCIEuSIyEEKPLaPT7Q..."
[1552358516.562][INFO]: [be915bfb564646f2428f52c3e3a529ee] COMMAND FindElement {
   "using": "id",
   "value": "basics-link"
}
[1552358516.562][INFO]: Waiting for pending navigations...
[1552358516.563][INFO]: Done waiting for pending navigations. Status: ok
[1552358516.573][INFO]: Waiting for pending navigations...
[1552358516.574][INFO]: Done waiting for pending navigations. Status: ok
[1552358516.574][INFO]: [be915bfb564646f2428f52c3e3a529ee] RESPONSE FindElement {
   "ELEMENT": "0.9200436677188895-6"
}
[1552358516.575][INFO]: [be915bfb564646f2428f52c3e3a529ee] COMMAND IsElementDisplayed {
   "id": "0.9200436677188895-6"
}
[1552358516.575][INFO]: Waiting for pending navigations...
[1552358516.576][INFO]: Done waiting for pending navigations. Status: ok
[1552358516.587][INFO]: Waiting for pending navigations...
[1552358516.588][INFO]: Done waiting for pending navigations. Status: ok
[1552358516.588][INFO]: [be915bfb564646f2428f52c3e3a529ee] RESPONSE IsElementDisplayed true
[1552358516.589][INFO]: [be915bfb564646f2428f52c3e3a529ee] COMMAND Screenshot {

}
[1552358516.589][INFO]: Waiting for pending navigations...
[1552358516.590][INFO]: Done waiting for pending navigations. Status: ok
[1552358516.942][INFO]: Waiting for pending navigations...
[1552358516.943][INFO]: Done waiting for pending navigations. Status: ok
[1552358516.943][INFO]: [be915bfb564646f2428f52c3e3a529ee] RESPONSE Screenshot "iVBORw0KGgoAAAANSUhEUgAAB4AAAANRCAYAAAACj6FfAAAgAElEQVR4nOzde3RU533v/8+MBknDeNDogpCEEAwI5EHmIhkrIJtgJNe1ocQGslwOOEl9RNvUkPrYImfld6Cn53cKqX8JclZPgJNfDmrqtvBz0oDruCZuGoExCVCFCgwWMiAQCIEuSIyEEKPLaPT7Q..."
[1552358516.961][INFO]: [be915bfb564646f2428f52c3e3a529ee] COMMAND FindElement {
   "using": "id",
   "value": "basics-link"
}
[1552358516.961][INFO]: Waiting for pending navigations...
[1552358516.962][INFO]: Done waiting for pending navigations. Status: ok
[1552358516.968][INFO]: Waiting for pending navigations...
[1552358516.969][INFO]: Done waiting for pending navigations. Status: ok
[1552358516.969][INFO]: [be915bfb564646f2428f52c3e3a529ee] RESPONSE FindElement {
   "ELEMENT": "0.9200436677188895-6"
}
[1552358516.970][INFO]: [be915bfb564646f2428f52c3e3a529ee] COMMAND GetElementText {
   "id": "0.9200436677188895-6"
}
[1552358516.970][INFO]: Waiting for pending navigations...
[1552358516.971][INFO]: Done waiting for pending navigations. Status: ok
[1552358516.984][INFO]: Waiting for pending navigations...
[1552358516.984][INFO]: Done waiting for pending navigations. Status: ok
[1552358516.985][INFO]: [be915bfb564646f2428f52c3e3a529ee] RESPONSE GetElementText "Basics of a Social Compliance System"
[1552358516.986][INFO]: [be915bfb564646f2428f52c3e3a529ee] COMMAND FindElement {
   "using": "id",
   "value": "basics-link"
}
[1552358516.986][INFO]: Waiting for pending navigations...
[1552358516.987][INFO]: Done waiting for pending navigations. Status: ok
[1552358516.993][INFO]: Waiting for pending navigations...
[1552358516.993][INFO]: Done waiting for pending navigations. Status: ok
[1552358516.993][INFO]: [be915bfb564646f2428f52c3e3a529ee] RESPONSE FindElement {
   "ELEMENT": "0.9200436677188895-6"
}
[1552358516.994][INFO]: [be915bfb564646f2428f52c3e3a529ee] COMMAND GetElementAttribute {
   "id": "0.9200436677188895-6",
   "name": "href"
}
[1552358516.995][INFO]: Waiting for pending navigations...
[1552358516.995][INFO]: Done waiting for pending navigations. Status: ok
[1552358516.999][INFO]: Waiting for pending navigations...
[1552358517.000][INFO]: Done waiting for pending navigations. Status: ok
[1552358517.000][INFO]: [be915bfb564646f2428f52c3e3a529ee] RESPONSE GetElementAttribute "http://localhost:3000/basics"
[1552358517.001][INFO]: [be915bfb564646f2428f52c3e3a529ee] COMMAND Screenshot {

}
[1552358517.001][INFO]: Waiting for pending navigations...
[1552358517.002][INFO]: Done waiting for pending navigations. Status: ok
[1552358517.343][INFO]: Waiting for pending navigations...
[1552358517.345][INFO]: Done waiting for pending navigations. Status: ok
[1552358517.345][INFO]: [be915bfb564646f2428f52c3e3a529ee] RESPONSE Screenshot "iVBORw0KGgoAAAANSUhEUgAAB4AAAANRCAYAAAACj6FfAAAgAElEQVR4nOzde3RU533v/8+MBknDeNDogpCEEAwI5EHmIhkrIJtgJNe1ocQGslwOOEl9RNvUkPrYImfld6Cn53cKqX8JclZPgJNfDmrqtvBz0oDruCZuGoExCVCFCgwWMiAQCIEuSIyEEKPLaPT7Q..."
[1552358517.372][INFO]: [be915bfb564646f2428f52c3e3a529ee] COMMAND FindElement {
   "using": "id",
   "value": "steps-dropdown"
}
[1552358517.372][INFO]: Waiting for pending navigations...
[1552358517.374][INFO]: Done waiting for pending navigations. Status: ok
[1552358517.385][INFO]: Waiting for pending navigations...
[1552358517.386][INFO]: Done waiting for pending navigations. Status: ok
[1552358517.386][INFO]: [be915bfb564646f2428f52c3e3a529ee] RESPONSE FindElement {
   "ELEMENT": "0.9200436677188895-7"
}
[1552358517.388][INFO]: [be915bfb564646f2428f52c3e3a529ee] COMMAND IsElementDisplayed {
   "id": "0.9200436677188895-7"
}
[1552358517.388][INFO]: Waiting for pending navigations...
[1552358517.389][INFO]: Done waiting for pending navigations. Status: ok
[1552358517.403][INFO]: Waiting for pending navigations...
[1552358517.404][INFO]: Done waiting for pending navigations. Status: ok
[1552358517.404][INFO]: [be915bfb564646f2428f52c3e3a529ee] RESPONSE IsElementDisplayed true
[1552358517.405][INFO]: [be915bfb564646f2428f52c3e3a529ee] COMMAND Screenshot {

}
[1552358517.405][INFO]: Waiting for pending navigations...
[1552358517.406][INFO]: Done waiting for pending navigations. Status: ok
[1552358517.719][INFO]: Waiting for pending navigations...
[1552358517.720][INFO]: Done waiting for pending navigations. Status: ok
[1552358517.720][INFO]: [be915bfb564646f2428f52c3e3a529ee] RESPONSE Screenshot "iVBORw0KGgoAAAANSUhEUgAAB4AAAANRCAYAAAACj6FfAAAgAElEQVR4nOzde3RU533v/8+MBknDeNDogpCEEAwI5EHmIhkrIJtgJNe1ocQGslwOOEl9RNvUkPrYImfld6Cn53cKqX8JclZPgJNfDmrqtvBz0oDruCZuGoExCVCFCgwWMiAQCIEuSIyEEKPLaPT7Q..."
[1552358517.732][INFO]: [be915bfb564646f2428f52c3e3a529ee] COMMAND FindElement {
   "using": "id",
   "value": "steps-dropdown"
}
[1552358517.732][INFO]: Waiting for pending navigations...
[1552358517.734][INFO]: Done waiting for pending navigations. Status: ok
[1552358517.741][INFO]: Waiting for pending navigations...
[1552358517.742][INFO]: Done waiting for pending navigations. Status: ok
[1552358517.742][INFO]: [be915bfb564646f2428f52c3e3a529ee] RESPONSE FindElement {
   "ELEMENT": "0.9200436677188895-7"
}
[1552358517.743][INFO]: [be915bfb564646f2428f52c3e3a529ee] COMMAND GetElementText {
   "id": "0.9200436677188895-7"
}
[1552358517.743][INFO]: Waiting for pending navigations...
[1552358517.744][INFO]: Done waiting for pending navigations. Status: ok
[1552358517.758][INFO]: Waiting for pending navigations...
[1552358517.759][INFO]: Done waiting for pending navigations. Status: ok
[1552358517.759][INFO]: [be915bfb564646f2428f52c3e3a529ee] RESPONSE GetElementText "Steps to a social compliance system"
[1552358517.760][INFO]: [be915bfb564646f2428f52c3e3a529ee] COMMAND Screenshot {

}
[1552358517.760][INFO]: Waiting for pending navigations...
[1552358517.762][INFO]: Done waiting for pending navigations. Status: ok
[1552358518.090][INFO]: Waiting for pending navigations...
[1552358518.091][INFO]: Done waiting for pending navigations. Status: ok
[1552358518.091][INFO]: [be915bfb564646f2428f52c3e3a529ee] RESPONSE Screenshot "iVBORw0KGgoAAAANSUhEUgAAB4AAAANRCAYAAAACj6FfAAAgAElEQVR4nOzde3RU533v/8+MBknDeNDogpCEEAwI5EHmIhkrIJtgJNe1ocQGslwOOEl9RNvUkPrYImfld6Cn53cKqX8JclZPgJNfDmrqtvBz0oDruCZuGoExCVCFCgwWMiAQCIEuSIyEEKPLaPT7Q..."
[1552358518.106][INFO]: [be915bfb564646f2428f52c3e3a529ee] COMMAND FindElement {
   "using": "id",
   "value": "steps-dropdown"
}
[1552358518.106][INFO]: Waiting for pending navigations...
[1552358518.107][INFO]: Done waiting for pending navigations. Status: ok
[1552358518.113][INFO]: Waiting for pending navigations...
[1552358518.113][INFO]: Done waiting for pending navigations. Status: ok
[1552358518.113][INFO]: [be915bfb564646f2428f52c3e3a529ee] RESPONSE FindElement {
   "ELEMENT": "0.9200436677188895-7"
}
[1552358518.115][INFO]: [be915bfb564646f2428f52c3e3a529ee] COMMAND IsElementDisplayed {
   "id": "0.9200436677188895-7"
}
[1552358518.115][INFO]: Waiting for pending navigations...
[1552358518.116][INFO]: Done waiting for pending navigations. Status: ok
[1552358518.121][INFO]: Waiting for pending navigations...
[1552358518.122][INFO]: Done waiting for pending navigations. Status: ok
[1552358518.122][INFO]: [be915bfb564646f2428f52c3e3a529ee] RESPONSE IsElementDisplayed true
[1552358518.125][INFO]: [be915bfb564646f2428f52c3e3a529ee] COMMAND FindElement {
   "using": "id",
   "value": "steps-dropdown"
}
[1552358518.125][INFO]: Waiting for pending navigations...
[1552358518.126][INFO]: Done waiting for pending navigations. Status: ok
[1552358518.131][INFO]: Waiting for pending navigations...
[1552358518.132][INFO]: Done waiting for pending navigations. Status: ok
[1552358518.132][INFO]: [be915bfb564646f2428f52c3e3a529ee] RESPONSE FindElement {
   "ELEMENT": "0.9200436677188895-7"
}
[1552358518.137][INFO]: [be915bfb564646f2428f52c3e3a529ee] COMMAND ClickElement {
   "id": "0.9200436677188895-7"
}
[1552358518.137][INFO]: Waiting for pending navigations...
[1552358518.137][INFO]: Done waiting for pending navigations. Status: ok
[1552358518.206][INFO]: Waiting for pending navigations...
[1552358518.217][INFO]: Done waiting for pending navigations. Status: ok
[1552358518.217][INFO]: [be915bfb564646f2428f52c3e3a529ee] RESPONSE ClickElement
[1552358518.218][INFO]: [be915bfb564646f2428f52c3e3a529ee] COMMAND Screenshot {

}
[1552358518.218][INFO]: Waiting for pending navigations...
[1552358518.219][INFO]: Done waiting for pending navigations. Status: ok
[1552358518.583][INFO]: Waiting for pending navigations...
[1552358518.584][INFO]: Done waiting for pending navigations. Status: ok
[1552358518.584][INFO]: [be915bfb564646f2428f52c3e3a529ee] RESPONSE Screenshot "iVBORw0KGgoAAAANSUhEUgAAB4AAAANRCAYAAAACj6FfAAAgAElEQVR4nOzde3RU533v/8+MBknDeNDogpCEEAwIy4PMRQpWQDbBSK5rQ7ENZDkccJJ6ibapIfWxhc/KOdDT/k5x6pOAs3oCnPxy0EndFn5OGnBt18RNIwgmAaoQgcFCBgQCIdAFiZEQYnQZjX5/6..."
[1552358518.602][INFO]: [be915bfb564646f2428f52c3e3a529ee] COMMAND FindElement {
   "using": "id",
   "value": "step-1-link"
}
[1552358518.602][INFO]: Waiting for pending navigations...
[1552358518.603][INFO]: Done waiting for pending navigations. Status: ok
[1552358518.613][INFO]: Waiting for pending navigations...
[1552358518.613][INFO]: Done waiting for pending navigations. Status: ok
[1552358518.614][INFO]: [be915bfb564646f2428f52c3e3a529ee] RESPONSE FindElement {
   "ELEMENT": "0.9200436677188895-8"
}
[1552358518.615][INFO]: [be915bfb564646f2428f52c3e3a529ee] COMMAND IsElementDisplayed {
   "id": "0.9200436677188895-8"
}
[1552358518.615][INFO]: Waiting for pending navigations...
[1552358518.616][INFO]: Done waiting for pending navigations. Status: ok
[1552358518.632][INFO]: Waiting for pending navigations...
[1552358518.632][INFO]: Done waiting for pending navigations. Status: ok
[1552358518.632][INFO]: [be915bfb564646f2428f52c3e3a529ee] RESPONSE IsElementDisplayed true
[1552358518.634][INFO]: [be915bfb564646f2428f52c3e3a529ee] COMMAND Screenshot {

}
[1552358518.634][INFO]: Waiting for pending navigations...
[1552358518.635][INFO]: Done waiting for pending navigations. Status: ok
[1552358518.950][INFO]: Waiting for pending navigations...
[1552358518.953][INFO]: Done waiting for pending navigations. Status: ok
[1552358518.953][INFO]: [be915bfb564646f2428f52c3e3a529ee] RESPONSE Screenshot "iVBORw0KGgoAAAANSUhEUgAAB4AAAANRCAYAAAACj6FfAAAgAElEQVR4nOzde3RU533v/8+MBknDeNDogpCEEAwIy4PMRQpWQDbBSK5rQ7ENZDkccJJ6ibapIfWxhc/KOdDT/k5x6pOAs3oCnPxy0EndFn5OGnBt18RNIwgmAaoQgcFCBgQCIdAFiZEQYnQZjX5/6..."
[1552358518.973][INFO]: [be915bfb564646f2428f52c3e3a529ee] COMMAND FindElement {
   "using": "id",
   "value": "step-1-link"
}
[1552358518.973][INFO]: Waiting for pending navigations...
[1552358518.974][INFO]: Done waiting for pending navigations. Status: ok
[1552358518.980][INFO]: Waiting for pending navigations...
[1552358518.986][INFO]: Done waiting for pending navigations. Status: ok
[1552358518.986][INFO]: [be915bfb564646f2428f52c3e3a529ee] RESPONSE FindElement {
   "ELEMENT": "0.9200436677188895-8"
}
[1552358518.987][INFO]: [be915bfb564646f2428f52c3e3a529ee] COMMAND GetElementText {
   "id": "0.9200436677188895-8"
}
[1552358518.987][INFO]: Waiting for pending navigations...
[1552358518.993][INFO]: Done waiting for pending navigations. Status: ok
[1552358519.009][INFO]: Waiting for pending navigations...
[1552358519.012][INFO]: Done waiting for pending navigations. Status: ok
[1552358519.012][INFO]: [be915bfb564646f2428f52c3e3a529ee] RESPONSE GetElementText "Step 1: Engage Stakeholders and Partners"
[1552358519.014][INFO]: [be915bfb564646f2428f52c3e3a529ee] COMMAND FindElement {
   "using": "id",
   "value": "step-1-link"
}
[1552358519.014][INFO]: Waiting for pending navigations...
[1552358519.015][INFO]: Done waiting for pending navigations. Status: ok
[1552358519.022][INFO]: Waiting for pending navigations...
[1552358519.023][INFO]: Done waiting for pending navigations. Status: ok
[1552358519.023][INFO]: [be915bfb564646f2428f52c3e3a529ee] RESPONSE FindElement {
   "ELEMENT": "0.9200436677188895-8"
}
[1552358519.024][INFO]: [be915bfb564646f2428f52c3e3a529ee] COMMAND GetElementAttribute {
   "id": "0.9200436677188895-8",
   "name": "href"
}
[1552358519.024][INFO]: Waiting for pending navigations...
[1552358519.025][INFO]: Done waiting for pending navigations. Status: ok
[1552358519.029][INFO]: Waiting for pending navigations...
[1552358519.030][INFO]: Done waiting for pending navigations. Status: ok
[1552358519.030][INFO]: [be915bfb564646f2428f52c3e3a529ee] RESPONSE GetElementAttribute "http://localhost:3000/steps/1"
[1552358519.031][INFO]: [be915bfb564646f2428f52c3e3a529ee] COMMAND Screenshot {

}
[1552358519.031][INFO]: Waiting for pending navigations...
[1552358519.032][INFO]: Done waiting for pending navigations. Status: ok
[1552358519.372][INFO]: Waiting for pending navigations...
[1552358519.373][INFO]: Done waiting for pending navigations. Status: ok
[1552358519.374][INFO]: [be915bfb564646f2428f52c3e3a529ee] RESPONSE Screenshot "iVBORw0KGgoAAAANSUhEUgAAB4AAAANRCAYAAAACj6FfAAAgAElEQVR4nOzde3RU533v/8+MBknDeNDogpCEEAwIy4PMRQpWQDbBSK5rQ7ENZDkccJJ6ibapIfWxhc/KOdDT/k5x6pOAs3oCnPxy0EndFn5OGnBt18RNIwgmAaoQgcFCBgQCIdAFiZEQYnQZjX5/6..."
[1552358519.392][INFO]: [be915bfb564646f2428f52c3e3a529ee] COMMAND FindElement {
   "using": "id",
   "value": "step-2-link"
}
[1552358519.392][INFO]: Waiting for pending navigations...
[1552358519.393][INFO]: Done waiting for pending navigations. Status: ok
[1552358519.405][INFO]: Waiting for pending navigations...
[1552358519.406][INFO]: Done waiting for pending navigations. Status: ok
[1552358519.406][INFO]: [be915bfb564646f2428f52c3e3a529ee] RESPONSE FindElement {
   "ELEMENT": "0.9200436677188895-9"
}
[1552358519.407][INFO]: [be915bfb564646f2428f52c3e3a529ee] COMMAND IsElementDisplayed {
   "id": "0.9200436677188895-9"
}
[1552358519.407][INFO]: Waiting for pending navigations...
[1552358519.408][INFO]: Done waiting for pending navigations. Status: ok
[1552358519.420][INFO]: Waiting for pending navigations...
[1552358519.421][INFO]: Done waiting for pending navigations. Status: ok
[1552358519.421][INFO]: [be915bfb564646f2428f52c3e3a529ee] RESPONSE IsElementDisplayed true
[1552358519.422][INFO]: [be915bfb564646f2428f52c3e3a529ee] COMMAND Screenshot {

}
[1552358519.422][INFO]: Waiting for pending navigations...
[1552358519.423][INFO]: Done waiting for pending navigations. Status: ok
[1552358519.754][INFO]: Waiting for pending navigations...
[1552358519.755][INFO]: Done waiting for pending navigations. Status: ok
[1552358519.755][INFO]: [be915bfb564646f2428f52c3e3a529ee] RESPONSE Screenshot "iVBORw0KGgoAAAANSUhEUgAAB4AAAANRCAYAAAACj6FfAAAgAElEQVR4nOzde3RU533v/8+MBknDeNDogpCEEAwIy4PMRQpWQDbBSK5rQ7ENZDkccJJ6ibapIfWxhc/KOdDT/k5x6pOAs3oCnPxy0EndFn5OGnBt18RNIwgmAaoQgcFCBgQCIdAFiZEQYnQZjX5/6..."
[1552358519.776][INFO]: [be915bfb564646f2428f52c3e3a529ee] COMMAND FindElement {
   "using": "id",
   "value": "step-2-link"
}
[1552358519.776][INFO]: Waiting for pending navigations...
[1552358519.777][INFO]: Done waiting for pending navigations. Status: ok
[1552358519.782][INFO]: Waiting for pending navigations...
[1552358519.783][INFO]: Done waiting for pending navigations. Status: ok
[1552358519.783][INFO]: [be915bfb564646f2428f52c3e3a529ee] RESPONSE FindElement {
   "ELEMENT": "0.9200436677188895-9"
}
[1552358519.784][INFO]: [be915bfb564646f2428f52c3e3a529ee] COMMAND GetElementText {
   "id": "0.9200436677188895-9"
}
[1552358519.784][INFO]: Waiting for pending navigations...
[1552358519.785][INFO]: Done waiting for pending navigations. Status: ok
[1552358519.799][INFO]: Waiting for pending navigations...
[1552358519.800][INFO]: Done waiting for pending navigations. Status: ok
[1552358519.800][INFO]: [be915bfb564646f2428f52c3e3a529ee] RESPONSE GetElementText "Step 2: Assess Risks And Impacts"
[1552358519.802][INFO]: [be915bfb564646f2428f52c3e3a529ee] COMMAND FindElement {
   "using": "id",
   "value": "step-2-link"
}
[1552358519.802][INFO]: Waiting for pending navigations...
[1552358519.803][INFO]: Done waiting for pending navigations. Status: ok
[1552358519.808][INFO]: Waiting for pending navigations...
[1552358519.808][INFO]: Done waiting for pending navigations. Status: ok
[1552358519.808][INFO]: [be915bfb564646f2428f52c3e3a529ee] RESPONSE FindElement {
   "ELEMENT": "0.9200436677188895-9"
}
[1552358519.809][INFO]: [be915bfb564646f2428f52c3e3a529ee] COMMAND GetElementAttribute {
   "id": "0.9200436677188895-9",
   "name": "href"
}
[1552358519.809][INFO]: Waiting for pending navigations...
[1552358519.810][INFO]: Done waiting for pending navigations. Status: ok
[1552358519.813][INFO]: Waiting for pending navigations...
[1552358519.814][INFO]: Done waiting for pending navigations. Status: ok
[1552358519.814][INFO]: [be915bfb564646f2428f52c3e3a529ee] RESPONSE GetElementAttribute "http://localhost:3000/steps/2"
[1552358519.815][INFO]: [be915bfb564646f2428f52c3e3a529ee] COMMAND Screenshot {

}
[1552358519.815][INFO]: Waiting for pending navigations...
[1552358519.818][INFO]: Done waiting for pending navigations. Status: ok
[1552358520.154][INFO]: Waiting for pending navigations...
[1552358520.155][INFO]: Done waiting for pending navigations. Status: ok
[1552358520.155][INFO]: [be915bfb564646f2428f52c3e3a529ee] RESPONSE Screenshot "iVBORw0KGgoAAAANSUhEUgAAB4AAAANRCAYAAAACj6FfAAAgAElEQVR4nOzde3RU533v/8+MBknDeNDogpCEEAwIy4PMRQpWQDbBSK5rQ7ENZDkccJJ6ibapIfWxhc/KOdDT/k5x6pOAs3oCnPxy0EndFn5OGnBt18RNIwgmAaoQgcFCBgQCIdAFiZEQYnQZjX5/6..."
[1552358520.176][INFO]: [be915bfb564646f2428f52c3e3a529ee] COMMAND FindElement {
   "using": "id",
   "value": "step-3-link"
}
[1552358520.176][INFO]: Waiting for pending navigations...
[1552358520.177][INFO]: Done waiting for pending navigations. Status: ok
[1552358520.188][INFO]: Waiting for pending navigations...
[1552358520.189][INFO]: Done waiting for pending navigations. Status: ok
[1552358520.189][INFO]: [be915bfb564646f2428f52c3e3a529ee] RESPONSE FindElement {
   "ELEMENT": "0.9200436677188895-10"
}
[1552358520.190][INFO]: [be915bfb564646f2428f52c3e3a529ee] COMMAND IsElementDisplayed {
   "id": "0.9200436677188895-10"
}
[1552358520.190][INFO]: Waiting for pending navigations...
[1552358520.190][INFO]: Done waiting for pending navigations. Status: ok
[1552358520.201][INFO]: Waiting for pending navigations...
[1552358520.202][INFO]: Done waiting for pending navigations. Status: ok
[1552358520.202][INFO]: [be915bfb564646f2428f52c3e3a529ee] RESPONSE IsElementDisplayed true
[1552358520.203][INFO]: [be915bfb564646f2428f52c3e3a529ee] COMMAND Screenshot {

}
[1552358520.203][INFO]: Waiting for pending navigations...
[1552358520.204][INFO]: Done waiting for pending navigations. Status: ok
[1552358520.546][INFO]: Waiting for pending navigations...
[1552358520.547][INFO]: Done waiting for pending navigations. Status: ok
[1552358520.547][INFO]: [be915bfb564646f2428f52c3e3a529ee] RESPONSE Screenshot "iVBORw0KGgoAAAANSUhEUgAAB4AAAANRCAYAAAACj6FfAAAgAElEQVR4nOzde3RU533v/8+MBknDeNDogpCEEAwIy4PMRQpWQDbBSK5rQ7ENZDkccJJ6ibapIfWxhc/KOdDT/k5x6pOAs3oCnPxy0EndFn5OGnBt18RNIwgmAaoQgcFCBgQCIdAFiZEQYnQZjX5/6..."
[1552358520.563][INFO]: [be915bfb564646f2428f52c3e3a529ee] COMMAND FindElement {
   "using": "id",
   "value": "step-3-link"
}
[1552358520.563][INFO]: Waiting for pending navigations...
[1552358520.564][INFO]: Done waiting for pending navigations. Status: ok
[1552358520.570][INFO]: Waiting for pending navigations...
[1552358520.571][INFO]: Done waiting for pending navigations. Status: ok
[1552358520.571][INFO]: [be915bfb564646f2428f52c3e3a529ee] RESPONSE FindElement {
   "ELEMENT": "0.9200436677188895-10"
}
[1552358520.572][INFO]: [be915bfb564646f2428f52c3e3a529ee] COMMAND GetElementText {
   "id": "0.9200436677188895-10"
}
[1552358520.572][INFO]: Waiting for pending navigations...
[1552358520.574][INFO]: Done waiting for pending navigations. Status: ok
[1552358520.588][INFO]: Waiting for pending navigations...
[1552358520.589][INFO]: Done waiting for pending navigations. Status: ok
[1552358520.589][INFO]: [be915bfb564646f2428f52c3e3a529ee] RESPONSE GetElementText "Step 3: Develop a Code of Conduct"
[1552358520.592][INFO]: [be915bfb564646f2428f52c3e3a529ee] COMMAND FindElement {
   "using": "id",
   "value": "step-3-link"
}
[1552358520.592][INFO]: Waiting for pending navigations...
[1552358520.593][INFO]: Done waiting for pending navigations. Status: ok
[1552358520.599][INFO]: Waiting for pending navigations...
[1552358520.600][INFO]: Done waiting for pending navigations. Status: ok
[1552358520.600][INFO]: [be915bfb564646f2428f52c3e3a529ee] RESPONSE FindElement {
   "ELEMENT": "0.9200436677188895-10"
}
[1552358520.600][INFO]: [be915bfb564646f2428f52c3e3a529ee] COMMAND GetElementAttribute {
   "id": "0.9200436677188895-10",
   "name": "href"
}
[1552358520.601][INFO]: Waiting for pending navigations...
[1552358520.601][INFO]: Done waiting for pending navigations. Status: ok
[1552358520.605][INFO]: Waiting for pending navigations...
[1552358520.605][INFO]: Done waiting for pending navigations. Status: ok
[1552358520.605][INFO]: [be915bfb564646f2428f52c3e3a529ee] RESPONSE GetElementAttribute "http://localhost:3000/steps/3"
[1552358520.606][INFO]: [be915bfb564646f2428f52c3e3a529ee] COMMAND Screenshot {

}
[1552358520.606][INFO]: Waiting for pending navigations...
[1552358520.607][INFO]: Done waiting for pending navigations. Status: ok
[1552358520.930][INFO]: Waiting for pending navigations...
[1552358520.931][INFO]: Done waiting for pending navigations. Status: ok
[1552358520.931][INFO]: [be915bfb564646f2428f52c3e3a529ee] RESPONSE Screenshot "iVBORw0KGgoAAAANSUhEUgAAB4AAAANRCAYAAAACj6FfAAAgAElEQVR4nOzde3RU533v/8+MBknDeNDogpCEEAwIy4PMRQpWQDbBSK5rQ7ENZDkccJJ6ibapIfWxhc/KOdDT/k5x6pOAs3oCnPxy0EndFn5OGnBt18RNIwgmAaoQgcFCBgQCIdAFiZEQYnQZjX5/6..."
[1552358520.957][INFO]: [be915bfb564646f2428f52c3e3a529ee] COMMAND FindElement {
   "using": "id",
   "value": "step-4-link"
}
[1552358520.957][INFO]: Waiting for pending navigations...
[1552358520.958][INFO]: Done waiting for pending navigations. Status: ok
[1552358520.973][INFO]: Waiting for pending navigations...
[1552358520.974][INFO]: Done waiting for pending navigations. Status: ok
[1552358520.974][INFO]: [be915bfb564646f2428f52c3e3a529ee] RESPONSE FindElement {
   "ELEMENT": "0.9200436677188895-11"
}
[1552358520.975][INFO]: [be915bfb564646f2428f52c3e3a529ee] COMMAND IsElementDisplayed {
   "id": "0.9200436677188895-11"
}
[1552358520.976][INFO]: Waiting for pending navigations...
[1552358520.977][INFO]: Done waiting for pending navigations. Status: ok
[1552358520.993][INFO]: Waiting for pending navigations...
[1552358520.995][INFO]: Done waiting for pending navigations. Status: ok
[1552358520.995][INFO]: [be915bfb564646f2428f52c3e3a529ee] RESPONSE IsElementDisplayed true
[1552358520.996][INFO]: [be915bfb564646f2428f52c3e3a529ee] COMMAND Screenshot {

}
[1552358520.996][INFO]: Waiting for pending navigations...
[1552358520.998][INFO]: Done waiting for pending navigations. Status: ok
[1552358521.385][INFO]: Waiting for pending navigations...
[1552358521.386][INFO]: Done waiting for pending navigations. Status: ok
[1552358521.386][INFO]: [be915bfb564646f2428f52c3e3a529ee] RESPONSE Screenshot "iVBORw0KGgoAAAANSUhEUgAAB4AAAANRCAYAAAACj6FfAAAgAElEQVR4nOzde3RU533v/8+MBknDeNDogpCEEAwIy4PMRQpWQDbBSK5rQ7ENZDkccJJ6ibapIfWxhc/KOdDT/k5x6pOAs3oCnPxy0EndFn5OGnBt18RNIwgmAaoQgcFCBgQCIdAFiZEQYnQZjX5/6..."
[1552358521.405][INFO]: [be915bfb564646f2428f52c3e3a529ee] COMMAND FindElement {
   "using": "id",
   "value": "step-4-link"
}
[1552358521.405][INFO]: Waiting for pending navigations...
[1552358521.406][INFO]: Done waiting for pending navigations. Status: ok
[1552358521.412][INFO]: Waiting for pending navigations...
[1552358521.413][INFO]: Done waiting for pending navigations. Status: ok
[1552358521.413][INFO]: [be915bfb564646f2428f52c3e3a529ee] RESPONSE FindElement {
   "ELEMENT": "0.9200436677188895-11"
}
[1552358521.414][INFO]: [be915bfb564646f2428f52c3e3a529ee] COMMAND GetElementText {
   "id": "0.9200436677188895-11"
}
[1552358521.414][INFO]: Waiting for pending navigations...
[1552358521.415][INFO]: Done waiting for pending navigations. Status: ok
[1552358521.427][INFO]: Waiting for pending navigations...
[1552358521.428][INFO]: Done waiting for pending navigations. Status: ok
[1552358521.428][INFO]: [be915bfb564646f2428f52c3e3a529ee] RESPONSE GetElementText "Step 4: Communicate and Train across your Supply Chain"
[1552358521.430][INFO]: [be915bfb564646f2428f52c3e3a529ee] COMMAND FindElement {
   "using": "id",
   "value": "step-4-link"
}
[1552358521.430][INFO]: Waiting for pending navigations...
[1552358521.431][INFO]: Done waiting for pending navigations. Status: ok
[1552358521.438][INFO]: Waiting for pending navigations...
[1552358521.439][INFO]: Done waiting for pending navigations. Status: ok
[1552358521.439][INFO]: [be915bfb564646f2428f52c3e3a529ee] RESPONSE FindElement {
   "ELEMENT": "0.9200436677188895-11"
}
[1552358521.440][INFO]: [be915bfb564646f2428f52c3e3a529ee] COMMAND GetElementAttribute {
   "id": "0.9200436677188895-11",
   "name": "href"
}
[1552358521.440][INFO]: Waiting for pending navigations...
[1552358521.442][INFO]: Done waiting for pending navigations. Status: ok
[1552358521.446][INFO]: Waiting for pending navigations...
[1552358521.447][INFO]: Done waiting for pending navigations. Status: ok
[1552358521.447][INFO]: [be915bfb564646f2428f52c3e3a529ee] RESPONSE GetElementAttribute "http://localhost:3000/steps/4"
[1552358521.448][INFO]: [be915bfb564646f2428f52c3e3a529ee] COMMAND Screenshot {

}
[1552358521.448][INFO]: Waiting for pending navigations...
[1552358521.449][INFO]: Done waiting for pending navigations. Status: ok
[1552358521.789][INFO]: Waiting for pending navigations...
[1552358521.790][INFO]: Done waiting for pending navigations. Status: ok
[1552358521.790][INFO]: [be915bfb564646f2428f52c3e3a529ee] RESPONSE Screenshot "iVBORw0KGgoAAAANSUhEUgAAB4AAAANRCAYAAAACj6FfAAAgAElEQVR4nOzde3RU533v/8+MBknDeNDogpCEEAwIy4PMRQpWQDbBSK5rQ7ENZDkccJJ6ibapIfWxhc/KOdDT/k5x6pOAs3oCnPxy0EndFn5OGnBt18RNIwgmAaoQgcFCBgQCIdAFiZEQYnQZjX5/6..."
[1552358521.808][INFO]: [be915bfb564646f2428f52c3e3a529ee] COMMAND FindElement {
   "using": "id",
   "value": "step-5-link"
}
[1552358521.808][INFO]: Waiting for pending navigations...
[1552358521.810][INFO]: Done waiting for pending navigations. Status: ok
[1552358521.824][INFO]: Waiting for pending navigations...
[1552358521.825][INFO]: Done waiting for pending navigations. Status: ok
[1552358521.825][INFO]: [be915bfb564646f2428f52c3e3a529ee] RESPONSE FindElement {
   "ELEMENT": "0.9200436677188895-12"
}
[1552358521.827][INFO]: [be915bfb564646f2428f52c3e3a529ee] COMMAND IsElementDisplayed {
   "id": "0.9200436677188895-12"
}
[1552358521.827][INFO]: Waiting for pending navigations...
[1552358521.828][INFO]: Done waiting for pending navigations. Status: ok
[1552358521.843][INFO]: Waiting for pending navigations...
[1552358521.844][INFO]: Done waiting for pending navigations. Status: ok
[1552358521.844][INFO]: [be915bfb564646f2428f52c3e3a529ee] RESPONSE IsElementDisplayed true
[1552358521.845][INFO]: [be915bfb564646f2428f52c3e3a529ee] COMMAND Screenshot {

}
[1552358521.845][INFO]: Waiting for pending navigations...
[1552358521.847][INFO]: Done waiting for pending navigations. Status: ok
[1552358522.256][INFO]: Waiting for pending navigations...
[1552358522.257][INFO]: Done waiting for pending navigations. Status: ok
[1552358522.257][INFO]: [be915bfb564646f2428f52c3e3a529ee] RESPONSE Screenshot "iVBORw0KGgoAAAANSUhEUgAAB4AAAANRCAYAAAACj6FfAAAgAElEQVR4nOzde3RU533v/8+MBknDeNDogpCEEAwIy4PMRQpWQDbBSK5rQ7ENZDkccJJ6ibapIfWxhc/KOdDT/k5x6pOAs3oCnPxy0EndFn5OGnBt18RNIwgmAaoQgcFCBgQCIdAFiZEQYnQZjX5/6..."
[1552358522.278][INFO]: [be915bfb564646f2428f52c3e3a529ee] COMMAND FindElement {
   "using": "id",
   "value": "step-5-link"
}
[1552358522.278][INFO]: Waiting for pending navigations...
[1552358522.279][INFO]: Done waiting for pending navigations. Status: ok
[1552358522.286][INFO]: Waiting for pending navigations...
[1552358522.287][INFO]: Done waiting for pending navigations. Status: ok
[1552358522.287][INFO]: [be915bfb564646f2428f52c3e3a529ee] RESPONSE FindElement {
   "ELEMENT": "0.9200436677188895-12"
}
[1552358522.288][INFO]: [be915bfb564646f2428f52c3e3a529ee] COMMAND GetElementText {
   "id": "0.9200436677188895-12"
}
[1552358522.288][INFO]: Waiting for pending navigations...
[1552358522.289][INFO]: Done waiting for pending navigations. Status: ok
[1552358522.303][INFO]: Waiting for pending navigations...
[1552358522.304][INFO]: Done waiting for pending navigations. Status: ok
[1552358522.304][INFO]: [be915bfb564646f2428f52c3e3a529ee] RESPONSE GetElementText "Step 5: Monitor Compliance"
[1552358522.306][INFO]: [be915bfb564646f2428f52c3e3a529ee] COMMAND FindElement {
   "using": "id",
   "value": "step-5-link"
}
[1552358522.306][INFO]: Waiting for pending navigations...
[1552358522.307][INFO]: Done waiting for pending navigations. Status: ok
[1552358522.313][INFO]: Waiting for pending navigations...
[1552358522.314][INFO]: Done waiting for pending navigations. Status: ok
[1552358522.314][INFO]: [be915bfb564646f2428f52c3e3a529ee] RESPONSE FindElement {
   "ELEMENT": "0.9200436677188895-12"
}
[1552358522.316][INFO]: [be915bfb564646f2428f52c3e3a529ee] COMMAND GetElementAttribute {
   "id": "0.9200436677188895-12",
   "name": "href"
}
[1552358522.316][INFO]: Waiting for pending navigations...
[1552358522.317][INFO]: Done waiting for pending navigations. Status: ok
[1552358522.320][INFO]: Waiting for pending navigations...
[1552358522.321][INFO]: Done waiting for pending navigations. Status: ok
[1552358522.321][INFO]: [be915bfb564646f2428f52c3e3a529ee] RESPONSE GetElementAttribute "http://localhost:3000/steps/5"
[1552358522.322][INFO]: [be915bfb564646f2428f52c3e3a529ee] COMMAND Screenshot {

}
[1552358522.322][INFO]: Waiting for pending navigations...
[1552358522.324][INFO]: Done waiting for pending navigations. Status: ok
[1552358522.632][INFO]: Waiting for pending navigations...
[1552358522.633][INFO]: Done waiting for pending navigations. Status: ok
[1552358522.633][INFO]: [be915bfb564646f2428f52c3e3a529ee] RESPONSE Screenshot "iVBORw0KGgoAAAANSUhEUgAAB4AAAANRCAYAAAACj6FfAAAgAElEQVR4nOzde3RU533v/8+MBknDeNDogpCEEAwIy4PMRQpWQDbBSK5rQ7ENZDkccJJ6ibapIfWxhc/KOdDT/k5x6pOAs3oCnPxy0EndFn5OGnBt18RNIwgmAaoQgcFCBgQCIdAFiZEQYnQZjX5/6..."
[1552358522.654][INFO]: [be915bfb564646f2428f52c3e3a529ee] COMMAND FindElement {
   "using": "id",
   "value": "step-6-link"
}
[1552358522.654][INFO]: Waiting for pending navigations...
[1552358522.655][INFO]: Done waiting for pending navigations. Status: ok
[1552358522.667][INFO]: Waiting for pending navigations...
[1552358522.668][INFO]: Done waiting for pending navigations. Status: ok
[1552358522.668][INFO]: [be915bfb564646f2428f52c3e3a529ee] RESPONSE FindElement {
   "ELEMENT": "0.9200436677188895-13"
}
[1552358522.670][INFO]: [be915bfb564646f2428f52c3e3a529ee] COMMAND IsElementDisplayed {
   "id": "0.9200436677188895-13"
}
[1552358522.670][INFO]: Waiting for pending navigations...
[1552358522.671][INFO]: Done waiting for pending navigations. Status: ok
[1552358522.683][INFO]: Waiting for pending navigations...
[1552358522.685][INFO]: Done waiting for pending navigations. Status: ok
[1552358522.685][INFO]: [be915bfb564646f2428f52c3e3a529ee] RESPONSE IsElementDisplayed true
[1552358522.686][INFO]: [be915bfb564646f2428f52c3e3a529ee] COMMAND Screenshot {

}
[1552358522.686][INFO]: Waiting for pending navigations...
[1552358522.687][INFO]: Done waiting for pending navigations. Status: ok
[1552358523.057][INFO]: Waiting for pending navigations...
[1552358523.058][INFO]: Done waiting for pending navigations. Status: ok
[1552358523.058][INFO]: [be915bfb564646f2428f52c3e3a529ee] RESPONSE Screenshot "iVBORw0KGgoAAAANSUhEUgAAB4AAAANRCAYAAAACj6FfAAAgAElEQVR4nOzde3RU533v/8+MBknDeNDogpCEEAwIy4PMRQpWQDbBSK5rQ7ENZDkccJJ6ibapIfWxhc/KOdDT/k5x6pOAs3oCnPxy0EndFn5OGnBt18RNIwgmAaoQgcFCBgQCIdAFiZEQYnQZjX5/6..."
[1552358523.091][INFO]: [be915bfb564646f2428f52c3e3a529ee] COMMAND FindElement {
   "using": "id",
   "value": "step-6-link"
}
[1552358523.091][INFO]: Waiting for pending navigations...
[1552358523.092][INFO]: Done waiting for pending navigations. Status: ok
[1552358523.098][INFO]: Waiting for pending navigations...
[1552358523.099][INFO]: Done waiting for pending navigations. Status: ok
[1552358523.099][INFO]: [be915bfb564646f2428f52c3e3a529ee] RESPONSE FindElement {
   "ELEMENT": "0.9200436677188895-13"
}
[1552358523.100][INFO]: [be915bfb564646f2428f52c3e3a529ee] COMMAND GetElementText {
   "id": "0.9200436677188895-13"
}
[1552358523.100][INFO]: Waiting for pending navigations...
[1552358523.101][INFO]: Done waiting for pending navigations. Status: ok
[1552358523.114][INFO]: Waiting for pending navigations...
[1552358523.115][INFO]: Done waiting for pending navigations. Status: ok
[1552358523.115][INFO]: [be915bfb564646f2428f52c3e3a529ee] RESPONSE GetElementText "Step 6: Remediate Violations"
[1552358523.118][INFO]: [be915bfb564646f2428f52c3e3a529ee] COMMAND FindElement {
   "using": "id",
   "value": "step-6-link"
}
[1552358523.118][INFO]: Waiting for pending navigations...
[1552358523.119][INFO]: Done waiting for pending navigations. Status: ok
[1552358523.125][INFO]: Waiting for pending navigations...
[1552358523.126][INFO]: Done waiting for pending navigations. Status: ok
[1552358523.126][INFO]: [be915bfb564646f2428f52c3e3a529ee] RESPONSE FindElement {
   "ELEMENT": "0.9200436677188895-13"
}
[1552358523.127][INFO]: [be915bfb564646f2428f52c3e3a529ee] COMMAND GetElementAttribute {
   "id": "0.9200436677188895-13",
   "name": "href"
}
[1552358523.127][INFO]: Waiting for pending navigations...
[1552358523.129][INFO]: Done waiting for pending navigations. Status: ok
[1552358523.132][INFO]: Waiting for pending navigations...
[1552358523.134][INFO]: Done waiting for pending navigations. Status: ok
[1552358523.134][INFO]: [be915bfb564646f2428f52c3e3a529ee] RESPONSE GetElementAttribute "http://localhost:3000/steps/6"
[1552358523.135][INFO]: [be915bfb564646f2428f52c3e3a529ee] COMMAND Screenshot {

}
[1552358523.135][INFO]: Waiting for pending navigations...
[1552358523.136][INFO]: Done waiting for pending navigations. Status: ok
[1552358523.491][INFO]: Waiting for pending navigations...
[1552358523.492][INFO]: Done waiting for pending navigations. Status: ok
[1552358523.492][INFO]: [be915bfb564646f2428f52c3e3a529ee] RESPONSE Screenshot "iVBORw0KGgoAAAANSUhEUgAAB4AAAANRCAYAAAACj6FfAAAgAElEQVR4nOzde3RU533v/8+MBknDeNDogpCEEAwIy4PMRQpWQDbBSK5rQ7ENZDkccJJ6ibapIfWxhc/KOdDT/k5x6pOAs3oCnPxy0EndFn5OGnBt18RNIwgmAaoQgcFCBgQCIdAFiZEQYnQZjX5/6..."
[1552358523.508][INFO]: [be915bfb564646f2428f52c3e3a529ee] COMMAND FindElement {
   "using": "id",
   "value": "step-7-link"
}
[1552358523.508][INFO]: Waiting for pending navigations...
[1552358523.509][INFO]: Done waiting for pending navigations. Status: ok
[1552358523.521][INFO]: Waiting for pending navigations...
[1552358523.521][INFO]: Done waiting for pending navigations. Status: ok
[1552358523.521][INFO]: [be915bfb564646f2428f52c3e3a529ee] RESPONSE FindElement {
   "ELEMENT": "0.9200436677188895-14"
}
[1552358523.523][INFO]: [be915bfb564646f2428f52c3e3a529ee] COMMAND IsElementDisplayed {
   "id": "0.9200436677188895-14"
}
[1552358523.523][INFO]: Waiting for pending navigations...
[1552358523.524][INFO]: Done waiting for pending navigations. Status: ok
[1552358523.534][INFO]: Waiting for pending navigations...
[1552358523.535][INFO]: Done waiting for pending navigations. Status: ok
[1552358523.535][INFO]: [be915bfb564646f2428f52c3e3a529ee] RESPONSE IsElementDisplayed true
[1552358523.536][INFO]: [be915bfb564646f2428f52c3e3a529ee] COMMAND Screenshot {

}
[1552358523.536][INFO]: Waiting for pending navigations...
[1552358523.537][INFO]: Done waiting for pending navigations. Status: ok
[1552358523.926][INFO]: Waiting for pending navigations...
[1552358523.930][INFO]: Done waiting for pending navigations. Status: ok
[1552358523.931][INFO]: [be915bfb564646f2428f52c3e3a529ee] RESPONSE Screenshot "iVBORw0KGgoAAAANSUhEUgAAB4AAAANRCAYAAAACj6FfAAAgAElEQVR4nOzde3RU533v/8+MBknDeNDogpCEEAwIy4PMRQpWQDbBSK5rQ7ENZDkccJJ6ibapIfWxhc/KOdDT/k5x6pOAs3oCnPxy0EndFn5OGnBt18RNIwgmAaoQgcFCBgQCIdAFiZEQYnQZjX5/6..."
[1552358523.950][INFO]: [be915bfb564646f2428f52c3e3a529ee] COMMAND FindElement {
   "using": "id",
   "value": "step-7-link"
}
[1552358523.950][INFO]: Waiting for pending navigations...
[1552358523.951][INFO]: Done waiting for pending navigations. Status: ok
[1552358523.956][INFO]: Waiting for pending navigations...
[1552358523.958][INFO]: Done waiting for pending navigations. Status: ok
[1552358523.958][INFO]: [be915bfb564646f2428f52c3e3a529ee] RESPONSE FindElement {
   "ELEMENT": "0.9200436677188895-14"
}
[1552358523.959][INFO]: [be915bfb564646f2428f52c3e3a529ee] COMMAND GetElementText {
   "id": "0.9200436677188895-14"
}
[1552358523.959][INFO]: Waiting for pending navigations...
[1552358523.960][INFO]: Done waiting for pending navigations. Status: ok
[1552358523.972][INFO]: Waiting for pending navigations...
[1552358523.973][INFO]: Done waiting for pending navigations. Status: ok
[1552358523.973][INFO]: [be915bfb564646f2428f52c3e3a529ee] RESPONSE GetElementText "Step 7: Independent Review"
[1552358523.975][INFO]: [be915bfb564646f2428f52c3e3a529ee] COMMAND FindElement {
   "using": "id",
   "value": "step-7-link"
}
[1552358523.975][INFO]: Waiting for pending navigations...
[1552358523.976][INFO]: Done waiting for pending navigations. Status: ok
[1552358523.981][INFO]: Waiting for pending navigations...
[1552358523.983][INFO]: Done waiting for pending navigations. Status: ok
[1552358523.984][INFO]: [be915bfb564646f2428f52c3e3a529ee] RESPONSE FindElement {
   "ELEMENT": "0.9200436677188895-14"
}
[1552358523.985][INFO]: [be915bfb564646f2428f52c3e3a529ee] COMMAND GetElementAttribute {
   "id": "0.9200436677188895-14",
   "name": "href"
}
[1552358523.985][INFO]: Waiting for pending navigations...
[1552358523.986][INFO]: Done waiting for pending navigations. Status: ok
[1552358523.989][INFO]: Waiting for pending navigations...
[1552358523.991][INFO]: Done waiting for pending navigations. Status: ok
[1552358523.991][INFO]: [be915bfb564646f2428f52c3e3a529ee] RESPONSE GetElementAttribute "http://localhost:3000/steps/7"
[1552358523.993][INFO]: [be915bfb564646f2428f52c3e3a529ee] COMMAND Screenshot {

}
[1552358523.993][INFO]: Waiting for pending navigations...
[1552358523.995][INFO]: Done waiting for pending navigations. Status: ok
[1552358524.386][INFO]: Waiting for pending navigations...
[1552358524.387][INFO]: Done waiting for pending navigations. Status: ok
[1552358524.387][INFO]: [be915bfb564646f2428f52c3e3a529ee] RESPONSE Screenshot "iVBORw0KGgoAAAANSUhEUgAAB4AAAANRCAYAAAACj6FfAAAgAElEQVR4nOzde3RU533v/8+MBknDeNDogpCEEAwIy4PMRQpWQDbBSK5rQ7ENZDkccJJ6ibapIfWxhc/KOdDT/k5x6pOAs3oCnPxy0EndFn5OGnBt18RNIwgmAaoQgcFCBgQCIdAFiZEQYnQZjX5/6..."
[1552358524.404][INFO]: [be915bfb564646f2428f52c3e3a529ee] COMMAND FindElement {
   "using": "id",
   "value": "step-8-link"
}
[1552358524.404][INFO]: Waiting for pending navigations...
[1552358524.405][INFO]: Done waiting for pending navigations. Status: ok
[1552358524.415][INFO]: Waiting for pending navigations...
[1552358524.416][INFO]: Done waiting for pending navigations. Status: ok
[1552358524.416][INFO]: [be915bfb564646f2428f52c3e3a529ee] RESPONSE FindElement {
   "ELEMENT": "0.9200436677188895-15"
}
[1552358524.417][INFO]: [be915bfb564646f2428f52c3e3a529ee] COMMAND IsElementDisplayed {
   "id": "0.9200436677188895-15"
}
[1552358524.417][INFO]: Waiting for pending navigations...
[1552358524.418][INFO]: Done waiting for pending navigations. Status: ok
[1552358524.428][INFO]: Waiting for pending navigations...
[1552358524.429][INFO]: Done waiting for pending navigations. Status: ok
[1552358524.429][INFO]: [be915bfb564646f2428f52c3e3a529ee] RESPONSE IsElementDisplayed true
[1552358524.430][INFO]: [be915bfb564646f2428f52c3e3a529ee] COMMAND Screenshot {

}
[1552358524.430][INFO]: Waiting for pending navigations...
[1552358524.431][INFO]: Done waiting for pending navigations. Status: ok
[1552358524.829][INFO]: Waiting for pending navigations...
[1552358524.830][INFO]: Done waiting for pending navigations. Status: ok
[1552358524.830][INFO]: [be915bfb564646f2428f52c3e3a529ee] RESPONSE Screenshot "iVBORw0KGgoAAAANSUhEUgAAB4AAAANRCAYAAAACj6FfAAAgAElEQVR4nOzde3RU533v/8+MBknDeNDogpCEEAwIy4PMRQpWQDbBSK5rQ7ENZDkccJJ6ibapIfWxhc/KOdDT/k5x6pOAs3oCnPxy0EndFn5OGnBt18RNIwgmAaoQgcFCBgQCIdAFiZEQYnQZjX5/6..."
[1552358524.850][INFO]: [be915bfb564646f2428f52c3e3a529ee] COMMAND FindElement {
   "using": "id",
   "value": "step-8-link"
}
[1552358524.850][INFO]: Waiting for pending navigations...
[1552358524.851][INFO]: Done waiting for pending navigations. Status: ok
[1552358524.856][INFO]: Waiting for pending navigations...
[1552358524.857][INFO]: Done waiting for pending navigations. Status: ok
[1552358524.857][INFO]: [be915bfb564646f2428f52c3e3a529ee] RESPONSE FindElement {
   "ELEMENT": "0.9200436677188895-15"
}
[1552358524.858][INFO]: [be915bfb564646f2428f52c3e3a529ee] COMMAND GetElementText {
   "id": "0.9200436677188895-15"
}
[1552358524.858][INFO]: Waiting for pending navigations...
[1552358524.859][INFO]: Done waiting for pending navigations. Status: ok
[1552358524.871][INFO]: Waiting for pending navigations...
[1552358524.872][INFO]: Done waiting for pending navigations. Status: ok
[1552358524.872][INFO]: [be915bfb564646f2428f52c3e3a529ee] RESPONSE GetElementText "Step 8: Report Performance"
[1552358524.875][INFO]: [be915bfb564646f2428f52c3e3a529ee] COMMAND FindElement {
   "using": "id",
   "value": "step-8-link"
}
[1552358524.875][INFO]: Waiting for pending navigations...
[1552358524.877][INFO]: Done waiting for pending navigations. Status: ok
[1552358524.886][INFO]: Waiting for pending navigations...
[1552358524.889][INFO]: Done waiting for pending navigations. Status: ok
[1552358524.889][INFO]: [be915bfb564646f2428f52c3e3a529ee] RESPONSE FindElement {
   "ELEMENT": "0.9200436677188895-15"
}
[1552358524.890][INFO]: [be915bfb564646f2428f52c3e3a529ee] COMMAND GetElementAttribute {
   "id": "0.9200436677188895-15",
   "name": "href"
}
[1552358524.890][INFO]: Waiting for pending navigations...
[1552358524.892][INFO]: Done waiting for pending navigations. Status: ok
[1552358524.897][INFO]: Waiting for pending navigations...
[1552358524.898][INFO]: Done waiting for pending navigations. Status: ok
[1552358524.898][INFO]: [be915bfb564646f2428f52c3e3a529ee] RESPONSE GetElementAttribute "http://localhost:3000/steps/8"
[1552358524.900][INFO]: [be915bfb564646f2428f52c3e3a529ee] COMMAND Screenshot {

}
[1552358524.900][INFO]: Waiting for pending navigations...
[1552358524.902][INFO]: Done waiting for pending navigations. Status: ok
[1552358525.264][INFO]: Waiting for pending navigations...
[1552358525.265][INFO]: Done waiting for pending navigations. Status: ok
[1552358525.265][INFO]: [be915bfb564646f2428f52c3e3a529ee] RESPONSE Screenshot "iVBORw0KGgoAAAANSUhEUgAAB4AAAANRCAYAAAACj6FfAAAgAElEQVR4nOzde3RU533v/8+MBknDeNDogpCEEAwIy4PMRQpWQDbBSK5rQ7ENZDkccJJ6ibapIfWxhc/KOdDT/k5x6pOAs3oCnPxy0EndFn5OGnBt18RNIwgmAaoQgcFCBgQCIdAFiZEQYnQZjX5/6..."
[1552358525.284][INFO]: [be915bfb564646f2428f52c3e3a529ee] COMMAND FindElement {
   "using": "id",
   "value": "steps-dropdown"
}
[1552358525.284][INFO]: Waiting for pending navigations...
[1552358525.285][INFO]: Done waiting for pending navigations. Status: ok
[1552358525.290][INFO]: Waiting for pending navigations...
[1552358525.291][INFO]: Done waiting for pending navigations. Status: ok
[1552358525.291][INFO]: [be915bfb564646f2428f52c3e3a529ee] RESPONSE FindElement {
   "ELEMENT": "0.9200436677188895-7"
}
[1552358525.292][INFO]: [be915bfb564646f2428f52c3e3a529ee] COMMAND IsElementDisplayed {
   "id": "0.9200436677188895-7"
}
[1552358525.292][INFO]: Waiting for pending navigations...
[1552358525.293][INFO]: Done waiting for pending navigations. Status: ok
[1552358525.298][INFO]: Waiting for pending navigations...
[1552358525.299][INFO]: Done waiting for pending navigations. Status: ok
[1552358525.299][INFO]: [be915bfb564646f2428f52c3e3a529ee] RESPONSE IsElementDisplayed true
[1552358525.301][INFO]: [be915bfb564646f2428f52c3e3a529ee] COMMAND FindElement {
   "using": "id",
   "value": "steps-dropdown"
}
[1552358525.301][INFO]: Waiting for pending navigations...
[1552358525.302][INFO]: Done waiting for pending navigations. Status: ok
[1552358525.307][INFO]: Waiting for pending navigations...
[1552358525.308][INFO]: Done waiting for pending navigations. Status: ok
[1552358525.308][INFO]: [be915bfb564646f2428f52c3e3a529ee] RESPONSE FindElement {
   "ELEMENT": "0.9200436677188895-7"
}
[1552358525.312][INFO]: [be915bfb564646f2428f52c3e3a529ee] COMMAND ClickElement {
   "id": "0.9200436677188895-7"
}
[1552358525.312][INFO]: Waiting for pending navigations...
[1552358525.314][INFO]: Done waiting for pending navigations. Status: ok
[1552358525.396][INFO]: Waiting for pending navigations...
[1552358525.397][INFO]: Done waiting for pending navigations. Status: ok
[1552358525.397][INFO]: [be915bfb564646f2428f52c3e3a529ee] RESPONSE ClickElement
[1552358525.398][INFO]: [be915bfb564646f2428f52c3e3a529ee] COMMAND Screenshot {

}
[1552358525.399][INFO]: Waiting for pending navigations...
[1552358525.400][INFO]: Done waiting for pending navigations. Status: ok
[1552358525.838][INFO]: Waiting for pending navigations...
[1552358525.840][INFO]: Done waiting for pending navigations. Status: ok
[1552358525.840][INFO]: [be915bfb564646f2428f52c3e3a529ee] RESPONSE Screenshot "iVBORw0KGgoAAAANSUhEUgAAB4AAAANRCAYAAAACj6FfAAAgAElEQVR4nOzde3RU533v/8+MBknDeNDogpCEEAwIy4PMRQpRQDbBSK5rQ4kNZDkccJJ6ibapIfXPFjkrvwM9Pb9TnPo0krN6Apz8ctBx3RZ+ThpwHdfEdS0IJgGqEIHBQgYEAiHQBYmREGJ0GY1+f..."
[1552358525.865][INFO]: [be915bfb564646f2428f52c3e3a529ee] COMMAND FindElement {
   "using": "id",
   "value": "menu-btn"
}
[1552358525.865][INFO]: Waiting for pending navigations...
[1552358525.866][INFO]: Done waiting for pending navigations. Status: ok
[1552358525.875][INFO]: Waiting for pending navigations...
[1552358525.876][INFO]: Done waiting for pending navigations. Status: ok
[1552358525.877][INFO]: [be915bfb564646f2428f52c3e3a529ee] RESPONSE FindElement {
   "ELEMENT": "0.9200436677188895-3"
}
[1552358525.878][INFO]: [be915bfb564646f2428f52c3e3a529ee] COMMAND IsElementDisplayed {
   "id": "0.9200436677188895-3"
}
[1552358525.878][INFO]: Waiting for pending navigations...
[1552358525.879][INFO]: Done waiting for pending navigations. Status: ok
[1552358525.888][INFO]: Waiting for pending navigations...
[1552358525.889][INFO]: Done waiting for pending navigations. Status: ok
[1552358525.889][INFO]: [be915bfb564646f2428f52c3e3a529ee] RESPONSE IsElementDisplayed true
[1552358525.894][INFO]: [be915bfb564646f2428f52c3e3a529ee] COMMAND FindElement {
   "using": "id",
   "value": "menu-btn"
}
[1552358525.894][INFO]: Waiting for pending navigations...
[1552358525.895][INFO]: Done waiting for pending navigations. Status: ok
[1552358525.904][INFO]: Waiting for pending navigations...
[1552358525.905][INFO]: Done waiting for pending navigations. Status: ok
[1552358525.905][INFO]: [be915bfb564646f2428f52c3e3a529ee] RESPONSE FindElement {
   "ELEMENT": "0.9200436677188895-3"
}
[1552358525.908][INFO]: [be915bfb564646f2428f52c3e3a529ee] COMMAND ClickElement {
   "id": "0.9200436677188895-3"
}
[1552358525.908][INFO]: Waiting for pending navigations...
[1552358525.910][INFO]: Done waiting for pending navigations. Status: ok
[1552358525.996][INFO]: Waiting for pending navigations...
[1552358526.005][INFO]: Done waiting for pending navigations. Status: ok
[1552358526.005][INFO]: [be915bfb564646f2428f52c3e3a529ee] RESPONSE ClickElement
[1552358526.008][INFO]: [be915bfb564646f2428f52c3e3a529ee] COMMAND FindElement {
   "using": "id",
   "value": "menu-btn"
}
[1552358526.008][INFO]: Waiting for pending navigations...
[1552358526.014][INFO]: Done waiting for pending navigations. Status: ok
[1552358526.025][INFO]: Waiting for pending navigations...
[1552358526.026][INFO]: Done waiting for pending navigations. Status: ok
[1552358526.026][INFO]: [be915bfb564646f2428f52c3e3a529ee] RESPONSE FindElement {
   "ELEMENT": "0.9200436677188895-3"
}
[1552358526.028][INFO]: [be915bfb564646f2428f52c3e3a529ee] COMMAND GetElementText {
   "id": "0.9200436677188895-3"
}
[1552358526.028][INFO]: Waiting for pending navigations...
[1552358526.029][INFO]: Done waiting for pending navigations. Status: ok
[1552358526.042][INFO]: Waiting for pending navigations...
[1552358526.043][INFO]: Done waiting for pending navigations. Status: ok
[1552358526.043][INFO]: [be915bfb564646f2428f52c3e3a529ee] RESPONSE GetElementText "Menu"
[1552358526.044][INFO]: [be915bfb564646f2428f52c3e3a529ee] COMMAND Screenshot {

}
[1552358526.044][INFO]: Waiting for pending navigations...
[1552358526.047][INFO]: Done waiting for pending navigations. Status: ok
[1552358526.404][INFO]: Waiting for pending navigations...
[1552358526.407][INFO]: Done waiting for pending navigations. Status: ok
[1552358526.407][INFO]: [be915bfb564646f2428f52c3e3a529ee] RESPONSE Screenshot "iVBORw0KGgoAAAANSUhEUgAAB4AAAANRCAYAAAACj6FfAAAgAElEQVR4nOzde5SX9WHv+89vGObCdUDkFkXHSxQUBYwGiCYRNY1YTYQm3YVom+hOq7jTk0CzdqvJzqnS02OgXaeVpKeVpDseSNMU0piKbRMxaipWUyDeUKMOCsqACMN9YG7nDy4CM2Agw+3x9VqLt..."
[1552358526.423][INFO]: [be915bfb564646f2428f52c3e3a529ee] COMMAND Quit {

}
[1552358526.490][INFO]: [be915bfb564646f2428f52c3e3a529ee] RESPONSE Quit
