[1552358448.909][INFO]: Starting ChromeDriver 73.0.3683.68 (47787ec04b6e38e22703e856e101e840b65afe72)
[1552358448.909][INFO]: Please protect ports used by ChromeDriver and related test frameworks to prevent access by malicious code.
[1552358449.377][INFO]: [604ce3ca4ca706ee7cea328901d6c3d4] COMMAND InitSession {
   "capabilities": {
      "firstMatch": [ {
         "browserName": "chrome",
         "goog:chromeOptions": {
            "args": [ "chrome.switches", "--disable-extensions", "chrome.switches", "test-type", "chrome.switches", "start-maximized", "chrome.switches", "no-sandbox" ],
            "extensions": [  ],
            "useAutomationExtension": false
         }
      } ]
   },
   "desiredCapabilities": {
      "browserName": "chrome",
      "goog:chromeOptions": {
         "args": [ "chrome.switches", "--disable-extensions", "chrome.switches", "test-type", "chrome.switches", "start-maximized", "chrome.switches", "no-sandbox" ],
         "extensions": [  ],
         "useAutomationExtension": false
      }
   }
}
[1552358449.383][INFO]: Populating Preferences file: {
   "alternate_error_pages": {
      "enabled": false
   },
   "autofill": {
      "enabled": false
   },
   "browser": {
      "check_default_browser": false
   },
   "distribution": {
      "import_bookmarks": false,
      "import_history": false,
      "import_search_engine": false,
      "make_chrome_default_for_user": false,
      "skip_first_run_ui": true
   },
   "dns_prefetching": {
      "enabled": false
   },
   "profile": {
      "content_settings": {
         "pattern_pairs": {
            "https://*,*": {
               "media-stream": {
                  "audio": "Default",
                  "video": "Default"
               }
            }
         }
      },
      "default_content_setting_values": {
         "geolocation": 1
      },
      "default_content_settings": {
         "geolocation": 1,
         "mouselock": 1,
         "notifications": 1,
         "popups": 1,
         "ppapi-broker": 1
      },
      "password_manager_enabled": false
   },
   "safebrowsing": {
      "enabled": false
   },
   "search": {
      "suggest_enabled": false
   },
   "translate": {
      "enabled": false
   }
}
[1552358449.385][INFO]: Populating Local State file: {
   "background_mode": {
      "enabled": false
   },
   "ssl": {
      "rev_checking": {
         "enabled": false
      }
   }
}
[1552358449.387][INFO]: Launching chrome: "C:\Program Files (x86)\Google\Chrome\Application\chrome.exe" --chrome.switches --disable-background-networking --disable-client-side-phishing-detection --disable-default-apps --disable-extensions --disable-hang-monitor --disable-popup-blocking --disable-prompt-on-repost --disable-sync --disable-web-resources --enable-automation --enable-blink-features=ShadowDOMV0 --enable-logging --force-fieldtrials=SiteIsolationExtensions/Control --ignore-certificate-errors --log-level=0 --metrics-recording-only --no-first-run --no-sandbox --password-store=basic --remote-debugging-port=0 --start-maximized --test-type --use-mock-keychain --user-data-dir="C:\Users\KAVITH~1\AppData\Local\Temp\scoped_dir20168_25837" data:,
[1552358450.080][INFO]: resolved localhost to ["::1","127.0.0.1"]
[1552358451.099][INFO]: [604ce3ca4ca706ee7cea328901d6c3d4] RESPONSE InitSession {
   "acceptInsecureCerts": false,
   "acceptSslCerts": false,
   "applicationCacheEnabled": false,
   "browserConnectionEnabled": false,
   "browserName": "chrome",
   "chrome": {
      "chromedriverVersion": "73.0.3683.68 (47787ec04b6e38e22703e856e101e840b65afe72)",
      "userDataDir": "C:\\Users\\KAVITH~1\\AppData\\Local\\Temp\\scoped_dir20168_25837"
   },
   "cssSelectorsEnabled": true,
   "databaseEnabled": false,
   "goog:chromeOptions": {
      "debuggerAddress": "localhost:56380"
   },
   "handlesAlerts": true,
   "hasTouchScreen": false,
   "javascriptEnabled": true,
   "locationContextEnabled": true,
   "mobileEmulationEnabled": false,
   "nativeEvents": true,
   "networkConnectionEnabled": false,
   "pageLoadStrategy": "normal",
   "platform": "Windows NT",
   "proxy": {

   },
   "~~~": "..."
}
[1552358451.108][INFO]: [604ce3ca4ca706ee7cea328901d6c3d4] COMMAND MaximizeWindow {
   "handle": "current",
   "windowHandle": "current"
}
[1552358451.108][INFO]: Waiting for pending navigations...
[1552358451.122][INFO]: Done waiting for pending navigations. Status: ok
[1552358451.123][INFO]: resolved localhost to ["::1","127.0.0.1"]
[1552358452.128][INFO]: Waiting for pending navigations...
[1552358452.129][INFO]: Done waiting for pending navigations. Status: ok
[1552358452.129][INFO]: [604ce3ca4ca706ee7cea328901d6c3d4] RESPONSE MaximizeWindow {
   "height": 696,
   "width": 1296,
   "x": -8,
   "y": -8
}
[1552358452.133][INFO]: [604ce3ca4ca706ee7cea328901d6c3d4] COMMAND SetTimeouts {
   "ms": 30000,
   "type": "implicit"
}
[1552358452.133][INFO]: [604ce3ca4ca706ee7cea328901d6c3d4] RESPONSE SetTimeouts
[1552358452.138][INFO]: [604ce3ca4ca706ee7cea328901d6c3d4] COMMAND SetTimeouts {
   "ms": 60000,
   "type": "page load"
}
[1552358452.138][INFO]: [604ce3ca4ca706ee7cea328901d6c3d4] RESPONSE SetTimeouts
[1552358452.142][INFO]: [604ce3ca4ca706ee7cea328901d6c3d4] COMMAND Navigate {
   "url": "http://localhost:3000/"
}
[1552358452.142][INFO]: Waiting for pending navigations...
[1552358452.144][INFO]: Done waiting for pending navigations. Status: ok
[1552358452.513][INFO]: Waiting for pending navigations...
[1552358453.732][INFO]: Done waiting for pending navigations. Status: ok
[1552358453.732][INFO]: [604ce3ca4ca706ee7cea328901d6c3d4] RESPONSE Navigate
[1552358453.738][INFO]: [604ce3ca4ca706ee7cea328901d6c3d4] COMMAND FindElement {
   "using": "id",
   "value": "brand-logo"
}
[1552358453.738][INFO]: Waiting for pending navigations...
[1552358453.742][INFO]: Done waiting for pending navigations. Status: ok
[1552358453.759][INFO]: Waiting for pending navigations...
[1552358453.762][INFO]: Done waiting for pending navigations. Status: ok
[1552358453.762][INFO]: [604ce3ca4ca706ee7cea328901d6c3d4] RESPONSE FindElement {
   "ELEMENT": "0.7034501748471886-1"
}
[1552358453.763][INFO]: [604ce3ca4ca706ee7cea328901d6c3d4] COMMAND IsElementDisplayed {
   "id": "0.7034501748471886-1"
}
[1552358453.763][INFO]: Waiting for pending navigations...
[1552358453.764][INFO]: Done waiting for pending navigations. Status: ok
[1552358453.787][INFO]: Waiting for pending navigations...
[1552358453.788][INFO]: Done waiting for pending navigations. Status: ok
[1552358453.788][INFO]: [604ce3ca4ca706ee7cea328901d6c3d4] RESPONSE IsElementDisplayed true
[1552358453.790][INFO]: [604ce3ca4ca706ee7cea328901d6c3d4] COMMAND Screenshot {

}
[1552358453.790][INFO]: Waiting for pending navigations...
[1552358453.791][INFO]: Done waiting for pending navigations. Status: ok
[1552358454.112][INFO]: Waiting for pending navigations...
[1552358454.114][INFO]: Done waiting for pending navigations. Status: ok
[1552358454.114][INFO]: [604ce3ca4ca706ee7cea328901d6c3d4] RESPONSE Screenshot "iVBORw0KGgoAAAANSUhEUgAAB4AAAANRCAYAAAACj6FfAAAgAElEQVR4nOzde5RX9WHv/c9vBuYCjgyI3LyOlygoKhgNEE0iahqxJhGa9BSibaonreJJnxNI1mk16Xmq9Omj0KynlaSnlaYnHkjTFNIkFdumYtVUrFowoo4adVBQBuUyXGdgbs8fAgIzYMCRy/b1W..."
[1552358454.126][INFO]: [604ce3ca4ca706ee7cea328901d6c3d4] COMMAND FindElement {
   "using": "id",
   "value": "brand-name"
}
[1552358454.126][INFO]: Waiting for pending navigations...
[1552358454.127][INFO]: Done waiting for pending navigations. Status: ok
[1552358454.138][INFO]: Waiting for pending navigations...
[1552358454.139][INFO]: Done waiting for pending navigations. Status: ok
[1552358454.139][INFO]: [604ce3ca4ca706ee7cea328901d6c3d4] RESPONSE FindElement {
   "ELEMENT": "0.7034501748471886-2"
}
[1552358454.140][INFO]: [604ce3ca4ca706ee7cea328901d6c3d4] COMMAND IsElementDisplayed {
   "id": "0.7034501748471886-2"
}
[1552358454.140][INFO]: Waiting for pending navigations...
[1552358454.141][INFO]: Done waiting for pending navigations. Status: ok
[1552358454.155][INFO]: Waiting for pending navigations...
[1552358454.157][INFO]: Done waiting for pending navigations. Status: ok
[1552358454.157][INFO]: [604ce3ca4ca706ee7cea328901d6c3d4] RESPONSE IsElementDisplayed true
[1552358454.158][INFO]: [604ce3ca4ca706ee7cea328901d6c3d4] COMMAND Screenshot {

}
[1552358454.158][INFO]: Waiting for pending navigations...
[1552358454.159][INFO]: Done waiting for pending navigations. Status: ok
[1552358454.463][INFO]: Waiting for pending navigations...
[1552358454.464][INFO]: Done waiting for pending navigations. Status: ok
[1552358454.464][INFO]: [604ce3ca4ca706ee7cea328901d6c3d4] RESPONSE Screenshot "iVBORw0KGgoAAAANSUhEUgAAB4AAAANRCAYAAAACj6FfAAAgAElEQVR4nOzde5RX9WHv/c9vBuYCjgyI3LyOlygoKhgNEE0iahqxJhGa9BSibaonreJJnxNI1mk16Xmq9Omj0KynlaSnlaYnHkjTFNIkFdumYtVUrFowoo4adVBQBuUyXGdgbs8fAgIzYMCRy/b1W..."
[1552358454.476][INFO]: [604ce3ca4ca706ee7cea328901d6c3d4] COMMAND FindElement {
   "using": "xpath",
   "value": "//div[@id='container']/div"
}
[1552358454.476][INFO]: Waiting for pending navigations...
[1552358454.477][INFO]: Done waiting for pending navigations. Status: ok
[1552358454.488][INFO]: Waiting for pending navigations...
[1552358454.489][INFO]: Done waiting for pending navigations. Status: ok
[1552358454.489][INFO]: [604ce3ca4ca706ee7cea328901d6c3d4] RESPONSE FindElement {
   "ELEMENT": "0.7034501748471886-3"
}
[1552358454.490][INFO]: [604ce3ca4ca706ee7cea328901d6c3d4] COMMAND IsElementDisplayed {
   "id": "0.7034501748471886-3"
}
[1552358454.490][INFO]: Waiting for pending navigations...
[1552358454.491][INFO]: Done waiting for pending navigations. Status: ok
[1552358454.504][INFO]: Waiting for pending navigations...
[1552358454.505][INFO]: Done waiting for pending navigations. Status: ok
[1552358454.505][INFO]: [604ce3ca4ca706ee7cea328901d6c3d4] RESPONSE IsElementDisplayed true
[1552358454.506][INFO]: [604ce3ca4ca706ee7cea328901d6c3d4] COMMAND Screenshot {

}
[1552358454.506][INFO]: Waiting for pending navigations...
[1552358454.507][INFO]: Done waiting for pending navigations. Status: ok
[1552358454.809][INFO]: Waiting for pending navigations...
[1552358454.810][INFO]: Done waiting for pending navigations. Status: ok
[1552358454.810][INFO]: [604ce3ca4ca706ee7cea328901d6c3d4] RESPONSE Screenshot "iVBORw0KGgoAAAANSUhEUgAAB4AAAANRCAYAAAACj6FfAAAgAElEQVR4nOzde5RX9WHv/c9vBuYCjgyI3LyOlygoKhgNEE0iahqxJhGa9BSibaonreJJnxNI1mk16Xmq9Omj0KynlaSnlaYnHkjTFNIkFdumYtVUrFowoo4adVBQBuUyXGdgbs8fAgIzYMCRy/b1W..."
[1552358454.817][INFO]: [604ce3ca4ca706ee7cea328901d6c3d4] COMMAND FindElement {
   "using": "id",
   "value": "menu-btn"
}
[1552358454.817][INFO]: Waiting for pending navigations...
[1552358454.818][INFO]: Done waiting for pending navigations. Status: ok
[1552358454.828][INFO]: Waiting for pending navigations...
[1552358454.829][INFO]: Done waiting for pending navigations. Status: ok
[1552358454.829][INFO]: [604ce3ca4ca706ee7cea328901d6c3d4] RESPONSE FindElement {
   "ELEMENT": "0.7034501748471886-4"
}
[1552358454.831][INFO]: [604ce3ca4ca706ee7cea328901d6c3d4] COMMAND IsElementDisplayed {
   "id": "0.7034501748471886-4"
}
[1552358454.831][INFO]: Waiting for pending navigations...
[1552358454.831][INFO]: Done waiting for pending navigations. Status: ok
[1552358454.844][INFO]: Waiting for pending navigations...
[1552358454.844][INFO]: Done waiting for pending navigations. Status: ok
[1552358454.844][INFO]: [604ce3ca4ca706ee7cea328901d6c3d4] RESPONSE IsElementDisplayed true
[1552358454.846][INFO]: [604ce3ca4ca706ee7cea328901d6c3d4] COMMAND Screenshot {

}
[1552358454.846][INFO]: Waiting for pending navigations...
[1552358454.847][INFO]: Done waiting for pending navigations. Status: ok
[1552358455.164][INFO]: Waiting for pending navigations...
[1552358455.166][INFO]: Done waiting for pending navigations. Status: ok
[1552358455.166][INFO]: [604ce3ca4ca706ee7cea328901d6c3d4] RESPONSE Screenshot "iVBORw0KGgoAAAANSUhEUgAAB4AAAANRCAYAAAACj6FfAAAgAElEQVR4nOzde5RX9WHv/c9vBuYCjgyI3LyOlygoKhgNEE0iahqxJhGa9BSibaonreJJnxNI1mk16Xmq9Omj0KynlaSnlaYnHkjTFNIkFdumYtVUrFowoo4adVBQBuUyXGdgbs8fAgIzYMCRy/b1W..."
[1552358455.180][INFO]: [604ce3ca4ca706ee7cea328901d6c3d4] COMMAND FindElement {
   "using": "id",
   "value": "menu-btn"
}
[1552358455.180][INFO]: Waiting for pending navigations...
[1552358455.181][INFO]: Done waiting for pending navigations. Status: ok
[1552358455.187][INFO]: Waiting for pending navigations...
[1552358455.188][INFO]: Done waiting for pending navigations. Status: ok
[1552358455.188][INFO]: [604ce3ca4ca706ee7cea328901d6c3d4] RESPONSE FindElement {
   "ELEMENT": "0.7034501748471886-4"
}
[1552358455.191][INFO]: [604ce3ca4ca706ee7cea328901d6c3d4] COMMAND ClickElement {
   "id": "0.7034501748471886-4"
}
[1552358455.191][INFO]: Waiting for pending navigations...
[1552358455.192][INFO]: Done waiting for pending navigations. Status: ok
[1552358455.262][INFO]: Waiting for pending navigations...
[1552358455.265][INFO]: Done waiting for pending navigations. Status: ok
[1552358455.265][INFO]: [604ce3ca4ca706ee7cea328901d6c3d4] RESPONSE ClickElement
[1552358456.270][INFO]: [604ce3ca4ca706ee7cea328901d6c3d4] COMMAND FindElement {
   "using": "id",
   "value": "fr-btn"
}
[1552358456.270][INFO]: Waiting for pending navigations...
[1552358456.271][INFO]: Done waiting for pending navigations. Status: ok
[1552358456.284][INFO]: Waiting for pending navigations...
[1552358456.285][INFO]: Done waiting for pending navigations. Status: ok
[1552358456.285][INFO]: [604ce3ca4ca706ee7cea328901d6c3d4] RESPONSE FindElement {
   "ELEMENT": "0.7034501748471886-5"
}
[1552358456.288][INFO]: [604ce3ca4ca706ee7cea328901d6c3d4] COMMAND ClickElement {
   "id": "0.7034501748471886-5"
}
[1552358456.288][INFO]: Waiting for pending navigations...
[1552358456.289][INFO]: Done waiting for pending navigations. Status: ok
[1552358456.366][INFO]: Waiting for pending navigations...
[1552358456.370][INFO]: Done waiting for pending navigations. Status: ok
[1552358456.370][INFO]: [604ce3ca4ca706ee7cea328901d6c3d4] RESPONSE ClickElement
[1552358457.374][INFO]: [604ce3ca4ca706ee7cea328901d6c3d4] COMMAND FindElement {
   "using": "id",
   "value": "menu-btn"
}
[1552358457.374][INFO]: Waiting for pending navigations...
[1552358457.376][INFO]: Done waiting for pending navigations. Status: ok
[1552358457.388][INFO]: Waiting for pending navigations...
[1552358457.389][INFO]: Done waiting for pending navigations. Status: ok
[1552358457.389][INFO]: [604ce3ca4ca706ee7cea328901d6c3d4] RESPONSE FindElement {
   "ELEMENT": "0.7034501748471886-4"
}
[1552358457.392][INFO]: [604ce3ca4ca706ee7cea328901d6c3d4] COMMAND GetElementText {
   "id": "0.7034501748471886-4"
}
[1552358457.392][INFO]: Waiting for pending navigations...
[1552358457.393][INFO]: Done waiting for pending navigations. Status: ok
[1552358457.426][INFO]: Waiting for pending navigations...
[1552358457.427][INFO]: Done waiting for pending navigations. Status: ok
[1552358457.427][INFO]: [604ce3ca4ca706ee7cea328901d6c3d4] RESPONSE GetElementText "Fermer"
[1552358457.429][INFO]: [604ce3ca4ca706ee7cea328901d6c3d4] COMMAND Screenshot {

}
[1552358457.429][INFO]: Waiting for pending navigations...
[1552358457.430][INFO]: Done waiting for pending navigations. Status: ok
[1552358457.812][INFO]: Waiting for pending navigations...
[1552358457.813][INFO]: Done waiting for pending navigations. Status: ok
[1552358457.814][INFO]: [604ce3ca4ca706ee7cea328901d6c3d4] RESPONSE Screenshot "iVBORw0KGgoAAAANSUhEUgAAB4AAAANRCAYAAAACj6FfAAAgAElEQVR4nOzdf1SU9533/9cMw49xgg4/REBEEdCMRA2UWiWxVshmU11r1Z40i22zPbrdbHS3d5Tuybl1d+971+w3362a03vVu9+u3N12G79ptmptVtvNBlxiq5ZaNBqc+BMEAkjQARGHH8Nw/8GvC..."
[1552358457.830][INFO]: [604ce3ca4ca706ee7cea328901d6c3d4] COMMAND FindElement {
   "using": "id",
   "value": "menu-btn"
}
[1552358457.830][INFO]: Waiting for pending navigations...
[1552358457.831][INFO]: Done waiting for pending navigations. Status: ok
[1552358457.838][INFO]: Waiting for pending navigations...
[1552358457.839][INFO]: Done waiting for pending navigations. Status: ok
[1552358457.839][INFO]: [604ce3ca4ca706ee7cea328901d6c3d4] RESPONSE FindElement {
   "ELEMENT": "0.7034501748471886-4"
}
[1552358457.842][INFO]: [604ce3ca4ca706ee7cea328901d6c3d4] COMMAND ClickElement {
   "id": "0.7034501748471886-4"
}
[1552358457.842][INFO]: Waiting for pending navigations...
[1552358457.843][INFO]: Done waiting for pending navigations. Status: ok
[1552358457.886][INFO]: Waiting for pending navigations...
[1552358457.887][INFO]: Done waiting for pending navigations. Status: ok
[1552358457.887][INFO]: [604ce3ca4ca706ee7cea328901d6c3d4] RESPONSE ClickElement
[1552358457.890][INFO]: [604ce3ca4ca706ee7cea328901d6c3d4] COMMAND FindElement {
   "using": "id",
   "value": "menu-btn"
}
[1552358457.890][INFO]: Waiting for pending navigations...
[1552358457.891][INFO]: Done waiting for pending navigations. Status: ok
[1552358457.897][INFO]: Waiting for pending navigations...
[1552358457.897][INFO]: Done waiting for pending navigations. Status: ok
[1552358457.898][INFO]: [604ce3ca4ca706ee7cea328901d6c3d4] RESPONSE FindElement {
   "ELEMENT": "0.7034501748471886-4"
}
[1552358457.899][INFO]: [604ce3ca4ca706ee7cea328901d6c3d4] COMMAND GetElementText {
   "id": "0.7034501748471886-4"
}
[1552358457.899][INFO]: Waiting for pending navigations...
[1552358457.899][INFO]: Done waiting for pending navigations. Status: ok
[1552358457.911][INFO]: Waiting for pending navigations...
[1552358457.912][INFO]: Done waiting for pending navigations. Status: ok
[1552358457.912][INFO]: [604ce3ca4ca706ee7cea328901d6c3d4] RESPONSE GetElementText "Menu"
[1552358457.914][INFO]: [604ce3ca4ca706ee7cea328901d6c3d4] COMMAND Screenshot {

}
[1552358457.914][INFO]: Waiting for pending navigations...
[1552358457.915][INFO]: Done waiting for pending navigations. Status: ok
[1552358458.300][INFO]: Waiting for pending navigations...
[1552358458.302][INFO]: Done waiting for pending navigations. Status: ok
[1552358458.302][INFO]: [604ce3ca4ca706ee7cea328901d6c3d4] RESPONSE Screenshot "iVBORw0KGgoAAAANSUhEUgAAB4AAAANRCAYAAAACj6FfAAAgAElEQVR4nOzdfZSW1X03+u89DPMiggMiDATRUYwOvgFRA0RjHDRNsJoITdpCkzaVpo34pCeBZvWpJs1ppKfHQLKeVpKeVpI+yQNJmkKapGKbRIyaAlULxhdGjToIKAOiDPIyAwwz5w8BBxhQzMAwt..."
[1552358458.314][INFO]: [604ce3ca4ca706ee7cea328901d6c3d4] COMMAND FindElement {
   "using": "id",
   "value": "bookmarks-link"
}
[1552358458.314][INFO]: Waiting for pending navigations...
[1552358458.315][INFO]: Done waiting for pending navigations. Status: ok
[1552358458.326][INFO]: Waiting for pending navigations...
[1552358458.328][INFO]: Done waiting for pending navigations. Status: ok
[1552358458.328][INFO]: [604ce3ca4ca706ee7cea328901d6c3d4] RESPONSE FindElement {
   "ELEMENT": "0.7034501748471886-6"
}
[1552358458.329][INFO]: [604ce3ca4ca706ee7cea328901d6c3d4] COMMAND IsElementDisplayed {
   "id": "0.7034501748471886-6"
}
[1552358458.329][INFO]: Waiting for pending navigations...
[1552358458.330][INFO]: Done waiting for pending navigations. Status: ok
[1552358458.343][INFO]: Waiting for pending navigations...
[1552358458.344][INFO]: Done waiting for pending navigations. Status: ok
[1552358458.344][INFO]: [604ce3ca4ca706ee7cea328901d6c3d4] RESPONSE IsElementDisplayed true
[1552358458.345][INFO]: [604ce3ca4ca706ee7cea328901d6c3d4] COMMAND Screenshot {

}
[1552358458.345][INFO]: Waiting for pending navigations...
[1552358458.346][INFO]: Done waiting for pending navigations. Status: ok
[1552358458.722][INFO]: Waiting for pending navigations...
[1552358458.723][INFO]: Done waiting for pending navigations. Status: ok
[1552358458.723][INFO]: [604ce3ca4ca706ee7cea328901d6c3d4] RESPONSE Screenshot "iVBORw0KGgoAAAANSUhEUgAAB4AAAANRCAYAAAACj6FfAAAgAElEQVR4nOzde5SX9WHv+89vBubCRQZEbuJlFKOgqGA0QDSJqGnEmkRo0l2ItonutIo7PSfQrN1qsveu0tNjoF2nlaSnlaQ7HkjTFNIkFdumYtRUrKZgRB016iCgDIgw3Afmdv7gIjADBhy5PL5ea..."
[1552358458.736][INFO]: [604ce3ca4ca706ee7cea328901d6c3d4] COMMAND FindElement {
   "using": "id",
   "value": "bookmarks-link"
}
[1552358458.736][INFO]: Waiting for pending navigations...
[1552358458.737][INFO]: Done waiting for pending navigations. Status: ok
[1552358458.743][INFO]: Waiting for pending navigations...
[1552358458.743][INFO]: Done waiting for pending navigations. Status: ok
[1552358458.743][INFO]: [604ce3ca4ca706ee7cea328901d6c3d4] RESPONSE FindElement {
   "ELEMENT": "0.7034501748471886-6"
}
[1552358458.746][INFO]: [604ce3ca4ca706ee7cea328901d6c3d4] COMMAND FindChildElement {
   "id": "0.7034501748471886-6",
   "using": "tag name",
   "value": "span"
}
[1552358458.746][INFO]: Waiting for pending navigations...
[1552358458.747][INFO]: Done waiting for pending navigations. Status: ok
[1552358458.758][INFO]: Waiting for pending navigations...
[1552358458.759][INFO]: Done waiting for pending navigations. Status: ok
[1552358458.759][INFO]: [604ce3ca4ca706ee7cea328901d6c3d4] RESPONSE FindChildElement {
   "ELEMENT": "0.7034501748471886-7"
}
[1552358458.760][INFO]: [604ce3ca4ca706ee7cea328901d6c3d4] COMMAND GetElementText {
   "id": "0.7034501748471886-7"
}
[1552358458.760][INFO]: Waiting for pending navigations...
[1552358458.762][INFO]: Done waiting for pending navigations. Status: ok
[1552358458.776][INFO]: Waiting for pending navigations...
[1552358458.777][INFO]: Done waiting for pending navigations. Status: ok
[1552358458.777][INFO]: [604ce3ca4ca706ee7cea328901d6c3d4] RESPONSE GetElementText "Bookmarks"
[1552358458.780][INFO]: [604ce3ca4ca706ee7cea328901d6c3d4] COMMAND FindElement {
   "using": "id",
   "value": "bookmarks-link"
}
[1552358458.780][INFO]: Waiting for pending navigations...
[1552358458.781][INFO]: Done waiting for pending navigations. Status: ok
[1552358458.786][INFO]: Waiting for pending navigations...
[1552358458.787][INFO]: Done waiting for pending navigations. Status: ok
[1552358458.787][INFO]: [604ce3ca4ca706ee7cea328901d6c3d4] RESPONSE FindElement {
   "ELEMENT": "0.7034501748471886-6"
}
[1552358458.789][INFO]: [604ce3ca4ca706ee7cea328901d6c3d4] COMMAND GetElementAttribute {
   "id": "0.7034501748471886-6",
   "name": "href"
}
[1552358458.789][INFO]: Waiting for pending navigations...
[1552358458.790][INFO]: Done waiting for pending navigations. Status: ok
[1552358458.793][INFO]: Waiting for pending navigations...
[1552358458.794][INFO]: Done waiting for pending navigations. Status: ok
[1552358458.794][INFO]: [604ce3ca4ca706ee7cea328901d6c3d4] RESPONSE GetElementAttribute "http://localhost:3000/bookmarks"
[1552358458.796][INFO]: [604ce3ca4ca706ee7cea328901d6c3d4] COMMAND Screenshot {

}
[1552358458.796][INFO]: Waiting for pending navigations...
[1552358458.797][INFO]: Done waiting for pending navigations. Status: ok
[1552358459.168][INFO]: Waiting for pending navigations...
[1552358459.169][INFO]: Done waiting for pending navigations. Status: ok
[1552358459.169][INFO]: [604ce3ca4ca706ee7cea328901d6c3d4] RESPONSE Screenshot "iVBORw0KGgoAAAANSUhEUgAAB4AAAANRCAYAAAACj6FfAAAgAElEQVR4nOzde5SX9WHv+89vBubCRQZEbuJlFKOgqGA0QDSJqGnEmkRo0l2ItonutIo7PSfQrN1qsveu0tNjoF2nlaSnlaQ7HkjTFNIkFdumYtRUrKZgRB016iCgDIgw3Afmdv7gIjADBhy5PL5ea..."
[1552358459.183][INFO]: [604ce3ca4ca706ee7cea328901d6c3d4] COMMAND FindElement {
   "using": "id",
   "value": "search-link"
}
[1552358459.183][INFO]: Waiting for pending navigations...
[1552358459.185][INFO]: Done waiting for pending navigations. Status: ok
[1552358459.199][INFO]: Waiting for pending navigations...
[1552358459.200][INFO]: Done waiting for pending navigations. Status: ok
[1552358459.200][INFO]: [604ce3ca4ca706ee7cea328901d6c3d4] RESPONSE FindElement {
   "ELEMENT": "0.7034501748471886-8"
}
[1552358459.203][INFO]: [604ce3ca4ca706ee7cea328901d6c3d4] COMMAND IsElementDisplayed {
   "id": "0.7034501748471886-8"
}
[1552358459.203][INFO]: Waiting for pending navigations...
[1552358459.205][INFO]: Done waiting for pending navigations. Status: ok
[1552358459.219][INFO]: Waiting for pending navigations...
[1552358459.220][INFO]: Done waiting for pending navigations. Status: ok
[1552358459.220][INFO]: [604ce3ca4ca706ee7cea328901d6c3d4] RESPONSE IsElementDisplayed true
[1552358459.222][INFO]: [604ce3ca4ca706ee7cea328901d6c3d4] COMMAND Screenshot {

}
[1552358459.222][INFO]: Waiting for pending navigations...
[1552358459.224][INFO]: Done waiting for pending navigations. Status: ok
[1552358459.576][INFO]: Waiting for pending navigations...
[1552358459.577][INFO]: Done waiting for pending navigations. Status: ok
[1552358459.577][INFO]: [604ce3ca4ca706ee7cea328901d6c3d4] RESPONSE Screenshot "iVBORw0KGgoAAAANSUhEUgAAB4AAAANRCAYAAAACj6FfAAAgAElEQVR4nOzde5SX9WHv+89vBubCRQZEbuJlFKOgqGA0QDSJqGnEmkRo0l2ItonutIo7PSfQrN1qsveu0tNjoF2nlaSnlaQ7HkjTFNIkFdumYtRUrKZgRB016iCgDIgw3Afmdv7gIjADBhy5PL5ea..."
[1552358459.588][INFO]: [604ce3ca4ca706ee7cea328901d6c3d4] COMMAND FindElement {
   "using": "id",
   "value": "search-link"
}
[1552358459.588][INFO]: Waiting for pending navigations...
[1552358459.589][INFO]: Done waiting for pending navigations. Status: ok
[1552358459.595][INFO]: Waiting for pending navigations...
[1552358459.596][INFO]: Done waiting for pending navigations. Status: ok
[1552358459.596][INFO]: [604ce3ca4ca706ee7cea328901d6c3d4] RESPONSE FindElement {
   "ELEMENT": "0.7034501748471886-8"
}
[1552358459.600][INFO]: [604ce3ca4ca706ee7cea328901d6c3d4] COMMAND FindChildElement {
   "id": "0.7034501748471886-8",
   "using": "tag name",
   "value": "span"
}
[1552358459.600][INFO]: Waiting for pending navigations...
[1552358459.601][INFO]: Done waiting for pending navigations. Status: ok
[1552358459.612][INFO]: Waiting for pending navigations...
[1552358459.613][INFO]: Done waiting for pending navigations. Status: ok
[1552358459.613][INFO]: [604ce3ca4ca706ee7cea328901d6c3d4] RESPONSE FindChildElement {
   "ELEMENT": "0.7034501748471886-9"
}
[1552358459.614][INFO]: [604ce3ca4ca706ee7cea328901d6c3d4] COMMAND GetElementText {
   "id": "0.7034501748471886-9"
}
[1552358459.614][INFO]: Waiting for pending navigations...
[1552358459.615][INFO]: Done waiting for pending navigations. Status: ok
[1552358459.628][INFO]: Waiting for pending navigations...
[1552358459.629][INFO]: Done waiting for pending navigations. Status: ok
[1552358459.629][INFO]: [604ce3ca4ca706ee7cea328901d6c3d4] RESPONSE GetElementText "Rechercher"
[1552358459.631][INFO]: [604ce3ca4ca706ee7cea328901d6c3d4] COMMAND FindElement {
   "using": "id",
   "value": "search-link"
}
[1552358459.632][INFO]: Waiting for pending navigations...
[1552358459.633][INFO]: Done waiting for pending navigations. Status: ok
[1552358459.639][INFO]: Waiting for pending navigations...
[1552358459.641][INFO]: Done waiting for pending navigations. Status: ok
[1552358459.641][INFO]: [604ce3ca4ca706ee7cea328901d6c3d4] RESPONSE FindElement {
   "ELEMENT": "0.7034501748471886-8"
}
[1552358459.643][INFO]: [604ce3ca4ca706ee7cea328901d6c3d4] COMMAND GetElementAttribute {
   "id": "0.7034501748471886-8",
   "name": "href"
}
[1552358459.643][INFO]: Waiting for pending navigations...
[1552358459.644][INFO]: Done waiting for pending navigations. Status: ok
[1552358459.648][INFO]: Waiting for pending navigations...
[1552358459.649][INFO]: Done waiting for pending navigations. Status: ok
[1552358459.649][INFO]: [604ce3ca4ca706ee7cea328901d6c3d4] RESPONSE GetElementAttribute "http://localhost:3000/search"
[1552358459.651][INFO]: [604ce3ca4ca706ee7cea328901d6c3d4] COMMAND Screenshot {

}
[1552358459.651][INFO]: Waiting for pending navigations...
[1552358459.652][INFO]: Done waiting for pending navigations. Status: ok
[1552358460.026][INFO]: Waiting for pending navigations...
[1552358460.027][INFO]: Done waiting for pending navigations. Status: ok
[1552358460.027][INFO]: [604ce3ca4ca706ee7cea328901d6c3d4] RESPONSE Screenshot "iVBORw0KGgoAAAANSUhEUgAAB4AAAANRCAYAAAACj6FfAAAgAElEQVR4nOzde5SX9WHv+89vBubCRQZEbuJlFKOgqGA0QDSJqGnEmkRo0l2ItonutIo7PSfQrN1qsveu0tNjoF2nlaSnlaQ7HkjTFNIkFdumYtRUrKZgRB016iCgDIgw3Afmdv7gIjADBhy5PL5ea..."
[1552358460.044][INFO]: [604ce3ca4ca706ee7cea328901d6c3d4] COMMAND FindElement {
   "using": "id",
   "value": "share-link"
}
[1552358460.044][INFO]: Waiting for pending navigations...
[1552358460.045][INFO]: Done waiting for pending navigations. Status: ok
[1552358460.056][INFO]: Waiting for pending navigations...
[1552358460.057][INFO]: Done waiting for pending navigations. Status: ok
[1552358460.057][INFO]: [604ce3ca4ca706ee7cea328901d6c3d4] RESPONSE FindElement {
   "ELEMENT": "0.7034501748471886-10"
}
[1552358460.058][INFO]: [604ce3ca4ca706ee7cea328901d6c3d4] COMMAND IsElementDisplayed {
   "id": "0.7034501748471886-10"
}
[1552358460.058][INFO]: Waiting for pending navigations...
[1552358460.059][INFO]: Done waiting for pending navigations. Status: ok
[1552358460.070][INFO]: Waiting for pending navigations...
[1552358460.071][INFO]: Done waiting for pending navigations. Status: ok
[1552358460.071][INFO]: [604ce3ca4ca706ee7cea328901d6c3d4] RESPONSE IsElementDisplayed true
[1552358460.072][INFO]: [604ce3ca4ca706ee7cea328901d6c3d4] COMMAND Screenshot {

}
[1552358460.072][INFO]: Waiting for pending navigations...
[1552358460.073][INFO]: Done waiting for pending navigations. Status: ok
[1552358460.466][INFO]: Waiting for pending navigations...
[1552358460.468][INFO]: Done waiting for pending navigations. Status: ok
[1552358460.468][INFO]: [604ce3ca4ca706ee7cea328901d6c3d4] RESPONSE Screenshot "iVBORw0KGgoAAAANSUhEUgAAB4AAAANRCAYAAAACj6FfAAAgAElEQVR4nOzde5SX9WHv+89vBubCRQZEbuJlFKOgqGA0QDSJqGnEmkRo0l2ItonutIo7PSfQrN1qsveu0tNjoF2nlaSnlaQ7HkjTFNIkFdumYtRUrKZgRB016iCgDIgw3Afmdv7gIjADBhy5PL5ea..."
[1552358460.478][INFO]: [604ce3ca4ca706ee7cea328901d6c3d4] COMMAND FindElement {
   "using": "id",
   "value": "share-link"
}
[1552358460.478][INFO]: Waiting for pending navigations...
[1552358460.479][INFO]: Done waiting for pending navigations. Status: ok
[1552358460.485][INFO]: Waiting for pending navigations...
[1552358460.486][INFO]: Done waiting for pending navigations. Status: ok
[1552358460.486][INFO]: [604ce3ca4ca706ee7cea328901d6c3d4] RESPONSE FindElement {
   "ELEMENT": "0.7034501748471886-10"
}
[1552358460.488][INFO]: [604ce3ca4ca706ee7cea328901d6c3d4] COMMAND FindChildElement {
   "id": "0.7034501748471886-10",
   "using": "tag name",
   "value": "span"
}
[1552358460.489][INFO]: Waiting for pending navigations...
[1552358460.489][INFO]: Done waiting for pending navigations. Status: ok
[1552358460.502][INFO]: Waiting for pending navigations...
[1552358460.503][INFO]: Done waiting for pending navigations. Status: ok
[1552358460.503][INFO]: [604ce3ca4ca706ee7cea328901d6c3d4] RESPONSE FindChildElement {
   "ELEMENT": "0.7034501748471886-11"
}
[1552358460.504][INFO]: [604ce3ca4ca706ee7cea328901d6c3d4] COMMAND GetElementText {
   "id": "0.7034501748471886-11"
}
[1552358460.504][INFO]: Waiting for pending navigations...
[1552358460.505][INFO]: Done waiting for pending navigations. Status: ok
[1552358460.520][INFO]: Waiting for pending navigations...
[1552358460.522][INFO]: Done waiting for pending navigations. Status: ok
[1552358460.522][INFO]: [604ce3ca4ca706ee7cea328901d6c3d4] RESPONSE GetElementText "Share"
[1552358460.524][INFO]: [604ce3ca4ca706ee7cea328901d6c3d4] COMMAND FindElement {
   "using": "id",
   "value": "share-link"
}
[1552358460.524][INFO]: Waiting for pending navigations...
[1552358460.525][INFO]: Done waiting for pending navigations. Status: ok
[1552358460.531][INFO]: Waiting for pending navigations...
[1552358460.532][INFO]: Done waiting for pending navigations. Status: ok
[1552358460.532][INFO]: [604ce3ca4ca706ee7cea328901d6c3d4] RESPONSE FindElement {
   "ELEMENT": "0.7034501748471886-10"
}
[1552358460.533][INFO]: [604ce3ca4ca706ee7cea328901d6c3d4] COMMAND GetElementAttribute {
   "id": "0.7034501748471886-10",
   "name": "href"
}
[1552358460.533][INFO]: Waiting for pending navigations...
[1552358460.535][INFO]: Done waiting for pending navigations. Status: ok
[1552358460.539][INFO]: Waiting for pending navigations...
[1552358460.539][INFO]: Done waiting for pending navigations. Status: ok
[1552358460.539][INFO]: [604ce3ca4ca706ee7cea328901d6c3d4] RESPONSE GetElementAttribute "http://localhost:3000/share"
[1552358460.541][INFO]: [604ce3ca4ca706ee7cea328901d6c3d4] COMMAND Screenshot {

}
[1552358460.541][INFO]: Waiting for pending navigations...
[1552358460.542][INFO]: Done waiting for pending navigations. Status: ok
[1552358460.920][INFO]: Waiting for pending navigations...
[1552358460.921][INFO]: Done waiting for pending navigations. Status: ok
[1552358460.921][INFO]: [604ce3ca4ca706ee7cea328901d6c3d4] RESPONSE Screenshot "iVBORw0KGgoAAAANSUhEUgAAB4AAAANRCAYAAAACj6FfAAAgAElEQVR4nOzde5SX9WHv+89vBubCRQZEbuJlFKOgqGA0QDSJqGnEmkRo0l2ItonutIo7PSfQrN1qsveu0tNjoF2nlaSnlaQ7HkjTFNIkFdumYtRUrKZgRB016iCgDIgw3Afmdv7gIjADBhy5PL5ea..."
[1552358460.933][INFO]: [604ce3ca4ca706ee7cea328901d6c3d4] COMMAND FindElement {
   "using": "id",
   "value": "about-link"
}
[1552358460.933][INFO]: Waiting for pending navigations...
[1552358460.934][INFO]: Done waiting for pending navigations. Status: ok
[1552358460.945][INFO]: Waiting for pending navigations...
[1552358460.946][INFO]: Done waiting for pending navigations. Status: ok
[1552358460.946][INFO]: [604ce3ca4ca706ee7cea328901d6c3d4] RESPONSE FindElement {
   "ELEMENT": "0.7034501748471886-12"
}
[1552358460.947][INFO]: [604ce3ca4ca706ee7cea328901d6c3d4] COMMAND IsElementDisplayed {
   "id": "0.7034501748471886-12"
}
[1552358460.948][INFO]: Waiting for pending navigations...
[1552358460.949][INFO]: Done waiting for pending navigations. Status: ok
[1552358460.967][INFO]: Waiting for pending navigations...
[1552358460.968][INFO]: Done waiting for pending navigations. Status: ok
[1552358460.968][INFO]: [604ce3ca4ca706ee7cea328901d6c3d4] RESPONSE IsElementDisplayed true
[1552358460.970][INFO]: [604ce3ca4ca706ee7cea328901d6c3d4] COMMAND Screenshot {

}
[1552358460.970][INFO]: Waiting for pending navigations...
[1552358460.971][INFO]: Done waiting for pending navigations. Status: ok
[1552358461.329][INFO]: Waiting for pending navigations...
[1552358461.330][INFO]: Done waiting for pending navigations. Status: ok
[1552358461.330][INFO]: [604ce3ca4ca706ee7cea328901d6c3d4] RESPONSE Screenshot "iVBORw0KGgoAAAANSUhEUgAAB4AAAANRCAYAAAACj6FfAAAgAElEQVR4nOzde5SX9WHv+89vBubCRQZEbuJlFKOgqGA0QDSJqGnEmkRo0l2ItonutIo7PSfQrN1qsveu0tNjoF2nlaSnlaQ7HkjTFNIkFdumYtRUrKZgRB016iCgDIgw3Afmdv7gIjADBhy5PL5ea..."
[1552358461.342][INFO]: [604ce3ca4ca706ee7cea328901d6c3d4] COMMAND FindElement {
   "using": "id",
   "value": "about-link"
}
[1552358461.342][INFO]: Waiting for pending navigations...
[1552358461.343][INFO]: Done waiting for pending navigations. Status: ok
[1552358461.349][INFO]: Waiting for pending navigations...
[1552358461.350][INFO]: Done waiting for pending navigations. Status: ok
[1552358461.350][INFO]: [604ce3ca4ca706ee7cea328901d6c3d4] RESPONSE FindElement {
   "ELEMENT": "0.7034501748471886-12"
}
[1552358461.352][INFO]: [604ce3ca4ca706ee7cea328901d6c3d4] COMMAND FindChildElement {
   "id": "0.7034501748471886-12",
   "using": "tag name",
   "value": "span"
}
[1552358461.352][INFO]: Waiting for pending navigations...
[1552358461.353][INFO]: Done waiting for pending navigations. Status: ok
[1552358461.364][INFO]: Waiting for pending navigations...
[1552358461.365][INFO]: Done waiting for pending navigations. Status: ok
[1552358461.365][INFO]: [604ce3ca4ca706ee7cea328901d6c3d4] RESPONSE FindChildElement {
   "ELEMENT": "0.7034501748471886-13"
}
[1552358461.366][INFO]: [604ce3ca4ca706ee7cea328901d6c3d4] COMMAND GetElementText {
   "id": "0.7034501748471886-13"
}
[1552358461.366][INFO]: Waiting for pending navigations...
[1552358461.367][INFO]: Done waiting for pending navigations. Status: ok
[1552358461.379][INFO]: Waiting for pending navigations...
[1552358461.379][INFO]: Done waiting for pending navigations. Status: ok
[1552358461.379][INFO]: [604ce3ca4ca706ee7cea328901d6c3d4] RESPONSE GetElementText "About"
[1552358461.383][INFO]: [604ce3ca4ca706ee7cea328901d6c3d4] COMMAND FindElement {
   "using": "id",
   "value": "about-link"
}
[1552358461.383][INFO]: Waiting for pending navigations...
[1552358461.384][INFO]: Done waiting for pending navigations. Status: ok
[1552358461.389][INFO]: Waiting for pending navigations...
[1552358461.395][INFO]: Done waiting for pending navigations. Status: ok
[1552358461.395][INFO]: [604ce3ca4ca706ee7cea328901d6c3d4] RESPONSE FindElement {
   "ELEMENT": "0.7034501748471886-12"
}
[1552358461.396][INFO]: [604ce3ca4ca706ee7cea328901d6c3d4] COMMAND GetElementAttribute {
   "id": "0.7034501748471886-12",
   "name": "href"
}
[1552358461.396][INFO]: Waiting for pending navigations...
[1552358461.402][INFO]: Done waiting for pending navigations. Status: ok
[1552358461.407][INFO]: Waiting for pending navigations...
[1552358461.408][INFO]: Done waiting for pending navigations. Status: ok
[1552358461.408][INFO]: [604ce3ca4ca706ee7cea328901d6c3d4] RESPONSE GetElementAttribute "http://localhost:3000/about"
[1552358461.410][INFO]: [604ce3ca4ca706ee7cea328901d6c3d4] COMMAND Screenshot {

}
[1552358461.410][INFO]: Waiting for pending navigations...
[1552358461.412][INFO]: Done waiting for pending navigations. Status: ok
[1552358461.733][INFO]: Waiting for pending navigations...
[1552358461.734][INFO]: Done waiting for pending navigations. Status: ok
[1552358461.734][INFO]: [604ce3ca4ca706ee7cea328901d6c3d4] RESPONSE Screenshot "iVBORw0KGgoAAAANSUhEUgAAB4AAAANRCAYAAAACj6FfAAAgAElEQVR4nOzde5SX9WHv+89vBubCRQZEbuJlFKOgqGA0QDSJqGnEmkRo0l2ItonutIo7PSfQrN1qsveu0tNjoF2nlaSnlaQ7HkjTFNIkFdumYtRUrKZgRB016iCgDIgw3Afmdv7gIjADBhy5PL5ea..."
[1552358461.746][INFO]: [604ce3ca4ca706ee7cea328901d6c3d4] COMMAND Quit {

}
[1552358461.811][INFO]: [604ce3ca4ca706ee7cea328901d6c3d4] RESPONSE Quit
