[1552246171.499][INFO]: Starting ChromeDriver 73.0.3683.68 (47787ec04b6e38e22703e856e101e840b65afe72)
[1552246171.499][INFO]: Please protect ports used by ChromeDriver and related test frameworks to prevent access by malicious code.
[1552246172.354][INFO]: [9b6ff03ee2acdb764fe15e64d5a47c32] COMMAND InitSession {
   "capabilities": {
      "firstMatch": [ {
         "browserName": "chrome",
         "goog:chromeOptions": {
            "args": [ "chrome.switches", "--disable-extensions", "chrome.switches", "test-type", "chrome.switches", "start-maximized", "chrome.switches", "no-sandbox" ],
            "extensions": [  ],
            "useAutomationExtension": false
         }
      } ]
   },
   "desiredCapabilities": {
      "browserName": "chrome",
      "goog:chromeOptions": {
         "args": [ "chrome.switches", "--disable-extensions", "chrome.switches", "test-type", "chrome.switches", "start-maximized", "chrome.switches", "no-sandbox" ],
         "extensions": [  ],
         "useAutomationExtension": false
      }
   }
}
[1552246172.359][INFO]: Populating Preferences file: {
   "alternate_error_pages": {
      "enabled": false
   },
   "autofill": {
      "enabled": false
   },
   "browser": {
      "check_default_browser": false
   },
   "distribution": {
      "import_bookmarks": false,
      "import_history": false,
      "import_search_engine": false,
      "make_chrome_default_for_user": false,
      "skip_first_run_ui": true
   },
   "dns_prefetching": {
      "enabled": false
   },
   "profile": {
      "content_settings": {
         "pattern_pairs": {
            "https://*,*": {
               "media-stream": {
                  "audio": "Default",
                  "video": "Default"
               }
            }
         }
      },
      "default_content_setting_values": {
         "geolocation": 1
      },
      "default_content_settings": {
         "geolocation": 1,
         "mouselock": 1,
         "notifications": 1,
         "popups": 1,
         "ppapi-broker": 1
      },
      "password_manager_enabled": false
   },
   "safebrowsing": {
      "enabled": false
   },
   "search": {
      "suggest_enabled": false
   },
   "translate": {
      "enabled": false
   }
}
[1552246172.366][INFO]: Populating Local State file: {
   "background_mode": {
      "enabled": false
   },
   "ssl": {
      "rev_checking": {
         "enabled": false
      }
   }
}
[1552246172.368][INFO]: Launching chrome: "C:\Program Files (x86)\Google\Chrome\Application\chrome.exe" --chrome.switches --disable-background-networking --disable-client-side-phishing-detection --disable-default-apps --disable-extensions --disable-hang-monitor --disable-popup-blocking --disable-prompt-on-repost --disable-sync --disable-web-resources --enable-automation --enable-blink-features=ShadowDOMV0 --enable-logging --force-fieldtrials=SiteIsolationExtensions/Control --ignore-certificate-errors --log-level=0 --metrics-recording-only --no-first-run --no-sandbox --password-store=basic --remote-debugging-port=0 --start-maximized --test-type --use-mock-keychain --user-data-dir="C:\Users\KAVITH~1\AppData\Local\Temp\scoped_dir27300_8410" data:,
[1552246172.899][INFO]: resolved localhost to ["::1","127.0.0.1"]
[1552246173.917][INFO]: [9b6ff03ee2acdb764fe15e64d5a47c32] RESPONSE InitSession {
   "acceptInsecureCerts": false,
   "acceptSslCerts": false,
   "applicationCacheEnabled": false,
   "browserConnectionEnabled": false,
   "browserName": "chrome",
   "chrome": {
      "chromedriverVersion": "73.0.3683.68 (47787ec04b6e38e22703e856e101e840b65afe72)",
      "userDataDir": "C:\\Users\\KAVITH~1\\AppData\\Local\\Temp\\scoped_dir27300_8410"
   },
   "cssSelectorsEnabled": true,
   "databaseEnabled": false,
   "goog:chromeOptions": {
      "debuggerAddress": "localhost:51954"
   },
   "handlesAlerts": true,
   "hasTouchScreen": false,
   "javascriptEnabled": true,
   "locationContextEnabled": true,
   "mobileEmulationEnabled": false,
   "nativeEvents": true,
   "networkConnectionEnabled": false,
   "pageLoadStrategy": "normal",
   "platform": "Windows NT",
   "proxy": {

   },
   "~~~": "..."
}
[1552246173.952][INFO]: [9b6ff03ee2acdb764fe15e64d5a47c32] COMMAND MaximizeWindow {
   "handle": "current",
   "windowHandle": "current"
}
[1552246173.952][INFO]: Waiting for pending navigations...
[1552246173.961][INFO]: Done waiting for pending navigations. Status: ok
[1552246173.962][INFO]: resolved localhost to ["::1","127.0.0.1"]
[1552246174.965][INFO]: Waiting for pending navigations...
[1552246174.966][INFO]: Done waiting for pending navigations. Status: ok
[1552246174.966][INFO]: [9b6ff03ee2acdb764fe15e64d5a47c32] RESPONSE MaximizeWindow {
   "height": 696,
   "width": 1296,
   "x": -8,
   "y": -8
}
[1552246174.971][INFO]: [9b6ff03ee2acdb764fe15e64d5a47c32] COMMAND SetTimeouts {
   "ms": 30000,
   "type": "implicit"
}
[1552246174.971][INFO]: [9b6ff03ee2acdb764fe15e64d5a47c32] RESPONSE SetTimeouts
[1552246174.974][INFO]: [9b6ff03ee2acdb764fe15e64d5a47c32] COMMAND SetTimeouts {
   "ms": 60000,
   "type": "page load"
}
[1552246174.974][INFO]: [9b6ff03ee2acdb764fe15e64d5a47c32] RESPONSE SetTimeouts
[1552246174.979][INFO]: [9b6ff03ee2acdb764fe15e64d5a47c32] COMMAND Navigate {
   "url": "http://localhost:3000/"
}
[1552246174.979][INFO]: Waiting for pending navigations...
[1552246174.980][INFO]: Done waiting for pending navigations. Status: ok
[1552246175.338][INFO]: Waiting for pending navigations...
[1552246176.352][INFO]: Done waiting for pending navigations. Status: ok
[1552246176.352][INFO]: [9b6ff03ee2acdb764fe15e64d5a47c32] RESPONSE Navigate
[1552246176.415][INFO]: [9b6ff03ee2acdb764fe15e64d5a47c32] COMMAND FindElement {
   "using": "id",
   "value": "brand-logo"
}
[1552246176.415][INFO]: Waiting for pending navigations...
[1552246176.415][INFO]: Done waiting for pending navigations. Status: ok
[1552246176.426][INFO]: Waiting for pending navigations...
[1552246176.427][INFO]: Done waiting for pending navigations. Status: ok
[1552246176.427][INFO]: [9b6ff03ee2acdb764fe15e64d5a47c32] RESPONSE FindElement {
   "ELEMENT": "0.5665365503991016-1"
}
[1552246176.431][INFO]: [9b6ff03ee2acdb764fe15e64d5a47c32] COMMAND IsElementDisplayed {
   "id": "0.5665365503991016-1"
}
[1552246176.431][INFO]: Waiting for pending navigations...
[1552246176.432][INFO]: Done waiting for pending navigations. Status: ok
[1552246176.443][INFO]: Waiting for pending navigations...
[1552246176.444][INFO]: Done waiting for pending navigations. Status: ok
[1552246176.444][INFO]: [9b6ff03ee2acdb764fe15e64d5a47c32] RESPONSE IsElementDisplayed true
[1552246176.450][INFO]: [9b6ff03ee2acdb764fe15e64d5a47c32] COMMAND Screenshot {

}
[1552246176.450][INFO]: Waiting for pending navigations...
[1552246176.451][INFO]: Done waiting for pending navigations. Status: ok
[1552246176.785][INFO]: Waiting for pending navigations...
[1552246176.786][INFO]: Done waiting for pending navigations. Status: ok
[1552246176.786][INFO]: [9b6ff03ee2acdb764fe15e64d5a47c32] RESPONSE Screenshot "iVBORw0KGgoAAAANSUhEUgAAB4AAAANRCAYAAAACj6FfAAAgAElEQVR4nOzde5RX9WHv/c9vBuYCjgyI3LyOlygoKhgNEE0iahqxJhGa9BSibaonreJJnxNI1mk16Xmq9Omj0KynlaSnlaYnHkjTFNIkFdumYtVUrFowoo4adVBQBuUyXGdgbs8fAgIzYMCRy/b1W..."
[1552246176.808][INFO]: [9b6ff03ee2acdb764fe15e64d5a47c32] COMMAND FindElement {
   "using": "id",
   "value": "brand-name"
}
[1552246176.808][INFO]: Waiting for pending navigations...
[1552246176.808][INFO]: Done waiting for pending navigations. Status: ok
[1552246176.817][INFO]: Waiting for pending navigations...
[1552246176.818][INFO]: Done waiting for pending navigations. Status: ok
[1552246176.818][INFO]: [9b6ff03ee2acdb764fe15e64d5a47c32] RESPONSE FindElement {
   "ELEMENT": "0.5665365503991016-2"
}
[1552246176.820][INFO]: [9b6ff03ee2acdb764fe15e64d5a47c32] COMMAND IsElementDisplayed {
   "id": "0.5665365503991016-2"
}
[1552246176.820][INFO]: Waiting for pending navigations...
[1552246176.821][INFO]: Done waiting for pending navigations. Status: ok
[1552246176.830][INFO]: Waiting for pending navigations...
[1552246176.831][INFO]: Done waiting for pending navigations. Status: ok
[1552246176.831][INFO]: [9b6ff03ee2acdb764fe15e64d5a47c32] RESPONSE IsElementDisplayed true
[1552246176.833][INFO]: [9b6ff03ee2acdb764fe15e64d5a47c32] COMMAND Screenshot {

}
[1552246176.833][INFO]: Waiting for pending navigations...
[1552246176.834][INFO]: Done waiting for pending navigations. Status: ok
[1552246177.149][INFO]: Waiting for pending navigations...
[1552246177.150][INFO]: Done waiting for pending navigations. Status: ok
[1552246177.150][INFO]: [9b6ff03ee2acdb764fe15e64d5a47c32] RESPONSE Screenshot "iVBORw0KGgoAAAANSUhEUgAAB4AAAANRCAYAAAACj6FfAAAgAElEQVR4nOzde5RX9WHv/c9vBuYCjgyI3LyOlygoKhgNEE0iahqxJhGa9BSibaonreJJnxNI1mk16Xmq9Omj0KynlaSnlaYnHkjTFNIkFdumYtVUrFowoo4adVBQBuUyXGdgbs8fAgIzYMCRy/b1W..."
[1552246177.163][INFO]: [9b6ff03ee2acdb764fe15e64d5a47c32] COMMAND FindElement {
   "using": "id",
   "value": "menu-btn"
}
[1552246177.163][INFO]: Waiting for pending navigations...
[1552246177.164][INFO]: Done waiting for pending navigations. Status: ok
[1552246177.174][INFO]: Waiting for pending navigations...
[1552246177.175][INFO]: Done waiting for pending navigations. Status: ok
[1552246177.175][INFO]: [9b6ff03ee2acdb764fe15e64d5a47c32] RESPONSE FindElement {
   "ELEMENT": "0.5665365503991016-3"
}
[1552246177.176][INFO]: [9b6ff03ee2acdb764fe15e64d5a47c32] COMMAND IsElementDisplayed {
   "id": "0.5665365503991016-3"
}
[1552246177.176][INFO]: Waiting for pending navigations...
[1552246177.177][INFO]: Done waiting for pending navigations. Status: ok
[1552246177.190][INFO]: Waiting for pending navigations...
[1552246177.191][INFO]: Done waiting for pending navigations. Status: ok
[1552246177.191][INFO]: [9b6ff03ee2acdb764fe15e64d5a47c32] RESPONSE IsElementDisplayed true
[1552246177.193][INFO]: [9b6ff03ee2acdb764fe15e64d5a47c32] COMMAND Screenshot {

}
[1552246177.193][INFO]: Waiting for pending navigations...
[1552246177.194][INFO]: Done waiting for pending navigations. Status: ok
[1552246177.539][INFO]: Waiting for pending navigations...
[1552246177.540][INFO]: Done waiting for pending navigations. Status: ok
[1552246177.540][INFO]: [9b6ff03ee2acdb764fe15e64d5a47c32] RESPONSE Screenshot "iVBORw0KGgoAAAANSUhEUgAAB4AAAANRCAYAAAACj6FfAAAgAElEQVR4nOzde5RX9WHv/c9vBuYCjgyI3LyOlygoKhgNEE0iahqxJhGa9BSibaonreJJnxNI1mk16Xmq9Omj0KynlaSnlaYnHkjTFNIkFdumYtVUrFowoo4adVBQBuUyXGdgbs8fAgIzYMCRy/b1W..."
[1552246177.550][INFO]: [9b6ff03ee2acdb764fe15e64d5a47c32] COMMAND FindElement {
   "using": "id",
   "value": "menu-btn"
}
[1552246177.550][INFO]: Waiting for pending navigations...
[1552246177.551][INFO]: Done waiting for pending navigations. Status: ok
[1552246177.555][INFO]: Waiting for pending navigations...
[1552246177.556][INFO]: Done waiting for pending navigations. Status: ok
[1552246177.556][INFO]: [9b6ff03ee2acdb764fe15e64d5a47c32] RESPONSE FindElement {
   "ELEMENT": "0.5665365503991016-3"
}
[1552246177.560][INFO]: [9b6ff03ee2acdb764fe15e64d5a47c32] COMMAND ClickElement {
   "id": "0.5665365503991016-3"
}
[1552246177.560][INFO]: Waiting for pending navigations...
[1552246177.561][INFO]: Done waiting for pending navigations. Status: ok
[1552246177.610][INFO]: Waiting for pending navigations...
[1552246177.611][INFO]: Done waiting for pending navigations. Status: ok
[1552246177.611][INFO]: [9b6ff03ee2acdb764fe15e64d5a47c32] RESPONSE ClickElement
[1552246178.616][INFO]: [9b6ff03ee2acdb764fe15e64d5a47c32] COMMAND FindElement {
   "using": "id",
   "value": "menu-btn"
}
[1552246178.616][INFO]: Waiting for pending navigations...
[1552246178.617][INFO]: Done waiting for pending navigations. Status: ok
[1552246178.623][INFO]: Waiting for pending navigations...
[1552246178.625][INFO]: Done waiting for pending navigations. Status: ok
[1552246178.625][INFO]: [9b6ff03ee2acdb764fe15e64d5a47c32] RESPONSE FindElement {
   "ELEMENT": "0.5665365503991016-3"
}
[1552246178.627][INFO]: [9b6ff03ee2acdb764fe15e64d5a47c32] COMMAND GetElementText {
   "id": "0.5665365503991016-3"
}
[1552246178.627][INFO]: Waiting for pending navigations...
[1552246178.627][INFO]: Done waiting for pending navigations. Status: ok
[1552246178.637][INFO]: Waiting for pending navigations...
[1552246178.638][INFO]: Done waiting for pending navigations. Status: ok
[1552246178.638][INFO]: [9b6ff03ee2acdb764fe15e64d5a47c32] RESPONSE GetElementText "Close"
[1552246178.640][INFO]: [9b6ff03ee2acdb764fe15e64d5a47c32] COMMAND Screenshot {

}
[1552246178.640][INFO]: Waiting for pending navigations...
[1552246178.640][INFO]: Done waiting for pending navigations. Status: ok
[1552246178.966][INFO]: Waiting for pending navigations...
[1552246178.967][INFO]: Done waiting for pending navigations. Status: ok
[1552246178.967][INFO]: [9b6ff03ee2acdb764fe15e64d5a47c32] RESPONSE Screenshot "iVBORw0KGgoAAAANSUhEUgAAB4AAAANRCAYAAAACj6FfAAAgAElEQVR4nOzde3RU533v/8+MBknDeNDogpCEEAwI5EHmIhkrIJtgJNe1ocQGslwOOEl9RNvUkPrYImfld6Cn53cKqX8JclZPgJNfDmrqtvBz0oDruCZuGoExCVCFCgwWMiAQCIEuSIyEEKPLaPT7Q..."
[1552246178.989][INFO]: [9b6ff03ee2acdb764fe15e64d5a47c32] COMMAND FindElement {
   "using": "id",
   "value": "what-are-link"
}
[1552246178.989][INFO]: Waiting for pending navigations...
[1552246178.990][INFO]: Done waiting for pending navigations. Status: ok
[1552246178.998][INFO]: Waiting for pending navigations...
[1552246178.999][INFO]: Done waiting for pending navigations. Status: ok
[1552246178.999][INFO]: [9b6ff03ee2acdb764fe15e64d5a47c32] RESPONSE FindElement {
   "ELEMENT": "0.5665365503991016-4"
}
[1552246179.000][INFO]: [9b6ff03ee2acdb764fe15e64d5a47c32] COMMAND IsElementDisplayed {
   "id": "0.5665365503991016-4"
}
[1552246179.000][INFO]: Waiting for pending navigations...
[1552246179.001][INFO]: Done waiting for pending navigations. Status: ok
[1552246179.009][INFO]: Waiting for pending navigations...
[1552246179.010][INFO]: Done waiting for pending navigations. Status: ok
[1552246179.010][INFO]: [9b6ff03ee2acdb764fe15e64d5a47c32] RESPONSE IsElementDisplayed true
[1552246179.011][INFO]: [9b6ff03ee2acdb764fe15e64d5a47c32] COMMAND Screenshot {

}
[1552246179.011][INFO]: Waiting for pending navigations...
[1552246179.012][INFO]: Done waiting for pending navigations. Status: ok
[1552246179.329][INFO]: Waiting for pending navigations...
[1552246179.330][INFO]: Done waiting for pending navigations. Status: ok
[1552246179.330][INFO]: [9b6ff03ee2acdb764fe15e64d5a47c32] RESPONSE Screenshot "iVBORw0KGgoAAAANSUhEUgAAB4AAAANRCAYAAAACj6FfAAAgAElEQVR4nOzde3RU533v/8+MBknDeNDogpCEEAwI5EHmIhkrIJtgJNe1ocQGslwOOEl9RNvUkPrYImfld6Cn53cKqX8JclZPgJNfDmrqtvBz0oDruCZuGoExCVCFCgwWMiAQCIEuSIyEEKPLaPT7Q..."
[1552246179.345][INFO]: [9b6ff03ee2acdb764fe15e64d5a47c32] COMMAND FindElement {
   "using": "id",
   "value": "what-are-link"
}
[1552246179.345][INFO]: Waiting for pending navigations...
[1552246179.348][INFO]: Done waiting for pending navigations. Status: ok
[1552246179.352][INFO]: Waiting for pending navigations...
[1552246179.354][INFO]: Done waiting for pending navigations. Status: ok
[1552246179.354][INFO]: [9b6ff03ee2acdb764fe15e64d5a47c32] RESPONSE FindElement {
   "ELEMENT": "0.5665365503991016-4"
}
[1552246179.355][INFO]: [9b6ff03ee2acdb764fe15e64d5a47c32] COMMAND GetElementText {
   "id": "0.5665365503991016-4"
}
[1552246179.355][INFO]: Waiting for pending navigations...
[1552246179.356][INFO]: Done waiting for pending navigations. Status: ok
[1552246179.368][INFO]: Waiting for pending navigations...
[1552246179.369][INFO]: Done waiting for pending navigations. Status: ok
[1552246179.369][INFO]: [9b6ff03ee2acdb764fe15e64d5a47c32] RESPONSE GetElementText "What are Child Labor and Forced Labor?"
[1552246179.372][INFO]: [9b6ff03ee2acdb764fe15e64d5a47c32] COMMAND FindElement {
   "using": "id",
   "value": "what-are-link"
}
[1552246179.372][INFO]: Waiting for pending navigations...
[1552246179.373][INFO]: Done waiting for pending navigations. Status: ok
[1552246179.378][INFO]: Waiting for pending navigations...
[1552246179.379][INFO]: Done waiting for pending navigations. Status: ok
[1552246179.379][INFO]: [9b6ff03ee2acdb764fe15e64d5a47c32] RESPONSE FindElement {
   "ELEMENT": "0.5665365503991016-4"
}
[1552246179.381][INFO]: [9b6ff03ee2acdb764fe15e64d5a47c32] COMMAND GetElementAttribute {
   "id": "0.5665365503991016-4",
   "name": "href"
}
[1552246179.381][INFO]: Waiting for pending navigations...
[1552246179.382][INFO]: Done waiting for pending navigations. Status: ok
[1552246179.385][INFO]: Waiting for pending navigations...
[1552246179.386][INFO]: Done waiting for pending navigations. Status: ok
[1552246179.386][INFO]: [9b6ff03ee2acdb764fe15e64d5a47c32] RESPONSE GetElementAttribute "http://localhost:3000/what-are"
[1552246179.387][INFO]: [9b6ff03ee2acdb764fe15e64d5a47c32] COMMAND Screenshot {

}
[1552246179.387][INFO]: Waiting for pending navigations...
[1552246179.388][INFO]: Done waiting for pending navigations. Status: ok
[1552246179.688][INFO]: Waiting for pending navigations...
[1552246179.689][INFO]: Done waiting for pending navigations. Status: ok
[1552246179.689][INFO]: [9b6ff03ee2acdb764fe15e64d5a47c32] RESPONSE Screenshot "iVBORw0KGgoAAAANSUhEUgAAB4AAAANRCAYAAAACj6FfAAAgAElEQVR4nOzde3RU533v/8+MBknDeNDogpCEEAwI5EHmIhkrIJtgJNe1ocQGslwOOEl9RNvUkPrYImfld6Cn53cKqX8JclZPgJNfDmrqtvBz0oDruCZuGoExCVCFCgwWMiAQCIEuSIyEEKPLaPT7Q..."
[1552246179.707][INFO]: [9b6ff03ee2acdb764fe15e64d5a47c32] COMMAND FindElement {
   "using": "id",
   "value": "why-develop-link"
}
[1552246179.707][INFO]: Waiting for pending navigations...
[1552246179.708][INFO]: Done waiting for pending navigations. Status: ok
[1552246179.716][INFO]: Waiting for pending navigations...
[1552246179.717][INFO]: Done waiting for pending navigations. Status: ok
[1552246179.717][INFO]: [9b6ff03ee2acdb764fe15e64d5a47c32] RESPONSE FindElement {
   "ELEMENT": "0.5665365503991016-5"
}
[1552246179.718][INFO]: [9b6ff03ee2acdb764fe15e64d5a47c32] COMMAND IsElementDisplayed {
   "id": "0.5665365503991016-5"
}
[1552246179.719][INFO]: Waiting for pending navigations...
[1552246179.719][INFO]: Done waiting for pending navigations. Status: ok
[1552246179.728][INFO]: Waiting for pending navigations...
[1552246179.729][INFO]: Done waiting for pending navigations. Status: ok
[1552246179.729][INFO]: [9b6ff03ee2acdb764fe15e64d5a47c32] RESPONSE IsElementDisplayed true
[1552246179.732][INFO]: [9b6ff03ee2acdb764fe15e64d5a47c32] COMMAND Screenshot {

}
[1552246179.732][INFO]: Waiting for pending navigations...
[1552246179.734][INFO]: Done waiting for pending navigations. Status: ok
[1552246180.032][INFO]: Waiting for pending navigations...
[1552246180.033][INFO]: Done waiting for pending navigations. Status: ok
[1552246180.033][INFO]: [9b6ff03ee2acdb764fe15e64d5a47c32] RESPONSE Screenshot "iVBORw0KGgoAAAANSUhEUgAAB4AAAANRCAYAAAACj6FfAAAgAElEQVR4nOzde3RU533v/8+MBknDeNDogpCEEAwI5EHmIhkrIJtgJNe1ocQGslwOOEl9RNvUkPrYImfld6Cn53cKqX8JclZPgJNfDmrqtvBz0oDruCZuGoExCVCFCgwWMiAQCIEuSIyEEKPLaPT7Q..."
[1552246180.046][INFO]: [9b6ff03ee2acdb764fe15e64d5a47c32] COMMAND FindElement {
   "using": "id",
   "value": "why-develop-link"
}
[1552246180.047][INFO]: Waiting for pending navigations...
[1552246180.048][INFO]: Done waiting for pending navigations. Status: ok
[1552246180.052][INFO]: Waiting for pending navigations...
[1552246180.053][INFO]: Done waiting for pending navigations. Status: ok
[1552246180.053][INFO]: [9b6ff03ee2acdb764fe15e64d5a47c32] RESPONSE FindElement {
   "ELEMENT": "0.5665365503991016-5"
}
[1552246180.054][INFO]: [9b6ff03ee2acdb764fe15e64d5a47c32] COMMAND GetElementText {
   "id": "0.5665365503991016-5"
}
[1552246180.054][INFO]: Waiting for pending navigations...
[1552246180.055][INFO]: Done waiting for pending navigations. Status: ok
[1552246180.066][INFO]: Waiting for pending navigations...
[1552246180.068][INFO]: Done waiting for pending navigations. Status: ok
[1552246180.068][INFO]: [9b6ff03ee2acdb764fe15e64d5a47c32] RESPONSE GetElementText "Why Develop a Social Compliance System?"
[1552246180.071][INFO]: [9b6ff03ee2acdb764fe15e64d5a47c32] COMMAND FindElement {
   "using": "id",
   "value": "why-develop-link"
}
[1552246180.071][INFO]: Waiting for pending navigations...
[1552246180.072][INFO]: Done waiting for pending navigations. Status: ok
[1552246180.076][INFO]: Waiting for pending navigations...
[1552246180.077][INFO]: Done waiting for pending navigations. Status: ok
[1552246180.077][INFO]: [9b6ff03ee2acdb764fe15e64d5a47c32] RESPONSE FindElement {
   "ELEMENT": "0.5665365503991016-5"
}
[1552246180.078][INFO]: [9b6ff03ee2acdb764fe15e64d5a47c32] COMMAND GetElementAttribute {
   "id": "0.5665365503991016-5",
   "name": "href"
}
[1552246180.078][INFO]: Waiting for pending navigations...
[1552246180.079][INFO]: Done waiting for pending navigations. Status: ok
[1552246180.081][INFO]: Waiting for pending navigations...
[1552246180.082][INFO]: Done waiting for pending navigations. Status: ok
[1552246180.082][INFO]: [9b6ff03ee2acdb764fe15e64d5a47c32] RESPONSE GetElementAttribute "http://localhost:3000/why-develop"
[1552246180.083][INFO]: [9b6ff03ee2acdb764fe15e64d5a47c32] COMMAND Screenshot {

}
[1552246180.083][INFO]: Waiting for pending navigations...
[1552246180.084][INFO]: Done waiting for pending navigations. Status: ok
[1552246180.404][INFO]: Waiting for pending navigations...
[1552246180.405][INFO]: Done waiting for pending navigations. Status: ok
[1552246180.405][INFO]: [9b6ff03ee2acdb764fe15e64d5a47c32] RESPONSE Screenshot "iVBORw0KGgoAAAANSUhEUgAAB4AAAANRCAYAAAACj6FfAAAgAElEQVR4nOzde3RU533v/8+MBknDeNDogpCEEAwI5EHmIhkrIJtgJNe1ocQGslwOOEl9RNvUkPrYImfld6Cn53cKqX8JclZPgJNfDmrqtvBz0oDruCZuGoExCVCFCgwWMiAQCIEuSIyEEKPLaPT7Q..."
[1552246180.418][INFO]: [9b6ff03ee2acdb764fe15e64d5a47c32] COMMAND FindElement {
   "using": "id",
   "value": "basics-link"
}
[1552246180.418][INFO]: Waiting for pending navigations...
[1552246180.420][INFO]: Done waiting for pending navigations. Status: ok
[1552246180.428][INFO]: Waiting for pending navigations...
[1552246180.429][INFO]: Done waiting for pending navigations. Status: ok
[1552246180.429][INFO]: [9b6ff03ee2acdb764fe15e64d5a47c32] RESPONSE FindElement {
   "ELEMENT": "0.5665365503991016-6"
}
[1552246180.430][INFO]: [9b6ff03ee2acdb764fe15e64d5a47c32] COMMAND IsElementDisplayed {
   "id": "0.5665365503991016-6"
}
[1552246180.430][INFO]: Waiting for pending navigations...
[1552246180.431][INFO]: Done waiting for pending navigations. Status: ok
[1552246180.439][INFO]: Waiting for pending navigations...
[1552246180.441][INFO]: Done waiting for pending navigations. Status: ok
[1552246180.441][INFO]: [9b6ff03ee2acdb764fe15e64d5a47c32] RESPONSE IsElementDisplayed true
[1552246180.442][INFO]: [9b6ff03ee2acdb764fe15e64d5a47c32] COMMAND Screenshot {

}
[1552246180.442][INFO]: Waiting for pending navigations...
[1552246180.443][INFO]: Done waiting for pending navigations. Status: ok
[1552246180.721][INFO]: Waiting for pending navigations...
[1552246180.735][INFO]: Done waiting for pending navigations. Status: ok
[1552246180.735][INFO]: [9b6ff03ee2acdb764fe15e64d5a47c32] RESPONSE Screenshot "iVBORw0KGgoAAAANSUhEUgAAB4AAAANRCAYAAAACj6FfAAAgAElEQVR4nOzde3RU533v/8+MBknDeNDogpCEEAwI5EHmIhkrIJtgJNe1ocQGslwOOEl9RNvUkPrYImfld6Cn53cKqX8JclZPgJNfDmrqtvBz0oDruCZuGoExCVCFCgwWMiAQCIEuSIyEEKPLaPT7Q..."
[1552246180.752][INFO]: [9b6ff03ee2acdb764fe15e64d5a47c32] COMMAND FindElement {
   "using": "id",
   "value": "basics-link"
}
[1552246180.752][INFO]: Waiting for pending navigations...
[1552246180.753][INFO]: Done waiting for pending navigations. Status: ok
[1552246180.758][INFO]: Waiting for pending navigations...
[1552246180.759][INFO]: Done waiting for pending navigations. Status: ok
[1552246180.759][INFO]: [9b6ff03ee2acdb764fe15e64d5a47c32] RESPONSE FindElement {
   "ELEMENT": "0.5665365503991016-6"
}
[1552246180.760][INFO]: [9b6ff03ee2acdb764fe15e64d5a47c32] COMMAND GetElementText {
   "id": "0.5665365503991016-6"
}
[1552246180.760][INFO]: Waiting for pending navigations...
[1552246180.761][INFO]: Done waiting for pending navigations. Status: ok
[1552246180.772][INFO]: Waiting for pending navigations...
[1552246180.773][INFO]: Done waiting for pending navigations. Status: ok
[1552246180.773][INFO]: [9b6ff03ee2acdb764fe15e64d5a47c32] RESPONSE GetElementText "Basics of a Social Compliance System"
[1552246180.777][INFO]: [9b6ff03ee2acdb764fe15e64d5a47c32] COMMAND FindElement {
   "using": "id",
   "value": "basics-link"
}
[1552246180.777][INFO]: Waiting for pending navigations...
[1552246180.778][INFO]: Done waiting for pending navigations. Status: ok
[1552246180.783][INFO]: Waiting for pending navigations...
[1552246180.784][INFO]: Done waiting for pending navigations. Status: ok
[1552246180.784][INFO]: [9b6ff03ee2acdb764fe15e64d5a47c32] RESPONSE FindElement {
   "ELEMENT": "0.5665365503991016-6"
}
[1552246180.785][INFO]: [9b6ff03ee2acdb764fe15e64d5a47c32] COMMAND GetElementAttribute {
   "id": "0.5665365503991016-6",
   "name": "href"
}
[1552246180.785][INFO]: Waiting for pending navigations...
[1552246180.786][INFO]: Done waiting for pending navigations. Status: ok
[1552246180.789][INFO]: Waiting for pending navigations...
[1552246180.789][INFO]: Done waiting for pending navigations. Status: ok
[1552246180.789][INFO]: [9b6ff03ee2acdb764fe15e64d5a47c32] RESPONSE GetElementAttribute "http://localhost:3000/basics"
[1552246180.791][INFO]: [9b6ff03ee2acdb764fe15e64d5a47c32] COMMAND Screenshot {

}
[1552246180.791][INFO]: Waiting for pending navigations...
[1552246180.791][INFO]: Done waiting for pending navigations. Status: ok
[1552246181.099][INFO]: Waiting for pending navigations...
[1552246181.100][INFO]: Done waiting for pending navigations. Status: ok
[1552246181.100][INFO]: [9b6ff03ee2acdb764fe15e64d5a47c32] RESPONSE Screenshot "iVBORw0KGgoAAAANSUhEUgAAB4AAAANRCAYAAAACj6FfAAAgAElEQVR4nOzde3RU533v/8+MBknDeNDogpCEEAwI5EHmIhkrIJtgJNe1ocQGslwOOEl9RNvUkPrYImfld6Cn53cKqX8JclZPgJNfDmrqtvBz0oDruCZuGoExCVCFCgwWMiAQCIEuSIyEEKPLaPT7Q..."
[1552246181.113][INFO]: [9b6ff03ee2acdb764fe15e64d5a47c32] COMMAND FindElement {
   "using": "id",
   "value": "steps-dropdown"
}
[1552246181.114][INFO]: Waiting for pending navigations...
[1552246181.115][INFO]: Done waiting for pending navigations. Status: ok
[1552246181.124][INFO]: Waiting for pending navigations...
[1552246181.125][INFO]: Done waiting for pending navigations. Status: ok
[1552246181.125][INFO]: [9b6ff03ee2acdb764fe15e64d5a47c32] RESPONSE FindElement {
   "ELEMENT": "0.5665365503991016-7"
}
[1552246181.126][INFO]: [9b6ff03ee2acdb764fe15e64d5a47c32] COMMAND IsElementDisplayed {
   "id": "0.5665365503991016-7"
}
[1552246181.126][INFO]: Waiting for pending navigations...
[1552246181.127][INFO]: Done waiting for pending navigations. Status: ok
[1552246181.136][INFO]: Waiting for pending navigations...
[1552246181.136][INFO]: Done waiting for pending navigations. Status: ok
[1552246181.136][INFO]: [9b6ff03ee2acdb764fe15e64d5a47c32] RESPONSE IsElementDisplayed true
[1552246181.138][INFO]: [9b6ff03ee2acdb764fe15e64d5a47c32] COMMAND Screenshot {

}
[1552246181.138][INFO]: Waiting for pending navigations...
[1552246181.139][INFO]: Done waiting for pending navigations. Status: ok
[1552246181.425][INFO]: Waiting for pending navigations...
[1552246181.426][INFO]: Done waiting for pending navigations. Status: ok
[1552246181.427][INFO]: [9b6ff03ee2acdb764fe15e64d5a47c32] RESPONSE Screenshot "iVBORw0KGgoAAAANSUhEUgAAB4AAAANRCAYAAAACj6FfAAAgAElEQVR4nOzde3RU533v/8+MBknDeNDogpCEEAwI5EHmIhkrIJtgJNe1ocQGslwOOEl9RNvUkPrYImfld6Cn53cKqX8JclZPgJNfDmrqtvBz0oDruCZuGoExCVCFCgwWMiAQCIEuSIyEEKPLaPT7Q..."
[1552246181.439][INFO]: [9b6ff03ee2acdb764fe15e64d5a47c32] COMMAND FindElement {
   "using": "id",
   "value": "steps-dropdown"
}
[1552246181.439][INFO]: Waiting for pending navigations...
[1552246181.441][INFO]: Done waiting for pending navigations. Status: ok
[1552246181.445][INFO]: Waiting for pending navigations...
[1552246181.446][INFO]: Done waiting for pending navigations. Status: ok
[1552246181.446][INFO]: [9b6ff03ee2acdb764fe15e64d5a47c32] RESPONSE FindElement {
   "ELEMENT": "0.5665365503991016-7"
}
[1552246181.448][INFO]: [9b6ff03ee2acdb764fe15e64d5a47c32] COMMAND GetElementText {
   "id": "0.5665365503991016-7"
}
[1552246181.448][INFO]: Waiting for pending navigations...
[1552246181.449][INFO]: Done waiting for pending navigations. Status: ok
[1552246181.462][INFO]: Waiting for pending navigations...
[1552246181.462][INFO]: Done waiting for pending navigations. Status: ok
[1552246181.462][INFO]: [9b6ff03ee2acdb764fe15e64d5a47c32] RESPONSE GetElementText "Steps to a social compliance system"
[1552246181.464][INFO]: [9b6ff03ee2acdb764fe15e64d5a47c32] COMMAND Screenshot {

}
[1552246181.465][INFO]: Waiting for pending navigations...
[1552246181.466][INFO]: Done waiting for pending navigations. Status: ok
[1552246181.774][INFO]: Waiting for pending navigations...
[1552246181.782][INFO]: Done waiting for pending navigations. Status: ok
[1552246181.782][INFO]: [9b6ff03ee2acdb764fe15e64d5a47c32] RESPONSE Screenshot "iVBORw0KGgoAAAANSUhEUgAAB4AAAANRCAYAAAACj6FfAAAgAElEQVR4nOzde3RU533v/8+MBknDeNDogpCEEAwI5EHmIhkrIJtgJNe1ocQGslwOOEl9RNvUkPrYImfld6Cn53cKqX8JclZPgJNfDmrqtvBz0oDruCZuGoExCVCFCgwWMiAQCIEuSIyEEKPLaPT7Q..."
[1552246181.797][INFO]: [9b6ff03ee2acdb764fe15e64d5a47c32] COMMAND FindElement {
   "using": "id",
   "value": "steps-dropdown"
}
[1552246181.797][INFO]: Waiting for pending navigations...
[1552246181.798][INFO]: Done waiting for pending navigations. Status: ok
[1552246181.803][INFO]: Waiting for pending navigations...
[1552246181.805][INFO]: Done waiting for pending navigations. Status: ok
[1552246181.805][INFO]: [9b6ff03ee2acdb764fe15e64d5a47c32] RESPONSE FindElement {
   "ELEMENT": "0.5665365503991016-7"
}
[1552246181.809][INFO]: [9b6ff03ee2acdb764fe15e64d5a47c32] COMMAND ClickElement {
   "id": "0.5665365503991016-7"
}
[1552246181.809][INFO]: Waiting for pending navigations...
[1552246181.810][INFO]: Done waiting for pending navigations. Status: ok
[1552246181.884][INFO]: Waiting for pending navigations...
[1552246181.890][INFO]: Done waiting for pending navigations. Status: ok
[1552246181.890][INFO]: [9b6ff03ee2acdb764fe15e64d5a47c32] RESPONSE ClickElement
[1552246181.892][INFO]: [9b6ff03ee2acdb764fe15e64d5a47c32] COMMAND Screenshot {

}
[1552246181.892][INFO]: Waiting for pending navigations...
[1552246181.892][INFO]: Done waiting for pending navigations. Status: ok
[1552246182.246][INFO]: Waiting for pending navigations...
[1552246182.248][INFO]: Done waiting for pending navigations. Status: ok
[1552246182.248][INFO]: [9b6ff03ee2acdb764fe15e64d5a47c32] RESPONSE Screenshot "iVBORw0KGgoAAAANSUhEUgAAB4AAAANRCAYAAAACj6FfAAAgAElEQVR4nOzde3RU533v/8+MBknDeNDogpCEEAwIy4PMRQpWQDbBSK5rQ7ENZDkccJJ6ibapIfWxhc/KOdDT/k5x6pOAs3oCnPxy0EndFn5OGnBt18RNIwgmAaoQgcFCBgQCIdAFiZEQYnQZjX5/6..."
[1552246182.265][INFO]: [9b6ff03ee2acdb764fe15e64d5a47c32] COMMAND FindElement {
   "using": "id",
   "value": "step-1-link"
}
[1552246182.265][INFO]: Waiting for pending navigations...
[1552246182.266][INFO]: Done waiting for pending navigations. Status: ok
[1552246182.276][INFO]: Waiting for pending navigations...
[1552246182.277][INFO]: Done waiting for pending navigations. Status: ok
[1552246182.277][INFO]: [9b6ff03ee2acdb764fe15e64d5a47c32] RESPONSE FindElement {
   "ELEMENT": "0.5665365503991016-8"
}
[1552246182.278][INFO]: [9b6ff03ee2acdb764fe15e64d5a47c32] COMMAND IsElementDisplayed {
   "id": "0.5665365503991016-8"
}
[1552246182.278][INFO]: Waiting for pending navigations...
[1552246182.279][INFO]: Done waiting for pending navigations. Status: ok
[1552246182.289][INFO]: Waiting for pending navigations...
[1552246182.290][INFO]: Done waiting for pending navigations. Status: ok
[1552246182.290][INFO]: [9b6ff03ee2acdb764fe15e64d5a47c32] RESPONSE IsElementDisplayed true
[1552246182.291][INFO]: [9b6ff03ee2acdb764fe15e64d5a47c32] COMMAND Screenshot {

}
[1552246182.291][INFO]: Waiting for pending navigations...
[1552246182.292][INFO]: Done waiting for pending navigations. Status: ok
[1552246182.617][INFO]: Waiting for pending navigations...
[1552246182.618][INFO]: Done waiting for pending navigations. Status: ok
[1552246182.618][INFO]: [9b6ff03ee2acdb764fe15e64d5a47c32] RESPONSE Screenshot "iVBORw0KGgoAAAANSUhEUgAAB4AAAANRCAYAAAACj6FfAAAgAElEQVR4nOzde3RU533v/8+MBknDeNDogpCEEAwIy4PMRQpWQDbBSK5rQ7ENZDkccJJ6ibapIfWxhc/KOdDT/k5x6pOAs3oCnPxy0EndFn5OGnBt18RNIwgmAaoQgcFCBgQCIdAFiZEQYnQZjX5/6..."
[1552246182.641][INFO]: [9b6ff03ee2acdb764fe15e64d5a47c32] COMMAND FindElement {
   "using": "id",
   "value": "step-1-link"
}
[1552246182.641][INFO]: Waiting for pending navigations...
[1552246182.642][INFO]: Done waiting for pending navigations. Status: ok
[1552246182.647][INFO]: Waiting for pending navigations...
[1552246182.648][INFO]: Done waiting for pending navigations. Status: ok
[1552246182.648][INFO]: [9b6ff03ee2acdb764fe15e64d5a47c32] RESPONSE FindElement {
   "ELEMENT": "0.5665365503991016-8"
}
[1552246182.650][INFO]: [9b6ff03ee2acdb764fe15e64d5a47c32] COMMAND GetElementText {
   "id": "0.5665365503991016-8"
}
[1552246182.650][INFO]: Waiting for pending navigations...
[1552246182.650][INFO]: Done waiting for pending navigations. Status: ok
[1552246182.664][INFO]: Waiting for pending navigations...
[1552246182.665][INFO]: Done waiting for pending navigations. Status: ok
[1552246182.665][INFO]: [9b6ff03ee2acdb764fe15e64d5a47c32] RESPONSE GetElementText "Step 1: Engage Stakeholders and Partners"
[1552246182.667][INFO]: [9b6ff03ee2acdb764fe15e64d5a47c32] COMMAND FindElement {
   "using": "id",
   "value": "step-1-link"
}
[1552246182.667][INFO]: Waiting for pending navigations...
[1552246182.668][INFO]: Done waiting for pending navigations. Status: ok
[1552246182.673][INFO]: Waiting for pending navigations...
[1552246182.674][INFO]: Done waiting for pending navigations. Status: ok
[1552246182.674][INFO]: [9b6ff03ee2acdb764fe15e64d5a47c32] RESPONSE FindElement {
   "ELEMENT": "0.5665365503991016-8"
}
[1552246182.676][INFO]: [9b6ff03ee2acdb764fe15e64d5a47c32] COMMAND GetElementAttribute {
   "id": "0.5665365503991016-8",
   "name": "href"
}
[1552246182.676][INFO]: Waiting for pending navigations...
[1552246182.677][INFO]: Done waiting for pending navigations. Status: ok
[1552246182.682][INFO]: Waiting for pending navigations...
[1552246182.682][INFO]: Done waiting for pending navigations. Status: ok
[1552246182.682][INFO]: [9b6ff03ee2acdb764fe15e64d5a47c32] RESPONSE GetElementAttribute "http://localhost:3000/steps/1"
[1552246182.684][INFO]: [9b6ff03ee2acdb764fe15e64d5a47c32] COMMAND Screenshot {

}
[1552246182.684][INFO]: Waiting for pending navigations...
[1552246182.685][INFO]: Done waiting for pending navigations. Status: ok
[1552246182.986][INFO]: Waiting for pending navigations...
[1552246182.987][INFO]: Done waiting for pending navigations. Status: ok
[1552246182.987][INFO]: [9b6ff03ee2acdb764fe15e64d5a47c32] RESPONSE Screenshot "iVBORw0KGgoAAAANSUhEUgAAB4AAAANRCAYAAAACj6FfAAAgAElEQVR4nOzde3RU533v/8+MBknDeNDogpCEEAwIy4PMRQpWQDbBSK5rQ7ENZDkccJJ6ibapIfWxhc/KOdDT/k5x6pOAs3oCnPxy0EndFn5OGnBt18RNIwgmAaoQgcFCBgQCIdAFiZEQYnQZjX5/6..."
[1552246183.003][INFO]: [9b6ff03ee2acdb764fe15e64d5a47c32] COMMAND FindElement {
   "using": "id",
   "value": "step-2-link"
}
[1552246183.003][INFO]: Waiting for pending navigations...
[1552246183.004][INFO]: Done waiting for pending navigations. Status: ok
[1552246183.014][INFO]: Waiting for pending navigations...
[1552246183.015][INFO]: Done waiting for pending navigations. Status: ok
[1552246183.015][INFO]: [9b6ff03ee2acdb764fe15e64d5a47c32] RESPONSE FindElement {
   "ELEMENT": "0.5665365503991016-9"
}
[1552246183.016][INFO]: [9b6ff03ee2acdb764fe15e64d5a47c32] COMMAND IsElementDisplayed {
   "id": "0.5665365503991016-9"
}
[1552246183.016][INFO]: Waiting for pending navigations...
[1552246183.017][INFO]: Done waiting for pending navigations. Status: ok
[1552246183.028][INFO]: Waiting for pending navigations...
[1552246183.028][INFO]: Done waiting for pending navigations. Status: ok
[1552246183.029][INFO]: [9b6ff03ee2acdb764fe15e64d5a47c32] RESPONSE IsElementDisplayed true
[1552246183.030][INFO]: [9b6ff03ee2acdb764fe15e64d5a47c32] COMMAND Screenshot {

}
[1552246183.030][INFO]: Waiting for pending navigations...
[1552246183.031][INFO]: Done waiting for pending navigations. Status: ok
[1552246183.347][INFO]: Waiting for pending navigations...
[1552246183.348][INFO]: Done waiting for pending navigations. Status: ok
[1552246183.348][INFO]: [9b6ff03ee2acdb764fe15e64d5a47c32] RESPONSE Screenshot "iVBORw0KGgoAAAANSUhEUgAAB4AAAANRCAYAAAACj6FfAAAgAElEQVR4nOzde3RU533v/8+MBknDeNDogpCEEAwIy4PMRQpWQDbBSK5rQ7ENZDkccJJ6ibapIfWxhc/KOdDT/k5x6pOAs3oCnPxy0EndFn5OGnBt18RNIwgmAaoQgcFCBgQCIdAFiZEQYnQZjX5/6..."
[1552246183.367][INFO]: [9b6ff03ee2acdb764fe15e64d5a47c32] COMMAND FindElement {
   "using": "id",
   "value": "step-2-link"
}
[1552246183.367][INFO]: Waiting for pending navigations...
[1552246183.368][INFO]: Done waiting for pending navigations. Status: ok
[1552246183.374][INFO]: Waiting for pending navigations...
[1552246183.375][INFO]: Done waiting for pending navigations. Status: ok
[1552246183.375][INFO]: [9b6ff03ee2acdb764fe15e64d5a47c32] RESPONSE FindElement {
   "ELEMENT": "0.5665365503991016-9"
}
[1552246183.377][INFO]: [9b6ff03ee2acdb764fe15e64d5a47c32] COMMAND GetElementText {
   "id": "0.5665365503991016-9"
}
[1552246183.377][INFO]: Waiting for pending navigations...
[1552246183.378][INFO]: Done waiting for pending navigations. Status: ok
[1552246183.391][INFO]: Waiting for pending navigations...
[1552246183.392][INFO]: Done waiting for pending navigations. Status: ok
[1552246183.392][INFO]: [9b6ff03ee2acdb764fe15e64d5a47c32] RESPONSE GetElementText "Step 2: Assess Risks And Impacts"
[1552246183.395][INFO]: [9b6ff03ee2acdb764fe15e64d5a47c32] COMMAND FindElement {
   "using": "id",
   "value": "step-2-link"
}
[1552246183.395][INFO]: Waiting for pending navigations...
[1552246183.396][INFO]: Done waiting for pending navigations. Status: ok
[1552246183.401][INFO]: Waiting for pending navigations...
[1552246183.401][INFO]: Done waiting for pending navigations. Status: ok
[1552246183.401][INFO]: [9b6ff03ee2acdb764fe15e64d5a47c32] RESPONSE FindElement {
   "ELEMENT": "0.5665365503991016-9"
}
[1552246183.403][INFO]: [9b6ff03ee2acdb764fe15e64d5a47c32] COMMAND GetElementAttribute {
   "id": "0.5665365503991016-9",
   "name": "href"
}
[1552246183.403][INFO]: Waiting for pending navigations...
[1552246183.403][INFO]: Done waiting for pending navigations. Status: ok
[1552246183.406][INFO]: Waiting for pending navigations...
[1552246183.407][INFO]: Done waiting for pending navigations. Status: ok
[1552246183.407][INFO]: [9b6ff03ee2acdb764fe15e64d5a47c32] RESPONSE GetElementAttribute "http://localhost:3000/steps/2"
[1552246183.409][INFO]: [9b6ff03ee2acdb764fe15e64d5a47c32] COMMAND Screenshot {

}
[1552246183.409][INFO]: Waiting for pending navigations...
[1552246183.410][INFO]: Done waiting for pending navigations. Status: ok
[1552246183.743][INFO]: Waiting for pending navigations...
[1552246183.744][INFO]: Done waiting for pending navigations. Status: ok
[1552246183.744][INFO]: [9b6ff03ee2acdb764fe15e64d5a47c32] RESPONSE Screenshot "iVBORw0KGgoAAAANSUhEUgAAB4AAAANRCAYAAAACj6FfAAAgAElEQVR4nOzde3RU533v/8+MBknDeNDogpCEEAwIy4PMRQpWQDbBSK5rQ7ENZDkccJJ6ibapIfWxhc/KOdDT/k5x6pOAs3oCnPxy0EndFn5OGnBt18RNIwgmAaoQgcFCBgQCIdAFiZEQYnQZjX5/6..."
[1552246183.762][INFO]: [9b6ff03ee2acdb764fe15e64d5a47c32] COMMAND FindElement {
   "using": "id",
   "value": "step-3-link"
}
[1552246183.762][INFO]: Waiting for pending navigations...
[1552246183.763][INFO]: Done waiting for pending navigations. Status: ok
[1552246183.773][INFO]: Waiting for pending navigations...
[1552246183.774][INFO]: Done waiting for pending navigations. Status: ok
[1552246183.774][INFO]: [9b6ff03ee2acdb764fe15e64d5a47c32] RESPONSE FindElement {
   "ELEMENT": "0.5665365503991016-10"
}
[1552246183.775][INFO]: [9b6ff03ee2acdb764fe15e64d5a47c32] COMMAND IsElementDisplayed {
   "id": "0.5665365503991016-10"
}
[1552246183.775][INFO]: Waiting for pending navigations...
[1552246183.776][INFO]: Done waiting for pending navigations. Status: ok
[1552246183.788][INFO]: Waiting for pending navigations...
[1552246183.794][INFO]: Done waiting for pending navigations. Status: ok
[1552246183.794][INFO]: [9b6ff03ee2acdb764fe15e64d5a47c32] RESPONSE IsElementDisplayed true
[1552246183.796][INFO]: [9b6ff03ee2acdb764fe15e64d5a47c32] COMMAND Screenshot {

}
[1552246183.796][INFO]: Waiting for pending navigations...
[1552246183.798][INFO]: Done waiting for pending navigations. Status: ok
[1552246184.123][INFO]: Waiting for pending navigations...
[1552246184.126][INFO]: Done waiting for pending navigations. Status: ok
[1552246184.126][INFO]: [9b6ff03ee2acdb764fe15e64d5a47c32] RESPONSE Screenshot "iVBORw0KGgoAAAANSUhEUgAAB4AAAANRCAYAAAACj6FfAAAgAElEQVR4nOzde3RU533v/8+MBknDeNDogpCEEAwIy4PMRQpWQDbBSK5rQ7ENZDkccJJ6ibapIfWxhc/KOdDT/k5x6pOAs3oCnPxy0EndFn5OGnBt18RNIwgmAaoQgcFCBgQCIdAFiZEQYnQZjX5/6..."
[1552246184.147][INFO]: [9b6ff03ee2acdb764fe15e64d5a47c32] COMMAND FindElement {
   "using": "id",
   "value": "step-3-link"
}
[1552246184.147][INFO]: Waiting for pending navigations...
[1552246184.148][INFO]: Done waiting for pending navigations. Status: ok
[1552246184.154][INFO]: Waiting for pending navigations...
[1552246184.155][INFO]: Done waiting for pending navigations. Status: ok
[1552246184.155][INFO]: [9b6ff03ee2acdb764fe15e64d5a47c32] RESPONSE FindElement {
   "ELEMENT": "0.5665365503991016-10"
}
[1552246184.156][INFO]: [9b6ff03ee2acdb764fe15e64d5a47c32] COMMAND GetElementText {
   "id": "0.5665365503991016-10"
}
[1552246184.156][INFO]: Waiting for pending navigations...
[1552246184.157][INFO]: Done waiting for pending navigations. Status: ok
[1552246184.172][INFO]: Waiting for pending navigations...
[1552246184.173][INFO]: Done waiting for pending navigations. Status: ok
[1552246184.173][INFO]: [9b6ff03ee2acdb764fe15e64d5a47c32] RESPONSE GetElementText "Step 3: Develop a Code of Conduct"
[1552246184.177][INFO]: [9b6ff03ee2acdb764fe15e64d5a47c32] COMMAND FindElement {
   "using": "id",
   "value": "step-3-link"
}
[1552246184.177][INFO]: Waiting for pending navigations...
[1552246184.178][INFO]: Done waiting for pending navigations. Status: ok
[1552246184.184][INFO]: Waiting for pending navigations...
[1552246184.185][INFO]: Done waiting for pending navigations. Status: ok
[1552246184.185][INFO]: [9b6ff03ee2acdb764fe15e64d5a47c32] RESPONSE FindElement {
   "ELEMENT": "0.5665365503991016-10"
}
[1552246184.191][INFO]: [9b6ff03ee2acdb764fe15e64d5a47c32] COMMAND GetElementAttribute {
   "id": "0.5665365503991016-10",
   "name": "href"
}
[1552246184.191][INFO]: Waiting for pending navigations...
[1552246184.193][INFO]: Done waiting for pending navigations. Status: ok
[1552246184.196][INFO]: Waiting for pending navigations...
[1552246184.198][INFO]: Done waiting for pending navigations. Status: ok
[1552246184.198][INFO]: [9b6ff03ee2acdb764fe15e64d5a47c32] RESPONSE GetElementAttribute "http://localhost:3000/steps/3"
[1552246184.199][INFO]: [9b6ff03ee2acdb764fe15e64d5a47c32] COMMAND Screenshot {

}
[1552246184.199][INFO]: Waiting for pending navigations...
[1552246184.200][INFO]: Done waiting for pending navigations. Status: ok
[1552246184.501][INFO]: Waiting for pending navigations...
[1552246184.502][INFO]: Done waiting for pending navigations. Status: ok
[1552246184.502][INFO]: [9b6ff03ee2acdb764fe15e64d5a47c32] RESPONSE Screenshot "iVBORw0KGgoAAAANSUhEUgAAB4AAAANRCAYAAAACj6FfAAAgAElEQVR4nOzde3RU533v/8+MBknDeNDogpCEEAwIy4PMRQpWQDbBSK5rQ7ENZDkccJJ6ibapIfWxhc/KOdDT/k5x6pOAs3oCnPxy0EndFn5OGnBt18RNIwgmAaoQgcFCBgQCIdAFiZEQYnQZjX5/6..."
[1552246184.517][INFO]: [9b6ff03ee2acdb764fe15e64d5a47c32] COMMAND FindElement {
   "using": "id",
   "value": "step-4-link"
}
[1552246184.517][INFO]: Waiting for pending navigations...
[1552246184.518][INFO]: Done waiting for pending navigations. Status: ok
[1552246184.529][INFO]: Waiting for pending navigations...
[1552246184.530][INFO]: Done waiting for pending navigations. Status: ok
[1552246184.530][INFO]: [9b6ff03ee2acdb764fe15e64d5a47c32] RESPONSE FindElement {
   "ELEMENT": "0.5665365503991016-11"
}
[1552246184.531][INFO]: [9b6ff03ee2acdb764fe15e64d5a47c32] COMMAND IsElementDisplayed {
   "id": "0.5665365503991016-11"
}
[1552246184.532][INFO]: Waiting for pending navigations...
[1552246184.532][INFO]: Done waiting for pending navigations. Status: ok
[1552246184.543][INFO]: Waiting for pending navigations...
[1552246184.544][INFO]: Done waiting for pending navigations. Status: ok
[1552246184.544][INFO]: [9b6ff03ee2acdb764fe15e64d5a47c32] RESPONSE IsElementDisplayed true
[1552246184.545][INFO]: [9b6ff03ee2acdb764fe15e64d5a47c32] COMMAND Screenshot {

}
[1552246184.546][INFO]: Waiting for pending navigations...
[1552246184.547][INFO]: Done waiting for pending navigations. Status: ok
[1552246184.849][INFO]: Waiting for pending navigations...
[1552246184.851][INFO]: Done waiting for pending navigations. Status: ok
[1552246184.851][INFO]: [9b6ff03ee2acdb764fe15e64d5a47c32] RESPONSE Screenshot "iVBORw0KGgoAAAANSUhEUgAAB4AAAANRCAYAAAACj6FfAAAgAElEQVR4nOzde3RU533v/8+MBknDeNDogpCEEAwIy4PMRQpWQDbBSK5rQ7ENZDkccJJ6ibapIfWxhc/KOdDT/k5x6pOAs3oCnPxy0EndFn5OGnBt18RNIwgmAaoQgcFCBgQCIdAFiZEQYnQZjX5/6..."
[1552246184.867][INFO]: [9b6ff03ee2acdb764fe15e64d5a47c32] COMMAND FindElement {
   "using": "id",
   "value": "step-4-link"
}
[1552246184.867][INFO]: Waiting for pending navigations...
[1552246184.868][INFO]: Done waiting for pending navigations. Status: ok
[1552246184.873][INFO]: Waiting for pending navigations...
[1552246184.874][INFO]: Done waiting for pending navigations. Status: ok
[1552246184.874][INFO]: [9b6ff03ee2acdb764fe15e64d5a47c32] RESPONSE FindElement {
   "ELEMENT": "0.5665365503991016-11"
}
[1552246184.875][INFO]: [9b6ff03ee2acdb764fe15e64d5a47c32] COMMAND GetElementText {
   "id": "0.5665365503991016-11"
}
[1552246184.875][INFO]: Waiting for pending navigations...
[1552246184.876][INFO]: Done waiting for pending navigations. Status: ok
[1552246184.889][INFO]: Waiting for pending navigations...
[1552246184.890][INFO]: Done waiting for pending navigations. Status: ok
[1552246184.890][INFO]: [9b6ff03ee2acdb764fe15e64d5a47c32] RESPONSE GetElementText "Step 4: Communicate and Train across your Supply Chain"
[1552246184.893][INFO]: [9b6ff03ee2acdb764fe15e64d5a47c32] COMMAND FindElement {
   "using": "id",
   "value": "step-4-link"
}
[1552246184.893][INFO]: Waiting for pending navigations...
[1552246184.894][INFO]: Done waiting for pending navigations. Status: ok
[1552246184.900][INFO]: Waiting for pending navigations...
[1552246184.900][INFO]: Done waiting for pending navigations. Status: ok
[1552246184.900][INFO]: [9b6ff03ee2acdb764fe15e64d5a47c32] RESPONSE FindElement {
   "ELEMENT": "0.5665365503991016-11"
}
[1552246184.902][INFO]: [9b6ff03ee2acdb764fe15e64d5a47c32] COMMAND GetElementAttribute {
   "id": "0.5665365503991016-11",
   "name": "href"
}
[1552246184.902][INFO]: Waiting for pending navigations...
[1552246184.903][INFO]: Done waiting for pending navigations. Status: ok
[1552246184.906][INFO]: Waiting for pending navigations...
[1552246184.907][INFO]: Done waiting for pending navigations. Status: ok
[1552246184.907][INFO]: [9b6ff03ee2acdb764fe15e64d5a47c32] RESPONSE GetElementAttribute "http://localhost:3000/steps/4"
[1552246184.908][INFO]: [9b6ff03ee2acdb764fe15e64d5a47c32] COMMAND Screenshot {

}
[1552246184.908][INFO]: Waiting for pending navigations...
[1552246184.909][INFO]: Done waiting for pending navigations. Status: ok
[1552246185.248][INFO]: Waiting for pending navigations...
[1552246185.249][INFO]: Done waiting for pending navigations. Status: ok
[1552246185.249][INFO]: [9b6ff03ee2acdb764fe15e64d5a47c32] RESPONSE Screenshot "iVBORw0KGgoAAAANSUhEUgAAB4AAAANRCAYAAAACj6FfAAAgAElEQVR4nOzde3RU533v/8+MBknDeNDogpCEEAwIy4PMRQpWQDbBSK5rQ7ENZDkccJJ6ibapIfWxhc/KOdDT/k5x6pOAs3oCnPxy0EndFn5OGnBt18RNIwgmAaoQgcFCBgQCIdAFiZEQYnQZjX5/6..."
[1552246185.269][INFO]: [9b6ff03ee2acdb764fe15e64d5a47c32] COMMAND FindElement {
   "using": "id",
   "value": "step-5-link"
}
[1552246185.269][INFO]: Waiting for pending navigations...
[1552246185.270][INFO]: Done waiting for pending navigations. Status: ok
[1552246185.281][INFO]: Waiting for pending navigations...
[1552246185.282][INFO]: Done waiting for pending navigations. Status: ok
[1552246185.282][INFO]: [9b6ff03ee2acdb764fe15e64d5a47c32] RESPONSE FindElement {
   "ELEMENT": "0.5665365503991016-12"
}
[1552246185.284][INFO]: [9b6ff03ee2acdb764fe15e64d5a47c32] COMMAND IsElementDisplayed {
   "id": "0.5665365503991016-12"
}
[1552246185.284][INFO]: Waiting for pending navigations...
[1552246185.284][INFO]: Done waiting for pending navigations. Status: ok
[1552246185.295][INFO]: Waiting for pending navigations...
[1552246185.296][INFO]: Done waiting for pending navigations. Status: ok
[1552246185.296][INFO]: [9b6ff03ee2acdb764fe15e64d5a47c32] RESPONSE IsElementDisplayed true
[1552246185.298][INFO]: [9b6ff03ee2acdb764fe15e64d5a47c32] COMMAND Screenshot {

}
[1552246185.298][INFO]: Waiting for pending navigations...
[1552246185.299][INFO]: Done waiting for pending navigations. Status: ok
[1552246185.614][INFO]: Waiting for pending navigations...
[1552246185.616][INFO]: Done waiting for pending navigations. Status: ok
[1552246185.616][INFO]: [9b6ff03ee2acdb764fe15e64d5a47c32] RESPONSE Screenshot "iVBORw0KGgoAAAANSUhEUgAAB4AAAANRCAYAAAACj6FfAAAgAElEQVR4nOzde3RU533v/8+MBknDeNDogpCEEAwIy4PMRQpWQDbBSK5rQ7ENZDkccJJ6ibapIfWxhc/KOdDT/k5x6pOAs3oCnPxy0EndFn5OGnBt18RNIwgmAaoQgcFCBgQCIdAFiZEQYnQZjX5/6..."
[1552246185.633][INFO]: [9b6ff03ee2acdb764fe15e64d5a47c32] COMMAND FindElement {
   "using": "id",
   "value": "step-5-link"
}
[1552246185.633][INFO]: Waiting for pending navigations...
[1552246185.634][INFO]: Done waiting for pending navigations. Status: ok
[1552246185.639][INFO]: Waiting for pending navigations...
[1552246185.640][INFO]: Done waiting for pending navigations. Status: ok
[1552246185.640][INFO]: [9b6ff03ee2acdb764fe15e64d5a47c32] RESPONSE FindElement {
   "ELEMENT": "0.5665365503991016-12"
}
[1552246185.641][INFO]: [9b6ff03ee2acdb764fe15e64d5a47c32] COMMAND GetElementText {
   "id": "0.5665365503991016-12"
}
[1552246185.641][INFO]: Waiting for pending navigations...
[1552246185.642][INFO]: Done waiting for pending navigations. Status: ok
[1552246185.654][INFO]: Waiting for pending navigations...
[1552246185.655][INFO]: Done waiting for pending navigations. Status: ok
[1552246185.655][INFO]: [9b6ff03ee2acdb764fe15e64d5a47c32] RESPONSE GetElementText "Step 5: Monitor Compliance"
[1552246185.659][INFO]: [9b6ff03ee2acdb764fe15e64d5a47c32] COMMAND FindElement {
   "using": "id",
   "value": "step-5-link"
}
[1552246185.659][INFO]: Waiting for pending navigations...
[1552246185.660][INFO]: Done waiting for pending navigations. Status: ok
[1552246185.666][INFO]: Waiting for pending navigations...
[1552246185.667][INFO]: Done waiting for pending navigations. Status: ok
[1552246185.667][INFO]: [9b6ff03ee2acdb764fe15e64d5a47c32] RESPONSE FindElement {
   "ELEMENT": "0.5665365503991016-12"
}
[1552246185.668][INFO]: [9b6ff03ee2acdb764fe15e64d5a47c32] COMMAND GetElementAttribute {
   "id": "0.5665365503991016-12",
   "name": "href"
}
[1552246185.668][INFO]: Waiting for pending navigations...
[1552246185.669][INFO]: Done waiting for pending navigations. Status: ok
[1552246185.672][INFO]: Waiting for pending navigations...
[1552246185.673][INFO]: Done waiting for pending navigations. Status: ok
[1552246185.673][INFO]: [9b6ff03ee2acdb764fe15e64d5a47c32] RESPONSE GetElementAttribute "http://localhost:3000/steps/5"
[1552246185.674][INFO]: [9b6ff03ee2acdb764fe15e64d5a47c32] COMMAND Screenshot {

}
[1552246185.674][INFO]: Waiting for pending navigations...
[1552246185.675][INFO]: Done waiting for pending navigations. Status: ok
[1552246185.983][INFO]: Waiting for pending navigations...
[1552246185.985][INFO]: Done waiting for pending navigations. Status: ok
[1552246185.985][INFO]: [9b6ff03ee2acdb764fe15e64d5a47c32] RESPONSE Screenshot "iVBORw0KGgoAAAANSUhEUgAAB4AAAANRCAYAAAACj6FfAAAgAElEQVR4nOzde3RU533v/8+MBknDeNDogpCEEAwIy4PMRQpWQDbBSK5rQ7ENZDkccJJ6ibapIfWxhc/KOdDT/k5x6pOAs3oCnPxy0EndFn5OGnBt18RNIwgmAaoQgcFCBgQCIdAFiZEQYnQZjX5/6..."
[1552246186.003][INFO]: [9b6ff03ee2acdb764fe15e64d5a47c32] COMMAND FindElement {
   "using": "id",
   "value": "step-6-link"
}
[1552246186.003][INFO]: Waiting for pending navigations...
[1552246186.005][INFO]: Done waiting for pending navigations. Status: ok
[1552246186.014][INFO]: Waiting for pending navigations...
[1552246186.015][INFO]: Done waiting for pending navigations. Status: ok
[1552246186.015][INFO]: [9b6ff03ee2acdb764fe15e64d5a47c32] RESPONSE FindElement {
   "ELEMENT": "0.5665365503991016-13"
}
[1552246186.016][INFO]: [9b6ff03ee2acdb764fe15e64d5a47c32] COMMAND IsElementDisplayed {
   "id": "0.5665365503991016-13"
}
[1552246186.016][INFO]: Waiting for pending navigations...
[1552246186.018][INFO]: Done waiting for pending navigations. Status: ok
[1552246186.028][INFO]: Waiting for pending navigations...
[1552246186.029][INFO]: Done waiting for pending navigations. Status: ok
[1552246186.029][INFO]: [9b6ff03ee2acdb764fe15e64d5a47c32] RESPONSE IsElementDisplayed true
[1552246186.030][INFO]: [9b6ff03ee2acdb764fe15e64d5a47c32] COMMAND Screenshot {

}
[1552246186.030][INFO]: Waiting for pending navigations...
[1552246186.031][INFO]: Done waiting for pending navigations. Status: ok
[1552246186.330][INFO]: Waiting for pending navigations...
[1552246186.331][INFO]: Done waiting for pending navigations. Status: ok
[1552246186.331][INFO]: [9b6ff03ee2acdb764fe15e64d5a47c32] RESPONSE Screenshot "iVBORw0KGgoAAAANSUhEUgAAB4AAAANRCAYAAAACj6FfAAAgAElEQVR4nOzde3RU533v/8+MBknDeNDogpCEEAwIy4PMRQpWQDbBSK5rQ7ENZDkccJJ6ibapIfWxhc/KOdDT/k5x6pOAs3oCnPxy0EndFn5OGnBt18RNIwgmAaoQgcFCBgQCIdAFiZEQYnQZjX5/6..."
[1552246186.360][INFO]: [9b6ff03ee2acdb764fe15e64d5a47c32] COMMAND FindElement {
   "using": "id",
   "value": "step-6-link"
}
[1552246186.360][INFO]: Waiting for pending navigations...
[1552246186.361][INFO]: Done waiting for pending navigations. Status: ok
[1552246186.368][INFO]: Waiting for pending navigations...
[1552246186.369][INFO]: Done waiting for pending navigations. Status: ok
[1552246186.369][INFO]: [9b6ff03ee2acdb764fe15e64d5a47c32] RESPONSE FindElement {
   "ELEMENT": "0.5665365503991016-13"
}
[1552246186.371][INFO]: [9b6ff03ee2acdb764fe15e64d5a47c32] COMMAND GetElementText {
   "id": "0.5665365503991016-13"
}
[1552246186.371][INFO]: Waiting for pending navigations...
[1552246186.372][INFO]: Done waiting for pending navigations. Status: ok
[1552246186.387][INFO]: Waiting for pending navigations...
[1552246186.388][INFO]: Done waiting for pending navigations. Status: ok
[1552246186.388][INFO]: [9b6ff03ee2acdb764fe15e64d5a47c32] RESPONSE GetElementText "Step 6: Remediate Violations"
[1552246186.391][INFO]: [9b6ff03ee2acdb764fe15e64d5a47c32] COMMAND FindElement {
   "using": "id",
   "value": "step-6-link"
}
[1552246186.391][INFO]: Waiting for pending navigations...
[1552246186.392][INFO]: Done waiting for pending navigations. Status: ok
[1552246186.396][INFO]: Waiting for pending navigations...
[1552246186.397][INFO]: Done waiting for pending navigations. Status: ok
[1552246186.397][INFO]: [9b6ff03ee2acdb764fe15e64d5a47c32] RESPONSE FindElement {
   "ELEMENT": "0.5665365503991016-13"
}
[1552246186.399][INFO]: [9b6ff03ee2acdb764fe15e64d5a47c32] COMMAND GetElementAttribute {
   "id": "0.5665365503991016-13",
   "name": "href"
}
[1552246186.399][INFO]: Waiting for pending navigations...
[1552246186.400][INFO]: Done waiting for pending navigations. Status: ok
[1552246186.402][INFO]: Waiting for pending navigations...
[1552246186.403][INFO]: Done waiting for pending navigations. Status: ok
[1552246186.403][INFO]: [9b6ff03ee2acdb764fe15e64d5a47c32] RESPONSE GetElementAttribute "http://localhost:3000/steps/6"
[1552246186.404][INFO]: [9b6ff03ee2acdb764fe15e64d5a47c32] COMMAND Screenshot {

}
[1552246186.405][INFO]: Waiting for pending navigations...
[1552246186.405][INFO]: Done waiting for pending navigations. Status: ok
[1552246186.675][INFO]: Waiting for pending navigations...
[1552246186.676][INFO]: Done waiting for pending navigations. Status: ok
[1552246186.676][INFO]: [9b6ff03ee2acdb764fe15e64d5a47c32] RESPONSE Screenshot "iVBORw0KGgoAAAANSUhEUgAAB4AAAANRCAYAAAACj6FfAAAgAElEQVR4nOzde3RU533v/8+MBknDeNDogpCEEAwIy4PMRQpWQDbBSK5rQ7ENZDkccJJ6ibapIfWxhc/KOdDT/k5x6pOAs3oCnPxy0EndFn5OGnBt18RNIwgmAaoQgcFCBgQCIdAFiZEQYnQZjX5/6..."
[1552246186.696][INFO]: [9b6ff03ee2acdb764fe15e64d5a47c32] COMMAND FindElement {
   "using": "id",
   "value": "step-7-link"
}
[1552246186.697][INFO]: Waiting for pending navigations...
[1552246186.698][INFO]: Done waiting for pending navigations. Status: ok
[1552246186.707][INFO]: Waiting for pending navigations...
[1552246186.708][INFO]: Done waiting for pending navigations. Status: ok
[1552246186.708][INFO]: [9b6ff03ee2acdb764fe15e64d5a47c32] RESPONSE FindElement {
   "ELEMENT": "0.5665365503991016-14"
}
[1552246186.709][INFO]: [9b6ff03ee2acdb764fe15e64d5a47c32] COMMAND IsElementDisplayed {
   "id": "0.5665365503991016-14"
}
[1552246186.709][INFO]: Waiting for pending navigations...
[1552246186.710][INFO]: Done waiting for pending navigations. Status: ok
[1552246186.719][INFO]: Waiting for pending navigations...
[1552246186.720][INFO]: Done waiting for pending navigations. Status: ok
[1552246186.721][INFO]: [9b6ff03ee2acdb764fe15e64d5a47c32] RESPONSE IsElementDisplayed true
[1552246186.722][INFO]: [9b6ff03ee2acdb764fe15e64d5a47c32] COMMAND Screenshot {

}
[1552246186.722][INFO]: Waiting for pending navigations...
[1552246186.723][INFO]: Done waiting for pending navigations. Status: ok
[1552246187.056][INFO]: Waiting for pending navigations...
[1552246187.057][INFO]: Done waiting for pending navigations. Status: ok
[1552246187.057][INFO]: [9b6ff03ee2acdb764fe15e64d5a47c32] RESPONSE Screenshot "iVBORw0KGgoAAAANSUhEUgAAB4AAAANRCAYAAAACj6FfAAAgAElEQVR4nOzde3RU533v/8+MBknDeNDogpCEEAwIy4PMRQpWQDbBSK5rQ7ENZDkccJJ6ibapIfWxhc/KOdDT/k5x6pOAs3oCnPxy0EndFn5OGnBt18RNIwgmAaoQgcFCBgQCIdAFiZEQYnQZjX5/6..."
[1552246187.072][INFO]: [9b6ff03ee2acdb764fe15e64d5a47c32] COMMAND FindElement {
   "using": "id",
   "value": "step-7-link"
}
[1552246187.072][INFO]: Waiting for pending navigations...
[1552246187.073][INFO]: Done waiting for pending navigations. Status: ok
[1552246187.077][INFO]: Waiting for pending navigations...
[1552246187.078][INFO]: Done waiting for pending navigations. Status: ok
[1552246187.078][INFO]: [9b6ff03ee2acdb764fe15e64d5a47c32] RESPONSE FindElement {
   "ELEMENT": "0.5665365503991016-14"
}
[1552246187.079][INFO]: [9b6ff03ee2acdb764fe15e64d5a47c32] COMMAND GetElementText {
   "id": "0.5665365503991016-14"
}
[1552246187.079][INFO]: Waiting for pending navigations...
[1552246187.080][INFO]: Done waiting for pending navigations. Status: ok
[1552246187.090][INFO]: Waiting for pending navigations...
[1552246187.091][INFO]: Done waiting for pending navigations. Status: ok
[1552246187.091][INFO]: [9b6ff03ee2acdb764fe15e64d5a47c32] RESPONSE GetElementText "Step 7: Independent Review"
[1552246187.092][INFO]: [9b6ff03ee2acdb764fe15e64d5a47c32] COMMAND FindElement {
   "using": "id",
   "value": "step-7-link"
}
[1552246187.092][INFO]: Waiting for pending navigations...
[1552246187.093][INFO]: Done waiting for pending navigations. Status: ok
[1552246187.099][INFO]: Waiting for pending navigations...
[1552246187.100][INFO]: Done waiting for pending navigations. Status: ok
[1552246187.100][INFO]: [9b6ff03ee2acdb764fe15e64d5a47c32] RESPONSE FindElement {
   "ELEMENT": "0.5665365503991016-14"
}
[1552246187.101][INFO]: [9b6ff03ee2acdb764fe15e64d5a47c32] COMMAND GetElementAttribute {
   "id": "0.5665365503991016-14",
   "name": "href"
}
[1552246187.101][INFO]: Waiting for pending navigations...
[1552246187.102][INFO]: Done waiting for pending navigations. Status: ok
[1552246187.106][INFO]: Waiting for pending navigations...
[1552246187.107][INFO]: Done waiting for pending navigations. Status: ok
[1552246187.107][INFO]: [9b6ff03ee2acdb764fe15e64d5a47c32] RESPONSE GetElementAttribute "http://localhost:3000/steps/7"
[1552246187.108][INFO]: [9b6ff03ee2acdb764fe15e64d5a47c32] COMMAND Screenshot {

}
[1552246187.108][INFO]: Waiting for pending navigations...
[1552246187.111][INFO]: Done waiting for pending navigations. Status: ok
[1552246187.437][INFO]: Waiting for pending navigations...
[1552246187.438][INFO]: Done waiting for pending navigations. Status: ok
[1552246187.438][INFO]: [9b6ff03ee2acdb764fe15e64d5a47c32] RESPONSE Screenshot "iVBORw0KGgoAAAANSUhEUgAAB4AAAANRCAYAAAACj6FfAAAgAElEQVR4nOzde3RU533v/8+MBknDeNDogpCEEAwIy4PMRQpWQDbBSK5rQ7ENZDkccJJ6ibapIfWxhc/KOdDT/k5x6pOAs3oCnPxy0EndFn5OGnBt18RNIwgmAaoQgcFCBgQCIdAFiZEQYnQZjX5/6..."
[1552246187.455][INFO]: [9b6ff03ee2acdb764fe15e64d5a47c32] COMMAND FindElement {
   "using": "id",
   "value": "step-8-link"
}
[1552246187.455][INFO]: Waiting for pending navigations...
[1552246187.457][INFO]: Done waiting for pending navigations. Status: ok
[1552246187.465][INFO]: Waiting for pending navigations...
[1552246187.466][INFO]: Done waiting for pending navigations. Status: ok
[1552246187.466][INFO]: [9b6ff03ee2acdb764fe15e64d5a47c32] RESPONSE FindElement {
   "ELEMENT": "0.5665365503991016-15"
}
[1552246187.467][INFO]: [9b6ff03ee2acdb764fe15e64d5a47c32] COMMAND IsElementDisplayed {
   "id": "0.5665365503991016-15"
}
[1552246187.467][INFO]: Waiting for pending navigations...
[1552246187.469][INFO]: Done waiting for pending navigations. Status: ok
[1552246187.477][INFO]: Waiting for pending navigations...
[1552246187.478][INFO]: Done waiting for pending navigations. Status: ok
[1552246187.478][INFO]: [9b6ff03ee2acdb764fe15e64d5a47c32] RESPONSE IsElementDisplayed true
[1552246187.480][INFO]: [9b6ff03ee2acdb764fe15e64d5a47c32] COMMAND Screenshot {

}
[1552246187.480][INFO]: Waiting for pending navigations...
[1552246187.481][INFO]: Done waiting for pending navigations. Status: ok
[1552246187.805][INFO]: Waiting for pending navigations...
[1552246187.806][INFO]: Done waiting for pending navigations. Status: ok
[1552246187.806][INFO]: [9b6ff03ee2acdb764fe15e64d5a47c32] RESPONSE Screenshot "iVBORw0KGgoAAAANSUhEUgAAB4AAAANRCAYAAAACj6FfAAAgAElEQVR4nOzde3RU533v/8+MBknDeNDogpCEEAwIy4PMRQpWQDbBSK5rQ7ENZDkccJJ6ibapIfWxhc/KOdDT/k5x6pOAs3oCnPxy0EndFn5OGnBt18RNIwgmAaoQgcFCBgQCIdAFiZEQYnQZjX5/6..."
[1552246187.821][INFO]: [9b6ff03ee2acdb764fe15e64d5a47c32] COMMAND FindElement {
   "using": "id",
   "value": "step-8-link"
}
[1552246187.821][INFO]: Waiting for pending navigations...
[1552246187.822][INFO]: Done waiting for pending navigations. Status: ok
[1552246187.827][INFO]: Waiting for pending navigations...
[1552246187.828][INFO]: Done waiting for pending navigations. Status: ok
[1552246187.828][INFO]: [9b6ff03ee2acdb764fe15e64d5a47c32] RESPONSE FindElement {
   "ELEMENT": "0.5665365503991016-15"
}
[1552246187.829][INFO]: [9b6ff03ee2acdb764fe15e64d5a47c32] COMMAND GetElementText {
   "id": "0.5665365503991016-15"
}
[1552246187.829][INFO]: Waiting for pending navigations...
[1552246187.830][INFO]: Done waiting for pending navigations. Status: ok
[1552246187.841][INFO]: Waiting for pending navigations...
[1552246187.842][INFO]: Done waiting for pending navigations. Status: ok
[1552246187.842][INFO]: [9b6ff03ee2acdb764fe15e64d5a47c32] RESPONSE GetElementText "Step 8: Report Performance"
[1552246187.844][INFO]: [9b6ff03ee2acdb764fe15e64d5a47c32] COMMAND FindElement {
   "using": "id",
   "value": "step-8-link"
}
[1552246187.844][INFO]: Waiting for pending navigations...
[1552246187.847][INFO]: Done waiting for pending navigations. Status: ok
[1552246187.853][INFO]: Waiting for pending navigations...
[1552246187.854][INFO]: Done waiting for pending navigations. Status: ok
[1552246187.854][INFO]: [9b6ff03ee2acdb764fe15e64d5a47c32] RESPONSE FindElement {
   "ELEMENT": "0.5665365503991016-15"
}
[1552246187.856][INFO]: [9b6ff03ee2acdb764fe15e64d5a47c32] COMMAND GetElementAttribute {
   "id": "0.5665365503991016-15",
   "name": "href"
}
[1552246187.856][INFO]: Waiting for pending navigations...
[1552246187.857][INFO]: Done waiting for pending navigations. Status: ok
[1552246187.860][INFO]: Waiting for pending navigations...
[1552246187.860][INFO]: Done waiting for pending navigations. Status: ok
[1552246187.860][INFO]: [9b6ff03ee2acdb764fe15e64d5a47c32] RESPONSE GetElementAttribute "http://localhost:3000/steps/8"
[1552246187.862][INFO]: [9b6ff03ee2acdb764fe15e64d5a47c32] COMMAND Screenshot {

}
[1552246187.862][INFO]: Waiting for pending navigations...
[1552246187.863][INFO]: Done waiting for pending navigations. Status: ok
[1552246188.187][INFO]: Waiting for pending navigations...
[1552246188.189][INFO]: Done waiting for pending navigations. Status: ok
[1552246188.189][INFO]: [9b6ff03ee2acdb764fe15e64d5a47c32] RESPONSE Screenshot "iVBORw0KGgoAAAANSUhEUgAAB4AAAANRCAYAAAACj6FfAAAgAElEQVR4nOzde3RU533v/8+MBknDeNDogpCEEAwIy4PMRQpWQDbBSK5rQ7ENZDkccJJ6ibapIfWxhc/KOdDT/k5x6pOAs3oCnPxy0EndFn5OGnBt18RNIwgmAaoQgcFCBgQCIdAFiZEQYnQZjX5/6..."
[1552246188.211][INFO]: [9b6ff03ee2acdb764fe15e64d5a47c32] COMMAND FindElement {
   "using": "id",
   "value": "steps-dropdown"
}
[1552246188.211][INFO]: Waiting for pending navigations...
[1552246188.212][INFO]: Done waiting for pending navigations. Status: ok
[1552246188.216][INFO]: Waiting for pending navigations...
[1552246188.218][INFO]: Done waiting for pending navigations. Status: ok
[1552246188.218][INFO]: [9b6ff03ee2acdb764fe15e64d5a47c32] RESPONSE FindElement {
   "ELEMENT": "0.5665365503991016-7"
}
[1552246188.219][INFO]: [9b6ff03ee2acdb764fe15e64d5a47c32] COMMAND IsElementDisplayed {
   "id": "0.5665365503991016-7"
}
[1552246188.219][INFO]: Waiting for pending navigations...
[1552246188.220][INFO]: Done waiting for pending navigations. Status: ok
[1552246188.224][INFO]: Waiting for pending navigations...
[1552246188.225][INFO]: Done waiting for pending navigations. Status: ok
[1552246188.225][INFO]: [9b6ff03ee2acdb764fe15e64d5a47c32] RESPONSE IsElementDisplayed true
[1552246188.228][INFO]: [9b6ff03ee2acdb764fe15e64d5a47c32] COMMAND FindElement {
   "using": "id",
   "value": "steps-dropdown"
}
[1552246188.228][INFO]: Waiting for pending navigations...
[1552246188.229][INFO]: Done waiting for pending navigations. Status: ok
[1552246188.235][INFO]: Waiting for pending navigations...
[1552246188.237][INFO]: Done waiting for pending navigations. Status: ok
[1552246188.237][INFO]: [9b6ff03ee2acdb764fe15e64d5a47c32] RESPONSE FindElement {
   "ELEMENT": "0.5665365503991016-7"
}
[1552246188.240][INFO]: [9b6ff03ee2acdb764fe15e64d5a47c32] COMMAND ClickElement {
   "id": "0.5665365503991016-7"
}
[1552246188.240][INFO]: Waiting for pending navigations...
[1552246188.241][INFO]: Done waiting for pending navigations. Status: ok
[1552246188.293][INFO]: Waiting for pending navigations...
[1552246188.294][INFO]: Done waiting for pending navigations. Status: ok
[1552246188.294][INFO]: [9b6ff03ee2acdb764fe15e64d5a47c32] RESPONSE ClickElement
[1552246188.295][INFO]: [9b6ff03ee2acdb764fe15e64d5a47c32] COMMAND Screenshot {

}
[1552246188.295][INFO]: Waiting for pending navigations...
[1552246188.296][INFO]: Done waiting for pending navigations. Status: ok
[1552246188.614][INFO]: Waiting for pending navigations...
[1552246188.615][INFO]: Done waiting for pending navigations. Status: ok
[1552246188.615][INFO]: [9b6ff03ee2acdb764fe15e64d5a47c32] RESPONSE Screenshot "iVBORw0KGgoAAAANSUhEUgAAB4AAAANRCAYAAAACj6FfAAAgAElEQVR4nOzde3RU533v/8+MBknDeNDogpCEEAwIy4PMRQpRQDbBSK5rQ4kNZDkccJJ6ibapIfXPFjkrvwM9Pb9TnPo0krN6Apz8ctBx3RZ+ThpwHdfEdS0IJgGqEIHBQgYEAiHQBYmREGJ0GY1+f..."
[1552246188.631][INFO]: [9b6ff03ee2acdb764fe15e64d5a47c32] COMMAND FindElement {
   "using": "id",
   "value": "menu-btn"
}
[1552246188.631][INFO]: Waiting for pending navigations...
[1552246188.632][INFO]: Done waiting for pending navigations. Status: ok
[1552246188.637][INFO]: Waiting for pending navigations...
[1552246188.638][INFO]: Done waiting for pending navigations. Status: ok
[1552246188.638][INFO]: [9b6ff03ee2acdb764fe15e64d5a47c32] RESPONSE FindElement {
   "ELEMENT": "0.5665365503991016-3"
}
[1552246188.639][INFO]: [9b6ff03ee2acdb764fe15e64d5a47c32] COMMAND IsElementDisplayed {
   "id": "0.5665365503991016-3"
}
[1552246188.639][INFO]: Waiting for pending navigations...
[1552246188.640][INFO]: Done waiting for pending navigations. Status: ok
[1552246188.644][INFO]: Waiting for pending navigations...
[1552246188.645][INFO]: Done waiting for pending navigations. Status: ok
[1552246188.645][INFO]: [9b6ff03ee2acdb764fe15e64d5a47c32] RESPONSE IsElementDisplayed true
[1552246188.648][INFO]: [9b6ff03ee2acdb764fe15e64d5a47c32] COMMAND FindElement {
   "using": "id",
   "value": "menu-btn"
}
[1552246188.648][INFO]: Waiting for pending navigations...
[1552246188.649][INFO]: Done waiting for pending navigations. Status: ok
[1552246188.654][INFO]: Waiting for pending navigations...
[1552246188.655][INFO]: Done waiting for pending navigations. Status: ok
[1552246188.655][INFO]: [9b6ff03ee2acdb764fe15e64d5a47c32] RESPONSE FindElement {
   "ELEMENT": "0.5665365503991016-3"
}
[1552246188.658][INFO]: [9b6ff03ee2acdb764fe15e64d5a47c32] COMMAND ClickElement {
   "id": "0.5665365503991016-3"
}
[1552246188.658][INFO]: Waiting for pending navigations...
[1552246188.659][INFO]: Done waiting for pending navigations. Status: ok
[1552246188.697][INFO]: Waiting for pending navigations...
[1552246188.698][INFO]: Done waiting for pending navigations. Status: ok
[1552246188.698][INFO]: [9b6ff03ee2acdb764fe15e64d5a47c32] RESPONSE ClickElement
[1552246188.702][INFO]: [9b6ff03ee2acdb764fe15e64d5a47c32] COMMAND FindElement {
   "using": "id",
   "value": "menu-btn"
}
[1552246188.702][INFO]: Waiting for pending navigations...
[1552246188.703][INFO]: Done waiting for pending navigations. Status: ok
[1552246188.708][INFO]: Waiting for pending navigations...
[1552246188.709][INFO]: Done waiting for pending navigations. Status: ok
[1552246188.709][INFO]: [9b6ff03ee2acdb764fe15e64d5a47c32] RESPONSE FindElement {
   "ELEMENT": "0.5665365503991016-3"
}
[1552246188.710][INFO]: [9b6ff03ee2acdb764fe15e64d5a47c32] COMMAND GetElementText {
   "id": "0.5665365503991016-3"
}
[1552246188.710][INFO]: Waiting for pending navigations...
[1552246188.713][INFO]: Done waiting for pending navigations. Status: ok
[1552246188.719][INFO]: Waiting for pending navigations...
[1552246188.720][INFO]: Done waiting for pending navigations. Status: ok
[1552246188.720][INFO]: [9b6ff03ee2acdb764fe15e64d5a47c32] RESPONSE GetElementText "Menu"
[1552246188.721][INFO]: [9b6ff03ee2acdb764fe15e64d5a47c32] COMMAND Screenshot {

}
[1552246188.722][INFO]: Waiting for pending navigations...
[1552246188.722][INFO]: Done waiting for pending navigations. Status: ok
[1552246189.023][INFO]: Waiting for pending navigations...
[1552246189.026][INFO]: Done waiting for pending navigations. Status: ok
[1552246189.026][INFO]: [9b6ff03ee2acdb764fe15e64d5a47c32] RESPONSE Screenshot "iVBORw0KGgoAAAANSUhEUgAAB4AAAANRCAYAAAACj6FfAAAgAElEQVR4nOzde5TX5X0v+vdvGObCCAyI3ER0FC/gDUi0QjXGIaYRay6QtLvQpE11ZzfiTk8Dydp7a7J7Gu3pMZCu00rS04akOzmQpimkJhWzm4hBE7BqwWh0FC+DgDIoMoMwzADDzPmD2wAD3gaG+..."
[1552246189.040][INFO]: [9b6ff03ee2acdb764fe15e64d5a47c32] COMMAND Quit {

}
[1552246189.093][INFO]: [9b6ff03ee2acdb764fe15e64d5a47c32] RESPONSE Quit
