[1552242122.972][INFO]: Starting ChromeDriver 73.0.3683.68 (47787ec04b6e38e22703e856e101e840b65afe72)
[1552242122.972][INFO]: Please protect ports used by ChromeDriver and related test frameworks to prevent access by malicious code.
[1552242123.437][INFO]: [2fd8b3fda00be06f54392dcba29dd593] COMMAND InitSession {
   "capabilities": {
      "firstMatch": [ {
         "browserName": "chrome",
         "goog:chromeOptions": {
            "args": [ "chrome.switches", "--disable-extensions", "chrome.switches", "test-type", "chrome.switches", "start-maximized", "chrome.switches", "no-sandbox" ],
            "extensions": [  ],
            "useAutomationExtension": false
         }
      } ]
   },
   "desiredCapabilities": {
      "browserName": "chrome",
      "goog:chromeOptions": {
         "args": [ "chrome.switches", "--disable-extensions", "chrome.switches", "test-type", "chrome.switches", "start-maximized", "chrome.switches", "no-sandbox" ],
         "extensions": [  ],
         "useAutomationExtension": false
      }
   }
}
[1552242123.443][INFO]: Populating Preferences file: {
   "alternate_error_pages": {
      "enabled": false
   },
   "autofill": {
      "enabled": false
   },
   "browser": {
      "check_default_browser": false
   },
   "distribution": {
      "import_bookmarks": false,
      "import_history": false,
      "import_search_engine": false,
      "make_chrome_default_for_user": false,
      "skip_first_run_ui": true
   },
   "dns_prefetching": {
      "enabled": false
   },
   "profile": {
      "content_settings": {
         "pattern_pairs": {
            "https://*,*": {
               "media-stream": {
                  "audio": "Default",
                  "video": "Default"
               }
            }
         }
      },
      "default_content_setting_values": {
         "geolocation": 1
      },
      "default_content_settings": {
         "geolocation": 1,
         "mouselock": 1,
         "notifications": 1,
         "popups": 1,
         "ppapi-broker": 1
      },
      "password_manager_enabled": false
   },
   "safebrowsing": {
      "enabled": false
   },
   "search": {
      "suggest_enabled": false
   },
   "translate": {
      "enabled": false
   }
}
[1552242123.444][INFO]: Populating Local State file: {
   "background_mode": {
      "enabled": false
   },
   "ssl": {
      "rev_checking": {
         "enabled": false
      }
   }
}
[1552242123.446][INFO]: Launching chrome: "C:\Program Files (x86)\Google\Chrome\Application\chrome.exe" --chrome.switches --disable-background-networking --disable-client-side-phishing-detection --disable-default-apps --disable-extensions --disable-hang-monitor --disable-popup-blocking --disable-prompt-on-repost --disable-sync --disable-web-resources --enable-automation --enable-blink-features=ShadowDOMV0 --enable-logging --force-fieldtrials=SiteIsolationExtensions/Control --ignore-certificate-errors --log-level=0 --metrics-recording-only --no-first-run --no-sandbox --password-store=basic --remote-debugging-port=0 --start-maximized --test-type --use-mock-keychain --user-data-dir="C:\Users\KAVITH~1\AppData\Local\Temp\scoped_dir19512_19595" data:,
[1552242123.983][INFO]: resolved localhost to ["::1","127.0.0.1"]
[1552242124.995][INFO]: [2fd8b3fda00be06f54392dcba29dd593] RESPONSE InitSession {
   "acceptInsecureCerts": false,
   "acceptSslCerts": false,
   "applicationCacheEnabled": false,
   "browserConnectionEnabled": false,
   "browserName": "chrome",
   "chrome": {
      "chromedriverVersion": "73.0.3683.68 (47787ec04b6e38e22703e856e101e840b65afe72)",
      "userDataDir": "C:\\Users\\KAVITH~1\\AppData\\Local\\Temp\\scoped_dir19512_19595"
   },
   "cssSelectorsEnabled": true,
   "databaseEnabled": false,
   "goog:chromeOptions": {
      "debuggerAddress": "localhost:64755"
   },
   "handlesAlerts": true,
   "hasTouchScreen": false,
   "javascriptEnabled": true,
   "locationContextEnabled": true,
   "mobileEmulationEnabled": false,
   "nativeEvents": true,
   "networkConnectionEnabled": false,
   "pageLoadStrategy": "normal",
   "platform": "Windows NT",
   "proxy": {

   },
   "~~~": "..."
}
[1552242124.999][INFO]: [2fd8b3fda00be06f54392dcba29dd593] COMMAND MaximizeWindow {
   "handle": "current",
   "windowHandle": "current"
}
[1552242124.999][INFO]: Waiting for pending navigations...
[1552242125.007][INFO]: Done waiting for pending navigations. Status: ok
[1552242125.007][INFO]: resolved localhost to ["::1","127.0.0.1"]
[1552242126.013][INFO]: Waiting for pending navigations...
[1552242126.014][INFO]: Done waiting for pending navigations. Status: ok
[1552242126.014][INFO]: [2fd8b3fda00be06f54392dcba29dd593] RESPONSE MaximizeWindow {
   "height": 696,
   "width": 1296,
   "x": -8,
   "y": -8
}
[1552242126.019][INFO]: [2fd8b3fda00be06f54392dcba29dd593] COMMAND SetTimeouts {
   "ms": 30000,
   "type": "implicit"
}
[1552242126.019][INFO]: [2fd8b3fda00be06f54392dcba29dd593] RESPONSE SetTimeouts
[1552242126.021][INFO]: [2fd8b3fda00be06f54392dcba29dd593] COMMAND SetTimeouts {
   "ms": 60000,
   "type": "page load"
}
[1552242126.021][INFO]: [2fd8b3fda00be06f54392dcba29dd593] RESPONSE SetTimeouts
[1552242126.025][INFO]: [2fd8b3fda00be06f54392dcba29dd593] COMMAND Navigate {
   "url": "http://localhost:3000/"
}
[1552242126.025][INFO]: Waiting for pending navigations...
[1552242126.026][INFO]: Done waiting for pending navigations. Status: ok
[1552242126.377][INFO]: Waiting for pending navigations...
[1552242127.663][INFO]: Done waiting for pending navigations. Status: ok
[1552242127.663][INFO]: [2fd8b3fda00be06f54392dcba29dd593] RESPONSE Navigate
[1552242127.670][INFO]: [2fd8b3fda00be06f54392dcba29dd593] COMMAND FindElement {
   "using": "id",
   "value": "brand-logo"
}
[1552242127.671][INFO]: Waiting for pending navigations...
[1552242127.672][INFO]: Done waiting for pending navigations. Status: ok
[1552242127.689][INFO]: Waiting for pending navigations...
[1552242127.690][INFO]: Done waiting for pending navigations. Status: ok
[1552242127.690][INFO]: [2fd8b3fda00be06f54392dcba29dd593] RESPONSE FindElement {
   "ELEMENT": "0.34436155652309264-1"
}
[1552242127.694][INFO]: [2fd8b3fda00be06f54392dcba29dd593] COMMAND IsElementDisplayed {
   "id": "0.34436155652309264-1"
}
[1552242127.694][INFO]: Waiting for pending navigations...
[1552242127.695][INFO]: Done waiting for pending navigations. Status: ok
[1552242127.714][INFO]: Waiting for pending navigations...
[1552242127.714][INFO]: Done waiting for pending navigations. Status: ok
[1552242127.714][INFO]: [2fd8b3fda00be06f54392dcba29dd593] RESPONSE IsElementDisplayed true
[1552242127.716][INFO]: [2fd8b3fda00be06f54392dcba29dd593] COMMAND Screenshot {

}
[1552242127.717][INFO]: Waiting for pending navigations...
[1552242127.717][INFO]: Done waiting for pending navigations. Status: ok
[1552242128.046][INFO]: Waiting for pending navigations...
[1552242128.048][INFO]: Done waiting for pending navigations. Status: ok
[1552242128.048][INFO]: [2fd8b3fda00be06f54392dcba29dd593] RESPONSE Screenshot "iVBORw0KGgoAAAANSUhEUgAAB4AAAANRCAYAAAACj6FfAAAgAElEQVR4nOzde5RX9WHv/c9vBuYCjgyI3LyOlygoKhgNEE0iahqxJhGa9BSibaonreJJnxNI1mk16Xmq9Omj0KynlaSnlaYnHkjTFNIkFdumYtVUrFowoo4adVBQBuUyXGdgbs8fAgIzYMCRy/b1W..."
[1552242128.059][INFO]: [2fd8b3fda00be06f54392dcba29dd593] COMMAND FindElement {
   "using": "id",
   "value": "brand-name"
}
[1552242128.059][INFO]: Waiting for pending navigations...
[1552242128.060][INFO]: Done waiting for pending navigations. Status: ok
[1552242128.072][INFO]: Waiting for pending navigations...
[1552242128.073][INFO]: Done waiting for pending navigations. Status: ok
[1552242128.073][INFO]: [2fd8b3fda00be06f54392dcba29dd593] RESPONSE FindElement {
   "ELEMENT": "0.34436155652309264-2"
}
[1552242128.074][INFO]: [2fd8b3fda00be06f54392dcba29dd593] COMMAND IsElementDisplayed {
   "id": "0.34436155652309264-2"
}
[1552242128.074][INFO]: Waiting for pending navigations...
[1552242128.075][INFO]: Done waiting for pending navigations. Status: ok
[1552242128.086][INFO]: Waiting for pending navigations...
[1552242128.087][INFO]: Done waiting for pending navigations. Status: ok
[1552242128.087][INFO]: [2fd8b3fda00be06f54392dcba29dd593] RESPONSE IsElementDisplayed true
[1552242128.088][INFO]: [2fd8b3fda00be06f54392dcba29dd593] COMMAND Screenshot {

}
[1552242128.088][INFO]: Waiting for pending navigations...
[1552242128.089][INFO]: Done waiting for pending navigations. Status: ok
[1552242128.392][INFO]: Waiting for pending navigations...
[1552242128.393][INFO]: Done waiting for pending navigations. Status: ok
[1552242128.393][INFO]: [2fd8b3fda00be06f54392dcba29dd593] RESPONSE Screenshot "iVBORw0KGgoAAAANSUhEUgAAB4AAAANRCAYAAAACj6FfAAAgAElEQVR4nOzde5RX9WHv/c9vBuYCjgyI3LyOlygoKhgNEE0iahqxJhGa9BSibaonreJJnxNI1mk16Xmq9Omj0KynlaSnlaYnHkjTFNIkFdumYtVUrFowoo4adVBQBuUyXGdgbs8fAgIzYMCRy/b1W..."
[1552242128.408][INFO]: [2fd8b3fda00be06f54392dcba29dd593] COMMAND FindElement {
   "using": "xpath",
   "value": "//div[@id='container']/div"
}
[1552242128.408][INFO]: Waiting for pending navigations...
[1552242128.409][INFO]: Done waiting for pending navigations. Status: ok
[1552242128.427][INFO]: Waiting for pending navigations...
[1552242128.428][INFO]: Done waiting for pending navigations. Status: ok
[1552242128.428][INFO]: [2fd8b3fda00be06f54392dcba29dd593] RESPONSE FindElement {
   "ELEMENT": "0.34436155652309264-3"
}
[1552242128.429][INFO]: [2fd8b3fda00be06f54392dcba29dd593] COMMAND IsElementDisplayed {
   "id": "0.34436155652309264-3"
}
[1552242128.430][INFO]: Waiting for pending navigations...
[1552242128.430][INFO]: Done waiting for pending navigations. Status: ok
[1552242128.440][INFO]: Waiting for pending navigations...
[1552242128.442][INFO]: Done waiting for pending navigations. Status: ok
[1552242128.442][INFO]: [2fd8b3fda00be06f54392dcba29dd593] RESPONSE IsElementDisplayed true
[1552242128.443][INFO]: [2fd8b3fda00be06f54392dcba29dd593] COMMAND Screenshot {

}
[1552242128.443][INFO]: Waiting for pending navigations...
[1552242128.444][INFO]: Done waiting for pending navigations. Status: ok
[1552242128.767][INFO]: Waiting for pending navigations...
[1552242128.768][INFO]: Done waiting for pending navigations. Status: ok
[1552242128.768][INFO]: [2fd8b3fda00be06f54392dcba29dd593] RESPONSE Screenshot "iVBORw0KGgoAAAANSUhEUgAAB4AAAANRCAYAAAACj6FfAAAgAElEQVR4nOzde5RX9WHv/c9vBuYCjgyI3LyOlygoKhgNEE0iahqxJhGa9BSibaonreJJnxNI1mk16Xmq9Omj0KynlaSnlaYnHkjTFNIkFdumYtVUrFowoo4adVBQBuUyXGdgbs8fAgIzYMCRy/b1W..."
[1552242128.779][INFO]: [2fd8b3fda00be06f54392dcba29dd593] COMMAND FindElement {
   "using": "id",
   "value": "menu-btn"
}
[1552242128.779][INFO]: Waiting for pending navigations...
[1552242128.779][INFO]: Done waiting for pending navigations. Status: ok
[1552242128.789][INFO]: Waiting for pending navigations...
[1552242128.790][INFO]: Done waiting for pending navigations. Status: ok
[1552242128.790][INFO]: [2fd8b3fda00be06f54392dcba29dd593] RESPONSE FindElement {
   "ELEMENT": "0.34436155652309264-4"
}
[1552242128.791][INFO]: [2fd8b3fda00be06f54392dcba29dd593] COMMAND IsElementDisplayed {
   "id": "0.34436155652309264-4"
}
[1552242128.791][INFO]: Waiting for pending navigations...
[1552242128.792][INFO]: Done waiting for pending navigations. Status: ok
[1552242128.803][INFO]: Waiting for pending navigations...
[1552242128.803][INFO]: Done waiting for pending navigations. Status: ok
[1552242128.804][INFO]: [2fd8b3fda00be06f54392dcba29dd593] RESPONSE IsElementDisplayed true
[1552242128.805][INFO]: [2fd8b3fda00be06f54392dcba29dd593] COMMAND Screenshot {

}
[1552242128.805][INFO]: Waiting for pending navigations...
[1552242128.806][INFO]: Done waiting for pending navigations. Status: ok
[1552242129.101][INFO]: Waiting for pending navigations...
[1552242129.102][INFO]: Done waiting for pending navigations. Status: ok
[1552242129.102][INFO]: [2fd8b3fda00be06f54392dcba29dd593] RESPONSE Screenshot "iVBORw0KGgoAAAANSUhEUgAAB4AAAANRCAYAAAACj6FfAAAgAElEQVR4nOzde5RX9WHv/c9vBuYCjgyI3LyOlygoKhgNEE0iahqxJhGa9BSibaonreJJnxNI1mk16Xmq9Omj0KynlaSnlaYnHkjTFNIkFdumYtVUrFowoo4adVBQBuUyXGdgbs8fAgIzYMCRy/b1W..."
[1552242129.115][INFO]: [2fd8b3fda00be06f54392dcba29dd593] COMMAND FindElement {
   "using": "id",
   "value": "menu-btn"
}
[1552242129.115][INFO]: Waiting for pending navigations...
[1552242129.116][INFO]: Done waiting for pending navigations. Status: ok
[1552242129.121][INFO]: Waiting for pending navigations...
[1552242129.122][INFO]: Done waiting for pending navigations. Status: ok
[1552242129.122][INFO]: [2fd8b3fda00be06f54392dcba29dd593] RESPONSE FindElement {
   "ELEMENT": "0.34436155652309264-4"
}
[1552242129.125][INFO]: [2fd8b3fda00be06f54392dcba29dd593] COMMAND ClickElement {
   "id": "0.34436155652309264-4"
}
[1552242129.125][INFO]: Waiting for pending navigations...
[1552242129.126][INFO]: Done waiting for pending navigations. Status: ok
[1552242129.184][INFO]: Waiting for pending navigations...
[1552242129.186][INFO]: Done waiting for pending navigations. Status: ok
[1552242129.186][INFO]: [2fd8b3fda00be06f54392dcba29dd593] RESPONSE ClickElement
[1552242130.188][INFO]: [2fd8b3fda00be06f54392dcba29dd593] COMMAND FindElement {
   "using": "id",
   "value": "fr-btn"
}
[1552242130.188][INFO]: Waiting for pending navigations...
[1552242130.189][INFO]: Done waiting for pending navigations. Status: ok
[1552242130.198][INFO]: Waiting for pending navigations...
[1552242130.199][INFO]: Done waiting for pending navigations. Status: ok
[1552242130.199][INFO]: [2fd8b3fda00be06f54392dcba29dd593] RESPONSE FindElement {
   "ELEMENT": "0.34436155652309264-5"
}
[1552242130.201][INFO]: [2fd8b3fda00be06f54392dcba29dd593] COMMAND ClickElement {
   "id": "0.34436155652309264-5"
}
[1552242130.201][INFO]: Waiting for pending navigations...
[1552242130.202][INFO]: Done waiting for pending navigations. Status: ok
[1552242130.266][INFO]: Waiting for pending navigations...
[1552242130.270][INFO]: Done waiting for pending navigations. Status: ok
[1552242130.270][INFO]: [2fd8b3fda00be06f54392dcba29dd593] RESPONSE ClickElement
[1552242131.274][INFO]: [2fd8b3fda00be06f54392dcba29dd593] COMMAND FindElement {
   "using": "id",
   "value": "menu-btn"
}
[1552242131.274][INFO]: Waiting for pending navigations...
[1552242131.275][INFO]: Done waiting for pending navigations. Status: ok
[1552242131.285][INFO]: Waiting for pending navigations...
[1552242131.287][INFO]: Done waiting for pending navigations. Status: ok
[1552242131.287][INFO]: [2fd8b3fda00be06f54392dcba29dd593] RESPONSE FindElement {
   "ELEMENT": "0.34436155652309264-4"
}
[1552242131.289][INFO]: [2fd8b3fda00be06f54392dcba29dd593] COMMAND GetElementText {
   "id": "0.34436155652309264-4"
}
[1552242131.289][INFO]: Waiting for pending navigations...
[1552242131.290][INFO]: Done waiting for pending navigations. Status: ok
[1552242131.314][INFO]: Waiting for pending navigations...
[1552242131.316][INFO]: Done waiting for pending navigations. Status: ok
[1552242131.316][INFO]: [2fd8b3fda00be06f54392dcba29dd593] RESPONSE GetElementText "Fermer"
[1552242131.318][INFO]: [2fd8b3fda00be06f54392dcba29dd593] COMMAND Screenshot {

}
[1552242131.318][INFO]: Waiting for pending navigations...
[1552242131.320][INFO]: Done waiting for pending navigations. Status: ok
[1552242131.627][INFO]: Waiting for pending navigations...
[1552242131.628][INFO]: Done waiting for pending navigations. Status: ok
[1552242131.628][INFO]: [2fd8b3fda00be06f54392dcba29dd593] RESPONSE Screenshot "iVBORw0KGgoAAAANSUhEUgAAB4AAAANRCAYAAAACj6FfAAAgAElEQVR4nOzdf1SU9533/9cMw49xgg4/REBEEdCMRA2UWiWxVshmU11r1Z40i22zPbrdbHS3d5Tuybl1d+971+w3362a03vVu9+u3N12G79ptmptVtvNBlxiq5ZaNBqc+BMEAkjQARGHH8Nw/8GvC..."
[1552242131.644][INFO]: [2fd8b3fda00be06f54392dcba29dd593] COMMAND FindElement {
   "using": "id",
   "value": "menu-btn"
}
[1552242131.644][INFO]: Waiting for pending navigations...
[1552242131.645][INFO]: Done waiting for pending navigations. Status: ok
[1552242131.651][INFO]: Waiting for pending navigations...
[1552242131.652][INFO]: Done waiting for pending navigations. Status: ok
[1552242131.652][INFO]: [2fd8b3fda00be06f54392dcba29dd593] RESPONSE FindElement {
   "ELEMENT": "0.34436155652309264-4"
}
[1552242131.654][INFO]: [2fd8b3fda00be06f54392dcba29dd593] COMMAND ClickElement {
   "id": "0.34436155652309264-4"
}
[1552242131.654][INFO]: Waiting for pending navigations...
[1552242131.655][INFO]: Done waiting for pending navigations. Status: ok
[1552242131.690][INFO]: Waiting for pending navigations...
[1552242131.691][INFO]: Done waiting for pending navigations. Status: ok
[1552242131.691][INFO]: [2fd8b3fda00be06f54392dcba29dd593] RESPONSE ClickElement
[1552242131.694][INFO]: [2fd8b3fda00be06f54392dcba29dd593] COMMAND FindElement {
   "using": "id",
   "value": "menu-btn"
}
[1552242131.694][INFO]: Waiting for pending navigations...
[1552242131.695][INFO]: Done waiting for pending navigations. Status: ok
[1552242131.700][INFO]: Waiting for pending navigations...
[1552242131.701][INFO]: Done waiting for pending navigations. Status: ok
[1552242131.701][INFO]: [2fd8b3fda00be06f54392dcba29dd593] RESPONSE FindElement {
   "ELEMENT": "0.34436155652309264-4"
}
[1552242131.703][INFO]: [2fd8b3fda00be06f54392dcba29dd593] COMMAND GetElementText {
   "id": "0.34436155652309264-4"
}
[1552242131.703][INFO]: Waiting for pending navigations...
[1552242131.704][INFO]: Done waiting for pending navigations. Status: ok
[1552242131.709][INFO]: Waiting for pending navigations...
[1552242131.710][INFO]: Done waiting for pending navigations. Status: ok
[1552242131.710][INFO]: [2fd8b3fda00be06f54392dcba29dd593] RESPONSE GetElementText "Menu"
[1552242131.711][INFO]: [2fd8b3fda00be06f54392dcba29dd593] COMMAND Screenshot {

}
[1552242131.711][INFO]: Waiting for pending navigations...
[1552242131.712][INFO]: Done waiting for pending navigations. Status: ok
[1552242132.040][INFO]: Waiting for pending navigations...
[1552242132.049][INFO]: Done waiting for pending navigations. Status: ok
[1552242132.049][INFO]: [2fd8b3fda00be06f54392dcba29dd593] RESPONSE Screenshot "iVBORw0KGgoAAAANSUhEUgAAB4AAAANRCAYAAAACj6FfAAAgAElEQVR4nOzde5TX9X3v+9dvGOYCggMiN6/jJQregKgBojGiphGridCkLSS2iTZtxJ2eBJrVVpOdXaWnx0C7TitJTytJd7IhTVNIYyq2TcSoqVi1YEQdNSoIKIOiDPeBuZ0/AOVuwIEf8+XxWIu1/..."
[1552242132.066][INFO]: [2fd8b3fda00be06f54392dcba29dd593] COMMAND FindElement {
   "using": "id",
   "value": "bookmarks-link"
}
[1552242132.066][INFO]: Waiting for pending navigations...
[1552242132.067][INFO]: Done waiting for pending navigations. Status: ok
[1552242132.074][INFO]: Waiting for pending navigations...
[1552242132.075][INFO]: Done waiting for pending navigations. Status: ok
[1552242132.075][INFO]: [2fd8b3fda00be06f54392dcba29dd593] RESPONSE FindElement {
   "ELEMENT": "0.34436155652309264-6"
}
[1552242132.076][INFO]: [2fd8b3fda00be06f54392dcba29dd593] COMMAND IsElementDisplayed {
   "id": "0.34436155652309264-6"
}
[1552242132.077][INFO]: Waiting for pending navigations...
[1552242132.078][INFO]: Done waiting for pending navigations. Status: ok
[1552242132.086][INFO]: Waiting for pending navigations...
[1552242132.090][INFO]: Done waiting for pending navigations. Status: ok
[1552242132.090][INFO]: [2fd8b3fda00be06f54392dcba29dd593] RESPONSE IsElementDisplayed true
[1552242132.092][INFO]: [2fd8b3fda00be06f54392dcba29dd593] COMMAND Screenshot {

}
[1552242132.092][INFO]: Waiting for pending navigations...
[1552242132.096][INFO]: Done waiting for pending navigations. Status: ok
[1552242132.380][INFO]: Waiting for pending navigations...
[1552242132.381][INFO]: Done waiting for pending navigations. Status: ok
[1552242132.381][INFO]: [2fd8b3fda00be06f54392dcba29dd593] RESPONSE Screenshot "iVBORw0KGgoAAAANSUhEUgAAB4AAAANRCAYAAAACj6FfAAAgAElEQVR4nOzde5SX9WHv+89vBubCRQZEbuJlFKOgqGA0QDSJqGnEmkRo0l2ItonutIo7PSfQrN1qsveu0tNjoF2nlaSnlaQ7HkjTFNIkFdumYtRUrKZgRB016iCgDIgw3Afmdv7gIjADBhy5PL5ea..."
[1552242132.410][INFO]: [2fd8b3fda00be06f54392dcba29dd593] COMMAND FindElement {
   "using": "id",
   "value": "bookmarks-link"
}
[1552242132.410][INFO]: Waiting for pending navigations...
[1552242132.411][INFO]: Done waiting for pending navigations. Status: ok
[1552242132.415][INFO]: Waiting for pending navigations...
[1552242132.416][INFO]: Done waiting for pending navigations. Status: ok
[1552242132.416][INFO]: [2fd8b3fda00be06f54392dcba29dd593] RESPONSE FindElement {
   "ELEMENT": "0.34436155652309264-6"
}
[1552242132.419][INFO]: [2fd8b3fda00be06f54392dcba29dd593] COMMAND FindChildElement {
   "id": "0.34436155652309264-6",
   "using": "tag name",
   "value": "span"
}
[1552242132.419][INFO]: Waiting for pending navigations...
[1552242132.420][INFO]: Done waiting for pending navigations. Status: ok
[1552242132.428][INFO]: Waiting for pending navigations...
[1552242132.428][INFO]: Done waiting for pending navigations. Status: ok
[1552242132.428][INFO]: [2fd8b3fda00be06f54392dcba29dd593] RESPONSE FindChildElement {
   "ELEMENT": "0.34436155652309264-7"
}
[1552242132.430][INFO]: [2fd8b3fda00be06f54392dcba29dd593] COMMAND GetElementText {
   "id": "0.34436155652309264-7"
}
[1552242132.430][INFO]: Waiting for pending navigations...
[1552242132.430][INFO]: Done waiting for pending navigations. Status: ok
[1552242132.440][INFO]: Waiting for pending navigations...
[1552242132.441][INFO]: Done waiting for pending navigations. Status: ok
[1552242132.441][INFO]: [2fd8b3fda00be06f54392dcba29dd593] RESPONSE GetElementText "Bookmarks"
[1552242132.444][INFO]: [2fd8b3fda00be06f54392dcba29dd593] COMMAND FindElement {
   "using": "id",
   "value": "bookmarks-link"
}
[1552242132.444][INFO]: Waiting for pending navigations...
[1552242132.445][INFO]: Done waiting for pending navigations. Status: ok
[1552242132.450][INFO]: Waiting for pending navigations...
[1552242132.451][INFO]: Done waiting for pending navigations. Status: ok
[1552242132.451][INFO]: [2fd8b3fda00be06f54392dcba29dd593] RESPONSE FindElement {
   "ELEMENT": "0.34436155652309264-6"
}
[1552242132.452][INFO]: [2fd8b3fda00be06f54392dcba29dd593] COMMAND GetElementAttribute {
   "id": "0.34436155652309264-6",
   "name": "href"
}
[1552242132.452][INFO]: Waiting for pending navigations...
[1552242132.453][INFO]: Done waiting for pending navigations. Status: ok
[1552242132.457][INFO]: Waiting for pending navigations...
[1552242132.458][INFO]: Done waiting for pending navigations. Status: ok
[1552242132.458][INFO]: [2fd8b3fda00be06f54392dcba29dd593] RESPONSE GetElementAttribute "http://localhost:3000/bookmarks"
[1552242132.460][INFO]: [2fd8b3fda00be06f54392dcba29dd593] COMMAND Screenshot {

}
[1552242132.460][INFO]: Waiting for pending navigations...
[1552242132.461][INFO]: Done waiting for pending navigations. Status: ok
[1552242132.747][INFO]: Waiting for pending navigations...
[1552242132.748][INFO]: Done waiting for pending navigations. Status: ok
[1552242132.748][INFO]: [2fd8b3fda00be06f54392dcba29dd593] RESPONSE Screenshot "iVBORw0KGgoAAAANSUhEUgAAB4AAAANRCAYAAAACj6FfAAAgAElEQVR4nOzde5SX9WHv+89vBubCRQZEbuJlFKOgqGA0QDSJqGnEmkRo0l2ItonutIo7PSfQrN1qsveu0tNjoF2nlaSnlaQ7HkjTFNIkFdumYtRUrKZgRB016iCgDIgw3Afmdv7gIjADBhy5PL5ea..."
[1552242132.760][INFO]: [2fd8b3fda00be06f54392dcba29dd593] COMMAND FindElement {
   "using": "id",
   "value": "search-link"
}
[1552242132.760][INFO]: Waiting for pending navigations...
[1552242132.761][INFO]: Done waiting for pending navigations. Status: ok
[1552242132.771][INFO]: Waiting for pending navigations...
[1552242132.772][INFO]: Done waiting for pending navigations. Status: ok
[1552242132.772][INFO]: [2fd8b3fda00be06f54392dcba29dd593] RESPONSE FindElement {
   "ELEMENT": "0.34436155652309264-8"
}
[1552242132.774][INFO]: [2fd8b3fda00be06f54392dcba29dd593] COMMAND IsElementDisplayed {
   "id": "0.34436155652309264-8"
}
[1552242132.774][INFO]: Waiting for pending navigations...
[1552242132.775][INFO]: Done waiting for pending navigations. Status: ok
[1552242132.783][INFO]: Waiting for pending navigations...
[1552242132.784][INFO]: Done waiting for pending navigations. Status: ok
[1552242132.784][INFO]: [2fd8b3fda00be06f54392dcba29dd593] RESPONSE IsElementDisplayed true
[1552242132.786][INFO]: [2fd8b3fda00be06f54392dcba29dd593] COMMAND Screenshot {

}
[1552242132.786][INFO]: Waiting for pending navigations...
[1552242132.786][INFO]: Done waiting for pending navigations. Status: ok
[1552242133.094][INFO]: Waiting for pending navigations...
[1552242133.095][INFO]: Done waiting for pending navigations. Status: ok
[1552242133.095][INFO]: [2fd8b3fda00be06f54392dcba29dd593] RESPONSE Screenshot "iVBORw0KGgoAAAANSUhEUgAAB4AAAANRCAYAAAACj6FfAAAgAElEQVR4nOzde5SX9WHv+89vBubCRQZEbuJlFKOgqGA0QDSJqGnEmkRo0l2ItonutIo7PSfQrN1qsveu0tNjoF2nlaSnlaQ7HkjTFNIkFdumYtRUrKZgRB016iCgDIgw3Afmdv7gIjADBhy5PL5ea..."
[1552242133.107][INFO]: [2fd8b3fda00be06f54392dcba29dd593] COMMAND FindElement {
   "using": "id",
   "value": "search-link"
}
[1552242133.107][INFO]: Waiting for pending navigations...
[1552242133.108][INFO]: Done waiting for pending navigations. Status: ok
[1552242133.112][INFO]: Waiting for pending navigations...
[1552242133.113][INFO]: Done waiting for pending navigations. Status: ok
[1552242133.113][INFO]: [2fd8b3fda00be06f54392dcba29dd593] RESPONSE FindElement {
   "ELEMENT": "0.34436155652309264-8"
}
[1552242133.116][INFO]: [2fd8b3fda00be06f54392dcba29dd593] COMMAND FindChildElement {
   "id": "0.34436155652309264-8",
   "using": "tag name",
   "value": "span"
}
[1552242133.116][INFO]: Waiting for pending navigations...
[1552242133.117][INFO]: Done waiting for pending navigations. Status: ok
[1552242133.124][INFO]: Waiting for pending navigations...
[1552242133.124][INFO]: Done waiting for pending navigations. Status: ok
[1552242133.125][INFO]: [2fd8b3fda00be06f54392dcba29dd593] RESPONSE FindChildElement {
   "ELEMENT": "0.34436155652309264-9"
}
[1552242133.126][INFO]: [2fd8b3fda00be06f54392dcba29dd593] COMMAND GetElementText {
   "id": "0.34436155652309264-9"
}
[1552242133.126][INFO]: Waiting for pending navigations...
[1552242133.127][INFO]: Done waiting for pending navigations. Status: ok
[1552242133.136][INFO]: Waiting for pending navigations...
[1552242133.137][INFO]: Done waiting for pending navigations. Status: ok
[1552242133.137][INFO]: [2fd8b3fda00be06f54392dcba29dd593] RESPONSE GetElementText "Rechercher"
[1552242133.140][INFO]: [2fd8b3fda00be06f54392dcba29dd593] COMMAND FindElement {
   "using": "id",
   "value": "search-link"
}
[1552242133.140][INFO]: Waiting for pending navigations...
[1552242133.141][INFO]: Done waiting for pending navigations. Status: ok
[1552242133.144][INFO]: Waiting for pending navigations...
[1552242133.145][INFO]: Done waiting for pending navigations. Status: ok
[1552242133.145][INFO]: [2fd8b3fda00be06f54392dcba29dd593] RESPONSE FindElement {
   "ELEMENT": "0.34436155652309264-8"
}
[1552242133.146][INFO]: [2fd8b3fda00be06f54392dcba29dd593] COMMAND GetElementAttribute {
   "id": "0.34436155652309264-8",
   "name": "href"
}
[1552242133.146][INFO]: Waiting for pending navigations...
[1552242133.147][INFO]: Done waiting for pending navigations. Status: ok
[1552242133.151][INFO]: Waiting for pending navigations...
[1552242133.152][INFO]: Done waiting for pending navigations. Status: ok
[1552242133.152][INFO]: [2fd8b3fda00be06f54392dcba29dd593] RESPONSE GetElementAttribute "http://localhost:3000/search"
[1552242133.153][INFO]: [2fd8b3fda00be06f54392dcba29dd593] COMMAND Screenshot {

}
[1552242133.153][INFO]: Waiting for pending navigations...
[1552242133.154][INFO]: Done waiting for pending navigations. Status: ok
[1552242133.458][INFO]: Waiting for pending navigations...
[1552242133.459][INFO]: Done waiting for pending navigations. Status: ok
[1552242133.459][INFO]: [2fd8b3fda00be06f54392dcba29dd593] RESPONSE Screenshot "iVBORw0KGgoAAAANSUhEUgAAB4AAAANRCAYAAAACj6FfAAAgAElEQVR4nOzde5SX9WHv+89vBubCRQZEbuJlFKOgqGA0QDSJqGnEmkRo0l2ItonutIo7PSfQrN1qsveu0tNjoF2nlaSnlaQ7HkjTFNIkFdumYtRUrKZgRB016iCgDIgw3Afmdv7gIjADBhy5PL5ea..."
[1552242133.468][INFO]: [2fd8b3fda00be06f54392dcba29dd593] COMMAND FindElement {
   "using": "id",
   "value": "share-link"
}
[1552242133.468][INFO]: Waiting for pending navigations...
[1552242133.469][INFO]: Done waiting for pending navigations. Status: ok
[1552242133.476][INFO]: Waiting for pending navigations...
[1552242133.477][INFO]: Done waiting for pending navigations. Status: ok
[1552242133.477][INFO]: [2fd8b3fda00be06f54392dcba29dd593] RESPONSE FindElement {
   "ELEMENT": "0.34436155652309264-10"
}
[1552242133.478][INFO]: [2fd8b3fda00be06f54392dcba29dd593] COMMAND IsElementDisplayed {
   "id": "0.34436155652309264-10"
}
[1552242133.478][INFO]: Waiting for pending navigations...
[1552242133.479][INFO]: Done waiting for pending navigations. Status: ok
[1552242133.489][INFO]: Waiting for pending navigations...
[1552242133.490][INFO]: Done waiting for pending navigations. Status: ok
[1552242133.490][INFO]: [2fd8b3fda00be06f54392dcba29dd593] RESPONSE IsElementDisplayed true
[1552242133.491][INFO]: [2fd8b3fda00be06f54392dcba29dd593] COMMAND Screenshot {

}
[1552242133.491][INFO]: Waiting for pending navigations...
[1552242133.492][INFO]: Done waiting for pending navigations. Status: ok
[1552242133.771][INFO]: Waiting for pending navigations...
[1552242133.773][INFO]: Done waiting for pending navigations. Status: ok
[1552242133.773][INFO]: [2fd8b3fda00be06f54392dcba29dd593] RESPONSE Screenshot "iVBORw0KGgoAAAANSUhEUgAAB4AAAANRCAYAAAACj6FfAAAgAElEQVR4nOzde5SX9WHv+89vBubCRQZEbuJlFKOgqGA0QDSJqGnEmkRo0l2ItonutIo7PSfQrN1qsveu0tNjoF2nlaSnlaQ7HkjTFNIkFdumYtRUrKZgRB016iCgDIgw3Afmdv7gIjADBhy5PL5ea..."
[1552242133.780][INFO]: [2fd8b3fda00be06f54392dcba29dd593] COMMAND FindElement {
   "using": "id",
   "value": "share-link"
}
[1552242133.780][INFO]: Waiting for pending navigations...
[1552242133.781][INFO]: Done waiting for pending navigations. Status: ok
[1552242133.786][INFO]: Waiting for pending navigations...
[1552242133.787][INFO]: Done waiting for pending navigations. Status: ok
[1552242133.787][INFO]: [2fd8b3fda00be06f54392dcba29dd593] RESPONSE FindElement {
   "ELEMENT": "0.34436155652309264-10"
}
[1552242133.790][INFO]: [2fd8b3fda00be06f54392dcba29dd593] COMMAND FindChildElement {
   "id": "0.34436155652309264-10",
   "using": "tag name",
   "value": "span"
}
[1552242133.790][INFO]: Waiting for pending navigations...
[1552242133.791][INFO]: Done waiting for pending navigations. Status: ok
[1552242133.799][INFO]: Waiting for pending navigations...
[1552242133.800][INFO]: Done waiting for pending navigations. Status: ok
[1552242133.800][INFO]: [2fd8b3fda00be06f54392dcba29dd593] RESPONSE FindChildElement {
   "ELEMENT": "0.34436155652309264-11"
}
[1552242133.801][INFO]: [2fd8b3fda00be06f54392dcba29dd593] COMMAND GetElementText {
   "id": "0.34436155652309264-11"
}
[1552242133.801][INFO]: Waiting for pending navigations...
[1552242133.802][INFO]: Done waiting for pending navigations. Status: ok
[1552242133.811][INFO]: Waiting for pending navigations...
[1552242133.812][INFO]: Done waiting for pending navigations. Status: ok
[1552242133.812][INFO]: [2fd8b3fda00be06f54392dcba29dd593] RESPONSE GetElementText "Share"
[1552242133.814][INFO]: [2fd8b3fda00be06f54392dcba29dd593] COMMAND FindElement {
   "using": "id",
   "value": "share-link"
}
[1552242133.814][INFO]: Waiting for pending navigations...
[1552242133.815][INFO]: Done waiting for pending navigations. Status: ok
[1552242133.820][INFO]: Waiting for pending navigations...
[1552242133.821][INFO]: Done waiting for pending navigations. Status: ok
[1552242133.821][INFO]: [2fd8b3fda00be06f54392dcba29dd593] RESPONSE FindElement {
   "ELEMENT": "0.34436155652309264-10"
}
[1552242133.822][INFO]: [2fd8b3fda00be06f54392dcba29dd593] COMMAND GetElementAttribute {
   "id": "0.34436155652309264-10",
   "name": "href"
}
[1552242133.822][INFO]: Waiting for pending navigations...
[1552242133.824][INFO]: Done waiting for pending navigations. Status: ok
[1552242133.826][INFO]: Waiting for pending navigations...
[1552242133.827][INFO]: Done waiting for pending navigations. Status: ok
[1552242133.827][INFO]: [2fd8b3fda00be06f54392dcba29dd593] RESPONSE GetElementAttribute "http://localhost:3000/share"
[1552242133.829][INFO]: [2fd8b3fda00be06f54392dcba29dd593] COMMAND Screenshot {

}
[1552242133.829][INFO]: Waiting for pending navigations...
[1552242133.829][INFO]: Done waiting for pending navigations. Status: ok
[1552242134.143][INFO]: Waiting for pending navigations...
[1552242134.144][INFO]: Done waiting for pending navigations. Status: ok
[1552242134.144][INFO]: [2fd8b3fda00be06f54392dcba29dd593] RESPONSE Screenshot "iVBORw0KGgoAAAANSUhEUgAAB4AAAANRCAYAAAACj6FfAAAgAElEQVR4nOzde5SX9WHv+89vBubCRQZEbuJlFKOgqGA0QDSJqGnEmkRo0l2ItonutIo7PSfQrN1qsveu0tNjoF2nlaSnlaQ7HkjTFNIkFdumYtRUrKZgRB016iCgDIgw3Afmdv7gIjADBhy5PL5ea..."
[1552242134.157][INFO]: [2fd8b3fda00be06f54392dcba29dd593] COMMAND FindElement {
   "using": "id",
   "value": "about-link"
}
[1552242134.157][INFO]: Waiting for pending navigations...
[1552242134.158][INFO]: Done waiting for pending navigations. Status: ok
[1552242134.166][INFO]: Waiting for pending navigations...
[1552242134.167][INFO]: Done waiting for pending navigations. Status: ok
[1552242134.167][INFO]: [2fd8b3fda00be06f54392dcba29dd593] RESPONSE FindElement {
   "ELEMENT": "0.34436155652309264-12"
}
[1552242134.168][INFO]: [2fd8b3fda00be06f54392dcba29dd593] COMMAND IsElementDisplayed {
   "id": "0.34436155652309264-12"
}
[1552242134.168][INFO]: Waiting for pending navigations...
[1552242134.169][INFO]: Done waiting for pending navigations. Status: ok
[1552242134.178][INFO]: Waiting for pending navigations...
[1552242134.179][INFO]: Done waiting for pending navigations. Status: ok
[1552242134.179][INFO]: [2fd8b3fda00be06f54392dcba29dd593] RESPONSE IsElementDisplayed true
[1552242134.180][INFO]: [2fd8b3fda00be06f54392dcba29dd593] COMMAND Screenshot {

}
[1552242134.180][INFO]: Waiting for pending navigations...
[1552242134.181][INFO]: Done waiting for pending navigations. Status: ok
[1552242134.473][INFO]: Waiting for pending navigations...
[1552242134.475][INFO]: Done waiting for pending navigations. Status: ok
[1552242134.475][INFO]: [2fd8b3fda00be06f54392dcba29dd593] RESPONSE Screenshot "iVBORw0KGgoAAAANSUhEUgAAB4AAAANRCAYAAAACj6FfAAAgAElEQVR4nOzde5SX9WHv+89vBubCRQZEbuJlFKOgqGA0QDSJqGnEmkRo0l2ItonutIo7PSfQrN1qsveu0tNjoF2nlaSnlaQ7HkjTFNIkFdumYtRUrKZgRB016iCgDIgw3Afmdv7gIjADBhy5PL5ea..."
[1552242134.484][INFO]: [2fd8b3fda00be06f54392dcba29dd593] COMMAND FindElement {
   "using": "id",
   "value": "about-link"
}
[1552242134.484][INFO]: Waiting for pending navigations...
[1552242134.485][INFO]: Done waiting for pending navigations. Status: ok
[1552242134.491][INFO]: Waiting for pending navigations...
[1552242134.492][INFO]: Done waiting for pending navigations. Status: ok
[1552242134.492][INFO]: [2fd8b3fda00be06f54392dcba29dd593] RESPONSE FindElement {
   "ELEMENT": "0.34436155652309264-12"
}
[1552242134.495][INFO]: [2fd8b3fda00be06f54392dcba29dd593] COMMAND FindChildElement {
   "id": "0.34436155652309264-12",
   "using": "tag name",
   "value": "span"
}
[1552242134.495][INFO]: Waiting for pending navigations...
[1552242134.496][INFO]: Done waiting for pending navigations. Status: ok
[1552242134.504][INFO]: Waiting for pending navigations...
[1552242134.505][INFO]: Done waiting for pending navigations. Status: ok
[1552242134.505][INFO]: [2fd8b3fda00be06f54392dcba29dd593] RESPONSE FindChildElement {
   "ELEMENT": "0.34436155652309264-13"
}
[1552242134.506][INFO]: [2fd8b3fda00be06f54392dcba29dd593] COMMAND GetElementText {
   "id": "0.34436155652309264-13"
}
[1552242134.507][INFO]: Waiting for pending navigations...
[1552242134.507][INFO]: Done waiting for pending navigations. Status: ok
[1552242134.519][INFO]: Waiting for pending navigations...
[1552242134.520][INFO]: Done waiting for pending navigations. Status: ok
[1552242134.520][INFO]: [2fd8b3fda00be06f54392dcba29dd593] RESPONSE GetElementText "About"
[1552242134.522][INFO]: [2fd8b3fda00be06f54392dcba29dd593] COMMAND FindElement {
   "using": "id",
   "value": "about-link"
}
[1552242134.522][INFO]: Waiting for pending navigations...
[1552242134.524][INFO]: Done waiting for pending navigations. Status: ok
[1552242134.528][INFO]: Waiting for pending navigations...
[1552242134.529][INFO]: Done waiting for pending navigations. Status: ok
[1552242134.529][INFO]: [2fd8b3fda00be06f54392dcba29dd593] RESPONSE FindElement {
   "ELEMENT": "0.34436155652309264-12"
}
[1552242134.530][INFO]: [2fd8b3fda00be06f54392dcba29dd593] COMMAND GetElementAttribute {
   "id": "0.34436155652309264-12",
   "name": "href"
}
[1552242134.530][INFO]: Waiting for pending navigations...
[1552242134.531][INFO]: Done waiting for pending navigations. Status: ok
[1552242134.533][INFO]: Waiting for pending navigations...
[1552242134.534][INFO]: Done waiting for pending navigations. Status: ok
[1552242134.534][INFO]: [2fd8b3fda00be06f54392dcba29dd593] RESPONSE GetElementAttribute "http://localhost:3000/about"
[1552242134.535][INFO]: [2fd8b3fda00be06f54392dcba29dd593] COMMAND Screenshot {

}
[1552242134.535][INFO]: Waiting for pending navigations...
[1552242134.536][INFO]: Done waiting for pending navigations. Status: ok
[1552242134.819][INFO]: Waiting for pending navigations...
[1552242134.820][INFO]: Done waiting for pending navigations. Status: ok
[1552242134.820][INFO]: [2fd8b3fda00be06f54392dcba29dd593] RESPONSE Screenshot "iVBORw0KGgoAAAANSUhEUgAAB4AAAANRCAYAAAACj6FfAAAgAElEQVR4nOzde5SX9WHv+89vBubCRQZEbuJlFKOgqGA0QDSJqGnEmkRo0l2ItonutIo7PSfQrN1qsveu0tNjoF2nlaSnlaQ7HkjTFNIkFdumYtRUrKZgRB016iCgDIgw3Afmdv7gIjADBhy5PL5ea..."
[1552242134.828][INFO]: [2fd8b3fda00be06f54392dcba29dd593] COMMAND Quit {

}
[1552242134.884][INFO]: [2fd8b3fda00be06f54392dcba29dd593] RESPONSE Quit
