[1552246826.261][INFO]: Starting ChromeDriver 73.0.3683.68 (47787ec04b6e38e22703e856e101e840b65afe72)
[1552246826.261][INFO]: Please protect ports used by ChromeDriver and related test frameworks to prevent access by malicious code.
[1552246827.080][INFO]: [cfdaba36b490bc7b4507df35137bbd41] COMMAND InitSession {
   "capabilities": {
      "firstMatch": [ {
         "browserName": "chrome",
         "goog:chromeOptions": {
            "args": [ "chrome.switches", "--disable-extensions", "chrome.switches", "test-type", "chrome.switches", "start-maximized", "chrome.switches", "no-sandbox" ],
            "extensions": [  ],
            "useAutomationExtension": false
         }
      } ]
   },
   "desiredCapabilities": {
      "browserName": "chrome",
      "goog:chromeOptions": {
         "args": [ "chrome.switches", "--disable-extensions", "chrome.switches", "test-type", "chrome.switches", "start-maximized", "chrome.switches", "no-sandbox" ],
         "extensions": [  ],
         "useAutomationExtension": false
      }
   }
}
[1552246827.082][INFO]: Populating Preferences file: {
   "alternate_error_pages": {
      "enabled": false
   },
   "autofill": {
      "enabled": false
   },
   "browser": {
      "check_default_browser": false
   },
   "distribution": {
      "import_bookmarks": false,
      "import_history": false,
      "import_search_engine": false,
      "make_chrome_default_for_user": false,
      "skip_first_run_ui": true
   },
   "dns_prefetching": {
      "enabled": false
   },
   "profile": {
      "content_settings": {
         "pattern_pairs": {
            "https://*,*": {
               "media-stream": {
                  "audio": "Default",
                  "video": "Default"
               }
            }
         }
      },
      "default_content_setting_values": {
         "geolocation": 1
      },
      "default_content_settings": {
         "geolocation": 1,
         "mouselock": 1,
         "notifications": 1,
         "popups": 1,
         "ppapi-broker": 1
      },
      "password_manager_enabled": false
   },
   "safebrowsing": {
      "enabled": false
   },
   "search": {
      "suggest_enabled": false
   },
   "translate": {
      "enabled": false
   }
}
[1552246827.084][INFO]: Populating Local State file: {
   "background_mode": {
      "enabled": false
   },
   "ssl": {
      "rev_checking": {
         "enabled": false
      }
   }
}
[1552246827.086][INFO]: Launching chrome: "C:\Program Files (x86)\Google\Chrome\Application\chrome.exe" --chrome.switches --disable-background-networking --disable-client-side-phishing-detection --disable-default-apps --disable-extensions --disable-hang-monitor --disable-popup-blocking --disable-prompt-on-repost --disable-sync --disable-web-resources --enable-automation --enable-blink-features=ShadowDOMV0 --enable-logging --force-fieldtrials=SiteIsolationExtensions/Control --ignore-certificate-errors --log-level=0 --metrics-recording-only --no-first-run --no-sandbox --password-store=basic --remote-debugging-port=0 --start-maximized --test-type --use-mock-keychain --user-data-dir="C:\Users\KAVITH~1\AppData\Local\Temp\scoped_dir18116_30499" data:,
[1552246827.626][INFO]: resolved localhost to ["::1","127.0.0.1"]
[1552246828.639][INFO]: [cfdaba36b490bc7b4507df35137bbd41] RESPONSE InitSession {
   "acceptInsecureCerts": false,
   "acceptSslCerts": false,
   "applicationCacheEnabled": false,
   "browserConnectionEnabled": false,
   "browserName": "chrome",
   "chrome": {
      "chromedriverVersion": "73.0.3683.68 (47787ec04b6e38e22703e856e101e840b65afe72)",
      "userDataDir": "C:\\Users\\KAVITH~1\\AppData\\Local\\Temp\\scoped_dir18116_30499"
   },
   "cssSelectorsEnabled": true,
   "databaseEnabled": false,
   "goog:chromeOptions": {
      "debuggerAddress": "localhost:52519"
   },
   "handlesAlerts": true,
   "hasTouchScreen": false,
   "javascriptEnabled": true,
   "locationContextEnabled": true,
   "mobileEmulationEnabled": false,
   "nativeEvents": true,
   "networkConnectionEnabled": false,
   "pageLoadStrategy": "normal",
   "platform": "Windows NT",
   "proxy": {

   },
   "~~~": "..."
}
[1552246828.673][INFO]: [cfdaba36b490bc7b4507df35137bbd41] COMMAND MaximizeWindow {
   "handle": "current",
   "windowHandle": "current"
}
[1552246828.673][INFO]: Waiting for pending navigations...
[1552246828.682][INFO]: Done waiting for pending navigations. Status: ok
[1552246828.683][INFO]: resolved localhost to ["::1","127.0.0.1"]
[1552246829.691][INFO]: Waiting for pending navigations...
[1552246829.694][INFO]: Done waiting for pending navigations. Status: ok
[1552246829.694][INFO]: [cfdaba36b490bc7b4507df35137bbd41] RESPONSE MaximizeWindow {
   "height": 696,
   "width": 1296,
   "x": -8,
   "y": -8
}
[1552246829.704][INFO]: [cfdaba36b490bc7b4507df35137bbd41] COMMAND SetTimeouts {
   "ms": 30000,
   "type": "implicit"
}
[1552246829.704][INFO]: [cfdaba36b490bc7b4507df35137bbd41] RESPONSE SetTimeouts
[1552246829.708][INFO]: [cfdaba36b490bc7b4507df35137bbd41] COMMAND SetTimeouts {
   "ms": 60000,
   "type": "page load"
}
[1552246829.708][INFO]: [cfdaba36b490bc7b4507df35137bbd41] RESPONSE SetTimeouts
[1552246829.711][INFO]: [cfdaba36b490bc7b4507df35137bbd41] COMMAND Navigate {
   "url": "http://localhost:3000/"
}
[1552246829.711][INFO]: Waiting for pending navigations...
[1552246829.712][INFO]: Done waiting for pending navigations. Status: ok
[1552246830.079][INFO]: Waiting for pending navigations...
[1552246831.041][INFO]: Done waiting for pending navigations. Status: ok
[1552246831.041][INFO]: [cfdaba36b490bc7b4507df35137bbd41] RESPONSE Navigate
[1552246831.102][INFO]: [cfdaba36b490bc7b4507df35137bbd41] COMMAND FindElement {
   "using": "id",
   "value": "brand-logo"
}
[1552246831.102][INFO]: Waiting for pending navigations...
[1552246831.106][INFO]: Done waiting for pending navigations. Status: ok
[1552246831.117][INFO]: Waiting for pending navigations...
[1552246831.118][INFO]: Done waiting for pending navigations. Status: ok
[1552246831.118][INFO]: [cfdaba36b490bc7b4507df35137bbd41] RESPONSE FindElement {
   "ELEMENT": "0.7158958713201253-1"
}
[1552246831.120][INFO]: [cfdaba36b490bc7b4507df35137bbd41] COMMAND IsElementDisplayed {
   "id": "0.7158958713201253-1"
}
[1552246831.120][INFO]: Waiting for pending navigations...
[1552246831.120][INFO]: Done waiting for pending navigations. Status: ok
[1552246831.128][INFO]: Waiting for pending navigations...
[1552246831.129][INFO]: Done waiting for pending navigations. Status: ok
[1552246831.129][INFO]: [cfdaba36b490bc7b4507df35137bbd41] RESPONSE IsElementDisplayed true
[1552246831.137][INFO]: [cfdaba36b490bc7b4507df35137bbd41] COMMAND Screenshot {

}
[1552246831.137][INFO]: Waiting for pending navigations...
[1552246831.138][INFO]: Done waiting for pending navigations. Status: ok
[1552246831.457][INFO]: Waiting for pending navigations...
[1552246831.458][INFO]: Done waiting for pending navigations. Status: ok
[1552246831.458][INFO]: [cfdaba36b490bc7b4507df35137bbd41] RESPONSE Screenshot "iVBORw0KGgoAAAANSUhEUgAAB4AAAANRCAYAAAACj6FfAAAgAElEQVR4nOzde5RX9WHv/c9vBuYCjgyI3LyOlygoKhgNEE0iahqxJhGa9BSibaonreJJnxNI1mk16Xmq9Omj0KynlaSnlaYnHkjTFNIkFdumYtVUrFowoo4adVBQBuUyXGdgbs8fAgIzYMCRy/b1W..."
[1552246831.480][INFO]: [cfdaba36b490bc7b4507df35137bbd41] COMMAND FindElement {
   "using": "id",
   "value": "brand-name"
}
[1552246831.480][INFO]: Waiting for pending navigations...
[1552246831.481][INFO]: Done waiting for pending navigations. Status: ok
[1552246831.490][INFO]: Waiting for pending navigations...
[1552246831.491][INFO]: Done waiting for pending navigations. Status: ok
[1552246831.491][INFO]: [cfdaba36b490bc7b4507df35137bbd41] RESPONSE FindElement {
   "ELEMENT": "0.7158958713201253-2"
}
[1552246831.493][INFO]: [cfdaba36b490bc7b4507df35137bbd41] COMMAND IsElementDisplayed {
   "id": "0.7158958713201253-2"
}
[1552246831.493][INFO]: Waiting for pending navigations...
[1552246831.493][INFO]: Done waiting for pending navigations. Status: ok
[1552246831.502][INFO]: Waiting for pending navigations...
[1552246831.504][INFO]: Done waiting for pending navigations. Status: ok
[1552246831.504][INFO]: [cfdaba36b490bc7b4507df35137bbd41] RESPONSE IsElementDisplayed true
[1552246831.505][INFO]: [cfdaba36b490bc7b4507df35137bbd41] COMMAND Screenshot {

}
[1552246831.505][INFO]: Waiting for pending navigations...
[1552246831.506][INFO]: Done waiting for pending navigations. Status: ok
[1552246831.817][INFO]: Waiting for pending navigations...
[1552246831.819][INFO]: Done waiting for pending navigations. Status: ok
[1552246831.819][INFO]: [cfdaba36b490bc7b4507df35137bbd41] RESPONSE Screenshot "iVBORw0KGgoAAAANSUhEUgAAB4AAAANRCAYAAAACj6FfAAAgAElEQVR4nOzde5RX9WHv/c9vBuYCjgyI3LyOlygoKhgNEE0iahqxJhGa9BSibaonreJJnxNI1mk16Xmq9Omj0KynlaSnlaYnHkjTFNIkFdumYtVUrFowoo4adVBQBuUyXGdgbs8fAgIzYMCRy/b1W..."
[1552246831.832][INFO]: [cfdaba36b490bc7b4507df35137bbd41] COMMAND FindElement {
   "using": "id",
   "value": "menu-btn"
}
[1552246831.832][INFO]: Waiting for pending navigations...
[1552246831.833][INFO]: Done waiting for pending navigations. Status: ok
[1552246831.845][INFO]: Waiting for pending navigations...
[1552246831.847][INFO]: Done waiting for pending navigations. Status: ok
[1552246831.847][INFO]: [cfdaba36b490bc7b4507df35137bbd41] RESPONSE FindElement {
   "ELEMENT": "0.7158958713201253-3"
}
[1552246831.848][INFO]: [cfdaba36b490bc7b4507df35137bbd41] COMMAND IsElementDisplayed {
   "id": "0.7158958713201253-3"
}
[1552246831.848][INFO]: Waiting for pending navigations...
[1552246831.849][INFO]: Done waiting for pending navigations. Status: ok
[1552246831.857][INFO]: Waiting for pending navigations...
[1552246831.858][INFO]: Done waiting for pending navigations. Status: ok
[1552246831.858][INFO]: [cfdaba36b490bc7b4507df35137bbd41] RESPONSE IsElementDisplayed true
[1552246831.859][INFO]: [cfdaba36b490bc7b4507df35137bbd41] COMMAND Screenshot {

}
[1552246831.859][INFO]: Waiting for pending navigations...
[1552246831.861][INFO]: Done waiting for pending navigations. Status: ok
[1552246832.172][INFO]: Waiting for pending navigations...
[1552246832.173][INFO]: Done waiting for pending navigations. Status: ok
[1552246832.174][INFO]: [cfdaba36b490bc7b4507df35137bbd41] RESPONSE Screenshot "iVBORw0KGgoAAAANSUhEUgAAB4AAAANRCAYAAAACj6FfAAAgAElEQVR4nOzde5RX9WHv/c9vBuYCjgyI3LyOlygoKhgNEE0iahqxJhGa9BSibaonreJJnxNI1mk16Xmq9Omj0KynlaSnlaYnHkjTFNIkFdumYtVUrFowoo4adVBQBuUyXGdgbs8fAgIzYMCRy/b1W..."
[1552246832.187][INFO]: [cfdaba36b490bc7b4507df35137bbd41] COMMAND FindElement {
   "using": "id",
   "value": "menu-btn"
}
[1552246832.187][INFO]: Waiting for pending navigations...
[1552246832.188][INFO]: Done waiting for pending navigations. Status: ok
[1552246832.192][INFO]: Waiting for pending navigations...
[1552246832.193][INFO]: Done waiting for pending navigations. Status: ok
[1552246832.193][INFO]: [cfdaba36b490bc7b4507df35137bbd41] RESPONSE FindElement {
   "ELEMENT": "0.7158958713201253-3"
}
[1552246832.196][INFO]: [cfdaba36b490bc7b4507df35137bbd41] COMMAND ClickElement {
   "id": "0.7158958713201253-3"
}
[1552246832.196][INFO]: Waiting for pending navigations...
[1552246832.197][INFO]: Done waiting for pending navigations. Status: ok
[1552246832.251][INFO]: Waiting for pending navigations...
[1552246832.253][INFO]: Done waiting for pending navigations. Status: ok
[1552246832.253][INFO]: [cfdaba36b490bc7b4507df35137bbd41] RESPONSE ClickElement
[1552246833.255][INFO]: [cfdaba36b490bc7b4507df35137bbd41] COMMAND FindElement {
   "using": "id",
   "value": "menu-btn"
}
[1552246833.255][INFO]: Waiting for pending navigations...
[1552246833.256][INFO]: Done waiting for pending navigations. Status: ok
[1552246833.261][INFO]: Waiting for pending navigations...
[1552246833.262][INFO]: Done waiting for pending navigations. Status: ok
[1552246833.262][INFO]: [cfdaba36b490bc7b4507df35137bbd41] RESPONSE FindElement {
   "ELEMENT": "0.7158958713201253-3"
}
[1552246833.264][INFO]: [cfdaba36b490bc7b4507df35137bbd41] COMMAND GetElementText {
   "id": "0.7158958713201253-3"
}
[1552246833.264][INFO]: Waiting for pending navigations...
[1552246833.265][INFO]: Done waiting for pending navigations. Status: ok
[1552246833.275][INFO]: Waiting for pending navigations...
[1552246833.276][INFO]: Done waiting for pending navigations. Status: ok
[1552246833.276][INFO]: [cfdaba36b490bc7b4507df35137bbd41] RESPONSE GetElementText "Close"
[1552246833.278][INFO]: [cfdaba36b490bc7b4507df35137bbd41] COMMAND Screenshot {

}
[1552246833.278][INFO]: Waiting for pending navigations...
[1552246833.278][INFO]: Done waiting for pending navigations. Status: ok
[1552246833.559][INFO]: Waiting for pending navigations...
[1552246833.560][INFO]: Done waiting for pending navigations. Status: ok
[1552246833.560][INFO]: [cfdaba36b490bc7b4507df35137bbd41] RESPONSE Screenshot "iVBORw0KGgoAAAANSUhEUgAAB4AAAANRCAYAAAACj6FfAAAgAElEQVR4nOzde3RU533v/8+MBknDeNDogpCEEAwI5EHmIhkrIJtgJNe1ocQGslwOOEl9RNvUkPrYImfld6Cn53cKqX8JclZPgJNfDmrqtvBz0oDruCZuGoExCVCFCgwWMiAQCIEuSIyEEKPLaPT7Q..."
[1552246833.572][INFO]: [cfdaba36b490bc7b4507df35137bbd41] COMMAND FindElement {
   "using": "id",
   "value": "what-are-link"
}
[1552246833.572][INFO]: Waiting for pending navigations...
[1552246833.573][INFO]: Done waiting for pending navigations. Status: ok
[1552246833.583][INFO]: Waiting for pending navigations...
[1552246833.584][INFO]: Done waiting for pending navigations. Status: ok
[1552246833.584][INFO]: [cfdaba36b490bc7b4507df35137bbd41] RESPONSE FindElement {
   "ELEMENT": "0.7158958713201253-4"
}
[1552246833.586][INFO]: [cfdaba36b490bc7b4507df35137bbd41] COMMAND IsElementDisplayed {
   "id": "0.7158958713201253-4"
}
[1552246833.586][INFO]: Waiting for pending navigations...
[1552246833.587][INFO]: Done waiting for pending navigations. Status: ok
[1552246833.595][INFO]: Waiting for pending navigations...
[1552246833.595][INFO]: Done waiting for pending navigations. Status: ok
[1552246833.595][INFO]: [cfdaba36b490bc7b4507df35137bbd41] RESPONSE IsElementDisplayed true
[1552246833.597][INFO]: [cfdaba36b490bc7b4507df35137bbd41] COMMAND Screenshot {

}
[1552246833.597][INFO]: Waiting for pending navigations...
[1552246833.597][INFO]: Done waiting for pending navigations. Status: ok
[1552246833.911][INFO]: Waiting for pending navigations...
[1552246833.912][INFO]: Done waiting for pending navigations. Status: ok
[1552246833.912][INFO]: [cfdaba36b490bc7b4507df35137bbd41] RESPONSE Screenshot "iVBORw0KGgoAAAANSUhEUgAAB4AAAANRCAYAAAACj6FfAAAgAElEQVR4nOzde3RU533v/8+MBknDeNDogpCEEAwI5EHmIhkrIJtgJNe1ocQGslwOOEl9RNvUkPrYImfld6Cn53cKqX8JclZPgJNfDmrqtvBz0oDruCZuGoExCVCFCgwWMiAQCIEuSIyEEKPLaPT7Q..."
[1552246833.928][INFO]: [cfdaba36b490bc7b4507df35137bbd41] COMMAND FindElement {
   "using": "id",
   "value": "what-are-link"
}
[1552246833.928][INFO]: Waiting for pending navigations...
[1552246833.929][INFO]: Done waiting for pending navigations. Status: ok
[1552246833.933][INFO]: Waiting for pending navigations...
[1552246833.934][INFO]: Done waiting for pending navigations. Status: ok
[1552246833.934][INFO]: [cfdaba36b490bc7b4507df35137bbd41] RESPONSE FindElement {
   "ELEMENT": "0.7158958713201253-4"
}
[1552246833.935][INFO]: [cfdaba36b490bc7b4507df35137bbd41] COMMAND GetElementText {
   "id": "0.7158958713201253-4"
}
[1552246833.935][INFO]: Waiting for pending navigations...
[1552246833.936][INFO]: Done waiting for pending navigations. Status: ok
[1552246833.948][INFO]: Waiting for pending navigations...
[1552246833.949][INFO]: Done waiting for pending navigations. Status: ok
[1552246833.949][INFO]: [cfdaba36b490bc7b4507df35137bbd41] RESPONSE GetElementText "What are Child Labor and Forced Labor?"
[1552246833.952][INFO]: [cfdaba36b490bc7b4507df35137bbd41] COMMAND FindElement {
   "using": "id",
   "value": "what-are-link"
}
[1552246833.952][INFO]: Waiting for pending navigations...
[1552246833.953][INFO]: Done waiting for pending navigations. Status: ok
[1552246833.957][INFO]: Waiting for pending navigations...
[1552246833.958][INFO]: Done waiting for pending navigations. Status: ok
[1552246833.958][INFO]: [cfdaba36b490bc7b4507df35137bbd41] RESPONSE FindElement {
   "ELEMENT": "0.7158958713201253-4"
}
[1552246833.960][INFO]: [cfdaba36b490bc7b4507df35137bbd41] COMMAND GetElementAttribute {
   "id": "0.7158958713201253-4",
   "name": "href"
}
[1552246833.960][INFO]: Waiting for pending navigations...
[1552246833.960][INFO]: Done waiting for pending navigations. Status: ok
[1552246833.964][INFO]: Waiting for pending navigations...
[1552246833.964][INFO]: Done waiting for pending navigations. Status: ok
[1552246833.964][INFO]: [cfdaba36b490bc7b4507df35137bbd41] RESPONSE GetElementAttribute "http://localhost:3000/what-are"
[1552246833.966][INFO]: [cfdaba36b490bc7b4507df35137bbd41] COMMAND Screenshot {

}
[1552246833.966][INFO]: Waiting for pending navigations...
[1552246833.966][INFO]: Done waiting for pending navigations. Status: ok
[1552246834.292][INFO]: Waiting for pending navigations...
[1552246834.293][INFO]: Done waiting for pending navigations. Status: ok
[1552246834.293][INFO]: [cfdaba36b490bc7b4507df35137bbd41] RESPONSE Screenshot "iVBORw0KGgoAAAANSUhEUgAAB4AAAANRCAYAAAACj6FfAAAgAElEQVR4nOzde3RU533v/8+MBknDeNDogpCEEAwI5EHmIhkrIJtgJNe1ocQGslwOOEl9RNvUkPrYImfld6Cn53cKqX8JclZPgJNfDmrqtvBz0oDruCZuGoExCVCFCgwWMiAQCIEuSIyEEKPLaPT7Q..."
[1552246834.316][INFO]: [cfdaba36b490bc7b4507df35137bbd41] COMMAND FindElement {
   "using": "id",
   "value": "why-develop-link"
}
[1552246834.316][INFO]: Waiting for pending navigations...
[1552246834.316][INFO]: Done waiting for pending navigations. Status: ok
[1552246834.325][INFO]: Waiting for pending navigations...
[1552246834.326][INFO]: Done waiting for pending navigations. Status: ok
[1552246834.326][INFO]: [cfdaba36b490bc7b4507df35137bbd41] RESPONSE FindElement {
   "ELEMENT": "0.7158958713201253-5"
}
[1552246834.327][INFO]: [cfdaba36b490bc7b4507df35137bbd41] COMMAND IsElementDisplayed {
   "id": "0.7158958713201253-5"
}
[1552246834.327][INFO]: Waiting for pending navigations...
[1552246834.328][INFO]: Done waiting for pending navigations. Status: ok
[1552246834.336][INFO]: Waiting for pending navigations...
[1552246834.337][INFO]: Done waiting for pending navigations. Status: ok
[1552246834.337][INFO]: [cfdaba36b490bc7b4507df35137bbd41] RESPONSE IsElementDisplayed true
[1552246834.339][INFO]: [cfdaba36b490bc7b4507df35137bbd41] COMMAND Screenshot {

}
[1552246834.339][INFO]: Waiting for pending navigations...
[1552246834.339][INFO]: Done waiting for pending navigations. Status: ok
[1552246834.664][INFO]: Waiting for pending navigations...
[1552246834.665][INFO]: Done waiting for pending navigations. Status: ok
[1552246834.665][INFO]: [cfdaba36b490bc7b4507df35137bbd41] RESPONSE Screenshot "iVBORw0KGgoAAAANSUhEUgAAB4AAAANRCAYAAAACj6FfAAAgAElEQVR4nOzde3RU533v/8+MBknDeNDogpCEEAwI5EHmIhkrIJtgJNe1ocQGslwOOEl9RNvUkPrYImfld6Cn53cKqX8JclZPgJNfDmrqtvBz0oDruCZuGoExCVCFCgwWMiAQCIEuSIyEEKPLaPT7Q..."
[1552246834.678][INFO]: [cfdaba36b490bc7b4507df35137bbd41] COMMAND FindElement {
   "using": "id",
   "value": "why-develop-link"
}
[1552246834.678][INFO]: Waiting for pending navigations...
[1552246834.679][INFO]: Done waiting for pending navigations. Status: ok
[1552246834.683][INFO]: Waiting for pending navigations...
[1552246834.684][INFO]: Done waiting for pending navigations. Status: ok
[1552246834.684][INFO]: [cfdaba36b490bc7b4507df35137bbd41] RESPONSE FindElement {
   "ELEMENT": "0.7158958713201253-5"
}
[1552246834.685][INFO]: [cfdaba36b490bc7b4507df35137bbd41] COMMAND GetElementText {
   "id": "0.7158958713201253-5"
}
[1552246834.685][INFO]: Waiting for pending navigations...
[1552246834.686][INFO]: Done waiting for pending navigations. Status: ok
[1552246834.698][INFO]: Waiting for pending navigations...
[1552246834.700][INFO]: Done waiting for pending navigations. Status: ok
[1552246834.700][INFO]: [cfdaba36b490bc7b4507df35137bbd41] RESPONSE GetElementText "Why Develop a Social Compliance System?"
[1552246834.704][INFO]: [cfdaba36b490bc7b4507df35137bbd41] COMMAND FindElement {
   "using": "id",
   "value": "why-develop-link"
}
[1552246834.704][INFO]: Waiting for pending navigations...
[1552246834.705][INFO]: Done waiting for pending navigations. Status: ok
[1552246834.709][INFO]: Waiting for pending navigations...
[1552246834.710][INFO]: Done waiting for pending navigations. Status: ok
[1552246834.710][INFO]: [cfdaba36b490bc7b4507df35137bbd41] RESPONSE FindElement {
   "ELEMENT": "0.7158958713201253-5"
}
[1552246834.711][INFO]: [cfdaba36b490bc7b4507df35137bbd41] COMMAND GetElementAttribute {
   "id": "0.7158958713201253-5",
   "name": "href"
}
[1552246834.711][INFO]: Waiting for pending navigations...
[1552246834.712][INFO]: Done waiting for pending navigations. Status: ok
[1552246834.714][INFO]: Waiting for pending navigations...
[1552246834.715][INFO]: Done waiting for pending navigations. Status: ok
[1552246834.715][INFO]: [cfdaba36b490bc7b4507df35137bbd41] RESPONSE GetElementAttribute "http://localhost:3000/why-develop"
[1552246834.717][INFO]: [cfdaba36b490bc7b4507df35137bbd41] COMMAND Screenshot {

}
[1552246834.717][INFO]: Waiting for pending navigations...
[1552246834.718][INFO]: Done waiting for pending navigations. Status: ok
[1552246835.039][INFO]: Waiting for pending navigations...
[1552246835.042][INFO]: Done waiting for pending navigations. Status: ok
[1552246835.042][INFO]: [cfdaba36b490bc7b4507df35137bbd41] RESPONSE Screenshot "iVBORw0KGgoAAAANSUhEUgAAB4AAAANRCAYAAAACj6FfAAAgAElEQVR4nOzde3RU533v/8+MBknDeNDogpCEEAwI5EHmIhkrIJtgJNe1ocQGslwOOEl9RNvUkPrYImfld6Cn53cKqX8JclZPgJNfDmrqtvBz0oDruCZuGoExCVCFCgwWMiAQCIEuSIyEEKPLaPT7Q..."
[1552246835.054][INFO]: [cfdaba36b490bc7b4507df35137bbd41] COMMAND FindElement {
   "using": "id",
   "value": "basics-link"
}
[1552246835.054][INFO]: Waiting for pending navigations...
[1552246835.054][INFO]: Done waiting for pending navigations. Status: ok
[1552246835.064][INFO]: Waiting for pending navigations...
[1552246835.064][INFO]: Done waiting for pending navigations. Status: ok
[1552246835.064][INFO]: [cfdaba36b490bc7b4507df35137bbd41] RESPONSE FindElement {
   "ELEMENT": "0.7158958713201253-6"
}
[1552246835.066][INFO]: [cfdaba36b490bc7b4507df35137bbd41] COMMAND IsElementDisplayed {
   "id": "0.7158958713201253-6"
}
[1552246835.066][INFO]: Waiting for pending navigations...
[1552246835.068][INFO]: Done waiting for pending navigations. Status: ok
[1552246835.076][INFO]: Waiting for pending navigations...
[1552246835.076][INFO]: Done waiting for pending navigations. Status: ok
[1552246835.076][INFO]: [cfdaba36b490bc7b4507df35137bbd41] RESPONSE IsElementDisplayed true
[1552246835.078][INFO]: [cfdaba36b490bc7b4507df35137bbd41] COMMAND Screenshot {

}
[1552246835.078][INFO]: Waiting for pending navigations...
[1552246835.079][INFO]: Done waiting for pending navigations. Status: ok
[1552246835.385][INFO]: Waiting for pending navigations...
[1552246835.386][INFO]: Done waiting for pending navigations. Status: ok
[1552246835.386][INFO]: [cfdaba36b490bc7b4507df35137bbd41] RESPONSE Screenshot "iVBORw0KGgoAAAANSUhEUgAAB4AAAANRCAYAAAACj6FfAAAgAElEQVR4nOzde3RU533v/8+MBknDeNDogpCEEAwI5EHmIhkrIJtgJNe1ocQGslwOOEl9RNvUkPrYImfld6Cn53cKqX8JclZPgJNfDmrqtvBz0oDruCZuGoExCVCFCgwWMiAQCIEuSIyEEKPLaPT7Q..."
[1552246835.398][INFO]: [cfdaba36b490bc7b4507df35137bbd41] COMMAND FindElement {
   "using": "id",
   "value": "basics-link"
}
[1552246835.398][INFO]: Waiting for pending navigations...
[1552246835.399][INFO]: Done waiting for pending navigations. Status: ok
[1552246835.403][INFO]: Waiting for pending navigations...
[1552246835.403][INFO]: Done waiting for pending navigations. Status: ok
[1552246835.403][INFO]: [cfdaba36b490bc7b4507df35137bbd41] RESPONSE FindElement {
   "ELEMENT": "0.7158958713201253-6"
}
[1552246835.405][INFO]: [cfdaba36b490bc7b4507df35137bbd41] COMMAND GetElementText {
   "id": "0.7158958713201253-6"
}
[1552246835.405][INFO]: Waiting for pending navigations...
[1552246835.406][INFO]: Done waiting for pending navigations. Status: ok
[1552246835.415][INFO]: Waiting for pending navigations...
[1552246835.416][INFO]: Done waiting for pending navigations. Status: ok
[1552246835.416][INFO]: [cfdaba36b490bc7b4507df35137bbd41] RESPONSE GetElementText "Basics of a Social Compliance System"
[1552246835.422][INFO]: [cfdaba36b490bc7b4507df35137bbd41] COMMAND FindElement {
   "using": "id",
   "value": "basics-link"
}
[1552246835.422][INFO]: Waiting for pending navigations...
[1552246835.423][INFO]: Done waiting for pending navigations. Status: ok
[1552246835.430][INFO]: Waiting for pending navigations...
[1552246835.431][INFO]: Done waiting for pending navigations. Status: ok
[1552246835.431][INFO]: [cfdaba36b490bc7b4507df35137bbd41] RESPONSE FindElement {
   "ELEMENT": "0.7158958713201253-6"
}
[1552246835.432][INFO]: [cfdaba36b490bc7b4507df35137bbd41] COMMAND GetElementAttribute {
   "id": "0.7158958713201253-6",
   "name": "href"
}
[1552246835.432][INFO]: Waiting for pending navigations...
[1552246835.433][INFO]: Done waiting for pending navigations. Status: ok
[1552246835.436][INFO]: Waiting for pending navigations...
[1552246835.437][INFO]: Done waiting for pending navigations. Status: ok
[1552246835.437][INFO]: [cfdaba36b490bc7b4507df35137bbd41] RESPONSE GetElementAttribute "http://localhost:3000/basics"
[1552246835.438][INFO]: [cfdaba36b490bc7b4507df35137bbd41] COMMAND Screenshot {

}
[1552246835.438][INFO]: Waiting for pending navigations...
[1552246835.440][INFO]: Done waiting for pending navigations. Status: ok
[1552246835.737][INFO]: Waiting for pending navigations...
[1552246835.738][INFO]: Done waiting for pending navigations. Status: ok
[1552246835.738][INFO]: [cfdaba36b490bc7b4507df35137bbd41] RESPONSE Screenshot "iVBORw0KGgoAAAANSUhEUgAAB4AAAANRCAYAAAACj6FfAAAgAElEQVR4nOzde3RU533v/8+MBknDeNDogpCEEAwI5EHmIhkrIJtgJNe1ocQGslwOOEl9RNvUkPrYImfld6Cn53cKqX8JclZPgJNfDmrqtvBz0oDruCZuGoExCVCFCgwWMiAQCIEuSIyEEKPLaPT7Q..."
[1552246835.753][INFO]: [cfdaba36b490bc7b4507df35137bbd41] COMMAND FindElement {
   "using": "id",
   "value": "steps-dropdown"
}
[1552246835.753][INFO]: Waiting for pending navigations...
[1552246835.754][INFO]: Done waiting for pending navigations. Status: ok
[1552246835.763][INFO]: Waiting for pending navigations...
[1552246835.764][INFO]: Done waiting for pending navigations. Status: ok
[1552246835.764][INFO]: [cfdaba36b490bc7b4507df35137bbd41] RESPONSE FindElement {
   "ELEMENT": "0.7158958713201253-7"
}
[1552246835.765][INFO]: [cfdaba36b490bc7b4507df35137bbd41] COMMAND IsElementDisplayed {
   "id": "0.7158958713201253-7"
}
[1552246835.765][INFO]: Waiting for pending navigations...
[1552246835.768][INFO]: Done waiting for pending navigations. Status: ok
[1552246835.777][INFO]: Waiting for pending navigations...
[1552246835.777][INFO]: Done waiting for pending navigations. Status: ok
[1552246835.777][INFO]: [cfdaba36b490bc7b4507df35137bbd41] RESPONSE IsElementDisplayed true
[1552246835.779][INFO]: [cfdaba36b490bc7b4507df35137bbd41] COMMAND Screenshot {

}
[1552246835.779][INFO]: Waiting for pending navigations...
[1552246835.780][INFO]: Done waiting for pending navigations. Status: ok
[1552246836.094][INFO]: Waiting for pending navigations...
[1552246836.095][INFO]: Done waiting for pending navigations. Status: ok
[1552246836.095][INFO]: [cfdaba36b490bc7b4507df35137bbd41] RESPONSE Screenshot "iVBORw0KGgoAAAANSUhEUgAAB4AAAANRCAYAAAACj6FfAAAgAElEQVR4nOzde3RU533v/8+MBknDeNDogpCEEAwI5EHmIhkrIJtgJNe1ocQGslwOOEl9RNvUkPrYImfld6Cn53cKqX8JclZPgJNfDmrqtvBz0oDruCZuGoExCVCFCgwWMiAQCIEuSIyEEKPLaPT7Q..."
[1552246836.108][INFO]: [cfdaba36b490bc7b4507df35137bbd41] COMMAND FindElement {
   "using": "id",
   "value": "steps-dropdown"
}
[1552246836.108][INFO]: Waiting for pending navigations...
[1552246836.109][INFO]: Done waiting for pending navigations. Status: ok
[1552246836.113][INFO]: Waiting for pending navigations...
[1552246836.113][INFO]: Done waiting for pending navigations. Status: ok
[1552246836.113][INFO]: [cfdaba36b490bc7b4507df35137bbd41] RESPONSE FindElement {
   "ELEMENT": "0.7158958713201253-7"
}
[1552246836.115][INFO]: [cfdaba36b490bc7b4507df35137bbd41] COMMAND GetElementText {
   "id": "0.7158958713201253-7"
}
[1552246836.115][INFO]: Waiting for pending navigations...
[1552246836.116][INFO]: Done waiting for pending navigations. Status: ok
[1552246836.128][INFO]: Waiting for pending navigations...
[1552246836.128][INFO]: Done waiting for pending navigations. Status: ok
[1552246836.128][INFO]: [cfdaba36b490bc7b4507df35137bbd41] RESPONSE GetElementText "Steps to a social compliance system"
[1552246836.130][INFO]: [cfdaba36b490bc7b4507df35137bbd41] COMMAND Screenshot {

}
[1552246836.130][INFO]: Waiting for pending navigations...
[1552246836.131][INFO]: Done waiting for pending navigations. Status: ok
[1552246836.426][INFO]: Waiting for pending navigations...
[1552246836.427][INFO]: Done waiting for pending navigations. Status: ok
[1552246836.427][INFO]: [cfdaba36b490bc7b4507df35137bbd41] RESPONSE Screenshot "iVBORw0KGgoAAAANSUhEUgAAB4AAAANRCAYAAAACj6FfAAAgAElEQVR4nOzde3RU533v/8+MBknDeNDogpCEEAwI5EHmIhkrIJtgJNe1ocQGslwOOEl9RNvUkPrYImfld6Cn53cKqX8JclZPgJNfDmrqtvBz0oDruCZuGoExCVCFCgwWMiAQCIEuSIyEEKPLaPT7Q..."
[1552246836.439][INFO]: [cfdaba36b490bc7b4507df35137bbd41] COMMAND FindElement {
   "using": "id",
   "value": "steps-dropdown"
}
[1552246836.439][INFO]: Waiting for pending navigations...
[1552246836.440][INFO]: Done waiting for pending navigations. Status: ok
[1552246836.444][INFO]: Waiting for pending navigations...
[1552246836.444][INFO]: Done waiting for pending navigations. Status: ok
[1552246836.444][INFO]: [cfdaba36b490bc7b4507df35137bbd41] RESPONSE FindElement {
   "ELEMENT": "0.7158958713201253-7"
}
[1552246836.446][INFO]: [cfdaba36b490bc7b4507df35137bbd41] COMMAND IsElementDisplayed {
   "id": "0.7158958713201253-7"
}
[1552246836.446][INFO]: Waiting for pending navigations...
[1552246836.446][INFO]: Done waiting for pending navigations. Status: ok
[1552246836.450][INFO]: Waiting for pending navigations...
[1552246836.451][INFO]: Done waiting for pending navigations. Status: ok
[1552246836.451][INFO]: [cfdaba36b490bc7b4507df35137bbd41] RESPONSE IsElementDisplayed true
[1552246836.455][INFO]: [cfdaba36b490bc7b4507df35137bbd41] COMMAND FindElement {
   "using": "id",
   "value": "steps-dropdown"
}
[1552246836.455][INFO]: Waiting for pending navigations...
[1552246836.456][INFO]: Done waiting for pending navigations. Status: ok
[1552246836.459][INFO]: Waiting for pending navigations...
[1552246836.460][INFO]: Done waiting for pending navigations. Status: ok
[1552246836.460][INFO]: [cfdaba36b490bc7b4507df35137bbd41] RESPONSE FindElement {
   "ELEMENT": "0.7158958713201253-7"
}
[1552246836.464][INFO]: [cfdaba36b490bc7b4507df35137bbd41] COMMAND ClickElement {
   "id": "0.7158958713201253-7"
}
[1552246836.464][INFO]: Waiting for pending navigations...
[1552246836.465][INFO]: Done waiting for pending navigations. Status: ok
[1552246836.506][INFO]: Waiting for pending navigations...
[1552246836.511][INFO]: Done waiting for pending navigations. Status: ok
[1552246836.511][INFO]: [cfdaba36b490bc7b4507df35137bbd41] RESPONSE ClickElement
[1552246836.512][INFO]: [cfdaba36b490bc7b4507df35137bbd41] COMMAND Screenshot {

}
[1552246836.512][INFO]: Waiting for pending navigations...
[1552246836.513][INFO]: Done waiting for pending navigations. Status: ok
[1552246836.840][INFO]: Waiting for pending navigations...
[1552246836.840][INFO]: Done waiting for pending navigations. Status: ok
[1552246836.841][INFO]: [cfdaba36b490bc7b4507df35137bbd41] RESPONSE Screenshot "iVBORw0KGgoAAAANSUhEUgAAB4AAAANRCAYAAAACj6FfAAAgAElEQVR4nOzde3RU533v/8+MBknDeNDogpCEEAwIy4PMRQpWQDbBSK5rQ7ENZDkccJJ6ibapIfWxhc/KOdDT/k5x6pOAs3oCnPxy0EndFn5OGnBt18RNIwgmAaoQgcFCBgQCIdAFiZEQYnQZjX5/6..."
[1552246836.855][INFO]: [cfdaba36b490bc7b4507df35137bbd41] COMMAND FindElement {
   "using": "id",
   "value": "step-1-link"
}
[1552246836.855][INFO]: Waiting for pending navigations...
[1552246836.856][INFO]: Done waiting for pending navigations. Status: ok
[1552246836.865][INFO]: Waiting for pending navigations...
[1552246836.866][INFO]: Done waiting for pending navigations. Status: ok
[1552246836.866][INFO]: [cfdaba36b490bc7b4507df35137bbd41] RESPONSE FindElement {
   "ELEMENT": "0.7158958713201253-8"
}
[1552246836.867][INFO]: [cfdaba36b490bc7b4507df35137bbd41] COMMAND IsElementDisplayed {
   "id": "0.7158958713201253-8"
}
[1552246836.868][INFO]: Waiting for pending navigations...
[1552246836.868][INFO]: Done waiting for pending navigations. Status: ok
[1552246836.876][INFO]: Waiting for pending navigations...
[1552246836.878][INFO]: Done waiting for pending navigations. Status: ok
[1552246836.878][INFO]: [cfdaba36b490bc7b4507df35137bbd41] RESPONSE IsElementDisplayed true
[1552246836.879][INFO]: [cfdaba36b490bc7b4507df35137bbd41] COMMAND Screenshot {

}
[1552246836.879][INFO]: Waiting for pending navigations...
[1552246836.880][INFO]: Done waiting for pending navigations. Status: ok
[1552246837.217][INFO]: Waiting for pending navigations...
[1552246837.219][INFO]: Done waiting for pending navigations. Status: ok
[1552246837.219][INFO]: [cfdaba36b490bc7b4507df35137bbd41] RESPONSE Screenshot "iVBORw0KGgoAAAANSUhEUgAAB4AAAANRCAYAAAACj6FfAAAgAElEQVR4nOzde3RU533v/8+MBknDeNDogpCEEAwIy4PMRQpWQDbBSK5rQ7ENZDkccJJ6ibapIfWxhc/KOdDT/k5x6pOAs3oCnPxy0EndFn5OGnBt18RNIwgmAaoQgcFCBgQCIdAFiZEQYnQZjX5/6..."
[1552246837.235][INFO]: [cfdaba36b490bc7b4507df35137bbd41] COMMAND FindElement {
   "using": "id",
   "value": "step-1-link"
}
[1552246837.235][INFO]: Waiting for pending navigations...
[1552246837.236][INFO]: Done waiting for pending navigations. Status: ok
[1552246837.239][INFO]: Waiting for pending navigations...
[1552246837.240][INFO]: Done waiting for pending navigations. Status: ok
[1552246837.240][INFO]: [cfdaba36b490bc7b4507df35137bbd41] RESPONSE FindElement {
   "ELEMENT": "0.7158958713201253-8"
}
[1552246837.242][INFO]: [cfdaba36b490bc7b4507df35137bbd41] COMMAND GetElementText {
   "id": "0.7158958713201253-8"
}
[1552246837.242][INFO]: Waiting for pending navigations...
[1552246837.242][INFO]: Done waiting for pending navigations. Status: ok
[1552246837.256][INFO]: Waiting for pending navigations...
[1552246837.258][INFO]: Done waiting for pending navigations. Status: ok
[1552246837.258][INFO]: [cfdaba36b490bc7b4507df35137bbd41] RESPONSE GetElementText "Step 1: Engage Stakeholders and Partners"
[1552246837.262][INFO]: [cfdaba36b490bc7b4507df35137bbd41] COMMAND FindElement {
   "using": "id",
   "value": "step-1-link"
}
[1552246837.262][INFO]: Waiting for pending navigations...
[1552246837.263][INFO]: Done waiting for pending navigations. Status: ok
[1552246837.267][INFO]: Waiting for pending navigations...
[1552246837.268][INFO]: Done waiting for pending navigations. Status: ok
[1552246837.268][INFO]: [cfdaba36b490bc7b4507df35137bbd41] RESPONSE FindElement {
   "ELEMENT": "0.7158958713201253-8"
}
[1552246837.269][INFO]: [cfdaba36b490bc7b4507df35137bbd41] COMMAND GetElementAttribute {
   "id": "0.7158958713201253-8",
   "name": "href"
}
[1552246837.269][INFO]: Waiting for pending navigations...
[1552246837.270][INFO]: Done waiting for pending navigations. Status: ok
[1552246837.272][INFO]: Waiting for pending navigations...
[1552246837.273][INFO]: Done waiting for pending navigations. Status: ok
[1552246837.273][INFO]: [cfdaba36b490bc7b4507df35137bbd41] RESPONSE GetElementAttribute "http://localhost:3000/steps/1"
[1552246837.274][INFO]: [cfdaba36b490bc7b4507df35137bbd41] COMMAND Screenshot {

}
[1552246837.274][INFO]: Waiting for pending navigations...
[1552246837.275][INFO]: Done waiting for pending navigations. Status: ok
[1552246837.608][INFO]: Waiting for pending navigations...
[1552246837.610][INFO]: Done waiting for pending navigations. Status: ok
[1552246837.610][INFO]: [cfdaba36b490bc7b4507df35137bbd41] RESPONSE Screenshot "iVBORw0KGgoAAAANSUhEUgAAB4AAAANRCAYAAAACj6FfAAAgAElEQVR4nOzde3RU533v/8+MBknDeNDogpCEEAwIy4PMRQpWQDbBSK5rQ7ENZDkccJJ6ibapIfWxhc/KOdDT/k5x6pOAs3oCnPxy0EndFn5OGnBt18RNIwgmAaoQgcFCBgQCIdAFiZEQYnQZjX5/6..."
[1552246837.625][INFO]: [cfdaba36b490bc7b4507df35137bbd41] COMMAND FindElement {
   "using": "id",
   "value": "step-2-link"
}
[1552246837.625][INFO]: Waiting for pending navigations...
[1552246837.626][INFO]: Done waiting for pending navigations. Status: ok
[1552246837.634][INFO]: Waiting for pending navigations...
[1552246837.635][INFO]: Done waiting for pending navigations. Status: ok
[1552246837.635][INFO]: [cfdaba36b490bc7b4507df35137bbd41] RESPONSE FindElement {
   "ELEMENT": "0.7158958713201253-9"
}
[1552246837.636][INFO]: [cfdaba36b490bc7b4507df35137bbd41] COMMAND IsElementDisplayed {
   "id": "0.7158958713201253-9"
}
[1552246837.636][INFO]: Waiting for pending navigations...
[1552246837.637][INFO]: Done waiting for pending navigations. Status: ok
[1552246837.645][INFO]: Waiting for pending navigations...
[1552246837.646][INFO]: Done waiting for pending navigations. Status: ok
[1552246837.646][INFO]: [cfdaba36b490bc7b4507df35137bbd41] RESPONSE IsElementDisplayed true
[1552246837.647][INFO]: [cfdaba36b490bc7b4507df35137bbd41] COMMAND Screenshot {

}
[1552246837.648][INFO]: Waiting for pending navigations...
[1552246837.648][INFO]: Done waiting for pending navigations. Status: ok
[1552246837.932][INFO]: Waiting for pending navigations...
[1552246837.933][INFO]: Done waiting for pending navigations. Status: ok
[1552246837.933][INFO]: [cfdaba36b490bc7b4507df35137bbd41] RESPONSE Screenshot "iVBORw0KGgoAAAANSUhEUgAAB4AAAANRCAYAAAACj6FfAAAgAElEQVR4nOzde3RU533v/8+MBknDeNDogpCEEAwIy4PMRQpWQDbBSK5rQ7ENZDkccJJ6ibapIfWxhc/KOdDT/k5x6pOAs3oCnPxy0EndFn5OGnBt18RNIwgmAaoQgcFCBgQCIdAFiZEQYnQZjX5/6..."
[1552246837.949][INFO]: [cfdaba36b490bc7b4507df35137bbd41] COMMAND FindElement {
   "using": "id",
   "value": "step-2-link"
}
[1552246837.949][INFO]: Waiting for pending navigations...
[1552246837.950][INFO]: Done waiting for pending navigations. Status: ok
[1552246837.955][INFO]: Waiting for pending navigations...
[1552246837.955][INFO]: Done waiting for pending navigations. Status: ok
[1552246837.955][INFO]: [cfdaba36b490bc7b4507df35137bbd41] RESPONSE FindElement {
   "ELEMENT": "0.7158958713201253-9"
}
[1552246837.957][INFO]: [cfdaba36b490bc7b4507df35137bbd41] COMMAND GetElementText {
   "id": "0.7158958713201253-9"
}
[1552246837.957][INFO]: Waiting for pending navigations...
[1552246837.957][INFO]: Done waiting for pending navigations. Status: ok
[1552246837.967][INFO]: Waiting for pending navigations...
[1552246837.968][INFO]: Done waiting for pending navigations. Status: ok
[1552246837.968][INFO]: [cfdaba36b490bc7b4507df35137bbd41] RESPONSE GetElementText "Step 2: Assess Risks And Impacts"
[1552246837.971][INFO]: [cfdaba36b490bc7b4507df35137bbd41] COMMAND FindElement {
   "using": "id",
   "value": "step-2-link"
}
[1552246837.971][INFO]: Waiting for pending navigations...
[1552246837.972][INFO]: Done waiting for pending navigations. Status: ok
[1552246837.976][INFO]: Waiting for pending navigations...
[1552246837.977][INFO]: Done waiting for pending navigations. Status: ok
[1552246837.977][INFO]: [cfdaba36b490bc7b4507df35137bbd41] RESPONSE FindElement {
   "ELEMENT": "0.7158958713201253-9"
}
[1552246837.979][INFO]: [cfdaba36b490bc7b4507df35137bbd41] COMMAND GetElementAttribute {
   "id": "0.7158958713201253-9",
   "name": "href"
}
[1552246837.979][INFO]: Waiting for pending navigations...
[1552246837.979][INFO]: Done waiting for pending navigations. Status: ok
[1552246837.982][INFO]: Waiting for pending navigations...
[1552246837.989][INFO]: Done waiting for pending navigations. Status: ok
[1552246837.989][INFO]: [cfdaba36b490bc7b4507df35137bbd41] RESPONSE GetElementAttribute "http://localhost:3000/steps/2"
[1552246837.991][INFO]: [cfdaba36b490bc7b4507df35137bbd41] COMMAND Screenshot {

}
[1552246837.991][INFO]: Waiting for pending navigations...
[1552246837.993][INFO]: Done waiting for pending navigations. Status: ok
[1552246838.271][INFO]: Waiting for pending navigations...
[1552246838.272][INFO]: Done waiting for pending navigations. Status: ok
[1552246838.272][INFO]: [cfdaba36b490bc7b4507df35137bbd41] RESPONSE Screenshot "iVBORw0KGgoAAAANSUhEUgAAB4AAAANRCAYAAAACj6FfAAAgAElEQVR4nOzde3RU533v/8+MBknDeNDogpCEEAwIy4PMRQpWQDbBSK5rQ7ENZDkccJJ6ibapIfWxhc/KOdDT/k5x6pOAs3oCnPxy0EndFn5OGnBt18RNIwgmAaoQgcFCBgQCIdAFiZEQYnQZjX5/6..."
[1552246838.289][INFO]: [cfdaba36b490bc7b4507df35137bbd41] COMMAND FindElement {
   "using": "id",
   "value": "step-3-link"
}
[1552246838.289][INFO]: Waiting for pending navigations...
[1552246838.290][INFO]: Done waiting for pending navigations. Status: ok
[1552246838.299][INFO]: Waiting for pending navigations...
[1552246838.300][INFO]: Done waiting for pending navigations. Status: ok
[1552246838.300][INFO]: [cfdaba36b490bc7b4507df35137bbd41] RESPONSE FindElement {
   "ELEMENT": "0.7158958713201253-10"
}
[1552246838.301][INFO]: [cfdaba36b490bc7b4507df35137bbd41] COMMAND IsElementDisplayed {
   "id": "0.7158958713201253-10"
}
[1552246838.301][INFO]: Waiting for pending navigations...
[1552246838.302][INFO]: Done waiting for pending navigations. Status: ok
[1552246838.311][INFO]: Waiting for pending navigations...
[1552246838.313][INFO]: Done waiting for pending navigations. Status: ok
[1552246838.313][INFO]: [cfdaba36b490bc7b4507df35137bbd41] RESPONSE IsElementDisplayed true
[1552246838.314][INFO]: [cfdaba36b490bc7b4507df35137bbd41] COMMAND Screenshot {

}
[1552246838.314][INFO]: Waiting for pending navigations...
[1552246838.315][INFO]: Done waiting for pending navigations. Status: ok
[1552246838.615][INFO]: Waiting for pending navigations...
[1552246838.616][INFO]: Done waiting for pending navigations. Status: ok
[1552246838.616][INFO]: [cfdaba36b490bc7b4507df35137bbd41] RESPONSE Screenshot "iVBORw0KGgoAAAANSUhEUgAAB4AAAANRCAYAAAACj6FfAAAgAElEQVR4nOzde3RU533v/8+MBknDeNDogpCEEAwIy4PMRQpWQDbBSK5rQ7ENZDkccJJ6ibapIfWxhc/KOdDT/k5x6pOAs3oCnPxy0EndFn5OGnBt18RNIwgmAaoQgcFCBgQCIdAFiZEQYnQZjX5/6..."
[1552246838.631][INFO]: [cfdaba36b490bc7b4507df35137bbd41] COMMAND FindElement {
   "using": "id",
   "value": "step-3-link"
}
[1552246838.631][INFO]: Waiting for pending navigations...
[1552246838.632][INFO]: Done waiting for pending navigations. Status: ok
[1552246838.637][INFO]: Waiting for pending navigations...
[1552246838.638][INFO]: Done waiting for pending navigations. Status: ok
[1552246838.638][INFO]: [cfdaba36b490bc7b4507df35137bbd41] RESPONSE FindElement {
   "ELEMENT": "0.7158958713201253-10"
}
[1552246838.639][INFO]: [cfdaba36b490bc7b4507df35137bbd41] COMMAND GetElementText {
   "id": "0.7158958713201253-10"
}
[1552246838.639][INFO]: Waiting for pending navigations...
[1552246838.640][INFO]: Done waiting for pending navigations. Status: ok
[1552246838.653][INFO]: Waiting for pending navigations...
[1552246838.654][INFO]: Done waiting for pending navigations. Status: ok
[1552246838.654][INFO]: [cfdaba36b490bc7b4507df35137bbd41] RESPONSE GetElementText "Step 3: Develop a Code of Conduct"
[1552246838.657][INFO]: [cfdaba36b490bc7b4507df35137bbd41] COMMAND FindElement {
   "using": "id",
   "value": "step-3-link"
}
[1552246838.657][INFO]: Waiting for pending navigations...
[1552246838.658][INFO]: Done waiting for pending navigations. Status: ok
[1552246838.662][INFO]: Waiting for pending navigations...
[1552246838.663][INFO]: Done waiting for pending navigations. Status: ok
[1552246838.663][INFO]: [cfdaba36b490bc7b4507df35137bbd41] RESPONSE FindElement {
   "ELEMENT": "0.7158958713201253-10"
}
[1552246838.664][INFO]: [cfdaba36b490bc7b4507df35137bbd41] COMMAND GetElementAttribute {
   "id": "0.7158958713201253-10",
   "name": "href"
}
[1552246838.664][INFO]: Waiting for pending navigations...
[1552246838.665][INFO]: Done waiting for pending navigations. Status: ok
[1552246838.670][INFO]: Waiting for pending navigations...
[1552246838.671][INFO]: Done waiting for pending navigations. Status: ok
[1552246838.671][INFO]: [cfdaba36b490bc7b4507df35137bbd41] RESPONSE GetElementAttribute "http://localhost:3000/steps/3"
[1552246838.672][INFO]: [cfdaba36b490bc7b4507df35137bbd41] COMMAND Screenshot {

}
[1552246838.672][INFO]: Waiting for pending navigations...
[1552246838.673][INFO]: Done waiting for pending navigations. Status: ok
[1552246838.968][INFO]: Waiting for pending navigations...
[1552246838.969][INFO]: Done waiting for pending navigations. Status: ok
[1552246838.969][INFO]: [cfdaba36b490bc7b4507df35137bbd41] RESPONSE Screenshot "iVBORw0KGgoAAAANSUhEUgAAB4AAAANRCAYAAAACj6FfAAAgAElEQVR4nOzde3RU533v/8+MBknDeNDogpCEEAwIy4PMRQpWQDbBSK5rQ7ENZDkccJJ6ibapIfWxhc/KOdDT/k5x6pOAs3oCnPxy0EndFn5OGnBt18RNIwgmAaoQgcFCBgQCIdAFiZEQYnQZjX5/6..."
[1552246838.990][INFO]: [cfdaba36b490bc7b4507df35137bbd41] COMMAND FindElement {
   "using": "id",
   "value": "step-4-link"
}
[1552246838.990][INFO]: Waiting for pending navigations...
[1552246838.992][INFO]: Done waiting for pending navigations. Status: ok
[1552246839.000][INFO]: Waiting for pending navigations...
[1552246839.001][INFO]: Done waiting for pending navigations. Status: ok
[1552246839.001][INFO]: [cfdaba36b490bc7b4507df35137bbd41] RESPONSE FindElement {
   "ELEMENT": "0.7158958713201253-11"
}
[1552246839.002][INFO]: [cfdaba36b490bc7b4507df35137bbd41] COMMAND IsElementDisplayed {
   "id": "0.7158958713201253-11"
}
[1552246839.002][INFO]: Waiting for pending navigations...
[1552246839.003][INFO]: Done waiting for pending navigations. Status: ok
[1552246839.011][INFO]: Waiting for pending navigations...
[1552246839.012][INFO]: Done waiting for pending navigations. Status: ok
[1552246839.012][INFO]: [cfdaba36b490bc7b4507df35137bbd41] RESPONSE IsElementDisplayed true
[1552246839.013][INFO]: [cfdaba36b490bc7b4507df35137bbd41] COMMAND Screenshot {

}
[1552246839.013][INFO]: Waiting for pending navigations...
[1552246839.014][INFO]: Done waiting for pending navigations. Status: ok
[1552246839.316][INFO]: Waiting for pending navigations...
[1552246839.317][INFO]: Done waiting for pending navigations. Status: ok
[1552246839.317][INFO]: [cfdaba36b490bc7b4507df35137bbd41] RESPONSE Screenshot "iVBORw0KGgoAAAANSUhEUgAAB4AAAANRCAYAAAACj6FfAAAgAElEQVR4nOzde3RU533v/8+MBknDeNDogpCEEAwIy4PMRQpWQDbBSK5rQ7ENZDkccJJ6ibapIfWxhc/KOdDT/k5x6pOAs3oCnPxy0EndFn5OGnBt18RNIwgmAaoQgcFCBgQCIdAFiZEQYnQZjX5/6..."
[1552246839.335][INFO]: [cfdaba36b490bc7b4507df35137bbd41] COMMAND FindElement {
   "using": "id",
   "value": "step-4-link"
}
[1552246839.335][INFO]: Waiting for pending navigations...
[1552246839.336][INFO]: Done waiting for pending navigations. Status: ok
[1552246839.340][INFO]: Waiting for pending navigations...
[1552246839.341][INFO]: Done waiting for pending navigations. Status: ok
[1552246839.341][INFO]: [cfdaba36b490bc7b4507df35137bbd41] RESPONSE FindElement {
   "ELEMENT": "0.7158958713201253-11"
}
[1552246839.342][INFO]: [cfdaba36b490bc7b4507df35137bbd41] COMMAND GetElementText {
   "id": "0.7158958713201253-11"
}
[1552246839.342][INFO]: Waiting for pending navigations...
[1552246839.343][INFO]: Done waiting for pending navigations. Status: ok
[1552246839.354][INFO]: Waiting for pending navigations...
[1552246839.354][INFO]: Done waiting for pending navigations. Status: ok
[1552246839.354][INFO]: [cfdaba36b490bc7b4507df35137bbd41] RESPONSE GetElementText "Step 4: Communicate and Train across your Supply Chain"
[1552246839.356][INFO]: [cfdaba36b490bc7b4507df35137bbd41] COMMAND FindElement {
   "using": "id",
   "value": "step-4-link"
}
[1552246839.357][INFO]: Waiting for pending navigations...
[1552246839.358][INFO]: Done waiting for pending navigations. Status: ok
[1552246839.362][INFO]: Waiting for pending navigations...
[1552246839.363][INFO]: Done waiting for pending navigations. Status: ok
[1552246839.363][INFO]: [cfdaba36b490bc7b4507df35137bbd41] RESPONSE FindElement {
   "ELEMENT": "0.7158958713201253-11"
}
[1552246839.364][INFO]: [cfdaba36b490bc7b4507df35137bbd41] COMMAND GetElementAttribute {
   "id": "0.7158958713201253-11",
   "name": "href"
}
[1552246839.364][INFO]: Waiting for pending navigations...
[1552246839.365][INFO]: Done waiting for pending navigations. Status: ok
[1552246839.368][INFO]: Waiting for pending navigations...
[1552246839.369][INFO]: Done waiting for pending navigations. Status: ok
[1552246839.369][INFO]: [cfdaba36b490bc7b4507df35137bbd41] RESPONSE GetElementAttribute "http://localhost:3000/steps/4"
[1552246839.370][INFO]: [cfdaba36b490bc7b4507df35137bbd41] COMMAND Screenshot {

}
[1552246839.370][INFO]: Waiting for pending navigations...
[1552246839.371][INFO]: Done waiting for pending navigations. Status: ok
[1552246839.678][INFO]: Waiting for pending navigations...
[1552246839.679][INFO]: Done waiting for pending navigations. Status: ok
[1552246839.679][INFO]: [cfdaba36b490bc7b4507df35137bbd41] RESPONSE Screenshot "iVBORw0KGgoAAAANSUhEUgAAB4AAAANRCAYAAAACj6FfAAAgAElEQVR4nOzde3RU533v/8+MBknDeNDogpCEEAwIy4PMRQpWQDbBSK5rQ7ENZDkccJJ6ibapIfWxhc/KOdDT/k5x6pOAs3oCnPxy0EndFn5OGnBt18RNIwgmAaoQgcFCBgQCIdAFiZEQYnQZjX5/6..."
[1552246839.692][INFO]: [cfdaba36b490bc7b4507df35137bbd41] COMMAND FindElement {
   "using": "id",
   "value": "step-5-link"
}
[1552246839.692][INFO]: Waiting for pending navigations...
[1552246839.693][INFO]: Done waiting for pending navigations. Status: ok
[1552246839.702][INFO]: Waiting for pending navigations...
[1552246839.705][INFO]: Done waiting for pending navigations. Status: ok
[1552246839.705][INFO]: [cfdaba36b490bc7b4507df35137bbd41] RESPONSE FindElement {
   "ELEMENT": "0.7158958713201253-12"
}
[1552246839.706][INFO]: [cfdaba36b490bc7b4507df35137bbd41] COMMAND IsElementDisplayed {
   "id": "0.7158958713201253-12"
}
[1552246839.706][INFO]: Waiting for pending navigations...
[1552246839.707][INFO]: Done waiting for pending navigations. Status: ok
[1552246839.718][INFO]: Waiting for pending navigations...
[1552246839.719][INFO]: Done waiting for pending navigations. Status: ok
[1552246839.719][INFO]: [cfdaba36b490bc7b4507df35137bbd41] RESPONSE IsElementDisplayed true
[1552246839.721][INFO]: [cfdaba36b490bc7b4507df35137bbd41] COMMAND Screenshot {

}
[1552246839.721][INFO]: Waiting for pending navigations...
[1552246839.721][INFO]: Done waiting for pending navigations. Status: ok
[1552246840.038][INFO]: Waiting for pending navigations...
[1552246840.039][INFO]: Done waiting for pending navigations. Status: ok
[1552246840.039][INFO]: [cfdaba36b490bc7b4507df35137bbd41] RESPONSE Screenshot "iVBORw0KGgoAAAANSUhEUgAAB4AAAANRCAYAAAACj6FfAAAgAElEQVR4nOzde3RU533v/8+MBknDeNDogpCEEAwIy4PMRQpWQDbBSK5rQ7ENZDkccJJ6ibapIfWxhc/KOdDT/k5x6pOAs3oCnPxy0EndFn5OGnBt18RNIwgmAaoQgcFCBgQCIdAFiZEQYnQZjX5/6..."
[1552246840.057][INFO]: [cfdaba36b490bc7b4507df35137bbd41] COMMAND FindElement {
   "using": "id",
   "value": "step-5-link"
}
[1552246840.057][INFO]: Waiting for pending navigations...
[1552246840.058][INFO]: Done waiting for pending navigations. Status: ok
[1552246840.063][INFO]: Waiting for pending navigations...
[1552246840.065][INFO]: Done waiting for pending navigations. Status: ok
[1552246840.065][INFO]: [cfdaba36b490bc7b4507df35137bbd41] RESPONSE FindElement {
   "ELEMENT": "0.7158958713201253-12"
}
[1552246840.066][INFO]: [cfdaba36b490bc7b4507df35137bbd41] COMMAND GetElementText {
   "id": "0.7158958713201253-12"
}
[1552246840.066][INFO]: Waiting for pending navigations...
[1552246840.067][INFO]: Done waiting for pending navigations. Status: ok
[1552246840.076][INFO]: Waiting for pending navigations...
[1552246840.077][INFO]: Done waiting for pending navigations. Status: ok
[1552246840.077][INFO]: [cfdaba36b490bc7b4507df35137bbd41] RESPONSE GetElementText "Step 5: Monitor Compliance"
[1552246840.080][INFO]: [cfdaba36b490bc7b4507df35137bbd41] COMMAND FindElement {
   "using": "id",
   "value": "step-5-link"
}
[1552246840.080][INFO]: Waiting for pending navigations...
[1552246840.081][INFO]: Done waiting for pending navigations. Status: ok
[1552246840.084][INFO]: Waiting for pending navigations...
[1552246840.085][INFO]: Done waiting for pending navigations. Status: ok
[1552246840.085][INFO]: [cfdaba36b490bc7b4507df35137bbd41] RESPONSE FindElement {
   "ELEMENT": "0.7158958713201253-12"
}
[1552246840.086][INFO]: [cfdaba36b490bc7b4507df35137bbd41] COMMAND GetElementAttribute {
   "id": "0.7158958713201253-12",
   "name": "href"
}
[1552246840.086][INFO]: Waiting for pending navigations...
[1552246840.087][INFO]: Done waiting for pending navigations. Status: ok
[1552246840.089][INFO]: Waiting for pending navigations...
[1552246840.089][INFO]: Done waiting for pending navigations. Status: ok
[1552246840.089][INFO]: [cfdaba36b490bc7b4507df35137bbd41] RESPONSE GetElementAttribute "http://localhost:3000/steps/5"
[1552246840.090][INFO]: [cfdaba36b490bc7b4507df35137bbd41] COMMAND Screenshot {

}
[1552246840.090][INFO]: Waiting for pending navigations...
[1552246840.091][INFO]: Done waiting for pending navigations. Status: ok
[1552246840.380][INFO]: Waiting for pending navigations...
[1552246840.383][INFO]: Done waiting for pending navigations. Status: ok
[1552246840.383][INFO]: [cfdaba36b490bc7b4507df35137bbd41] RESPONSE Screenshot "iVBORw0KGgoAAAANSUhEUgAAB4AAAANRCAYAAAACj6FfAAAgAElEQVR4nOzde3RU533v/8+MBknDeNDogpCEEAwIy4PMRQpWQDbBSK5rQ7ENZDkccJJ6ibapIfWxhc/KOdDT/k5x6pOAs3oCnPxy0EndFn5OGnBt18RNIwgmAaoQgcFCBgQCIdAFiZEQYnQZjX5/6..."
[1552246840.395][INFO]: [cfdaba36b490bc7b4507df35137bbd41] COMMAND FindElement {
   "using": "id",
   "value": "step-6-link"
}
[1552246840.395][INFO]: Waiting for pending navigations...
[1552246840.397][INFO]: Done waiting for pending navigations. Status: ok
[1552246840.406][INFO]: Waiting for pending navigations...
[1552246840.408][INFO]: Done waiting for pending navigations. Status: ok
[1552246840.408][INFO]: [cfdaba36b490bc7b4507df35137bbd41] RESPONSE FindElement {
   "ELEMENT": "0.7158958713201253-13"
}
[1552246840.409][INFO]: [cfdaba36b490bc7b4507df35137bbd41] COMMAND IsElementDisplayed {
   "id": "0.7158958713201253-13"
}
[1552246840.410][INFO]: Waiting for pending navigations...
[1552246840.410][INFO]: Done waiting for pending navigations. Status: ok
[1552246840.419][INFO]: Waiting for pending navigations...
[1552246840.420][INFO]: Done waiting for pending navigations. Status: ok
[1552246840.420][INFO]: [cfdaba36b490bc7b4507df35137bbd41] RESPONSE IsElementDisplayed true
[1552246840.422][INFO]: [cfdaba36b490bc7b4507df35137bbd41] COMMAND Screenshot {

}
[1552246840.422][INFO]: Waiting for pending navigations...
[1552246840.422][INFO]: Done waiting for pending navigations. Status: ok
[1552246840.715][INFO]: Waiting for pending navigations...
[1552246840.716][INFO]: Done waiting for pending navigations. Status: ok
[1552246840.716][INFO]: [cfdaba36b490bc7b4507df35137bbd41] RESPONSE Screenshot "iVBORw0KGgoAAAANSUhEUgAAB4AAAANRCAYAAAACj6FfAAAgAElEQVR4nOzde3RU533v/8+MBknDeNDogpCEEAwIy4PMRQpWQDbBSK5rQ7ENZDkccJJ6ibapIfWxhc/KOdDT/k5x6pOAs3oCnPxy0EndFn5OGnBt18RNIwgmAaoQgcFCBgQCIdAFiZEQYnQZjX5/6..."
[1552246840.732][INFO]: [cfdaba36b490bc7b4507df35137bbd41] COMMAND FindElement {
   "using": "id",
   "value": "step-6-link"
}
[1552246840.732][INFO]: Waiting for pending navigations...
[1552246840.733][INFO]: Done waiting for pending navigations. Status: ok
[1552246840.738][INFO]: Waiting for pending navigations...
[1552246840.739][INFO]: Done waiting for pending navigations. Status: ok
[1552246840.739][INFO]: [cfdaba36b490bc7b4507df35137bbd41] RESPONSE FindElement {
   "ELEMENT": "0.7158958713201253-13"
}
[1552246840.740][INFO]: [cfdaba36b490bc7b4507df35137bbd41] COMMAND GetElementText {
   "id": "0.7158958713201253-13"
}
[1552246840.740][INFO]: Waiting for pending navigations...
[1552246840.741][INFO]: Done waiting for pending navigations. Status: ok
[1552246840.751][INFO]: Waiting for pending navigations...
[1552246840.752][INFO]: Done waiting for pending navigations. Status: ok
[1552246840.752][INFO]: [cfdaba36b490bc7b4507df35137bbd41] RESPONSE GetElementText "Step 6: Remediate Violations"
[1552246840.755][INFO]: [cfdaba36b490bc7b4507df35137bbd41] COMMAND FindElement {
   "using": "id",
   "value": "step-6-link"
}
[1552246840.755][INFO]: Waiting for pending navigations...
[1552246840.756][INFO]: Done waiting for pending navigations. Status: ok
[1552246840.760][INFO]: Waiting for pending navigations...
[1552246840.761][INFO]: Done waiting for pending navigations. Status: ok
[1552246840.761][INFO]: [cfdaba36b490bc7b4507df35137bbd41] RESPONSE FindElement {
   "ELEMENT": "0.7158958713201253-13"
}
[1552246840.763][INFO]: [cfdaba36b490bc7b4507df35137bbd41] COMMAND GetElementAttribute {
   "id": "0.7158958713201253-13",
   "name": "href"
}
[1552246840.763][INFO]: Waiting for pending navigations...
[1552246840.763][INFO]: Done waiting for pending navigations. Status: ok
[1552246840.766][INFO]: Waiting for pending navigations...
[1552246840.767][INFO]: Done waiting for pending navigations. Status: ok
[1552246840.767][INFO]: [cfdaba36b490bc7b4507df35137bbd41] RESPONSE GetElementAttribute "http://localhost:3000/steps/6"
[1552246840.768][INFO]: [cfdaba36b490bc7b4507df35137bbd41] COMMAND Screenshot {

}
[1552246840.768][INFO]: Waiting for pending navigations...
[1552246840.769][INFO]: Done waiting for pending navigations. Status: ok
[1552246841.040][INFO]: Waiting for pending navigations...
[1552246841.042][INFO]: Done waiting for pending navigations. Status: ok
[1552246841.042][INFO]: [cfdaba36b490bc7b4507df35137bbd41] RESPONSE Screenshot "iVBORw0KGgoAAAANSUhEUgAAB4AAAANRCAYAAAACj6FfAAAgAElEQVR4nOzde3RU533v/8+MBknDeNDogpCEEAwIy4PMRQpWQDbBSK5rQ7ENZDkccJJ6ibapIfWxhc/KOdDT/k5x6pOAs3oCnPxy0EndFn5OGnBt18RNIwgmAaoQgcFCBgQCIdAFiZEQYnQZjX5/6..."
[1552246841.062][INFO]: [cfdaba36b490bc7b4507df35137bbd41] COMMAND FindElement {
   "using": "id",
   "value": "step-7-link"
}
[1552246841.062][INFO]: Waiting for pending navigations...
[1552246841.063][INFO]: Done waiting for pending navigations. Status: ok
[1552246841.071][INFO]: Waiting for pending navigations...
[1552246841.072][INFO]: Done waiting for pending navigations. Status: ok
[1552246841.072][INFO]: [cfdaba36b490bc7b4507df35137bbd41] RESPONSE FindElement {
   "ELEMENT": "0.7158958713201253-14"
}
[1552246841.073][INFO]: [cfdaba36b490bc7b4507df35137bbd41] COMMAND IsElementDisplayed {
   "id": "0.7158958713201253-14"
}
[1552246841.073][INFO]: Waiting for pending navigations...
[1552246841.074][INFO]: Done waiting for pending navigations. Status: ok
[1552246841.082][INFO]: Waiting for pending navigations...
[1552246841.083][INFO]: Done waiting for pending navigations. Status: ok
[1552246841.083][INFO]: [cfdaba36b490bc7b4507df35137bbd41] RESPONSE IsElementDisplayed true
[1552246841.087][INFO]: [cfdaba36b490bc7b4507df35137bbd41] COMMAND Screenshot {

}
[1552246841.087][INFO]: Waiting for pending navigations...
[1552246841.088][INFO]: Done waiting for pending navigations. Status: ok
[1552246841.406][INFO]: Waiting for pending navigations...
[1552246841.407][INFO]: Done waiting for pending navigations. Status: ok
[1552246841.407][INFO]: [cfdaba36b490bc7b4507df35137bbd41] RESPONSE Screenshot "iVBORw0KGgoAAAANSUhEUgAAB4AAAANRCAYAAAACj6FfAAAgAElEQVR4nOzde3RU533v/8+MBknDeNDogpCEEAwIy4PMRQpWQDbBSK5rQ7ENZDkccJJ6ibapIfWxhc/KOdDT/k5x6pOAs3oCnPxy0EndFn5OGnBt18RNIwgmAaoQgcFCBgQCIdAFiZEQYnQZjX5/6..."
[1552246841.422][INFO]: [cfdaba36b490bc7b4507df35137bbd41] COMMAND FindElement {
   "using": "id",
   "value": "step-7-link"
}
[1552246841.422][INFO]: Waiting for pending navigations...
[1552246841.423][INFO]: Done waiting for pending navigations. Status: ok
[1552246841.427][INFO]: Waiting for pending navigations...
[1552246841.428][INFO]: Done waiting for pending navigations. Status: ok
[1552246841.428][INFO]: [cfdaba36b490bc7b4507df35137bbd41] RESPONSE FindElement {
   "ELEMENT": "0.7158958713201253-14"
}
[1552246841.429][INFO]: [cfdaba36b490bc7b4507df35137bbd41] COMMAND GetElementText {
   "id": "0.7158958713201253-14"
}
[1552246841.429][INFO]: Waiting for pending navigations...
[1552246841.430][INFO]: Done waiting for pending navigations. Status: ok
[1552246841.439][INFO]: Waiting for pending navigations...
[1552246841.440][INFO]: Done waiting for pending navigations. Status: ok
[1552246841.440][INFO]: [cfdaba36b490bc7b4507df35137bbd41] RESPONSE GetElementText "Step 7: Independent Review"
[1552246841.443][INFO]: [cfdaba36b490bc7b4507df35137bbd41] COMMAND FindElement {
   "using": "id",
   "value": "step-7-link"
}
[1552246841.443][INFO]: Waiting for pending navigations...
[1552246841.444][INFO]: Done waiting for pending navigations. Status: ok
[1552246841.447][INFO]: Waiting for pending navigations...
[1552246841.449][INFO]: Done waiting for pending navigations. Status: ok
[1552246841.449][INFO]: [cfdaba36b490bc7b4507df35137bbd41] RESPONSE FindElement {
   "ELEMENT": "0.7158958713201253-14"
}
[1552246841.450][INFO]: [cfdaba36b490bc7b4507df35137bbd41] COMMAND GetElementAttribute {
   "id": "0.7158958713201253-14",
   "name": "href"
}
[1552246841.450][INFO]: Waiting for pending navigations...
[1552246841.450][INFO]: Done waiting for pending navigations. Status: ok
[1552246841.453][INFO]: Waiting for pending navigations...
[1552246841.453][INFO]: Done waiting for pending navigations. Status: ok
[1552246841.453][INFO]: [cfdaba36b490bc7b4507df35137bbd41] RESPONSE GetElementAttribute "http://localhost:3000/steps/7"
[1552246841.454][INFO]: [cfdaba36b490bc7b4507df35137bbd41] COMMAND Screenshot {

}
[1552246841.454][INFO]: Waiting for pending navigations...
[1552246841.455][INFO]: Done waiting for pending navigations. Status: ok
[1552246841.749][INFO]: Waiting for pending navigations...
[1552246841.751][INFO]: Done waiting for pending navigations. Status: ok
[1552246841.751][INFO]: [cfdaba36b490bc7b4507df35137bbd41] RESPONSE Screenshot "iVBORw0KGgoAAAANSUhEUgAAB4AAAANRCAYAAAACj6FfAAAgAElEQVR4nOzde3RU533v/8+MBknDeNDogpCEEAwIy4PMRQpWQDbBSK5rQ7ENZDkccJJ6ibapIfWxhc/KOdDT/k5x6pOAs3oCnPxy0EndFn5OGnBt18RNIwgmAaoQgcFCBgQCIdAFiZEQYnQZjX5/6..."
[1552246841.763][INFO]: [cfdaba36b490bc7b4507df35137bbd41] COMMAND FindElement {
   "using": "id",
   "value": "step-8-link"
}
[1552246841.763][INFO]: Waiting for pending navigations...
[1552246841.764][INFO]: Done waiting for pending navigations. Status: ok
[1552246841.772][INFO]: Waiting for pending navigations...
[1552246841.773][INFO]: Done waiting for pending navigations. Status: ok
[1552246841.773][INFO]: [cfdaba36b490bc7b4507df35137bbd41] RESPONSE FindElement {
   "ELEMENT": "0.7158958713201253-15"
}
[1552246841.774][INFO]: [cfdaba36b490bc7b4507df35137bbd41] COMMAND IsElementDisplayed {
   "id": "0.7158958713201253-15"
}
[1552246841.774][INFO]: Waiting for pending navigations...
[1552246841.775][INFO]: Done waiting for pending navigations. Status: ok
[1552246841.785][INFO]: Waiting for pending navigations...
[1552246841.787][INFO]: Done waiting for pending navigations. Status: ok
[1552246841.787][INFO]: [cfdaba36b490bc7b4507df35137bbd41] RESPONSE IsElementDisplayed true
[1552246841.788][INFO]: [cfdaba36b490bc7b4507df35137bbd41] COMMAND Screenshot {

}
[1552246841.788][INFO]: Waiting for pending navigations...
[1552246841.789][INFO]: Done waiting for pending navigations. Status: ok
[1552246842.109][INFO]: Waiting for pending navigations...
[1552246842.110][INFO]: Done waiting for pending navigations. Status: ok
[1552246842.110][INFO]: [cfdaba36b490bc7b4507df35137bbd41] RESPONSE Screenshot "iVBORw0KGgoAAAANSUhEUgAAB4AAAANRCAYAAAACj6FfAAAgAElEQVR4nOzde3RU533v/8+MBknDeNDogpCEEAwIy4PMRQpWQDbBSK5rQ7ENZDkccJJ6ibapIfWxhc/KOdDT/k5x6pOAs3oCnPxy0EndFn5OGnBt18RNIwgmAaoQgcFCBgQCIdAFiZEQYnQZjX5/6..."
[1552246842.124][INFO]: [cfdaba36b490bc7b4507df35137bbd41] COMMAND FindElement {
   "using": "id",
   "value": "step-8-link"
}
[1552246842.124][INFO]: Waiting for pending navigations...
[1552246842.125][INFO]: Done waiting for pending navigations. Status: ok
[1552246842.130][INFO]: Waiting for pending navigations...
[1552246842.131][INFO]: Done waiting for pending navigations. Status: ok
[1552246842.131][INFO]: [cfdaba36b490bc7b4507df35137bbd41] RESPONSE FindElement {
   "ELEMENT": "0.7158958713201253-15"
}
[1552246842.132][INFO]: [cfdaba36b490bc7b4507df35137bbd41] COMMAND GetElementText {
   "id": "0.7158958713201253-15"
}
[1552246842.132][INFO]: Waiting for pending navigations...
[1552246842.133][INFO]: Done waiting for pending navigations. Status: ok
[1552246842.143][INFO]: Waiting for pending navigations...
[1552246842.144][INFO]: Done waiting for pending navigations. Status: ok
[1552246842.144][INFO]: [cfdaba36b490bc7b4507df35137bbd41] RESPONSE GetElementText "Step 8: Report Performance"
[1552246842.147][INFO]: [cfdaba36b490bc7b4507df35137bbd41] COMMAND FindElement {
   "using": "id",
   "value": "step-8-link"
}
[1552246842.147][INFO]: Waiting for pending navigations...
[1552246842.148][INFO]: Done waiting for pending navigations. Status: ok
[1552246842.152][INFO]: Waiting for pending navigations...
[1552246842.153][INFO]: Done waiting for pending navigations. Status: ok
[1552246842.153][INFO]: [cfdaba36b490bc7b4507df35137bbd41] RESPONSE FindElement {
   "ELEMENT": "0.7158958713201253-15"
}
[1552246842.154][INFO]: [cfdaba36b490bc7b4507df35137bbd41] COMMAND GetElementAttribute {
   "id": "0.7158958713201253-15",
   "name": "href"
}
[1552246842.154][INFO]: Waiting for pending navigations...
[1552246842.155][INFO]: Done waiting for pending navigations. Status: ok
[1552246842.158][INFO]: Waiting for pending navigations...
[1552246842.159][INFO]: Done waiting for pending navigations. Status: ok
[1552246842.159][INFO]: [cfdaba36b490bc7b4507df35137bbd41] RESPONSE GetElementAttribute "http://localhost:3000/steps/8"
[1552246842.160][INFO]: [cfdaba36b490bc7b4507df35137bbd41] COMMAND Screenshot {

}
[1552246842.160][INFO]: Waiting for pending navigations...
[1552246842.160][INFO]: Done waiting for pending navigations. Status: ok
[1552246842.487][INFO]: Waiting for pending navigations...
[1552246842.488][INFO]: Done waiting for pending navigations. Status: ok
[1552246842.488][INFO]: [cfdaba36b490bc7b4507df35137bbd41] RESPONSE Screenshot "iVBORw0KGgoAAAANSUhEUgAAB4AAAANRCAYAAAACj6FfAAAgAElEQVR4nOzde3RU533v/8+MBknDeNDogpCEEAwIy4PMRQpWQDbBSK5rQ7ENZDkccJJ6ibapIfWxhc/KOdDT/k5x6pOAs3oCnPxy0EndFn5OGnBt18RNIwgmAaoQgcFCBgQCIdAFiZEQYnQZjX5/6..."
[1552246842.500][INFO]: [cfdaba36b490bc7b4507df35137bbd41] COMMAND FindElement {
   "using": "id",
   "value": "steps-dropdown"
}
[1552246842.500][INFO]: Waiting for pending navigations...
[1552246842.501][INFO]: Done waiting for pending navigations. Status: ok
[1552246842.507][INFO]: Waiting for pending navigations...
[1552246842.507][INFO]: Done waiting for pending navigations. Status: ok
[1552246842.507][INFO]: [cfdaba36b490bc7b4507df35137bbd41] RESPONSE FindElement {
   "ELEMENT": "0.7158958713201253-7"
}
[1552246842.509][INFO]: [cfdaba36b490bc7b4507df35137bbd41] COMMAND IsElementDisplayed {
   "id": "0.7158958713201253-7"
}
[1552246842.509][INFO]: Waiting for pending navigations...
[1552246842.509][INFO]: Done waiting for pending navigations. Status: ok
[1552246842.513][INFO]: Waiting for pending navigations...
[1552246842.514][INFO]: Done waiting for pending navigations. Status: ok
[1552246842.514][INFO]: [cfdaba36b490bc7b4507df35137bbd41] RESPONSE IsElementDisplayed true
[1552246842.516][INFO]: [cfdaba36b490bc7b4507df35137bbd41] COMMAND FindElement {
   "using": "id",
   "value": "steps-dropdown"
}
[1552246842.516][INFO]: Waiting for pending navigations...
[1552246842.517][INFO]: Done waiting for pending navigations. Status: ok
[1552246842.521][INFO]: Waiting for pending navigations...
[1552246842.522][INFO]: Done waiting for pending navigations. Status: ok
[1552246842.522][INFO]: [cfdaba36b490bc7b4507df35137bbd41] RESPONSE FindElement {
   "ELEMENT": "0.7158958713201253-7"
}
[1552246842.525][INFO]: [cfdaba36b490bc7b4507df35137bbd41] COMMAND ClickElement {
   "id": "0.7158958713201253-7"
}
[1552246842.525][INFO]: Waiting for pending navigations...
[1552246842.526][INFO]: Done waiting for pending navigations. Status: ok
[1552246842.557][INFO]: Waiting for pending navigations...
[1552246842.558][INFO]: Done waiting for pending navigations. Status: ok
[1552246842.558][INFO]: [cfdaba36b490bc7b4507df35137bbd41] RESPONSE ClickElement
[1552246842.559][INFO]: [cfdaba36b490bc7b4507df35137bbd41] COMMAND Screenshot {

}
[1552246842.560][INFO]: Waiting for pending navigations...
[1552246842.560][INFO]: Done waiting for pending navigations. Status: ok
[1552246842.868][INFO]: Waiting for pending navigations...
[1552246842.872][INFO]: Done waiting for pending navigations. Status: ok
[1552246842.872][INFO]: [cfdaba36b490bc7b4507df35137bbd41] RESPONSE Screenshot "iVBORw0KGgoAAAANSUhEUgAAB4AAAANRCAYAAAACj6FfAAAgAElEQVR4nOzde3RU533v/8+MBknDeNDogpCEEAwIy4PMRQpRQDbBSK5rQ4kNZDkccJJ6ibapIfXPFjkrvwM9Pb9TnPo0krN6Apz8ctBx3RZ+ThpwHdfEdS0IJgGqEIHBQgYEAiHQBYmREGJ0GY1+f..."
[1552246842.886][INFO]: [cfdaba36b490bc7b4507df35137bbd41] COMMAND FindElement {
   "using": "id",
   "value": "menu-btn"
}
[1552246842.886][INFO]: Waiting for pending navigations...
[1552246842.887][INFO]: Done waiting for pending navigations. Status: ok
[1552246842.892][INFO]: Waiting for pending navigations...
[1552246842.892][INFO]: Done waiting for pending navigations. Status: ok
[1552246842.892][INFO]: [cfdaba36b490bc7b4507df35137bbd41] RESPONSE FindElement {
   "ELEMENT": "0.7158958713201253-3"
}
[1552246842.894][INFO]: [cfdaba36b490bc7b4507df35137bbd41] COMMAND IsElementDisplayed {
   "id": "0.7158958713201253-3"
}
[1552246842.894][INFO]: Waiting for pending navigations...
[1552246842.894][INFO]: Done waiting for pending navigations. Status: ok
[1552246842.899][INFO]: Waiting for pending navigations...
[1552246842.900][INFO]: Done waiting for pending navigations. Status: ok
[1552246842.900][INFO]: [cfdaba36b490bc7b4507df35137bbd41] RESPONSE IsElementDisplayed true
[1552246842.904][INFO]: [cfdaba36b490bc7b4507df35137bbd41] COMMAND FindElement {
   "using": "id",
   "value": "menu-btn"
}
[1552246842.904][INFO]: Waiting for pending navigations...
[1552246842.905][INFO]: Done waiting for pending navigations. Status: ok
[1552246842.909][INFO]: Waiting for pending navigations...
[1552246842.910][INFO]: Done waiting for pending navigations. Status: ok
[1552246842.910][INFO]: [cfdaba36b490bc7b4507df35137bbd41] RESPONSE FindElement {
   "ELEMENT": "0.7158958713201253-3"
}
[1552246842.914][INFO]: [cfdaba36b490bc7b4507df35137bbd41] COMMAND ClickElement {
   "id": "0.7158958713201253-3"
}
[1552246842.914][INFO]: Waiting for pending navigations...
[1552246842.915][INFO]: Done waiting for pending navigations. Status: ok
[1552246842.959][INFO]: Waiting for pending navigations...
[1552246842.960][INFO]: Done waiting for pending navigations. Status: ok
[1552246842.960][INFO]: [cfdaba36b490bc7b4507df35137bbd41] RESPONSE ClickElement
[1552246842.963][INFO]: [cfdaba36b490bc7b4507df35137bbd41] COMMAND FindElement {
   "using": "id",
   "value": "menu-btn"
}
[1552246842.964][INFO]: Waiting for pending navigations...
[1552246842.964][INFO]: Done waiting for pending navigations. Status: ok
[1552246842.972][INFO]: Waiting for pending navigations...
[1552246842.974][INFO]: Done waiting for pending navigations. Status: ok
[1552246842.974][INFO]: [cfdaba36b490bc7b4507df35137bbd41] RESPONSE FindElement {
   "ELEMENT": "0.7158958713201253-3"
}
[1552246842.977][INFO]: [cfdaba36b490bc7b4507df35137bbd41] COMMAND GetElementText {
   "id": "0.7158958713201253-3"
}
[1552246842.977][INFO]: Waiting for pending navigations...
[1552246842.978][INFO]: Done waiting for pending navigations. Status: ok
[1552246842.983][INFO]: Waiting for pending navigations...
[1552246842.984][INFO]: Done waiting for pending navigations. Status: ok
[1552246842.984][INFO]: [cfdaba36b490bc7b4507df35137bbd41] RESPONSE GetElementText "Menu"
[1552246842.986][INFO]: [cfdaba36b490bc7b4507df35137bbd41] COMMAND Screenshot {

}
[1552246842.986][INFO]: Waiting for pending navigations...
[1552246842.988][INFO]: Done waiting for pending navigations. Status: ok
[1552246843.303][INFO]: Waiting for pending navigations...
[1552246843.304][INFO]: Done waiting for pending navigations. Status: ok
[1552246843.304][INFO]: [cfdaba36b490bc7b4507df35137bbd41] RESPONSE Screenshot "iVBORw0KGgoAAAANSUhEUgAAB4AAAANRCAYAAAACj6FfAAAgAElEQVR4nOzde5SX9X0v+vdvGObCCAyI3ER0FC/gDYhaoRojxDRizQWSdheatKnu7Ebc6WkgWXtvTXZPoz09BtJ1Wkl62pB0JwfSNIXUpMHsJmLQBKxaMBodxcsgoAyKzCAMM8Awc/7gNsCAt2GG+..."
[1552246843.326][INFO]: [cfdaba36b490bc7b4507df35137bbd41] COMMAND Quit {

}
[1552246843.373][INFO]: [cfdaba36b490bc7b4507df35137bbd41] RESPONSE Quit
