[1552243436.964][INFO]: Starting ChromeDriver 73.0.3683.68 (47787ec04b6e38e22703e856e101e840b65afe72)
[1552243436.964][INFO]: Please protect ports used by ChromeDriver and related test frameworks to prevent access by malicious code.
[1552243437.777][INFO]: [909c4158d29589f71f5b99ccd049ddf7] COMMAND InitSession {
   "capabilities": {
      "firstMatch": [ {
         "browserName": "chrome",
         "goog:chromeOptions": {
            "args": [ "chrome.switches", "--disable-extensions", "chrome.switches", "test-type", "chrome.switches", "start-maximized", "chrome.switches", "no-sandbox" ],
            "extensions": [  ],
            "useAutomationExtension": false
         }
      } ]
   },
   "desiredCapabilities": {
      "browserName": "chrome",
      "goog:chromeOptions": {
         "args": [ "chrome.switches", "--disable-extensions", "chrome.switches", "test-type", "chrome.switches", "start-maximized", "chrome.switches", "no-sandbox" ],
         "extensions": [  ],
         "useAutomationExtension": false
      }
   }
}
[1552243437.783][INFO]: Populating Preferences file: {
   "alternate_error_pages": {
      "enabled": false
   },
   "autofill": {
      "enabled": false
   },
   "browser": {
      "check_default_browser": false
   },
   "distribution": {
      "import_bookmarks": false,
      "import_history": false,
      "import_search_engine": false,
      "make_chrome_default_for_user": false,
      "skip_first_run_ui": true
   },
   "dns_prefetching": {
      "enabled": false
   },
   "profile": {
      "content_settings": {
         "pattern_pairs": {
            "https://*,*": {
               "media-stream": {
                  "audio": "Default",
                  "video": "Default"
               }
            }
         }
      },
      "default_content_setting_values": {
         "geolocation": 1
      },
      "default_content_settings": {
         "geolocation": 1,
         "mouselock": 1,
         "notifications": 1,
         "popups": 1,
         "ppapi-broker": 1
      },
      "password_manager_enabled": false
   },
   "safebrowsing": {
      "enabled": false
   },
   "search": {
      "suggest_enabled": false
   },
   "translate": {
      "enabled": false
   }
}
[1552243437.796][INFO]: Populating Local State file: {
   "background_mode": {
      "enabled": false
   },
   "ssl": {
      "rev_checking": {
         "enabled": false
      }
   }
}
[1552243437.811][INFO]: Launching chrome: "C:\Program Files (x86)\Google\Chrome\Application\chrome.exe" --chrome.switches --disable-background-networking --disable-client-side-phishing-detection --disable-default-apps --disable-extensions --disable-hang-monitor --disable-popup-blocking --disable-prompt-on-repost --disable-sync --disable-web-resources --enable-automation --enable-blink-features=ShadowDOMV0 --enable-logging --force-fieldtrials=SiteIsolationExtensions/Control --ignore-certificate-errors --log-level=0 --metrics-recording-only --no-first-run --no-sandbox --password-store=basic --remote-debugging-port=0 --start-maximized --test-type --use-mock-keychain --user-data-dir="C:\Users\KAVITH~1\AppData\Local\Temp\scoped_dir4868_4471" data:,
[1552243438.348][INFO]: resolved localhost to ["::1","127.0.0.1"]
[1552243439.362][INFO]: [909c4158d29589f71f5b99ccd049ddf7] RESPONSE InitSession {
   "acceptInsecureCerts": false,
   "acceptSslCerts": false,
   "applicationCacheEnabled": false,
   "browserConnectionEnabled": false,
   "browserName": "chrome",
   "chrome": {
      "chromedriverVersion": "73.0.3683.68 (47787ec04b6e38e22703e856e101e840b65afe72)",
      "userDataDir": "C:\\Users\\KAVITH~1\\AppData\\Local\\Temp\\scoped_dir4868_4471"
   },
   "cssSelectorsEnabled": true,
   "databaseEnabled": false,
   "goog:chromeOptions": {
      "debuggerAddress": "localhost:49493"
   },
   "handlesAlerts": true,
   "hasTouchScreen": false,
   "javascriptEnabled": true,
   "locationContextEnabled": true,
   "mobileEmulationEnabled": false,
   "nativeEvents": true,
   "networkConnectionEnabled": false,
   "pageLoadStrategy": "normal",
   "platform": "Windows NT",
   "proxy": {

   },
   "~~~": "..."
}
[1552243439.402][INFO]: [909c4158d29589f71f5b99ccd049ddf7] COMMAND MaximizeWindow {
   "handle": "current",
   "windowHandle": "current"
}
[1552243439.402][INFO]: Waiting for pending navigations...
[1552243439.411][INFO]: Done waiting for pending navigations. Status: ok
[1552243439.411][INFO]: resolved localhost to ["::1","127.0.0.1"]
[1552243440.415][INFO]: Waiting for pending navigations...
[1552243440.416][INFO]: Done waiting for pending navigations. Status: ok
[1552243440.416][INFO]: [909c4158d29589f71f5b99ccd049ddf7] RESPONSE MaximizeWindow {
   "height": 696,
   "width": 1296,
   "x": -8,
   "y": -8
}
[1552243440.423][INFO]: [909c4158d29589f71f5b99ccd049ddf7] COMMAND SetTimeouts {
   "ms": 30000,
   "type": "implicit"
}
[1552243440.423][INFO]: [909c4158d29589f71f5b99ccd049ddf7] RESPONSE SetTimeouts
[1552243440.427][INFO]: [909c4158d29589f71f5b99ccd049ddf7] COMMAND SetTimeouts {
   "ms": 60000,
   "type": "page load"
}
[1552243440.427][INFO]: [909c4158d29589f71f5b99ccd049ddf7] RESPONSE SetTimeouts
[1552243440.430][INFO]: [909c4158d29589f71f5b99ccd049ddf7] COMMAND Navigate {
   "url": "http://localhost:3000/"
}
[1552243440.430][INFO]: Waiting for pending navigations...
[1552243440.431][INFO]: Done waiting for pending navigations. Status: ok
[1552243440.781][INFO]: Waiting for pending navigations...
[1552243441.829][INFO]: Done waiting for pending navigations. Status: ok
[1552243441.829][INFO]: [909c4158d29589f71f5b99ccd049ddf7] RESPONSE Navigate
[1552243441.894][INFO]: [909c4158d29589f71f5b99ccd049ddf7] COMMAND FindElement {
   "using": "id",
   "value": "brand-logo"
}
[1552243441.895][INFO]: Waiting for pending navigations...
[1552243441.898][INFO]: Done waiting for pending navigations. Status: ok
[1552243441.917][INFO]: Waiting for pending navigations...
[1552243441.921][INFO]: Done waiting for pending navigations. Status: ok
[1552243441.921][INFO]: [909c4158d29589f71f5b99ccd049ddf7] RESPONSE FindElement {
   "ELEMENT": "0.3243993362898556-1"
}
[1552243441.928][INFO]: [909c4158d29589f71f5b99ccd049ddf7] COMMAND IsElementDisplayed {
   "id": "0.3243993362898556-1"
}
[1552243441.928][INFO]: Waiting for pending navigations...
[1552243441.930][INFO]: Done waiting for pending navigations. Status: ok
[1552243441.941][INFO]: Waiting for pending navigations...
[1552243441.942][INFO]: Done waiting for pending navigations. Status: ok
[1552243441.942][INFO]: [909c4158d29589f71f5b99ccd049ddf7] RESPONSE IsElementDisplayed true
[1552243441.957][INFO]: [909c4158d29589f71f5b99ccd049ddf7] COMMAND Screenshot {

}
[1552243441.957][INFO]: Waiting for pending navigations...
[1552243441.958][INFO]: Done waiting for pending navigations. Status: ok
[1552243442.290][INFO]: Waiting for pending navigations...
[1552243442.291][INFO]: Done waiting for pending navigations. Status: ok
[1552243442.291][INFO]: [909c4158d29589f71f5b99ccd049ddf7] RESPONSE Screenshot "iVBORw0KGgoAAAANSUhEUgAAB4AAAANRCAYAAAACj6FfAAAgAElEQVR4nOzde5RX9WHv/c9vBuYCjgyI3LyOlygoKhgNEE0iahqxJhGa9BSibaonreJJnxNI1mk16Xmq9Omj0KynlaSnlaYnHkjTFNIkFdumYtVUrFowoo4adVBQBuUyXGdgbs8fAgIzYMCRy/b1W..."
[1552243442.314][INFO]: [909c4158d29589f71f5b99ccd049ddf7] COMMAND FindElement {
   "using": "id",
   "value": "brand-name"
}
[1552243442.314][INFO]: Waiting for pending navigations...
[1552243442.315][INFO]: Done waiting for pending navigations. Status: ok
[1552243442.322][INFO]: Waiting for pending navigations...
[1552243442.323][INFO]: Done waiting for pending navigations. Status: ok
[1552243442.323][INFO]: [909c4158d29589f71f5b99ccd049ddf7] RESPONSE FindElement {
   "ELEMENT": "0.3243993362898556-2"
}
[1552243442.325][INFO]: [909c4158d29589f71f5b99ccd049ddf7] COMMAND IsElementDisplayed {
   "id": "0.3243993362898556-2"
}
[1552243442.325][INFO]: Waiting for pending navigations...
[1552243442.328][INFO]: Done waiting for pending navigations. Status: ok
[1552243442.339][INFO]: Waiting for pending navigations...
[1552243442.340][INFO]: Done waiting for pending navigations. Status: ok
[1552243442.340][INFO]: [909c4158d29589f71f5b99ccd049ddf7] RESPONSE IsElementDisplayed true
[1552243442.342][INFO]: [909c4158d29589f71f5b99ccd049ddf7] COMMAND Screenshot {

}
[1552243442.342][INFO]: Waiting for pending navigations...
[1552243442.343][INFO]: Done waiting for pending navigations. Status: ok
[1552243442.658][INFO]: Waiting for pending navigations...
[1552243442.659][INFO]: Done waiting for pending navigations. Status: ok
[1552243442.659][INFO]: [909c4158d29589f71f5b99ccd049ddf7] RESPONSE Screenshot "iVBORw0KGgoAAAANSUhEUgAAB4AAAANRCAYAAAACj6FfAAAgAElEQVR4nOzde5RX9WHv/c9vBuYCjgyI3LyOlygoKhgNEE0iahqxJhGa9BSibaonreJJnxNI1mk16Xmq9Omj0KynlaSnlaYnHkjTFNIkFdumYtVUrFowoo4adVBQBuUyXGdgbs8fAgIzYMCRy/b1W..."
[1552243442.672][INFO]: [909c4158d29589f71f5b99ccd049ddf7] COMMAND FindElement {
   "using": "id",
   "value": "menu-btn"
}
[1552243442.672][INFO]: Waiting for pending navigations...
[1552243442.672][INFO]: Done waiting for pending navigations. Status: ok
[1552243442.682][INFO]: Waiting for pending navigations...
[1552243442.682][INFO]: Done waiting for pending navigations. Status: ok
[1552243442.682][INFO]: [909c4158d29589f71f5b99ccd049ddf7] RESPONSE FindElement {
   "ELEMENT": "0.3243993362898556-3"
}
[1552243442.684][INFO]: [909c4158d29589f71f5b99ccd049ddf7] COMMAND IsElementDisplayed {
   "id": "0.3243993362898556-3"
}
[1552243442.684][INFO]: Waiting for pending navigations...
[1552243442.684][INFO]: Done waiting for pending navigations. Status: ok
[1552243442.693][INFO]: Waiting for pending navigations...
[1552243442.694][INFO]: Done waiting for pending navigations. Status: ok
[1552243442.694][INFO]: [909c4158d29589f71f5b99ccd049ddf7] RESPONSE IsElementDisplayed true
[1552243442.695][INFO]: [909c4158d29589f71f5b99ccd049ddf7] COMMAND Screenshot {

}
[1552243442.695][INFO]: Waiting for pending navigations...
[1552243442.696][INFO]: Done waiting for pending navigations. Status: ok
[1552243442.970][INFO]: Waiting for pending navigations...
[1552243442.971][INFO]: Done waiting for pending navigations. Status: ok
[1552243442.971][INFO]: [909c4158d29589f71f5b99ccd049ddf7] RESPONSE Screenshot "iVBORw0KGgoAAAANSUhEUgAAB4AAAANRCAYAAAACj6FfAAAgAElEQVR4nOzde5RX9WHv/c9vBuYCjgyI3LyOlygoKhgNEE0iahqxJhGa9BSibaonreJJnxNI1mk16Xmq9Omj0KynlaSnlaYnHkjTFNIkFdumYtVUrFowoo4adVBQBuUyXGdgbs8fAgIzYMCRy/b1W..."
[1552243442.985][INFO]: [909c4158d29589f71f5b99ccd049ddf7] COMMAND FindElement {
   "using": "id",
   "value": "menu-btn"
}
[1552243442.985][INFO]: Waiting for pending navigations...
[1552243442.986][INFO]: Done waiting for pending navigations. Status: ok
[1552243442.992][INFO]: Waiting for pending navigations...
[1552243442.993][INFO]: Done waiting for pending navigations. Status: ok
[1552243442.993][INFO]: [909c4158d29589f71f5b99ccd049ddf7] RESPONSE FindElement {
   "ELEMENT": "0.3243993362898556-3"
}
[1552243442.996][INFO]: [909c4158d29589f71f5b99ccd049ddf7] COMMAND ClickElement {
   "id": "0.3243993362898556-3"
}
[1552243442.996][INFO]: Waiting for pending navigations...
[1552243442.997][INFO]: Done waiting for pending navigations. Status: ok
[1552243443.049][INFO]: Waiting for pending navigations...
[1552243443.051][INFO]: Done waiting for pending navigations. Status: ok
[1552243443.051][INFO]: [909c4158d29589f71f5b99ccd049ddf7] RESPONSE ClickElement
[1552243444.056][INFO]: [909c4158d29589f71f5b99ccd049ddf7] COMMAND FindElement {
   "using": "id",
   "value": "menu-btn"
}
[1552243444.056][INFO]: Waiting for pending navigations...
[1552243444.057][INFO]: Done waiting for pending navigations. Status: ok
[1552243444.067][INFO]: Waiting for pending navigations...
[1552243444.070][INFO]: Done waiting for pending navigations. Status: ok
[1552243444.070][INFO]: [909c4158d29589f71f5b99ccd049ddf7] RESPONSE FindElement {
   "ELEMENT": "0.3243993362898556-3"
}
[1552243444.074][INFO]: [909c4158d29589f71f5b99ccd049ddf7] COMMAND GetElementText {
   "id": "0.3243993362898556-3"
}
[1552243444.074][INFO]: Waiting for pending navigations...
[1552243444.075][INFO]: Done waiting for pending navigations. Status: ok
[1552243444.092][INFO]: Waiting for pending navigations...
[1552243444.095][INFO]: Done waiting for pending navigations. Status: ok
[1552243444.095][INFO]: [909c4158d29589f71f5b99ccd049ddf7] RESPONSE GetElementText "Close"
[1552243444.097][INFO]: [909c4158d29589f71f5b99ccd049ddf7] COMMAND Screenshot {

}
[1552243444.097][INFO]: Waiting for pending navigations...
[1552243444.098][INFO]: Done waiting for pending navigations. Status: ok
[1552243444.377][INFO]: Waiting for pending navigations...
[1552243444.378][INFO]: Done waiting for pending navigations. Status: ok
[1552243444.378][INFO]: [909c4158d29589f71f5b99ccd049ddf7] RESPONSE Screenshot "iVBORw0KGgoAAAANSUhEUgAAB4AAAANRCAYAAAACj6FfAAAgAElEQVR4nOzde3RU533v/8+MBknDeNDogpCEEAwI5EHmIhkrIJtgJNe1ocQGslwOOEl9RNvUkPrYImfld6Cn53cKqX8JclZPgJNfDmrqtvBz0oDruCZuGoExCVCFCgwWMiAQCIEuSIyEEKPLaPT7Q..."
[1552243444.391][INFO]: [909c4158d29589f71f5b99ccd049ddf7] COMMAND FindElement {
   "using": "id",
   "value": "what-are-link"
}
[1552243444.391][INFO]: Waiting for pending navigations...
[1552243444.392][INFO]: Done waiting for pending navigations. Status: ok
[1552243444.403][INFO]: Waiting for pending navigations...
[1552243444.404][INFO]: Done waiting for pending navigations. Status: ok
[1552243444.404][INFO]: [909c4158d29589f71f5b99ccd049ddf7] RESPONSE FindElement {
   "ELEMENT": "0.3243993362898556-4"
}
[1552243444.406][INFO]: [909c4158d29589f71f5b99ccd049ddf7] COMMAND IsElementDisplayed {
   "id": "0.3243993362898556-4"
}
[1552243444.406][INFO]: Waiting for pending navigations...
[1552243444.407][INFO]: Done waiting for pending navigations. Status: ok
[1552243444.415][INFO]: Waiting for pending navigations...
[1552243444.417][INFO]: Done waiting for pending navigations. Status: ok
[1552243444.417][INFO]: [909c4158d29589f71f5b99ccd049ddf7] RESPONSE IsElementDisplayed true
[1552243444.419][INFO]: [909c4158d29589f71f5b99ccd049ddf7] COMMAND Screenshot {

}
[1552243444.419][INFO]: Waiting for pending navigations...
[1552243444.420][INFO]: Done waiting for pending navigations. Status: ok
[1552243444.712][INFO]: Waiting for pending navigations...
[1552243444.719][INFO]: Done waiting for pending navigations. Status: ok
[1552243444.719][INFO]: [909c4158d29589f71f5b99ccd049ddf7] RESPONSE Screenshot "iVBORw0KGgoAAAANSUhEUgAAB4AAAANRCAYAAAACj6FfAAAgAElEQVR4nOzde3RU533v/8+MBknDeNDogpCEEAwI5EHmIhkrIJtgJNe1ocQGslwOOEl9RNvUkPrYImfld6Cn53cKqX8JclZPgJNfDmrqtvBz0oDruCZuGoExCVCFCgwWMiAQCIEuSIyEEKPLaPT7Q..."
[1552243444.731][INFO]: [909c4158d29589f71f5b99ccd049ddf7] COMMAND FindElement {
   "using": "id",
   "value": "what-are-link"
}
[1552243444.731][INFO]: Waiting for pending navigations...
[1552243444.732][INFO]: Done waiting for pending navigations. Status: ok
[1552243444.737][INFO]: Waiting for pending navigations...
[1552243444.738][INFO]: Done waiting for pending navigations. Status: ok
[1552243444.738][INFO]: [909c4158d29589f71f5b99ccd049ddf7] RESPONSE FindElement {
   "ELEMENT": "0.3243993362898556-4"
}
[1552243444.740][INFO]: [909c4158d29589f71f5b99ccd049ddf7] COMMAND GetElementText {
   "id": "0.3243993362898556-4"
}
[1552243444.740][INFO]: Waiting for pending navigations...
[1552243444.741][INFO]: Done waiting for pending navigations. Status: ok
[1552243444.752][INFO]: Waiting for pending navigations...
[1552243444.753][INFO]: Done waiting for pending navigations. Status: ok
[1552243444.753][INFO]: [909c4158d29589f71f5b99ccd049ddf7] RESPONSE GetElementText "What are Child Labor and Forced Labor?"
[1552243444.757][INFO]: [909c4158d29589f71f5b99ccd049ddf7] COMMAND FindElement {
   "using": "id",
   "value": "what-are-link"
}
[1552243444.757][INFO]: Waiting for pending navigations...
[1552243444.758][INFO]: Done waiting for pending navigations. Status: ok
[1552243444.762][INFO]: Waiting for pending navigations...
[1552243444.763][INFO]: Done waiting for pending navigations. Status: ok
[1552243444.763][INFO]: [909c4158d29589f71f5b99ccd049ddf7] RESPONSE FindElement {
   "ELEMENT": "0.3243993362898556-4"
}
[1552243444.764][INFO]: [909c4158d29589f71f5b99ccd049ddf7] COMMAND GetElementAttribute {
   "id": "0.3243993362898556-4",
   "name": "href"
}
[1552243444.764][INFO]: Waiting for pending navigations...
[1552243444.765][INFO]: Done waiting for pending navigations. Status: ok
[1552243444.769][INFO]: Waiting for pending navigations...
[1552243444.770][INFO]: Done waiting for pending navigations. Status: ok
[1552243444.770][INFO]: [909c4158d29589f71f5b99ccd049ddf7] RESPONSE GetElementAttribute "http://localhost:3000/what-are"
[1552243444.771][INFO]: [909c4158d29589f71f5b99ccd049ddf7] COMMAND Screenshot {

}
[1552243444.771][INFO]: Waiting for pending navigations...
[1552243444.772][INFO]: Done waiting for pending navigations. Status: ok
[1552243445.062][INFO]: Waiting for pending navigations...
[1552243445.063][INFO]: Done waiting for pending navigations. Status: ok
[1552243445.063][INFO]: [909c4158d29589f71f5b99ccd049ddf7] RESPONSE Screenshot "iVBORw0KGgoAAAANSUhEUgAAB4AAAANRCAYAAAACj6FfAAAgAElEQVR4nOzde3RU533v/8+MBknDeNDogpCEEAwI5EHmIhkrIJtgJNe1ocQGslwOOEl9RNvUkPrYImfld6Cn53cKqX8JclZPgJNfDmrqtvBz0oDruCZuGoExCVCFCgwWMiAQCIEuSIyEEKPLaPT7Q..."
[1552243445.086][INFO]: [909c4158d29589f71f5b99ccd049ddf7] COMMAND FindElement {
   "using": "id",
   "value": "why-develop-link"
}
[1552243445.086][INFO]: Waiting for pending navigations...
[1552243445.087][INFO]: Done waiting for pending navigations. Status: ok
[1552243445.095][INFO]: Waiting for pending navigations...
[1552243445.096][INFO]: Done waiting for pending navigations. Status: ok
[1552243445.096][INFO]: [909c4158d29589f71f5b99ccd049ddf7] RESPONSE FindElement {
   "ELEMENT": "0.3243993362898556-5"
}
[1552243445.097][INFO]: [909c4158d29589f71f5b99ccd049ddf7] COMMAND IsElementDisplayed {
   "id": "0.3243993362898556-5"
}
[1552243445.098][INFO]: Waiting for pending navigations...
[1552243445.098][INFO]: Done waiting for pending navigations. Status: ok
[1552243445.107][INFO]: Waiting for pending navigations...
[1552243445.108][INFO]: Done waiting for pending navigations. Status: ok
[1552243445.108][INFO]: [909c4158d29589f71f5b99ccd049ddf7] RESPONSE IsElementDisplayed true
[1552243445.110][INFO]: [909c4158d29589f71f5b99ccd049ddf7] COMMAND Screenshot {

}
[1552243445.110][INFO]: Waiting for pending navigations...
[1552243445.111][INFO]: Done waiting for pending navigations. Status: ok
[1552243445.435][INFO]: Waiting for pending navigations...
[1552243445.438][INFO]: Done waiting for pending navigations. Status: ok
[1552243445.438][INFO]: [909c4158d29589f71f5b99ccd049ddf7] RESPONSE Screenshot "iVBORw0KGgoAAAANSUhEUgAAB4AAAANRCAYAAAACj6FfAAAgAElEQVR4nOzde3RU533v/8+MBknDeNDogpCEEAwI5EHmIhkrIJtgJNe1ocQGslwOOEl9RNvUkPrYImfld6Cn53cKqX8JclZPgJNfDmrqtvBz0oDruCZuGoExCVCFCgwWMiAQCIEuSIyEEKPLaPT7Q..."
[1552243445.457][INFO]: [909c4158d29589f71f5b99ccd049ddf7] COMMAND FindElement {
   "using": "id",
   "value": "why-develop-link"
}
[1552243445.457][INFO]: Waiting for pending navigations...
[1552243445.458][INFO]: Done waiting for pending navigations. Status: ok
[1552243445.463][INFO]: Waiting for pending navigations...
[1552243445.464][INFO]: Done waiting for pending navigations. Status: ok
[1552243445.464][INFO]: [909c4158d29589f71f5b99ccd049ddf7] RESPONSE FindElement {
   "ELEMENT": "0.3243993362898556-5"
}
[1552243445.465][INFO]: [909c4158d29589f71f5b99ccd049ddf7] COMMAND GetElementText {
   "id": "0.3243993362898556-5"
}
[1552243445.465][INFO]: Waiting for pending navigations...
[1552243445.466][INFO]: Done waiting for pending navigations. Status: ok
[1552243445.477][INFO]: Waiting for pending navigations...
[1552243445.484][INFO]: Done waiting for pending navigations. Status: ok
[1552243445.484][INFO]: [909c4158d29589f71f5b99ccd049ddf7] RESPONSE GetElementText "Why Develop a Social Compliance System?"
[1552243445.488][INFO]: [909c4158d29589f71f5b99ccd049ddf7] COMMAND FindElement {
   "using": "id",
   "value": "why-develop-link"
}
[1552243445.488][INFO]: Waiting for pending navigations...
[1552243445.490][INFO]: Done waiting for pending navigations. Status: ok
[1552243445.495][INFO]: Waiting for pending navigations...
[1552243445.497][INFO]: Done waiting for pending navigations. Status: ok
[1552243445.497][INFO]: [909c4158d29589f71f5b99ccd049ddf7] RESPONSE FindElement {
   "ELEMENT": "0.3243993362898556-5"
}
[1552243445.503][INFO]: [909c4158d29589f71f5b99ccd049ddf7] COMMAND GetElementAttribute {
   "id": "0.3243993362898556-5",
   "name": "href"
}
[1552243445.503][INFO]: Waiting for pending navigations...
[1552243445.504][INFO]: Done waiting for pending navigations. Status: ok
[1552243445.507][INFO]: Waiting for pending navigations...
[1552243445.508][INFO]: Done waiting for pending navigations. Status: ok
[1552243445.508][INFO]: [909c4158d29589f71f5b99ccd049ddf7] RESPONSE GetElementAttribute "http://localhost:3000/why-develop"
[1552243445.510][INFO]: [909c4158d29589f71f5b99ccd049ddf7] COMMAND Screenshot {

}
[1552243445.510][INFO]: Waiting for pending navigations...
[1552243445.511][INFO]: Done waiting for pending navigations. Status: ok
[1552243445.807][INFO]: Waiting for pending navigations...
[1552243445.808][INFO]: Done waiting for pending navigations. Status: ok
[1552243445.808][INFO]: [909c4158d29589f71f5b99ccd049ddf7] RESPONSE Screenshot "iVBORw0KGgoAAAANSUhEUgAAB4AAAANRCAYAAAACj6FfAAAgAElEQVR4nOzde3RU533v/8+MBknDeNDogpCEEAwI5EHmIhkrIJtgJNe1ocQGslwOOEl9RNvUkPrYImfld6Cn53cKqX8JclZPgJNfDmrqtvBz0oDruCZuGoExCVCFCgwWMiAQCIEuSIyEEKPLaPT7Q..."
[1552243445.821][INFO]: [909c4158d29589f71f5b99ccd049ddf7] COMMAND FindElement {
   "using": "id",
   "value": "basics-link"
}
[1552243445.821][INFO]: Waiting for pending navigations...
[1552243445.821][INFO]: Done waiting for pending navigations. Status: ok
[1552243445.835][INFO]: Waiting for pending navigations...
[1552243445.836][INFO]: Done waiting for pending navigations. Status: ok
[1552243445.836][INFO]: [909c4158d29589f71f5b99ccd049ddf7] RESPONSE FindElement {
   "ELEMENT": "0.3243993362898556-6"
}
[1552243445.838][INFO]: [909c4158d29589f71f5b99ccd049ddf7] COMMAND IsElementDisplayed {
   "id": "0.3243993362898556-6"
}
[1552243445.838][INFO]: Waiting for pending navigations...
[1552243445.839][INFO]: Done waiting for pending navigations. Status: ok
[1552243445.847][INFO]: Waiting for pending navigations...
[1552243445.848][INFO]: Done waiting for pending navigations. Status: ok
[1552243445.848][INFO]: [909c4158d29589f71f5b99ccd049ddf7] RESPONSE IsElementDisplayed true
[1552243445.849][INFO]: [909c4158d29589f71f5b99ccd049ddf7] COMMAND Screenshot {

}
[1552243445.850][INFO]: Waiting for pending navigations...
[1552243445.851][INFO]: Done waiting for pending navigations. Status: ok
[1552243446.146][INFO]: Waiting for pending navigations...
[1552243446.147][INFO]: Done waiting for pending navigations. Status: ok
[1552243446.147][INFO]: [909c4158d29589f71f5b99ccd049ddf7] RESPONSE Screenshot "iVBORw0KGgoAAAANSUhEUgAAB4AAAANRCAYAAAACj6FfAAAgAElEQVR4nOzde3RU533v/8+MBknDeNDogpCEEAwI5EHmIhkrIJtgJNe1ocQGslwOOEl9RNvUkPrYImfld6Cn53cKqX8JclZPgJNfDmrqtvBz0oDruCZuGoExCVCFCgwWMiAQCIEuSIyEEKPLaPT7Q..."
[1552243446.159][INFO]: [909c4158d29589f71f5b99ccd049ddf7] COMMAND FindElement {
   "using": "id",
   "value": "basics-link"
}
[1552243446.159][INFO]: Waiting for pending navigations...
[1552243446.160][INFO]: Done waiting for pending navigations. Status: ok
[1552243446.164][INFO]: Waiting for pending navigations...
[1552243446.165][INFO]: Done waiting for pending navigations. Status: ok
[1552243446.165][INFO]: [909c4158d29589f71f5b99ccd049ddf7] RESPONSE FindElement {
   "ELEMENT": "0.3243993362898556-6"
}
[1552243446.167][INFO]: [909c4158d29589f71f5b99ccd049ddf7] COMMAND GetElementText {
   "id": "0.3243993362898556-6"
}
[1552243446.167][INFO]: Waiting for pending navigations...
[1552243446.168][INFO]: Done waiting for pending navigations. Status: ok
[1552243446.184][INFO]: Waiting for pending navigations...
[1552243446.186][INFO]: Done waiting for pending navigations. Status: ok
[1552243446.186][INFO]: [909c4158d29589f71f5b99ccd049ddf7] RESPONSE GetElementText "Basics of a Social Compliance System"
[1552243446.191][INFO]: [909c4158d29589f71f5b99ccd049ddf7] COMMAND FindElement {
   "using": "id",
   "value": "basics-link"
}
[1552243446.191][INFO]: Waiting for pending navigations...
[1552243446.192][INFO]: Done waiting for pending navigations. Status: ok
[1552243446.197][INFO]: Waiting for pending navigations...
[1552243446.198][INFO]: Done waiting for pending navigations. Status: ok
[1552243446.198][INFO]: [909c4158d29589f71f5b99ccd049ddf7] RESPONSE FindElement {
   "ELEMENT": "0.3243993362898556-6"
}
[1552243446.199][INFO]: [909c4158d29589f71f5b99ccd049ddf7] COMMAND GetElementAttribute {
   "id": "0.3243993362898556-6",
   "name": "href"
}
[1552243446.199][INFO]: Waiting for pending navigations...
[1552243446.200][INFO]: Done waiting for pending navigations. Status: ok
[1552243446.203][INFO]: Waiting for pending navigations...
[1552243446.204][INFO]: Done waiting for pending navigations. Status: ok
[1552243446.204][INFO]: [909c4158d29589f71f5b99ccd049ddf7] RESPONSE GetElementAttribute "http://localhost:3000/basics"
[1552243446.205][INFO]: [909c4158d29589f71f5b99ccd049ddf7] COMMAND Screenshot {

}
[1552243446.205][INFO]: Waiting for pending navigations...
[1552243446.205][INFO]: Done waiting for pending navigations. Status: ok
[1552243446.484][INFO]: Waiting for pending navigations...
[1552243446.485][INFO]: Done waiting for pending navigations. Status: ok
[1552243446.485][INFO]: [909c4158d29589f71f5b99ccd049ddf7] RESPONSE Screenshot "iVBORw0KGgoAAAANSUhEUgAAB4AAAANRCAYAAAACj6FfAAAgAElEQVR4nOzde3RU533v/8+MBknDeNDogpCEEAwI5EHmIhkrIJtgJNe1ocQGslwOOEl9RNvUkPrYImfld6Cn53cKqX8JclZPgJNfDmrqtvBz0oDruCZuGoExCVCFCgwWMiAQCIEuSIyEEKPLaPT7Q..."
[1552243446.517][INFO]: [909c4158d29589f71f5b99ccd049ddf7] COMMAND FindElement {
   "using": "id",
   "value": "steps-dropdown"
}
[1552243446.517][INFO]: Waiting for pending navigations...
[1552243446.519][INFO]: Done waiting for pending navigations. Status: ok
[1552243446.530][INFO]: Waiting for pending navigations...
[1552243446.531][INFO]: Done waiting for pending navigations. Status: ok
[1552243446.531][INFO]: [909c4158d29589f71f5b99ccd049ddf7] RESPONSE FindElement {
   "ELEMENT": "0.3243993362898556-7"
}
[1552243446.532][INFO]: [909c4158d29589f71f5b99ccd049ddf7] COMMAND IsElementDisplayed {
   "id": "0.3243993362898556-7"
}
[1552243446.532][INFO]: Waiting for pending navigations...
[1552243446.533][INFO]: Done waiting for pending navigations. Status: ok
[1552243446.541][INFO]: Waiting for pending navigations...
[1552243446.542][INFO]: Done waiting for pending navigations. Status: ok
[1552243446.543][INFO]: [909c4158d29589f71f5b99ccd049ddf7] RESPONSE IsElementDisplayed true
[1552243446.546][INFO]: [909c4158d29589f71f5b99ccd049ddf7] COMMAND Screenshot {

}
[1552243446.546][INFO]: Waiting for pending navigations...
[1552243446.548][INFO]: Done waiting for pending navigations. Status: ok
[1552243446.846][INFO]: Waiting for pending navigations...
[1552243446.847][INFO]: Done waiting for pending navigations. Status: ok
[1552243446.847][INFO]: [909c4158d29589f71f5b99ccd049ddf7] RESPONSE Screenshot "iVBORw0KGgoAAAANSUhEUgAAB4AAAANRCAYAAAACj6FfAAAgAElEQVR4nOzde3RU533v/8+MBknDeNDogpCEEAwI5EHmIhkrIJtgJNe1ocQGslwOOEl9RNvUkPrYImfld6Cn53cKqX8JclZPgJNfDmrqtvBz0oDruCZuGoExCVCFCgwWMiAQCIEuSIyEEKPLaPT7Q..."
[1552243446.859][INFO]: [909c4158d29589f71f5b99ccd049ddf7] COMMAND FindElement {
   "using": "id",
   "value": "steps-dropdown"
}
[1552243446.859][INFO]: Waiting for pending navigations...
[1552243446.860][INFO]: Done waiting for pending navigations. Status: ok
[1552243446.864][INFO]: Waiting for pending navigations...
[1552243446.867][INFO]: Done waiting for pending navigations. Status: ok
[1552243446.867][INFO]: [909c4158d29589f71f5b99ccd049ddf7] RESPONSE FindElement {
   "ELEMENT": "0.3243993362898556-7"
}
[1552243446.868][INFO]: [909c4158d29589f71f5b99ccd049ddf7] COMMAND GetElementText {
   "id": "0.3243993362898556-7"
}
[1552243446.868][INFO]: Waiting for pending navigations...
[1552243446.869][INFO]: Done waiting for pending navigations. Status: ok
[1552243446.880][INFO]: Waiting for pending navigations...
[1552243446.881][INFO]: Done waiting for pending navigations. Status: ok
[1552243446.881][INFO]: [909c4158d29589f71f5b99ccd049ddf7] RESPONSE GetElementText "Steps to a social compliance system"
[1552243446.882][INFO]: [909c4158d29589f71f5b99ccd049ddf7] COMMAND Screenshot {

}
[1552243446.882][INFO]: Waiting for pending navigations...
[1552243446.883][INFO]: Done waiting for pending navigations. Status: ok
[1552243447.174][INFO]: Waiting for pending navigations...
[1552243447.175][INFO]: Done waiting for pending navigations. Status: ok
[1552243447.175][INFO]: [909c4158d29589f71f5b99ccd049ddf7] RESPONSE Screenshot "iVBORw0KGgoAAAANSUhEUgAAB4AAAANRCAYAAAACj6FfAAAgAElEQVR4nOzde3RU533v/8+MBknDeNDogpCEEAwI5EHmIhkrIJtgJNe1ocQGslwOOEl9RNvUkPrYImfld6Cn53cKqX8JclZPgJNfDmrqtvBz0oDruCZuGoExCVCFCgwWMiAQCIEuSIyEEKPLaPT7Q..."
[1552243447.192][INFO]: [909c4158d29589f71f5b99ccd049ddf7] COMMAND FindElement {
   "using": "id",
   "value": "menu-btn"
}
[1552243447.192][INFO]: Waiting for pending navigations...
[1552243447.193][INFO]: Done waiting for pending navigations. Status: ok
[1552243447.197][INFO]: Waiting for pending navigations...
[1552243447.198][INFO]: Done waiting for pending navigations. Status: ok
[1552243447.198][INFO]: [909c4158d29589f71f5b99ccd049ddf7] RESPONSE FindElement {
   "ELEMENT": "0.3243993362898556-3"
}
[1552243447.199][INFO]: [909c4158d29589f71f5b99ccd049ddf7] COMMAND IsElementDisplayed {
   "id": "0.3243993362898556-3"
}
[1552243447.199][INFO]: Waiting for pending navigations...
[1552243447.201][INFO]: Done waiting for pending navigations. Status: ok
[1552243447.205][INFO]: Waiting for pending navigations...
[1552243447.205][INFO]: Done waiting for pending navigations. Status: ok
[1552243447.205][INFO]: [909c4158d29589f71f5b99ccd049ddf7] RESPONSE IsElementDisplayed true
[1552243447.210][INFO]: [909c4158d29589f71f5b99ccd049ddf7] COMMAND FindElement {
   "using": "id",
   "value": "menu-btn"
}
[1552243447.210][INFO]: Waiting for pending navigations...
[1552243447.213][INFO]: Done waiting for pending navigations. Status: ok
[1552243447.217][INFO]: Waiting for pending navigations...
[1552243447.218][INFO]: Done waiting for pending navigations. Status: ok
[1552243447.218][INFO]: [909c4158d29589f71f5b99ccd049ddf7] RESPONSE FindElement {
   "ELEMENT": "0.3243993362898556-3"
}
[1552243447.222][INFO]: [909c4158d29589f71f5b99ccd049ddf7] COMMAND ClickElement {
   "id": "0.3243993362898556-3"
}
[1552243447.222][INFO]: Waiting for pending navigations...
[1552243447.223][INFO]: Done waiting for pending navigations. Status: ok
[1552243447.254][INFO]: Waiting for pending navigations...
[1552243447.254][INFO]: Done waiting for pending navigations. Status: ok
[1552243447.254][INFO]: [909c4158d29589f71f5b99ccd049ddf7] RESPONSE ClickElement
[1552243447.257][INFO]: [909c4158d29589f71f5b99ccd049ddf7] COMMAND FindElement {
   "using": "id",
   "value": "menu-btn"
}
[1552243447.257][INFO]: Waiting for pending navigations...
[1552243447.260][INFO]: Done waiting for pending navigations. Status: ok
[1552243447.266][INFO]: Waiting for pending navigations...
[1552243447.267][INFO]: Done waiting for pending navigations. Status: ok
[1552243447.267][INFO]: [909c4158d29589f71f5b99ccd049ddf7] RESPONSE FindElement {
   "ELEMENT": "0.3243993362898556-3"
}
[1552243447.268][INFO]: [909c4158d29589f71f5b99ccd049ddf7] COMMAND GetElementText {
   "id": "0.3243993362898556-3"
}
[1552243447.268][INFO]: Waiting for pending navigations...
[1552243447.270][INFO]: Done waiting for pending navigations. Status: ok
[1552243447.279][INFO]: Waiting for pending navigations...
[1552243447.280][INFO]: Done waiting for pending navigations. Status: ok
[1552243447.280][INFO]: [909c4158d29589f71f5b99ccd049ddf7] RESPONSE GetElementText "Menu"
[1552243447.281][INFO]: [909c4158d29589f71f5b99ccd049ddf7] COMMAND Screenshot {

}
[1552243447.281][INFO]: Waiting for pending navigations...
[1552243447.283][INFO]: Done waiting for pending navigations. Status: ok
[1552243447.635][INFO]: Waiting for pending navigations...
[1552243447.636][INFO]: Done waiting for pending navigations. Status: ok
[1552243447.636][INFO]: [909c4158d29589f71f5b99ccd049ddf7] RESPONSE Screenshot "iVBORw0KGgoAAAANSUhEUgAAB4AAAANRCAYAAAACj6FfAAAgAElEQVR4nOzde5RX5WE3+u9vGOYCggMityA6ilHwBiQaIBojahq1mghN2kJim+ibNuKbngSa9baatCdKT4+BdJ1Gkp5Wkr7JgTRNIY2p2DYRgyZiNQUiKmrUQUEZFGW4D8zt/AEoyMWAIz9m8/msx..."
[1552243447.656][INFO]: [909c4158d29589f71f5b99ccd049ddf7] COMMAND Quit {

}
[1552243447.712][INFO]: [909c4158d29589f71f5b99ccd049ddf7] RESPONSE Quit
