[1552249163.313][INFO]: Starting ChromeDriver 73.0.3683.68 (47787ec04b6e38e22703e856e101e840b65afe72)
[1552249163.313][INFO]: Please protect ports used by ChromeDriver and related test frameworks to prevent access by malicious code.
[1552249164.095][INFO]: [e2a90e47e074b493f14ebb847cc39340] COMMAND InitSession {
   "capabilities": {
      "firstMatch": [ {
         "browserName": "chrome",
         "goog:chromeOptions": {
            "args": [ "chrome.switches", "--disable-extensions", "chrome.switches", "test-type", "chrome.switches", "start-maximized", "chrome.switches", "no-sandbox" ],
            "extensions": [  ],
            "useAutomationExtension": false
         }
      } ]
   },
   "desiredCapabilities": {
      "browserName": "chrome",
      "goog:chromeOptions": {
         "args": [ "chrome.switches", "--disable-extensions", "chrome.switches", "test-type", "chrome.switches", "start-maximized", "chrome.switches", "no-sandbox" ],
         "extensions": [  ],
         "useAutomationExtension": false
      }
   }
}
[1552249164.101][INFO]: Populating Preferences file: {
   "alternate_error_pages": {
      "enabled": false
   },
   "autofill": {
      "enabled": false
   },
   "browser": {
      "check_default_browser": false
   },
   "distribution": {
      "import_bookmarks": false,
      "import_history": false,
      "import_search_engine": false,
      "make_chrome_default_for_user": false,
      "skip_first_run_ui": true
   },
   "dns_prefetching": {
      "enabled": false
   },
   "profile": {
      "content_settings": {
         "pattern_pairs": {
            "https://*,*": {
               "media-stream": {
                  "audio": "Default",
                  "video": "Default"
               }
            }
         }
      },
      "default_content_setting_values": {
         "geolocation": 1
      },
      "default_content_settings": {
         "geolocation": 1,
         "mouselock": 1,
         "notifications": 1,
         "popups": 1,
         "ppapi-broker": 1
      },
      "password_manager_enabled": false
   },
   "safebrowsing": {
      "enabled": false
   },
   "search": {
      "suggest_enabled": false
   },
   "translate": {
      "enabled": false
   }
}
[1552249164.109][INFO]: Populating Local State file: {
   "background_mode": {
      "enabled": false
   },
   "ssl": {
      "rev_checking": {
         "enabled": false
      }
   }
}
[1552249164.111][INFO]: Launching chrome: "C:\Program Files (x86)\Google\Chrome\Application\chrome.exe" --chrome.switches --disable-background-networking --disable-client-side-phishing-detection --disable-default-apps --disable-extensions --disable-hang-monitor --disable-popup-blocking --disable-prompt-on-repost --disable-sync --disable-web-resources --enable-automation --enable-blink-features=ShadowDOMV0 --enable-logging --force-fieldtrials=SiteIsolationExtensions/Control --ignore-certificate-errors --log-level=0 --metrics-recording-only --no-first-run --no-sandbox --password-store=basic --remote-debugging-port=0 --start-maximized --test-type --use-mock-keychain --user-data-dir="C:\Users\KAVITH~1\AppData\Local\Temp\scoped_dir42732_19820" data:,
[1552249164.655][INFO]: resolved localhost to ["::1","127.0.0.1"]
[1552249165.671][INFO]: [e2a90e47e074b493f14ebb847cc39340] RESPONSE InitSession {
   "acceptInsecureCerts": false,
   "acceptSslCerts": false,
   "applicationCacheEnabled": false,
   "browserConnectionEnabled": false,
   "browserName": "chrome",
   "chrome": {
      "chromedriverVersion": "73.0.3683.68 (47787ec04b6e38e22703e856e101e840b65afe72)",
      "userDataDir": "C:\\Users\\KAVITH~1\\AppData\\Local\\Temp\\scoped_dir42732_19820"
   },
   "cssSelectorsEnabled": true,
   "databaseEnabled": false,
   "goog:chromeOptions": {
      "debuggerAddress": "localhost:54761"
   },
   "handlesAlerts": true,
   "hasTouchScreen": false,
   "javascriptEnabled": true,
   "locationContextEnabled": true,
   "mobileEmulationEnabled": false,
   "nativeEvents": true,
   "networkConnectionEnabled": false,
   "pageLoadStrategy": "normal",
   "platform": "Windows NT",
   "proxy": {

   },
   "~~~": "..."
}
[1552249165.707][INFO]: [e2a90e47e074b493f14ebb847cc39340] COMMAND MaximizeWindow {
   "handle": "current",
   "windowHandle": "current"
}
[1552249165.707][INFO]: Waiting for pending navigations...
[1552249165.715][INFO]: Done waiting for pending navigations. Status: ok
[1552249165.716][INFO]: resolved localhost to ["::1","127.0.0.1"]
[1552249166.720][INFO]: Waiting for pending navigations...
[1552249166.721][INFO]: Done waiting for pending navigations. Status: ok
[1552249166.721][INFO]: [e2a90e47e074b493f14ebb847cc39340] RESPONSE MaximizeWindow {
   "height": 696,
   "width": 1296,
   "x": -8,
   "y": -8
}
[1552249166.726][INFO]: [e2a90e47e074b493f14ebb847cc39340] COMMAND SetTimeouts {
   "ms": 30000,
   "type": "implicit"
}
[1552249166.726][INFO]: [e2a90e47e074b493f14ebb847cc39340] RESPONSE SetTimeouts
[1552249166.730][INFO]: [e2a90e47e074b493f14ebb847cc39340] COMMAND SetTimeouts {
   "ms": 60000,
   "type": "page load"
}
[1552249166.730][INFO]: [e2a90e47e074b493f14ebb847cc39340] RESPONSE SetTimeouts
[1552249166.733][INFO]: [e2a90e47e074b493f14ebb847cc39340] COMMAND Navigate {
   "url": "http://localhost:3000/"
}
[1552249166.733][INFO]: Waiting for pending navigations...
[1552249166.734][INFO]: Done waiting for pending navigations. Status: ok
[1552249167.081][INFO]: Waiting for pending navigations...
[1552249168.122][INFO]: Done waiting for pending navigations. Status: ok
[1552249168.122][INFO]: [e2a90e47e074b493f14ebb847cc39340] RESPONSE Navigate
[1552249168.185][INFO]: [e2a90e47e074b493f14ebb847cc39340] COMMAND FindElement {
   "using": "id",
   "value": "brand-logo"
}
[1552249168.185][INFO]: Waiting for pending navigations...
[1552249168.186][INFO]: Done waiting for pending navigations. Status: ok
[1552249168.195][INFO]: Waiting for pending navigations...
[1552249168.196][INFO]: Done waiting for pending navigations. Status: ok
[1552249168.196][INFO]: [e2a90e47e074b493f14ebb847cc39340] RESPONSE FindElement {
   "ELEMENT": "0.7833080931137886-1"
}
[1552249168.198][INFO]: [e2a90e47e074b493f14ebb847cc39340] COMMAND IsElementDisplayed {
   "id": "0.7833080931137886-1"
}
[1552249168.198][INFO]: Waiting for pending navigations...
[1552249168.198][INFO]: Done waiting for pending navigations. Status: ok
[1552249168.207][INFO]: Waiting for pending navigations...
[1552249168.207][INFO]: Done waiting for pending navigations. Status: ok
[1552249168.207][INFO]: [e2a90e47e074b493f14ebb847cc39340] RESPONSE IsElementDisplayed true
[1552249168.214][INFO]: [e2a90e47e074b493f14ebb847cc39340] COMMAND Screenshot {

}
[1552249168.214][INFO]: Waiting for pending navigations...
[1552249168.214][INFO]: Done waiting for pending navigations. Status: ok
[1552249168.550][INFO]: Waiting for pending navigations...
[1552249168.551][INFO]: Done waiting for pending navigations. Status: ok
[1552249168.551][INFO]: [e2a90e47e074b493f14ebb847cc39340] RESPONSE Screenshot "iVBORw0KGgoAAAANSUhEUgAAB4AAAANRCAYAAAACj6FfAAAgAElEQVR4nOzde5RX9WHv/c9vBuYCjgyI3LyOlygoKhgNEE0iahqxJhGa9BSibaonreJJnxNI1mk16Xmq9Omj0KynlaSnlaYnHkjTFNIkFdumYtVUrFowoo4adVBQBuUyXGdgbs8fAgIzYMCRy/b1W..."
[1552249168.577][INFO]: [e2a90e47e074b493f14ebb847cc39340] COMMAND FindElement {
   "using": "id",
   "value": "brand-name"
}
[1552249168.577][INFO]: Waiting for pending navigations...
[1552249168.578][INFO]: Done waiting for pending navigations. Status: ok
[1552249168.588][INFO]: Waiting for pending navigations...
[1552249168.589][INFO]: Done waiting for pending navigations. Status: ok
[1552249168.589][INFO]: [e2a90e47e074b493f14ebb847cc39340] RESPONSE FindElement {
   "ELEMENT": "0.7833080931137886-2"
}
[1552249168.591][INFO]: [e2a90e47e074b493f14ebb847cc39340] COMMAND IsElementDisplayed {
   "id": "0.7833080931137886-2"
}
[1552249168.591][INFO]: Waiting for pending navigations...
[1552249168.592][INFO]: Done waiting for pending navigations. Status: ok
[1552249168.601][INFO]: Waiting for pending navigations...
[1552249168.602][INFO]: Done waiting for pending navigations. Status: ok
[1552249168.602][INFO]: [e2a90e47e074b493f14ebb847cc39340] RESPONSE IsElementDisplayed true
[1552249168.603][INFO]: [e2a90e47e074b493f14ebb847cc39340] COMMAND Screenshot {

}
[1552249168.604][INFO]: Waiting for pending navigations...
[1552249168.605][INFO]: Done waiting for pending navigations. Status: ok
[1552249168.884][INFO]: Waiting for pending navigations...
[1552249168.885][INFO]: Done waiting for pending navigations. Status: ok
[1552249168.886][INFO]: [e2a90e47e074b493f14ebb847cc39340] RESPONSE Screenshot "iVBORw0KGgoAAAANSUhEUgAAB4AAAANRCAYAAAACj6FfAAAgAElEQVR4nOzde5RX9WHv/c9vBuYCjgyI3LyOlygoKhgNEE0iahqxJhGa9BSibaonreJJnxNI1mk16Xmq9Omj0KynlaSnlaYnHkjTFNIkFdumYtVUrFowoo4adVBQBuUyXGdgbs8fAgIzYMCRy/b1W..."
[1552249168.900][INFO]: [e2a90e47e074b493f14ebb847cc39340] COMMAND FindElement {
   "using": "id",
   "value": "menu-btn"
}
[1552249168.900][INFO]: Waiting for pending navigations...
[1552249168.901][INFO]: Done waiting for pending navigations. Status: ok
[1552249168.912][INFO]: Waiting for pending navigations...
[1552249168.913][INFO]: Done waiting for pending navigations. Status: ok
[1552249168.913][INFO]: [e2a90e47e074b493f14ebb847cc39340] RESPONSE FindElement {
   "ELEMENT": "0.7833080931137886-3"
}
[1552249168.915][INFO]: [e2a90e47e074b493f14ebb847cc39340] COMMAND IsElementDisplayed {
   "id": "0.7833080931137886-3"
}
[1552249168.915][INFO]: Waiting for pending navigations...
[1552249168.916][INFO]: Done waiting for pending navigations. Status: ok
[1552249168.925][INFO]: Waiting for pending navigations...
[1552249168.926][INFO]: Done waiting for pending navigations. Status: ok
[1552249168.926][INFO]: [e2a90e47e074b493f14ebb847cc39340] RESPONSE IsElementDisplayed true
[1552249168.928][INFO]: [e2a90e47e074b493f14ebb847cc39340] COMMAND Screenshot {

}
[1552249168.928][INFO]: Waiting for pending navigations...
[1552249168.928][INFO]: Done waiting for pending navigations. Status: ok
[1552249169.219][INFO]: Waiting for pending navigations...
[1552249169.220][INFO]: Done waiting for pending navigations. Status: ok
[1552249169.220][INFO]: [e2a90e47e074b493f14ebb847cc39340] RESPONSE Screenshot "iVBORw0KGgoAAAANSUhEUgAAB4AAAANRCAYAAAACj6FfAAAgAElEQVR4nOzde5RX9WHv/c9vBuYCjgyI3LyOlygoKhgNEE0iahqxJhGa9BSibaonreJJnxNI1mk16Xmq9Omj0KynlaSnlaYnHkjTFNIkFdumYtVUrFowoo4adVBQBuUyXGdgbs8fAgIzYMCRy/b1W..."
[1552249169.234][INFO]: [e2a90e47e074b493f14ebb847cc39340] COMMAND FindElement {
   "using": "id",
   "value": "menu-btn"
}
[1552249169.234][INFO]: Waiting for pending navigations...
[1552249169.235][INFO]: Done waiting for pending navigations. Status: ok
[1552249169.239][INFO]: Waiting for pending navigations...
[1552249169.239][INFO]: Done waiting for pending navigations. Status: ok
[1552249169.239][INFO]: [e2a90e47e074b493f14ebb847cc39340] RESPONSE FindElement {
   "ELEMENT": "0.7833080931137886-3"
}
[1552249169.243][INFO]: [e2a90e47e074b493f14ebb847cc39340] COMMAND ClickElement {
   "id": "0.7833080931137886-3"
}
[1552249169.243][INFO]: Waiting for pending navigations...
[1552249169.244][INFO]: Done waiting for pending navigations. Status: ok
[1552249169.295][INFO]: Waiting for pending navigations...
[1552249169.297][INFO]: Done waiting for pending navigations. Status: ok
[1552249169.297][INFO]: [e2a90e47e074b493f14ebb847cc39340] RESPONSE ClickElement
[1552249170.299][INFO]: [e2a90e47e074b493f14ebb847cc39340] COMMAND FindElement {
   "using": "id",
   "value": "es-btn"
}
[1552249170.299][INFO]: Waiting for pending navigations...
[1552249170.300][INFO]: Done waiting for pending navigations. Status: ok
[1552249170.309][INFO]: Waiting for pending navigations...
[1552249170.310][INFO]: Done waiting for pending navigations. Status: ok
[1552249170.310][INFO]: [e2a90e47e074b493f14ebb847cc39340] RESPONSE FindElement {
   "ELEMENT": "0.7833080931137886-4"
}
[1552249170.316][INFO]: [e2a90e47e074b493f14ebb847cc39340] COMMAND ClickElement {
   "id": "0.7833080931137886-4"
}
[1552249170.316][INFO]: Waiting for pending navigations...
[1552249170.318][INFO]: Done waiting for pending navigations. Status: ok
[1552249170.382][INFO]: Waiting for pending navigations...
[1552249170.386][INFO]: Done waiting for pending navigations. Status: ok
[1552249170.386][INFO]: [e2a90e47e074b493f14ebb847cc39340] RESPONSE ClickElement
[1552249171.389][INFO]: [e2a90e47e074b493f14ebb847cc39340] COMMAND FindElement {
   "using": "id",
   "value": "menu-btn"
}
[1552249171.389][INFO]: Waiting for pending navigations...
[1552249171.390][INFO]: Done waiting for pending navigations. Status: ok
[1552249171.395][INFO]: Waiting for pending navigations...
[1552249171.395][INFO]: Done waiting for pending navigations. Status: ok
[1552249171.395][INFO]: [e2a90e47e074b493f14ebb847cc39340] RESPONSE FindElement {
   "ELEMENT": "0.7833080931137886-3"
}
[1552249171.397][INFO]: [e2a90e47e074b493f14ebb847cc39340] COMMAND GetElementText {
   "id": "0.7833080931137886-3"
}
[1552249171.397][INFO]: Waiting for pending navigations...
[1552249171.398][INFO]: Done waiting for pending navigations. Status: ok
[1552249171.408][INFO]: Waiting for pending navigations...
[1552249171.409][INFO]: Done waiting for pending navigations. Status: ok
[1552249171.409][INFO]: [e2a90e47e074b493f14ebb847cc39340] RESPONSE GetElementText "Cerrar"
[1552249171.410][INFO]: [e2a90e47e074b493f14ebb847cc39340] COMMAND Screenshot {

}
[1552249171.410][INFO]: Waiting for pending navigations...
[1552249171.411][INFO]: Done waiting for pending navigations. Status: ok
[1552249171.708][INFO]: Waiting for pending navigations...
[1552249171.712][INFO]: Done waiting for pending navigations. Status: ok
[1552249171.712][INFO]: [e2a90e47e074b493f14ebb847cc39340] RESPONSE Screenshot "iVBORw0KGgoAAAANSUhEUgAAB4AAAANRCAYAAAACj6FfAAAgAElEQVR4nOzdf1hU9533/9cMIzBORocfIiCgKEpG4g+opUpijZDNJro2VftNs5q2m0u3243u5hu1e/Wq3vfe9672m2+ryZW76p1vV+5sdlc37VZT2411swHX2KqlFo2ETPAXCAiI6IA4Dj+G4fsHv..."
[1552249171.723][INFO]: [e2a90e47e074b493f14ebb847cc39340] COMMAND FindElement {
   "using": "id",
   "value": "what-are-link"
}
[1552249171.723][INFO]: Waiting for pending navigations...
[1552249171.724][INFO]: Done waiting for pending navigations. Status: ok
[1552249171.732][INFO]: Waiting for pending navigations...
[1552249171.733][INFO]: Done waiting for pending navigations. Status: ok
[1552249171.733][INFO]: [e2a90e47e074b493f14ebb847cc39340] RESPONSE FindElement {
   "ELEMENT": "0.7833080931137886-5"
}
[1552249171.734][INFO]: [e2a90e47e074b493f14ebb847cc39340] COMMAND IsElementDisplayed {
   "id": "0.7833080931137886-5"
}
[1552249171.734][INFO]: Waiting for pending navigations...
[1552249171.735][INFO]: Done waiting for pending navigations. Status: ok
[1552249171.746][INFO]: Waiting for pending navigations...
[1552249171.747][INFO]: Done waiting for pending navigations. Status: ok
[1552249171.747][INFO]: [e2a90e47e074b493f14ebb847cc39340] RESPONSE IsElementDisplayed true
[1552249171.749][INFO]: [e2a90e47e074b493f14ebb847cc39340] COMMAND Screenshot {

}
[1552249171.749][INFO]: Waiting for pending navigations...
[1552249171.750][INFO]: Done waiting for pending navigations. Status: ok
[1552249172.031][INFO]: Waiting for pending navigations...
[1552249172.033][INFO]: Done waiting for pending navigations. Status: ok
[1552249172.033][INFO]: [e2a90e47e074b493f14ebb847cc39340] RESPONSE Screenshot "iVBORw0KGgoAAAANSUhEUgAAB4AAAANRCAYAAAACj6FfAAAgAElEQVR4nOzdf1hU9533/9cMIzBORocfIiCgKEpG4g+opUpijZDNJro2VftNs5q2m0u3243u5hu1e/Wq3vfe9672m2+ryZW76p1vV+5sdlc37VZT2411swHX2KqlFo2ETPAXCAiI6IA4Dj+G4fsHv..."
[1552249172.043][INFO]: [e2a90e47e074b493f14ebb847cc39340] COMMAND FindElement {
   "using": "id",
   "value": "what-are-link"
}
[1552249172.043][INFO]: Waiting for pending navigations...
[1552249172.045][INFO]: Done waiting for pending navigations. Status: ok
[1552249172.049][INFO]: Waiting for pending navigations...
[1552249172.049][INFO]: Done waiting for pending navigations. Status: ok
[1552249172.050][INFO]: [e2a90e47e074b493f14ebb847cc39340] RESPONSE FindElement {
   "ELEMENT": "0.7833080931137886-5"
}
[1552249172.051][INFO]: [e2a90e47e074b493f14ebb847cc39340] COMMAND GetElementText {
   "id": "0.7833080931137886-5"
}
[1552249172.051][INFO]: Waiting for pending navigations...
[1552249172.052][INFO]: Done waiting for pending navigations. Status: ok
[1552249172.065][INFO]: Waiting for pending navigations...
[1552249172.066][INFO]: Done waiting for pending navigations. Status: ok
[1552249172.066][INFO]: [e2a90e47e074b493f14ebb847cc39340] RESPONSE GetElementText "¿Qué son el trabajo infantil y el trabajo forzoso?"
[1552249172.070][INFO]: [e2a90e47e074b493f14ebb847cc39340] COMMAND FindElement {
   "using": "id",
   "value": "what-are-link"
}
[1552249172.070][INFO]: Waiting for pending navigations...
[1552249172.071][INFO]: Done waiting for pending navigations. Status: ok
[1552249172.076][INFO]: Waiting for pending navigations...
[1552249172.077][INFO]: Done waiting for pending navigations. Status: ok
[1552249172.077][INFO]: [e2a90e47e074b493f14ebb847cc39340] RESPONSE FindElement {
   "ELEMENT": "0.7833080931137886-5"
}
[1552249172.078][INFO]: [e2a90e47e074b493f14ebb847cc39340] COMMAND GetElementAttribute {
   "id": "0.7833080931137886-5",
   "name": "href"
}
[1552249172.078][INFO]: Waiting for pending navigations...
[1552249172.079][INFO]: Done waiting for pending navigations. Status: ok
[1552249172.082][INFO]: Waiting for pending navigations...
[1552249172.083][INFO]: Done waiting for pending navigations. Status: ok
[1552249172.083][INFO]: [e2a90e47e074b493f14ebb847cc39340] RESPONSE GetElementAttribute "http://localhost:3000/what-are"
[1552249172.084][INFO]: [e2a90e47e074b493f14ebb847cc39340] COMMAND Screenshot {

}
[1552249172.084][INFO]: Waiting for pending navigations...
[1552249172.085][INFO]: Done waiting for pending navigations. Status: ok
[1552249172.364][INFO]: Waiting for pending navigations...
[1552249172.365][INFO]: Done waiting for pending navigations. Status: ok
[1552249172.365][INFO]: [e2a90e47e074b493f14ebb847cc39340] RESPONSE Screenshot "iVBORw0KGgoAAAANSUhEUgAAB4AAAANRCAYAAAACj6FfAAAgAElEQVR4nOzdf1hU9533/9cMIzBORocfIiCgKEpG4g+opUpijZDNJro2VftNs5q2m0u3243u5hu1e/Wq3vfe9672m2+ryZW76p1vV+5sdlc37VZT2411swHX2KqlFo2ETPAXCAiI6IA4Dj+G4fsHv..."
[1552249172.388][INFO]: [e2a90e47e074b493f14ebb847cc39340] COMMAND FindElement {
   "using": "id",
   "value": "why-develop-link"
}
[1552249172.388][INFO]: Waiting for pending navigations...
[1552249172.388][INFO]: Done waiting for pending navigations. Status: ok
[1552249172.396][INFO]: Waiting for pending navigations...
[1552249172.397][INFO]: Done waiting for pending navigations. Status: ok
[1552249172.397][INFO]: [e2a90e47e074b493f14ebb847cc39340] RESPONSE FindElement {
   "ELEMENT": "0.7833080931137886-6"
}
[1552249172.398][INFO]: [e2a90e47e074b493f14ebb847cc39340] COMMAND IsElementDisplayed {
   "id": "0.7833080931137886-6"
}
[1552249172.398][INFO]: Waiting for pending navigations...
[1552249172.399][INFO]: Done waiting for pending navigations. Status: ok
[1552249172.407][INFO]: Waiting for pending navigations...
[1552249172.408][INFO]: Done waiting for pending navigations. Status: ok
[1552249172.408][INFO]: [e2a90e47e074b493f14ebb847cc39340] RESPONSE IsElementDisplayed true
[1552249172.409][INFO]: [e2a90e47e074b493f14ebb847cc39340] COMMAND Screenshot {

}
[1552249172.409][INFO]: Waiting for pending navigations...
[1552249172.410][INFO]: Done waiting for pending navigations. Status: ok
[1552249172.709][INFO]: Waiting for pending navigations...
[1552249172.710][INFO]: Done waiting for pending navigations. Status: ok
[1552249172.710][INFO]: [e2a90e47e074b493f14ebb847cc39340] RESPONSE Screenshot "iVBORw0KGgoAAAANSUhEUgAAB4AAAANRCAYAAAACj6FfAAAgAElEQVR4nOzdf1hU9533/9cMIzBORocfIiCgKEpG4g+opUpijZDNJro2VftNs5q2m0u3243u5hu1e/Wq3vfe9672m2+ryZW76p1vV+5sdlc37VZT2411swHX2KqlFo2ETPAXCAiI6IA4Dj+G4fsHv..."
[1552249172.723][INFO]: [e2a90e47e074b493f14ebb847cc39340] COMMAND FindElement {
   "using": "id",
   "value": "why-develop-link"
}
[1552249172.723][INFO]: Waiting for pending navigations...
[1552249172.724][INFO]: Done waiting for pending navigations. Status: ok
[1552249172.728][INFO]: Waiting for pending navigations...
[1552249172.729][INFO]: Done waiting for pending navigations. Status: ok
[1552249172.729][INFO]: [e2a90e47e074b493f14ebb847cc39340] RESPONSE FindElement {
   "ELEMENT": "0.7833080931137886-6"
}
[1552249172.730][INFO]: [e2a90e47e074b493f14ebb847cc39340] COMMAND GetElementText {
   "id": "0.7833080931137886-6"
}
[1552249172.730][INFO]: Waiting for pending navigations...
[1552249172.731][INFO]: Done waiting for pending navigations. Status: ok
[1552249172.740][INFO]: Waiting for pending navigations...
[1552249172.741][INFO]: Done waiting for pending navigations. Status: ok
[1552249172.741][INFO]: [e2a90e47e074b493f14ebb847cc39340] RESPONSE GetElementText "¿Por qué crear un sistema de cumplimiento social?"
[1552249172.746][INFO]: [e2a90e47e074b493f14ebb847cc39340] COMMAND FindElement {
   "using": "id",
   "value": "why-develop-link"
}
[1552249172.746][INFO]: Waiting for pending navigations...
[1552249172.747][INFO]: Done waiting for pending navigations. Status: ok
[1552249172.752][INFO]: Waiting for pending navigations...
[1552249172.753][INFO]: Done waiting for pending navigations. Status: ok
[1552249172.753][INFO]: [e2a90e47e074b493f14ebb847cc39340] RESPONSE FindElement {
   "ELEMENT": "0.7833080931137886-6"
}
[1552249172.755][INFO]: [e2a90e47e074b493f14ebb847cc39340] COMMAND GetElementAttribute {
   "id": "0.7833080931137886-6",
   "name": "href"
}
[1552249172.755][INFO]: Waiting for pending navigations...
[1552249172.756][INFO]: Done waiting for pending navigations. Status: ok
[1552249172.759][INFO]: Waiting for pending navigations...
[1552249172.760][INFO]: Done waiting for pending navigations. Status: ok
[1552249172.760][INFO]: [e2a90e47e074b493f14ebb847cc39340] RESPONSE GetElementAttribute "http://localhost:3000/why-develop"
[1552249172.761][INFO]: [e2a90e47e074b493f14ebb847cc39340] COMMAND Screenshot {

}
[1552249172.761][INFO]: Waiting for pending navigations...
[1552249172.762][INFO]: Done waiting for pending navigations. Status: ok
[1552249173.102][INFO]: Waiting for pending navigations...
[1552249173.109][INFO]: Done waiting for pending navigations. Status: ok
[1552249173.109][INFO]: [e2a90e47e074b493f14ebb847cc39340] RESPONSE Screenshot "iVBORw0KGgoAAAANSUhEUgAAB4AAAANRCAYAAAACj6FfAAAgAElEQVR4nOzdf1hU9533/9cMIzBORocfIiCgKEpG4g+opUpijZDNJro2VftNs5q2m0u3243u5hu1e/Wq3vfe9672m2+ryZW76p1vV+5sdlc37VZT2411swHX2KqlFo2ETPAXCAiI6IA4Dj+G4fsHv..."
[1552249173.119][INFO]: [e2a90e47e074b493f14ebb847cc39340] COMMAND FindElement {
   "using": "id",
   "value": "basics-link"
}
[1552249173.120][INFO]: Waiting for pending navigations...
[1552249173.121][INFO]: Done waiting for pending navigations. Status: ok
[1552249173.128][INFO]: Waiting for pending navigations...
[1552249173.129][INFO]: Done waiting for pending navigations. Status: ok
[1552249173.129][INFO]: [e2a90e47e074b493f14ebb847cc39340] RESPONSE FindElement {
   "ELEMENT": "0.7833080931137886-7"
}
[1552249173.130][INFO]: [e2a90e47e074b493f14ebb847cc39340] COMMAND IsElementDisplayed {
   "id": "0.7833080931137886-7"
}
[1552249173.130][INFO]: Waiting for pending navigations...
[1552249173.131][INFO]: Done waiting for pending navigations. Status: ok
[1552249173.139][INFO]: Waiting for pending navigations...
[1552249173.141][INFO]: Done waiting for pending navigations. Status: ok
[1552249173.141][INFO]: [e2a90e47e074b493f14ebb847cc39340] RESPONSE IsElementDisplayed true
[1552249173.143][INFO]: [e2a90e47e074b493f14ebb847cc39340] COMMAND Screenshot {

}
[1552249173.143][INFO]: Waiting for pending navigations...
[1552249173.144][INFO]: Done waiting for pending navigations. Status: ok
[1552249173.463][INFO]: Waiting for pending navigations...
[1552249173.464][INFO]: Done waiting for pending navigations. Status: ok
[1552249173.464][INFO]: [e2a90e47e074b493f14ebb847cc39340] RESPONSE Screenshot "iVBORw0KGgoAAAANSUhEUgAAB4AAAANRCAYAAAACj6FfAAAgAElEQVR4nOzdf1hU9533/9cMIzBORocfIiCgKEpG4g+opUpijZDNJro2VftNs5q2m0u3243u5hu1e/Wq3vfe9672m2+ryZW76p1vV+5sdlc37VZT2411swHX2KqlFo2ETPAXCAiI6IA4Dj+G4fsHv..."
[1552249173.476][INFO]: [e2a90e47e074b493f14ebb847cc39340] COMMAND FindElement {
   "using": "id",
   "value": "basics-link"
}
[1552249173.476][INFO]: Waiting for pending navigations...
[1552249173.477][INFO]: Done waiting for pending navigations. Status: ok
[1552249173.481][INFO]: Waiting for pending navigations...
[1552249173.482][INFO]: Done waiting for pending navigations. Status: ok
[1552249173.482][INFO]: [e2a90e47e074b493f14ebb847cc39340] RESPONSE FindElement {
   "ELEMENT": "0.7833080931137886-7"
}
[1552249173.483][INFO]: [e2a90e47e074b493f14ebb847cc39340] COMMAND GetElementText {
   "id": "0.7833080931137886-7"
}
[1552249173.483][INFO]: Waiting for pending navigations...
[1552249173.484][INFO]: Done waiting for pending navigations. Status: ok
[1552249173.493][INFO]: Waiting for pending navigations...
[1552249173.495][INFO]: Done waiting for pending navigations. Status: ok
[1552249173.495][INFO]: [e2a90e47e074b493f14ebb847cc39340] RESPONSE GetElementText "Aspectos básicos de un sistema de cumplimiento social"
[1552249173.499][INFO]: [e2a90e47e074b493f14ebb847cc39340] COMMAND FindElement {
   "using": "id",
   "value": "basics-link"
}
[1552249173.499][INFO]: Waiting for pending navigations...
[1552249173.500][INFO]: Done waiting for pending navigations. Status: ok
[1552249173.504][INFO]: Waiting for pending navigations...
[1552249173.505][INFO]: Done waiting for pending navigations. Status: ok
[1552249173.505][INFO]: [e2a90e47e074b493f14ebb847cc39340] RESPONSE FindElement {
   "ELEMENT": "0.7833080931137886-7"
}
[1552249173.507][INFO]: [e2a90e47e074b493f14ebb847cc39340] COMMAND GetElementAttribute {
   "id": "0.7833080931137886-7",
   "name": "href"
}
[1552249173.507][INFO]: Waiting for pending navigations...
[1552249173.508][INFO]: Done waiting for pending navigations. Status: ok
[1552249173.511][INFO]: Waiting for pending navigations...
[1552249173.511][INFO]: Done waiting for pending navigations. Status: ok
[1552249173.511][INFO]: [e2a90e47e074b493f14ebb847cc39340] RESPONSE GetElementAttribute "http://localhost:3000/basics"
[1552249173.513][INFO]: [e2a90e47e074b493f14ebb847cc39340] COMMAND Screenshot {

}
[1552249173.513][INFO]: Waiting for pending navigations...
[1552249173.514][INFO]: Done waiting for pending navigations. Status: ok
[1552249173.817][INFO]: Waiting for pending navigations...
[1552249173.818][INFO]: Done waiting for pending navigations. Status: ok
[1552249173.818][INFO]: [e2a90e47e074b493f14ebb847cc39340] RESPONSE Screenshot "iVBORw0KGgoAAAANSUhEUgAAB4AAAANRCAYAAAACj6FfAAAgAElEQVR4nOzdf1hU9533/9cMIzBORocfIiCgKEpG4g+opUpijZDNJro2VftNs5q2m0u3243u5hu1e/Wq3vfe9672m2+ryZW76p1vV+5sdlc37VZT2411swHX2KqlFo2ETPAXCAiI6IA4Dj+G4fsHv..."
[1552249173.830][INFO]: [e2a90e47e074b493f14ebb847cc39340] COMMAND FindElement {
   "using": "id",
   "value": "steps-dropdown"
}
[1552249173.830][INFO]: Waiting for pending navigations...
[1552249173.831][INFO]: Done waiting for pending navigations. Status: ok
[1552249173.838][INFO]: Waiting for pending navigations...
[1552249173.839][INFO]: Done waiting for pending navigations. Status: ok
[1552249173.839][INFO]: [e2a90e47e074b493f14ebb847cc39340] RESPONSE FindElement {
   "ELEMENT": "0.7833080931137886-8"
}
[1552249173.841][INFO]: [e2a90e47e074b493f14ebb847cc39340] COMMAND IsElementDisplayed {
   "id": "0.7833080931137886-8"
}
[1552249173.841][INFO]: Waiting for pending navigations...
[1552249173.842][INFO]: Done waiting for pending navigations. Status: ok
[1552249173.849][INFO]: Waiting for pending navigations...
[1552249173.850][INFO]: Done waiting for pending navigations. Status: ok
[1552249173.850][INFO]: [e2a90e47e074b493f14ebb847cc39340] RESPONSE IsElementDisplayed true
[1552249173.852][INFO]: [e2a90e47e074b493f14ebb847cc39340] COMMAND Screenshot {

}
[1552249173.852][INFO]: Waiting for pending navigations...
[1552249173.852][INFO]: Done waiting for pending navigations. Status: ok
[1552249174.157][INFO]: Waiting for pending navigations...
[1552249174.172][INFO]: Done waiting for pending navigations. Status: ok
[1552249174.172][INFO]: [e2a90e47e074b493f14ebb847cc39340] RESPONSE Screenshot "iVBORw0KGgoAAAANSUhEUgAAB4AAAANRCAYAAAACj6FfAAAgAElEQVR4nOzdf1hU9533/9cMIzBORocfIiCgKEpG4g+opUpijZDNJro2VftNs5q2m0u3243u5hu1e/Wq3vfe9672m2+ryZW76p1vV+5sdlc37VZT2411swHX2KqlFo2ETPAXCAiI6IA4Dj+G4fsHv..."
[1552249174.189][INFO]: [e2a90e47e074b493f14ebb847cc39340] COMMAND FindElement {
   "using": "id",
   "value": "steps-dropdown"
}
[1552249174.189][INFO]: Waiting for pending navigations...
[1552249174.190][INFO]: Done waiting for pending navigations. Status: ok
[1552249174.196][INFO]: Waiting for pending navigations...
[1552249174.197][INFO]: Done waiting for pending navigations. Status: ok
[1552249174.197][INFO]: [e2a90e47e074b493f14ebb847cc39340] RESPONSE FindElement {
   "ELEMENT": "0.7833080931137886-8"
}
[1552249174.199][INFO]: [e2a90e47e074b493f14ebb847cc39340] COMMAND GetElementText {
   "id": "0.7833080931137886-8"
}
[1552249174.199][INFO]: Waiting for pending navigations...
[1552249174.200][INFO]: Done waiting for pending navigations. Status: ok
[1552249174.211][INFO]: Waiting for pending navigations...
[1552249174.212][INFO]: Done waiting for pending navigations. Status: ok
[1552249174.212][INFO]: [e2a90e47e074b493f14ebb847cc39340] RESPONSE GetElementText "Pasos hacia un sistema de cumplimiento social"
[1552249174.213][INFO]: [e2a90e47e074b493f14ebb847cc39340] COMMAND Screenshot {

}
[1552249174.213][INFO]: Waiting for pending navigations...
[1552249174.214][INFO]: Done waiting for pending navigations. Status: ok
[1552249174.541][INFO]: Waiting for pending navigations...
[1552249174.542][INFO]: Done waiting for pending navigations. Status: ok
[1552249174.542][INFO]: [e2a90e47e074b493f14ebb847cc39340] RESPONSE Screenshot "iVBORw0KGgoAAAANSUhEUgAAB4AAAANRCAYAAAACj6FfAAAgAElEQVR4nOzdf1hU9533/9cMIzBORocfIiCgKEpG4g+opUpijZDNJro2VftNs5q2m0u3243u5hu1e/Wq3vfe9672m2+ryZW76p1vV+5sdlc37VZT2411swHX2KqlFo2ETPAXCAiI6IA4Dj+G4fsHv..."
[1552249174.556][INFO]: [e2a90e47e074b493f14ebb847cc39340] COMMAND FindElement {
   "using": "id",
   "value": "steps-dropdown"
}
[1552249174.556][INFO]: Waiting for pending navigations...
[1552249174.556][INFO]: Done waiting for pending navigations. Status: ok
[1552249174.561][INFO]: Waiting for pending navigations...
[1552249174.562][INFO]: Done waiting for pending navigations. Status: ok
[1552249174.562][INFO]: [e2a90e47e074b493f14ebb847cc39340] RESPONSE FindElement {
   "ELEMENT": "0.7833080931137886-8"
}
[1552249174.563][INFO]: [e2a90e47e074b493f14ebb847cc39340] COMMAND IsElementDisplayed {
   "id": "0.7833080931137886-8"
}
[1552249174.563][INFO]: Waiting for pending navigations...
[1552249174.564][INFO]: Done waiting for pending navigations. Status: ok
[1552249174.569][INFO]: Waiting for pending navigations...
[1552249174.570][INFO]: Done waiting for pending navigations. Status: ok
[1552249174.570][INFO]: [e2a90e47e074b493f14ebb847cc39340] RESPONSE IsElementDisplayed true
[1552249174.573][INFO]: [e2a90e47e074b493f14ebb847cc39340] COMMAND FindElement {
   "using": "id",
   "value": "steps-dropdown"
}
[1552249174.574][INFO]: Waiting for pending navigations...
[1552249174.574][INFO]: Done waiting for pending navigations. Status: ok
[1552249174.579][INFO]: Waiting for pending navigations...
[1552249174.581][INFO]: Done waiting for pending navigations. Status: ok
[1552249174.581][INFO]: [e2a90e47e074b493f14ebb847cc39340] RESPONSE FindElement {
   "ELEMENT": "0.7833080931137886-8"
}
[1552249174.585][INFO]: [e2a90e47e074b493f14ebb847cc39340] COMMAND ClickElement {
   "id": "0.7833080931137886-8"
}
[1552249174.585][INFO]: Waiting for pending navigations...
[1552249174.587][INFO]: Done waiting for pending navigations. Status: ok
[1552249174.633][INFO]: Waiting for pending navigations...
[1552249174.637][INFO]: Done waiting for pending navigations. Status: ok
[1552249174.637][INFO]: [e2a90e47e074b493f14ebb847cc39340] RESPONSE ClickElement
[1552249174.643][INFO]: [e2a90e47e074b493f14ebb847cc39340] COMMAND Screenshot {

}
[1552249174.643][INFO]: Waiting for pending navigations...
[1552249174.653][INFO]: Done waiting for pending navigations. Status: ok
[1552249174.961][INFO]: Waiting for pending navigations...
[1552249174.962][INFO]: Done waiting for pending navigations. Status: ok
[1552249174.962][INFO]: [e2a90e47e074b493f14ebb847cc39340] RESPONSE Screenshot "iVBORw0KGgoAAAANSUhEUgAAB4AAAANRCAYAAAACj6FfAAAgAElEQVR4nOzdfVTU9533/9cMIzBORoabICCgiEpG4g3UUCWxRshmU11j1f5SV9Nmc3C73eBuflWzp6d6XbvXtdrNr5Xk9Kp67a8/ubrZrW7araYmq8lmAy6xVUst3hBCvEUFAREcEHG4GYbfH9zNI..."
[1552249174.976][INFO]: [e2a90e47e074b493f14ebb847cc39340] COMMAND FindElement {
   "using": "id",
   "value": "step-1-link"
}
[1552249174.976][INFO]: Waiting for pending navigations...
[1552249174.977][INFO]: Done waiting for pending navigations. Status: ok
[1552249174.989][INFO]: Waiting for pending navigations...
[1552249174.990][INFO]: Done waiting for pending navigations. Status: ok
[1552249174.990][INFO]: [e2a90e47e074b493f14ebb847cc39340] RESPONSE FindElement {
   "ELEMENT": "0.7833080931137886-9"
}
[1552249174.992][INFO]: [e2a90e47e074b493f14ebb847cc39340] COMMAND IsElementDisplayed {
   "id": "0.7833080931137886-9"
}
[1552249174.992][INFO]: Waiting for pending navigations...
[1552249174.993][INFO]: Done waiting for pending navigations. Status: ok
[1552249175.001][INFO]: Waiting for pending navigations...
[1552249175.002][INFO]: Done waiting for pending navigations. Status: ok
[1552249175.002][INFO]: [e2a90e47e074b493f14ebb847cc39340] RESPONSE IsElementDisplayed true
[1552249175.004][INFO]: [e2a90e47e074b493f14ebb847cc39340] COMMAND Screenshot {

}
[1552249175.004][INFO]: Waiting for pending navigations...
[1552249175.005][INFO]: Done waiting for pending navigations. Status: ok
[1552249175.306][INFO]: Waiting for pending navigations...
[1552249175.307][INFO]: Done waiting for pending navigations. Status: ok
[1552249175.307][INFO]: [e2a90e47e074b493f14ebb847cc39340] RESPONSE Screenshot "iVBORw0KGgoAAAANSUhEUgAAB4AAAANRCAYAAAACj6FfAAAgAElEQVR4nOzdfVTU9533/9cMIzBORoabICCgiEpG4g3UUCWxRshmU11j1f5SV9Nmc3C73eBuflWzp6d6XbvXtdrNr5Xk9Kp67a8/ubrZrW7araYmq8lmAy6xVUst3hBCvEUFAREcEHG4GYbfH9zNI..."
[1552249175.324][INFO]: [e2a90e47e074b493f14ebb847cc39340] COMMAND FindElement {
   "using": "id",
   "value": "step-1-link"
}
[1552249175.324][INFO]: Waiting for pending navigations...
[1552249175.325][INFO]: Done waiting for pending navigations. Status: ok
[1552249175.330][INFO]: Waiting for pending navigations...
[1552249175.330][INFO]: Done waiting for pending navigations. Status: ok
[1552249175.330][INFO]: [e2a90e47e074b493f14ebb847cc39340] RESPONSE FindElement {
   "ELEMENT": "0.7833080931137886-9"
}
[1552249175.331][INFO]: [e2a90e47e074b493f14ebb847cc39340] COMMAND GetElementText {
   "id": "0.7833080931137886-9"
}
[1552249175.332][INFO]: Waiting for pending navigations...
[1552249175.332][INFO]: Done waiting for pending navigations. Status: ok
[1552249175.343][INFO]: Waiting for pending navigations...
[1552249175.344][INFO]: Done waiting for pending navigations. Status: ok
[1552249175.344][INFO]: [e2a90e47e074b493f14ebb847cc39340] RESPONSE GetElementText "Primer paso: Participación de las partes interesadas y los socios"
[1552249175.348][INFO]: [e2a90e47e074b493f14ebb847cc39340] COMMAND FindElement {
   "using": "id",
   "value": "step-1-link"
}
[1552249175.348][INFO]: Waiting for pending navigations...
[1552249175.349][INFO]: Done waiting for pending navigations. Status: ok
[1552249175.353][INFO]: Waiting for pending navigations...
[1552249175.354][INFO]: Done waiting for pending navigations. Status: ok
[1552249175.354][INFO]: [e2a90e47e074b493f14ebb847cc39340] RESPONSE FindElement {
   "ELEMENT": "0.7833080931137886-9"
}
[1552249175.355][INFO]: [e2a90e47e074b493f14ebb847cc39340] COMMAND GetElementAttribute {
   "id": "0.7833080931137886-9",
   "name": "href"
}
[1552249175.355][INFO]: Waiting for pending navigations...
[1552249175.356][INFO]: Done waiting for pending navigations. Status: ok
[1552249175.359][INFO]: Waiting for pending navigations...
[1552249175.360][INFO]: Done waiting for pending navigations. Status: ok
[1552249175.360][INFO]: [e2a90e47e074b493f14ebb847cc39340] RESPONSE GetElementAttribute "http://localhost:3000/steps/1"
[1552249175.362][INFO]: [e2a90e47e074b493f14ebb847cc39340] COMMAND Screenshot {

}
[1552249175.362][INFO]: Waiting for pending navigations...
[1552249175.362][INFO]: Done waiting for pending navigations. Status: ok
[1552249175.641][INFO]: Waiting for pending navigations...
[1552249175.642][INFO]: Done waiting for pending navigations. Status: ok
[1552249175.642][INFO]: [e2a90e47e074b493f14ebb847cc39340] RESPONSE Screenshot "iVBORw0KGgoAAAANSUhEUgAAB4AAAANRCAYAAAACj6FfAAAgAElEQVR4nOzdfVTU9533/9cMIzBORoabICCgiEpG4g3UUCWxRshmU11j1f5SV9Nmc3C73eBuflWzp6d6XbvXtdrNr5Xk9Kp67a8/ubrZrW7araYmq8lmAy6xVUst3hBCvEUFAREcEHG4GYbfH9zNI..."
[1552249175.655][INFO]: [e2a90e47e074b493f14ebb847cc39340] COMMAND FindElement {
   "using": "id",
   "value": "step-2-link"
}
[1552249175.655][INFO]: Waiting for pending navigations...
[1552249175.656][INFO]: Done waiting for pending navigations. Status: ok
[1552249175.667][INFO]: Waiting for pending navigations...
[1552249175.668][INFO]: Done waiting for pending navigations. Status: ok
[1552249175.669][INFO]: [e2a90e47e074b493f14ebb847cc39340] RESPONSE FindElement {
   "ELEMENT": "0.7833080931137886-10"
}
[1552249175.670][INFO]: [e2a90e47e074b493f14ebb847cc39340] COMMAND IsElementDisplayed {
   "id": "0.7833080931137886-10"
}
[1552249175.670][INFO]: Waiting for pending navigations...
[1552249175.671][INFO]: Done waiting for pending navigations. Status: ok
[1552249175.680][INFO]: Waiting for pending navigations...
[1552249175.681][INFO]: Done waiting for pending navigations. Status: ok
[1552249175.681][INFO]: [e2a90e47e074b493f14ebb847cc39340] RESPONSE IsElementDisplayed true
[1552249175.682][INFO]: [e2a90e47e074b493f14ebb847cc39340] COMMAND Screenshot {

}
[1552249175.682][INFO]: Waiting for pending navigations...
[1552249175.685][INFO]: Done waiting for pending navigations. Status: ok
[1552249175.984][INFO]: Waiting for pending navigations...
[1552249175.985][INFO]: Done waiting for pending navigations. Status: ok
[1552249175.985][INFO]: [e2a90e47e074b493f14ebb847cc39340] RESPONSE Screenshot "iVBORw0KGgoAAAANSUhEUgAAB4AAAANRCAYAAAACj6FfAAAgAElEQVR4nOzdfVTU9533/9cMIzBORoabICCgiEpG4g3UUCWxRshmU11j1f5SV9Nmc3C73eBuflWzp6d6XbvXtdrNr5Xk9Kp67a8/ubrZrW7araYmq8lmAy6xVUst3hBCvEUFAREcEHG4GYbfH9zNI..."
[1552249176.001][INFO]: [e2a90e47e074b493f14ebb847cc39340] COMMAND FindElement {
   "using": "id",
   "value": "step-2-link"
}
[1552249176.001][INFO]: Waiting for pending navigations...
[1552249176.002][INFO]: Done waiting for pending navigations. Status: ok
[1552249176.007][INFO]: Waiting for pending navigations...
[1552249176.007][INFO]: Done waiting for pending navigations. Status: ok
[1552249176.007][INFO]: [e2a90e47e074b493f14ebb847cc39340] RESPONSE FindElement {
   "ELEMENT": "0.7833080931137886-10"
}
[1552249176.008][INFO]: [e2a90e47e074b493f14ebb847cc39340] COMMAND GetElementText {
   "id": "0.7833080931137886-10"
}
[1552249176.009][INFO]: Waiting for pending navigations...
[1552249176.009][INFO]: Done waiting for pending navigations. Status: ok
[1552249176.019][INFO]: Waiting for pending navigations...
[1552249176.020][INFO]: Done waiting for pending navigations. Status: ok
[1552249176.020][INFO]: [e2a90e47e074b493f14ebb847cc39340] RESPONSE GetElementText "Segundo paso: Evaluación de riesgos e impacto"
[1552249176.024][INFO]: [e2a90e47e074b493f14ebb847cc39340] COMMAND FindElement {
   "using": "id",
   "value": "step-2-link"
}
[1552249176.024][INFO]: Waiting for pending navigations...
[1552249176.025][INFO]: Done waiting for pending navigations. Status: ok
[1552249176.029][INFO]: Waiting for pending navigations...
[1552249176.031][INFO]: Done waiting for pending navigations. Status: ok
[1552249176.031][INFO]: [e2a90e47e074b493f14ebb847cc39340] RESPONSE FindElement {
   "ELEMENT": "0.7833080931137886-10"
}
[1552249176.032][INFO]: [e2a90e47e074b493f14ebb847cc39340] COMMAND GetElementAttribute {
   "id": "0.7833080931137886-10",
   "name": "href"
}
[1552249176.032][INFO]: Waiting for pending navigations...
[1552249176.033][INFO]: Done waiting for pending navigations. Status: ok
[1552249176.036][INFO]: Waiting for pending navigations...
[1552249176.037][INFO]: Done waiting for pending navigations. Status: ok
[1552249176.037][INFO]: [e2a90e47e074b493f14ebb847cc39340] RESPONSE GetElementAttribute "http://localhost:3000/steps/2"
[1552249176.038][INFO]: [e2a90e47e074b493f14ebb847cc39340] COMMAND Screenshot {

}
[1552249176.038][INFO]: Waiting for pending navigations...
[1552249176.039][INFO]: Done waiting for pending navigations. Status: ok
[1552249176.359][INFO]: Waiting for pending navigations...
[1552249176.360][INFO]: Done waiting for pending navigations. Status: ok
[1552249176.360][INFO]: [e2a90e47e074b493f14ebb847cc39340] RESPONSE Screenshot "iVBORw0KGgoAAAANSUhEUgAAB4AAAANRCAYAAAACj6FfAAAgAElEQVR4nOzdfVTU9533/9cMIzBORoabICCgiEpG4g3UUCWxRshmU11j1f5SV9Nmc3C73eBuflWzp6d6XbvXtdrNr5Xk9Kp67a8/ubrZrW7araYmq8lmAy6xVUst3hBCvEUFAREcEHG4GYbfH9zNI..."
[1552249176.373][INFO]: [e2a90e47e074b493f14ebb847cc39340] COMMAND FindElement {
   "using": "id",
   "value": "step-3-link"
}
[1552249176.373][INFO]: Waiting for pending navigations...
[1552249176.374][INFO]: Done waiting for pending navigations. Status: ok
[1552249176.385][INFO]: Waiting for pending navigations...
[1552249176.387][INFO]: Done waiting for pending navigations. Status: ok
[1552249176.387][INFO]: [e2a90e47e074b493f14ebb847cc39340] RESPONSE FindElement {
   "ELEMENT": "0.7833080931137886-11"
}
[1552249176.388][INFO]: [e2a90e47e074b493f14ebb847cc39340] COMMAND IsElementDisplayed {
   "id": "0.7833080931137886-11"
}
[1552249176.388][INFO]: Waiting for pending navigations...
[1552249176.389][INFO]: Done waiting for pending navigations. Status: ok
[1552249176.398][INFO]: Waiting for pending navigations...
[1552249176.399][INFO]: Done waiting for pending navigations. Status: ok
[1552249176.399][INFO]: [e2a90e47e074b493f14ebb847cc39340] RESPONSE IsElementDisplayed true
[1552249176.400][INFO]: [e2a90e47e074b493f14ebb847cc39340] COMMAND Screenshot {

}
[1552249176.401][INFO]: Waiting for pending navigations...
[1552249176.401][INFO]: Done waiting for pending navigations. Status: ok
[1552249176.706][INFO]: Waiting for pending navigations...
[1552249176.707][INFO]: Done waiting for pending navigations. Status: ok
[1552249176.707][INFO]: [e2a90e47e074b493f14ebb847cc39340] RESPONSE Screenshot "iVBORw0KGgoAAAANSUhEUgAAB4AAAANRCAYAAAACj6FfAAAgAElEQVR4nOzdfVTU9533/9cMIzBORoabICCgiEpG4g3UUCWxRshmU11j1f5SV9Nmc3C73eBuflWzp6d6XbvXtdrNr5Xk9Kp67a8/ubrZrW7araYmq8lmAy6xVUst3hBCvEUFAREcEHG4GYbfH9zNI..."
[1552249176.720][INFO]: [e2a90e47e074b493f14ebb847cc39340] COMMAND FindElement {
   "using": "id",
   "value": "step-3-link"
}
[1552249176.720][INFO]: Waiting for pending navigations...
[1552249176.721][INFO]: Done waiting for pending navigations. Status: ok
[1552249176.726][INFO]: Waiting for pending navigations...
[1552249176.726][INFO]: Done waiting for pending navigations. Status: ok
[1552249176.726][INFO]: [e2a90e47e074b493f14ebb847cc39340] RESPONSE FindElement {
   "ELEMENT": "0.7833080931137886-11"
}
[1552249176.730][INFO]: [e2a90e47e074b493f14ebb847cc39340] COMMAND GetElementText {
   "id": "0.7833080931137886-11"
}
[1552249176.730][INFO]: Waiting for pending navigations...
[1552249176.731][INFO]: Done waiting for pending navigations. Status: ok
[1552249176.740][INFO]: Waiting for pending navigations...
[1552249176.741][INFO]: Done waiting for pending navigations. Status: ok
[1552249176.741][INFO]: [e2a90e47e074b493f14ebb847cc39340] RESPONSE GetElementText "Tercer paso: Formulación de un código de conducta"
[1552249176.744][INFO]: [e2a90e47e074b493f14ebb847cc39340] COMMAND FindElement {
   "using": "id",
   "value": "step-3-link"
}
[1552249176.744][INFO]: Waiting for pending navigations...
[1552249176.746][INFO]: Done waiting for pending navigations. Status: ok
[1552249176.750][INFO]: Waiting for pending navigations...
[1552249176.752][INFO]: Done waiting for pending navigations. Status: ok
[1552249176.752][INFO]: [e2a90e47e074b493f14ebb847cc39340] RESPONSE FindElement {
   "ELEMENT": "0.7833080931137886-11"
}
[1552249176.754][INFO]: [e2a90e47e074b493f14ebb847cc39340] COMMAND GetElementAttribute {
   "id": "0.7833080931137886-11",
   "name": "href"
}
[1552249176.754][INFO]: Waiting for pending navigations...
[1552249176.755][INFO]: Done waiting for pending navigations. Status: ok
[1552249176.758][INFO]: Waiting for pending navigations...
[1552249176.758][INFO]: Done waiting for pending navigations. Status: ok
[1552249176.758][INFO]: [e2a90e47e074b493f14ebb847cc39340] RESPONSE GetElementAttribute "http://localhost:3000/steps/3"
[1552249176.760][INFO]: [e2a90e47e074b493f14ebb847cc39340] COMMAND Screenshot {

}
[1552249176.760][INFO]: Waiting for pending navigations...
[1552249176.761][INFO]: Done waiting for pending navigations. Status: ok
[1552249177.047][INFO]: Waiting for pending navigations...
[1552249177.048][INFO]: Done waiting for pending navigations. Status: ok
[1552249177.048][INFO]: [e2a90e47e074b493f14ebb847cc39340] RESPONSE Screenshot "iVBORw0KGgoAAAANSUhEUgAAB4AAAANRCAYAAAACj6FfAAAgAElEQVR4nOzdfVTU9533/9cMIzBORoabICCgiEpG4g3UUCWxRshmU11j1f5SV9Nmc3C73eBuflWzp6d6XbvXtdrNr5Xk9Kp67a8/ubrZrW7araYmq8lmAy6xVUst3hBCvEUFAREcEHG4GYbfH9zNI..."
[1552249177.060][INFO]: [e2a90e47e074b493f14ebb847cc39340] COMMAND FindElement {
   "using": "id",
   "value": "step-4-link"
}
[1552249177.060][INFO]: Waiting for pending navigations...
[1552249177.062][INFO]: Done waiting for pending navigations. Status: ok
[1552249177.070][INFO]: Waiting for pending navigations...
[1552249177.071][INFO]: Done waiting for pending navigations. Status: ok
[1552249177.071][INFO]: [e2a90e47e074b493f14ebb847cc39340] RESPONSE FindElement {
   "ELEMENT": "0.7833080931137886-12"
}
[1552249177.073][INFO]: [e2a90e47e074b493f14ebb847cc39340] COMMAND IsElementDisplayed {
   "id": "0.7833080931137886-12"
}
[1552249177.073][INFO]: Waiting for pending navigations...
[1552249177.074][INFO]: Done waiting for pending navigations. Status: ok
[1552249177.082][INFO]: Waiting for pending navigations...
[1552249177.083][INFO]: Done waiting for pending navigations. Status: ok
[1552249177.083][INFO]: [e2a90e47e074b493f14ebb847cc39340] RESPONSE IsElementDisplayed true
[1552249177.084][INFO]: [e2a90e47e074b493f14ebb847cc39340] COMMAND Screenshot {

}
[1552249177.084][INFO]: Waiting for pending navigations...
[1552249177.085][INFO]: Done waiting for pending navigations. Status: ok
[1552249177.364][INFO]: Waiting for pending navigations...
[1552249177.365][INFO]: Done waiting for pending navigations. Status: ok
[1552249177.365][INFO]: [e2a90e47e074b493f14ebb847cc39340] RESPONSE Screenshot "iVBORw0KGgoAAAANSUhEUgAAB4AAAANRCAYAAAACj6FfAAAgAElEQVR4nOzdfVTU9533/9cMIzBORoabICCgiEpG4g3UUCWxRshmU11j1f5SV9Nmc3C73eBuflWzp6d6XbvXtdrNr5Xk9Kp67a8/ubrZrW7araYmq8lmAy6xVUst3hBCvEUFAREcEHG4GYbfH9zNI..."
[1552249177.379][INFO]: [e2a90e47e074b493f14ebb847cc39340] COMMAND FindElement {
   "using": "id",
   "value": "step-4-link"
}
[1552249177.379][INFO]: Waiting for pending navigations...
[1552249177.380][INFO]: Done waiting for pending navigations. Status: ok
[1552249177.384][INFO]: Waiting for pending navigations...
[1552249177.385][INFO]: Done waiting for pending navigations. Status: ok
[1552249177.385][INFO]: [e2a90e47e074b493f14ebb847cc39340] RESPONSE FindElement {
   "ELEMENT": "0.7833080931137886-12"
}
[1552249177.387][INFO]: [e2a90e47e074b493f14ebb847cc39340] COMMAND GetElementText {
   "id": "0.7833080931137886-12"
}
[1552249177.387][INFO]: Waiting for pending navigations...
[1552249177.388][INFO]: Done waiting for pending navigations. Status: ok
[1552249177.398][INFO]: Waiting for pending navigations...
[1552249177.399][INFO]: Done waiting for pending navigations. Status: ok
[1552249177.399][INFO]: [e2a90e47e074b493f14ebb847cc39340] RESPONSE GetElementText "Cuarto paso: Comunicación y capacitación en la cadena de suministro"
[1552249177.401][INFO]: [e2a90e47e074b493f14ebb847cc39340] COMMAND FindElement {
   "using": "id",
   "value": "step-4-link"
}
[1552249177.401][INFO]: Waiting for pending navigations...
[1552249177.403][INFO]: Done waiting for pending navigations. Status: ok
[1552249177.407][INFO]: Waiting for pending navigations...
[1552249177.408][INFO]: Done waiting for pending navigations. Status: ok
[1552249177.408][INFO]: [e2a90e47e074b493f14ebb847cc39340] RESPONSE FindElement {
   "ELEMENT": "0.7833080931137886-12"
}
[1552249177.409][INFO]: [e2a90e47e074b493f14ebb847cc39340] COMMAND GetElementAttribute {
   "id": "0.7833080931137886-12",
   "name": "href"
}
[1552249177.409][INFO]: Waiting for pending navigations...
[1552249177.410][INFO]: Done waiting for pending navigations. Status: ok
[1552249177.412][INFO]: Waiting for pending navigations...
[1552249177.413][INFO]: Done waiting for pending navigations. Status: ok
[1552249177.413][INFO]: [e2a90e47e074b493f14ebb847cc39340] RESPONSE GetElementAttribute "http://localhost:3000/steps/4"
[1552249177.414][INFO]: [e2a90e47e074b493f14ebb847cc39340] COMMAND Screenshot {

}
[1552249177.414][INFO]: Waiting for pending navigations...
[1552249177.414][INFO]: Done waiting for pending navigations. Status: ok
[1552249177.724][INFO]: Waiting for pending navigations...
[1552249177.725][INFO]: Done waiting for pending navigations. Status: ok
[1552249177.725][INFO]: [e2a90e47e074b493f14ebb847cc39340] RESPONSE Screenshot "iVBORw0KGgoAAAANSUhEUgAAB4AAAANRCAYAAAACj6FfAAAgAElEQVR4nOzdfVTU9533/9cMIzBORoabICCgiEpG4g3UUCWxRshmU11j1f5SV9Nmc3C73eBuflWzp6d6XbvXtdrNr5Xk9Kp67a8/ubrZrW7araYmq8lmAy6xVUst3hBCvEUFAREcEHG4GYbfH9zNI..."
[1552249177.738][INFO]: [e2a90e47e074b493f14ebb847cc39340] COMMAND FindElement {
   "using": "id",
   "value": "step-5-link"
}
[1552249177.738][INFO]: Waiting for pending navigations...
[1552249177.739][INFO]: Done waiting for pending navigations. Status: ok
[1552249177.748][INFO]: Waiting for pending navigations...
[1552249177.748][INFO]: Done waiting for pending navigations. Status: ok
[1552249177.748][INFO]: [e2a90e47e074b493f14ebb847cc39340] RESPONSE FindElement {
   "ELEMENT": "0.7833080931137886-13"
}
[1552249177.750][INFO]: [e2a90e47e074b493f14ebb847cc39340] COMMAND IsElementDisplayed {
   "id": "0.7833080931137886-13"
}
[1552249177.750][INFO]: Waiting for pending navigations...
[1552249177.751][INFO]: Done waiting for pending navigations. Status: ok
[1552249177.758][INFO]: Waiting for pending navigations...
[1552249177.759][INFO]: Done waiting for pending navigations. Status: ok
[1552249177.759][INFO]: [e2a90e47e074b493f14ebb847cc39340] RESPONSE IsElementDisplayed true
[1552249177.761][INFO]: [e2a90e47e074b493f14ebb847cc39340] COMMAND Screenshot {

}
[1552249177.761][INFO]: Waiting for pending navigations...
[1552249177.763][INFO]: Done waiting for pending navigations. Status: ok
[1552249178.088][INFO]: Waiting for pending navigations...
[1552249178.090][INFO]: Done waiting for pending navigations. Status: ok
[1552249178.090][INFO]: [e2a90e47e074b493f14ebb847cc39340] RESPONSE Screenshot "iVBORw0KGgoAAAANSUhEUgAAB4AAAANRCAYAAAACj6FfAAAgAElEQVR4nOzdfVTU9533/9cMIzBORoabICCgiEpG4g3UUCWxRshmU11j1f5SV9Nmc3C73eBuflWzp6d6XbvXtdrNr5Xk9Kp67a8/ubrZrW7araYmq8lmAy6xVUst3hBCvEUFAREcEHG4GYbfH9zNI..."
[1552249178.104][INFO]: [e2a90e47e074b493f14ebb847cc39340] COMMAND FindElement {
   "using": "id",
   "value": "step-5-link"
}
[1552249178.104][INFO]: Waiting for pending navigations...
[1552249178.105][INFO]: Done waiting for pending navigations. Status: ok
[1552249178.109][INFO]: Waiting for pending navigations...
[1552249178.110][INFO]: Done waiting for pending navigations. Status: ok
[1552249178.110][INFO]: [e2a90e47e074b493f14ebb847cc39340] RESPONSE FindElement {
   "ELEMENT": "0.7833080931137886-13"
}
[1552249178.112][INFO]: [e2a90e47e074b493f14ebb847cc39340] COMMAND GetElementText {
   "id": "0.7833080931137886-13"
}
[1552249178.112][INFO]: Waiting for pending navigations...
[1552249178.113][INFO]: Done waiting for pending navigations. Status: ok
[1552249178.122][INFO]: Waiting for pending navigations...
[1552249178.123][INFO]: Done waiting for pending navigations. Status: ok
[1552249178.123][INFO]: [e2a90e47e074b493f14ebb847cc39340] RESPONSE GetElementText "Quinto paso: Vigilancia y seguimiento del cumplimiento"
[1552249178.125][INFO]: [e2a90e47e074b493f14ebb847cc39340] COMMAND FindElement {
   "using": "id",
   "value": "step-5-link"
}
[1552249178.125][INFO]: Waiting for pending navigations...
[1552249178.126][INFO]: Done waiting for pending navigations. Status: ok
[1552249178.131][INFO]: Waiting for pending navigations...
[1552249178.132][INFO]: Done waiting for pending navigations. Status: ok
[1552249178.132][INFO]: [e2a90e47e074b493f14ebb847cc39340] RESPONSE FindElement {
   "ELEMENT": "0.7833080931137886-13"
}
[1552249178.134][INFO]: [e2a90e47e074b493f14ebb847cc39340] COMMAND GetElementAttribute {
   "id": "0.7833080931137886-13",
   "name": "href"
}
[1552249178.134][INFO]: Waiting for pending navigations...
[1552249178.135][INFO]: Done waiting for pending navigations. Status: ok
[1552249178.138][INFO]: Waiting for pending navigations...
[1552249178.139][INFO]: Done waiting for pending navigations. Status: ok
[1552249178.139][INFO]: [e2a90e47e074b493f14ebb847cc39340] RESPONSE GetElementAttribute "http://localhost:3000/steps/5"
[1552249178.140][INFO]: [e2a90e47e074b493f14ebb847cc39340] COMMAND Screenshot {

}
[1552249178.140][INFO]: Waiting for pending navigations...
[1552249178.141][INFO]: Done waiting for pending navigations. Status: ok
[1552249178.448][INFO]: Waiting for pending navigations...
[1552249178.449][INFO]: Done waiting for pending navigations. Status: ok
[1552249178.449][INFO]: [e2a90e47e074b493f14ebb847cc39340] RESPONSE Screenshot "iVBORw0KGgoAAAANSUhEUgAAB4AAAANRCAYAAAACj6FfAAAgAElEQVR4nOzdfVTU9533/9cMIzBORoabICCgiEpG4g3UUCWxRshmU11j1f5SV9Nmc3C73eBuflWzp6d6XbvXtdrNr5Xk9Kp67a8/ubrZrW7araYmq8lmAy6xVUst3hBCvEUFAREcEHG4GYbfH9zNI..."
[1552249178.464][INFO]: [e2a90e47e074b493f14ebb847cc39340] COMMAND FindElement {
   "using": "id",
   "value": "step-6-link"
}
[1552249178.464][INFO]: Waiting for pending navigations...
[1552249178.465][INFO]: Done waiting for pending navigations. Status: ok
[1552249178.474][INFO]: Waiting for pending navigations...
[1552249178.475][INFO]: Done waiting for pending navigations. Status: ok
[1552249178.475][INFO]: [e2a90e47e074b493f14ebb847cc39340] RESPONSE FindElement {
   "ELEMENT": "0.7833080931137886-14"
}
[1552249178.476][INFO]: [e2a90e47e074b493f14ebb847cc39340] COMMAND IsElementDisplayed {
   "id": "0.7833080931137886-14"
}
[1552249178.476][INFO]: Waiting for pending navigations...
[1552249178.477][INFO]: Done waiting for pending navigations. Status: ok
[1552249178.484][INFO]: Waiting for pending navigations...
[1552249178.485][INFO]: Done waiting for pending navigations. Status: ok
[1552249178.485][INFO]: [e2a90e47e074b493f14ebb847cc39340] RESPONSE IsElementDisplayed true
[1552249178.487][INFO]: [e2a90e47e074b493f14ebb847cc39340] COMMAND Screenshot {

}
[1552249178.487][INFO]: Waiting for pending navigations...
[1552249178.487][INFO]: Done waiting for pending navigations. Status: ok
[1552249178.781][INFO]: Waiting for pending navigations...
[1552249178.782][INFO]: Done waiting for pending navigations. Status: ok
[1552249178.782][INFO]: [e2a90e47e074b493f14ebb847cc39340] RESPONSE Screenshot "iVBORw0KGgoAAAANSUhEUgAAB4AAAANRCAYAAAACj6FfAAAgAElEQVR4nOzdfVTU9533/9cMIzBORoabICCgiEpG4g3UUCWxRshmU11j1f5SV9Nmc3C73eBuflWzp6d6XbvXtdrNr5Xk9Kp67a8/ubrZrW7araYmq8lmAy6xVUst3hBCvEUFAREcEHG4GYbfH9zNI..."
[1552249178.795][INFO]: [e2a90e47e074b493f14ebb847cc39340] COMMAND FindElement {
   "using": "id",
   "value": "step-6-link"
}
[1552249178.795][INFO]: Waiting for pending navigations...
[1552249178.796][INFO]: Done waiting for pending navigations. Status: ok
[1552249178.800][INFO]: Waiting for pending navigations...
[1552249178.801][INFO]: Done waiting for pending navigations. Status: ok
[1552249178.801][INFO]: [e2a90e47e074b493f14ebb847cc39340] RESPONSE FindElement {
   "ELEMENT": "0.7833080931137886-14"
}
[1552249178.802][INFO]: [e2a90e47e074b493f14ebb847cc39340] COMMAND GetElementText {
   "id": "0.7833080931137886-14"
}
[1552249178.802][INFO]: Waiting for pending navigations...
[1552249178.803][INFO]: Done waiting for pending navigations. Status: ok
[1552249178.814][INFO]: Waiting for pending navigations...
[1552249178.815][INFO]: Done waiting for pending navigations. Status: ok
[1552249178.815][INFO]: [e2a90e47e074b493f14ebb847cc39340] RESPONSE GetElementText "Sexto paso: Remediación de infracciones"
[1552249178.819][INFO]: [e2a90e47e074b493f14ebb847cc39340] COMMAND FindElement {
   "using": "id",
   "value": "step-6-link"
}
[1552249178.819][INFO]: Waiting for pending navigations...
[1552249178.820][INFO]: Done waiting for pending navigations. Status: ok
[1552249178.824][INFO]: Waiting for pending navigations...
[1552249178.825][INFO]: Done waiting for pending navigations. Status: ok
[1552249178.825][INFO]: [e2a90e47e074b493f14ebb847cc39340] RESPONSE FindElement {
   "ELEMENT": "0.7833080931137886-14"
}
[1552249178.827][INFO]: [e2a90e47e074b493f14ebb847cc39340] COMMAND GetElementAttribute {
   "id": "0.7833080931137886-14",
   "name": "href"
}
[1552249178.827][INFO]: Waiting for pending navigations...
[1552249178.828][INFO]: Done waiting for pending navigations. Status: ok
[1552249178.830][INFO]: Waiting for pending navigations...
[1552249178.831][INFO]: Done waiting for pending navigations. Status: ok
[1552249178.831][INFO]: [e2a90e47e074b493f14ebb847cc39340] RESPONSE GetElementAttribute "http://localhost:3000/steps/6"
[1552249178.832][INFO]: [e2a90e47e074b493f14ebb847cc39340] COMMAND Screenshot {

}
[1552249178.832][INFO]: Waiting for pending navigations...
[1552249178.833][INFO]: Done waiting for pending navigations. Status: ok
[1552249179.115][INFO]: Waiting for pending navigations...
[1552249179.116][INFO]: Done waiting for pending navigations. Status: ok
[1552249179.116][INFO]: [e2a90e47e074b493f14ebb847cc39340] RESPONSE Screenshot "iVBORw0KGgoAAAANSUhEUgAAB4AAAANRCAYAAAACj6FfAAAgAElEQVR4nOzdfVTU9533/9cMIzBORoabICCgiEpG4g3UUCWxRshmU11j1f5SV9Nmc3C73eBuflWzp6d6XbvXtdrNr5Xk9Kp67a8/ubrZrW7araYmq8lmAy6xVUst3hBCvEUFAREcEHG4GYbfH9zNI..."
[1552249179.133][INFO]: [e2a90e47e074b493f14ebb847cc39340] COMMAND FindElement {
   "using": "id",
   "value": "step-7-link"
}
[1552249179.133][INFO]: Waiting for pending navigations...
[1552249179.134][INFO]: Done waiting for pending navigations. Status: ok
[1552249179.142][INFO]: Waiting for pending navigations...
[1552249179.143][INFO]: Done waiting for pending navigations. Status: ok
[1552249179.143][INFO]: [e2a90e47e074b493f14ebb847cc39340] RESPONSE FindElement {
   "ELEMENT": "0.7833080931137886-15"
}
[1552249179.144][INFO]: [e2a90e47e074b493f14ebb847cc39340] COMMAND IsElementDisplayed {
   "id": "0.7833080931137886-15"
}
[1552249179.144][INFO]: Waiting for pending navigations...
[1552249179.145][INFO]: Done waiting for pending navigations. Status: ok
[1552249179.153][INFO]: Waiting for pending navigations...
[1552249179.154][INFO]: Done waiting for pending navigations. Status: ok
[1552249179.154][INFO]: [e2a90e47e074b493f14ebb847cc39340] RESPONSE IsElementDisplayed true
[1552249179.155][INFO]: [e2a90e47e074b493f14ebb847cc39340] COMMAND Screenshot {

}
[1552249179.155][INFO]: Waiting for pending navigations...
[1552249179.157][INFO]: Done waiting for pending navigations. Status: ok
[1552249179.453][INFO]: Waiting for pending navigations...
[1552249179.455][INFO]: Done waiting for pending navigations. Status: ok
[1552249179.455][INFO]: [e2a90e47e074b493f14ebb847cc39340] RESPONSE Screenshot "iVBORw0KGgoAAAANSUhEUgAAB4AAAANRCAYAAAACj6FfAAAgAElEQVR4nOzdfVTU9533/9cMIzBORoabICCgiEpG4g3UUCWxRshmU11j1f5SV9Nmc3C73eBuflWzp6d6XbvXtdrNr5Xk9Kp67a8/ubrZrW7araYmq8lmAy6xVUst3hBCvEUFAREcEHG4GYbfH9zNI..."
[1552249179.470][INFO]: [e2a90e47e074b493f14ebb847cc39340] COMMAND FindElement {
   "using": "id",
   "value": "step-7-link"
}
[1552249179.470][INFO]: Waiting for pending navigations...
[1552249179.472][INFO]: Done waiting for pending navigations. Status: ok
[1552249179.476][INFO]: Waiting for pending navigations...
[1552249179.477][INFO]: Done waiting for pending navigations. Status: ok
[1552249179.477][INFO]: [e2a90e47e074b493f14ebb847cc39340] RESPONSE FindElement {
   "ELEMENT": "0.7833080931137886-15"
}
[1552249179.480][INFO]: [e2a90e47e074b493f14ebb847cc39340] COMMAND GetElementText {
   "id": "0.7833080931137886-15"
}
[1552249179.480][INFO]: Waiting for pending navigations...
[1552249179.482][INFO]: Done waiting for pending navigations. Status: ok
[1552249179.493][INFO]: Waiting for pending navigations...
[1552249179.495][INFO]: Done waiting for pending navigations. Status: ok
[1552249179.495][INFO]: [e2a90e47e074b493f14ebb847cc39340] RESPONSE GetElementText "Séptimo paso: Examen independiente"
[1552249179.498][INFO]: [e2a90e47e074b493f14ebb847cc39340] COMMAND FindElement {
   "using": "id",
   "value": "step-7-link"
}
[1552249179.498][INFO]: Waiting for pending navigations...
[1552249179.499][INFO]: Done waiting for pending navigations. Status: ok
[1552249179.504][INFO]: Waiting for pending navigations...
[1552249179.505][INFO]: Done waiting for pending navigations. Status: ok
[1552249179.505][INFO]: [e2a90e47e074b493f14ebb847cc39340] RESPONSE FindElement {
   "ELEMENT": "0.7833080931137886-15"
}
[1552249179.506][INFO]: [e2a90e47e074b493f14ebb847cc39340] COMMAND GetElementAttribute {
   "id": "0.7833080931137886-15",
   "name": "href"
}
[1552249179.506][INFO]: Waiting for pending navigations...
[1552249179.507][INFO]: Done waiting for pending navigations. Status: ok
[1552249179.510][INFO]: Waiting for pending navigations...
[1552249179.511][INFO]: Done waiting for pending navigations. Status: ok
[1552249179.511][INFO]: [e2a90e47e074b493f14ebb847cc39340] RESPONSE GetElementAttribute "http://localhost:3000/steps/7"
[1552249179.512][INFO]: [e2a90e47e074b493f14ebb847cc39340] COMMAND Screenshot {

}
[1552249179.513][INFO]: Waiting for pending navigations...
[1552249179.513][INFO]: Done waiting for pending navigations. Status: ok
[1552249179.826][INFO]: Waiting for pending navigations...
[1552249179.829][INFO]: Done waiting for pending navigations. Status: ok
[1552249179.829][INFO]: [e2a90e47e074b493f14ebb847cc39340] RESPONSE Screenshot "iVBORw0KGgoAAAANSUhEUgAAB4AAAANRCAYAAAACj6FfAAAgAElEQVR4nOzdfVTU9533/9cMIzBORoabICCgiEpG4g3UUCWxRshmU11j1f5SV9Nmc3C73eBuflWzp6d6XbvXtdrNr5Xk9Kp67a8/ubrZrW7araYmq8lmAy6xVUst3hBCvEUFAREcEHG4GYbfH9zNI..."
[1552249179.843][INFO]: [e2a90e47e074b493f14ebb847cc39340] COMMAND FindElement {
   "using": "id",
   "value": "step-8-link"
}
[1552249179.843][INFO]: Waiting for pending navigations...
[1552249179.844][INFO]: Done waiting for pending navigations. Status: ok
[1552249179.852][INFO]: Waiting for pending navigations...
[1552249179.853][INFO]: Done waiting for pending navigations. Status: ok
[1552249179.853][INFO]: [e2a90e47e074b493f14ebb847cc39340] RESPONSE FindElement {
   "ELEMENT": "0.7833080931137886-16"
}
[1552249179.855][INFO]: [e2a90e47e074b493f14ebb847cc39340] COMMAND IsElementDisplayed {
   "id": "0.7833080931137886-16"
}
[1552249179.855][INFO]: Waiting for pending navigations...
[1552249179.856][INFO]: Done waiting for pending navigations. Status: ok
[1552249179.866][INFO]: Waiting for pending navigations...
[1552249179.867][INFO]: Done waiting for pending navigations. Status: ok
[1552249179.867][INFO]: [e2a90e47e074b493f14ebb847cc39340] RESPONSE IsElementDisplayed true
[1552249179.868][INFO]: [e2a90e47e074b493f14ebb847cc39340] COMMAND Screenshot {

}
[1552249179.868][INFO]: Waiting for pending navigations...
[1552249179.869][INFO]: Done waiting for pending navigations. Status: ok
[1552249180.160][INFO]: Waiting for pending navigations...
[1552249180.162][INFO]: Done waiting for pending navigations. Status: ok
[1552249180.162][INFO]: [e2a90e47e074b493f14ebb847cc39340] RESPONSE Screenshot "iVBORw0KGgoAAAANSUhEUgAAB4AAAANRCAYAAAACj6FfAAAgAElEQVR4nOzdfVTU9533/9cMIzBORoabICCgiEpG4g3UUCWxRshmU11j1f5SV9Nmc3C73eBuflWzp6d6XbvXtdrNr5Xk9Kp67a8/ubrZrW7araYmq8lmAy6xVUst3hBCvEUFAREcEHG4GYbfH9zNI..."
[1552249180.176][INFO]: [e2a90e47e074b493f14ebb847cc39340] COMMAND FindElement {
   "using": "id",
   "value": "step-8-link"
}
[1552249180.176][INFO]: Waiting for pending navigations...
[1552249180.177][INFO]: Done waiting for pending navigations. Status: ok
[1552249180.182][INFO]: Waiting for pending navigations...
[1552249180.182][INFO]: Done waiting for pending navigations. Status: ok
[1552249180.182][INFO]: [e2a90e47e074b493f14ebb847cc39340] RESPONSE FindElement {
   "ELEMENT": "0.7833080931137886-16"
}
[1552249180.183][INFO]: [e2a90e47e074b493f14ebb847cc39340] COMMAND GetElementText {
   "id": "0.7833080931137886-16"
}
[1552249180.183][INFO]: Waiting for pending navigations...
[1552249180.184][INFO]: Done waiting for pending navigations. Status: ok
[1552249180.197][INFO]: Waiting for pending navigations...
[1552249180.198][INFO]: Done waiting for pending navigations. Status: ok
[1552249180.198][INFO]: [e2a90e47e074b493f14ebb847cc39340] RESPONSE GetElementText "Octavo paso: Notificación del desempeño"
[1552249180.200][INFO]: [e2a90e47e074b493f14ebb847cc39340] COMMAND FindElement {
   "using": "id",
   "value": "step-8-link"
}
[1552249180.200][INFO]: Waiting for pending navigations...
[1552249180.201][INFO]: Done waiting for pending navigations. Status: ok
[1552249180.207][INFO]: Waiting for pending navigations...
[1552249180.208][INFO]: Done waiting for pending navigations. Status: ok
[1552249180.208][INFO]: [e2a90e47e074b493f14ebb847cc39340] RESPONSE FindElement {
   "ELEMENT": "0.7833080931137886-16"
}
[1552249180.209][INFO]: [e2a90e47e074b493f14ebb847cc39340] COMMAND GetElementAttribute {
   "id": "0.7833080931137886-16",
   "name": "href"
}
[1552249180.209][INFO]: Waiting for pending navigations...
[1552249180.210][INFO]: Done waiting for pending navigations. Status: ok
[1552249180.212][INFO]: Waiting for pending navigations...
[1552249180.213][INFO]: Done waiting for pending navigations. Status: ok
[1552249180.213][INFO]: [e2a90e47e074b493f14ebb847cc39340] RESPONSE GetElementAttribute "http://localhost:3000/steps/8"
[1552249180.214][INFO]: [e2a90e47e074b493f14ebb847cc39340] COMMAND Screenshot {

}
[1552249180.214][INFO]: Waiting for pending navigations...
[1552249180.215][INFO]: Done waiting for pending navigations. Status: ok
[1552249180.506][INFO]: Waiting for pending navigations...
[1552249180.507][INFO]: Done waiting for pending navigations. Status: ok
[1552249180.507][INFO]: [e2a90e47e074b493f14ebb847cc39340] RESPONSE Screenshot "iVBORw0KGgoAAAANSUhEUgAAB4AAAANRCAYAAAACj6FfAAAgAElEQVR4nOzdfVTU9533/9cMIzBORoabICCgiEpG4g3UUCWxRshmU11j1f5SV9Nmc3C73eBuflWzp6d6XbvXtdrNr5Xk9Kp67a8/ubrZrW7araYmq8lmAy6xVUst3hBCvEUFAREcEHG4GYbfH9zNI..."
[1552249180.534][INFO]: [e2a90e47e074b493f14ebb847cc39340] COMMAND FindElement {
   "using": "id",
   "value": "steps-dropdown"
}
[1552249180.534][INFO]: Waiting for pending navigations...
[1552249180.535][INFO]: Done waiting for pending navigations. Status: ok
[1552249180.540][INFO]: Waiting for pending navigations...
[1552249180.541][INFO]: Done waiting for pending navigations. Status: ok
[1552249180.541][INFO]: [e2a90e47e074b493f14ebb847cc39340] RESPONSE FindElement {
   "ELEMENT": "0.7833080931137886-8"
}
[1552249180.543][INFO]: [e2a90e47e074b493f14ebb847cc39340] COMMAND IsElementDisplayed {
   "id": "0.7833080931137886-8"
}
[1552249180.543][INFO]: Waiting for pending navigations...
[1552249180.544][INFO]: Done waiting for pending navigations. Status: ok
[1552249180.549][INFO]: Waiting for pending navigations...
[1552249180.550][INFO]: Done waiting for pending navigations. Status: ok
[1552249180.550][INFO]: [e2a90e47e074b493f14ebb847cc39340] RESPONSE IsElementDisplayed true
[1552249180.553][INFO]: [e2a90e47e074b493f14ebb847cc39340] COMMAND FindElement {
   "using": "id",
   "value": "steps-dropdown"
}
[1552249180.553][INFO]: Waiting for pending navigations...
[1552249180.554][INFO]: Done waiting for pending navigations. Status: ok
[1552249180.558][INFO]: Waiting for pending navigations...
[1552249180.560][INFO]: Done waiting for pending navigations. Status: ok
[1552249180.560][INFO]: [e2a90e47e074b493f14ebb847cc39340] RESPONSE FindElement {
   "ELEMENT": "0.7833080931137886-8"
}
[1552249180.563][INFO]: [e2a90e47e074b493f14ebb847cc39340] COMMAND ClickElement {
   "id": "0.7833080931137886-8"
}
[1552249180.563][INFO]: Waiting for pending navigations...
[1552249180.564][INFO]: Done waiting for pending navigations. Status: ok
[1552249180.601][INFO]: Waiting for pending navigations...
[1552249180.602][INFO]: Done waiting for pending navigations. Status: ok
[1552249180.602][INFO]: [e2a90e47e074b493f14ebb847cc39340] RESPONSE ClickElement
[1552249180.603][INFO]: [e2a90e47e074b493f14ebb847cc39340] COMMAND Screenshot {

}
[1552249180.603][INFO]: Waiting for pending navigations...
[1552249180.604][INFO]: Done waiting for pending navigations. Status: ok
[1552249180.916][INFO]: Waiting for pending navigations...
[1552249180.918][INFO]: Done waiting for pending navigations. Status: ok
[1552249180.918][INFO]: [e2a90e47e074b493f14ebb847cc39340] RESPONSE Screenshot "iVBORw0KGgoAAAANSUhEUgAAB4AAAANRCAYAAAACj6FfAAAgAElEQVR4nOzdf1hU9533/9cMIzBORocfIiCgKEpG4g+opUpijZDNJro2VftNs5q2m0u3243u5hu1e/Wq3vfe9672m2+ryZW76p1vV+5sdlc37VZT2411swHX2KqlFo2ETPAXCAiI6IA4Dj+G4fsHv..."
[1552249180.931][INFO]: [e2a90e47e074b493f14ebb847cc39340] COMMAND FindElement {
   "using": "id",
   "value": "menu-btn"
}
[1552249180.931][INFO]: Waiting for pending navigations...
[1552249180.932][INFO]: Done waiting for pending navigations. Status: ok
[1552249180.936][INFO]: Waiting for pending navigations...
[1552249180.937][INFO]: Done waiting for pending navigations. Status: ok
[1552249180.937][INFO]: [e2a90e47e074b493f14ebb847cc39340] RESPONSE FindElement {
   "ELEMENT": "0.7833080931137886-3"
}
[1552249180.939][INFO]: [e2a90e47e074b493f14ebb847cc39340] COMMAND IsElementDisplayed {
   "id": "0.7833080931137886-3"
}
[1552249180.939][INFO]: Waiting for pending navigations...
[1552249180.940][INFO]: Done waiting for pending navigations. Status: ok
[1552249180.944][INFO]: Waiting for pending navigations...
[1552249180.945][INFO]: Done waiting for pending navigations. Status: ok
[1552249180.945][INFO]: [e2a90e47e074b493f14ebb847cc39340] RESPONSE IsElementDisplayed true
[1552249180.948][INFO]: [e2a90e47e074b493f14ebb847cc39340] COMMAND FindElement {
   "using": "id",
   "value": "menu-btn"
}
[1552249180.948][INFO]: Waiting for pending navigations...
[1552249180.948][INFO]: Done waiting for pending navigations. Status: ok
[1552249180.953][INFO]: Waiting for pending navigations...
[1552249180.953][INFO]: Done waiting for pending navigations. Status: ok
[1552249180.954][INFO]: [e2a90e47e074b493f14ebb847cc39340] RESPONSE FindElement {
   "ELEMENT": "0.7833080931137886-3"
}
[1552249180.957][INFO]: [e2a90e47e074b493f14ebb847cc39340] COMMAND ClickElement {
   "id": "0.7833080931137886-3"
}
[1552249180.957][INFO]: Waiting for pending navigations...
[1552249180.957][INFO]: Done waiting for pending navigations. Status: ok
[1552249180.995][INFO]: Waiting for pending navigations...
[1552249180.997][INFO]: Done waiting for pending navigations. Status: ok
[1552249180.997][INFO]: [e2a90e47e074b493f14ebb847cc39340] RESPONSE ClickElement
[1552249181.000][INFO]: [e2a90e47e074b493f14ebb847cc39340] COMMAND FindElement {
   "using": "id",
   "value": "menu-btn"
}
[1552249181.000][INFO]: Waiting for pending navigations...
[1552249181.000][INFO]: Done waiting for pending navigations. Status: ok
[1552249181.005][INFO]: Waiting for pending navigations...
[1552249181.006][INFO]: Done waiting for pending navigations. Status: ok
[1552249181.006][INFO]: [e2a90e47e074b493f14ebb847cc39340] RESPONSE FindElement {
   "ELEMENT": "0.7833080931137886-3"
}
[1552249181.007][INFO]: [e2a90e47e074b493f14ebb847cc39340] COMMAND GetElementText {
   "id": "0.7833080931137886-3"
}
[1552249181.007][INFO]: Waiting for pending navigations...
[1552249181.008][INFO]: Done waiting for pending navigations. Status: ok
[1552249181.016][INFO]: Waiting for pending navigations...
[1552249181.016][INFO]: Done waiting for pending navigations. Status: ok
[1552249181.016][INFO]: [e2a90e47e074b493f14ebb847cc39340] RESPONSE GetElementText "Menú"
[1552249181.019][INFO]: [e2a90e47e074b493f14ebb847cc39340] COMMAND Screenshot {

}
[1552249181.019][INFO]: Waiting for pending navigations...
[1552249181.020][INFO]: Done waiting for pending navigations. Status: ok
[1552249181.334][INFO]: Waiting for pending navigations...
[1552249181.335][INFO]: Done waiting for pending navigations. Status: ok
[1552249181.335][INFO]: [e2a90e47e074b493f14ebb847cc39340] RESPONSE Screenshot "iVBORw0KGgoAAAANSUhEUgAAB4AAAANRCAYAAAACj6FfAAAgAElEQVR4nOzde5SW5X0v/O8zDHMQgQGRUxAdxSjgAYgaIRojxDTBmkRo0hSatCns7EbcyZtAsrorSbMbyc5roF27laRvK0l3siGnQpqkYncTMWoKFi2oqBOPg4AwIMogwgwwzLx/cHCAAcUMM8zj5..."
[1552249181.352][INFO]: [e2a90e47e074b493f14ebb847cc39340] COMMAND Quit {

}
[1552249181.408][INFO]: [e2a90e47e074b493f14ebb847cc39340] RESPONSE Quit
