[1552249959.771][INFO]: Starting ChromeDriver 73.0.3683.68 (47787ec04b6e38e22703e856e101e840b65afe72)
[1552249959.772][INFO]: Please protect ports used by ChromeDriver and related test frameworks to prevent access by malicious code.
[1552249960.218][INFO]: [c98905aa8a0e1618a2d315bbf73d15b6] COMMAND InitSession {
   "capabilities": {
      "firstMatch": [ {
         "browserName": "chrome",
         "goog:chromeOptions": {
            "args": [ "chrome.switches", "--disable-extensions", "chrome.switches", "test-type", "chrome.switches", "start-maximized", "chrome.switches", "no-sandbox" ],
            "extensions": [  ],
            "useAutomationExtension": false
         }
      } ]
   },
   "desiredCapabilities": {
      "browserName": "chrome",
      "goog:chromeOptions": {
         "args": [ "chrome.switches", "--disable-extensions", "chrome.switches", "test-type", "chrome.switches", "start-maximized", "chrome.switches", "no-sandbox" ],
         "extensions": [  ],
         "useAutomationExtension": false
      }
   }
}
[1552249960.225][INFO]: Populating Preferences file: {
   "alternate_error_pages": {
      "enabled": false
   },
   "autofill": {
      "enabled": false
   },
   "browser": {
      "check_default_browser": false
   },
   "distribution": {
      "import_bookmarks": false,
      "import_history": false,
      "import_search_engine": false,
      "make_chrome_default_for_user": false,
      "skip_first_run_ui": true
   },
   "dns_prefetching": {
      "enabled": false
   },
   "profile": {
      "content_settings": {
         "pattern_pairs": {
            "https://*,*": {
               "media-stream": {
                  "audio": "Default",
                  "video": "Default"
               }
            }
         }
      },
      "default_content_setting_values": {
         "geolocation": 1
      },
      "default_content_settings": {
         "geolocation": 1,
         "mouselock": 1,
         "notifications": 1,
         "popups": 1,
         "ppapi-broker": 1
      },
      "password_manager_enabled": false
   },
   "safebrowsing": {
      "enabled": false
   },
   "search": {
      "suggest_enabled": false
   },
   "translate": {
      "enabled": false
   }
}
[1552249960.226][INFO]: Populating Local State file: {
   "background_mode": {
      "enabled": false
   },
   "ssl": {
      "rev_checking": {
         "enabled": false
      }
   }
}
[1552249960.236][INFO]: Launching chrome: "C:\Program Files (x86)\Google\Chrome\Application\chrome.exe" --chrome.switches --disable-background-networking --disable-client-side-phishing-detection --disable-default-apps --disable-extensions --disable-hang-monitor --disable-popup-blocking --disable-prompt-on-repost --disable-sync --disable-web-resources --enable-automation --enable-blink-features=ShadowDOMV0 --enable-logging --force-fieldtrials=SiteIsolationExtensions/Control --ignore-certificate-errors --log-level=0 --metrics-recording-only --no-first-run --no-sandbox --password-store=basic --remote-debugging-port=0 --start-maximized --test-type --use-mock-keychain --user-data-dir="C:\Users\KAVITH~1\AppData\Local\Temp\scoped_dir38240_25263" data:,
[1552249960.771][INFO]: resolved localhost to ["::1","127.0.0.1"]
[1552249961.784][INFO]: [c98905aa8a0e1618a2d315bbf73d15b6] RESPONSE InitSession {
   "acceptInsecureCerts": false,
   "acceptSslCerts": false,
   "applicationCacheEnabled": false,
   "browserConnectionEnabled": false,
   "browserName": "chrome",
   "chrome": {
      "chromedriverVersion": "73.0.3683.68 (47787ec04b6e38e22703e856e101e840b65afe72)",
      "userDataDir": "C:\\Users\\KAVITH~1\\AppData\\Local\\Temp\\scoped_dir38240_25263"
   },
   "cssSelectorsEnabled": true,
   "databaseEnabled": false,
   "goog:chromeOptions": {
      "debuggerAddress": "localhost:55964"
   },
   "handlesAlerts": true,
   "hasTouchScreen": false,
   "javascriptEnabled": true,
   "locationContextEnabled": true,
   "mobileEmulationEnabled": false,
   "nativeEvents": true,
   "networkConnectionEnabled": false,
   "pageLoadStrategy": "normal",
   "platform": "Windows NT",
   "proxy": {

   },
   "~~~": "..."
}
[1552249961.788][INFO]: [c98905aa8a0e1618a2d315bbf73d15b6] COMMAND MaximizeWindow {
   "handle": "current",
   "windowHandle": "current"
}
[1552249961.788][INFO]: Waiting for pending navigations...
[1552249961.796][INFO]: Done waiting for pending navigations. Status: ok
[1552249961.797][INFO]: resolved localhost to ["::1","127.0.0.1"]
[1552249962.810][INFO]: Waiting for pending navigations...
[1552249962.812][INFO]: Done waiting for pending navigations. Status: ok
[1552249962.812][INFO]: [c98905aa8a0e1618a2d315bbf73d15b6] RESPONSE MaximizeWindow {
   "height": 696,
   "width": 1296,
   "x": -8,
   "y": -8
}
[1552249962.816][INFO]: [c98905aa8a0e1618a2d315bbf73d15b6] COMMAND SetTimeouts {
   "ms": 30000,
   "type": "implicit"
}
[1552249962.816][INFO]: [c98905aa8a0e1618a2d315bbf73d15b6] RESPONSE SetTimeouts
[1552249962.819][INFO]: [c98905aa8a0e1618a2d315bbf73d15b6] COMMAND SetTimeouts {
   "ms": 60000,
   "type": "page load"
}
[1552249962.819][INFO]: [c98905aa8a0e1618a2d315bbf73d15b6] RESPONSE SetTimeouts
[1552249962.821][INFO]: [c98905aa8a0e1618a2d315bbf73d15b6] COMMAND Navigate {
   "url": "http://localhost:3000/"
}
[1552249962.821][INFO]: Waiting for pending navigations...
[1552249962.822][INFO]: Done waiting for pending navigations. Status: ok
[1552249963.177][INFO]: Waiting for pending navigations...
[1552249964.360][INFO]: Done waiting for pending navigations. Status: ok
[1552249964.360][INFO]: [c98905aa8a0e1618a2d315bbf73d15b6] RESPONSE Navigate
[1552249964.367][INFO]: [c98905aa8a0e1618a2d315bbf73d15b6] COMMAND FindElement {
   "using": "id",
   "value": "brand-logo"
}
[1552249964.367][INFO]: Waiting for pending navigations...
[1552249964.372][INFO]: Done waiting for pending navigations. Status: ok
[1552249964.391][INFO]: Waiting for pending navigations...
[1552249964.393][INFO]: Done waiting for pending navigations. Status: ok
[1552249964.393][INFO]: [c98905aa8a0e1618a2d315bbf73d15b6] RESPONSE FindElement {
   "ELEMENT": "0.46205920467334627-1"
}
[1552249964.394][INFO]: [c98905aa8a0e1618a2d315bbf73d15b6] COMMAND IsElementDisplayed {
   "id": "0.46205920467334627-1"
}
[1552249964.394][INFO]: Waiting for pending navigations...
[1552249964.395][INFO]: Done waiting for pending navigations. Status: ok
[1552249964.406][INFO]: Waiting for pending navigations...
[1552249964.407][INFO]: Done waiting for pending navigations. Status: ok
[1552249964.407][INFO]: [c98905aa8a0e1618a2d315bbf73d15b6] RESPONSE IsElementDisplayed true
[1552249964.408][INFO]: [c98905aa8a0e1618a2d315bbf73d15b6] COMMAND Screenshot {

}
[1552249964.408][INFO]: Waiting for pending navigations...
[1552249964.408][INFO]: Done waiting for pending navigations. Status: ok
[1552249964.726][INFO]: Waiting for pending navigations...
[1552249964.727][INFO]: Done waiting for pending navigations. Status: ok
[1552249964.727][INFO]: [c98905aa8a0e1618a2d315bbf73d15b6] RESPONSE Screenshot "iVBORw0KGgoAAAANSUhEUgAAB4AAAANRCAYAAAACj6FfAAAgAElEQVR4nOzde5RX9WHv/c9vBuYCjgyI3LyOlygoKhgNEE0iahqxJhGa9BSibaonreJJnxNI1mk16Xmq9Omj0KynlaSnlaYnHkjTFNIkFdumYtVUrFowoo4adVBQBuUyXGdgbs8fAgIzYMCRy/b1W..."
[1552249964.741][INFO]: [c98905aa8a0e1618a2d315bbf73d15b6] COMMAND FindElement {
   "using": "id",
   "value": "brand-name"
}
[1552249964.741][INFO]: Waiting for pending navigations...
[1552249964.741][INFO]: Done waiting for pending navigations. Status: ok
[1552249964.754][INFO]: Waiting for pending navigations...
[1552249964.756][INFO]: Done waiting for pending navigations. Status: ok
[1552249964.756][INFO]: [c98905aa8a0e1618a2d315bbf73d15b6] RESPONSE FindElement {
   "ELEMENT": "0.46205920467334627-2"
}
[1552249964.757][INFO]: [c98905aa8a0e1618a2d315bbf73d15b6] COMMAND IsElementDisplayed {
   "id": "0.46205920467334627-2"
}
[1552249964.757][INFO]: Waiting for pending navigations...
[1552249964.758][INFO]: Done waiting for pending navigations. Status: ok
[1552249964.768][INFO]: Waiting for pending navigations...
[1552249964.769][INFO]: Done waiting for pending navigations. Status: ok
[1552249964.769][INFO]: [c98905aa8a0e1618a2d315bbf73d15b6] RESPONSE IsElementDisplayed true
[1552249964.770][INFO]: [c98905aa8a0e1618a2d315bbf73d15b6] COMMAND Screenshot {

}
[1552249964.770][INFO]: Waiting for pending navigations...
[1552249964.771][INFO]: Done waiting for pending navigations. Status: ok
[1552249965.045][INFO]: Waiting for pending navigations...
[1552249965.046][INFO]: Done waiting for pending navigations. Status: ok
[1552249965.046][INFO]: [c98905aa8a0e1618a2d315bbf73d15b6] RESPONSE Screenshot "iVBORw0KGgoAAAANSUhEUgAAB4AAAANRCAYAAAACj6FfAAAgAElEQVR4nOzde5RX9WHv/c9vBuYCjgyI3LyOlygoKhgNEE0iahqxJhGa9BSibaonreJJnxNI1mk16Xmq9Omj0KynlaSnlaYnHkjTFNIkFdumYtVUrFowoo4adVBQBuUyXGdgbs8fAgIzYMCRy/b1W..."
[1552249965.058][INFO]: [c98905aa8a0e1618a2d315bbf73d15b6] COMMAND FindElement {
   "using": "id",
   "value": "menu-btn"
}
[1552249965.058][INFO]: Waiting for pending navigations...
[1552249965.059][INFO]: Done waiting for pending navigations. Status: ok
[1552249965.068][INFO]: Waiting for pending navigations...
[1552249965.069][INFO]: Done waiting for pending navigations. Status: ok
[1552249965.069][INFO]: [c98905aa8a0e1618a2d315bbf73d15b6] RESPONSE FindElement {
   "ELEMENT": "0.46205920467334627-3"
}
[1552249965.070][INFO]: [c98905aa8a0e1618a2d315bbf73d15b6] COMMAND IsElementDisplayed {
   "id": "0.46205920467334627-3"
}
[1552249965.070][INFO]: Waiting for pending navigations...
[1552249965.070][INFO]: Done waiting for pending navigations. Status: ok
[1552249965.079][INFO]: Waiting for pending navigations...
[1552249965.080][INFO]: Done waiting for pending navigations. Status: ok
[1552249965.080][INFO]: [c98905aa8a0e1618a2d315bbf73d15b6] RESPONSE IsElementDisplayed true
[1552249965.081][INFO]: [c98905aa8a0e1618a2d315bbf73d15b6] COMMAND Screenshot {

}
[1552249965.081][INFO]: Waiting for pending navigations...
[1552249965.082][INFO]: Done waiting for pending navigations. Status: ok
[1552249965.383][INFO]: Waiting for pending navigations...
[1552249965.384][INFO]: Done waiting for pending navigations. Status: ok
[1552249965.384][INFO]: [c98905aa8a0e1618a2d315bbf73d15b6] RESPONSE Screenshot "iVBORw0KGgoAAAANSUhEUgAAB4AAAANRCAYAAAACj6FfAAAgAElEQVR4nOzde5RX9WHv/c9vBuYCjgyI3LyOlygoKhgNEE0iahqxJhGa9BSibaonreJJnxNI1mk16Xmq9Omj0KynlaSnlaYnHkjTFNIkFdumYtVUrFowoo4adVBQBuUyXGdgbs8fAgIzYMCRy/b1W..."
[1552249965.391][INFO]: [c98905aa8a0e1618a2d315bbf73d15b6] COMMAND FindElement {
   "using": "id",
   "value": "menu-btn"
}
[1552249965.391][INFO]: Waiting for pending navigations...
[1552249965.392][INFO]: Done waiting for pending navigations. Status: ok
[1552249965.396][INFO]: Waiting for pending navigations...
[1552249965.397][INFO]: Done waiting for pending navigations. Status: ok
[1552249965.397][INFO]: [c98905aa8a0e1618a2d315bbf73d15b6] RESPONSE FindElement {
   "ELEMENT": "0.46205920467334627-3"
}
[1552249965.400][INFO]: [c98905aa8a0e1618a2d315bbf73d15b6] COMMAND ClickElement {
   "id": "0.46205920467334627-3"
}
[1552249965.400][INFO]: Waiting for pending navigations...
[1552249965.400][INFO]: Done waiting for pending navigations. Status: ok
[1552249965.450][INFO]: Waiting for pending navigations...
[1552249965.451][INFO]: Done waiting for pending navigations. Status: ok
[1552249965.451][INFO]: [c98905aa8a0e1618a2d315bbf73d15b6] RESPONSE ClickElement
[1552249966.454][INFO]: [c98905aa8a0e1618a2d315bbf73d15b6] COMMAND FindElement {
   "using": "id",
   "value": "fr-btn"
}
[1552249966.454][INFO]: Waiting for pending navigations...
[1552249966.455][INFO]: Done waiting for pending navigations. Status: ok
[1552249966.472][INFO]: Waiting for pending navigations...
[1552249966.473][INFO]: Done waiting for pending navigations. Status: ok
[1552249966.473][INFO]: [c98905aa8a0e1618a2d315bbf73d15b6] RESPONSE FindElement {
   "ELEMENT": "0.46205920467334627-4"
}
[1552249966.476][INFO]: [c98905aa8a0e1618a2d315bbf73d15b6] COMMAND ClickElement {
   "id": "0.46205920467334627-4"
}
[1552249966.476][INFO]: Waiting for pending navigations...
[1552249966.477][INFO]: Done waiting for pending navigations. Status: ok
[1552249966.542][INFO]: Waiting for pending navigations...
[1552249966.546][INFO]: Done waiting for pending navigations. Status: ok
[1552249966.546][INFO]: [c98905aa8a0e1618a2d315bbf73d15b6] RESPONSE ClickElement
[1552249967.550][INFO]: [c98905aa8a0e1618a2d315bbf73d15b6] COMMAND FindElement {
   "using": "id",
   "value": "menu-btn"
}
[1552249967.550][INFO]: Waiting for pending navigations...
[1552249967.552][INFO]: Done waiting for pending navigations. Status: ok
[1552249967.557][INFO]: Waiting for pending navigations...
[1552249967.558][INFO]: Done waiting for pending navigations. Status: ok
[1552249967.558][INFO]: [c98905aa8a0e1618a2d315bbf73d15b6] RESPONSE FindElement {
   "ELEMENT": "0.46205920467334627-3"
}
[1552249967.559][INFO]: [c98905aa8a0e1618a2d315bbf73d15b6] COMMAND GetElementText {
   "id": "0.46205920467334627-3"
}
[1552249967.559][INFO]: Waiting for pending navigations...
[1552249967.560][INFO]: Done waiting for pending navigations. Status: ok
[1552249967.570][INFO]: Waiting for pending navigations...
[1552249967.571][INFO]: Done waiting for pending navigations. Status: ok
[1552249967.572][INFO]: [c98905aa8a0e1618a2d315bbf73d15b6] RESPONSE GetElementText "Fermer"
[1552249967.572][INFO]: [c98905aa8a0e1618a2d315bbf73d15b6] COMMAND Screenshot {

}
[1552249967.572][INFO]: Waiting for pending navigations...
[1552249967.573][INFO]: Done waiting for pending navigations. Status: ok
[1552249967.873][INFO]: Waiting for pending navigations...
[1552249967.875][INFO]: Done waiting for pending navigations. Status: ok
[1552249967.875][INFO]: [c98905aa8a0e1618a2d315bbf73d15b6] RESPONSE Screenshot "iVBORw0KGgoAAAANSUhEUgAAB4AAAANRCAYAAAACj6FfAAAgAElEQVR4nOzdf1SU9533/9cMw49xgg4/REBEEdCMRA2UWiWxVshmU11r1Z40i22zPbrdbHS3d5Tuybl1d+971+w3362a03vVu9+u3N12G79ptmptVtvNBlxiq5ZaNBqc+BMEAkjQARGHH8Nw/8GvC..."
[1552249967.891][INFO]: [c98905aa8a0e1618a2d315bbf73d15b6] COMMAND FindElement {
   "using": "id",
   "value": "what-are-link"
}
[1552249967.891][INFO]: Waiting for pending navigations...
[1552249967.892][INFO]: Done waiting for pending navigations. Status: ok
[1552249967.903][INFO]: Waiting for pending navigations...
[1552249967.904][INFO]: Done waiting for pending navigations. Status: ok
[1552249967.904][INFO]: [c98905aa8a0e1618a2d315bbf73d15b6] RESPONSE FindElement {
   "ELEMENT": "0.46205920467334627-5"
}
[1552249967.905][INFO]: [c98905aa8a0e1618a2d315bbf73d15b6] COMMAND IsElementDisplayed {
   "id": "0.46205920467334627-5"
}
[1552249967.905][INFO]: Waiting for pending navigations...
[1552249967.907][INFO]: Done waiting for pending navigations. Status: ok
[1552249967.916][INFO]: Waiting for pending navigations...
[1552249967.917][INFO]: Done waiting for pending navigations. Status: ok
[1552249967.917][INFO]: [c98905aa8a0e1618a2d315bbf73d15b6] RESPONSE IsElementDisplayed true
[1552249967.918][INFO]: [c98905aa8a0e1618a2d315bbf73d15b6] COMMAND Screenshot {

}
[1552249967.918][INFO]: Waiting for pending navigations...
[1552249967.919][INFO]: Done waiting for pending navigations. Status: ok
[1552249968.231][INFO]: Waiting for pending navigations...
[1552249968.232][INFO]: Done waiting for pending navigations. Status: ok
[1552249968.232][INFO]: [c98905aa8a0e1618a2d315bbf73d15b6] RESPONSE Screenshot "iVBORw0KGgoAAAANSUhEUgAAB4AAAANRCAYAAAACj6FfAAAgAElEQVR4nOzdf1SU9533/9cMw49xgg4/REBEEdCMRA2UWiWxVshmU11r1Z40i22zPbrdbHS3d5Tuybl1d+971+w3362a03vVu9+u3N12G79ptmptVtvNBlxiq5ZaNBqc+BMEAkjQARGHH8Nw/8GvC..."
[1552249968.246][INFO]: [c98905aa8a0e1618a2d315bbf73d15b6] COMMAND FindElement {
   "using": "id",
   "value": "what-are-link"
}
[1552249968.246][INFO]: Waiting for pending navigations...
[1552249968.247][INFO]: Done waiting for pending navigations. Status: ok
[1552249968.251][INFO]: Waiting for pending navigations...
[1552249968.253][INFO]: Done waiting for pending navigations. Status: ok
[1552249968.253][INFO]: [c98905aa8a0e1618a2d315bbf73d15b6] RESPONSE FindElement {
   "ELEMENT": "0.46205920467334627-5"
}
[1552249968.254][INFO]: [c98905aa8a0e1618a2d315bbf73d15b6] COMMAND GetElementText {
   "id": "0.46205920467334627-5"
}
[1552249968.254][INFO]: Waiting for pending navigations...
[1552249968.255][INFO]: Done waiting for pending navigations. Status: ok
[1552249968.267][INFO]: Waiting for pending navigations...
[1552249968.268][INFO]: Done waiting for pending navigations. Status: ok
[1552249968.268][INFO]: [c98905aa8a0e1618a2d315bbf73d15b6] RESPONSE GetElementText "Qu'est-ce que le travail des enfants et le travail forcé ?"
[1552249968.270][INFO]: [c98905aa8a0e1618a2d315bbf73d15b6] COMMAND FindElement {
   "using": "id",
   "value": "what-are-link"
}
[1552249968.270][INFO]: Waiting for pending navigations...
[1552249968.271][INFO]: Done waiting for pending navigations. Status: ok
[1552249968.275][INFO]: Waiting for pending navigations...
[1552249968.276][INFO]: Done waiting for pending navigations. Status: ok
[1552249968.276][INFO]: [c98905aa8a0e1618a2d315bbf73d15b6] RESPONSE FindElement {
   "ELEMENT": "0.46205920467334627-5"
}
[1552249968.277][INFO]: [c98905aa8a0e1618a2d315bbf73d15b6] COMMAND GetElementAttribute {
   "id": "0.46205920467334627-5",
   "name": "href"
}
[1552249968.277][INFO]: Waiting for pending navigations...
[1552249968.278][INFO]: Done waiting for pending navigations. Status: ok
[1552249968.280][INFO]: Waiting for pending navigations...
[1552249968.281][INFO]: Done waiting for pending navigations. Status: ok
[1552249968.282][INFO]: [c98905aa8a0e1618a2d315bbf73d15b6] RESPONSE GetElementAttribute "http://localhost:3000/what-are"
[1552249968.285][INFO]: [c98905aa8a0e1618a2d315bbf73d15b6] COMMAND Screenshot {

}
[1552249968.285][INFO]: Waiting for pending navigations...
[1552249968.286][INFO]: Done waiting for pending navigations. Status: ok
[1552249968.585][INFO]: Waiting for pending navigations...
[1552249968.586][INFO]: Done waiting for pending navigations. Status: ok
[1552249968.586][INFO]: [c98905aa8a0e1618a2d315bbf73d15b6] RESPONSE Screenshot "iVBORw0KGgoAAAANSUhEUgAAB4AAAANRCAYAAAACj6FfAAAgAElEQVR4nOzdf1SU9533/9cMw49xgg4/REBEEdCMRA2UWiWxVshmU11r1Z40i22zPbrdbHS3d5Tuybl1d+971+w3362a03vVu9+u3N12G79ptmptVtvNBlxiq5ZaNBqc+BMEAkjQARGHH8Nw/8GvC..."
[1552249968.601][INFO]: [c98905aa8a0e1618a2d315bbf73d15b6] COMMAND FindElement {
   "using": "id",
   "value": "why-develop-link"
}
[1552249968.601][INFO]: Waiting for pending navigations...
[1552249968.602][INFO]: Done waiting for pending navigations. Status: ok
[1552249968.611][INFO]: Waiting for pending navigations...
[1552249968.612][INFO]: Done waiting for pending navigations. Status: ok
[1552249968.612][INFO]: [c98905aa8a0e1618a2d315bbf73d15b6] RESPONSE FindElement {
   "ELEMENT": "0.46205920467334627-6"
}
[1552249968.613][INFO]: [c98905aa8a0e1618a2d315bbf73d15b6] COMMAND IsElementDisplayed {
   "id": "0.46205920467334627-6"
}
[1552249968.613][INFO]: Waiting for pending navigations...
[1552249968.614][INFO]: Done waiting for pending navigations. Status: ok
[1552249968.622][INFO]: Waiting for pending navigations...
[1552249968.622][INFO]: Done waiting for pending navigations. Status: ok
[1552249968.622][INFO]: [c98905aa8a0e1618a2d315bbf73d15b6] RESPONSE IsElementDisplayed true
[1552249968.624][INFO]: [c98905aa8a0e1618a2d315bbf73d15b6] COMMAND Screenshot {

}
[1552249968.624][INFO]: Waiting for pending navigations...
[1552249968.625][INFO]: Done waiting for pending navigations. Status: ok
[1552249968.895][INFO]: Waiting for pending navigations...
[1552249968.896][INFO]: Done waiting for pending navigations. Status: ok
[1552249968.896][INFO]: [c98905aa8a0e1618a2d315bbf73d15b6] RESPONSE Screenshot "iVBORw0KGgoAAAANSUhEUgAAB4AAAANRCAYAAAACj6FfAAAgAElEQVR4nOzdf1SU9533/9cMw49xgg4/REBEEdCMRA2UWiWxVshmU11r1Z40i22zPbrdbHS3d5Tuybl1d+971+w3362a03vVu9+u3N12G79ptmptVtvNBlxiq5ZaNBqc+BMEAkjQARGHH8Nw/8GvC..."
[1552249968.911][INFO]: [c98905aa8a0e1618a2d315bbf73d15b6] COMMAND FindElement {
   "using": "id",
   "value": "why-develop-link"
}
[1552249968.911][INFO]: Waiting for pending navigations...
[1552249968.912][INFO]: Done waiting for pending navigations. Status: ok
[1552249968.919][INFO]: Waiting for pending navigations...
[1552249968.919][INFO]: Done waiting for pending navigations. Status: ok
[1552249968.919][INFO]: [c98905aa8a0e1618a2d315bbf73d15b6] RESPONSE FindElement {
   "ELEMENT": "0.46205920467334627-6"
}
[1552249968.920][INFO]: [c98905aa8a0e1618a2d315bbf73d15b6] COMMAND GetElementText {
   "id": "0.46205920467334627-6"
}
[1552249968.920][INFO]: Waiting for pending navigations...
[1552249968.921][INFO]: Done waiting for pending navigations. Status: ok
[1552249968.933][INFO]: Waiting for pending navigations...
[1552249968.934][INFO]: Done waiting for pending navigations. Status: ok
[1552249968.934][INFO]: [c98905aa8a0e1618a2d315bbf73d15b6] RESPONSE GetElementText "Pourquoi élaborer un système de conformité sociale ?"
[1552249968.936][INFO]: [c98905aa8a0e1618a2d315bbf73d15b6] COMMAND FindElement {
   "using": "id",
   "value": "why-develop-link"
}
[1552249968.936][INFO]: Waiting for pending navigations...
[1552249968.937][INFO]: Done waiting for pending navigations. Status: ok
[1552249968.941][INFO]: Waiting for pending navigations...
[1552249968.943][INFO]: Done waiting for pending navigations. Status: ok
[1552249968.943][INFO]: [c98905aa8a0e1618a2d315bbf73d15b6] RESPONSE FindElement {
   "ELEMENT": "0.46205920467334627-6"
}
[1552249968.944][INFO]: [c98905aa8a0e1618a2d315bbf73d15b6] COMMAND GetElementAttribute {
   "id": "0.46205920467334627-6",
   "name": "href"
}
[1552249968.944][INFO]: Waiting for pending navigations...
[1552249968.945][INFO]: Done waiting for pending navigations. Status: ok
[1552249968.948][INFO]: Waiting for pending navigations...
[1552249968.949][INFO]: Done waiting for pending navigations. Status: ok
[1552249968.949][INFO]: [c98905aa8a0e1618a2d315bbf73d15b6] RESPONSE GetElementAttribute "http://localhost:3000/why-develop"
[1552249968.951][INFO]: [c98905aa8a0e1618a2d315bbf73d15b6] COMMAND Screenshot {

}
[1552249968.951][INFO]: Waiting for pending navigations...
[1552249968.952][INFO]: Done waiting for pending navigations. Status: ok
[1552249969.234][INFO]: Waiting for pending navigations...
[1552249969.235][INFO]: Done waiting for pending navigations. Status: ok
[1552249969.235][INFO]: [c98905aa8a0e1618a2d315bbf73d15b6] RESPONSE Screenshot "iVBORw0KGgoAAAANSUhEUgAAB4AAAANRCAYAAAACj6FfAAAgAElEQVR4nOzdf1SU9533/9cMw49xgg4/REBEEdCMRA2UWiWxVshmU11r1Z40i22zPbrdbHS3d5Tuybl1d+971+w3362a03vVu9+u3N12G79ptmptVtvNBlxiq5ZaNBqc+BMEAkjQARGHH8Nw/8GvC..."
[1552249969.257][INFO]: [c98905aa8a0e1618a2d315bbf73d15b6] COMMAND FindElement {
   "using": "id",
   "value": "basics-link"
}
[1552249969.257][INFO]: Waiting for pending navigations...
[1552249969.258][INFO]: Done waiting for pending navigations. Status: ok
[1552249969.270][INFO]: Waiting for pending navigations...
[1552249969.271][INFO]: Done waiting for pending navigations. Status: ok
[1552249969.271][INFO]: [c98905aa8a0e1618a2d315bbf73d15b6] RESPONSE FindElement {
   "ELEMENT": "0.46205920467334627-7"
}
[1552249969.272][INFO]: [c98905aa8a0e1618a2d315bbf73d15b6] COMMAND IsElementDisplayed {
   "id": "0.46205920467334627-7"
}
[1552249969.272][INFO]: Waiting for pending navigations...
[1552249969.272][INFO]: Done waiting for pending navigations. Status: ok
[1552249969.283][INFO]: Waiting for pending navigations...
[1552249969.285][INFO]: Done waiting for pending navigations. Status: ok
[1552249969.285][INFO]: [c98905aa8a0e1618a2d315bbf73d15b6] RESPONSE IsElementDisplayed true
[1552249969.286][INFO]: [c98905aa8a0e1618a2d315bbf73d15b6] COMMAND Screenshot {

}
[1552249969.286][INFO]: Waiting for pending navigations...
[1552249969.287][INFO]: Done waiting for pending navigations. Status: ok
[1552249969.610][INFO]: Waiting for pending navigations...
[1552249969.610][INFO]: Done waiting for pending navigations. Status: ok
[1552249969.611][INFO]: [c98905aa8a0e1618a2d315bbf73d15b6] RESPONSE Screenshot "iVBORw0KGgoAAAANSUhEUgAAB4AAAANRCAYAAAACj6FfAAAgAElEQVR4nOzdf1SU9533/9cMw49xgg4/REBEEdCMRA2UWiWxVshmU11r1Z40i22zPbrdbHS3d5Tuybl1d+971+w3362a03vVu9+u3N12G79ptmptVtvNBlxiq5ZaNBqc+BMEAkjQARGHH8Nw/8GvC..."
[1552249969.630][INFO]: [c98905aa8a0e1618a2d315bbf73d15b6] COMMAND FindElement {
   "using": "id",
   "value": "basics-link"
}
[1552249969.630][INFO]: Waiting for pending navigations...
[1552249969.631][INFO]: Done waiting for pending navigations. Status: ok
[1552249969.637][INFO]: Waiting for pending navigations...
[1552249969.638][INFO]: Done waiting for pending navigations. Status: ok
[1552249969.638][INFO]: [c98905aa8a0e1618a2d315bbf73d15b6] RESPONSE FindElement {
   "ELEMENT": "0.46205920467334627-7"
}
[1552249969.639][INFO]: [c98905aa8a0e1618a2d315bbf73d15b6] COMMAND GetElementText {
   "id": "0.46205920467334627-7"
}
[1552249969.639][INFO]: Waiting for pending navigations...
[1552249969.639][INFO]: Done waiting for pending navigations. Status: ok
[1552249969.652][INFO]: Waiting for pending navigations...
[1552249969.653][INFO]: Done waiting for pending navigations. Status: ok
[1552249969.653][INFO]: [c98905aa8a0e1618a2d315bbf73d15b6] RESPONSE GetElementText "Fondements d’un système de conformité sociale"
[1552249969.655][INFO]: [c98905aa8a0e1618a2d315bbf73d15b6] COMMAND FindElement {
   "using": "id",
   "value": "basics-link"
}
[1552249969.655][INFO]: Waiting for pending navigations...
[1552249969.656][INFO]: Done waiting for pending navigations. Status: ok
[1552249969.660][INFO]: Waiting for pending navigations...
[1552249969.661][INFO]: Done waiting for pending navigations. Status: ok
[1552249969.661][INFO]: [c98905aa8a0e1618a2d315bbf73d15b6] RESPONSE FindElement {
   "ELEMENT": "0.46205920467334627-7"
}
[1552249969.662][INFO]: [c98905aa8a0e1618a2d315bbf73d15b6] COMMAND GetElementAttribute {
   "id": "0.46205920467334627-7",
   "name": "href"
}
[1552249969.662][INFO]: Waiting for pending navigations...
[1552249969.662][INFO]: Done waiting for pending navigations. Status: ok
[1552249969.667][INFO]: Waiting for pending navigations...
[1552249969.669][INFO]: Done waiting for pending navigations. Status: ok
[1552249969.669][INFO]: [c98905aa8a0e1618a2d315bbf73d15b6] RESPONSE GetElementAttribute "http://localhost:3000/basics"
[1552249969.670][INFO]: [c98905aa8a0e1618a2d315bbf73d15b6] COMMAND Screenshot {

}
[1552249969.670][INFO]: Waiting for pending navigations...
[1552249969.670][INFO]: Done waiting for pending navigations. Status: ok
[1552249969.981][INFO]: Waiting for pending navigations...
[1552249969.982][INFO]: Done waiting for pending navigations. Status: ok
[1552249969.982][INFO]: [c98905aa8a0e1618a2d315bbf73d15b6] RESPONSE Screenshot "iVBORw0KGgoAAAANSUhEUgAAB4AAAANRCAYAAAACj6FfAAAgAElEQVR4nOzdf1SU9533/9cMw49xgg4/REBEEdCMRA2UWiWxVshmU11r1Z40i22zPbrdbHS3d5Tuybl1d+971+w3362a03vVu9+u3N12G79ptmptVtvNBlxiq5ZaNBqc+BMEAkjQARGHH8Nw/8GvC..."
[1552249969.997][INFO]: [c98905aa8a0e1618a2d315bbf73d15b6] COMMAND FindElement {
   "using": "id",
   "value": "steps-dropdown"
}
[1552249969.997][INFO]: Waiting for pending navigations...
[1552249969.999][INFO]: Done waiting for pending navigations. Status: ok
[1552249970.010][INFO]: Waiting for pending navigations...
[1552249970.012][INFO]: Done waiting for pending navigations. Status: ok
[1552249970.012][INFO]: [c98905aa8a0e1618a2d315bbf73d15b6] RESPONSE FindElement {
   "ELEMENT": "0.46205920467334627-8"
}
[1552249970.013][INFO]: [c98905aa8a0e1618a2d315bbf73d15b6] COMMAND IsElementDisplayed {
   "id": "0.46205920467334627-8"
}
[1552249970.013][INFO]: Waiting for pending navigations...
[1552249970.013][INFO]: Done waiting for pending navigations. Status: ok
[1552249970.026][INFO]: Waiting for pending navigations...
[1552249970.027][INFO]: Done waiting for pending navigations. Status: ok
[1552249970.027][INFO]: [c98905aa8a0e1618a2d315bbf73d15b6] RESPONSE IsElementDisplayed true
[1552249970.028][INFO]: [c98905aa8a0e1618a2d315bbf73d15b6] COMMAND Screenshot {

}
[1552249970.028][INFO]: Waiting for pending navigations...
[1552249970.029][INFO]: Done waiting for pending navigations. Status: ok
[1552249970.356][INFO]: Waiting for pending navigations...
[1552249970.357][INFO]: Done waiting for pending navigations. Status: ok
[1552249970.357][INFO]: [c98905aa8a0e1618a2d315bbf73d15b6] RESPONSE Screenshot "iVBORw0KGgoAAAANSUhEUgAAB4AAAANRCAYAAAACj6FfAAAgAElEQVR4nOzdf1SU9533/9cMw49xgg4/REBEEdCMRA2UWiWxVshmU11r1Z40i22zPbrdbHS3d5Tuybl1d+971+w3362a03vVu9+u3N12G79ptmptVtvNBlxiq5ZaNBqc+BMEAkjQARGHH8Nw/8GvC..."
[1552249970.377][INFO]: [c98905aa8a0e1618a2d315bbf73d15b6] COMMAND FindElement {
   "using": "id",
   "value": "steps-dropdown"
}
[1552249970.377][INFO]: Waiting for pending navigations...
[1552249970.378][INFO]: Done waiting for pending navigations. Status: ok
[1552249970.384][INFO]: Waiting for pending navigations...
[1552249970.385][INFO]: Done waiting for pending navigations. Status: ok
[1552249970.385][INFO]: [c98905aa8a0e1618a2d315bbf73d15b6] RESPONSE FindElement {
   "ELEMENT": "0.46205920467334627-8"
}
[1552249970.386][INFO]: [c98905aa8a0e1618a2d315bbf73d15b6] COMMAND GetElementText {
   "id": "0.46205920467334627-8"
}
[1552249970.386][INFO]: Waiting for pending navigations...
[1552249970.387][INFO]: Done waiting for pending navigations. Status: ok
[1552249970.408][INFO]: Waiting for pending navigations...
[1552249970.409][INFO]: Done waiting for pending navigations. Status: ok
[1552249970.409][INFO]: [c98905aa8a0e1618a2d315bbf73d15b6] RESPONSE GetElementText "Étapes vers un système de conformité sociale"
[1552249970.410][INFO]: [c98905aa8a0e1618a2d315bbf73d15b6] COMMAND Screenshot {

}
[1552249970.410][INFO]: Waiting for pending navigations...
[1552249970.411][INFO]: Done waiting for pending navigations. Status: ok
[1552249970.720][INFO]: Waiting for pending navigations...
[1552249970.721][INFO]: Done waiting for pending navigations. Status: ok
[1552249970.721][INFO]: [c98905aa8a0e1618a2d315bbf73d15b6] RESPONSE Screenshot "iVBORw0KGgoAAAANSUhEUgAAB4AAAANRCAYAAAACj6FfAAAgAElEQVR4nOzdf1SU9533/9cMw49xgg4/REBEEdCMRA2UWiWxVshmU11r1Z40i22zPbrdbHS3d5Tuybl1d+971+w3362a03vVu9+u3N12G79ptmptVtvNBlxiq5ZaNBqc+BMEAkjQARGHH8Nw/8GvC..."
[1552249970.736][INFO]: [c98905aa8a0e1618a2d315bbf73d15b6] COMMAND FindElement {
   "using": "id",
   "value": "steps-dropdown"
}
[1552249970.736][INFO]: Waiting for pending navigations...
[1552249970.737][INFO]: Done waiting for pending navigations. Status: ok
[1552249970.742][INFO]: Waiting for pending navigations...
[1552249970.743][INFO]: Done waiting for pending navigations. Status: ok
[1552249970.743][INFO]: [c98905aa8a0e1618a2d315bbf73d15b6] RESPONSE FindElement {
   "ELEMENT": "0.46205920467334627-8"
}
[1552249970.744][INFO]: [c98905aa8a0e1618a2d315bbf73d15b6] COMMAND IsElementDisplayed {
   "id": "0.46205920467334627-8"
}
[1552249970.744][INFO]: Waiting for pending navigations...
[1552249970.745][INFO]: Done waiting for pending navigations. Status: ok
[1552249970.750][INFO]: Waiting for pending navigations...
[1552249970.750][INFO]: Done waiting for pending navigations. Status: ok
[1552249970.750][INFO]: [c98905aa8a0e1618a2d315bbf73d15b6] RESPONSE IsElementDisplayed true
[1552249970.752][INFO]: [c98905aa8a0e1618a2d315bbf73d15b6] COMMAND FindElement {
   "using": "id",
   "value": "steps-dropdown"
}
[1552249970.752][INFO]: Waiting for pending navigations...
[1552249970.753][INFO]: Done waiting for pending navigations. Status: ok
[1552249970.758][INFO]: Waiting for pending navigations...
[1552249970.759][INFO]: Done waiting for pending navigations. Status: ok
[1552249970.759][INFO]: [c98905aa8a0e1618a2d315bbf73d15b6] RESPONSE FindElement {
   "ELEMENT": "0.46205920467334627-8"
}
[1552249970.761][INFO]: [c98905aa8a0e1618a2d315bbf73d15b6] COMMAND ClickElement {
   "id": "0.46205920467334627-8"
}
[1552249970.761][INFO]: Waiting for pending navigations...
[1552249970.762][INFO]: Done waiting for pending navigations. Status: ok
[1552249970.825][INFO]: Waiting for pending navigations...
[1552249970.832][INFO]: Done waiting for pending navigations. Status: ok
[1552249970.832][INFO]: [c98905aa8a0e1618a2d315bbf73d15b6] RESPONSE ClickElement
[1552249970.833][INFO]: [c98905aa8a0e1618a2d315bbf73d15b6] COMMAND Screenshot {

}
[1552249970.833][INFO]: Waiting for pending navigations...
[1552249970.834][INFO]: Done waiting for pending navigations. Status: ok
[1552249971.172][INFO]: Waiting for pending navigations...
[1552249971.172][INFO]: Done waiting for pending navigations. Status: ok
[1552249971.173][INFO]: [c98905aa8a0e1618a2d315bbf73d15b6] RESPONSE Screenshot "iVBORw0KGgoAAAANSUhEUgAAB4AAAANRCAYAAAACj6FfAAAgAElEQVR4nOzdfVSU953//9cMw804QQdEBEQUAc1IvIESqyTWCtlsqmus2pNmsW22R7ebje72FzV7clb35vtds7/8tpqcflf99teVb7fdxl+arVqT1XazAZfYqqUWjQYn3oKAgIgOiDjcDMPvD+4uk..."
[1552249971.192][INFO]: [c98905aa8a0e1618a2d315bbf73d15b6] COMMAND FindElement {
   "using": "id",
   "value": "step-1-link"
}
[1552249971.192][INFO]: Waiting for pending navigations...
[1552249971.193][INFO]: Done waiting for pending navigations. Status: ok
[1552249971.204][INFO]: Waiting for pending navigations...
[1552249971.205][INFO]: Done waiting for pending navigations. Status: ok
[1552249971.205][INFO]: [c98905aa8a0e1618a2d315bbf73d15b6] RESPONSE FindElement {
   "ELEMENT": "0.46205920467334627-9"
}
[1552249971.207][INFO]: [c98905aa8a0e1618a2d315bbf73d15b6] COMMAND IsElementDisplayed {
   "id": "0.46205920467334627-9"
}
[1552249971.207][INFO]: Waiting for pending navigations...
[1552249971.208][INFO]: Done waiting for pending navigations. Status: ok
[1552249971.219][INFO]: Waiting for pending navigations...
[1552249971.220][INFO]: Done waiting for pending navigations. Status: ok
[1552249971.220][INFO]: [c98905aa8a0e1618a2d315bbf73d15b6] RESPONSE IsElementDisplayed true
[1552249971.221][INFO]: [c98905aa8a0e1618a2d315bbf73d15b6] COMMAND Screenshot {

}
[1552249971.221][INFO]: Waiting for pending navigations...
[1552249971.221][INFO]: Done waiting for pending navigations. Status: ok
[1552249971.554][INFO]: Waiting for pending navigations...
[1552249971.555][INFO]: Done waiting for pending navigations. Status: ok
[1552249971.555][INFO]: [c98905aa8a0e1618a2d315bbf73d15b6] RESPONSE Screenshot "iVBORw0KGgoAAAANSUhEUgAAB4AAAANRCAYAAAACj6FfAAAgAElEQVR4nOzdfVSU953//9cMw804QQdEBEQUAc1IvIESqyTWCtlsqmus2pNmsW22R7ebje72FzV7clb35vtds7/8tpqcflf99teVb7fdxl+arVqT1XazAZfYqqUWjQYn3oKAgIgOiDjcDMPvD+4uk..."
[1552249971.574][INFO]: [c98905aa8a0e1618a2d315bbf73d15b6] COMMAND FindElement {
   "using": "id",
   "value": "step-1-link"
}
[1552249971.574][INFO]: Waiting for pending navigations...
[1552249971.575][INFO]: Done waiting for pending navigations. Status: ok
[1552249971.581][INFO]: Waiting for pending navigations...
[1552249971.583][INFO]: Done waiting for pending navigations. Status: ok
[1552249971.583][INFO]: [c98905aa8a0e1618a2d315bbf73d15b6] RESPONSE FindElement {
   "ELEMENT": "0.46205920467334627-9"
}
[1552249971.584][INFO]: [c98905aa8a0e1618a2d315bbf73d15b6] COMMAND GetElementText {
   "id": "0.46205920467334627-9"
}
[1552249971.584][INFO]: Waiting for pending navigations...
[1552249971.585][INFO]: Done waiting for pending navigations. Status: ok
[1552249971.599][INFO]: Waiting for pending navigations...
[1552249971.601][INFO]: Done waiting for pending navigations. Status: ok
[1552249971.601][INFO]: [c98905aa8a0e1618a2d315bbf73d15b6] RESPONSE GetElementText "Première étape: faire participer les parties prenantes et les partenaires"
[1552249971.604][INFO]: [c98905aa8a0e1618a2d315bbf73d15b6] COMMAND FindElement {
   "using": "id",
   "value": "step-1-link"
}
[1552249971.604][INFO]: Waiting for pending navigations...
[1552249971.605][INFO]: Done waiting for pending navigations. Status: ok
[1552249971.610][INFO]: Waiting for pending navigations...
[1552249971.611][INFO]: Done waiting for pending navigations. Status: ok
[1552249971.611][INFO]: [c98905aa8a0e1618a2d315bbf73d15b6] RESPONSE FindElement {
   "ELEMENT": "0.46205920467334627-9"
}
[1552249971.612][INFO]: [c98905aa8a0e1618a2d315bbf73d15b6] COMMAND GetElementAttribute {
   "id": "0.46205920467334627-9",
   "name": "href"
}
[1552249971.613][INFO]: Waiting for pending navigations...
[1552249971.613][INFO]: Done waiting for pending navigations. Status: ok
[1552249971.617][INFO]: Waiting for pending navigations...
[1552249971.618][INFO]: Done waiting for pending navigations. Status: ok
[1552249971.618][INFO]: [c98905aa8a0e1618a2d315bbf73d15b6] RESPONSE GetElementAttribute "http://localhost:3000/steps/1"
[1552249971.619][INFO]: [c98905aa8a0e1618a2d315bbf73d15b6] COMMAND Screenshot {

}
[1552249971.619][INFO]: Waiting for pending navigations...
[1552249971.620][INFO]: Done waiting for pending navigations. Status: ok
[1552249971.927][INFO]: Waiting for pending navigations...
[1552249971.928][INFO]: Done waiting for pending navigations. Status: ok
[1552249971.928][INFO]: [c98905aa8a0e1618a2d315bbf73d15b6] RESPONSE Screenshot "iVBORw0KGgoAAAANSUhEUgAAB4AAAANRCAYAAAACj6FfAAAgAElEQVR4nOzdfVSU953//9cMw804QQdEBEQUAc1IvIESqyTWCtlsqmus2pNmsW22R7ebje72FzV7clb35vtds7/8tpqcflf99teVb7fdxl+arVqT1XazAZfYqqUWjQYn3oKAgIgOiDjcDMPvD+4uk..."
[1552249971.950][INFO]: [c98905aa8a0e1618a2d315bbf73d15b6] COMMAND FindElement {
   "using": "id",
   "value": "step-2-link"
}
[1552249971.950][INFO]: Waiting for pending navigations...
[1552249971.951][INFO]: Done waiting for pending navigations. Status: ok
[1552249971.959][INFO]: Waiting for pending navigations...
[1552249971.960][INFO]: Done waiting for pending navigations. Status: ok
[1552249971.960][INFO]: [c98905aa8a0e1618a2d315bbf73d15b6] RESPONSE FindElement {
   "ELEMENT": "0.46205920467334627-10"
}
[1552249971.961][INFO]: [c98905aa8a0e1618a2d315bbf73d15b6] COMMAND IsElementDisplayed {
   "id": "0.46205920467334627-10"
}
[1552249971.961][INFO]: Waiting for pending navigations...
[1552249971.962][INFO]: Done waiting for pending navigations. Status: ok
[1552249971.971][INFO]: Waiting for pending navigations...
[1552249971.972][INFO]: Done waiting for pending navigations. Status: ok
[1552249971.972][INFO]: [c98905aa8a0e1618a2d315bbf73d15b6] RESPONSE IsElementDisplayed true
[1552249971.972][INFO]: [c98905aa8a0e1618a2d315bbf73d15b6] COMMAND Screenshot {

}
[1552249971.972][INFO]: Waiting for pending navigations...
[1552249971.973][INFO]: Done waiting for pending navigations. Status: ok
[1552249972.256][INFO]: Waiting for pending navigations...
[1552249972.257][INFO]: Done waiting for pending navigations. Status: ok
[1552249972.257][INFO]: [c98905aa8a0e1618a2d315bbf73d15b6] RESPONSE Screenshot "iVBORw0KGgoAAAANSUhEUgAAB4AAAANRCAYAAAACj6FfAAAgAElEQVR4nOzdfVSU953//9cMw804QQdEBEQUAc1IvIESqyTWCtlsqmus2pNmsW22R7ebje72FzV7clb35vtds7/8tpqcflf99teVb7fdxl+arVqT1XazAZfYqqUWjQYn3oKAgIgOiDjcDMPvD+4uk..."
[1552249972.284][INFO]: [c98905aa8a0e1618a2d315bbf73d15b6] COMMAND FindElement {
   "using": "id",
   "value": "step-2-link"
}
[1552249972.284][INFO]: Waiting for pending navigations...
[1552249972.286][INFO]: Done waiting for pending navigations. Status: ok
[1552249972.290][INFO]: Waiting for pending navigations...
[1552249972.291][INFO]: Done waiting for pending navigations. Status: ok
[1552249972.291][INFO]: [c98905aa8a0e1618a2d315bbf73d15b6] RESPONSE FindElement {
   "ELEMENT": "0.46205920467334627-10"
}
[1552249972.292][INFO]: [c98905aa8a0e1618a2d315bbf73d15b6] COMMAND GetElementText {
   "id": "0.46205920467334627-10"
}
[1552249972.292][INFO]: Waiting for pending navigations...
[1552249972.293][INFO]: Done waiting for pending navigations. Status: ok
[1552249972.310][INFO]: Waiting for pending navigations...
[1552249972.311][INFO]: Done waiting for pending navigations. Status: ok
[1552249972.311][INFO]: [c98905aa8a0e1618a2d315bbf73d15b6] RESPONSE GetElementText "Deuxième étape: Évaluer les risques et les incidences"
[1552249972.313][INFO]: [c98905aa8a0e1618a2d315bbf73d15b6] COMMAND FindElement {
   "using": "id",
   "value": "step-2-link"
}
[1552249972.313][INFO]: Waiting for pending navigations...
[1552249972.314][INFO]: Done waiting for pending navigations. Status: ok
[1552249972.321][INFO]: Waiting for pending navigations...
[1552249972.321][INFO]: Done waiting for pending navigations. Status: ok
[1552249972.321][INFO]: [c98905aa8a0e1618a2d315bbf73d15b6] RESPONSE FindElement {
   "ELEMENT": "0.46205920467334627-10"
}
[1552249972.322][INFO]: [c98905aa8a0e1618a2d315bbf73d15b6] COMMAND GetElementAttribute {
   "id": "0.46205920467334627-10",
   "name": "href"
}
[1552249972.322][INFO]: Waiting for pending navigations...
[1552249972.323][INFO]: Done waiting for pending navigations. Status: ok
[1552249972.327][INFO]: Waiting for pending navigations...
[1552249972.328][INFO]: Done waiting for pending navigations. Status: ok
[1552249972.328][INFO]: [c98905aa8a0e1618a2d315bbf73d15b6] RESPONSE GetElementAttribute "http://localhost:3000/steps/2"
[1552249972.329][INFO]: [c98905aa8a0e1618a2d315bbf73d15b6] COMMAND Screenshot {

}
[1552249972.329][INFO]: Waiting for pending navigations...
[1552249972.330][INFO]: Done waiting for pending navigations. Status: ok
[1552249972.641][INFO]: Waiting for pending navigations...
[1552249972.642][INFO]: Done waiting for pending navigations. Status: ok
[1552249972.642][INFO]: [c98905aa8a0e1618a2d315bbf73d15b6] RESPONSE Screenshot "iVBORw0KGgoAAAANSUhEUgAAB4AAAANRCAYAAAACj6FfAAAgAElEQVR4nOzdfVSU953//9cMw804QQdEBEQUAc1IvIESqyTWCtlsqmus2pNmsW22R7ebje72FzV7clb35vtds7/8tpqcflf99teVb7fdxl+arVqT1XazAZfYqqUWjQYn3oKAgIgOiDjcDMPvD+4uk..."
[1552249972.665][INFO]: [c98905aa8a0e1618a2d315bbf73d15b6] COMMAND FindElement {
   "using": "id",
   "value": "step-3-link"
}
[1552249972.665][INFO]: Waiting for pending navigations...
[1552249972.666][INFO]: Done waiting for pending navigations. Status: ok
[1552249972.676][INFO]: Waiting for pending navigations...
[1552249972.676][INFO]: Done waiting for pending navigations. Status: ok
[1552249972.676][INFO]: [c98905aa8a0e1618a2d315bbf73d15b6] RESPONSE FindElement {
   "ELEMENT": "0.46205920467334627-11"
}
[1552249972.677][INFO]: [c98905aa8a0e1618a2d315bbf73d15b6] COMMAND IsElementDisplayed {
   "id": "0.46205920467334627-11"
}
[1552249972.677][INFO]: Waiting for pending navigations...
[1552249972.678][INFO]: Done waiting for pending navigations. Status: ok
[1552249972.689][INFO]: Waiting for pending navigations...
[1552249972.689][INFO]: Done waiting for pending navigations. Status: ok
[1552249972.689][INFO]: [c98905aa8a0e1618a2d315bbf73d15b6] RESPONSE IsElementDisplayed true
[1552249972.690][INFO]: [c98905aa8a0e1618a2d315bbf73d15b6] COMMAND Screenshot {

}
[1552249972.690][INFO]: Waiting for pending navigations...
[1552249972.691][INFO]: Done waiting for pending navigations. Status: ok
[1552249972.994][INFO]: Waiting for pending navigations...
[1552249972.996][INFO]: Done waiting for pending navigations. Status: ok
[1552249972.996][INFO]: [c98905aa8a0e1618a2d315bbf73d15b6] RESPONSE Screenshot "iVBORw0KGgoAAAANSUhEUgAAB4AAAANRCAYAAAACj6FfAAAgAElEQVR4nOzdfVSU953//9cMw804QQdEBEQUAc1IvIESqyTWCtlsqmus2pNmsW22R7ebje72FzV7clb35vtds7/8tpqcflf99teVb7fdxl+arVqT1XazAZfYqqUWjQYn3oKAgIgOiDjcDMPvD+4uk..."
[1552249973.016][INFO]: [c98905aa8a0e1618a2d315bbf73d15b6] COMMAND FindElement {
   "using": "id",
   "value": "step-3-link"
}
[1552249973.016][INFO]: Waiting for pending navigations...
[1552249973.017][INFO]: Done waiting for pending navigations. Status: ok
[1552249973.022][INFO]: Waiting for pending navigations...
[1552249973.023][INFO]: Done waiting for pending navigations. Status: ok
[1552249973.023][INFO]: [c98905aa8a0e1618a2d315bbf73d15b6] RESPONSE FindElement {
   "ELEMENT": "0.46205920467334627-11"
}
[1552249973.024][INFO]: [c98905aa8a0e1618a2d315bbf73d15b6] COMMAND GetElementText {
   "id": "0.46205920467334627-11"
}
[1552249973.024][INFO]: Waiting for pending navigations...
[1552249973.025][INFO]: Done waiting for pending navigations. Status: ok
[1552249973.036][INFO]: Waiting for pending navigations...
[1552249973.037][INFO]: Done waiting for pending navigations. Status: ok
[1552249973.037][INFO]: [c98905aa8a0e1618a2d315bbf73d15b6] RESPONSE GetElementText "Troisième étape: élaborer un code de conduite"
[1552249973.039][INFO]: [c98905aa8a0e1618a2d315bbf73d15b6] COMMAND FindElement {
   "using": "id",
   "value": "step-3-link"
}
[1552249973.039][INFO]: Waiting for pending navigations...
[1552249973.040][INFO]: Done waiting for pending navigations. Status: ok
[1552249973.045][INFO]: Waiting for pending navigations...
[1552249973.046][INFO]: Done waiting for pending navigations. Status: ok
[1552249973.046][INFO]: [c98905aa8a0e1618a2d315bbf73d15b6] RESPONSE FindElement {
   "ELEMENT": "0.46205920467334627-11"
}
[1552249973.047][INFO]: [c98905aa8a0e1618a2d315bbf73d15b6] COMMAND GetElementAttribute {
   "id": "0.46205920467334627-11",
   "name": "href"
}
[1552249973.047][INFO]: Waiting for pending navigations...
[1552249973.048][INFO]: Done waiting for pending navigations. Status: ok
[1552249973.053][INFO]: Waiting for pending navigations...
[1552249973.054][INFO]: Done waiting for pending navigations. Status: ok
[1552249973.054][INFO]: [c98905aa8a0e1618a2d315bbf73d15b6] RESPONSE GetElementAttribute "http://localhost:3000/steps/3"
[1552249973.055][INFO]: [c98905aa8a0e1618a2d315bbf73d15b6] COMMAND Screenshot {

}
[1552249973.056][INFO]: Waiting for pending navigations...
[1552249973.057][INFO]: Done waiting for pending navigations. Status: ok
[1552249973.371][INFO]: Waiting for pending navigations...
[1552249973.372][INFO]: Done waiting for pending navigations. Status: ok
[1552249973.372][INFO]: [c98905aa8a0e1618a2d315bbf73d15b6] RESPONSE Screenshot "iVBORw0KGgoAAAANSUhEUgAAB4AAAANRCAYAAAACj6FfAAAgAElEQVR4nOzdfVSU953//9cMw804QQdEBEQUAc1IvIESqyTWCtlsqmus2pNmsW22R7ebje72FzV7clb35vtds7/8tpqcflf99teVb7fdxl+arVqT1XazAZfYqqUWjQYn3oKAgIgOiDjcDMPvD+4uk..."
[1552249973.387][INFO]: [c98905aa8a0e1618a2d315bbf73d15b6] COMMAND FindElement {
   "using": "id",
   "value": "step-4-link"
}
[1552249973.387][INFO]: Waiting for pending navigations...
[1552249973.388][INFO]: Done waiting for pending navigations. Status: ok
[1552249973.398][INFO]: Waiting for pending navigations...
[1552249973.399][INFO]: Done waiting for pending navigations. Status: ok
[1552249973.399][INFO]: [c98905aa8a0e1618a2d315bbf73d15b6] RESPONSE FindElement {
   "ELEMENT": "0.46205920467334627-12"
}
[1552249973.399][INFO]: [c98905aa8a0e1618a2d315bbf73d15b6] COMMAND IsElementDisplayed {
   "id": "0.46205920467334627-12"
}
[1552249973.399][INFO]: Waiting for pending navigations...
[1552249973.400][INFO]: Done waiting for pending navigations. Status: ok
[1552249973.409][INFO]: Waiting for pending navigations...
[1552249973.411][INFO]: Done waiting for pending navigations. Status: ok
[1552249973.411][INFO]: [c98905aa8a0e1618a2d315bbf73d15b6] RESPONSE IsElementDisplayed true
[1552249973.412][INFO]: [c98905aa8a0e1618a2d315bbf73d15b6] COMMAND Screenshot {

}
[1552249973.412][INFO]: Waiting for pending navigations...
[1552249973.413][INFO]: Done waiting for pending navigations. Status: ok
[1552249973.746][INFO]: Waiting for pending navigations...
[1552249973.747][INFO]: Done waiting for pending navigations. Status: ok
[1552249973.747][INFO]: [c98905aa8a0e1618a2d315bbf73d15b6] RESPONSE Screenshot "iVBORw0KGgoAAAANSUhEUgAAB4AAAANRCAYAAAACj6FfAAAgAElEQVR4nOzdfVSU953//9cMw804QQdEBEQUAc1IvIESqyTWCtlsqmus2pNmsW22R7ebje72FzV7clb35vtds7/8tpqcflf99teVb7fdxl+arVqT1XazAZfYqqUWjQYn3oKAgIgOiDjcDMPvD+4uk..."
[1552249973.767][INFO]: [c98905aa8a0e1618a2d315bbf73d15b6] COMMAND FindElement {
   "using": "id",
   "value": "step-4-link"
}
[1552249973.767][INFO]: Waiting for pending navigations...
[1552249973.768][INFO]: Done waiting for pending navigations. Status: ok
[1552249973.773][INFO]: Waiting for pending navigations...
[1552249973.774][INFO]: Done waiting for pending navigations. Status: ok
[1552249973.774][INFO]: [c98905aa8a0e1618a2d315bbf73d15b6] RESPONSE FindElement {
   "ELEMENT": "0.46205920467334627-12"
}
[1552249973.775][INFO]: [c98905aa8a0e1618a2d315bbf73d15b6] COMMAND GetElementText {
   "id": "0.46205920467334627-12"
}
[1552249973.775][INFO]: Waiting for pending navigations...
[1552249973.776][INFO]: Done waiting for pending navigations. Status: ok
[1552249973.789][INFO]: Waiting for pending navigations...
[1552249973.790][INFO]: Done waiting for pending navigations. Status: ok
[1552249973.790][INFO]: [c98905aa8a0e1618a2d315bbf73d15b6] RESPONSE GetElementText "Quatrième étape: communiquer et former dans l'ensemble de votre chaîne d'approvisionnement"
[1552249973.793][INFO]: [c98905aa8a0e1618a2d315bbf73d15b6] COMMAND FindElement {
   "using": "id",
   "value": "step-4-link"
}
[1552249973.793][INFO]: Waiting for pending navigations...
[1552249973.794][INFO]: Done waiting for pending navigations. Status: ok
[1552249973.800][INFO]: Waiting for pending navigations...
[1552249973.801][INFO]: Done waiting for pending navigations. Status: ok
[1552249973.801][INFO]: [c98905aa8a0e1618a2d315bbf73d15b6] RESPONSE FindElement {
   "ELEMENT": "0.46205920467334627-12"
}
[1552249973.801][INFO]: [c98905aa8a0e1618a2d315bbf73d15b6] COMMAND GetElementAttribute {
   "id": "0.46205920467334627-12",
   "name": "href"
}
[1552249973.802][INFO]: Waiting for pending navigations...
[1552249973.802][INFO]: Done waiting for pending navigations. Status: ok
[1552249973.805][INFO]: Waiting for pending navigations...
[1552249973.806][INFO]: Done waiting for pending navigations. Status: ok
[1552249973.806][INFO]: [c98905aa8a0e1618a2d315bbf73d15b6] RESPONSE GetElementAttribute "http://localhost:3000/steps/4"
[1552249973.807][INFO]: [c98905aa8a0e1618a2d315bbf73d15b6] COMMAND Screenshot {

}
[1552249973.807][INFO]: Waiting for pending navigations...
[1552249973.808][INFO]: Done waiting for pending navigations. Status: ok
[1552249974.121][INFO]: Waiting for pending navigations...
[1552249974.122][INFO]: Done waiting for pending navigations. Status: ok
[1552249974.122][INFO]: [c98905aa8a0e1618a2d315bbf73d15b6] RESPONSE Screenshot "iVBORw0KGgoAAAANSUhEUgAAB4AAAANRCAYAAAACj6FfAAAgAElEQVR4nOzdfVSU953//9cMw804QQdEBEQUAc1IvIESqyTWCtlsqmus2pNmsW22R7ebje72FzV7clb35vtds7/8tpqcflf99teVb7fdxl+arVqT1XazAZfYqqUWjQYn3oKAgIgOiDjcDMPvD+4uk..."
[1552249974.143][INFO]: [c98905aa8a0e1618a2d315bbf73d15b6] COMMAND FindElement {
   "using": "id",
   "value": "step-5-link"
}
[1552249974.143][INFO]: Waiting for pending navigations...
[1552249974.144][INFO]: Done waiting for pending navigations. Status: ok
[1552249974.156][INFO]: Waiting for pending navigations...
[1552249974.157][INFO]: Done waiting for pending navigations. Status: ok
[1552249974.157][INFO]: [c98905aa8a0e1618a2d315bbf73d15b6] RESPONSE FindElement {
   "ELEMENT": "0.46205920467334627-13"
}
[1552249974.158][INFO]: [c98905aa8a0e1618a2d315bbf73d15b6] COMMAND IsElementDisplayed {
   "id": "0.46205920467334627-13"
}
[1552249974.158][INFO]: Waiting for pending navigations...
[1552249974.159][INFO]: Done waiting for pending navigations. Status: ok
[1552249974.169][INFO]: Waiting for pending navigations...
[1552249974.170][INFO]: Done waiting for pending navigations. Status: ok
[1552249974.170][INFO]: [c98905aa8a0e1618a2d315bbf73d15b6] RESPONSE IsElementDisplayed true
[1552249974.171][INFO]: [c98905aa8a0e1618a2d315bbf73d15b6] COMMAND Screenshot {

}
[1552249974.171][INFO]: Waiting for pending navigations...
[1552249974.172][INFO]: Done waiting for pending navigations. Status: ok
[1552249974.497][INFO]: Waiting for pending navigations...
[1552249974.498][INFO]: Done waiting for pending navigations. Status: ok
[1552249974.498][INFO]: [c98905aa8a0e1618a2d315bbf73d15b6] RESPONSE Screenshot "iVBORw0KGgoAAAANSUhEUgAAB4AAAANRCAYAAAACj6FfAAAgAElEQVR4nOzdfVSU953//9cMw804QQdEBEQUAc1IvIESqyTWCtlsqmus2pNmsW22R7ebje72FzV7clb35vtds7/8tpqcflf99teVb7fdxl+arVqT1XazAZfYqqUWjQYn3oKAgIgOiDjcDMPvD+4uk..."
[1552249974.516][INFO]: [c98905aa8a0e1618a2d315bbf73d15b6] COMMAND FindElement {
   "using": "id",
   "value": "step-5-link"
}
[1552249974.516][INFO]: Waiting for pending navigations...
[1552249974.517][INFO]: Done waiting for pending navigations. Status: ok
[1552249974.522][INFO]: Waiting for pending navigations...
[1552249974.523][INFO]: Done waiting for pending navigations. Status: ok
[1552249974.523][INFO]: [c98905aa8a0e1618a2d315bbf73d15b6] RESPONSE FindElement {
   "ELEMENT": "0.46205920467334627-13"
}
[1552249974.524][INFO]: [c98905aa8a0e1618a2d315bbf73d15b6] COMMAND GetElementText {
   "id": "0.46205920467334627-13"
}
[1552249974.524][INFO]: Waiting for pending navigations...
[1552249974.525][INFO]: Done waiting for pending navigations. Status: ok
[1552249974.537][INFO]: Waiting for pending navigations...
[1552249974.538][INFO]: Done waiting for pending navigations. Status: ok
[1552249974.538][INFO]: [c98905aa8a0e1618a2d315bbf73d15b6] RESPONSE GetElementText "Cinquième étape: Surveiller la conformité"
[1552249974.539][INFO]: [c98905aa8a0e1618a2d315bbf73d15b6] COMMAND FindElement {
   "using": "id",
   "value": "step-5-link"
}
[1552249974.539][INFO]: Waiting for pending navigations...
[1552249974.540][INFO]: Done waiting for pending navigations. Status: ok
[1552249974.545][INFO]: Waiting for pending navigations...
[1552249974.546][INFO]: Done waiting for pending navigations. Status: ok
[1552249974.546][INFO]: [c98905aa8a0e1618a2d315bbf73d15b6] RESPONSE FindElement {
   "ELEMENT": "0.46205920467334627-13"
}
[1552249974.546][INFO]: [c98905aa8a0e1618a2d315bbf73d15b6] COMMAND GetElementAttribute {
   "id": "0.46205920467334627-13",
   "name": "href"
}
[1552249974.546][INFO]: Waiting for pending navigations...
[1552249974.547][INFO]: Done waiting for pending navigations. Status: ok
[1552249974.552][INFO]: Waiting for pending navigations...
[1552249974.553][INFO]: Done waiting for pending navigations. Status: ok
[1552249974.553][INFO]: [c98905aa8a0e1618a2d315bbf73d15b6] RESPONSE GetElementAttribute "http://localhost:3000/steps/5"
[1552249974.553][INFO]: [c98905aa8a0e1618a2d315bbf73d15b6] COMMAND Screenshot {

}
[1552249974.554][INFO]: Waiting for pending navigations...
[1552249974.554][INFO]: Done waiting for pending navigations. Status: ok
[1552249974.861][INFO]: Waiting for pending navigations...
[1552249974.862][INFO]: Done waiting for pending navigations. Status: ok
[1552249974.862][INFO]: [c98905aa8a0e1618a2d315bbf73d15b6] RESPONSE Screenshot "iVBORw0KGgoAAAANSUhEUgAAB4AAAANRCAYAAAACj6FfAAAgAElEQVR4nOzdfVSU953//9cMw804QQdEBEQUAc1IvIESqyTWCtlsqmus2pNmsW22R7ebje72FzV7clb35vtds7/8tpqcflf99teVb7fdxl+arVqT1XazAZfYqqUWjQYn3oKAgIgOiDjcDMPvD+4uk..."
[1552249974.878][INFO]: [c98905aa8a0e1618a2d315bbf73d15b6] COMMAND FindElement {
   "using": "id",
   "value": "step-6-link"
}
[1552249974.878][INFO]: Waiting for pending navigations...
[1552249974.879][INFO]: Done waiting for pending navigations. Status: ok
[1552249974.887][INFO]: Waiting for pending navigations...
[1552249974.888][INFO]: Done waiting for pending navigations. Status: ok
[1552249974.888][INFO]: [c98905aa8a0e1618a2d315bbf73d15b6] RESPONSE FindElement {
   "ELEMENT": "0.46205920467334627-14"
}
[1552249974.889][INFO]: [c98905aa8a0e1618a2d315bbf73d15b6] COMMAND IsElementDisplayed {
   "id": "0.46205920467334627-14"
}
[1552249974.889][INFO]: Waiting for pending navigations...
[1552249974.890][INFO]: Done waiting for pending navigations. Status: ok
[1552249974.899][INFO]: Waiting for pending navigations...
[1552249974.900][INFO]: Done waiting for pending navigations. Status: ok
[1552249974.900][INFO]: [c98905aa8a0e1618a2d315bbf73d15b6] RESPONSE IsElementDisplayed true
[1552249974.901][INFO]: [c98905aa8a0e1618a2d315bbf73d15b6] COMMAND Screenshot {

}
[1552249974.901][INFO]: Waiting for pending navigations...
[1552249974.902][INFO]: Done waiting for pending navigations. Status: ok
[1552249975.229][INFO]: Waiting for pending navigations...
[1552249975.230][INFO]: Done waiting for pending navigations. Status: ok
[1552249975.230][INFO]: [c98905aa8a0e1618a2d315bbf73d15b6] RESPONSE Screenshot "iVBORw0KGgoAAAANSUhEUgAAB4AAAANRCAYAAAACj6FfAAAgAElEQVR4nOzdfVSU953//9cMw804QQdEBEQUAc1IvIESqyTWCtlsqmus2pNmsW22R7ebje72FzV7clb35vtds7/8tpqcflf99teVb7fdxl+arVqT1XazAZfYqqUWjQYn3oKAgIgOiDjcDMPvD+4uk..."
[1552249975.247][INFO]: [c98905aa8a0e1618a2d315bbf73d15b6] COMMAND FindElement {
   "using": "id",
   "value": "step-6-link"
}
[1552249975.247][INFO]: Waiting for pending navigations...
[1552249975.248][INFO]: Done waiting for pending navigations. Status: ok
[1552249975.253][INFO]: Waiting for pending navigations...
[1552249975.255][INFO]: Done waiting for pending navigations. Status: ok
[1552249975.255][INFO]: [c98905aa8a0e1618a2d315bbf73d15b6] RESPONSE FindElement {
   "ELEMENT": "0.46205920467334627-14"
}
[1552249975.255][INFO]: [c98905aa8a0e1618a2d315bbf73d15b6] COMMAND GetElementText {
   "id": "0.46205920467334627-14"
}
[1552249975.255][INFO]: Waiting for pending navigations...
[1552249975.256][INFO]: Done waiting for pending navigations. Status: ok
[1552249975.268][INFO]: Waiting for pending navigations...
[1552249975.269][INFO]: Done waiting for pending navigations. Status: ok
[1552249975.269][INFO]: [c98905aa8a0e1618a2d315bbf73d15b6] RESPONSE GetElementText "Sixième étape: Réparer les infractions"
[1552249975.270][INFO]: [c98905aa8a0e1618a2d315bbf73d15b6] COMMAND FindElement {
   "using": "id",
   "value": "step-6-link"
}
[1552249975.270][INFO]: Waiting for pending navigations...
[1552249975.271][INFO]: Done waiting for pending navigations. Status: ok
[1552249975.276][INFO]: Waiting for pending navigations...
[1552249975.276][INFO]: Done waiting for pending navigations. Status: ok
[1552249975.276][INFO]: [c98905aa8a0e1618a2d315bbf73d15b6] RESPONSE FindElement {
   "ELEMENT": "0.46205920467334627-14"
}
[1552249975.277][INFO]: [c98905aa8a0e1618a2d315bbf73d15b6] COMMAND GetElementAttribute {
   "id": "0.46205920467334627-14",
   "name": "href"
}
[1552249975.277][INFO]: Waiting for pending navigations...
[1552249975.278][INFO]: Done waiting for pending navigations. Status: ok
[1552249975.281][INFO]: Waiting for pending navigations...
[1552249975.281][INFO]: Done waiting for pending navigations. Status: ok
[1552249975.281][INFO]: [c98905aa8a0e1618a2d315bbf73d15b6] RESPONSE GetElementAttribute "http://localhost:3000/steps/6"
[1552249975.282][INFO]: [c98905aa8a0e1618a2d315bbf73d15b6] COMMAND Screenshot {

}
[1552249975.282][INFO]: Waiting for pending navigations...
[1552249975.283][INFO]: Done waiting for pending navigations. Status: ok
[1552249975.593][INFO]: Waiting for pending navigations...
[1552249975.594][INFO]: Done waiting for pending navigations. Status: ok
[1552249975.594][INFO]: [c98905aa8a0e1618a2d315bbf73d15b6] RESPONSE Screenshot "iVBORw0KGgoAAAANSUhEUgAAB4AAAANRCAYAAAACj6FfAAAgAElEQVR4nOzdfVSU953//9cMw804QQdEBEQUAc1IvIESqyTWCtlsqmus2pNmsW22R7ebje72FzV7clb35vtds7/8tpqcflf99teVb7fdxl+arVqT1XazAZfYqqUWjQYn3oKAgIgOiDjcDMPvD+4uk..."
[1552249975.615][INFO]: [c98905aa8a0e1618a2d315bbf73d15b6] COMMAND FindElement {
   "using": "id",
   "value": "step-7-link"
}
[1552249975.615][INFO]: Waiting for pending navigations...
[1552249975.616][INFO]: Done waiting for pending navigations. Status: ok
[1552249975.625][INFO]: Waiting for pending navigations...
[1552249975.626][INFO]: Done waiting for pending navigations. Status: ok
[1552249975.626][INFO]: [c98905aa8a0e1618a2d315bbf73d15b6] RESPONSE FindElement {
   "ELEMENT": "0.46205920467334627-15"
}
[1552249975.627][INFO]: [c98905aa8a0e1618a2d315bbf73d15b6] COMMAND IsElementDisplayed {
   "id": "0.46205920467334627-15"
}
[1552249975.627][INFO]: Waiting for pending navigations...
[1552249975.628][INFO]: Done waiting for pending navigations. Status: ok
[1552249975.637][INFO]: Waiting for pending navigations...
[1552249975.638][INFO]: Done waiting for pending navigations. Status: ok
[1552249975.638][INFO]: [c98905aa8a0e1618a2d315bbf73d15b6] RESPONSE IsElementDisplayed true
[1552249975.639][INFO]: [c98905aa8a0e1618a2d315bbf73d15b6] COMMAND Screenshot {

}
[1552249975.639][INFO]: Waiting for pending navigations...
[1552249975.640][INFO]: Done waiting for pending navigations. Status: ok
[1552249975.929][INFO]: Waiting for pending navigations...
[1552249975.930][INFO]: Done waiting for pending navigations. Status: ok
[1552249975.930][INFO]: [c98905aa8a0e1618a2d315bbf73d15b6] RESPONSE Screenshot "iVBORw0KGgoAAAANSUhEUgAAB4AAAANRCAYAAAACj6FfAAAgAElEQVR4nOzdfVSU953//9cMw804QQdEBEQUAc1IvIESqyTWCtlsqmus2pNmsW22R7ebje72FzV7clb35vtds7/8tpqcflf99teVb7fdxl+arVqT1XazAZfYqqUWjQYn3oKAgIgOiDjcDMPvD+4uk..."
[1552249975.944][INFO]: [c98905aa8a0e1618a2d315bbf73d15b6] COMMAND FindElement {
   "using": "id",
   "value": "step-7-link"
}
[1552249975.944][INFO]: Waiting for pending navigations...
[1552249975.944][INFO]: Done waiting for pending navigations. Status: ok
[1552249975.949][INFO]: Waiting for pending navigations...
[1552249975.950][INFO]: Done waiting for pending navigations. Status: ok
[1552249975.950][INFO]: [c98905aa8a0e1618a2d315bbf73d15b6] RESPONSE FindElement {
   "ELEMENT": "0.46205920467334627-15"
}
[1552249975.951][INFO]: [c98905aa8a0e1618a2d315bbf73d15b6] COMMAND GetElementText {
   "id": "0.46205920467334627-15"
}
[1552249975.951][INFO]: Waiting for pending navigations...
[1552249975.952][INFO]: Done waiting for pending navigations. Status: ok
[1552249975.962][INFO]: Waiting for pending navigations...
[1552249975.963][INFO]: Done waiting for pending navigations. Status: ok
[1552249975.963][INFO]: [c98905aa8a0e1618a2d315bbf73d15b6] RESPONSE GetElementText "Septième étape: Examen indépendant"
[1552249975.965][INFO]: [c98905aa8a0e1618a2d315bbf73d15b6] COMMAND FindElement {
   "using": "id",
   "value": "step-7-link"
}
[1552249975.966][INFO]: Waiting for pending navigations...
[1552249975.968][INFO]: Done waiting for pending navigations. Status: ok
[1552249975.972][INFO]: Waiting for pending navigations...
[1552249975.974][INFO]: Done waiting for pending navigations. Status: ok
[1552249975.974][INFO]: [c98905aa8a0e1618a2d315bbf73d15b6] RESPONSE FindElement {
   "ELEMENT": "0.46205920467334627-15"
}
[1552249975.975][INFO]: [c98905aa8a0e1618a2d315bbf73d15b6] COMMAND GetElementAttribute {
   "id": "0.46205920467334627-15",
   "name": "href"
}
[1552249975.975][INFO]: Waiting for pending navigations...
[1552249975.976][INFO]: Done waiting for pending navigations. Status: ok
[1552249975.978][INFO]: Waiting for pending navigations...
[1552249975.979][INFO]: Done waiting for pending navigations. Status: ok
[1552249975.979][INFO]: [c98905aa8a0e1618a2d315bbf73d15b6] RESPONSE GetElementAttribute "http://localhost:3000/steps/7"
[1552249975.980][INFO]: [c98905aa8a0e1618a2d315bbf73d15b6] COMMAND Screenshot {

}
[1552249975.980][INFO]: Waiting for pending navigations...
[1552249975.983][INFO]: Done waiting for pending navigations. Status: ok
[1552249976.284][INFO]: Waiting for pending navigations...
[1552249976.285][INFO]: Done waiting for pending navigations. Status: ok
[1552249976.285][INFO]: [c98905aa8a0e1618a2d315bbf73d15b6] RESPONSE Screenshot "iVBORw0KGgoAAAANSUhEUgAAB4AAAANRCAYAAAACj6FfAAAgAElEQVR4nOzdfVSU953//9cMw804QQdEBEQUAc1IvIESqyTWCtlsqmus2pNmsW22R7ebje72FzV7clb35vtds7/8tpqcflf99teVb7fdxl+arVqT1XazAZfYqqUWjQYn3oKAgIgOiDjcDMPvD+4uk..."
[1552249976.307][INFO]: [c98905aa8a0e1618a2d315bbf73d15b6] COMMAND FindElement {
   "using": "id",
   "value": "step-8-link"
}
[1552249976.307][INFO]: Waiting for pending navigations...
[1552249976.308][INFO]: Done waiting for pending navigations. Status: ok
[1552249976.318][INFO]: Waiting for pending navigations...
[1552249976.318][INFO]: Done waiting for pending navigations. Status: ok
[1552249976.318][INFO]: [c98905aa8a0e1618a2d315bbf73d15b6] RESPONSE FindElement {
   "ELEMENT": "0.46205920467334627-16"
}
[1552249976.319][INFO]: [c98905aa8a0e1618a2d315bbf73d15b6] COMMAND IsElementDisplayed {
   "id": "0.46205920467334627-16"
}
[1552249976.319][INFO]: Waiting for pending navigations...
[1552249976.320][INFO]: Done waiting for pending navigations. Status: ok
[1552249976.329][INFO]: Waiting for pending navigations...
[1552249976.329][INFO]: Done waiting for pending navigations. Status: ok
[1552249976.329][INFO]: [c98905aa8a0e1618a2d315bbf73d15b6] RESPONSE IsElementDisplayed true
[1552249976.330][INFO]: [c98905aa8a0e1618a2d315bbf73d15b6] COMMAND Screenshot {

}
[1552249976.330][INFO]: Waiting for pending navigations...
[1552249976.331][INFO]: Done waiting for pending navigations. Status: ok
[1552249976.656][INFO]: Waiting for pending navigations...
[1552249976.659][INFO]: Done waiting for pending navigations. Status: ok
[1552249976.659][INFO]: [c98905aa8a0e1618a2d315bbf73d15b6] RESPONSE Screenshot "iVBORw0KGgoAAAANSUhEUgAAB4AAAANRCAYAAAACj6FfAAAgAElEQVR4nOzdfVSU953//9cMw804QQdEBEQUAc1IvIESqyTWCtlsqmus2pNmsW22R7ebje72FzV7clb35vtds7/8tpqcflf99teVb7fdxl+arVqT1XazAZfYqqUWjQYn3oKAgIgOiDjcDMPvD+4uk..."
[1552249976.671][INFO]: [c98905aa8a0e1618a2d315bbf73d15b6] COMMAND FindElement {
   "using": "id",
   "value": "step-8-link"
}
[1552249976.671][INFO]: Waiting for pending navigations...
[1552249976.672][INFO]: Done waiting for pending navigations. Status: ok
[1552249976.677][INFO]: Waiting for pending navigations...
[1552249976.677][INFO]: Done waiting for pending navigations. Status: ok
[1552249976.677][INFO]: [c98905aa8a0e1618a2d315bbf73d15b6] RESPONSE FindElement {
   "ELEMENT": "0.46205920467334627-16"
}
[1552249976.678][INFO]: [c98905aa8a0e1618a2d315bbf73d15b6] COMMAND GetElementText {
   "id": "0.46205920467334627-16"
}
[1552249976.678][INFO]: Waiting for pending navigations...
[1552249976.679][INFO]: Done waiting for pending navigations. Status: ok
[1552249976.690][INFO]: Waiting for pending navigations...
[1552249976.690][INFO]: Done waiting for pending navigations. Status: ok
[1552249976.690][INFO]: [c98905aa8a0e1618a2d315bbf73d15b6] RESPONSE GetElementText "Huitième étape: Rendre compte des résultats"
[1552249976.692][INFO]: [c98905aa8a0e1618a2d315bbf73d15b6] COMMAND FindElement {
   "using": "id",
   "value": "step-8-link"
}
[1552249976.692][INFO]: Waiting for pending navigations...
[1552249976.693][INFO]: Done waiting for pending navigations. Status: ok
[1552249976.698][INFO]: Waiting for pending navigations...
[1552249976.699][INFO]: Done waiting for pending navigations. Status: ok
[1552249976.699][INFO]: [c98905aa8a0e1618a2d315bbf73d15b6] RESPONSE FindElement {
   "ELEMENT": "0.46205920467334627-16"
}
[1552249976.700][INFO]: [c98905aa8a0e1618a2d315bbf73d15b6] COMMAND GetElementAttribute {
   "id": "0.46205920467334627-16",
   "name": "href"
}
[1552249976.700][INFO]: Waiting for pending navigations...
[1552249976.701][INFO]: Done waiting for pending navigations. Status: ok
[1552249976.705][INFO]: Waiting for pending navigations...
[1552249976.706][INFO]: Done waiting for pending navigations. Status: ok
[1552249976.706][INFO]: [c98905aa8a0e1618a2d315bbf73d15b6] RESPONSE GetElementAttribute "http://localhost:3000/steps/8"
[1552249976.707][INFO]: [c98905aa8a0e1618a2d315bbf73d15b6] COMMAND Screenshot {

}
[1552249976.707][INFO]: Waiting for pending navigations...
[1552249976.708][INFO]: Done waiting for pending navigations. Status: ok
[1552249976.986][INFO]: Waiting for pending navigations...
[1552249976.987][INFO]: Done waiting for pending navigations. Status: ok
[1552249976.987][INFO]: [c98905aa8a0e1618a2d315bbf73d15b6] RESPONSE Screenshot "iVBORw0KGgoAAAANSUhEUgAAB4AAAANRCAYAAAACj6FfAAAgAElEQVR4nOzdfVSU953//9cMw804QQdEBEQUAc1IvIESqyTWCtlsqmus2pNmsW22R7ebje72FzV7clb35vtds7/8tpqcflf99teVb7fdxl+arVqT1XazAZfYqqUWjQYn3oKAgIgOiDjcDMPvD+4uk..."
[1552249977.000][INFO]: [c98905aa8a0e1618a2d315bbf73d15b6] COMMAND FindElement {
   "using": "id",
   "value": "steps-dropdown"
}
[1552249977.000][INFO]: Waiting for pending navigations...
[1552249977.001][INFO]: Done waiting for pending navigations. Status: ok
[1552249977.006][INFO]: Waiting for pending navigations...
[1552249977.007][INFO]: Done waiting for pending navigations. Status: ok
[1552249977.007][INFO]: [c98905aa8a0e1618a2d315bbf73d15b6] RESPONSE FindElement {
   "ELEMENT": "0.46205920467334627-8"
}
[1552249977.008][INFO]: [c98905aa8a0e1618a2d315bbf73d15b6] COMMAND IsElementDisplayed {
   "id": "0.46205920467334627-8"
}
[1552249977.008][INFO]: Waiting for pending navigations...
[1552249977.008][INFO]: Done waiting for pending navigations. Status: ok
[1552249977.012][INFO]: Waiting for pending navigations...
[1552249977.013][INFO]: Done waiting for pending navigations. Status: ok
[1552249977.013][INFO]: [c98905aa8a0e1618a2d315bbf73d15b6] RESPONSE IsElementDisplayed true
[1552249977.016][INFO]: [c98905aa8a0e1618a2d315bbf73d15b6] COMMAND FindElement {
   "using": "id",
   "value": "steps-dropdown"
}
[1552249977.016][INFO]: Waiting for pending navigations...
[1552249977.017][INFO]: Done waiting for pending navigations. Status: ok
[1552249977.021][INFO]: Waiting for pending navigations...
[1552249977.022][INFO]: Done waiting for pending navigations. Status: ok
[1552249977.022][INFO]: [c98905aa8a0e1618a2d315bbf73d15b6] RESPONSE FindElement {
   "ELEMENT": "0.46205920467334627-8"
}
[1552249977.025][INFO]: [c98905aa8a0e1618a2d315bbf73d15b6] COMMAND ClickElement {
   "id": "0.46205920467334627-8"
}
[1552249977.025][INFO]: Waiting for pending navigations...
[1552249977.026][INFO]: Done waiting for pending navigations. Status: ok
[1552249977.061][INFO]: Waiting for pending navigations...
[1552249977.062][INFO]: Done waiting for pending navigations. Status: ok
[1552249977.062][INFO]: [c98905aa8a0e1618a2d315bbf73d15b6] RESPONSE ClickElement
[1552249977.063][INFO]: [c98905aa8a0e1618a2d315bbf73d15b6] COMMAND Screenshot {

}
[1552249977.063][INFO]: Waiting for pending navigations...
[1552249977.064][INFO]: Done waiting for pending navigations. Status: ok
[1552249977.383][INFO]: Waiting for pending navigations...
[1552249977.385][INFO]: Done waiting for pending navigations. Status: ok
[1552249977.385][INFO]: [c98905aa8a0e1618a2d315bbf73d15b6] RESPONSE Screenshot "iVBORw0KGgoAAAANSUhEUgAAB4AAAANRCAYAAAACj6FfAAAgAElEQVR4nOzdf1SU9533/9cMw49xgg4/REBEEdCMRA2UWiWxVshmU11r1Z40i22zPbrdbHS3d5Tuybl1d+971+w3362a03vVu9+u3N12G79ptmptVtvNBlxiq5ZaNBqc+BMEAkjQARGHH8Nw/8GvC..."
[1552249977.400][INFO]: [c98905aa8a0e1618a2d315bbf73d15b6] COMMAND FindElement {
   "using": "id",
   "value": "menu-btn"
}
[1552249977.400][INFO]: Waiting for pending navigations...
[1552249977.401][INFO]: Done waiting for pending navigations. Status: ok
[1552249977.405][INFO]: Waiting for pending navigations...
[1552249977.407][INFO]: Done waiting for pending navigations. Status: ok
[1552249977.407][INFO]: [c98905aa8a0e1618a2d315bbf73d15b6] RESPONSE FindElement {
   "ELEMENT": "0.46205920467334627-3"
}
[1552249977.408][INFO]: [c98905aa8a0e1618a2d315bbf73d15b6] COMMAND IsElementDisplayed {
   "id": "0.46205920467334627-3"
}
[1552249977.408][INFO]: Waiting for pending navigations...
[1552249977.408][INFO]: Done waiting for pending navigations. Status: ok
[1552249977.412][INFO]: Waiting for pending navigations...
[1552249977.412][INFO]: Done waiting for pending navigations. Status: ok
[1552249977.412][INFO]: [c98905aa8a0e1618a2d315bbf73d15b6] RESPONSE IsElementDisplayed true
[1552249977.416][INFO]: [c98905aa8a0e1618a2d315bbf73d15b6] COMMAND FindElement {
   "using": "id",
   "value": "menu-btn"
}
[1552249977.416][INFO]: Waiting for pending navigations...
[1552249977.418][INFO]: Done waiting for pending navigations. Status: ok
[1552249977.423][INFO]: Waiting for pending navigations...
[1552249977.424][INFO]: Done waiting for pending navigations. Status: ok
[1552249977.424][INFO]: [c98905aa8a0e1618a2d315bbf73d15b6] RESPONSE FindElement {
   "ELEMENT": "0.46205920467334627-3"
}
[1552249977.427][INFO]: [c98905aa8a0e1618a2d315bbf73d15b6] COMMAND ClickElement {
   "id": "0.46205920467334627-3"
}
[1552249977.427][INFO]: Waiting for pending navigations...
[1552249977.428][INFO]: Done waiting for pending navigations. Status: ok
[1552249977.479][INFO]: Waiting for pending navigations...
[1552249977.480][INFO]: Done waiting for pending navigations. Status: ok
[1552249977.480][INFO]: [c98905aa8a0e1618a2d315bbf73d15b6] RESPONSE ClickElement
[1552249977.482][INFO]: [c98905aa8a0e1618a2d315bbf73d15b6] COMMAND FindElement {
   "using": "id",
   "value": "menu-btn"
}
[1552249977.482][INFO]: Waiting for pending navigations...
[1552249977.484][INFO]: Done waiting for pending navigations. Status: ok
[1552249977.488][INFO]: Waiting for pending navigations...
[1552249977.489][INFO]: Done waiting for pending navigations. Status: ok
[1552249977.489][INFO]: [c98905aa8a0e1618a2d315bbf73d15b6] RESPONSE FindElement {
   "ELEMENT": "0.46205920467334627-3"
}
[1552249977.490][INFO]: [c98905aa8a0e1618a2d315bbf73d15b6] COMMAND GetElementText {
   "id": "0.46205920467334627-3"
}
[1552249977.490][INFO]: Waiting for pending navigations...
[1552249977.491][INFO]: Done waiting for pending navigations. Status: ok
[1552249977.496][INFO]: Waiting for pending navigations...
[1552249977.497][INFO]: Done waiting for pending navigations. Status: ok
[1552249977.497][INFO]: [c98905aa8a0e1618a2d315bbf73d15b6] RESPONSE GetElementText "Menu"
[1552249977.498][INFO]: [c98905aa8a0e1618a2d315bbf73d15b6] COMMAND Screenshot {

}
[1552249977.498][INFO]: Waiting for pending navigations...
[1552249977.499][INFO]: Done waiting for pending navigations. Status: ok
[1552249977.829][INFO]: Waiting for pending navigations...
[1552249977.831][INFO]: Done waiting for pending navigations. Status: ok
[1552249977.831][INFO]: [c98905aa8a0e1618a2d315bbf73d15b6] RESPONSE Screenshot "iVBORw0KGgoAAAANSUhEUgAAB4AAAANRCAYAAAACj6FfAAAgAElEQVR4nOzdfZSW1X03+u89DPMiggMiDATRUYwOvgFRA0RjHDRNsJoITdpCkzaVpo34pCeBZvWpJs1ppKfHQLKeVpKeVpI+yQNJmkKapGKbRIyaAlULxhdGjToIKAOiDPIyAwwz5w8BBxhQzMAwt..."
[1552249977.844][INFO]: [c98905aa8a0e1618a2d315bbf73d15b6] COMMAND Quit {

}
[1552249977.903][INFO]: [c98905aa8a0e1618a2d315bbf73d15b6] RESPONSE Quit
