[1552270471.127][INFO]: Starting ChromeDriver 73.0.3683.68 (47787ec04b6e38e22703e856e101e840b65afe72)
[1552270471.127][INFO]: Please protect ports used by ChromeDriver and related test frameworks to prevent access by malicious code.
[1552270471.814][INFO]: [ad4a625cb658d2504abc41029ac26178] COMMAND InitSession {
   "capabilities": {
      "firstMatch": [ {
         "browserName": "chrome",
         "goog:chromeOptions": {
            "args": [ "chrome.switches", "--disable-extensions", "chrome.switches", "test-type", "chrome.switches", "start-maximized", "chrome.switches", "no-sandbox" ],
            "extensions": [  ],
            "useAutomationExtension": false
         }
      } ]
   },
   "desiredCapabilities": {
      "browserName": "chrome",
      "goog:chromeOptions": {
         "args": [ "chrome.switches", "--disable-extensions", "chrome.switches", "test-type", "chrome.switches", "start-maximized", "chrome.switches", "no-sandbox" ],
         "extensions": [  ],
         "useAutomationExtension": false
      }
   }
}
[1552270471.816][INFO]: Populating Preferences file: {
   "alternate_error_pages": {
      "enabled": false
   },
   "autofill": {
      "enabled": false
   },
   "browser": {
      "check_default_browser": false
   },
   "distribution": {
      "import_bookmarks": false,
      "import_history": false,
      "import_search_engine": false,
      "make_chrome_default_for_user": false,
      "skip_first_run_ui": true
   },
   "dns_prefetching": {
      "enabled": false
   },
   "profile": {
      "content_settings": {
         "pattern_pairs": {
            "https://*,*": {
               "media-stream": {
                  "audio": "Default",
                  "video": "Default"
               }
            }
         }
      },
      "default_content_setting_values": {
         "geolocation": 1
      },
      "default_content_settings": {
         "geolocation": 1,
         "mouselock": 1,
         "notifications": 1,
         "popups": 1,
         "ppapi-broker": 1
      },
      "password_manager_enabled": false
   },
   "safebrowsing": {
      "enabled": false
   },
   "search": {
      "suggest_enabled": false
   },
   "translate": {
      "enabled": false
   }
}
[1552270471.817][INFO]: Populating Local State file: {
   "background_mode": {
      "enabled": false
   },
   "ssl": {
      "rev_checking": {
         "enabled": false
      }
   }
}
[1552270471.822][INFO]: Launching chrome: "C:\Program Files (x86)\Google\Chrome\Application\chrome.exe" --chrome.switches --disable-background-networking --disable-client-side-phishing-detection --disable-default-apps --disable-extensions --disable-hang-monitor --disable-popup-blocking --disable-prompt-on-repost --disable-sync --disable-web-resources --enable-automation --enable-blink-features=ShadowDOMV0 --enable-logging --force-fieldtrials=SiteIsolationExtensions/Control --ignore-certificate-errors --log-level=0 --metrics-recording-only --no-first-run --no-sandbox --password-store=basic --remote-debugging-port=0 --start-maximized --test-type --use-mock-keychain --user-data-dir="C:\Users\KAVITH~1\AppData\Local\Temp\scoped_dir42132_20477" data:,
[1552270472.606][INFO]: resolved localhost to ["::1","127.0.0.1"]
[1552270473.619][INFO]: [ad4a625cb658d2504abc41029ac26178] RESPONSE InitSession {
   "acceptInsecureCerts": false,
   "acceptSslCerts": false,
   "applicationCacheEnabled": false,
   "browserConnectionEnabled": false,
   "browserName": "chrome",
   "chrome": {
      "chromedriverVersion": "73.0.3683.68 (47787ec04b6e38e22703e856e101e840b65afe72)",
      "userDataDir": "C:\\Users\\KAVITH~1\\AppData\\Local\\Temp\\scoped_dir42132_20477"
   },
   "cssSelectorsEnabled": true,
   "databaseEnabled": false,
   "goog:chromeOptions": {
      "debuggerAddress": "localhost:59547"
   },
   "handlesAlerts": true,
   "hasTouchScreen": false,
   "javascriptEnabled": true,
   "locationContextEnabled": true,
   "mobileEmulationEnabled": false,
   "nativeEvents": true,
   "networkConnectionEnabled": false,
   "pageLoadStrategy": "normal",
   "platform": "Windows NT",
   "proxy": {

   },
   "~~~": "..."
}
[1552270473.659][INFO]: [ad4a625cb658d2504abc41029ac26178] COMMAND MaximizeWindow {
   "handle": "current",
   "windowHandle": "current"
}
[1552270473.660][INFO]: Waiting for pending navigations...
[1552270473.670][INFO]: Done waiting for pending navigations. Status: ok
[1552270473.671][INFO]: resolved localhost to ["::1","127.0.0.1"]
[1552270474.676][INFO]: Waiting for pending navigations...
[1552270474.677][INFO]: Done waiting for pending navigations. Status: ok
[1552270474.677][INFO]: [ad4a625cb658d2504abc41029ac26178] RESPONSE MaximizeWindow {
   "height": 696,
   "width": 1296,
   "x": -8,
   "y": -8
}
[1552270474.681][INFO]: [ad4a625cb658d2504abc41029ac26178] COMMAND SetTimeouts {
   "ms": 30000,
   "type": "implicit"
}
[1552270474.682][INFO]: [ad4a625cb658d2504abc41029ac26178] RESPONSE SetTimeouts
[1552270474.686][INFO]: [ad4a625cb658d2504abc41029ac26178] COMMAND SetTimeouts {
   "ms": 60000,
   "type": "page load"
}
[1552270474.686][INFO]: [ad4a625cb658d2504abc41029ac26178] RESPONSE SetTimeouts
[1552270474.693][INFO]: [ad4a625cb658d2504abc41029ac26178] COMMAND Navigate {
   "url": "http://localhost:3000/"
}
[1552270474.693][INFO]: Waiting for pending navigations...
[1552270474.694][INFO]: Done waiting for pending navigations. Status: ok
[1552270475.068][INFO]: Waiting for pending navigations...
[1552270476.447][INFO]: Done waiting for pending navigations. Status: ok
[1552270476.448][INFO]: [ad4a625cb658d2504abc41029ac26178] RESPONSE Navigate
[1552270476.524][INFO]: [ad4a625cb658d2504abc41029ac26178] COMMAND FindElement {
   "using": "id",
   "value": "brand-logo"
}
[1552270476.524][INFO]: Waiting for pending navigations...
[1552270476.525][INFO]: Done waiting for pending navigations. Status: ok
[1552270476.541][INFO]: Waiting for pending navigations...
[1552270476.541][INFO]: Done waiting for pending navigations. Status: ok
[1552270476.541][INFO]: [ad4a625cb658d2504abc41029ac26178] RESPONSE FindElement {
   "ELEMENT": "0.6784198682447886-1"
}
[1552270476.545][INFO]: [ad4a625cb658d2504abc41029ac26178] COMMAND IsElementDisplayed {
   "id": "0.6784198682447886-1"
}
[1552270476.545][INFO]: Waiting for pending navigations...
[1552270476.545][INFO]: Done waiting for pending navigations. Status: ok
[1552270476.561][INFO]: Waiting for pending navigations...
[1552270476.561][INFO]: Done waiting for pending navigations. Status: ok
[1552270476.561][INFO]: [ad4a625cb658d2504abc41029ac26178] RESPONSE IsElementDisplayed true
[1552270476.571][INFO]: [ad4a625cb658d2504abc41029ac26178] COMMAND Screenshot {

}
[1552270476.571][INFO]: Waiting for pending navigations...
[1552270476.572][INFO]: Done waiting for pending navigations. Status: ok
[1552270476.937][INFO]: Waiting for pending navigations...
[1552270476.939][INFO]: Done waiting for pending navigations. Status: ok
[1552270476.939][INFO]: [ad4a625cb658d2504abc41029ac26178] RESPONSE Screenshot "iVBORw0KGgoAAAANSUhEUgAAB4AAAANRCAYAAAACj6FfAAAgAElEQVR4nOzde5RX9WHv/c9vBuYCjgyI3LyOlygoKhgNEE0iahqxJhGa9BSibaonreJJnxNI1mk16Xmq9Omj0KynlaSnlaYnHkjTFNIkFdumYtVUrFowoo4adVBQBuUyXGdgbs8fAgIzYMCRy/b1W..."
[1552270476.966][INFO]: [ad4a625cb658d2504abc41029ac26178] COMMAND FindElement {
   "using": "id",
   "value": "brand-name"
}
[1552270476.966][INFO]: Waiting for pending navigations...
[1552270476.967][INFO]: Done waiting for pending navigations. Status: ok
[1552270476.981][INFO]: Waiting for pending navigations...
[1552270476.982][INFO]: Done waiting for pending navigations. Status: ok
[1552270476.982][INFO]: [ad4a625cb658d2504abc41029ac26178] RESPONSE FindElement {
   "ELEMENT": "0.6784198682447886-2"
}
[1552270476.985][INFO]: [ad4a625cb658d2504abc41029ac26178] COMMAND IsElementDisplayed {
   "id": "0.6784198682447886-2"
}
[1552270476.985][INFO]: Waiting for pending navigations...
[1552270476.986][INFO]: Done waiting for pending navigations. Status: ok
[1552270476.997][INFO]: Waiting for pending navigations...
[1552270476.998][INFO]: Done waiting for pending navigations. Status: ok
[1552270476.998][INFO]: [ad4a625cb658d2504abc41029ac26178] RESPONSE IsElementDisplayed true
[1552270477.000][INFO]: [ad4a625cb658d2504abc41029ac26178] COMMAND Screenshot {

}
[1552270477.000][INFO]: Waiting for pending navigations...
[1552270477.001][INFO]: Done waiting for pending navigations. Status: ok
[1552270477.296][INFO]: Waiting for pending navigations...
[1552270477.297][INFO]: Done waiting for pending navigations. Status: ok
[1552270477.297][INFO]: [ad4a625cb658d2504abc41029ac26178] RESPONSE Screenshot "iVBORw0KGgoAAAANSUhEUgAAB4AAAANRCAYAAAACj6FfAAAgAElEQVR4nOzde5RX9WHv/c9vBuYCjgyI3LyOlygoKhgNEE0iahqxJhGa9BSibaonreJJnxNI1mk16Xmq9Omj0KynlaSnlaYnHkjTFNIkFdumYtVUrFowoo4adVBQBuUyXGdgbs8fAgIzYMCRy/b1W..."
[1552270477.311][INFO]: [ad4a625cb658d2504abc41029ac26178] COMMAND FindElement {
   "using": "id",
   "value": "menu-btn"
}
[1552270477.311][INFO]: Waiting for pending navigations...
[1552270477.312][INFO]: Done waiting for pending navigations. Status: ok
[1552270477.324][INFO]: Waiting for pending navigations...
[1552270477.325][INFO]: Done waiting for pending navigations. Status: ok
[1552270477.325][INFO]: [ad4a625cb658d2504abc41029ac26178] RESPONSE FindElement {
   "ELEMENT": "0.6784198682447886-3"
}
[1552270477.327][INFO]: [ad4a625cb658d2504abc41029ac26178] COMMAND IsElementDisplayed {
   "id": "0.6784198682447886-3"
}
[1552270477.327][INFO]: Waiting for pending navigations...
[1552270477.328][INFO]: Done waiting for pending navigations. Status: ok
[1552270477.339][INFO]: Waiting for pending navigations...
[1552270477.339][INFO]: Done waiting for pending navigations. Status: ok
[1552270477.339][INFO]: [ad4a625cb658d2504abc41029ac26178] RESPONSE IsElementDisplayed true
[1552270477.344][INFO]: [ad4a625cb658d2504abc41029ac26178] COMMAND Screenshot {

}
[1552270477.344][INFO]: Waiting for pending navigations...
[1552270477.344][INFO]: Done waiting for pending navigations. Status: ok
[1552270477.652][INFO]: Waiting for pending navigations...
[1552270477.653][INFO]: Done waiting for pending navigations. Status: ok
[1552270477.653][INFO]: [ad4a625cb658d2504abc41029ac26178] RESPONSE Screenshot "iVBORw0KGgoAAAANSUhEUgAAB4AAAANRCAYAAAACj6FfAAAgAElEQVR4nOzde5RX9WHv/c9vBuYCjgyI3LyOlygoKhgNEE0iahqxJhGa9BSibaonreJJnxNI1mk16Xmq9Omj0KynlaSnlaYnHkjTFNIkFdumYtVUrFowoo4adVBQBuUyXGdgbs8fAgIzYMCRy/b1W..."
[1552270477.666][INFO]: [ad4a625cb658d2504abc41029ac26178] COMMAND FindElement {
   "using": "id",
   "value": "menu-btn"
}
[1552270477.666][INFO]: Waiting for pending navigations...
[1552270477.667][INFO]: Done waiting for pending navigations. Status: ok
[1552270477.672][INFO]: Waiting for pending navigations...
[1552270477.672][INFO]: Done waiting for pending navigations. Status: ok
[1552270477.672][INFO]: [ad4a625cb658d2504abc41029ac26178] RESPONSE FindElement {
   "ELEMENT": "0.6784198682447886-3"
}
[1552270477.677][INFO]: [ad4a625cb658d2504abc41029ac26178] COMMAND ClickElement {
   "id": "0.6784198682447886-3"
}
[1552270477.677][INFO]: Waiting for pending navigations...
[1552270477.678][INFO]: Done waiting for pending navigations. Status: ok
[1552270477.743][INFO]: Waiting for pending navigations...
[1552270477.745][INFO]: Done waiting for pending navigations. Status: ok
[1552270477.745][INFO]: [ad4a625cb658d2504abc41029ac26178] RESPONSE ClickElement
[1552270478.749][INFO]: [ad4a625cb658d2504abc41029ac26178] COMMAND FindElement {
   "using": "id",
   "value": "menu-btn"
}
[1552270478.749][INFO]: Waiting for pending navigations...
[1552270478.750][INFO]: Done waiting for pending navigations. Status: ok
[1552270478.755][INFO]: Waiting for pending navigations...
[1552270478.756][INFO]: Done waiting for pending navigations. Status: ok
[1552270478.756][INFO]: [ad4a625cb658d2504abc41029ac26178] RESPONSE FindElement {
   "ELEMENT": "0.6784198682447886-3"
}
[1552270478.761][INFO]: [ad4a625cb658d2504abc41029ac26178] COMMAND GetElementText {
   "id": "0.6784198682447886-3"
}
[1552270478.761][INFO]: Waiting for pending navigations...
[1552270478.762][INFO]: Done waiting for pending navigations. Status: ok
[1552270478.780][INFO]: Waiting for pending navigations...
[1552270478.781][INFO]: Done waiting for pending navigations. Status: ok
[1552270478.781][INFO]: [ad4a625cb658d2504abc41029ac26178] RESPONSE GetElementText "Close"
[1552270478.783][INFO]: [ad4a625cb658d2504abc41029ac26178] COMMAND Screenshot {

}
[1552270478.783][INFO]: Waiting for pending navigations...
[1552270478.784][INFO]: Done waiting for pending navigations. Status: ok
[1552270479.100][INFO]: Waiting for pending navigations...
[1552270479.101][INFO]: Done waiting for pending navigations. Status: ok
[1552270479.101][INFO]: [ad4a625cb658d2504abc41029ac26178] RESPONSE Screenshot "iVBORw0KGgoAAAANSUhEUgAAB4AAAANRCAYAAAACj6FfAAAgAElEQVR4nOzde3RU533v/8+MBknDeNDogpCEEAwI5EHmIhkrIJtgJNe1ocQGslwOOEl9RNvUkPrYImfld6Cn53cKqX8JclZPgJNfDmrqtvBz0oDruCZuGoExCVCFCgwWMiAQCIEuSIyEEKPLaPT7Q..."
[1552270479.134][INFO]: [ad4a625cb658d2504abc41029ac26178] COMMAND FindElement {
   "using": "id",
   "value": "what-are-link"
}
[1552270479.134][INFO]: Waiting for pending navigations...
[1552270479.135][INFO]: Done waiting for pending navigations. Status: ok
[1552270479.145][INFO]: Waiting for pending navigations...
[1552270479.146][INFO]: Done waiting for pending navigations. Status: ok
[1552270479.146][INFO]: [ad4a625cb658d2504abc41029ac26178] RESPONSE FindElement {
   "ELEMENT": "0.6784198682447886-4"
}
[1552270479.147][INFO]: [ad4a625cb658d2504abc41029ac26178] COMMAND IsElementDisplayed {
   "id": "0.6784198682447886-4"
}
[1552270479.147][INFO]: Waiting for pending navigations...
[1552270479.148][INFO]: Done waiting for pending navigations. Status: ok
[1552270479.157][INFO]: Waiting for pending navigations...
[1552270479.158][INFO]: Done waiting for pending navigations. Status: ok
[1552270479.158][INFO]: [ad4a625cb658d2504abc41029ac26178] RESPONSE IsElementDisplayed true
[1552270479.160][INFO]: [ad4a625cb658d2504abc41029ac26178] COMMAND Screenshot {

}
[1552270479.160][INFO]: Waiting for pending navigations...
[1552270479.162][INFO]: Done waiting for pending navigations. Status: ok
[1552270479.496][INFO]: Waiting for pending navigations...
[1552270479.496][INFO]: Done waiting for pending navigations. Status: ok
[1552270479.497][INFO]: [ad4a625cb658d2504abc41029ac26178] RESPONSE Screenshot "iVBORw0KGgoAAAANSUhEUgAAB4AAAANRCAYAAAACj6FfAAAgAElEQVR4nOzde3RU533v/8+MBknDeNDogpCEEAwI5EHmIhkrIJtgJNe1ocQGslwOOEl9RNvUkPrYImfld6Cn53cKqX8JclZPgJNfDmrqtvBz0oDruCZuGoExCVCFCgwWMiAQCIEuSIyEEKPLaPT7Q..."
[1552270479.509][INFO]: [ad4a625cb658d2504abc41029ac26178] COMMAND FindElement {
   "using": "id",
   "value": "what-are-link"
}
[1552270479.509][INFO]: Waiting for pending navigations...
[1552270479.510][INFO]: Done waiting for pending navigations. Status: ok
[1552270479.515][INFO]: Waiting for pending navigations...
[1552270479.516][INFO]: Done waiting for pending navigations. Status: ok
[1552270479.516][INFO]: [ad4a625cb658d2504abc41029ac26178] RESPONSE FindElement {
   "ELEMENT": "0.6784198682447886-4"
}
[1552270479.517][INFO]: [ad4a625cb658d2504abc41029ac26178] COMMAND GetElementText {
   "id": "0.6784198682447886-4"
}
[1552270479.517][INFO]: Waiting for pending navigations...
[1552270479.518][INFO]: Done waiting for pending navigations. Status: ok
[1552270479.531][INFO]: Waiting for pending navigations...
[1552270479.532][INFO]: Done waiting for pending navigations. Status: ok
[1552270479.532][INFO]: [ad4a625cb658d2504abc41029ac26178] RESPONSE GetElementText "What are Child Labor and Forced Labor?"
[1552270479.537][INFO]: [ad4a625cb658d2504abc41029ac26178] COMMAND FindElement {
   "using": "id",
   "value": "what-are-link"
}
[1552270479.537][INFO]: Waiting for pending navigations...
[1552270479.539][INFO]: Done waiting for pending navigations. Status: ok
[1552270479.544][INFO]: Waiting for pending navigations...
[1552270479.545][INFO]: Done waiting for pending navigations. Status: ok
[1552270479.545][INFO]: [ad4a625cb658d2504abc41029ac26178] RESPONSE FindElement {
   "ELEMENT": "0.6784198682447886-4"
}
[1552270479.546][INFO]: [ad4a625cb658d2504abc41029ac26178] COMMAND GetElementAttribute {
   "id": "0.6784198682447886-4",
   "name": "href"
}
[1552270479.546][INFO]: Waiting for pending navigations...
[1552270479.548][INFO]: Done waiting for pending navigations. Status: ok
[1552270479.551][INFO]: Waiting for pending navigations...
[1552270479.552][INFO]: Done waiting for pending navigations. Status: ok
[1552270479.552][INFO]: [ad4a625cb658d2504abc41029ac26178] RESPONSE GetElementAttribute "http://localhost:3000/what-are"
[1552270479.554][INFO]: [ad4a625cb658d2504abc41029ac26178] COMMAND Screenshot {

}
[1552270479.554][INFO]: Waiting for pending navigations...
[1552270479.554][INFO]: Done waiting for pending navigations. Status: ok
[1552270479.836][INFO]: Waiting for pending navigations...
[1552270479.837][INFO]: Done waiting for pending navigations. Status: ok
[1552270479.837][INFO]: [ad4a625cb658d2504abc41029ac26178] RESPONSE Screenshot "iVBORw0KGgoAAAANSUhEUgAAB4AAAANRCAYAAAACj6FfAAAgAElEQVR4nOzde3RU533v/8+MBknDeNDogpCEEAwI5EHmIhkrIJtgJNe1ocQGslwOOEl9RNvUkPrYImfld6Cn53cKqX8JclZPgJNfDmrqtvBz0oDruCZuGoExCVCFCgwWMiAQCIEuSIyEEKPLaPT7Q..."
[1552270479.855][INFO]: [ad4a625cb658d2504abc41029ac26178] COMMAND FindElement {
   "using": "id",
   "value": "why-develop-link"
}
[1552270479.855][INFO]: Waiting for pending navigations...
[1552270479.856][INFO]: Done waiting for pending navigations. Status: ok
[1552270479.866][INFO]: Waiting for pending navigations...
[1552270479.867][INFO]: Done waiting for pending navigations. Status: ok
[1552270479.867][INFO]: [ad4a625cb658d2504abc41029ac26178] RESPONSE FindElement {
   "ELEMENT": "0.6784198682447886-5"
}
[1552270479.869][INFO]: [ad4a625cb658d2504abc41029ac26178] COMMAND IsElementDisplayed {
   "id": "0.6784198682447886-5"
}
[1552270479.869][INFO]: Waiting for pending navigations...
[1552270479.870][INFO]: Done waiting for pending navigations. Status: ok
[1552270479.879][INFO]: Waiting for pending navigations...
[1552270479.880][INFO]: Done waiting for pending navigations. Status: ok
[1552270479.880][INFO]: [ad4a625cb658d2504abc41029ac26178] RESPONSE IsElementDisplayed true
[1552270479.882][INFO]: [ad4a625cb658d2504abc41029ac26178] COMMAND Screenshot {

}
[1552270479.882][INFO]: Waiting for pending navigations...
[1552270479.883][INFO]: Done waiting for pending navigations. Status: ok
[1552270480.174][INFO]: Waiting for pending navigations...
[1552270480.175][INFO]: Done waiting for pending navigations. Status: ok
[1552270480.175][INFO]: [ad4a625cb658d2504abc41029ac26178] RESPONSE Screenshot "iVBORw0KGgoAAAANSUhEUgAAB4AAAANRCAYAAAACj6FfAAAgAElEQVR4nOzde3RU533v/8+MBknDeNDogpCEEAwI5EHmIhkrIJtgJNe1ocQGslwOOEl9RNvUkPrYImfld6Cn53cKqX8JclZPgJNfDmrqtvBz0oDruCZuGoExCVCFCgwWMiAQCIEuSIyEEKPLaPT7Q..."
[1552270480.187][INFO]: [ad4a625cb658d2504abc41029ac26178] COMMAND FindElement {
   "using": "id",
   "value": "why-develop-link"
}
[1552270480.187][INFO]: Waiting for pending navigations...
[1552270480.188][INFO]: Done waiting for pending navigations. Status: ok
[1552270480.194][INFO]: Waiting for pending navigations...
[1552270480.195][INFO]: Done waiting for pending navigations. Status: ok
[1552270480.195][INFO]: [ad4a625cb658d2504abc41029ac26178] RESPONSE FindElement {
   "ELEMENT": "0.6784198682447886-5"
}
[1552270480.196][INFO]: [ad4a625cb658d2504abc41029ac26178] COMMAND GetElementText {
   "id": "0.6784198682447886-5"
}
[1552270480.196][INFO]: Waiting for pending navigations...
[1552270480.197][INFO]: Done waiting for pending navigations. Status: ok
[1552270480.208][INFO]: Waiting for pending navigations...
[1552270480.210][INFO]: Done waiting for pending navigations. Status: ok
[1552270480.210][INFO]: [ad4a625cb658d2504abc41029ac26178] RESPONSE GetElementText "Why Develop a Social Compliance System?"
[1552270480.213][INFO]: [ad4a625cb658d2504abc41029ac26178] COMMAND FindElement {
   "using": "id",
   "value": "why-develop-link"
}
[1552270480.213][INFO]: Waiting for pending navigations...
[1552270480.214][INFO]: Done waiting for pending navigations. Status: ok
[1552270480.218][INFO]: Waiting for pending navigations...
[1552270480.220][INFO]: Done waiting for pending navigations. Status: ok
[1552270480.220][INFO]: [ad4a625cb658d2504abc41029ac26178] RESPONSE FindElement {
   "ELEMENT": "0.6784198682447886-5"
}
[1552270480.221][INFO]: [ad4a625cb658d2504abc41029ac26178] COMMAND GetElementAttribute {
   "id": "0.6784198682447886-5",
   "name": "href"
}
[1552270480.221][INFO]: Waiting for pending navigations...
[1552270480.222][INFO]: Done waiting for pending navigations. Status: ok
[1552270480.224][INFO]: Waiting for pending navigations...
[1552270480.225][INFO]: Done waiting for pending navigations. Status: ok
[1552270480.225][INFO]: [ad4a625cb658d2504abc41029ac26178] RESPONSE GetElementAttribute "http://localhost:3000/why-develop"
[1552270480.226][INFO]: [ad4a625cb658d2504abc41029ac26178] COMMAND Screenshot {

}
[1552270480.226][INFO]: Waiting for pending navigations...
[1552270480.227][INFO]: Done waiting for pending navigations. Status: ok
[1552270480.530][INFO]: Waiting for pending navigations...
[1552270480.531][INFO]: Done waiting for pending navigations. Status: ok
[1552270480.531][INFO]: [ad4a625cb658d2504abc41029ac26178] RESPONSE Screenshot "iVBORw0KGgoAAAANSUhEUgAAB4AAAANRCAYAAAACj6FfAAAgAElEQVR4nOzde3RU533v/8+MBknDeNDogpCEEAwI5EHmIhkrIJtgJNe1ocQGslwOOEl9RNvUkPrYImfld6Cn53cKqX8JclZPgJNfDmrqtvBz0oDruCZuGoExCVCFCgwWMiAQCIEuSIyEEKPLaPT7Q..."
[1552270480.543][INFO]: [ad4a625cb658d2504abc41029ac26178] COMMAND FindElement {
   "using": "id",
   "value": "basics-link"
}
[1552270480.543][INFO]: Waiting for pending navigations...
[1552270480.544][INFO]: Done waiting for pending navigations. Status: ok
[1552270480.551][INFO]: Waiting for pending navigations...
[1552270480.553][INFO]: Done waiting for pending navigations. Status: ok
[1552270480.553][INFO]: [ad4a625cb658d2504abc41029ac26178] RESPONSE FindElement {
   "ELEMENT": "0.6784198682447886-6"
}
[1552270480.554][INFO]: [ad4a625cb658d2504abc41029ac26178] COMMAND IsElementDisplayed {
   "id": "0.6784198682447886-6"
}
[1552270480.554][INFO]: Waiting for pending navigations...
[1552270480.555][INFO]: Done waiting for pending navigations. Status: ok
[1552270480.566][INFO]: Waiting for pending navigations...
[1552270480.567][INFO]: Done waiting for pending navigations. Status: ok
[1552270480.567][INFO]: [ad4a625cb658d2504abc41029ac26178] RESPONSE IsElementDisplayed true
[1552270480.570][INFO]: [ad4a625cb658d2504abc41029ac26178] COMMAND Screenshot {

}
[1552270480.570][INFO]: Waiting for pending navigations...
[1552270480.570][INFO]: Done waiting for pending navigations. Status: ok
[1552270480.872][INFO]: Waiting for pending navigations...
[1552270480.873][INFO]: Done waiting for pending navigations. Status: ok
[1552270480.873][INFO]: [ad4a625cb658d2504abc41029ac26178] RESPONSE Screenshot "iVBORw0KGgoAAAANSUhEUgAAB4AAAANRCAYAAAACj6FfAAAgAElEQVR4nOzde3RU533v/8+MBknDeNDogpCEEAwI5EHmIhkrIJtgJNe1ocQGslwOOEl9RNvUkPrYImfld6Cn53cKqX8JclZPgJNfDmrqtvBz0oDruCZuGoExCVCFCgwWMiAQCIEuSIyEEKPLaPT7Q..."
[1552270480.893][INFO]: [ad4a625cb658d2504abc41029ac26178] COMMAND FindElement {
   "using": "id",
   "value": "basics-link"
}
[1552270480.893][INFO]: Waiting for pending navigations...
[1552270480.894][INFO]: Done waiting for pending navigations. Status: ok
[1552270480.898][INFO]: Waiting for pending navigations...
[1552270480.899][INFO]: Done waiting for pending navigations. Status: ok
[1552270480.899][INFO]: [ad4a625cb658d2504abc41029ac26178] RESPONSE FindElement {
   "ELEMENT": "0.6784198682447886-6"
}
[1552270480.900][INFO]: [ad4a625cb658d2504abc41029ac26178] COMMAND GetElementText {
   "id": "0.6784198682447886-6"
}
[1552270480.901][INFO]: Waiting for pending navigations...
[1552270480.901][INFO]: Done waiting for pending navigations. Status: ok
[1552270480.912][INFO]: Waiting for pending navigations...
[1552270480.913][INFO]: Done waiting for pending navigations. Status: ok
[1552270480.913][INFO]: [ad4a625cb658d2504abc41029ac26178] RESPONSE GetElementText "Basics of a Social Compliance System"
[1552270480.916][INFO]: [ad4a625cb658d2504abc41029ac26178] COMMAND FindElement {
   "using": "id",
   "value": "basics-link"
}
[1552270480.916][INFO]: Waiting for pending navigations...
[1552270480.917][INFO]: Done waiting for pending navigations. Status: ok
[1552270480.922][INFO]: Waiting for pending navigations...
[1552270480.923][INFO]: Done waiting for pending navigations. Status: ok
[1552270480.923][INFO]: [ad4a625cb658d2504abc41029ac26178] RESPONSE FindElement {
   "ELEMENT": "0.6784198682447886-6"
}
[1552270480.924][INFO]: [ad4a625cb658d2504abc41029ac26178] COMMAND GetElementAttribute {
   "id": "0.6784198682447886-6",
   "name": "href"
}
[1552270480.924][INFO]: Waiting for pending navigations...
[1552270480.925][INFO]: Done waiting for pending navigations. Status: ok
[1552270480.928][INFO]: Waiting for pending navigations...
[1552270480.929][INFO]: Done waiting for pending navigations. Status: ok
[1552270480.929][INFO]: [ad4a625cb658d2504abc41029ac26178] RESPONSE GetElementAttribute "http://localhost:3000/basics"
[1552270480.930][INFO]: [ad4a625cb658d2504abc41029ac26178] COMMAND Screenshot {

}
[1552270480.930][INFO]: Waiting for pending navigations...
[1552270480.931][INFO]: Done waiting for pending navigations. Status: ok
[1552270481.215][INFO]: Waiting for pending navigations...
[1552270481.216][INFO]: Done waiting for pending navigations. Status: ok
[1552270481.216][INFO]: [ad4a625cb658d2504abc41029ac26178] RESPONSE Screenshot "iVBORw0KGgoAAAANSUhEUgAAB4AAAANRCAYAAAACj6FfAAAgAElEQVR4nOzde3RU533v/8+MBknDeNDogpCEEAwI5EHmIhkrIJtgJNe1ocQGslwOOEl9RNvUkPrYImfld6Cn53cKqX8JclZPgJNfDmrqtvBz0oDruCZuGoExCVCFCgwWMiAQCIEuSIyEEKPLaPT7Q..."
[1552270481.228][INFO]: [ad4a625cb658d2504abc41029ac26178] COMMAND FindElement {
   "using": "id",
   "value": "steps-dropdown"
}
[1552270481.228][INFO]: Waiting for pending navigations...
[1552270481.229][INFO]: Done waiting for pending navigations. Status: ok
[1552270481.237][INFO]: Waiting for pending navigations...
[1552270481.238][INFO]: Done waiting for pending navigations. Status: ok
[1552270481.238][INFO]: [ad4a625cb658d2504abc41029ac26178] RESPONSE FindElement {
   "ELEMENT": "0.6784198682447886-7"
}
[1552270481.239][INFO]: [ad4a625cb658d2504abc41029ac26178] COMMAND IsElementDisplayed {
   "id": "0.6784198682447886-7"
}
[1552270481.239][INFO]: Waiting for pending navigations...
[1552270481.240][INFO]: Done waiting for pending navigations. Status: ok
[1552270481.250][INFO]: Waiting for pending navigations...
[1552270481.251][INFO]: Done waiting for pending navigations. Status: ok
[1552270481.251][INFO]: [ad4a625cb658d2504abc41029ac26178] RESPONSE IsElementDisplayed true
[1552270481.252][INFO]: [ad4a625cb658d2504abc41029ac26178] COMMAND Screenshot {

}
[1552270481.252][INFO]: Waiting for pending navigations...
[1552270481.253][INFO]: Done waiting for pending navigations. Status: ok
[1552270481.558][INFO]: Waiting for pending navigations...
[1552270481.561][INFO]: Done waiting for pending navigations. Status: ok
[1552270481.561][INFO]: [ad4a625cb658d2504abc41029ac26178] RESPONSE Screenshot "iVBORw0KGgoAAAANSUhEUgAAB4AAAANRCAYAAAACj6FfAAAgAElEQVR4nOzde3RU533v/8+MBknDeNDogpCEEAwI5EHmIhkrIJtgJNe1ocQGslwOOEl9RNvUkPrYImfld6Cn53cKqX8JclZPgJNfDmrqtvBz0oDruCZuGoExCVCFCgwWMiAQCIEuSIyEEKPLaPT7Q..."
[1552270481.575][INFO]: [ad4a625cb658d2504abc41029ac26178] COMMAND FindElement {
   "using": "id",
   "value": "steps-dropdown"
}
[1552270481.575][INFO]: Waiting for pending navigations...
[1552270481.576][INFO]: Done waiting for pending navigations. Status: ok
[1552270481.581][INFO]: Waiting for pending navigations...
[1552270481.582][INFO]: Done waiting for pending navigations. Status: ok
[1552270481.582][INFO]: [ad4a625cb658d2504abc41029ac26178] RESPONSE FindElement {
   "ELEMENT": "0.6784198682447886-7"
}
[1552270481.584][INFO]: [ad4a625cb658d2504abc41029ac26178] COMMAND GetElementText {
   "id": "0.6784198682447886-7"
}
[1552270481.584][INFO]: Waiting for pending navigations...
[1552270481.585][INFO]: Done waiting for pending navigations. Status: ok
[1552270481.596][INFO]: Waiting for pending navigations...
[1552270481.596][INFO]: Done waiting for pending navigations. Status: ok
[1552270481.596][INFO]: [ad4a625cb658d2504abc41029ac26178] RESPONSE GetElementText "Steps to a social compliance system"
[1552270481.598][INFO]: [ad4a625cb658d2504abc41029ac26178] COMMAND Screenshot {

}
[1552270481.598][INFO]: Waiting for pending navigations...
[1552270481.599][INFO]: Done waiting for pending navigations. Status: ok
[1552270481.881][INFO]: Waiting for pending navigations...
[1552270481.890][INFO]: Done waiting for pending navigations. Status: ok
[1552270481.890][INFO]: [ad4a625cb658d2504abc41029ac26178] RESPONSE Screenshot "iVBORw0KGgoAAAANSUhEUgAAB4AAAANRCAYAAAACj6FfAAAgAElEQVR4nOzde3RU533v/8+MBknDeNDogpCEEAwI5EHmIhkrIJtgJNe1ocQGslwOOEl9RNvUkPrYImfld6Cn53cKqX8JclZPgJNfDmrqtvBz0oDruCZuGoExCVCFCgwWMiAQCIEuSIyEEKPLaPT7Q..."
[1552270481.904][INFO]: [ad4a625cb658d2504abc41029ac26178] COMMAND FindElement {
   "using": "id",
   "value": "en-btn"
}
[1552270481.904][INFO]: Waiting for pending navigations...
[1552270481.906][INFO]: Done waiting for pending navigations. Status: ok
[1552270481.914][INFO]: Waiting for pending navigations...
[1552270481.916][INFO]: Done waiting for pending navigations. Status: ok
[1552270481.916][INFO]: [ad4a625cb658d2504abc41029ac26178] RESPONSE FindElement {
   "ELEMENT": "0.6784198682447886-8"
}
[1552270481.917][INFO]: [ad4a625cb658d2504abc41029ac26178] COMMAND IsElementDisplayed {
   "id": "0.6784198682447886-8"
}
[1552270481.917][INFO]: Waiting for pending navigations...
[1552270481.918][INFO]: Done waiting for pending navigations. Status: ok
[1552270481.928][INFO]: Waiting for pending navigations...
[1552270481.929][INFO]: Done waiting for pending navigations. Status: ok
[1552270481.929][INFO]: [ad4a625cb658d2504abc41029ac26178] RESPONSE IsElementDisplayed true
[1552270481.932][INFO]: [ad4a625cb658d2504abc41029ac26178] COMMAND FindElement {
   "using": "id",
   "value": "en-btn"
}
[1552270481.932][INFO]: Waiting for pending navigations...
[1552270481.933][INFO]: Done waiting for pending navigations. Status: ok
[1552270481.937][INFO]: Waiting for pending navigations...
[1552270481.938][INFO]: Done waiting for pending navigations. Status: ok
[1552270481.938][INFO]: [ad4a625cb658d2504abc41029ac26178] RESPONSE FindElement {
   "ELEMENT": "0.6784198682447886-8"
}
[1552270481.939][INFO]: [ad4a625cb658d2504abc41029ac26178] COMMAND GetElementText {
   "id": "0.6784198682447886-8"
}
[1552270481.939][INFO]: Waiting for pending navigations...
[1552270481.941][INFO]: Done waiting for pending navigations. Status: ok
[1552270481.951][INFO]: Waiting for pending navigations...
[1552270481.952][INFO]: Done waiting for pending navigations. Status: ok
[1552270481.952][INFO]: [ad4a625cb658d2504abc41029ac26178] RESPONSE GetElementText "English"
[1552270481.954][INFO]: [ad4a625cb658d2504abc41029ac26178] COMMAND Screenshot {

}
[1552270481.954][INFO]: Waiting for pending navigations...
[1552270481.955][INFO]: Done waiting for pending navigations. Status: ok
[1552270482.252][INFO]: Waiting for pending navigations...
[1552270482.254][INFO]: Done waiting for pending navigations. Status: ok
[1552270482.254][INFO]: [ad4a625cb658d2504abc41029ac26178] RESPONSE Screenshot "iVBORw0KGgoAAAANSUhEUgAAB4AAAANRCAYAAAACj6FfAAAgAElEQVR4nOzde3RU533v/8+MBknDeNDogpCEEAwI5EHmIhkrIJtgJNe1ocQGslwOOEl9RNvUkPrYImfld6Cn53cKqX8JclZPgJNfDmrqtvBz0oDruCZuGoExCVCFCgwWMiAQCIEuSIyEEKPLaPT7Q..."
[1552270482.269][INFO]: [ad4a625cb658d2504abc41029ac26178] COMMAND FindElement {
   "using": "id",
   "value": "en-btn"
}
[1552270482.269][INFO]: Waiting for pending navigations...
[1552270482.269][INFO]: Done waiting for pending navigations. Status: ok
[1552270482.274][INFO]: Waiting for pending navigations...
[1552270482.274][INFO]: Done waiting for pending navigations. Status: ok
[1552270482.274][INFO]: [ad4a625cb658d2504abc41029ac26178] RESPONSE FindElement {
   "ELEMENT": "0.6784198682447886-8"
}
[1552270482.277][INFO]: [ad4a625cb658d2504abc41029ac26178] COMMAND ClickElement {
   "id": "0.6784198682447886-8"
}
[1552270482.277][INFO]: Waiting for pending navigations...
[1552270482.278][INFO]: Done waiting for pending navigations. Status: ok
[1552270482.330][INFO]: Waiting for pending navigations...
[1552270482.331][INFO]: Done waiting for pending navigations. Status: ok
[1552270482.331][INFO]: [ad4a625cb658d2504abc41029ac26178] RESPONSE ClickElement
[1552270482.334][INFO]: [ad4a625cb658d2504abc41029ac26178] COMMAND GetUrl {

}
[1552270482.334][INFO]: Waiting for pending navigations...
[1552270482.335][INFO]: Done waiting for pending navigations. Status: ok
[1552270482.338][INFO]: Waiting for pending navigations...
[1552270482.339][INFO]: Done waiting for pending navigations. Status: ok
[1552270482.339][INFO]: [ad4a625cb658d2504abc41029ac26178] RESPONSE GetUrl "http://localhost:3000/?lang=en"
[1552270482.341][INFO]: [ad4a625cb658d2504abc41029ac26178] COMMAND Screenshot {

}
[1552270482.341][INFO]: Waiting for pending navigations...
[1552270482.342][INFO]: Done waiting for pending navigations. Status: ok
[1552270482.635][INFO]: Waiting for pending navigations...
[1552270482.636][INFO]: Done waiting for pending navigations. Status: ok
[1552270482.636][INFO]: [ad4a625cb658d2504abc41029ac26178] RESPONSE Screenshot "iVBORw0KGgoAAAANSUhEUgAAB4AAAANRCAYAAAACj6FfAAAgAElEQVR4nOzde3RU533v/8+MBknDeNDogpCEEAwIy4PMRQpRQDbBSK5rQ4kNZDkccJJ6ibapIfXPFjkrvwM9Pb9TnPo0krN6Apz8ctBx3RZ+ThpwHdfEdS0IJgGqEIHBQgYEAiHQBYmREGJ0GY1+f..."
[1552270482.649][INFO]: [ad4a625cb658d2504abc41029ac26178] COMMAND FindElement {
   "using": "id",
   "value": "es-btn"
}
[1552270482.649][INFO]: Waiting for pending navigations...
[1552270482.650][INFO]: Done waiting for pending navigations. Status: ok
[1552270482.659][INFO]: Waiting for pending navigations...
[1552270482.661][INFO]: Done waiting for pending navigations. Status: ok
[1552270482.661][INFO]: [ad4a625cb658d2504abc41029ac26178] RESPONSE FindElement {
   "ELEMENT": "0.6784198682447886-9"
}
[1552270482.662][INFO]: [ad4a625cb658d2504abc41029ac26178] COMMAND IsElementDisplayed {
   "id": "0.6784198682447886-9"
}
[1552270482.662][INFO]: Waiting for pending navigations...
[1552270482.663][INFO]: Done waiting for pending navigations. Status: ok
[1552270482.672][INFO]: Waiting for pending navigations...
[1552270482.673][INFO]: Done waiting for pending navigations. Status: ok
[1552270482.673][INFO]: [ad4a625cb658d2504abc41029ac26178] RESPONSE IsElementDisplayed true
[1552270482.675][INFO]: [ad4a625cb658d2504abc41029ac26178] COMMAND FindElement {
   "using": "id",
   "value": "es-btn"
}
[1552270482.675][INFO]: Waiting for pending navigations...
[1552270482.676][INFO]: Done waiting for pending navigations. Status: ok
[1552270482.681][INFO]: Waiting for pending navigations...
[1552270482.682][INFO]: Done waiting for pending navigations. Status: ok
[1552270482.682][INFO]: [ad4a625cb658d2504abc41029ac26178] RESPONSE FindElement {
   "ELEMENT": "0.6784198682447886-9"
}
[1552270482.684][INFO]: [ad4a625cb658d2504abc41029ac26178] COMMAND GetElementText {
   "id": "0.6784198682447886-9"
}
[1552270482.684][INFO]: Waiting for pending navigations...
[1552270482.684][INFO]: Done waiting for pending navigations. Status: ok
[1552270482.695][INFO]: Waiting for pending navigations...
[1552270482.696][INFO]: Done waiting for pending navigations. Status: ok
[1552270482.696][INFO]: [ad4a625cb658d2504abc41029ac26178] RESPONSE GetElementText "Español"
[1552270482.698][INFO]: [ad4a625cb658d2504abc41029ac26178] COMMAND Screenshot {

}
[1552270482.698][INFO]: Waiting for pending navigations...
[1552270482.698][INFO]: Done waiting for pending navigations. Status: ok
[1552270482.986][INFO]: Waiting for pending navigations...
[1552270482.987][INFO]: Done waiting for pending navigations. Status: ok
[1552270482.987][INFO]: [ad4a625cb658d2504abc41029ac26178] RESPONSE Screenshot "iVBORw0KGgoAAAANSUhEUgAAB4AAAANRCAYAAAACj6FfAAAgAElEQVR4nOzde3RU533v/8+MBknDeNDogpCEEAwIy4PMRQpRQDbBSK5rQ4kNZDkccJJ6ibapIfXPFjkrvwM9Pb9TnPo0krN6Apz8ctBx3RZ+ThpwHdfEdS0IJgGqEIHBQgYEAiHQBYmREGJ0GY1+f..."
[1552270482.999][INFO]: [ad4a625cb658d2504abc41029ac26178] COMMAND FindElement {
   "using": "id",
   "value": "es-btn"
}
[1552270482.999][INFO]: Waiting for pending navigations...
[1552270483.000][INFO]: Done waiting for pending navigations. Status: ok
[1552270483.005][INFO]: Waiting for pending navigations...
[1552270483.006][INFO]: Done waiting for pending navigations. Status: ok
[1552270483.006][INFO]: [ad4a625cb658d2504abc41029ac26178] RESPONSE FindElement {
   "ELEMENT": "0.6784198682447886-9"
}
[1552270483.009][INFO]: [ad4a625cb658d2504abc41029ac26178] COMMAND ClickElement {
   "id": "0.6784198682447886-9"
}
[1552270483.009][INFO]: Waiting for pending navigations...
[1552270483.010][INFO]: Done waiting for pending navigations. Status: ok
[1552270483.084][INFO]: Waiting for pending navigations...
[1552270483.087][INFO]: Done waiting for pending navigations. Status: ok
[1552270483.087][INFO]: [ad4a625cb658d2504abc41029ac26178] RESPONSE ClickElement
[1552270483.089][INFO]: [ad4a625cb658d2504abc41029ac26178] COMMAND GetUrl {

}
[1552270483.089][INFO]: Waiting for pending navigations...
[1552270483.089][INFO]: Done waiting for pending navigations. Status: ok
[1552270483.093][INFO]: Waiting for pending navigations...
[1552270483.094][INFO]: Done waiting for pending navigations. Status: ok
[1552270483.094][INFO]: [ad4a625cb658d2504abc41029ac26178] RESPONSE GetUrl "http://localhost:3000/?lang=es"
[1552270483.096][INFO]: [ad4a625cb658d2504abc41029ac26178] COMMAND Screenshot {

}
[1552270483.096][INFO]: Waiting for pending navigations...
[1552270483.097][INFO]: Done waiting for pending navigations. Status: ok
[1552270483.412][INFO]: Waiting for pending navigations...
[1552270483.421][INFO]: Done waiting for pending navigations. Status: ok
[1552270483.421][INFO]: [ad4a625cb658d2504abc41029ac26178] RESPONSE Screenshot "iVBORw0KGgoAAAANSUhEUgAAB4AAAANRCAYAAAACj6FfAAAgAElEQVR4nOzdf1hU9533/9cMIzBORocfIiCgKEpG4g+opUpijZDNJro2VftNs5q2m0u3243u5hu1e/Wq3vfe9672m2+ryZW76p1vV+5sdlc37VZT2411swHX2KqlFo2ETPAXCAiI6IA4Dj+G4fsHv..."
[1552270483.435][INFO]: [ad4a625cb658d2504abc41029ac26178] COMMAND FindElement {
   "using": "id",
   "value": "fr-btn"
}
[1552270483.435][INFO]: Waiting for pending navigations...
[1552270483.436][INFO]: Done waiting for pending navigations. Status: ok
[1552270483.445][INFO]: Waiting for pending navigations...
[1552270483.446][INFO]: Done waiting for pending navigations. Status: ok
[1552270483.446][INFO]: [ad4a625cb658d2504abc41029ac26178] RESPONSE FindElement {
   "ELEMENT": "0.6784198682447886-10"
}
[1552270483.447][INFO]: [ad4a625cb658d2504abc41029ac26178] COMMAND IsElementDisplayed {
   "id": "0.6784198682447886-10"
}
[1552270483.447][INFO]: Waiting for pending navigations...
[1552270483.448][INFO]: Done waiting for pending navigations. Status: ok
[1552270483.458][INFO]: Waiting for pending navigations...
[1552270483.459][INFO]: Done waiting for pending navigations. Status: ok
[1552270483.459][INFO]: [ad4a625cb658d2504abc41029ac26178] RESPONSE IsElementDisplayed true
[1552270483.463][INFO]: [ad4a625cb658d2504abc41029ac26178] COMMAND FindElement {
   "using": "id",
   "value": "fr-btn"
}
[1552270483.463][INFO]: Waiting for pending navigations...
[1552270483.464][INFO]: Done waiting for pending navigations. Status: ok
[1552270483.469][INFO]: Waiting for pending navigations...
[1552270483.471][INFO]: Done waiting for pending navigations. Status: ok
[1552270483.471][INFO]: [ad4a625cb658d2504abc41029ac26178] RESPONSE FindElement {
   "ELEMENT": "0.6784198682447886-10"
}
[1552270483.472][INFO]: [ad4a625cb658d2504abc41029ac26178] COMMAND GetElementText {
   "id": "0.6784198682447886-10"
}
[1552270483.472][INFO]: Waiting for pending navigations...
[1552270483.474][INFO]: Done waiting for pending navigations. Status: ok
[1552270483.487][INFO]: Waiting for pending navigations...
[1552270483.488][INFO]: Done waiting for pending navigations. Status: ok
[1552270483.488][INFO]: [ad4a625cb658d2504abc41029ac26178] RESPONSE GetElementText "Français"
[1552270483.489][INFO]: [ad4a625cb658d2504abc41029ac26178] COMMAND Screenshot {

}
[1552270483.489][INFO]: Waiting for pending navigations...
[1552270483.490][INFO]: Done waiting for pending navigations. Status: ok
[1552270483.822][INFO]: Waiting for pending navigations...
[1552270483.828][INFO]: Done waiting for pending navigations. Status: ok
[1552270483.828][INFO]: [ad4a625cb658d2504abc41029ac26178] RESPONSE Screenshot "iVBORw0KGgoAAAANSUhEUgAAB4AAAANRCAYAAAACj6FfAAAgAElEQVR4nOzdf1hU9533/9cMIzBORocfIiCgKEpG4g+opUpijZDNJro2VftNs5q2m0u3243u5hu1e/Wq3vfe9672m2+ryZW76p1vV+5sdlc37VZT2411swHX2KqlFo2ETPAXCAiI6IA4Dj+G4fsHv..."
[1552270483.842][INFO]: [ad4a625cb658d2504abc41029ac26178] COMMAND FindElement {
   "using": "id",
   "value": "fr-btn"
}
[1552270483.842][INFO]: Waiting for pending navigations...
[1552270483.843][INFO]: Done waiting for pending navigations. Status: ok
[1552270483.848][INFO]: Waiting for pending navigations...
[1552270483.849][INFO]: Done waiting for pending navigations. Status: ok
[1552270483.849][INFO]: [ad4a625cb658d2504abc41029ac26178] RESPONSE FindElement {
   "ELEMENT": "0.6784198682447886-10"
}
[1552270483.853][INFO]: [ad4a625cb658d2504abc41029ac26178] COMMAND ClickElement {
   "id": "0.6784198682447886-10"
}
[1552270483.853][INFO]: Waiting for pending navigations...
[1552270483.854][INFO]: Done waiting for pending navigations. Status: ok
[1552270483.922][INFO]: Waiting for pending navigations...
[1552270483.926][INFO]: Done waiting for pending navigations. Status: ok
[1552270483.926][INFO]: [ad4a625cb658d2504abc41029ac26178] RESPONSE ClickElement
[1552270483.927][INFO]: [ad4a625cb658d2504abc41029ac26178] COMMAND GetUrl {

}
[1552270483.927][INFO]: Waiting for pending navigations...
[1552270483.928][INFO]: Done waiting for pending navigations. Status: ok
[1552270483.930][INFO]: Waiting for pending navigations...
[1552270483.931][INFO]: Done waiting for pending navigations. Status: ok
[1552270483.931][INFO]: [ad4a625cb658d2504abc41029ac26178] RESPONSE GetUrl "http://localhost:3000/?lang=fr"
[1552270483.933][INFO]: [ad4a625cb658d2504abc41029ac26178] COMMAND Screenshot {

}
[1552270483.933][INFO]: Waiting for pending navigations...
[1552270483.934][INFO]: Done waiting for pending navigations. Status: ok
[1552270484.245][INFO]: Waiting for pending navigations...
[1552270484.250][INFO]: Done waiting for pending navigations. Status: ok
[1552270484.250][INFO]: [ad4a625cb658d2504abc41029ac26178] RESPONSE Screenshot "iVBORw0KGgoAAAANSUhEUgAAB4AAAANRCAYAAAACj6FfAAAgAElEQVR4nOzdf1SU9533/9cMw49xgg4/REBEEdCMRA2UWiWxVshmU11r1Z40i22zPbrdbHS3d5Tuybl1d+971+w3362a03vVu9+u3N12G79ptmptVtvNBlxiq5ZaNBqc+BMEAkjQARGHH8Nw/8GvC..."
[1552270484.264][INFO]: [ad4a625cb658d2504abc41029ac26178] COMMAND FindElement {
   "using": "id",
   "value": "menu-btn"
}
[1552270484.264][INFO]: Waiting for pending navigations...
[1552270484.265][INFO]: Done waiting for pending navigations. Status: ok
[1552270484.270][INFO]: Waiting for pending navigations...
[1552270484.271][INFO]: Done waiting for pending navigations. Status: ok
[1552270484.271][INFO]: [ad4a625cb658d2504abc41029ac26178] RESPONSE FindElement {
   "ELEMENT": "0.6784198682447886-3"
}
[1552270484.272][INFO]: [ad4a625cb658d2504abc41029ac26178] COMMAND IsElementDisplayed {
   "id": "0.6784198682447886-3"
}
[1552270484.272][INFO]: Waiting for pending navigations...
[1552270484.273][INFO]: Done waiting for pending navigations. Status: ok
[1552270484.277][INFO]: Waiting for pending navigations...
[1552270484.279][INFO]: Done waiting for pending navigations. Status: ok
[1552270484.279][INFO]: [ad4a625cb658d2504abc41029ac26178] RESPONSE IsElementDisplayed true
[1552270484.282][INFO]: [ad4a625cb658d2504abc41029ac26178] COMMAND FindElement {
   "using": "id",
   "value": "menu-btn"
}
[1552270484.282][INFO]: Waiting for pending navigations...
[1552270484.283][INFO]: Done waiting for pending navigations. Status: ok
[1552270484.289][INFO]: Waiting for pending navigations...
[1552270484.290][INFO]: Done waiting for pending navigations. Status: ok
[1552270484.290][INFO]: [ad4a625cb658d2504abc41029ac26178] RESPONSE FindElement {
   "ELEMENT": "0.6784198682447886-3"
}
[1552270484.293][INFO]: [ad4a625cb658d2504abc41029ac26178] COMMAND ClickElement {
   "id": "0.6784198682447886-3"
}
[1552270484.293][INFO]: Waiting for pending navigations...
[1552270484.294][INFO]: Done waiting for pending navigations. Status: ok
[1552270484.332][INFO]: Waiting for pending navigations...
[1552270484.333][INFO]: Done waiting for pending navigations. Status: ok
[1552270484.333][INFO]: [ad4a625cb658d2504abc41029ac26178] RESPONSE ClickElement
[1552270484.336][INFO]: [ad4a625cb658d2504abc41029ac26178] COMMAND FindElement {
   "using": "id",
   "value": "menu-btn"
}
[1552270484.336][INFO]: Waiting for pending navigations...
[1552270484.337][INFO]: Done waiting for pending navigations. Status: ok
[1552270484.342][INFO]: Waiting for pending navigations...
[1552270484.343][INFO]: Done waiting for pending navigations. Status: ok
[1552270484.343][INFO]: [ad4a625cb658d2504abc41029ac26178] RESPONSE FindElement {
   "ELEMENT": "0.6784198682447886-3"
}
[1552270484.344][INFO]: [ad4a625cb658d2504abc41029ac26178] COMMAND GetElementText {
   "id": "0.6784198682447886-3"
}
[1552270484.344][INFO]: Waiting for pending navigations...
[1552270484.346][INFO]: Done waiting for pending navigations. Status: ok
[1552270484.352][INFO]: Waiting for pending navigations...
[1552270484.354][INFO]: Done waiting for pending navigations. Status: ok
[1552270484.354][INFO]: [ad4a625cb658d2504abc41029ac26178] RESPONSE GetElementText "Menu"
[1552270484.355][INFO]: [ad4a625cb658d2504abc41029ac26178] COMMAND Screenshot {

}
[1552270484.355][INFO]: Waiting for pending navigations...
[1552270484.356][INFO]: Done waiting for pending navigations. Status: ok
[1552270484.688][INFO]: Waiting for pending navigations...
[1552270484.689][INFO]: Done waiting for pending navigations. Status: ok
[1552270484.689][INFO]: [ad4a625cb658d2504abc41029ac26178] RESPONSE Screenshot "iVBORw0KGgoAAAANSUhEUgAAB4AAAANRCAYAAAACj6FfAAAgAElEQVR4nOzdfZSW5X0v+u8zDPMiggMib0F0FKODb0DUANEYB00TrEmEJm2hSZrKzm7EnZ4EmtVdTZrTSE+PgWTtVpKeVpLuZEOSppAmqdgmEaOmQNWC0cioUQcBZUCU4XUGGGbOHwIOMKCYYYZ5/..."
[1552270484.708][INFO]: [ad4a625cb658d2504abc41029ac26178] COMMAND Quit {

}
[1552270484.764][INFO]: [ad4a625cb658d2504abc41029ac26178] RESPONSE Quit
