[1552248903.451][INFO]: Starting ChromeDriver 73.0.3683.68 (47787ec04b6e38e22703e856e101e840b65afe72)
[1552248903.451][INFO]: Please protect ports used by ChromeDriver and related test frameworks to prevent access by malicious code.
[1552248903.921][INFO]: [3fb41696f80853f38af673f907d94de7] COMMAND InitSession {
   "capabilities": {
      "firstMatch": [ {
         "browserName": "chrome",
         "goog:chromeOptions": {
            "args": [ "chrome.switches", "--disable-extensions", "chrome.switches", "test-type", "chrome.switches", "start-maximized", "chrome.switches", "no-sandbox" ],
            "extensions": [  ],
            "useAutomationExtension": false
         }
      } ]
   },
   "desiredCapabilities": {
      "browserName": "chrome",
      "goog:chromeOptions": {
         "args": [ "chrome.switches", "--disable-extensions", "chrome.switches", "test-type", "chrome.switches", "start-maximized", "chrome.switches", "no-sandbox" ],
         "extensions": [  ],
         "useAutomationExtension": false
      }
   }
}
[1552248903.926][INFO]: Populating Preferences file: {
   "alternate_error_pages": {
      "enabled": false
   },
   "autofill": {
      "enabled": false
   },
   "browser": {
      "check_default_browser": false
   },
   "distribution": {
      "import_bookmarks": false,
      "import_history": false,
      "import_search_engine": false,
      "make_chrome_default_for_user": false,
      "skip_first_run_ui": true
   },
   "dns_prefetching": {
      "enabled": false
   },
   "profile": {
      "content_settings": {
         "pattern_pairs": {
            "https://*,*": {
               "media-stream": {
                  "audio": "Default",
                  "video": "Default"
               }
            }
         }
      },
      "default_content_setting_values": {
         "geolocation": 1
      },
      "default_content_settings": {
         "geolocation": 1,
         "mouselock": 1,
         "notifications": 1,
         "popups": 1,
         "ppapi-broker": 1
      },
      "password_manager_enabled": false
   },
   "safebrowsing": {
      "enabled": false
   },
   "search": {
      "suggest_enabled": false
   },
   "translate": {
      "enabled": false
   }
}
[1552248903.928][INFO]: Populating Local State file: {
   "background_mode": {
      "enabled": false
   },
   "ssl": {
      "rev_checking": {
         "enabled": false
      }
   }
}
[1552248903.929][INFO]: Launching chrome: "C:\Program Files (x86)\Google\Chrome\Application\chrome.exe" --chrome.switches --disable-background-networking --disable-client-side-phishing-detection --disable-default-apps --disable-extensions --disable-hang-monitor --disable-popup-blocking --disable-prompt-on-repost --disable-sync --disable-web-resources --enable-automation --enable-blink-features=ShadowDOMV0 --enable-logging --force-fieldtrials=SiteIsolationExtensions/Control --ignore-certificate-errors --log-level=0 --metrics-recording-only --no-first-run --no-sandbox --password-store=basic --remote-debugging-port=0 --start-maximized --test-type --use-mock-keychain --user-data-dir="C:\Users\KAVITH~1\AppData\Local\Temp\scoped_dir24276_14073" data:,
[1552248904.465][INFO]: resolved localhost to ["::1","127.0.0.1"]
[1552248905.478][INFO]: [3fb41696f80853f38af673f907d94de7] RESPONSE InitSession {
   "acceptInsecureCerts": false,
   "acceptSslCerts": false,
   "applicationCacheEnabled": false,
   "browserConnectionEnabled": false,
   "browserName": "chrome",
   "chrome": {
      "chromedriverVersion": "73.0.3683.68 (47787ec04b6e38e22703e856e101e840b65afe72)",
      "userDataDir": "C:\\Users\\KAVITH~1\\AppData\\Local\\Temp\\scoped_dir24276_14073"
   },
   "cssSelectorsEnabled": true,
   "databaseEnabled": false,
   "goog:chromeOptions": {
      "debuggerAddress": "localhost:54432"
   },
   "handlesAlerts": true,
   "hasTouchScreen": false,
   "javascriptEnabled": true,
   "locationContextEnabled": true,
   "mobileEmulationEnabled": false,
   "nativeEvents": true,
   "networkConnectionEnabled": false,
   "pageLoadStrategy": "normal",
   "platform": "Windows NT",
   "proxy": {

   },
   "~~~": "..."
}
[1552248905.481][INFO]: [3fb41696f80853f38af673f907d94de7] COMMAND MaximizeWindow {
   "handle": "current",
   "windowHandle": "current"
}
[1552248905.481][INFO]: Waiting for pending navigations...
[1552248905.488][INFO]: Done waiting for pending navigations. Status: ok
[1552248905.489][INFO]: resolved localhost to ["::1","127.0.0.1"]
[1552248906.497][INFO]: Waiting for pending navigations...
[1552248906.498][INFO]: Done waiting for pending navigations. Status: ok
[1552248906.498][INFO]: [3fb41696f80853f38af673f907d94de7] RESPONSE MaximizeWindow {
   "height": 696,
   "width": 1296,
   "x": -8,
   "y": -8
}
[1552248906.501][INFO]: [3fb41696f80853f38af673f907d94de7] COMMAND SetTimeouts {
   "ms": 30000,
   "type": "implicit"
}
[1552248906.501][INFO]: [3fb41696f80853f38af673f907d94de7] RESPONSE SetTimeouts
[1552248906.505][INFO]: [3fb41696f80853f38af673f907d94de7] COMMAND SetTimeouts {
   "ms": 60000,
   "type": "page load"
}
[1552248906.505][INFO]: [3fb41696f80853f38af673f907d94de7] RESPONSE SetTimeouts
[1552248906.508][INFO]: [3fb41696f80853f38af673f907d94de7] COMMAND Navigate {
   "url": "http://localhost:3000/"
}
[1552248906.508][INFO]: Waiting for pending navigations...
[1552248906.509][INFO]: Done waiting for pending navigations. Status: ok
[1552248906.863][INFO]: Waiting for pending navigations...
[1552248908.159][INFO]: Done waiting for pending navigations. Status: ok
[1552248908.159][INFO]: [3fb41696f80853f38af673f907d94de7] RESPONSE Navigate
[1552248908.166][INFO]: [3fb41696f80853f38af673f907d94de7] COMMAND FindElement {
   "using": "id",
   "value": "brand-logo"
}
[1552248908.166][INFO]: Waiting for pending navigations...
[1552248908.168][INFO]: Done waiting for pending navigations. Status: ok
[1552248908.191][INFO]: Waiting for pending navigations...
[1552248908.194][INFO]: Done waiting for pending navigations. Status: ok
[1552248908.194][INFO]: [3fb41696f80853f38af673f907d94de7] RESPONSE FindElement {
   "ELEMENT": "0.4077061743762278-1"
}
[1552248908.195][INFO]: [3fb41696f80853f38af673f907d94de7] COMMAND IsElementDisplayed {
   "id": "0.4077061743762278-1"
}
[1552248908.195][INFO]: Waiting for pending navigations...
[1552248908.196][INFO]: Done waiting for pending navigations. Status: ok
[1552248908.210][INFO]: Waiting for pending navigations...
[1552248908.210][INFO]: Done waiting for pending navigations. Status: ok
[1552248908.210][INFO]: [3fb41696f80853f38af673f907d94de7] RESPONSE IsElementDisplayed true
[1552248908.212][INFO]: [3fb41696f80853f38af673f907d94de7] COMMAND Screenshot {

}
[1552248908.212][INFO]: Waiting for pending navigations...
[1552248908.212][INFO]: Done waiting for pending navigations. Status: ok
[1552248908.554][INFO]: Waiting for pending navigations...
[1552248908.555][INFO]: Done waiting for pending navigations. Status: ok
[1552248908.555][INFO]: [3fb41696f80853f38af673f907d94de7] RESPONSE Screenshot "iVBORw0KGgoAAAANSUhEUgAAB4AAAANRCAYAAAACj6FfAAAgAElEQVR4nOzde5RX9WHv/c9vBuYCjgyI3LyOlygoKhgNEE0iahqxJhGa9BSibaonreJJnxNI1mk16Xmq9Omj0KynlaSnlaYnHkjTFNIkFdumYtVUrFowoo4adVBQBuUyXGdgbs8fAgIzYMCRy/b1W..."
[1552248908.566][INFO]: [3fb41696f80853f38af673f907d94de7] COMMAND FindElement {
   "using": "id",
   "value": "brand-name"
}
[1552248908.566][INFO]: Waiting for pending navigations...
[1552248908.566][INFO]: Done waiting for pending navigations. Status: ok
[1552248908.577][INFO]: Waiting for pending navigations...
[1552248908.578][INFO]: Done waiting for pending navigations. Status: ok
[1552248908.578][INFO]: [3fb41696f80853f38af673f907d94de7] RESPONSE FindElement {
   "ELEMENT": "0.4077061743762278-2"
}
[1552248908.579][INFO]: [3fb41696f80853f38af673f907d94de7] COMMAND IsElementDisplayed {
   "id": "0.4077061743762278-2"
}
[1552248908.579][INFO]: Waiting for pending navigations...
[1552248908.580][INFO]: Done waiting for pending navigations. Status: ok
[1552248908.595][INFO]: Waiting for pending navigations...
[1552248908.597][INFO]: Done waiting for pending navigations. Status: ok
[1552248908.597][INFO]: [3fb41696f80853f38af673f907d94de7] RESPONSE IsElementDisplayed true
[1552248908.598][INFO]: [3fb41696f80853f38af673f907d94de7] COMMAND Screenshot {

}
[1552248908.598][INFO]: Waiting for pending navigations...
[1552248908.599][INFO]: Done waiting for pending navigations. Status: ok
[1552248908.937][INFO]: Waiting for pending navigations...
[1552248908.939][INFO]: Done waiting for pending navigations. Status: ok
[1552248908.939][INFO]: [3fb41696f80853f38af673f907d94de7] RESPONSE Screenshot "iVBORw0KGgoAAAANSUhEUgAAB4AAAANRCAYAAAACj6FfAAAgAElEQVR4nOzde5RX9WHv/c9vBuYCjgyI3LyOlygoKhgNEE0iahqxJhGa9BSibaonreJJnxNI1mk16Xmq9Omj0KynlaSnlaYnHkjTFNIkFdumYtVUrFowoo4adVBQBuUyXGdgbs8fAgIzYMCRy/b1W..."
[1552248908.951][INFO]: [3fb41696f80853f38af673f907d94de7] COMMAND FindElement {
   "using": "id",
   "value": "menu-btn"
}
[1552248908.951][INFO]: Waiting for pending navigations...
[1552248908.952][INFO]: Done waiting for pending navigations. Status: ok
[1552248908.964][INFO]: Waiting for pending navigations...
[1552248908.965][INFO]: Done waiting for pending navigations. Status: ok
[1552248908.965][INFO]: [3fb41696f80853f38af673f907d94de7] RESPONSE FindElement {
   "ELEMENT": "0.4077061743762278-3"
}
[1552248908.967][INFO]: [3fb41696f80853f38af673f907d94de7] COMMAND IsElementDisplayed {
   "id": "0.4077061743762278-3"
}
[1552248908.967][INFO]: Waiting for pending navigations...
[1552248908.969][INFO]: Done waiting for pending navigations. Status: ok
[1552248908.981][INFO]: Waiting for pending navigations...
[1552248908.981][INFO]: Done waiting for pending navigations. Status: ok
[1552248908.981][INFO]: [3fb41696f80853f38af673f907d94de7] RESPONSE IsElementDisplayed true
[1552248908.983][INFO]: [3fb41696f80853f38af673f907d94de7] COMMAND Screenshot {

}
[1552248908.983][INFO]: Waiting for pending navigations...
[1552248908.984][INFO]: Done waiting for pending navigations. Status: ok
[1552248909.284][INFO]: Waiting for pending navigations...
[1552248909.284][INFO]: Done waiting for pending navigations. Status: ok
[1552248909.284][INFO]: [3fb41696f80853f38af673f907d94de7] RESPONSE Screenshot "iVBORw0KGgoAAAANSUhEUgAAB4AAAANRCAYAAAACj6FfAAAgAElEQVR4nOzde5RX9WHv/c9vBuYCjgyI3LyOlygoKhgNEE0iahqxJhGa9BSibaonreJJnxNI1mk16Xmq9Omj0KynlaSnlaYnHkjTFNIkFdumYtVUrFowoo4adVBQBuUyXGdgbs8fAgIzYMCRy/b1W..."
[1552248909.300][INFO]: [3fb41696f80853f38af673f907d94de7] COMMAND FindElement {
   "using": "id",
   "value": "menu-btn"
}
[1552248909.300][INFO]: Waiting for pending navigations...
[1552248909.301][INFO]: Done waiting for pending navigations. Status: ok
[1552248909.307][INFO]: Waiting for pending navigations...
[1552248909.308][INFO]: Done waiting for pending navigations. Status: ok
[1552248909.308][INFO]: [3fb41696f80853f38af673f907d94de7] RESPONSE FindElement {
   "ELEMENT": "0.4077061743762278-3"
}
[1552248909.312][INFO]: [3fb41696f80853f38af673f907d94de7] COMMAND ClickElement {
   "id": "0.4077061743762278-3"
}
[1552248909.312][INFO]: Waiting for pending navigations...
[1552248909.313][INFO]: Done waiting for pending navigations. Status: ok
[1552248909.375][INFO]: Waiting for pending navigations...
[1552248909.378][INFO]: Done waiting for pending navigations. Status: ok
[1552248909.378][INFO]: [3fb41696f80853f38af673f907d94de7] RESPONSE ClickElement
[1552248910.380][INFO]: [3fb41696f80853f38af673f907d94de7] COMMAND FindElement {
   "using": "id",
   "value": "fr-btn"
}
[1552248910.380][INFO]: Waiting for pending navigations...
[1552248910.381][INFO]: Done waiting for pending navigations. Status: ok
[1552248910.392][INFO]: Waiting for pending navigations...
[1552248910.393][INFO]: Done waiting for pending navigations. Status: ok
[1552248910.393][INFO]: [3fb41696f80853f38af673f907d94de7] RESPONSE FindElement {
   "ELEMENT": "0.4077061743762278-4"
}
[1552248910.397][INFO]: [3fb41696f80853f38af673f907d94de7] COMMAND ClickElement {
   "id": "0.4077061743762278-4"
}
[1552248910.397][INFO]: Waiting for pending navigations...
[1552248910.398][INFO]: Done waiting for pending navigations. Status: ok
[1552248910.475][INFO]: Waiting for pending navigations...
[1552248910.481][INFO]: Done waiting for pending navigations. Status: ok
[1552248910.481][INFO]: [3fb41696f80853f38af673f907d94de7] RESPONSE ClickElement
[1552248911.484][INFO]: [3fb41696f80853f38af673f907d94de7] COMMAND FindElement {
   "using": "id",
   "value": "menu-btn"
}
[1552248911.484][INFO]: Waiting for pending navigations...
[1552248911.486][INFO]: Done waiting for pending navigations. Status: ok
[1552248911.495][INFO]: Waiting for pending navigations...
[1552248911.496][INFO]: Done waiting for pending navigations. Status: ok
[1552248911.496][INFO]: [3fb41696f80853f38af673f907d94de7] RESPONSE FindElement {
   "ELEMENT": "0.4077061743762278-3"
}
[1552248911.498][INFO]: [3fb41696f80853f38af673f907d94de7] COMMAND GetElementText {
   "id": "0.4077061743762278-3"
}
[1552248911.498][INFO]: Waiting for pending navigations...
[1552248911.499][INFO]: Done waiting for pending navigations. Status: ok
[1552248911.521][INFO]: Waiting for pending navigations...
[1552248911.522][INFO]: Done waiting for pending navigations. Status: ok
[1552248911.523][INFO]: [3fb41696f80853f38af673f907d94de7] RESPONSE GetElementText "Fermer"
[1552248911.524][INFO]: [3fb41696f80853f38af673f907d94de7] COMMAND Screenshot {

}
[1552248911.524][INFO]: Waiting for pending navigations...
[1552248911.525][INFO]: Done waiting for pending navigations. Status: ok
[1552248911.836][INFO]: Waiting for pending navigations...
[1552248911.837][INFO]: Done waiting for pending navigations. Status: ok
[1552248911.837][INFO]: [3fb41696f80853f38af673f907d94de7] RESPONSE Screenshot "iVBORw0KGgoAAAANSUhEUgAAB4AAAANRCAYAAAACj6FfAAAgAElEQVR4nOzdf1SU9533/9cMw49xgg4/REBEEdCMRA2UWiWxVshmU11r1Z40i22zPbrdbHS3d5Tuybl1d+971+w3362a03vVu9+u3N12G79ptmptVtvNBlxiq5ZaNBqc+BMEAkjQARGHH8Nw/8GvC..."
[1552248911.850][INFO]: [3fb41696f80853f38af673f907d94de7] COMMAND FindElement {
   "using": "id",
   "value": "what-are-link"
}
[1552248911.850][INFO]: Waiting for pending navigations...
[1552248911.851][INFO]: Done waiting for pending navigations. Status: ok
[1552248911.859][INFO]: Waiting for pending navigations...
[1552248911.859][INFO]: Done waiting for pending navigations. Status: ok
[1552248911.860][INFO]: [3fb41696f80853f38af673f907d94de7] RESPONSE FindElement {
   "ELEMENT": "0.4077061743762278-5"
}
[1552248911.861][INFO]: [3fb41696f80853f38af673f907d94de7] COMMAND IsElementDisplayed {
   "id": "0.4077061743762278-5"
}
[1552248911.861][INFO]: Waiting for pending navigations...
[1552248911.862][INFO]: Done waiting for pending navigations. Status: ok
[1552248911.870][INFO]: Waiting for pending navigations...
[1552248911.871][INFO]: Done waiting for pending navigations. Status: ok
[1552248911.871][INFO]: [3fb41696f80853f38af673f907d94de7] RESPONSE IsElementDisplayed true
[1552248911.872][INFO]: [3fb41696f80853f38af673f907d94de7] COMMAND Screenshot {

}
[1552248911.872][INFO]: Waiting for pending navigations...
[1552248911.873][INFO]: Done waiting for pending navigations. Status: ok
[1552248912.141][INFO]: Waiting for pending navigations...
[1552248912.142][INFO]: Done waiting for pending navigations. Status: ok
[1552248912.142][INFO]: [3fb41696f80853f38af673f907d94de7] RESPONSE Screenshot "iVBORw0KGgoAAAANSUhEUgAAB4AAAANRCAYAAAACj6FfAAAgAElEQVR4nOzdf1SU9533/9cMw49xgg4/REBEEdCMRA2UWiWxVshmU11r1Z40i22zPbrdbHS3d5Tuybl1d+971+w3362a03vVu9+u3N12G79ptmptVtvNBlxiq5ZaNBqc+BMEAkjQARGHH8Nw/8GvC..."
[1552248912.160][INFO]: [3fb41696f80853f38af673f907d94de7] COMMAND FindElement {
   "using": "id",
   "value": "what-are-link"
}
[1552248912.160][INFO]: Waiting for pending navigations...
[1552248912.161][INFO]: Done waiting for pending navigations. Status: ok
[1552248912.165][INFO]: Waiting for pending navigations...
[1552248912.166][INFO]: Done waiting for pending navigations. Status: ok
[1552248912.166][INFO]: [3fb41696f80853f38af673f907d94de7] RESPONSE FindElement {
   "ELEMENT": "0.4077061743762278-5"
}
[1552248912.167][INFO]: [3fb41696f80853f38af673f907d94de7] COMMAND GetElementText {
   "id": "0.4077061743762278-5"
}
[1552248912.167][INFO]: Waiting for pending navigations...
[1552248912.168][INFO]: Done waiting for pending navigations. Status: ok
[1552248912.178][INFO]: Waiting for pending navigations...
[1552248912.179][INFO]: Done waiting for pending navigations. Status: ok
[1552248912.179][INFO]: [3fb41696f80853f38af673f907d94de7] RESPONSE GetElementText "Qu'est-ce que le travail des enfants et le travail forcé ?"
[1552248912.181][INFO]: [3fb41696f80853f38af673f907d94de7] COMMAND FindElement {
   "using": "id",
   "value": "what-are-link"
}
[1552248912.181][INFO]: Waiting for pending navigations...
[1552248912.182][INFO]: Done waiting for pending navigations. Status: ok
[1552248912.186][INFO]: Waiting for pending navigations...
[1552248912.187][INFO]: Done waiting for pending navigations. Status: ok
[1552248912.187][INFO]: [3fb41696f80853f38af673f907d94de7] RESPONSE FindElement {
   "ELEMENT": "0.4077061743762278-5"
}
[1552248912.188][INFO]: [3fb41696f80853f38af673f907d94de7] COMMAND GetElementAttribute {
   "id": "0.4077061743762278-5",
   "name": "href"
}
[1552248912.188][INFO]: Waiting for pending navigations...
[1552248912.189][INFO]: Done waiting for pending navigations. Status: ok
[1552248912.191][INFO]: Waiting for pending navigations...
[1552248912.191][INFO]: Done waiting for pending navigations. Status: ok
[1552248912.191][INFO]: [3fb41696f80853f38af673f907d94de7] RESPONSE GetElementAttribute "http://localhost:3000/what-are"
[1552248912.192][INFO]: [3fb41696f80853f38af673f907d94de7] COMMAND Screenshot {

}
[1552248912.192][INFO]: Waiting for pending navigations...
[1552248912.193][INFO]: Done waiting for pending navigations. Status: ok
[1552248912.482][INFO]: Waiting for pending navigations...
[1552248912.483][INFO]: Done waiting for pending navigations. Status: ok
[1552248912.483][INFO]: [3fb41696f80853f38af673f907d94de7] RESPONSE Screenshot "iVBORw0KGgoAAAANSUhEUgAAB4AAAANRCAYAAAACj6FfAAAgAElEQVR4nOzdf1SU9533/9cMw49xgg4/REBEEdCMRA2UWiWxVshmU11r1Z40i22zPbrdbHS3d5Tuybl1d+971+w3362a03vVu9+u3N12G79ptmptVtvNBlxiq5ZaNBqc+BMEAkjQARGHH8Nw/8GvC..."
[1552248912.497][INFO]: [3fb41696f80853f38af673f907d94de7] COMMAND FindElement {
   "using": "id",
   "value": "why-develop-link"
}
[1552248912.497][INFO]: Waiting for pending navigations...
[1552248912.498][INFO]: Done waiting for pending navigations. Status: ok
[1552248912.511][INFO]: Waiting for pending navigations...
[1552248912.512][INFO]: Done waiting for pending navigations. Status: ok
[1552248912.512][INFO]: [3fb41696f80853f38af673f907d94de7] RESPONSE FindElement {
   "ELEMENT": "0.4077061743762278-6"
}
[1552248912.513][INFO]: [3fb41696f80853f38af673f907d94de7] COMMAND IsElementDisplayed {
   "id": "0.4077061743762278-6"
}
[1552248912.513][INFO]: Waiting for pending navigations...
[1552248912.514][INFO]: Done waiting for pending navigations. Status: ok
[1552248912.522][INFO]: Waiting for pending navigations...
[1552248912.523][INFO]: Done waiting for pending navigations. Status: ok
[1552248912.523][INFO]: [3fb41696f80853f38af673f907d94de7] RESPONSE IsElementDisplayed true
[1552248912.524][INFO]: [3fb41696f80853f38af673f907d94de7] COMMAND Screenshot {

}
[1552248912.524][INFO]: Waiting for pending navigations...
[1552248912.525][INFO]: Done waiting for pending navigations. Status: ok
[1552248912.854][INFO]: Waiting for pending navigations...
[1552248912.855][INFO]: Done waiting for pending navigations. Status: ok
[1552248912.855][INFO]: [3fb41696f80853f38af673f907d94de7] RESPONSE Screenshot "iVBORw0KGgoAAAANSUhEUgAAB4AAAANRCAYAAAACj6FfAAAgAElEQVR4nOzdf1SU9533/9cMw49xgg4/REBEEdCMRA2UWiWxVshmU11r1Z40i22zPbrdbHS3d5Tuybl1d+971+w3362a03vVu9+u3N12G79ptmptVtvNBlxiq5ZaNBqc+BMEAkjQARGHH8Nw/8GvC..."
[1552248912.868][INFO]: [3fb41696f80853f38af673f907d94de7] COMMAND FindElement {
   "using": "id",
   "value": "why-develop-link"
}
[1552248912.869][INFO]: Waiting for pending navigations...
[1552248912.870][INFO]: Done waiting for pending navigations. Status: ok
[1552248912.873][INFO]: Waiting for pending navigations...
[1552248912.874][INFO]: Done waiting for pending navigations. Status: ok
[1552248912.874][INFO]: [3fb41696f80853f38af673f907d94de7] RESPONSE FindElement {
   "ELEMENT": "0.4077061743762278-6"
}
[1552248912.876][INFO]: [3fb41696f80853f38af673f907d94de7] COMMAND GetElementText {
   "id": "0.4077061743762278-6"
}
[1552248912.876][INFO]: Waiting for pending navigations...
[1552248912.876][INFO]: Done waiting for pending navigations. Status: ok
[1552248912.887][INFO]: Waiting for pending navigations...
[1552248912.888][INFO]: Done waiting for pending navigations. Status: ok
[1552248912.888][INFO]: [3fb41696f80853f38af673f907d94de7] RESPONSE GetElementText "Pourquoi élaborer un système de conformité sociale ?"
[1552248912.891][INFO]: [3fb41696f80853f38af673f907d94de7] COMMAND FindElement {
   "using": "id",
   "value": "why-develop-link"
}
[1552248912.891][INFO]: Waiting for pending navigations...
[1552248912.892][INFO]: Done waiting for pending navigations. Status: ok
[1552248912.896][INFO]: Waiting for pending navigations...
[1552248912.897][INFO]: Done waiting for pending navigations. Status: ok
[1552248912.897][INFO]: [3fb41696f80853f38af673f907d94de7] RESPONSE FindElement {
   "ELEMENT": "0.4077061743762278-6"
}
[1552248912.898][INFO]: [3fb41696f80853f38af673f907d94de7] COMMAND GetElementAttribute {
   "id": "0.4077061743762278-6",
   "name": "href"
}
[1552248912.898][INFO]: Waiting for pending navigations...
[1552248912.901][INFO]: Done waiting for pending navigations. Status: ok
[1552248912.904][INFO]: Waiting for pending navigations...
[1552248912.905][INFO]: Done waiting for pending navigations. Status: ok
[1552248912.905][INFO]: [3fb41696f80853f38af673f907d94de7] RESPONSE GetElementAttribute "http://localhost:3000/why-develop"
[1552248912.906][INFO]: [3fb41696f80853f38af673f907d94de7] COMMAND Screenshot {

}
[1552248912.906][INFO]: Waiting for pending navigations...
[1552248912.908][INFO]: Done waiting for pending navigations. Status: ok
[1552248913.185][INFO]: Waiting for pending navigations...
[1552248913.187][INFO]: Done waiting for pending navigations. Status: ok
[1552248913.187][INFO]: [3fb41696f80853f38af673f907d94de7] RESPONSE Screenshot "iVBORw0KGgoAAAANSUhEUgAAB4AAAANRCAYAAAACj6FfAAAgAElEQVR4nOzdf1SU9533/9cMw49xgg4/REBEEdCMRA2UWiWxVshmU11r1Z40i22zPbrdbHS3d5Tuybl1d+971+w3362a03vVu9+u3N12G79ptmptVtvNBlxiq5ZaNBqc+BMEAkjQARGHH8Nw/8GvC..."
[1552248913.201][INFO]: [3fb41696f80853f38af673f907d94de7] COMMAND FindElement {
   "using": "id",
   "value": "basics-link"
}
[1552248913.201][INFO]: Waiting for pending navigations...
[1552248913.202][INFO]: Done waiting for pending navigations. Status: ok
[1552248913.210][INFO]: Waiting for pending navigations...
[1552248913.211][INFO]: Done waiting for pending navigations. Status: ok
[1552248913.211][INFO]: [3fb41696f80853f38af673f907d94de7] RESPONSE FindElement {
   "ELEMENT": "0.4077061743762278-7"
}
[1552248913.212][INFO]: [3fb41696f80853f38af673f907d94de7] COMMAND IsElementDisplayed {
   "id": "0.4077061743762278-7"
}
[1552248913.212][INFO]: Waiting for pending navigations...
[1552248913.213][INFO]: Done waiting for pending navigations. Status: ok
[1552248913.221][INFO]: Waiting for pending navigations...
[1552248913.222][INFO]: Done waiting for pending navigations. Status: ok
[1552248913.222][INFO]: [3fb41696f80853f38af673f907d94de7] RESPONSE IsElementDisplayed true
[1552248913.224][INFO]: [3fb41696f80853f38af673f907d94de7] COMMAND Screenshot {

}
[1552248913.224][INFO]: Waiting for pending navigations...
[1552248913.225][INFO]: Done waiting for pending navigations. Status: ok
[1552248913.518][INFO]: Waiting for pending navigations...
[1552248913.519][INFO]: Done waiting for pending navigations. Status: ok
[1552248913.519][INFO]: [3fb41696f80853f38af673f907d94de7] RESPONSE Screenshot "iVBORw0KGgoAAAANSUhEUgAAB4AAAANRCAYAAAACj6FfAAAgAElEQVR4nOzdf1SU9533/9cMw49xgg4/REBEEdCMRA2UWiWxVshmU11r1Z40i22zPbrdbHS3d5Tuybl1d+971+w3362a03vVu9+u3N12G79ptmptVtvNBlxiq5ZaNBqc+BMEAkjQARGHH8Nw/8GvC..."
[1552248913.537][INFO]: [3fb41696f80853f38af673f907d94de7] COMMAND FindElement {
   "using": "id",
   "value": "basics-link"
}
[1552248913.537][INFO]: Waiting for pending navigations...
[1552248913.538][INFO]: Done waiting for pending navigations. Status: ok
[1552248913.543][INFO]: Waiting for pending navigations...
[1552248913.544][INFO]: Done waiting for pending navigations. Status: ok
[1552248913.544][INFO]: [3fb41696f80853f38af673f907d94de7] RESPONSE FindElement {
   "ELEMENT": "0.4077061743762278-7"
}
[1552248913.545][INFO]: [3fb41696f80853f38af673f907d94de7] COMMAND GetElementText {
   "id": "0.4077061743762278-7"
}
[1552248913.545][INFO]: Waiting for pending navigations...
[1552248913.546][INFO]: Done waiting for pending navigations. Status: ok
[1552248913.556][INFO]: Waiting for pending navigations...
[1552248913.557][INFO]: Done waiting for pending navigations. Status: ok
[1552248913.557][INFO]: [3fb41696f80853f38af673f907d94de7] RESPONSE GetElementText "Fondements d’un système de conformité sociale"
[1552248913.559][INFO]: [3fb41696f80853f38af673f907d94de7] COMMAND FindElement {
   "using": "id",
   "value": "basics-link"
}
[1552248913.559][INFO]: Waiting for pending navigations...
[1552248913.560][INFO]: Done waiting for pending navigations. Status: ok
[1552248913.566][INFO]: Waiting for pending navigations...
[1552248913.567][INFO]: Done waiting for pending navigations. Status: ok
[1552248913.567][INFO]: [3fb41696f80853f38af673f907d94de7] RESPONSE FindElement {
   "ELEMENT": "0.4077061743762278-7"
}
[1552248913.568][INFO]: [3fb41696f80853f38af673f907d94de7] COMMAND GetElementAttribute {
   "id": "0.4077061743762278-7",
   "name": "href"
}
[1552248913.568][INFO]: Waiting for pending navigations...
[1552248913.569][INFO]: Done waiting for pending navigations. Status: ok
[1552248913.571][INFO]: Waiting for pending navigations...
[1552248913.571][INFO]: Done waiting for pending navigations. Status: ok
[1552248913.571][INFO]: [3fb41696f80853f38af673f907d94de7] RESPONSE GetElementAttribute "http://localhost:3000/basics"
[1552248913.572][INFO]: [3fb41696f80853f38af673f907d94de7] COMMAND Screenshot {

}
[1552248913.572][INFO]: Waiting for pending navigations...
[1552248913.573][INFO]: Done waiting for pending navigations. Status: ok
[1552248913.859][INFO]: Waiting for pending navigations...
[1552248913.861][INFO]: Done waiting for pending navigations. Status: ok
[1552248913.862][INFO]: [3fb41696f80853f38af673f907d94de7] RESPONSE Screenshot "iVBORw0KGgoAAAANSUhEUgAAB4AAAANRCAYAAAACj6FfAAAgAElEQVR4nOzdf1SU9533/9cMw49xgg4/REBEEdCMRA2UWiWxVshmU11r1Z40i22zPbrdbHS3d5Tuybl1d+971+w3362a03vVu9+u3N12G79ptmptVtvNBlxiq5ZaNBqc+BMEAkjQARGHH8Nw/8GvC..."
[1552248913.880][INFO]: [3fb41696f80853f38af673f907d94de7] COMMAND FindElement {
   "using": "id",
   "value": "steps-dropdown"
}
[1552248913.880][INFO]: Waiting for pending navigations...
[1552248913.882][INFO]: Done waiting for pending navigations. Status: ok
[1552248913.890][INFO]: Waiting for pending navigations...
[1552248913.891][INFO]: Done waiting for pending navigations. Status: ok
[1552248913.891][INFO]: [3fb41696f80853f38af673f907d94de7] RESPONSE FindElement {
   "ELEMENT": "0.4077061743762278-8"
}
[1552248913.892][INFO]: [3fb41696f80853f38af673f907d94de7] COMMAND IsElementDisplayed {
   "id": "0.4077061743762278-8"
}
[1552248913.892][INFO]: Waiting for pending navigations...
[1552248913.894][INFO]: Done waiting for pending navigations. Status: ok
[1552248913.902][INFO]: Waiting for pending navigations...
[1552248913.903][INFO]: Done waiting for pending navigations. Status: ok
[1552248913.903][INFO]: [3fb41696f80853f38af673f907d94de7] RESPONSE IsElementDisplayed true
[1552248913.905][INFO]: [3fb41696f80853f38af673f907d94de7] COMMAND Screenshot {

}
[1552248913.905][INFO]: Waiting for pending navigations...
[1552248913.908][INFO]: Done waiting for pending navigations. Status: ok
[1552248914.226][INFO]: Waiting for pending navigations...
[1552248914.228][INFO]: Done waiting for pending navigations. Status: ok
[1552248914.228][INFO]: [3fb41696f80853f38af673f907d94de7] RESPONSE Screenshot "iVBORw0KGgoAAAANSUhEUgAAB4AAAANRCAYAAAACj6FfAAAgAElEQVR4nOzdf1SU9533/9cMw49xgg4/REBEEdCMRA2UWiWxVshmU11r1Z40i22zPbrdbHS3d5Tuybl1d+971+w3362a03vVu9+u3N12G79ptmptVtvNBlxiq5ZaNBqc+BMEAkjQARGHH8Nw/8GvC..."
[1552248914.242][INFO]: [3fb41696f80853f38af673f907d94de7] COMMAND FindElement {
   "using": "id",
   "value": "steps-dropdown"
}
[1552248914.242][INFO]: Waiting for pending navigations...
[1552248914.244][INFO]: Done waiting for pending navigations. Status: ok
[1552248914.248][INFO]: Waiting for pending navigations...
[1552248914.249][INFO]: Done waiting for pending navigations. Status: ok
[1552248914.249][INFO]: [3fb41696f80853f38af673f907d94de7] RESPONSE FindElement {
   "ELEMENT": "0.4077061743762278-8"
}
[1552248914.251][INFO]: [3fb41696f80853f38af673f907d94de7] COMMAND GetElementText {
   "id": "0.4077061743762278-8"
}
[1552248914.251][INFO]: Waiting for pending navigations...
[1552248914.252][INFO]: Done waiting for pending navigations. Status: ok
[1552248914.263][INFO]: Waiting for pending navigations...
[1552248914.266][INFO]: Done waiting for pending navigations. Status: ok
[1552248914.266][INFO]: [3fb41696f80853f38af673f907d94de7] RESPONSE GetElementText "Étapes vers un système de conformité sociale"
[1552248914.268][INFO]: [3fb41696f80853f38af673f907d94de7] COMMAND Screenshot {

}
[1552248914.268][INFO]: Waiting for pending navigations...
[1552248914.269][INFO]: Done waiting for pending navigations. Status: ok
[1552248914.554][INFO]: Waiting for pending navigations...
[1552248914.555][INFO]: Done waiting for pending navigations. Status: ok
[1552248914.555][INFO]: [3fb41696f80853f38af673f907d94de7] RESPONSE Screenshot "iVBORw0KGgoAAAANSUhEUgAAB4AAAANRCAYAAAACj6FfAAAgAElEQVR4nOzdf1SU9533/9cMw49xgg4/REBEEdCMRA2UWiWxVshmU11r1Z40i22zPbrdbHS3d5Tuybl1d+971+w3362a03vVu9+u3N12G79ptmptVtvNBlxiq5ZaNBqc+BMEAkjQARGHH8Nw/8GvC..."
[1552248914.567][INFO]: [3fb41696f80853f38af673f907d94de7] COMMAND FindElement {
   "using": "id",
   "value": "steps-dropdown"
}
[1552248914.567][INFO]: Waiting for pending navigations...
[1552248914.568][INFO]: Done waiting for pending navigations. Status: ok
[1552248914.573][INFO]: Waiting for pending navigations...
[1552248914.574][INFO]: Done waiting for pending navigations. Status: ok
[1552248914.574][INFO]: [3fb41696f80853f38af673f907d94de7] RESPONSE FindElement {
   "ELEMENT": "0.4077061743762278-8"
}
[1552248914.575][INFO]: [3fb41696f80853f38af673f907d94de7] COMMAND IsElementDisplayed {
   "id": "0.4077061743762278-8"
}
[1552248914.575][INFO]: Waiting for pending navigations...
[1552248914.576][INFO]: Done waiting for pending navigations. Status: ok
[1552248914.581][INFO]: Waiting for pending navigations...
[1552248914.582][INFO]: Done waiting for pending navigations. Status: ok
[1552248914.582][INFO]: [3fb41696f80853f38af673f907d94de7] RESPONSE IsElementDisplayed true
[1552248914.584][INFO]: [3fb41696f80853f38af673f907d94de7] COMMAND FindElement {
   "using": "id",
   "value": "steps-dropdown"
}
[1552248914.585][INFO]: Waiting for pending navigations...
[1552248914.585][INFO]: Done waiting for pending navigations. Status: ok
[1552248914.590][INFO]: Waiting for pending navigations...
[1552248914.591][INFO]: Done waiting for pending navigations. Status: ok
[1552248914.591][INFO]: [3fb41696f80853f38af673f907d94de7] RESPONSE FindElement {
   "ELEMENT": "0.4077061743762278-8"
}
[1552248914.593][INFO]: [3fb41696f80853f38af673f907d94de7] COMMAND ClickElement {
   "id": "0.4077061743762278-8"
}
[1552248914.593][INFO]: Waiting for pending navigations...
[1552248914.594][INFO]: Done waiting for pending navigations. Status: ok
[1552248914.661][INFO]: Waiting for pending navigations...
[1552248914.667][INFO]: Done waiting for pending navigations. Status: ok
[1552248914.668][INFO]: [3fb41696f80853f38af673f907d94de7] RESPONSE ClickElement
[1552248914.669][INFO]: [3fb41696f80853f38af673f907d94de7] COMMAND Screenshot {

}
[1552248914.669][INFO]: Waiting for pending navigations...
[1552248914.670][INFO]: Done waiting for pending navigations. Status: ok
[1552248914.990][INFO]: Waiting for pending navigations...
[1552248914.992][INFO]: Done waiting for pending navigations. Status: ok
[1552248914.992][INFO]: [3fb41696f80853f38af673f907d94de7] RESPONSE Screenshot "iVBORw0KGgoAAAANSUhEUgAAB4AAAANRCAYAAAACj6FfAAAgAElEQVR4nOzdfVSU953//9cMw804QQdEBEQUAc1IvIESqyTWCtlsqmus2pNmsW22R7ebje72FzV7clb35vtds7/8tpqcflf99teVb7fdxl+arVqT1XazAZfYqqUWjQYn3oKAgIgOiDjcDMPvD+4uk..."
[1552248915.035][INFO]: [3fb41696f80853f38af673f907d94de7] COMMAND FindElement {
   "using": "id",
   "value": "step-1-link"
}
[1552248915.035][INFO]: Waiting for pending navigations...
[1552248915.036][INFO]: Done waiting for pending navigations. Status: ok
[1552248915.045][INFO]: Waiting for pending navigations...
[1552248915.046][INFO]: Done waiting for pending navigations. Status: ok
[1552248915.046][INFO]: [3fb41696f80853f38af673f907d94de7] RESPONSE FindElement {
   "ELEMENT": "0.4077061743762278-9"
}
[1552248915.047][INFO]: [3fb41696f80853f38af673f907d94de7] COMMAND IsElementDisplayed {
   "id": "0.4077061743762278-9"
}
[1552248915.047][INFO]: Waiting for pending navigations...
[1552248915.047][INFO]: Done waiting for pending navigations. Status: ok
[1552248915.057][INFO]: Waiting for pending navigations...
[1552248915.058][INFO]: Done waiting for pending navigations. Status: ok
[1552248915.058][INFO]: [3fb41696f80853f38af673f907d94de7] RESPONSE IsElementDisplayed true
[1552248915.060][INFO]: [3fb41696f80853f38af673f907d94de7] COMMAND Screenshot {

}
[1552248915.060][INFO]: Waiting for pending navigations...
[1552248915.061][INFO]: Done waiting for pending navigations. Status: ok
[1552248915.367][INFO]: Waiting for pending navigations...
[1552248915.368][INFO]: Done waiting for pending navigations. Status: ok
[1552248915.368][INFO]: [3fb41696f80853f38af673f907d94de7] RESPONSE Screenshot "iVBORw0KGgoAAAANSUhEUgAAB4AAAANRCAYAAAACj6FfAAAgAElEQVR4nOzdfVSU953//9cMw804QQdEBEQUAc1IvIESqyTWCtlsqmus2pNmsW22R7ebje72FzV7clb35vtds7/8tpqcflf99teVb7fdxl+arVqT1XazAZfYqqUWjQYn3oKAgIgOiDjcDMPvD+4uk..."
[1552248915.382][INFO]: [3fb41696f80853f38af673f907d94de7] COMMAND FindElement {
   "using": "id",
   "value": "step-1-link"
}
[1552248915.383][INFO]: Waiting for pending navigations...
[1552248915.385][INFO]: Done waiting for pending navigations. Status: ok
[1552248915.391][INFO]: Waiting for pending navigations...
[1552248915.392][INFO]: Done waiting for pending navigations. Status: ok
[1552248915.392][INFO]: [3fb41696f80853f38af673f907d94de7] RESPONSE FindElement {
   "ELEMENT": "0.4077061743762278-9"
}
[1552248915.394][INFO]: [3fb41696f80853f38af673f907d94de7] COMMAND GetElementText {
   "id": "0.4077061743762278-9"
}
[1552248915.394][INFO]: Waiting for pending navigations...
[1552248915.395][INFO]: Done waiting for pending navigations. Status: ok
[1552248915.406][INFO]: Waiting for pending navigations...
[1552248915.407][INFO]: Done waiting for pending navigations. Status: ok
[1552248915.407][INFO]: [3fb41696f80853f38af673f907d94de7] RESPONSE GetElementText "Première étape: faire participer les parties prenantes et les partenaires"
[1552248915.410][INFO]: [3fb41696f80853f38af673f907d94de7] COMMAND FindElement {
   "using": "id",
   "value": "step-1-link"
}
[1552248915.410][INFO]: Waiting for pending navigations...
[1552248915.412][INFO]: Done waiting for pending navigations. Status: ok
[1552248915.416][INFO]: Waiting for pending navigations...
[1552248915.417][INFO]: Done waiting for pending navigations. Status: ok
[1552248915.417][INFO]: [3fb41696f80853f38af673f907d94de7] RESPONSE FindElement {
   "ELEMENT": "0.4077061743762278-9"
}
[1552248915.418][INFO]: [3fb41696f80853f38af673f907d94de7] COMMAND GetElementAttribute {
   "id": "0.4077061743762278-9",
   "name": "href"
}
[1552248915.418][INFO]: Waiting for pending navigations...
[1552248915.419][INFO]: Done waiting for pending navigations. Status: ok
[1552248915.422][INFO]: Waiting for pending navigations...
[1552248915.422][INFO]: Done waiting for pending navigations. Status: ok
[1552248915.423][INFO]: [3fb41696f80853f38af673f907d94de7] RESPONSE GetElementAttribute "http://localhost:3000/steps/1"
[1552248915.424][INFO]: [3fb41696f80853f38af673f907d94de7] COMMAND Screenshot {

}
[1552248915.424][INFO]: Waiting for pending navigations...
[1552248915.425][INFO]: Done waiting for pending navigations. Status: ok
[1552248915.745][INFO]: Waiting for pending navigations...
[1552248915.746][INFO]: Done waiting for pending navigations. Status: ok
[1552248915.746][INFO]: [3fb41696f80853f38af673f907d94de7] RESPONSE Screenshot "iVBORw0KGgoAAAANSUhEUgAAB4AAAANRCAYAAAACj6FfAAAgAElEQVR4nOzdfVSU953//9cMw804QQdEBEQUAc1IvIESqyTWCtlsqmus2pNmsW22R7ebje72FzV7clb35vtds7/8tpqcflf99teVb7fdxl+arVqT1XazAZfYqqUWjQYn3oKAgIgOiDjcDMPvD+4uk..."
[1552248915.764][INFO]: [3fb41696f80853f38af673f907d94de7] COMMAND FindElement {
   "using": "id",
   "value": "step-2-link"
}
[1552248915.764][INFO]: Waiting for pending navigations...
[1552248915.765][INFO]: Done waiting for pending navigations. Status: ok
[1552248915.775][INFO]: Waiting for pending navigations...
[1552248915.776][INFO]: Done waiting for pending navigations. Status: ok
[1552248915.776][INFO]: [3fb41696f80853f38af673f907d94de7] RESPONSE FindElement {
   "ELEMENT": "0.4077061743762278-10"
}
[1552248915.778][INFO]: [3fb41696f80853f38af673f907d94de7] COMMAND IsElementDisplayed {
   "id": "0.4077061743762278-10"
}
[1552248915.778][INFO]: Waiting for pending navigations...
[1552248915.779][INFO]: Done waiting for pending navigations. Status: ok
[1552248915.788][INFO]: Waiting for pending navigations...
[1552248915.789][INFO]: Done waiting for pending navigations. Status: ok
[1552248915.789][INFO]: [3fb41696f80853f38af673f907d94de7] RESPONSE IsElementDisplayed true
[1552248915.790][INFO]: [3fb41696f80853f38af673f907d94de7] COMMAND Screenshot {

}
[1552248915.790][INFO]: Waiting for pending navigations...
[1552248915.791][INFO]: Done waiting for pending navigations. Status: ok
[1552248916.098][INFO]: Waiting for pending navigations...
[1552248916.100][INFO]: Done waiting for pending navigations. Status: ok
[1552248916.100][INFO]: [3fb41696f80853f38af673f907d94de7] RESPONSE Screenshot "iVBORw0KGgoAAAANSUhEUgAAB4AAAANRCAYAAAACj6FfAAAgAElEQVR4nOzdfVSU953//9cMw804QQdEBEQUAc1IvIESqyTWCtlsqmus2pNmsW22R7ebje72FzV7clb35vtds7/8tpqcflf99teVb7fdxl+arVqT1XazAZfYqqUWjQYn3oKAgIgOiDjcDMPvD+4uk..."
[1552248916.122][INFO]: [3fb41696f80853f38af673f907d94de7] COMMAND FindElement {
   "using": "id",
   "value": "step-2-link"
}
[1552248916.122][INFO]: Waiting for pending navigations...
[1552248916.123][INFO]: Done waiting for pending navigations. Status: ok
[1552248916.130][INFO]: Waiting for pending navigations...
[1552248916.130][INFO]: Done waiting for pending navigations. Status: ok
[1552248916.130][INFO]: [3fb41696f80853f38af673f907d94de7] RESPONSE FindElement {
   "ELEMENT": "0.4077061743762278-10"
}
[1552248916.131][INFO]: [3fb41696f80853f38af673f907d94de7] COMMAND GetElementText {
   "id": "0.4077061743762278-10"
}
[1552248916.131][INFO]: Waiting for pending navigations...
[1552248916.132][INFO]: Done waiting for pending navigations. Status: ok
[1552248916.142][INFO]: Waiting for pending navigations...
[1552248916.143][INFO]: Done waiting for pending navigations. Status: ok
[1552248916.143][INFO]: [3fb41696f80853f38af673f907d94de7] RESPONSE GetElementText "Deuxième étape: Évaluer les risques et les incidences"
[1552248916.146][INFO]: [3fb41696f80853f38af673f907d94de7] COMMAND FindElement {
   "using": "id",
   "value": "step-2-link"
}
[1552248916.146][INFO]: Waiting for pending navigations...
[1552248916.148][INFO]: Done waiting for pending navigations. Status: ok
[1552248916.152][INFO]: Waiting for pending navigations...
[1552248916.153][INFO]: Done waiting for pending navigations. Status: ok
[1552248916.153][INFO]: [3fb41696f80853f38af673f907d94de7] RESPONSE FindElement {
   "ELEMENT": "0.4077061743762278-10"
}
[1552248916.154][INFO]: [3fb41696f80853f38af673f907d94de7] COMMAND GetElementAttribute {
   "id": "0.4077061743762278-10",
   "name": "href"
}
[1552248916.154][INFO]: Waiting for pending navigations...
[1552248916.155][INFO]: Done waiting for pending navigations. Status: ok
[1552248916.158][INFO]: Waiting for pending navigations...
[1552248916.159][INFO]: Done waiting for pending navigations. Status: ok
[1552248916.159][INFO]: [3fb41696f80853f38af673f907d94de7] RESPONSE GetElementAttribute "http://localhost:3000/steps/2"
[1552248916.160][INFO]: [3fb41696f80853f38af673f907d94de7] COMMAND Screenshot {

}
[1552248916.160][INFO]: Waiting for pending navigations...
[1552248916.160][INFO]: Done waiting for pending navigations. Status: ok
[1552248916.472][INFO]: Waiting for pending navigations...
[1552248916.473][INFO]: Done waiting for pending navigations. Status: ok
[1552248916.473][INFO]: [3fb41696f80853f38af673f907d94de7] RESPONSE Screenshot "iVBORw0KGgoAAAANSUhEUgAAB4AAAANRCAYAAAACj6FfAAAgAElEQVR4nOzdfVSU953//9cMw804QQdEBEQUAc1IvIESqyTWCtlsqmus2pNmsW22R7ebje72FzV7clb35vtds7/8tpqcflf99teVb7fdxl+arVqT1XazAZfYqqUWjQYn3oKAgIgOiDjcDMPvD+4uk..."
[1552248916.487][INFO]: [3fb41696f80853f38af673f907d94de7] COMMAND FindElement {
   "using": "id",
   "value": "step-3-link"
}
[1552248916.487][INFO]: Waiting for pending navigations...
[1552248916.488][INFO]: Done waiting for pending navigations. Status: ok
[1552248916.496][INFO]: Waiting for pending navigations...
[1552248916.497][INFO]: Done waiting for pending navigations. Status: ok
[1552248916.497][INFO]: [3fb41696f80853f38af673f907d94de7] RESPONSE FindElement {
   "ELEMENT": "0.4077061743762278-11"
}
[1552248916.498][INFO]: [3fb41696f80853f38af673f907d94de7] COMMAND IsElementDisplayed {
   "id": "0.4077061743762278-11"
}
[1552248916.498][INFO]: Waiting for pending navigations...
[1552248916.499][INFO]: Done waiting for pending navigations. Status: ok
[1552248916.511][INFO]: Waiting for pending navigations...
[1552248916.512][INFO]: Done waiting for pending navigations. Status: ok
[1552248916.512][INFO]: [3fb41696f80853f38af673f907d94de7] RESPONSE IsElementDisplayed true
[1552248916.514][INFO]: [3fb41696f80853f38af673f907d94de7] COMMAND Screenshot {

}
[1552248916.514][INFO]: Waiting for pending navigations...
[1552248916.515][INFO]: Done waiting for pending navigations. Status: ok
[1552248916.824][INFO]: Waiting for pending navigations...
[1552248916.825][INFO]: Done waiting for pending navigations. Status: ok
[1552248916.825][INFO]: [3fb41696f80853f38af673f907d94de7] RESPONSE Screenshot "iVBORw0KGgoAAAANSUhEUgAAB4AAAANRCAYAAAACj6FfAAAgAElEQVR4nOzdfVSU953//9cMw804QQdEBEQUAc1IvIESqyTWCtlsqmus2pNmsW22R7ebje72FzV7clb35vtds7/8tpqcflf99teVb7fdxl+arVqT1XazAZfYqqUWjQYn3oKAgIgOiDjcDMPvD+4uk..."
[1552248916.842][INFO]: [3fb41696f80853f38af673f907d94de7] COMMAND FindElement {
   "using": "id",
   "value": "step-3-link"
}
[1552248916.842][INFO]: Waiting for pending navigations...
[1552248916.844][INFO]: Done waiting for pending navigations. Status: ok
[1552248916.848][INFO]: Waiting for pending navigations...
[1552248916.849][INFO]: Done waiting for pending navigations. Status: ok
[1552248916.849][INFO]: [3fb41696f80853f38af673f907d94de7] RESPONSE FindElement {
   "ELEMENT": "0.4077061743762278-11"
}
[1552248916.850][INFO]: [3fb41696f80853f38af673f907d94de7] COMMAND GetElementText {
   "id": "0.4077061743762278-11"
}
[1552248916.850][INFO]: Waiting for pending navigations...
[1552248916.850][INFO]: Done waiting for pending navigations. Status: ok
[1552248916.861][INFO]: Waiting for pending navigations...
[1552248916.862][INFO]: Done waiting for pending navigations. Status: ok
[1552248916.862][INFO]: [3fb41696f80853f38af673f907d94de7] RESPONSE GetElementText "Troisième étape: élaborer un code de conduite"
[1552248916.865][INFO]: [3fb41696f80853f38af673f907d94de7] COMMAND FindElement {
   "using": "id",
   "value": "step-3-link"
}
[1552248916.865][INFO]: Waiting for pending navigations...
[1552248916.866][INFO]: Done waiting for pending navigations. Status: ok
[1552248916.871][INFO]: Waiting for pending navigations...
[1552248916.871][INFO]: Done waiting for pending navigations. Status: ok
[1552248916.871][INFO]: [3fb41696f80853f38af673f907d94de7] RESPONSE FindElement {
   "ELEMENT": "0.4077061743762278-11"
}
[1552248916.872][INFO]: [3fb41696f80853f38af673f907d94de7] COMMAND GetElementAttribute {
   "id": "0.4077061743762278-11",
   "name": "href"
}
[1552248916.872][INFO]: Waiting for pending navigations...
[1552248916.873][INFO]: Done waiting for pending navigations. Status: ok
[1552248916.876][INFO]: Waiting for pending navigations...
[1552248916.877][INFO]: Done waiting for pending navigations. Status: ok
[1552248916.877][INFO]: [3fb41696f80853f38af673f907d94de7] RESPONSE GetElementAttribute "http://localhost:3000/steps/3"
[1552248916.878][INFO]: [3fb41696f80853f38af673f907d94de7] COMMAND Screenshot {

}
[1552248916.878][INFO]: Waiting for pending navigations...
[1552248916.879][INFO]: Done waiting for pending navigations. Status: ok
[1552248917.178][INFO]: Waiting for pending navigations...
[1552248917.179][INFO]: Done waiting for pending navigations. Status: ok
[1552248917.179][INFO]: [3fb41696f80853f38af673f907d94de7] RESPONSE Screenshot "iVBORw0KGgoAAAANSUhEUgAAB4AAAANRCAYAAAACj6FfAAAgAElEQVR4nOzdfVSU953//9cMw804QQdEBEQUAc1IvIESqyTWCtlsqmus2pNmsW22R7ebje72FzV7clb35vtds7/8tpqcflf99teVb7fdxl+arVqT1XazAZfYqqUWjQYn3oKAgIgOiDjcDMPvD+4uk..."
[1552248917.199][INFO]: [3fb41696f80853f38af673f907d94de7] COMMAND FindElement {
   "using": "id",
   "value": "step-4-link"
}
[1552248917.199][INFO]: Waiting for pending navigations...
[1552248917.200][INFO]: Done waiting for pending navigations. Status: ok
[1552248917.207][INFO]: Waiting for pending navigations...
[1552248917.208][INFO]: Done waiting for pending navigations. Status: ok
[1552248917.208][INFO]: [3fb41696f80853f38af673f907d94de7] RESPONSE FindElement {
   "ELEMENT": "0.4077061743762278-12"
}
[1552248917.209][INFO]: [3fb41696f80853f38af673f907d94de7] COMMAND IsElementDisplayed {
   "id": "0.4077061743762278-12"
}
[1552248917.209][INFO]: Waiting for pending navigations...
[1552248917.210][INFO]: Done waiting for pending navigations. Status: ok
[1552248917.218][INFO]: Waiting for pending navigations...
[1552248917.219][INFO]: Done waiting for pending navigations. Status: ok
[1552248917.219][INFO]: [3fb41696f80853f38af673f907d94de7] RESPONSE IsElementDisplayed true
[1552248917.220][INFO]: [3fb41696f80853f38af673f907d94de7] COMMAND Screenshot {

}
[1552248917.220][INFO]: Waiting for pending navigations...
[1552248917.221][INFO]: Done waiting for pending navigations. Status: ok
[1552248917.520][INFO]: Waiting for pending navigations...
[1552248917.521][INFO]: Done waiting for pending navigations. Status: ok
[1552248917.521][INFO]: [3fb41696f80853f38af673f907d94de7] RESPONSE Screenshot "iVBORw0KGgoAAAANSUhEUgAAB4AAAANRCAYAAAACj6FfAAAgAElEQVR4nOzdfVSU953//9cMw804QQdEBEQUAc1IvIESqyTWCtlsqmus2pNmsW22R7ebje72FzV7clb35vtds7/8tpqcflf99teVb7fdxl+arVqT1XazAZfYqqUWjQYn3oKAgIgOiDjcDMPvD+4uk..."
[1552248917.534][INFO]: [3fb41696f80853f38af673f907d94de7] COMMAND FindElement {
   "using": "id",
   "value": "step-4-link"
}
[1552248917.534][INFO]: Waiting for pending navigations...
[1552248917.534][INFO]: Done waiting for pending navigations. Status: ok
[1552248917.539][INFO]: Waiting for pending navigations...
[1552248917.540][INFO]: Done waiting for pending navigations. Status: ok
[1552248917.540][INFO]: [3fb41696f80853f38af673f907d94de7] RESPONSE FindElement {
   "ELEMENT": "0.4077061743762278-12"
}
[1552248917.541][INFO]: [3fb41696f80853f38af673f907d94de7] COMMAND GetElementText {
   "id": "0.4077061743762278-12"
}
[1552248917.541][INFO]: Waiting for pending navigations...
[1552248917.542][INFO]: Done waiting for pending navigations. Status: ok
[1552248917.551][INFO]: Waiting for pending navigations...
[1552248917.552][INFO]: Done waiting for pending navigations. Status: ok
[1552248917.552][INFO]: [3fb41696f80853f38af673f907d94de7] RESPONSE GetElementText "Quatrième étape: communiquer et former dans l'ensemble de votre chaîne d'approvisionnement"
[1552248917.554][INFO]: [3fb41696f80853f38af673f907d94de7] COMMAND FindElement {
   "using": "id",
   "value": "step-4-link"
}
[1552248917.554][INFO]: Waiting for pending navigations...
[1552248917.554][INFO]: Done waiting for pending navigations. Status: ok
[1552248917.558][INFO]: Waiting for pending navigations...
[1552248917.560][INFO]: Done waiting for pending navigations. Status: ok
[1552248917.560][INFO]: [3fb41696f80853f38af673f907d94de7] RESPONSE FindElement {
   "ELEMENT": "0.4077061743762278-12"
}
[1552248917.561][INFO]: [3fb41696f80853f38af673f907d94de7] COMMAND GetElementAttribute {
   "id": "0.4077061743762278-12",
   "name": "href"
}
[1552248917.561][INFO]: Waiting for pending navigations...
[1552248917.561][INFO]: Done waiting for pending navigations. Status: ok
[1552248917.564][INFO]: Waiting for pending navigations...
[1552248917.564][INFO]: Done waiting for pending navigations. Status: ok
[1552248917.564][INFO]: [3fb41696f80853f38af673f907d94de7] RESPONSE GetElementAttribute "http://localhost:3000/steps/4"
[1552248917.565][INFO]: [3fb41696f80853f38af673f907d94de7] COMMAND Screenshot {

}
[1552248917.565][INFO]: Waiting for pending navigations...
[1552248917.566][INFO]: Done waiting for pending navigations. Status: ok
[1552248917.867][INFO]: Waiting for pending navigations...
[1552248917.868][INFO]: Done waiting for pending navigations. Status: ok
[1552248917.868][INFO]: [3fb41696f80853f38af673f907d94de7] RESPONSE Screenshot "iVBORw0KGgoAAAANSUhEUgAAB4AAAANRCAYAAAACj6FfAAAgAElEQVR4nOzdfVSU953//9cMw804QQdEBEQUAc1IvIESqyTWCtlsqmus2pNmsW22R7ebje72FzV7clb35vtds7/8tpqcflf99teVb7fdxl+arVqT1XazAZfYqqUWjQYn3oKAgIgOiDjcDMPvD+4uk..."
[1552248917.881][INFO]: [3fb41696f80853f38af673f907d94de7] COMMAND FindElement {
   "using": "id",
   "value": "step-5-link"
}
[1552248917.881][INFO]: Waiting for pending navigations...
[1552248917.882][INFO]: Done waiting for pending navigations. Status: ok
[1552248917.889][INFO]: Waiting for pending navigations...
[1552248917.890][INFO]: Done waiting for pending navigations. Status: ok
[1552248917.890][INFO]: [3fb41696f80853f38af673f907d94de7] RESPONSE FindElement {
   "ELEMENT": "0.4077061743762278-13"
}
[1552248917.891][INFO]: [3fb41696f80853f38af673f907d94de7] COMMAND IsElementDisplayed {
   "id": "0.4077061743762278-13"
}
[1552248917.891][INFO]: Waiting for pending navigations...
[1552248917.892][INFO]: Done waiting for pending navigations. Status: ok
[1552248917.901][INFO]: Waiting for pending navigations...
[1552248917.902][INFO]: Done waiting for pending navigations. Status: ok
[1552248917.902][INFO]: [3fb41696f80853f38af673f907d94de7] RESPONSE IsElementDisplayed true
[1552248917.903][INFO]: [3fb41696f80853f38af673f907d94de7] COMMAND Screenshot {

}
[1552248917.903][INFO]: Waiting for pending navigations...
[1552248917.904][INFO]: Done waiting for pending navigations. Status: ok
[1552248918.204][INFO]: Waiting for pending navigations...
[1552248918.205][INFO]: Done waiting for pending navigations. Status: ok
[1552248918.205][INFO]: [3fb41696f80853f38af673f907d94de7] RESPONSE Screenshot "iVBORw0KGgoAAAANSUhEUgAAB4AAAANRCAYAAAACj6FfAAAgAElEQVR4nOzdfVSU953//9cMw804QQdEBEQUAc1IvIESqyTWCtlsqmus2pNmsW22R7ebje72FzV7clb35vtds7/8tpqcflf99teVb7fdxl+arVqT1XazAZfYqqUWjQYn3oKAgIgOiDjcDMPvD+4uk..."
[1552248918.224][INFO]: [3fb41696f80853f38af673f907d94de7] COMMAND FindElement {
   "using": "id",
   "value": "step-5-link"
}
[1552248918.224][INFO]: Waiting for pending navigations...
[1552248918.225][INFO]: Done waiting for pending navigations. Status: ok
[1552248918.229][INFO]: Waiting for pending navigations...
[1552248918.230][INFO]: Done waiting for pending navigations. Status: ok
[1552248918.230][INFO]: [3fb41696f80853f38af673f907d94de7] RESPONSE FindElement {
   "ELEMENT": "0.4077061743762278-13"
}
[1552248918.231][INFO]: [3fb41696f80853f38af673f907d94de7] COMMAND GetElementText {
   "id": "0.4077061743762278-13"
}
[1552248918.231][INFO]: Waiting for pending navigations...
[1552248918.232][INFO]: Done waiting for pending navigations. Status: ok
[1552248918.242][INFO]: Waiting for pending navigations...
[1552248918.243][INFO]: Done waiting for pending navigations. Status: ok
[1552248918.243][INFO]: [3fb41696f80853f38af673f907d94de7] RESPONSE GetElementText "Cinquième étape: Surveiller la conformité"
[1552248918.246][INFO]: [3fb41696f80853f38af673f907d94de7] COMMAND FindElement {
   "using": "id",
   "value": "step-5-link"
}
[1552248918.246][INFO]: Waiting for pending navigations...
[1552248918.247][INFO]: Done waiting for pending navigations. Status: ok
[1552248918.251][INFO]: Waiting for pending navigations...
[1552248918.251][INFO]: Done waiting for pending navigations. Status: ok
[1552248918.251][INFO]: [3fb41696f80853f38af673f907d94de7] RESPONSE FindElement {
   "ELEMENT": "0.4077061743762278-13"
}
[1552248918.252][INFO]: [3fb41696f80853f38af673f907d94de7] COMMAND GetElementAttribute {
   "id": "0.4077061743762278-13",
   "name": "href"
}
[1552248918.252][INFO]: Waiting for pending navigations...
[1552248918.253][INFO]: Done waiting for pending navigations. Status: ok
[1552248918.256][INFO]: Waiting for pending navigations...
[1552248918.257][INFO]: Done waiting for pending navigations. Status: ok
[1552248918.257][INFO]: [3fb41696f80853f38af673f907d94de7] RESPONSE GetElementAttribute "http://localhost:3000/steps/5"
[1552248918.258][INFO]: [3fb41696f80853f38af673f907d94de7] COMMAND Screenshot {

}
[1552248918.258][INFO]: Waiting for pending navigations...
[1552248918.259][INFO]: Done waiting for pending navigations. Status: ok
[1552248918.539][INFO]: Waiting for pending navigations...
[1552248918.540][INFO]: Done waiting for pending navigations. Status: ok
[1552248918.540][INFO]: [3fb41696f80853f38af673f907d94de7] RESPONSE Screenshot "iVBORw0KGgoAAAANSUhEUgAAB4AAAANRCAYAAAACj6FfAAAgAElEQVR4nOzdfVSU953//9cMw804QQdEBEQUAc1IvIESqyTWCtlsqmus2pNmsW22R7ebje72FzV7clb35vtds7/8tpqcflf99teVb7fdxl+arVqT1XazAZfYqqUWjQYn3oKAgIgOiDjcDMPvD+4uk..."
[1552248918.558][INFO]: [3fb41696f80853f38af673f907d94de7] COMMAND FindElement {
   "using": "id",
   "value": "step-6-link"
}
[1552248918.558][INFO]: Waiting for pending navigations...
[1552248918.559][INFO]: Done waiting for pending navigations. Status: ok
[1552248918.569][INFO]: Waiting for pending navigations...
[1552248918.570][INFO]: Done waiting for pending navigations. Status: ok
[1552248918.570][INFO]: [3fb41696f80853f38af673f907d94de7] RESPONSE FindElement {
   "ELEMENT": "0.4077061743762278-14"
}
[1552248918.571][INFO]: [3fb41696f80853f38af673f907d94de7] COMMAND IsElementDisplayed {
   "id": "0.4077061743762278-14"
}
[1552248918.571][INFO]: Waiting for pending navigations...
[1552248918.572][INFO]: Done waiting for pending navigations. Status: ok
[1552248918.582][INFO]: Waiting for pending navigations...
[1552248918.582][INFO]: Done waiting for pending navigations. Status: ok
[1552248918.583][INFO]: [3fb41696f80853f38af673f907d94de7] RESPONSE IsElementDisplayed true
[1552248918.584][INFO]: [3fb41696f80853f38af673f907d94de7] COMMAND Screenshot {

}
[1552248918.584][INFO]: Waiting for pending navigations...
[1552248918.585][INFO]: Done waiting for pending navigations. Status: ok
[1552248918.877][INFO]: Waiting for pending navigations...
[1552248918.878][INFO]: Done waiting for pending navigations. Status: ok
[1552248918.878][INFO]: [3fb41696f80853f38af673f907d94de7] RESPONSE Screenshot "iVBORw0KGgoAAAANSUhEUgAAB4AAAANRCAYAAAACj6FfAAAgAElEQVR4nOzdfVSU953//9cMw804QQdEBEQUAc1IvIESqyTWCtlsqmus2pNmsW22R7ebje72FzV7clb35vtds7/8tpqcflf99teVb7fdxl+arVqT1XazAZfYqqUWjQYn3oKAgIgOiDjcDMPvD+4uk..."
[1552248918.895][INFO]: [3fb41696f80853f38af673f907d94de7] COMMAND FindElement {
   "using": "id",
   "value": "step-6-link"
}
[1552248918.895][INFO]: Waiting for pending navigations...
[1552248918.896][INFO]: Done waiting for pending navigations. Status: ok
[1552248918.902][INFO]: Waiting for pending navigations...
[1552248918.903][INFO]: Done waiting for pending navigations. Status: ok
[1552248918.903][INFO]: [3fb41696f80853f38af673f907d94de7] RESPONSE FindElement {
   "ELEMENT": "0.4077061743762278-14"
}
[1552248918.904][INFO]: [3fb41696f80853f38af673f907d94de7] COMMAND GetElementText {
   "id": "0.4077061743762278-14"
}
[1552248918.904][INFO]: Waiting for pending navigations...
[1552248918.905][INFO]: Done waiting for pending navigations. Status: ok
[1552248918.917][INFO]: Waiting for pending navigations...
[1552248918.918][INFO]: Done waiting for pending navigations. Status: ok
[1552248918.918][INFO]: [3fb41696f80853f38af673f907d94de7] RESPONSE GetElementText "Sixième étape: Réparer les infractions"
[1552248918.921][INFO]: [3fb41696f80853f38af673f907d94de7] COMMAND FindElement {
   "using": "id",
   "value": "step-6-link"
}
[1552248918.921][INFO]: Waiting for pending navigations...
[1552248918.922][INFO]: Done waiting for pending navigations. Status: ok
[1552248918.926][INFO]: Waiting for pending navigations...
[1552248918.928][INFO]: Done waiting for pending navigations. Status: ok
[1552248918.928][INFO]: [3fb41696f80853f38af673f907d94de7] RESPONSE FindElement {
   "ELEMENT": "0.4077061743762278-14"
}
[1552248918.929][INFO]: [3fb41696f80853f38af673f907d94de7] COMMAND GetElementAttribute {
   "id": "0.4077061743762278-14",
   "name": "href"
}
[1552248918.929][INFO]: Waiting for pending navigations...
[1552248918.929][INFO]: Done waiting for pending navigations. Status: ok
[1552248918.932][INFO]: Waiting for pending navigations...
[1552248918.932][INFO]: Done waiting for pending navigations. Status: ok
[1552248918.932][INFO]: [3fb41696f80853f38af673f907d94de7] RESPONSE GetElementAttribute "http://localhost:3000/steps/6"
[1552248918.934][INFO]: [3fb41696f80853f38af673f907d94de7] COMMAND Screenshot {

}
[1552248918.934][INFO]: Waiting for pending navigations...
[1552248918.934][INFO]: Done waiting for pending navigations. Status: ok
[1552248919.231][INFO]: Waiting for pending navigations...
[1552248919.231][INFO]: Done waiting for pending navigations. Status: ok
[1552248919.232][INFO]: [3fb41696f80853f38af673f907d94de7] RESPONSE Screenshot "iVBORw0KGgoAAAANSUhEUgAAB4AAAANRCAYAAAACj6FfAAAgAElEQVR4nOzdfVSU953//9cMw804QQdEBEQUAc1IvIESqyTWCtlsqmus2pNmsW22R7ebje72FzV7clb35vtds7/8tpqcflf99teVb7fdxl+arVqT1XazAZfYqqUWjQYn3oKAgIgOiDjcDMPvD+4uk..."
[1552248919.247][INFO]: [3fb41696f80853f38af673f907d94de7] COMMAND FindElement {
   "using": "id",
   "value": "step-7-link"
}
[1552248919.247][INFO]: Waiting for pending navigations...
[1552248919.248][INFO]: Done waiting for pending navigations. Status: ok
[1552248919.256][INFO]: Waiting for pending navigations...
[1552248919.256][INFO]: Done waiting for pending navigations. Status: ok
[1552248919.256][INFO]: [3fb41696f80853f38af673f907d94de7] RESPONSE FindElement {
   "ELEMENT": "0.4077061743762278-15"
}
[1552248919.257][INFO]: [3fb41696f80853f38af673f907d94de7] COMMAND IsElementDisplayed {
   "id": "0.4077061743762278-15"
}
[1552248919.257][INFO]: Waiting for pending navigations...
[1552248919.258][INFO]: Done waiting for pending navigations. Status: ok
[1552248919.267][INFO]: Waiting for pending navigations...
[1552248919.268][INFO]: Done waiting for pending navigations. Status: ok
[1552248919.268][INFO]: [3fb41696f80853f38af673f907d94de7] RESPONSE IsElementDisplayed true
[1552248919.270][INFO]: [3fb41696f80853f38af673f907d94de7] COMMAND Screenshot {

}
[1552248919.270][INFO]: Waiting for pending navigations...
[1552248919.270][INFO]: Done waiting for pending navigations. Status: ok
[1552248919.559][INFO]: Waiting for pending navigations...
[1552248919.560][INFO]: Done waiting for pending navigations. Status: ok
[1552248919.560][INFO]: [3fb41696f80853f38af673f907d94de7] RESPONSE Screenshot "iVBORw0KGgoAAAANSUhEUgAAB4AAAANRCAYAAAACj6FfAAAgAElEQVR4nOzdfVSU953//9cMw804QQdEBEQUAc1IvIESqyTWCtlsqmus2pNmsW22R7ebje72FzV7clb35vtds7/8tpqcflf99teVb7fdxl+arVqT1XazAZfYqqUWjQYn3oKAgIgOiDjcDMPvD+4uk..."
[1552248919.577][INFO]: [3fb41696f80853f38af673f907d94de7] COMMAND FindElement {
   "using": "id",
   "value": "step-7-link"
}
[1552248919.577][INFO]: Waiting for pending navigations...
[1552248919.579][INFO]: Done waiting for pending navigations. Status: ok
[1552248919.583][INFO]: Waiting for pending navigations...
[1552248919.585][INFO]: Done waiting for pending navigations. Status: ok
[1552248919.585][INFO]: [3fb41696f80853f38af673f907d94de7] RESPONSE FindElement {
   "ELEMENT": "0.4077061743762278-15"
}
[1552248919.586][INFO]: [3fb41696f80853f38af673f907d94de7] COMMAND GetElementText {
   "id": "0.4077061743762278-15"
}
[1552248919.586][INFO]: Waiting for pending navigations...
[1552248919.587][INFO]: Done waiting for pending navigations. Status: ok
[1552248919.599][INFO]: Waiting for pending navigations...
[1552248919.600][INFO]: Done waiting for pending navigations. Status: ok
[1552248919.600][INFO]: [3fb41696f80853f38af673f907d94de7] RESPONSE GetElementText "Septième étape: Examen indépendant"
[1552248919.601][INFO]: [3fb41696f80853f38af673f907d94de7] COMMAND FindElement {
   "using": "id",
   "value": "step-7-link"
}
[1552248919.601][INFO]: Waiting for pending navigations...
[1552248919.602][INFO]: Done waiting for pending navigations. Status: ok
[1552248919.607][INFO]: Waiting for pending navigations...
[1552248919.608][INFO]: Done waiting for pending navigations. Status: ok
[1552248919.608][INFO]: [3fb41696f80853f38af673f907d94de7] RESPONSE FindElement {
   "ELEMENT": "0.4077061743762278-15"
}
[1552248919.608][INFO]: [3fb41696f80853f38af673f907d94de7] COMMAND GetElementAttribute {
   "id": "0.4077061743762278-15",
   "name": "href"
}
[1552248919.609][INFO]: Waiting for pending navigations...
[1552248919.609][INFO]: Done waiting for pending navigations. Status: ok
[1552248919.612][INFO]: Waiting for pending navigations...
[1552248919.612][INFO]: Done waiting for pending navigations. Status: ok
[1552248919.612][INFO]: [3fb41696f80853f38af673f907d94de7] RESPONSE GetElementAttribute "http://localhost:3000/steps/7"
[1552248919.613][INFO]: [3fb41696f80853f38af673f907d94de7] COMMAND Screenshot {

}
[1552248919.613][INFO]: Waiting for pending navigations...
[1552248919.614][INFO]: Done waiting for pending navigations. Status: ok
[1552248919.918][INFO]: Waiting for pending navigations...
[1552248919.919][INFO]: Done waiting for pending navigations. Status: ok
[1552248919.919][INFO]: [3fb41696f80853f38af673f907d94de7] RESPONSE Screenshot "iVBORw0KGgoAAAANSUhEUgAAB4AAAANRCAYAAAACj6FfAAAgAElEQVR4nOzdfVSU953//9cMw804QQdEBEQUAc1IvIESqyTWCtlsqmus2pNmsW22R7ebje72FzV7clb35vtds7/8tpqcflf99teVb7fdxl+arVqT1XazAZfYqqUWjQYn3oKAgIgOiDjcDMPvD+4uk..."
[1552248919.940][INFO]: [3fb41696f80853f38af673f907d94de7] COMMAND FindElement {
   "using": "id",
   "value": "step-8-link"
}
[1552248919.940][INFO]: Waiting for pending navigations...
[1552248919.941][INFO]: Done waiting for pending navigations. Status: ok
[1552248919.952][INFO]: Waiting for pending navigations...
[1552248919.954][INFO]: Done waiting for pending navigations. Status: ok
[1552248919.954][INFO]: [3fb41696f80853f38af673f907d94de7] RESPONSE FindElement {
   "ELEMENT": "0.4077061743762278-16"
}
[1552248919.955][INFO]: [3fb41696f80853f38af673f907d94de7] COMMAND IsElementDisplayed {
   "id": "0.4077061743762278-16"
}
[1552248919.955][INFO]: Waiting for pending navigations...
[1552248919.956][INFO]: Done waiting for pending navigations. Status: ok
[1552248919.965][INFO]: Waiting for pending navigations...
[1552248919.966][INFO]: Done waiting for pending navigations. Status: ok
[1552248919.966][INFO]: [3fb41696f80853f38af673f907d94de7] RESPONSE IsElementDisplayed true
[1552248919.967][INFO]: [3fb41696f80853f38af673f907d94de7] COMMAND Screenshot {

}
[1552248919.967][INFO]: Waiting for pending navigations...
[1552248919.968][INFO]: Done waiting for pending navigations. Status: ok
[1552248920.268][INFO]: Waiting for pending navigations...
[1552248920.269][INFO]: Done waiting for pending navigations. Status: ok
[1552248920.269][INFO]: [3fb41696f80853f38af673f907d94de7] RESPONSE Screenshot "iVBORw0KGgoAAAANSUhEUgAAB4AAAANRCAYAAAACj6FfAAAgAElEQVR4nOzdfVSU953//9cMw804QQdEBEQUAc1IvIESqyTWCtlsqmus2pNmsW22R7ebje72FzV7clb35vtds7/8tpqcflf99teVb7fdxl+arVqT1XazAZfYqqUWjQYn3oKAgIgOiDjcDMPvD+4uk..."
[1552248920.289][INFO]: [3fb41696f80853f38af673f907d94de7] COMMAND FindElement {
   "using": "id",
   "value": "step-8-link"
}
[1552248920.289][INFO]: Waiting for pending navigations...
[1552248920.290][INFO]: Done waiting for pending navigations. Status: ok
[1552248920.296][INFO]: Waiting for pending navigations...
[1552248920.297][INFO]: Done waiting for pending navigations. Status: ok
[1552248920.297][INFO]: [3fb41696f80853f38af673f907d94de7] RESPONSE FindElement {
   "ELEMENT": "0.4077061743762278-16"
}
[1552248920.298][INFO]: [3fb41696f80853f38af673f907d94de7] COMMAND GetElementText {
   "id": "0.4077061743762278-16"
}
[1552248920.299][INFO]: Waiting for pending navigations...
[1552248920.300][INFO]: Done waiting for pending navigations. Status: ok
[1552248920.310][INFO]: Waiting for pending navigations...
[1552248920.311][INFO]: Done waiting for pending navigations. Status: ok
[1552248920.311][INFO]: [3fb41696f80853f38af673f907d94de7] RESPONSE GetElementText "Huitième étape: Rendre compte des résultats"
[1552248920.313][INFO]: [3fb41696f80853f38af673f907d94de7] COMMAND FindElement {
   "using": "id",
   "value": "step-8-link"
}
[1552248920.313][INFO]: Waiting for pending navigations...
[1552248920.314][INFO]: Done waiting for pending navigations. Status: ok
[1552248920.319][INFO]: Waiting for pending navigations...
[1552248920.320][INFO]: Done waiting for pending navigations. Status: ok
[1552248920.320][INFO]: [3fb41696f80853f38af673f907d94de7] RESPONSE FindElement {
   "ELEMENT": "0.4077061743762278-16"
}
[1552248920.321][INFO]: [3fb41696f80853f38af673f907d94de7] COMMAND GetElementAttribute {
   "id": "0.4077061743762278-16",
   "name": "href"
}
[1552248920.321][INFO]: Waiting for pending navigations...
[1552248920.322][INFO]: Done waiting for pending navigations. Status: ok
[1552248920.324][INFO]: Waiting for pending navigations...
[1552248920.325][INFO]: Done waiting for pending navigations. Status: ok
[1552248920.325][INFO]: [3fb41696f80853f38af673f907d94de7] RESPONSE GetElementAttribute "http://localhost:3000/steps/8"
[1552248920.326][INFO]: [3fb41696f80853f38af673f907d94de7] COMMAND Screenshot {

}
[1552248920.326][INFO]: Waiting for pending navigations...
[1552248920.327][INFO]: Done waiting for pending navigations. Status: ok
[1552248920.606][INFO]: Waiting for pending navigations...
[1552248920.608][INFO]: Done waiting for pending navigations. Status: ok
[1552248920.608][INFO]: [3fb41696f80853f38af673f907d94de7] RESPONSE Screenshot "iVBORw0KGgoAAAANSUhEUgAAB4AAAANRCAYAAAACj6FfAAAgAElEQVR4nOzdfVSU953//9cMw804QQdEBEQUAc1IvIESqyTWCtlsqmus2pNmsW22R7ebje72FzV7clb35vtds7/8tpqcflf99teVb7fdxl+arVqT1XazAZfYqqUWjQYn3oKAgIgOiDjcDMPvD+4uk..."
[1552248920.627][INFO]: [3fb41696f80853f38af673f907d94de7] COMMAND FindElement {
   "using": "id",
   "value": "steps-dropdown"
}
[1552248920.627][INFO]: Waiting for pending navigations...
[1552248920.628][INFO]: Done waiting for pending navigations. Status: ok
[1552248920.632][INFO]: Waiting for pending navigations...
[1552248920.633][INFO]: Done waiting for pending navigations. Status: ok
[1552248920.633][INFO]: [3fb41696f80853f38af673f907d94de7] RESPONSE FindElement {
   "ELEMENT": "0.4077061743762278-8"
}
[1552248920.634][INFO]: [3fb41696f80853f38af673f907d94de7] COMMAND IsElementDisplayed {
   "id": "0.4077061743762278-8"
}
[1552248920.634][INFO]: Waiting for pending navigations...
[1552248920.635][INFO]: Done waiting for pending navigations. Status: ok
[1552248920.639][INFO]: Waiting for pending navigations...
[1552248920.640][INFO]: Done waiting for pending navigations. Status: ok
[1552248920.640][INFO]: [3fb41696f80853f38af673f907d94de7] RESPONSE IsElementDisplayed true
[1552248920.641][INFO]: [3fb41696f80853f38af673f907d94de7] COMMAND FindElement {
   "using": "id",
   "value": "steps-dropdown"
}
[1552248920.641][INFO]: Waiting for pending navigations...
[1552248920.643][INFO]: Done waiting for pending navigations. Status: ok
[1552248920.647][INFO]: Waiting for pending navigations...
[1552248920.649][INFO]: Done waiting for pending navigations. Status: ok
[1552248920.649][INFO]: [3fb41696f80853f38af673f907d94de7] RESPONSE FindElement {
   "ELEMENT": "0.4077061743762278-8"
}
[1552248920.651][INFO]: [3fb41696f80853f38af673f907d94de7] COMMAND ClickElement {
   "id": "0.4077061743762278-8"
}
[1552248920.651][INFO]: Waiting for pending navigations...
[1552248920.652][INFO]: Done waiting for pending navigations. Status: ok
[1552248920.686][INFO]: Waiting for pending navigations...
[1552248920.687][INFO]: Done waiting for pending navigations. Status: ok
[1552248920.687][INFO]: [3fb41696f80853f38af673f907d94de7] RESPONSE ClickElement
[1552248920.688][INFO]: [3fb41696f80853f38af673f907d94de7] COMMAND Screenshot {

}
[1552248920.688][INFO]: Waiting for pending navigations...
[1552248920.691][INFO]: Done waiting for pending navigations. Status: ok
[1552248921.020][INFO]: Waiting for pending navigations...
[1552248921.021][INFO]: Done waiting for pending navigations. Status: ok
[1552248921.021][INFO]: [3fb41696f80853f38af673f907d94de7] RESPONSE Screenshot "iVBORw0KGgoAAAANSUhEUgAAB4AAAANRCAYAAAACj6FfAAAgAElEQVR4nOzdf1SU9533/9cMw49xgg4/REBEEdCMRA2UWiWxVshmU11r1Z40i22zPbrdbHS3d5Tuybl1d+971+w3362a03vVu9+u3N12G79ptmptVtvNBlxiq5ZaNBqc+BMEAkjQARGHH8Nw/8GvC..."
[1552248921.038][INFO]: [3fb41696f80853f38af673f907d94de7] COMMAND FindElement {
   "using": "id",
   "value": "menu-btn"
}
[1552248921.038][INFO]: Waiting for pending navigations...
[1552248921.039][INFO]: Done waiting for pending navigations. Status: ok
[1552248921.043][INFO]: Waiting for pending navigations...
[1552248921.044][INFO]: Done waiting for pending navigations. Status: ok
[1552248921.044][INFO]: [3fb41696f80853f38af673f907d94de7] RESPONSE FindElement {
   "ELEMENT": "0.4077061743762278-3"
}
[1552248921.045][INFO]: [3fb41696f80853f38af673f907d94de7] COMMAND IsElementDisplayed {
   "id": "0.4077061743762278-3"
}
[1552248921.045][INFO]: Waiting for pending navigations...
[1552248921.046][INFO]: Done waiting for pending navigations. Status: ok
[1552248921.050][INFO]: Waiting for pending navigations...
[1552248921.051][INFO]: Done waiting for pending navigations. Status: ok
[1552248921.051][INFO]: [3fb41696f80853f38af673f907d94de7] RESPONSE IsElementDisplayed true
[1552248921.053][INFO]: [3fb41696f80853f38af673f907d94de7] COMMAND FindElement {
   "using": "id",
   "value": "menu-btn"
}
[1552248921.053][INFO]: Waiting for pending navigations...
[1552248921.054][INFO]: Done waiting for pending navigations. Status: ok
[1552248921.059][INFO]: Waiting for pending navigations...
[1552248921.060][INFO]: Done waiting for pending navigations. Status: ok
[1552248921.060][INFO]: [3fb41696f80853f38af673f907d94de7] RESPONSE FindElement {
   "ELEMENT": "0.4077061743762278-3"
}
[1552248921.063][INFO]: [3fb41696f80853f38af673f907d94de7] COMMAND ClickElement {
   "id": "0.4077061743762278-3"
}
[1552248921.063][INFO]: Waiting for pending navigations...
[1552248921.064][INFO]: Done waiting for pending navigations. Status: ok
[1552248921.109][INFO]: Waiting for pending navigations...
[1552248921.110][INFO]: Done waiting for pending navigations. Status: ok
[1552248921.110][INFO]: [3fb41696f80853f38af673f907d94de7] RESPONSE ClickElement
[1552248921.113][INFO]: [3fb41696f80853f38af673f907d94de7] COMMAND FindElement {
   "using": "id",
   "value": "menu-btn"
}
[1552248921.113][INFO]: Waiting for pending navigations...
[1552248921.114][INFO]: Done waiting for pending navigations. Status: ok
[1552248921.119][INFO]: Waiting for pending navigations...
[1552248921.120][INFO]: Done waiting for pending navigations. Status: ok
[1552248921.120][INFO]: [3fb41696f80853f38af673f907d94de7] RESPONSE FindElement {
   "ELEMENT": "0.4077061743762278-3"
}
[1552248921.121][INFO]: [3fb41696f80853f38af673f907d94de7] COMMAND GetElementText {
   "id": "0.4077061743762278-3"
}
[1552248921.121][INFO]: Waiting for pending navigations...
[1552248921.122][INFO]: Done waiting for pending navigations. Status: ok
[1552248921.128][INFO]: Waiting for pending navigations...
[1552248921.128][INFO]: Done waiting for pending navigations. Status: ok
[1552248921.128][INFO]: [3fb41696f80853f38af673f907d94de7] RESPONSE GetElementText "Menu"
[1552248921.129][INFO]: [3fb41696f80853f38af673f907d94de7] COMMAND Screenshot {

}
[1552248921.129][INFO]: Waiting for pending navigations...
[1552248921.130][INFO]: Done waiting for pending navigations. Status: ok
[1552248921.452][INFO]: Waiting for pending navigations...
[1552248921.454][INFO]: Done waiting for pending navigations. Status: ok
[1552248921.454][INFO]: [3fb41696f80853f38af673f907d94de7] RESPONSE Screenshot "iVBORw0KGgoAAAANSUhEUgAAB4AAAANRCAYAAAACj6FfAAAgAElEQVR4nOzde5SW5X03+u8zDHMQgQGRUxAdxeiAByBqgGoSMaYJ1iRCk7aQQ1N500Z8051As/pWk2Y32t1tIFlvK0l3K0nfpJCkKaRJKrZNwKgpULRgPI3nQUAZEGQQhxlgmNl/CDjAgEGHGefh8..."
[1552248921.466][INFO]: [3fb41696f80853f38af673f907d94de7] COMMAND Quit {

}
[1552248921.522][INFO]: [3fb41696f80853f38af673f907d94de7] RESPONSE Quit
