[1552248888.220][INFO]: Starting ChromeDriver 73.0.3683.68 (47787ec04b6e38e22703e856e101e840b65afe72)
[1552248888.220][INFO]: Please protect ports used by ChromeDriver and related test frameworks to prevent access by malicious code.
[1552248888.706][INFO]: [b7fcdcfb2abafe336797844ac8c7fa6c] COMMAND InitSession {
   "capabilities": {
      "firstMatch": [ {
         "browserName": "chrome",
         "goog:chromeOptions": {
            "args": [ "chrome.switches", "--disable-extensions", "chrome.switches", "test-type", "chrome.switches", "start-maximized", "chrome.switches", "no-sandbox" ],
            "extensions": [  ],
            "useAutomationExtension": false
         }
      } ]
   },
   "desiredCapabilities": {
      "browserName": "chrome",
      "goog:chromeOptions": {
         "args": [ "chrome.switches", "--disable-extensions", "chrome.switches", "test-type", "chrome.switches", "start-maximized", "chrome.switches", "no-sandbox" ],
         "extensions": [  ],
         "useAutomationExtension": false
      }
   }
}
[1552248888.712][INFO]: Populating Preferences file: {
   "alternate_error_pages": {
      "enabled": false
   },
   "autofill": {
      "enabled": false
   },
   "browser": {
      "check_default_browser": false
   },
   "distribution": {
      "import_bookmarks": false,
      "import_history": false,
      "import_search_engine": false,
      "make_chrome_default_for_user": false,
      "skip_first_run_ui": true
   },
   "dns_prefetching": {
      "enabled": false
   },
   "profile": {
      "content_settings": {
         "pattern_pairs": {
            "https://*,*": {
               "media-stream": {
                  "audio": "Default",
                  "video": "Default"
               }
            }
         }
      },
      "default_content_setting_values": {
         "geolocation": 1
      },
      "default_content_settings": {
         "geolocation": 1,
         "mouselock": 1,
         "notifications": 1,
         "popups": 1,
         "ppapi-broker": 1
      },
      "password_manager_enabled": false
   },
   "safebrowsing": {
      "enabled": false
   },
   "search": {
      "suggest_enabled": false
   },
   "translate": {
      "enabled": false
   }
}
[1552248888.713][INFO]: Populating Local State file: {
   "background_mode": {
      "enabled": false
   },
   "ssl": {
      "rev_checking": {
         "enabled": false
      }
   }
}
[1552248888.715][INFO]: Launching chrome: "C:\Program Files (x86)\Google\Chrome\Application\chrome.exe" --chrome.switches --disable-background-networking --disable-client-side-phishing-detection --disable-default-apps --disable-extensions --disable-hang-monitor --disable-popup-blocking --disable-prompt-on-repost --disable-sync --disable-web-resources --enable-automation --enable-blink-features=ShadowDOMV0 --enable-logging --force-fieldtrials=SiteIsolationExtensions/Control --ignore-certificate-errors --log-level=0 --metrics-recording-only --no-first-run --no-sandbox --password-store=basic --remote-debugging-port=0 --start-maximized --test-type --use-mock-keychain --user-data-dir="C:\Users\KAVITH~1\AppData\Local\Temp\scoped_dir35340_14660" data:,
[1552248889.251][INFO]: resolved localhost to ["::1","127.0.0.1"]
[1552248890.267][INFO]: [b7fcdcfb2abafe336797844ac8c7fa6c] RESPONSE InitSession {
   "acceptInsecureCerts": false,
   "acceptSslCerts": false,
   "applicationCacheEnabled": false,
   "browserConnectionEnabled": false,
   "browserName": "chrome",
   "chrome": {
      "chromedriverVersion": "73.0.3683.68 (47787ec04b6e38e22703e856e101e840b65afe72)",
      "userDataDir": "C:\\Users\\KAVITH~1\\AppData\\Local\\Temp\\scoped_dir35340_14660"
   },
   "cssSelectorsEnabled": true,
   "databaseEnabled": false,
   "goog:chromeOptions": {
      "debuggerAddress": "localhost:54391"
   },
   "handlesAlerts": true,
   "hasTouchScreen": false,
   "javascriptEnabled": true,
   "locationContextEnabled": true,
   "mobileEmulationEnabled": false,
   "nativeEvents": true,
   "networkConnectionEnabled": false,
   "pageLoadStrategy": "normal",
   "platform": "Windows NT",
   "proxy": {

   },
   "~~~": "..."
}
[1552248890.271][INFO]: [b7fcdcfb2abafe336797844ac8c7fa6c] COMMAND MaximizeWindow {
   "handle": "current",
   "windowHandle": "current"
}
[1552248890.271][INFO]: Waiting for pending navigations...
[1552248890.278][INFO]: Done waiting for pending navigations. Status: ok
[1552248890.279][INFO]: resolved localhost to ["::1","127.0.0.1"]
[1552248891.287][INFO]: Waiting for pending navigations...
[1552248891.288][INFO]: Done waiting for pending navigations. Status: ok
[1552248891.288][INFO]: [b7fcdcfb2abafe336797844ac8c7fa6c] RESPONSE MaximizeWindow {
   "height": 696,
   "width": 1296,
   "x": -8,
   "y": -8
}
[1552248891.293][INFO]: [b7fcdcfb2abafe336797844ac8c7fa6c] COMMAND SetTimeouts {
   "ms": 30000,
   "type": "implicit"
}
[1552248891.293][INFO]: [b7fcdcfb2abafe336797844ac8c7fa6c] RESPONSE SetTimeouts
[1552248891.298][INFO]: [b7fcdcfb2abafe336797844ac8c7fa6c] COMMAND SetTimeouts {
   "ms": 60000,
   "type": "page load"
}
[1552248891.299][INFO]: [b7fcdcfb2abafe336797844ac8c7fa6c] RESPONSE SetTimeouts
[1552248891.303][INFO]: [b7fcdcfb2abafe336797844ac8c7fa6c] COMMAND Navigate {
   "url": "http://localhost:3000/"
}
[1552248891.303][INFO]: Waiting for pending navigations...
[1552248891.304][INFO]: Done waiting for pending navigations. Status: ok
[1552248891.665][INFO]: Waiting for pending navigations...
[1552248892.640][INFO]: Done waiting for pending navigations. Status: ok
[1552248892.640][INFO]: [b7fcdcfb2abafe336797844ac8c7fa6c] RESPONSE Navigate
[1552248892.647][INFO]: [b7fcdcfb2abafe336797844ac8c7fa6c] COMMAND FindElement {
   "using": "id",
   "value": "brand-logo"
}
[1552248892.647][INFO]: Waiting for pending navigations...
[1552248892.652][INFO]: Done waiting for pending navigations. Status: ok
[1552248892.666][INFO]: Waiting for pending navigations...
[1552248892.671][INFO]: Done waiting for pending navigations. Status: ok
[1552248892.671][INFO]: [b7fcdcfb2abafe336797844ac8c7fa6c] RESPONSE FindElement {
   "ELEMENT": "0.7613820962494049-1"
}
[1552248892.673][INFO]: [b7fcdcfb2abafe336797844ac8c7fa6c] COMMAND IsElementDisplayed {
   "id": "0.7613820962494049-1"
}
[1552248892.673][INFO]: Waiting for pending navigations...
[1552248892.674][INFO]: Done waiting for pending navigations. Status: ok
[1552248892.682][INFO]: Waiting for pending navigations...
[1552248892.684][INFO]: Done waiting for pending navigations. Status: ok
[1552248892.684][INFO]: [b7fcdcfb2abafe336797844ac8c7fa6c] RESPONSE IsElementDisplayed true
[1552248892.687][INFO]: [b7fcdcfb2abafe336797844ac8c7fa6c] COMMAND Screenshot {

}
[1552248892.687][INFO]: Waiting for pending navigations...
[1552248892.689][INFO]: Done waiting for pending navigations. Status: ok
[1552248893.009][INFO]: Waiting for pending navigations...
[1552248893.010][INFO]: Done waiting for pending navigations. Status: ok
[1552248893.010][INFO]: [b7fcdcfb2abafe336797844ac8c7fa6c] RESPONSE Screenshot "iVBORw0KGgoAAAANSUhEUgAAB4AAAANRCAYAAAACj6FfAAAgAElEQVR4nOzde5RX9WHv/c9vBuYCjgyI3LyOlygoKhgNEE0iahqxJhGa9BSibaonreJJnxNI1mk16Xmq9Omj0KynlaSnlaYnHkjTFNIkFdumYtVUrFowoo4adVBQBuUyXGdgbs8fAgIzYMCRy/b1W..."
[1552248893.024][INFO]: [b7fcdcfb2abafe336797844ac8c7fa6c] COMMAND FindElement {
   "using": "id",
   "value": "brand-name"
}
[1552248893.024][INFO]: Waiting for pending navigations...
[1552248893.025][INFO]: Done waiting for pending navigations. Status: ok
[1552248893.033][INFO]: Waiting for pending navigations...
[1552248893.034][INFO]: Done waiting for pending navigations. Status: ok
[1552248893.034][INFO]: [b7fcdcfb2abafe336797844ac8c7fa6c] RESPONSE FindElement {
   "ELEMENT": "0.7613820962494049-2"
}
[1552248893.036][INFO]: [b7fcdcfb2abafe336797844ac8c7fa6c] COMMAND IsElementDisplayed {
   "id": "0.7613820962494049-2"
}
[1552248893.036][INFO]: Waiting for pending navigations...
[1552248893.037][INFO]: Done waiting for pending navigations. Status: ok
[1552248893.049][INFO]: Waiting for pending navigations...
[1552248893.050][INFO]: Done waiting for pending navigations. Status: ok
[1552248893.050][INFO]: [b7fcdcfb2abafe336797844ac8c7fa6c] RESPONSE IsElementDisplayed true
[1552248893.051][INFO]: [b7fcdcfb2abafe336797844ac8c7fa6c] COMMAND Screenshot {

}
[1552248893.051][INFO]: Waiting for pending navigations...
[1552248893.053][INFO]: Done waiting for pending navigations. Status: ok
[1552248893.325][INFO]: Waiting for pending navigations...
[1552248893.327][INFO]: Done waiting for pending navigations. Status: ok
[1552248893.327][INFO]: [b7fcdcfb2abafe336797844ac8c7fa6c] RESPONSE Screenshot "iVBORw0KGgoAAAANSUhEUgAAB4AAAANRCAYAAAACj6FfAAAgAElEQVR4nOzde5RX9WHv/c9vBuYCjgyI3LyOlygoKhgNEE0iahqxJhGa9BSibaonreJJnxNI1mk16Xmq9Omj0KynlaSnlaYnHkjTFNIkFdumYtVUrFowoo4adVBQBuUyXGdgbs8fAgIzYMCRy/b1W..."
[1552248893.336][INFO]: [b7fcdcfb2abafe336797844ac8c7fa6c] COMMAND FindElement {
   "using": "id",
   "value": "menu-btn"
}
[1552248893.336][INFO]: Waiting for pending navigations...
[1552248893.337][INFO]: Done waiting for pending navigations. Status: ok
[1552248893.348][INFO]: Waiting for pending navigations...
[1552248893.350][INFO]: Done waiting for pending navigations. Status: ok
[1552248893.350][INFO]: [b7fcdcfb2abafe336797844ac8c7fa6c] RESPONSE FindElement {
   "ELEMENT": "0.7613820962494049-3"
}
[1552248893.352][INFO]: [b7fcdcfb2abafe336797844ac8c7fa6c] COMMAND IsElementDisplayed {
   "id": "0.7613820962494049-3"
}
[1552248893.352][INFO]: Waiting for pending navigations...
[1552248893.352][INFO]: Done waiting for pending navigations. Status: ok
[1552248893.360][INFO]: Waiting for pending navigations...
[1552248893.361][INFO]: Done waiting for pending navigations. Status: ok
[1552248893.361][INFO]: [b7fcdcfb2abafe336797844ac8c7fa6c] RESPONSE IsElementDisplayed true
[1552248893.362][INFO]: [b7fcdcfb2abafe336797844ac8c7fa6c] COMMAND Screenshot {

}
[1552248893.362][INFO]: Waiting for pending navigations...
[1552248893.363][INFO]: Done waiting for pending navigations. Status: ok
[1552248893.678][INFO]: Waiting for pending navigations...
[1552248893.679][INFO]: Done waiting for pending navigations. Status: ok
[1552248893.679][INFO]: [b7fcdcfb2abafe336797844ac8c7fa6c] RESPONSE Screenshot "iVBORw0KGgoAAAANSUhEUgAAB4AAAANRCAYAAAACj6FfAAAgAElEQVR4nOzde5RX9WHv/c9vBuYCjgyI3LyOlygoKhgNEE0iahqxJhGa9BSibaonreJJnxNI1mk16Xmq9Omj0KynlaSnlaYnHkjTFNIkFdumYtVUrFowoo4adVBQBuUyXGdgbs8fAgIzYMCRy/b1W..."
[1552248893.689][INFO]: [b7fcdcfb2abafe336797844ac8c7fa6c] COMMAND FindElement {
   "using": "id",
   "value": "menu-btn"
}
[1552248893.689][INFO]: Waiting for pending navigations...
[1552248893.690][INFO]: Done waiting for pending navigations. Status: ok
[1552248893.695][INFO]: Waiting for pending navigations...
[1552248893.696][INFO]: Done waiting for pending navigations. Status: ok
[1552248893.696][INFO]: [b7fcdcfb2abafe336797844ac8c7fa6c] RESPONSE FindElement {
   "ELEMENT": "0.7613820962494049-3"
}
[1552248893.698][INFO]: [b7fcdcfb2abafe336797844ac8c7fa6c] COMMAND ClickElement {
   "id": "0.7613820962494049-3"
}
[1552248893.698][INFO]: Waiting for pending navigations...
[1552248893.700][INFO]: Done waiting for pending navigations. Status: ok
[1552248893.741][INFO]: Waiting for pending navigations...
[1552248893.742][INFO]: Done waiting for pending navigations. Status: ok
[1552248893.742][INFO]: [b7fcdcfb2abafe336797844ac8c7fa6c] RESPONSE ClickElement
[1552248894.745][INFO]: [b7fcdcfb2abafe336797844ac8c7fa6c] COMMAND FindElement {
   "using": "id",
   "value": "es-btn"
}
[1552248894.745][INFO]: Waiting for pending navigations...
[1552248894.746][INFO]: Done waiting for pending navigations. Status: ok
[1552248894.757][INFO]: Waiting for pending navigations...
[1552248894.758][INFO]: Done waiting for pending navigations. Status: ok
[1552248894.758][INFO]: [b7fcdcfb2abafe336797844ac8c7fa6c] RESPONSE FindElement {
   "ELEMENT": "0.7613820962494049-4"
}
[1552248894.761][INFO]: [b7fcdcfb2abafe336797844ac8c7fa6c] COMMAND ClickElement {
   "id": "0.7613820962494049-4"
}
[1552248894.761][INFO]: Waiting for pending navigations...
[1552248894.762][INFO]: Done waiting for pending navigations. Status: ok
[1552248894.824][INFO]: Waiting for pending navigations...
[1552248894.827][INFO]: Done waiting for pending navigations. Status: ok
[1552248894.827][INFO]: [b7fcdcfb2abafe336797844ac8c7fa6c] RESPONSE ClickElement
[1552248895.829][INFO]: [b7fcdcfb2abafe336797844ac8c7fa6c] COMMAND FindElement {
   "using": "id",
   "value": "menu-btn"
}
[1552248895.829][INFO]: Waiting for pending navigations...
[1552248895.830][INFO]: Done waiting for pending navigations. Status: ok
[1552248895.836][INFO]: Waiting for pending navigations...
[1552248895.837][INFO]: Done waiting for pending navigations. Status: ok
[1552248895.837][INFO]: [b7fcdcfb2abafe336797844ac8c7fa6c] RESPONSE FindElement {
   "ELEMENT": "0.7613820962494049-3"
}
[1552248895.839][INFO]: [b7fcdcfb2abafe336797844ac8c7fa6c] COMMAND GetElementText {
   "id": "0.7613820962494049-3"
}
[1552248895.839][INFO]: Waiting for pending navigations...
[1552248895.839][INFO]: Done waiting for pending navigations. Status: ok
[1552248895.852][INFO]: Waiting for pending navigations...
[1552248895.853][INFO]: Done waiting for pending navigations. Status: ok
[1552248895.853][INFO]: [b7fcdcfb2abafe336797844ac8c7fa6c] RESPONSE GetElementText "Cerrar"
[1552248895.855][INFO]: [b7fcdcfb2abafe336797844ac8c7fa6c] COMMAND Screenshot {

}
[1552248895.855][INFO]: Waiting for pending navigations...
[1552248895.857][INFO]: Done waiting for pending navigations. Status: ok
[1552248896.160][INFO]: Waiting for pending navigations...
[1552248896.160][INFO]: Done waiting for pending navigations. Status: ok
[1552248896.160][INFO]: [b7fcdcfb2abafe336797844ac8c7fa6c] RESPONSE Screenshot "iVBORw0KGgoAAAANSUhEUgAAB4AAAANRCAYAAAACj6FfAAAgAElEQVR4nOzdf1hU9533/9cMIzBORocfIiCgKEpG4g+opUpijZDNJro2VftNs5q2m0u3243u5hu1e/Wq3vfe9672m2+ryZW76p1vV+5sdlc37VZT2411swHX2KqlFo2ETPAXCAiI6IA4Dj+G4fsHv..."
[1552248896.175][INFO]: [b7fcdcfb2abafe336797844ac8c7fa6c] COMMAND FindElement {
   "using": "id",
   "value": "what-are-link"
}
[1552248896.175][INFO]: Waiting for pending navigations...
[1552248896.176][INFO]: Done waiting for pending navigations. Status: ok
[1552248896.188][INFO]: Waiting for pending navigations...
[1552248896.189][INFO]: Done waiting for pending navigations. Status: ok
[1552248896.189][INFO]: [b7fcdcfb2abafe336797844ac8c7fa6c] RESPONSE FindElement {
   "ELEMENT": "0.7613820962494049-5"
}
[1552248896.191][INFO]: [b7fcdcfb2abafe336797844ac8c7fa6c] COMMAND IsElementDisplayed {
   "id": "0.7613820962494049-5"
}
[1552248896.191][INFO]: Waiting for pending navigations...
[1552248896.191][INFO]: Done waiting for pending navigations. Status: ok
[1552248896.201][INFO]: Waiting for pending navigations...
[1552248896.202][INFO]: Done waiting for pending navigations. Status: ok
[1552248896.202][INFO]: [b7fcdcfb2abafe336797844ac8c7fa6c] RESPONSE IsElementDisplayed true
[1552248896.203][INFO]: [b7fcdcfb2abafe336797844ac8c7fa6c] COMMAND Screenshot {

}
[1552248896.203][INFO]: Waiting for pending navigations...
[1552248896.204][INFO]: Done waiting for pending navigations. Status: ok
[1552248896.482][INFO]: Waiting for pending navigations...
[1552248896.485][INFO]: Done waiting for pending navigations. Status: ok
[1552248896.485][INFO]: [b7fcdcfb2abafe336797844ac8c7fa6c] RESPONSE Screenshot "iVBORw0KGgoAAAANSUhEUgAAB4AAAANRCAYAAAACj6FfAAAgAElEQVR4nOzdf1hU9533/9cMIzBORocfIiCgKEpG4g+opUpijZDNJro2VftNs5q2m0u3243u5hu1e/Wq3vfe9672m2+ryZW76p1vV+5sdlc37VZT2411swHX2KqlFo2ETPAXCAiI6IA4Dj+G4fsHv..."
[1552248896.497][INFO]: [b7fcdcfb2abafe336797844ac8c7fa6c] COMMAND FindElement {
   "using": "id",
   "value": "what-are-link"
}
[1552248896.497][INFO]: Waiting for pending navigations...
[1552248896.498][INFO]: Done waiting for pending navigations. Status: ok
[1552248896.504][INFO]: Waiting for pending navigations...
[1552248896.505][INFO]: Done waiting for pending navigations. Status: ok
[1552248896.505][INFO]: [b7fcdcfb2abafe336797844ac8c7fa6c] RESPONSE FindElement {
   "ELEMENT": "0.7613820962494049-5"
}
[1552248896.508][INFO]: [b7fcdcfb2abafe336797844ac8c7fa6c] COMMAND GetElementText {
   "id": "0.7613820962494049-5"
}
[1552248896.508][INFO]: Waiting for pending navigations...
[1552248896.509][INFO]: Done waiting for pending navigations. Status: ok
[1552248896.522][INFO]: Waiting for pending navigations...
[1552248896.522][INFO]: Done waiting for pending navigations. Status: ok
[1552248896.522][INFO]: [b7fcdcfb2abafe336797844ac8c7fa6c] RESPONSE GetElementText "¿Qué son el trabajo infantil y el trabajo forzoso?"
[1552248896.525][INFO]: [b7fcdcfb2abafe336797844ac8c7fa6c] COMMAND FindElement {
   "using": "id",
   "value": "what-are-link"
}
[1552248896.525][INFO]: Waiting for pending navigations...
[1552248896.526][INFO]: Done waiting for pending navigations. Status: ok
[1552248896.530][INFO]: Waiting for pending navigations...
[1552248896.531][INFO]: Done waiting for pending navigations. Status: ok
[1552248896.531][INFO]: [b7fcdcfb2abafe336797844ac8c7fa6c] RESPONSE FindElement {
   "ELEMENT": "0.7613820962494049-5"
}
[1552248896.533][INFO]: [b7fcdcfb2abafe336797844ac8c7fa6c] COMMAND GetElementAttribute {
   "id": "0.7613820962494049-5",
   "name": "href"
}
[1552248896.533][INFO]: Waiting for pending navigations...
[1552248896.533][INFO]: Done waiting for pending navigations. Status: ok
[1552248896.536][INFO]: Waiting for pending navigations...
[1552248896.537][INFO]: Done waiting for pending navigations. Status: ok
[1552248896.537][INFO]: [b7fcdcfb2abafe336797844ac8c7fa6c] RESPONSE GetElementAttribute "http://localhost:3000/what-are"
[1552248896.538][INFO]: [b7fcdcfb2abafe336797844ac8c7fa6c] COMMAND Screenshot {

}
[1552248896.538][INFO]: Waiting for pending navigations...
[1552248896.539][INFO]: Done waiting for pending navigations. Status: ok
[1552248896.836][INFO]: Waiting for pending navigations...
[1552248896.837][INFO]: Done waiting for pending navigations. Status: ok
[1552248896.837][INFO]: [b7fcdcfb2abafe336797844ac8c7fa6c] RESPONSE Screenshot "iVBORw0KGgoAAAANSUhEUgAAB4AAAANRCAYAAAACj6FfAAAgAElEQVR4nOzdf1hU9533/9cMIzBORocfIiCgKEpG4g+opUpijZDNJro2VftNs5q2m0u3243u5hu1e/Wq3vfe9672m2+ryZW76p1vV+5sdlc37VZT2411swHX2KqlFo2ETPAXCAiI6IA4Dj+G4fsHv..."
[1552248896.853][INFO]: [b7fcdcfb2abafe336797844ac8c7fa6c] COMMAND FindElement {
   "using": "id",
   "value": "why-develop-link"
}
[1552248896.853][INFO]: Waiting for pending navigations...
[1552248896.854][INFO]: Done waiting for pending navigations. Status: ok
[1552248896.865][INFO]: Waiting for pending navigations...
[1552248896.866][INFO]: Done waiting for pending navigations. Status: ok
[1552248896.866][INFO]: [b7fcdcfb2abafe336797844ac8c7fa6c] RESPONSE FindElement {
   "ELEMENT": "0.7613820962494049-6"
}
[1552248896.867][INFO]: [b7fcdcfb2abafe336797844ac8c7fa6c] COMMAND IsElementDisplayed {
   "id": "0.7613820962494049-6"
}
[1552248896.867][INFO]: Waiting for pending navigations...
[1552248896.868][INFO]: Done waiting for pending navigations. Status: ok
[1552248896.877][INFO]: Waiting for pending navigations...
[1552248896.878][INFO]: Done waiting for pending navigations. Status: ok
[1552248896.878][INFO]: [b7fcdcfb2abafe336797844ac8c7fa6c] RESPONSE IsElementDisplayed true
[1552248896.879][INFO]: [b7fcdcfb2abafe336797844ac8c7fa6c] COMMAND Screenshot {

}
[1552248896.879][INFO]: Waiting for pending navigations...
[1552248896.880][INFO]: Done waiting for pending navigations. Status: ok
[1552248897.192][INFO]: Waiting for pending navigations...
[1552248897.193][INFO]: Done waiting for pending navigations. Status: ok
[1552248897.193][INFO]: [b7fcdcfb2abafe336797844ac8c7fa6c] RESPONSE Screenshot "iVBORw0KGgoAAAANSUhEUgAAB4AAAANRCAYAAAACj6FfAAAgAElEQVR4nOzdf1hU9533/9cMIzBORocfIiCgKEpG4g+opUpijZDNJro2VftNs5q2m0u3243u5hu1e/Wq3vfe9672m2+ryZW76p1vV+5sdlc37VZT2411swHX2KqlFo2ETPAXCAiI6IA4Dj+G4fsHv..."
[1552248897.207][INFO]: [b7fcdcfb2abafe336797844ac8c7fa6c] COMMAND FindElement {
   "using": "id",
   "value": "why-develop-link"
}
[1552248897.207][INFO]: Waiting for pending navigations...
[1552248897.208][INFO]: Done waiting for pending navigations. Status: ok
[1552248897.213][INFO]: Waiting for pending navigations...
[1552248897.214][INFO]: Done waiting for pending navigations. Status: ok
[1552248897.214][INFO]: [b7fcdcfb2abafe336797844ac8c7fa6c] RESPONSE FindElement {
   "ELEMENT": "0.7613820962494049-6"
}
[1552248897.216][INFO]: [b7fcdcfb2abafe336797844ac8c7fa6c] COMMAND GetElementText {
   "id": "0.7613820962494049-6"
}
[1552248897.216][INFO]: Waiting for pending navigations...
[1552248897.217][INFO]: Done waiting for pending navigations. Status: ok
[1552248897.233][INFO]: Waiting for pending navigations...
[1552248897.234][INFO]: Done waiting for pending navigations. Status: ok
[1552248897.234][INFO]: [b7fcdcfb2abafe336797844ac8c7fa6c] RESPONSE GetElementText "¿Por qué crear un sistema de cumplimiento social?"
[1552248897.236][INFO]: [b7fcdcfb2abafe336797844ac8c7fa6c] COMMAND FindElement {
   "using": "id",
   "value": "why-develop-link"
}
[1552248897.236][INFO]: Waiting for pending navigations...
[1552248897.237][INFO]: Done waiting for pending navigations. Status: ok
[1552248897.242][INFO]: Waiting for pending navigations...
[1552248897.243][INFO]: Done waiting for pending navigations. Status: ok
[1552248897.243][INFO]: [b7fcdcfb2abafe336797844ac8c7fa6c] RESPONSE FindElement {
   "ELEMENT": "0.7613820962494049-6"
}
[1552248897.244][INFO]: [b7fcdcfb2abafe336797844ac8c7fa6c] COMMAND GetElementAttribute {
   "id": "0.7613820962494049-6",
   "name": "href"
}
[1552248897.244][INFO]: Waiting for pending navigations...
[1552248897.245][INFO]: Done waiting for pending navigations. Status: ok
[1552248897.248][INFO]: Waiting for pending navigations...
[1552248897.249][INFO]: Done waiting for pending navigations. Status: ok
[1552248897.249][INFO]: [b7fcdcfb2abafe336797844ac8c7fa6c] RESPONSE GetElementAttribute "http://localhost:3000/why-develop"
[1552248897.250][INFO]: [b7fcdcfb2abafe336797844ac8c7fa6c] COMMAND Screenshot {

}
[1552248897.250][INFO]: Waiting for pending navigations...
[1552248897.250][INFO]: Done waiting for pending navigations. Status: ok
[1552248897.580][INFO]: Waiting for pending navigations...
[1552248897.581][INFO]: Done waiting for pending navigations. Status: ok
[1552248897.581][INFO]: [b7fcdcfb2abafe336797844ac8c7fa6c] RESPONSE Screenshot "iVBORw0KGgoAAAANSUhEUgAAB4AAAANRCAYAAAACj6FfAAAgAElEQVR4nOzdf1hU9533/9cMIzBORocfIiCgKEpG4g+opUpijZDNJro2VftNs5q2m0u3243u5hu1e/Wq3vfe9672m2+ryZW76p1vV+5sdlc37VZT2411swHX2KqlFo2ETPAXCAiI6IA4Dj+G4fsHv..."
[1552248897.594][INFO]: [b7fcdcfb2abafe336797844ac8c7fa6c] COMMAND FindElement {
   "using": "id",
   "value": "basics-link"
}
[1552248897.594][INFO]: Waiting for pending navigations...
[1552248897.595][INFO]: Done waiting for pending navigations. Status: ok
[1552248897.604][INFO]: Waiting for pending navigations...
[1552248897.605][INFO]: Done waiting for pending navigations. Status: ok
[1552248897.605][INFO]: [b7fcdcfb2abafe336797844ac8c7fa6c] RESPONSE FindElement {
   "ELEMENT": "0.7613820962494049-7"
}
[1552248897.606][INFO]: [b7fcdcfb2abafe336797844ac8c7fa6c] COMMAND IsElementDisplayed {
   "id": "0.7613820962494049-7"
}
[1552248897.606][INFO]: Waiting for pending navigations...
[1552248897.607][INFO]: Done waiting for pending navigations. Status: ok
[1552248897.617][INFO]: Waiting for pending navigations...
[1552248897.619][INFO]: Done waiting for pending navigations. Status: ok
[1552248897.619][INFO]: [b7fcdcfb2abafe336797844ac8c7fa6c] RESPONSE IsElementDisplayed true
[1552248897.621][INFO]: [b7fcdcfb2abafe336797844ac8c7fa6c] COMMAND Screenshot {

}
[1552248897.621][INFO]: Waiting for pending navigations...
[1552248897.621][INFO]: Done waiting for pending navigations. Status: ok
[1552248897.928][INFO]: Waiting for pending navigations...
[1552248897.930][INFO]: Done waiting for pending navigations. Status: ok
[1552248897.930][INFO]: [b7fcdcfb2abafe336797844ac8c7fa6c] RESPONSE Screenshot "iVBORw0KGgoAAAANSUhEUgAAB4AAAANRCAYAAAACj6FfAAAgAElEQVR4nOzdf1hU9533/9cMIzBORocfIiCgKEpG4g+opUpijZDNJro2VftNs5q2m0u3243u5hu1e/Wq3vfe9672m2+ryZW76p1vV+5sdlc37VZT2411swHX2KqlFo2ETPAXCAiI6IA4Dj+G4fsHv..."
[1552248897.946][INFO]: [b7fcdcfb2abafe336797844ac8c7fa6c] COMMAND FindElement {
   "using": "id",
   "value": "basics-link"
}
[1552248897.946][INFO]: Waiting for pending navigations...
[1552248897.947][INFO]: Done waiting for pending navigations. Status: ok
[1552248897.952][INFO]: Waiting for pending navigations...
[1552248897.952][INFO]: Done waiting for pending navigations. Status: ok
[1552248897.953][INFO]: [b7fcdcfb2abafe336797844ac8c7fa6c] RESPONSE FindElement {
   "ELEMENT": "0.7613820962494049-7"
}
[1552248897.954][INFO]: [b7fcdcfb2abafe336797844ac8c7fa6c] COMMAND GetElementText {
   "id": "0.7613820962494049-7"
}
[1552248897.954][INFO]: Waiting for pending navigations...
[1552248897.955][INFO]: Done waiting for pending navigations. Status: ok
[1552248897.967][INFO]: Waiting for pending navigations...
[1552248897.967][INFO]: Done waiting for pending navigations. Status: ok
[1552248897.967][INFO]: [b7fcdcfb2abafe336797844ac8c7fa6c] RESPONSE GetElementText "Aspectos básicos de un sistema de cumplimiento social"
[1552248897.970][INFO]: [b7fcdcfb2abafe336797844ac8c7fa6c] COMMAND FindElement {
   "using": "id",
   "value": "basics-link"
}
[1552248897.970][INFO]: Waiting for pending navigations...
[1552248897.971][INFO]: Done waiting for pending navigations. Status: ok
[1552248897.977][INFO]: Waiting for pending navigations...
[1552248897.978][INFO]: Done waiting for pending navigations. Status: ok
[1552248897.978][INFO]: [b7fcdcfb2abafe336797844ac8c7fa6c] RESPONSE FindElement {
   "ELEMENT": "0.7613820962494049-7"
}
[1552248897.979][INFO]: [b7fcdcfb2abafe336797844ac8c7fa6c] COMMAND GetElementAttribute {
   "id": "0.7613820962494049-7",
   "name": "href"
}
[1552248897.979][INFO]: Waiting for pending navigations...
[1552248897.980][INFO]: Done waiting for pending navigations. Status: ok
[1552248897.984][INFO]: Waiting for pending navigations...
[1552248897.985][INFO]: Done waiting for pending navigations. Status: ok
[1552248897.985][INFO]: [b7fcdcfb2abafe336797844ac8c7fa6c] RESPONSE GetElementAttribute "http://localhost:3000/basics"
[1552248897.986][INFO]: [b7fcdcfb2abafe336797844ac8c7fa6c] COMMAND Screenshot {

}
[1552248897.986][INFO]: Waiting for pending navigations...
[1552248897.986][INFO]: Done waiting for pending navigations. Status: ok
[1552248898.292][INFO]: Waiting for pending navigations...
[1552248898.293][INFO]: Done waiting for pending navigations. Status: ok
[1552248898.293][INFO]: [b7fcdcfb2abafe336797844ac8c7fa6c] RESPONSE Screenshot "iVBORw0KGgoAAAANSUhEUgAAB4AAAANRCAYAAAACj6FfAAAgAElEQVR4nOzdf1hU9533/9cMIzBORocfIiCgKEpG4g+opUpijZDNJro2VftNs5q2m0u3243u5hu1e/Wq3vfe9672m2+ryZW76p1vV+5sdlc37VZT2411swHX2KqlFo2ETPAXCAiI6IA4Dj+G4fsHv..."
[1552248898.308][INFO]: [b7fcdcfb2abafe336797844ac8c7fa6c] COMMAND FindElement {
   "using": "id",
   "value": "steps-dropdown"
}
[1552248898.308][INFO]: Waiting for pending navigations...
[1552248898.309][INFO]: Done waiting for pending navigations. Status: ok
[1552248898.319][INFO]: Waiting for pending navigations...
[1552248898.320][INFO]: Done waiting for pending navigations. Status: ok
[1552248898.320][INFO]: [b7fcdcfb2abafe336797844ac8c7fa6c] RESPONSE FindElement {
   "ELEMENT": "0.7613820962494049-8"
}
[1552248898.321][INFO]: [b7fcdcfb2abafe336797844ac8c7fa6c] COMMAND IsElementDisplayed {
   "id": "0.7613820962494049-8"
}
[1552248898.321][INFO]: Waiting for pending navigations...
[1552248898.322][INFO]: Done waiting for pending navigations. Status: ok
[1552248898.331][INFO]: Waiting for pending navigations...
[1552248898.332][INFO]: Done waiting for pending navigations. Status: ok
[1552248898.332][INFO]: [b7fcdcfb2abafe336797844ac8c7fa6c] RESPONSE IsElementDisplayed true
[1552248898.333][INFO]: [b7fcdcfb2abafe336797844ac8c7fa6c] COMMAND Screenshot {

}
[1552248898.333][INFO]: Waiting for pending navigations...
[1552248898.335][INFO]: Done waiting for pending navigations. Status: ok
[1552248898.661][INFO]: Waiting for pending navigations...
[1552248898.662][INFO]: Done waiting for pending navigations. Status: ok
[1552248898.662][INFO]: [b7fcdcfb2abafe336797844ac8c7fa6c] RESPONSE Screenshot "iVBORw0KGgoAAAANSUhEUgAAB4AAAANRCAYAAAACj6FfAAAgAElEQVR4nOzdf1hU9533/9cMIzBORocfIiCgKEpG4g+opUpijZDNJro2VftNs5q2m0u3243u5hu1e/Wq3vfe9672m2+ryZW76p1vV+5sdlc37VZT2411swHX2KqlFo2ETPAXCAiI6IA4Dj+G4fsHv..."
[1552248898.684][INFO]: [b7fcdcfb2abafe336797844ac8c7fa6c] COMMAND FindElement {
   "using": "id",
   "value": "steps-dropdown"
}
[1552248898.684][INFO]: Waiting for pending navigations...
[1552248898.685][INFO]: Done waiting for pending navigations. Status: ok
[1552248898.690][INFO]: Waiting for pending navigations...
[1552248898.690][INFO]: Done waiting for pending navigations. Status: ok
[1552248898.690][INFO]: [b7fcdcfb2abafe336797844ac8c7fa6c] RESPONSE FindElement {
   "ELEMENT": "0.7613820962494049-8"
}
[1552248898.692][INFO]: [b7fcdcfb2abafe336797844ac8c7fa6c] COMMAND GetElementText {
   "id": "0.7613820962494049-8"
}
[1552248898.692][INFO]: Waiting for pending navigations...
[1552248898.693][INFO]: Done waiting for pending navigations. Status: ok
[1552248898.708][INFO]: Waiting for pending navigations...
[1552248898.709][INFO]: Done waiting for pending navigations. Status: ok
[1552248898.709][INFO]: [b7fcdcfb2abafe336797844ac8c7fa6c] RESPONSE GetElementText "Pasos hacia un sistema de cumplimiento social"
[1552248898.710][INFO]: [b7fcdcfb2abafe336797844ac8c7fa6c] COMMAND Screenshot {

}
[1552248898.710][INFO]: Waiting for pending navigations...
[1552248898.711][INFO]: Done waiting for pending navigations. Status: ok
[1552248899.022][INFO]: Waiting for pending navigations...
[1552248899.023][INFO]: Done waiting for pending navigations. Status: ok
[1552248899.023][INFO]: [b7fcdcfb2abafe336797844ac8c7fa6c] RESPONSE Screenshot "iVBORw0KGgoAAAANSUhEUgAAB4AAAANRCAYAAAACj6FfAAAgAElEQVR4nOzdf1hU9533/9cMIzBORocfIiCgKEpG4g+opUpijZDNJro2VftNs5q2m0u3243u5hu1e/Wq3vfe9672m2+ryZW76p1vV+5sdlc37VZT2411swHX2KqlFo2ETPAXCAiI6IA4Dj+G4fsHv..."
[1552248899.036][INFO]: [b7fcdcfb2abafe336797844ac8c7fa6c] COMMAND FindElement {
   "using": "id",
   "value": "steps-dropdown"
}
[1552248899.036][INFO]: Waiting for pending navigations...
[1552248899.037][INFO]: Done waiting for pending navigations. Status: ok
[1552248899.042][INFO]: Waiting for pending navigations...
[1552248899.043][INFO]: Done waiting for pending navigations. Status: ok
[1552248899.043][INFO]: [b7fcdcfb2abafe336797844ac8c7fa6c] RESPONSE FindElement {
   "ELEMENT": "0.7613820962494049-8"
}
[1552248899.044][INFO]: [b7fcdcfb2abafe336797844ac8c7fa6c] COMMAND IsElementDisplayed {
   "id": "0.7613820962494049-8"
}
[1552248899.044][INFO]: Waiting for pending navigations...
[1552248899.045][INFO]: Done waiting for pending navigations. Status: ok
[1552248899.050][INFO]: Waiting for pending navigations...
[1552248899.050][INFO]: Done waiting for pending navigations. Status: ok
[1552248899.050][INFO]: [b7fcdcfb2abafe336797844ac8c7fa6c] RESPONSE IsElementDisplayed true
[1552248899.053][INFO]: [b7fcdcfb2abafe336797844ac8c7fa6c] COMMAND FindElement {
   "using": "id",
   "value": "steps-dropdown"
}
[1552248899.053][INFO]: Waiting for pending navigations...
[1552248899.054][INFO]: Done waiting for pending navigations. Status: ok
[1552248899.058][INFO]: Waiting for pending navigations...
[1552248899.059][INFO]: Done waiting for pending navigations. Status: ok
[1552248899.059][INFO]: [b7fcdcfb2abafe336797844ac8c7fa6c] RESPONSE FindElement {
   "ELEMENT": "0.7613820962494049-8"
}
[1552248899.061][INFO]: [b7fcdcfb2abafe336797844ac8c7fa6c] COMMAND ClickElement {
   "id": "0.7613820962494049-8"
}
[1552248899.061][INFO]: Waiting for pending navigations...
[1552248899.062][INFO]: Done waiting for pending navigations. Status: ok
[1552248899.127][INFO]: Waiting for pending navigations...
[1552248899.132][INFO]: Done waiting for pending navigations. Status: ok
[1552248899.132][INFO]: [b7fcdcfb2abafe336797844ac8c7fa6c] RESPONSE ClickElement
[1552248899.135][INFO]: [b7fcdcfb2abafe336797844ac8c7fa6c] COMMAND Screenshot {

}
[1552248899.135][INFO]: Waiting for pending navigations...
[1552248899.136][INFO]: Done waiting for pending navigations. Status: ok
[1552248899.459][INFO]: Waiting for pending navigations...
[1552248899.460][INFO]: Done waiting for pending navigations. Status: ok
[1552248899.460][INFO]: [b7fcdcfb2abafe336797844ac8c7fa6c] RESPONSE Screenshot "iVBORw0KGgoAAAANSUhEUgAAB4AAAANRCAYAAAACj6FfAAAgAElEQVR4nOzdfVTU9533/9cMIzBORoabICCgiEpG4g3UUCWxRshmU11j1f5SV9Nmc3C73eBuflWzp6d6XbvXtdrNr5Xk9Kp67a8/ubrZrW7araYmq8lmAy6xVUst3hBCvEUFAREcEHG4GYbfH9zNI..."
[1552248899.473][INFO]: [b7fcdcfb2abafe336797844ac8c7fa6c] COMMAND FindElement {
   "using": "id",
   "value": "step-1-link"
}
[1552248899.473][INFO]: Waiting for pending navigations...
[1552248899.474][INFO]: Done waiting for pending navigations. Status: ok
[1552248899.483][INFO]: Waiting for pending navigations...
[1552248899.484][INFO]: Done waiting for pending navigations. Status: ok
[1552248899.484][INFO]: [b7fcdcfb2abafe336797844ac8c7fa6c] RESPONSE FindElement {
   "ELEMENT": "0.7613820962494049-9"
}
[1552248899.485][INFO]: [b7fcdcfb2abafe336797844ac8c7fa6c] COMMAND IsElementDisplayed {
   "id": "0.7613820962494049-9"
}
[1552248899.485][INFO]: Waiting for pending navigations...
[1552248899.486][INFO]: Done waiting for pending navigations. Status: ok
[1552248899.495][INFO]: Waiting for pending navigations...
[1552248899.496][INFO]: Done waiting for pending navigations. Status: ok
[1552248899.496][INFO]: [b7fcdcfb2abafe336797844ac8c7fa6c] RESPONSE IsElementDisplayed true
[1552248899.497][INFO]: [b7fcdcfb2abafe336797844ac8c7fa6c] COMMAND Screenshot {

}
[1552248899.497][INFO]: Waiting for pending navigations...
[1552248899.498][INFO]: Done waiting for pending navigations. Status: ok
[1552248899.824][INFO]: Waiting for pending navigations...
[1552248899.825][INFO]: Done waiting for pending navigations. Status: ok
[1552248899.826][INFO]: [b7fcdcfb2abafe336797844ac8c7fa6c] RESPONSE Screenshot "iVBORw0KGgoAAAANSUhEUgAAB4AAAANRCAYAAAACj6FfAAAgAElEQVR4nOzdfVTU9533/9cMIzBORoabICCgiEpG4g3UUCWxRshmU11j1f5SV9Nmc3C73eBuflWzp6d6XbvXtdrNr5Xk9Kp67a8/ubrZrW7araYmq8lmAy6xVUst3hBCvEUFAREcEHG4GYbfH9zNI..."
[1552248899.840][INFO]: [b7fcdcfb2abafe336797844ac8c7fa6c] COMMAND FindElement {
   "using": "id",
   "value": "step-1-link"
}
[1552248899.840][INFO]: Waiting for pending navigations...
[1552248899.841][INFO]: Done waiting for pending navigations. Status: ok
[1552248899.845][INFO]: Waiting for pending navigations...
[1552248899.846][INFO]: Done waiting for pending navigations. Status: ok
[1552248899.846][INFO]: [b7fcdcfb2abafe336797844ac8c7fa6c] RESPONSE FindElement {
   "ELEMENT": "0.7613820962494049-9"
}
[1552248899.847][INFO]: [b7fcdcfb2abafe336797844ac8c7fa6c] COMMAND GetElementText {
   "id": "0.7613820962494049-9"
}
[1552248899.847][INFO]: Waiting for pending navigations...
[1552248899.848][INFO]: Done waiting for pending navigations. Status: ok
[1552248899.859][INFO]: Waiting for pending navigations...
[1552248899.860][INFO]: Done waiting for pending navigations. Status: ok
[1552248899.860][INFO]: [b7fcdcfb2abafe336797844ac8c7fa6c] RESPONSE GetElementText "Primer paso: Participación de las partes interesadas y los socios"
[1552248899.863][INFO]: [b7fcdcfb2abafe336797844ac8c7fa6c] COMMAND FindElement {
   "using": "id",
   "value": "step-1-link"
}
[1552248899.863][INFO]: Waiting for pending navigations...
[1552248899.864][INFO]: Done waiting for pending navigations. Status: ok
[1552248899.869][INFO]: Waiting for pending navigations...
[1552248899.869][INFO]: Done waiting for pending navigations. Status: ok
[1552248899.869][INFO]: [b7fcdcfb2abafe336797844ac8c7fa6c] RESPONSE FindElement {
   "ELEMENT": "0.7613820962494049-9"
}
[1552248899.870][INFO]: [b7fcdcfb2abafe336797844ac8c7fa6c] COMMAND GetElementAttribute {
   "id": "0.7613820962494049-9",
   "name": "href"
}
[1552248899.870][INFO]: Waiting for pending navigations...
[1552248899.871][INFO]: Done waiting for pending navigations. Status: ok
[1552248899.874][INFO]: Waiting for pending navigations...
[1552248899.875][INFO]: Done waiting for pending navigations. Status: ok
[1552248899.875][INFO]: [b7fcdcfb2abafe336797844ac8c7fa6c] RESPONSE GetElementAttribute "http://localhost:3000/steps/1"
[1552248899.876][INFO]: [b7fcdcfb2abafe336797844ac8c7fa6c] COMMAND Screenshot {

}
[1552248899.876][INFO]: Waiting for pending navigations...
[1552248899.877][INFO]: Done waiting for pending navigations. Status: ok
[1552248900.176][INFO]: Waiting for pending navigations...
[1552248900.177][INFO]: Done waiting for pending navigations. Status: ok
[1552248900.177][INFO]: [b7fcdcfb2abafe336797844ac8c7fa6c] RESPONSE Screenshot "iVBORw0KGgoAAAANSUhEUgAAB4AAAANRCAYAAAACj6FfAAAgAElEQVR4nOzdfVTU9533/9cMIzBORoabICCgiEpG4g3UUCWxRshmU11j1f5SV9Nmc3C73eBuflWzp6d6XbvXtdrNr5Xk9Kp67a8/ubrZrW7araYmq8lmAy6xVUst3hBCvEUFAREcEHG4GYbfH9zNI..."
[1552248900.197][INFO]: [b7fcdcfb2abafe336797844ac8c7fa6c] COMMAND FindElement {
   "using": "id",
   "value": "step-2-link"
}
[1552248900.197][INFO]: Waiting for pending navigations...
[1552248900.198][INFO]: Done waiting for pending navigations. Status: ok
[1552248900.208][INFO]: Waiting for pending navigations...
[1552248900.210][INFO]: Done waiting for pending navigations. Status: ok
[1552248900.210][INFO]: [b7fcdcfb2abafe336797844ac8c7fa6c] RESPONSE FindElement {
   "ELEMENT": "0.7613820962494049-10"
}
[1552248900.211][INFO]: [b7fcdcfb2abafe336797844ac8c7fa6c] COMMAND IsElementDisplayed {
   "id": "0.7613820962494049-10"
}
[1552248900.211][INFO]: Waiting for pending navigations...
[1552248900.212][INFO]: Done waiting for pending navigations. Status: ok
[1552248900.221][INFO]: Waiting for pending navigations...
[1552248900.222][INFO]: Done waiting for pending navigations. Status: ok
[1552248900.222][INFO]: [b7fcdcfb2abafe336797844ac8c7fa6c] RESPONSE IsElementDisplayed true
[1552248900.224][INFO]: [b7fcdcfb2abafe336797844ac8c7fa6c] COMMAND Screenshot {

}
[1552248900.224][INFO]: Waiting for pending navigations...
[1552248900.225][INFO]: Done waiting for pending navigations. Status: ok
[1552248900.535][INFO]: Waiting for pending navigations...
[1552248900.537][INFO]: Done waiting for pending navigations. Status: ok
[1552248900.537][INFO]: [b7fcdcfb2abafe336797844ac8c7fa6c] RESPONSE Screenshot "iVBORw0KGgoAAAANSUhEUgAAB4AAAANRCAYAAAACj6FfAAAgAElEQVR4nOzdfVTU9533/9cMIzBORoabICCgiEpG4g3UUCWxRshmU11j1f5SV9Nmc3C73eBuflWzp6d6XbvXtdrNr5Xk9Kp67a8/ubrZrW7araYmq8lmAy6xVUst3hBCvEUFAREcEHG4GYbfH9zNI..."
[1552248900.551][INFO]: [b7fcdcfb2abafe336797844ac8c7fa6c] COMMAND FindElement {
   "using": "id",
   "value": "step-2-link"
}
[1552248900.552][INFO]: Waiting for pending navigations...
[1552248900.553][INFO]: Done waiting for pending navigations. Status: ok
[1552248900.560][INFO]: Waiting for pending navigations...
[1552248900.561][INFO]: Done waiting for pending navigations. Status: ok
[1552248900.561][INFO]: [b7fcdcfb2abafe336797844ac8c7fa6c] RESPONSE FindElement {
   "ELEMENT": "0.7613820962494049-10"
}
[1552248900.563][INFO]: [b7fcdcfb2abafe336797844ac8c7fa6c] COMMAND GetElementText {
   "id": "0.7613820962494049-10"
}
[1552248900.563][INFO]: Waiting for pending navigations...
[1552248900.564][INFO]: Done waiting for pending navigations. Status: ok
[1552248900.580][INFO]: Waiting for pending navigations...
[1552248900.581][INFO]: Done waiting for pending navigations. Status: ok
[1552248900.581][INFO]: [b7fcdcfb2abafe336797844ac8c7fa6c] RESPONSE GetElementText "Segundo paso: Evaluación de riesgos e impacto"
[1552248900.584][INFO]: [b7fcdcfb2abafe336797844ac8c7fa6c] COMMAND FindElement {
   "using": "id",
   "value": "step-2-link"
}
[1552248900.584][INFO]: Waiting for pending navigations...
[1552248900.585][INFO]: Done waiting for pending navigations. Status: ok
[1552248900.589][INFO]: Waiting for pending navigations...
[1552248900.590][INFO]: Done waiting for pending navigations. Status: ok
[1552248900.590][INFO]: [b7fcdcfb2abafe336797844ac8c7fa6c] RESPONSE FindElement {
   "ELEMENT": "0.7613820962494049-10"
}
[1552248900.591][INFO]: [b7fcdcfb2abafe336797844ac8c7fa6c] COMMAND GetElementAttribute {
   "id": "0.7613820962494049-10",
   "name": "href"
}
[1552248900.591][INFO]: Waiting for pending navigations...
[1552248900.592][INFO]: Done waiting for pending navigations. Status: ok
[1552248900.596][INFO]: Waiting for pending navigations...
[1552248900.596][INFO]: Done waiting for pending navigations. Status: ok
[1552248900.596][INFO]: [b7fcdcfb2abafe336797844ac8c7fa6c] RESPONSE GetElementAttribute "http://localhost:3000/steps/2"
[1552248900.597][INFO]: [b7fcdcfb2abafe336797844ac8c7fa6c] COMMAND Screenshot {

}
[1552248900.597][INFO]: Waiting for pending navigations...
[1552248900.598][INFO]: Done waiting for pending navigations. Status: ok
[1552248900.929][INFO]: Waiting for pending navigations...
[1552248900.930][INFO]: Done waiting for pending navigations. Status: ok
[1552248900.930][INFO]: [b7fcdcfb2abafe336797844ac8c7fa6c] RESPONSE Screenshot "iVBORw0KGgoAAAANSUhEUgAAB4AAAANRCAYAAAACj6FfAAAgAElEQVR4nOzdfVTU9533/9cMIzBORoabICCgiEpG4g3UUCWxRshmU11j1f5SV9Nmc3C73eBuflWzp6d6XbvXtdrNr5Xk9Kp67a8/ubrZrW7araYmq8lmAy6xVUst3hBCvEUFAREcEHG4GYbfH9zNI..."
[1552248900.952][INFO]: [b7fcdcfb2abafe336797844ac8c7fa6c] COMMAND FindElement {
   "using": "id",
   "value": "step-3-link"
}
[1552248900.952][INFO]: Waiting for pending navigations...
[1552248900.952][INFO]: Done waiting for pending navigations. Status: ok
[1552248900.960][INFO]: Waiting for pending navigations...
[1552248900.961][INFO]: Done waiting for pending navigations. Status: ok
[1552248900.961][INFO]: [b7fcdcfb2abafe336797844ac8c7fa6c] RESPONSE FindElement {
   "ELEMENT": "0.7613820962494049-11"
}
[1552248900.962][INFO]: [b7fcdcfb2abafe336797844ac8c7fa6c] COMMAND IsElementDisplayed {
   "id": "0.7613820962494049-11"
}
[1552248900.962][INFO]: Waiting for pending navigations...
[1552248900.962][INFO]: Done waiting for pending navigations. Status: ok
[1552248900.972][INFO]: Waiting for pending navigations...
[1552248900.974][INFO]: Done waiting for pending navigations. Status: ok
[1552248900.974][INFO]: [b7fcdcfb2abafe336797844ac8c7fa6c] RESPONSE IsElementDisplayed true
[1552248900.975][INFO]: [b7fcdcfb2abafe336797844ac8c7fa6c] COMMAND Screenshot {

}
[1552248900.975][INFO]: Waiting for pending navigations...
[1552248900.976][INFO]: Done waiting for pending navigations. Status: ok
[1552248901.299][INFO]: Waiting for pending navigations...
[1552248901.300][INFO]: Done waiting for pending navigations. Status: ok
[1552248901.300][INFO]: [b7fcdcfb2abafe336797844ac8c7fa6c] RESPONSE Screenshot "iVBORw0KGgoAAAANSUhEUgAAB4AAAANRCAYAAAACj6FfAAAgAElEQVR4nOzdfVTU9533/9cMIzBORoabICCgiEpG4g3UUCWxRshmU11j1f5SV9Nmc3C73eBuflWzp6d6XbvXtdrNr5Xk9Kp67a8/ubrZrW7araYmq8lmAy6xVUst3hBCvEUFAREcEHG4GYbfH9zNI..."
[1552248901.315][INFO]: [b7fcdcfb2abafe336797844ac8c7fa6c] COMMAND FindElement {
   "using": "id",
   "value": "step-3-link"
}
[1552248901.315][INFO]: Waiting for pending navigations...
[1552248901.316][INFO]: Done waiting for pending navigations. Status: ok
[1552248901.321][INFO]: Waiting for pending navigations...
[1552248901.322][INFO]: Done waiting for pending navigations. Status: ok
[1552248901.322][INFO]: [b7fcdcfb2abafe336797844ac8c7fa6c] RESPONSE FindElement {
   "ELEMENT": "0.7613820962494049-11"
}
[1552248901.324][INFO]: [b7fcdcfb2abafe336797844ac8c7fa6c] COMMAND GetElementText {
   "id": "0.7613820962494049-11"
}
[1552248901.324][INFO]: Waiting for pending navigations...
[1552248901.325][INFO]: Done waiting for pending navigations. Status: ok
[1552248901.335][INFO]: Waiting for pending navigations...
[1552248901.336][INFO]: Done waiting for pending navigations. Status: ok
[1552248901.336][INFO]: [b7fcdcfb2abafe336797844ac8c7fa6c] RESPONSE GetElementText "Tercer paso: Formulación de un código de conducta"
[1552248901.339][INFO]: [b7fcdcfb2abafe336797844ac8c7fa6c] COMMAND FindElement {
   "using": "id",
   "value": "step-3-link"
}
[1552248901.339][INFO]: Waiting for pending navigations...
[1552248901.340][INFO]: Done waiting for pending navigations. Status: ok
[1552248901.346][INFO]: Waiting for pending navigations...
[1552248901.347][INFO]: Done waiting for pending navigations. Status: ok
[1552248901.347][INFO]: [b7fcdcfb2abafe336797844ac8c7fa6c] RESPONSE FindElement {
   "ELEMENT": "0.7613820962494049-11"
}
[1552248901.348][INFO]: [b7fcdcfb2abafe336797844ac8c7fa6c] COMMAND GetElementAttribute {
   "id": "0.7613820962494049-11",
   "name": "href"
}
[1552248901.348][INFO]: Waiting for pending navigations...
[1552248901.349][INFO]: Done waiting for pending navigations. Status: ok
[1552248901.351][INFO]: Waiting for pending navigations...
[1552248901.352][INFO]: Done waiting for pending navigations. Status: ok
[1552248901.352][INFO]: [b7fcdcfb2abafe336797844ac8c7fa6c] RESPONSE GetElementAttribute "http://localhost:3000/steps/3"
[1552248901.353][INFO]: [b7fcdcfb2abafe336797844ac8c7fa6c] COMMAND Screenshot {

}
[1552248901.353][INFO]: Waiting for pending navigations...
[1552248901.353][INFO]: Done waiting for pending navigations. Status: ok
[1552248901.643][INFO]: Waiting for pending navigations...
[1552248901.644][INFO]: Done waiting for pending navigations. Status: ok
[1552248901.644][INFO]: [b7fcdcfb2abafe336797844ac8c7fa6c] RESPONSE Screenshot "iVBORw0KGgoAAAANSUhEUgAAB4AAAANRCAYAAAACj6FfAAAgAElEQVR4nOzdfVTU9533/9cMIzBORoabICCgiEpG4g3UUCWxRshmU11j1f5SV9Nmc3C73eBuflWzp6d6XbvXtdrNr5Xk9Kp67a8/ubrZrW7araYmq8lmAy6xVUst3hBCvEUFAREcEHG4GYbfH9zNI..."
[1552248901.659][INFO]: [b7fcdcfb2abafe336797844ac8c7fa6c] COMMAND FindElement {
   "using": "id",
   "value": "step-4-link"
}
[1552248901.659][INFO]: Waiting for pending navigations...
[1552248901.660][INFO]: Done waiting for pending navigations. Status: ok
[1552248901.669][INFO]: Waiting for pending navigations...
[1552248901.670][INFO]: Done waiting for pending navigations. Status: ok
[1552248901.670][INFO]: [b7fcdcfb2abafe336797844ac8c7fa6c] RESPONSE FindElement {
   "ELEMENT": "0.7613820962494049-12"
}
[1552248901.671][INFO]: [b7fcdcfb2abafe336797844ac8c7fa6c] COMMAND IsElementDisplayed {
   "id": "0.7613820962494049-12"
}
[1552248901.671][INFO]: Waiting for pending navigations...
[1552248901.672][INFO]: Done waiting for pending navigations. Status: ok
[1552248901.680][INFO]: Waiting for pending navigations...
[1552248901.681][INFO]: Done waiting for pending navigations. Status: ok
[1552248901.681][INFO]: [b7fcdcfb2abafe336797844ac8c7fa6c] RESPONSE IsElementDisplayed true
[1552248901.682][INFO]: [b7fcdcfb2abafe336797844ac8c7fa6c] COMMAND Screenshot {

}
[1552248901.682][INFO]: Waiting for pending navigations...
[1552248901.684][INFO]: Done waiting for pending navigations. Status: ok
[1552248901.954][INFO]: Waiting for pending navigations...
[1552248901.955][INFO]: Done waiting for pending navigations. Status: ok
[1552248901.955][INFO]: [b7fcdcfb2abafe336797844ac8c7fa6c] RESPONSE Screenshot "iVBORw0KGgoAAAANSUhEUgAAB4AAAANRCAYAAAACj6FfAAAgAElEQVR4nOzdfVTU9533/9cMIzBORoabICCgiEpG4g3UUCWxRshmU11j1f5SV9Nmc3C73eBuflWzp6d6XbvXtdrNr5Xk9Kp67a8/ubrZrW7araYmq8lmAy6xVUst3hBCvEUFAREcEHG4GYbfH9zNI..."
[1552248901.979][INFO]: [b7fcdcfb2abafe336797844ac8c7fa6c] COMMAND FindElement {
   "using": "id",
   "value": "step-4-link"
}
[1552248901.979][INFO]: Waiting for pending navigations...
[1552248901.980][INFO]: Done waiting for pending navigations. Status: ok
[1552248901.985][INFO]: Waiting for pending navigations...
[1552248901.986][INFO]: Done waiting for pending navigations. Status: ok
[1552248901.986][INFO]: [b7fcdcfb2abafe336797844ac8c7fa6c] RESPONSE FindElement {
   "ELEMENT": "0.7613820962494049-12"
}
[1552248901.987][INFO]: [b7fcdcfb2abafe336797844ac8c7fa6c] COMMAND GetElementText {
   "id": "0.7613820962494049-12"
}
[1552248901.987][INFO]: Waiting for pending navigations...
[1552248901.988][INFO]: Done waiting for pending navigations. Status: ok
[1552248901.998][INFO]: Waiting for pending navigations...
[1552248902.000][INFO]: Done waiting for pending navigations. Status: ok
[1552248902.000][INFO]: [b7fcdcfb2abafe336797844ac8c7fa6c] RESPONSE GetElementText "Cuarto paso: Comunicación y capacitación en la cadena de suministro"
[1552248902.007][INFO]: [b7fcdcfb2abafe336797844ac8c7fa6c] COMMAND Screenshot {

}
[1552248902.007][INFO]: Waiting for pending navigations...
[1552248902.008][INFO]: Done waiting for pending navigations. Status: ok
[1552248902.326][INFO]: Waiting for pending navigations...
[1552248902.327][INFO]: Done waiting for pending navigations. Status: ok
[1552248902.328][INFO]: [b7fcdcfb2abafe336797844ac8c7fa6c] RESPONSE Screenshot "iVBORw0KGgoAAAANSUhEUgAAB4AAAANRCAYAAAACj6FfAAAgAElEQVR4nOzdfVTU9533/9cMIzBORoabICCgiEpG4g3UUCWxRshmU11j1f5SV9Nmc3C73eBuflWzp6d6XbvXtdrNr5Xk9Kp67a8/ubrZrW7araYmq8lmAy6xVUst3hBCvEUFAREcEHG4GYbfH9zNI..."
[1552248902.344][INFO]: [b7fcdcfb2abafe336797844ac8c7fa6c] COMMAND Quit {

}
[1552248902.389][INFO]: [b7fcdcfb2abafe336797844ac8c7fa6c] RESPONSE Quit
