[1552245967.596][INFO]: Starting ChromeDriver 73.0.3683.68 (47787ec04b6e38e22703e856e101e840b65afe72)
[1552245967.597][INFO]: Please protect ports used by ChromeDriver and related test frameworks to prevent access by malicious code.
[1552245968.381][INFO]: [53e0190fdf7b8bf0de0d976d80c83427] COMMAND InitSession {
   "capabilities": {
      "firstMatch": [ {
         "browserName": "chrome",
         "goog:chromeOptions": {
            "args": [ "chrome.switches", "--disable-extensions", "chrome.switches", "test-type", "chrome.switches", "start-maximized", "chrome.switches", "no-sandbox" ],
            "extensions": [  ],
            "useAutomationExtension": false
         }
      } ]
   },
   "desiredCapabilities": {
      "browserName": "chrome",
      "goog:chromeOptions": {
         "args": [ "chrome.switches", "--disable-extensions", "chrome.switches", "test-type", "chrome.switches", "start-maximized", "chrome.switches", "no-sandbox" ],
         "extensions": [  ],
         "useAutomationExtension": false
      }
   }
}
[1552245968.389][INFO]: Populating Preferences file: {
   "alternate_error_pages": {
      "enabled": false
   },
   "autofill": {
      "enabled": false
   },
   "browser": {
      "check_default_browser": false
   },
   "distribution": {
      "import_bookmarks": false,
      "import_history": false,
      "import_search_engine": false,
      "make_chrome_default_for_user": false,
      "skip_first_run_ui": true
   },
   "dns_prefetching": {
      "enabled": false
   },
   "profile": {
      "content_settings": {
         "pattern_pairs": {
            "https://*,*": {
               "media-stream": {
                  "audio": "Default",
                  "video": "Default"
               }
            }
         }
      },
      "default_content_setting_values": {
         "geolocation": 1
      },
      "default_content_settings": {
         "geolocation": 1,
         "mouselock": 1,
         "notifications": 1,
         "popups": 1,
         "ppapi-broker": 1
      },
      "password_manager_enabled": false
   },
   "safebrowsing": {
      "enabled": false
   },
   "search": {
      "suggest_enabled": false
   },
   "translate": {
      "enabled": false
   }
}
[1552245968.390][INFO]: Populating Local State file: {
   "background_mode": {
      "enabled": false
   },
   "ssl": {
      "rev_checking": {
         "enabled": false
      }
   }
}
[1552245968.394][INFO]: Launching chrome: "C:\Program Files (x86)\Google\Chrome\Application\chrome.exe" --chrome.switches --disable-background-networking --disable-client-side-phishing-detection --disable-default-apps --disable-extensions --disable-hang-monitor --disable-popup-blocking --disable-prompt-on-repost --disable-sync --disable-web-resources --enable-automation --enable-blink-features=ShadowDOMV0 --enable-logging --force-fieldtrials=SiteIsolationExtensions/Control --ignore-certificate-errors --log-level=0 --metrics-recording-only --no-first-run --no-sandbox --password-store=basic --remote-debugging-port=0 --start-maximized --test-type --use-mock-keychain --user-data-dir="C:\Users\KAVITH~1\AppData\Local\Temp\scoped_dir27968_13346" data:,
[1552245968.927][INFO]: resolved localhost to ["::1","127.0.0.1"]
[1552245969.945][INFO]: [53e0190fdf7b8bf0de0d976d80c83427] RESPONSE InitSession {
   "acceptInsecureCerts": false,
   "acceptSslCerts": false,
   "applicationCacheEnabled": false,
   "browserConnectionEnabled": false,
   "browserName": "chrome",
   "chrome": {
      "chromedriverVersion": "73.0.3683.68 (47787ec04b6e38e22703e856e101e840b65afe72)",
      "userDataDir": "C:\\Users\\KAVITH~1\\AppData\\Local\\Temp\\scoped_dir27968_13346"
   },
   "cssSelectorsEnabled": true,
   "databaseEnabled": false,
   "goog:chromeOptions": {
      "debuggerAddress": "localhost:51721"
   },
   "handlesAlerts": true,
   "hasTouchScreen": false,
   "javascriptEnabled": true,
   "locationContextEnabled": true,
   "mobileEmulationEnabled": false,
   "nativeEvents": true,
   "networkConnectionEnabled": false,
   "pageLoadStrategy": "normal",
   "platform": "Windows NT",
   "proxy": {

   },
   "~~~": "..."
}
[1552245969.975][INFO]: [53e0190fdf7b8bf0de0d976d80c83427] COMMAND MaximizeWindow {
   "handle": "current",
   "windowHandle": "current"
}
[1552245969.975][INFO]: Waiting for pending navigations...
[1552245969.989][INFO]: Done waiting for pending navigations. Status: ok
[1552245969.990][INFO]: resolved localhost to ["::1","127.0.0.1"]
[1552245970.994][INFO]: Waiting for pending navigations...
[1552245970.994][INFO]: Done waiting for pending navigations. Status: ok
[1552245970.994][INFO]: [53e0190fdf7b8bf0de0d976d80c83427] RESPONSE MaximizeWindow {
   "height": 696,
   "width": 1296,
   "x": -8,
   "y": -8
}
[1552245970.999][INFO]: [53e0190fdf7b8bf0de0d976d80c83427] COMMAND SetTimeouts {
   "ms": 30000,
   "type": "implicit"
}
[1552245970.999][INFO]: [53e0190fdf7b8bf0de0d976d80c83427] RESPONSE SetTimeouts
[1552245971.002][INFO]: [53e0190fdf7b8bf0de0d976d80c83427] COMMAND SetTimeouts {
   "ms": 60000,
   "type": "page load"
}
[1552245971.002][INFO]: [53e0190fdf7b8bf0de0d976d80c83427] RESPONSE SetTimeouts
[1552245971.006][INFO]: [53e0190fdf7b8bf0de0d976d80c83427] COMMAND Navigate {
   "url": "http://localhost:3000/"
}
[1552245971.006][INFO]: Waiting for pending navigations...
[1552245971.007][INFO]: Done waiting for pending navigations. Status: ok
[1552245971.359][INFO]: Waiting for pending navigations...
[1552245972.381][INFO]: Done waiting for pending navigations. Status: ok
[1552245972.381][INFO]: [53e0190fdf7b8bf0de0d976d80c83427] RESPONSE Navigate
[1552245972.438][INFO]: [53e0190fdf7b8bf0de0d976d80c83427] COMMAND FindElement {
   "using": "id",
   "value": "brand-logo"
}
[1552245972.438][INFO]: Waiting for pending navigations...
[1552245972.440][INFO]: Done waiting for pending navigations. Status: ok
[1552245972.453][INFO]: Waiting for pending navigations...
[1552245972.454][INFO]: Done waiting for pending navigations. Status: ok
[1552245972.454][INFO]: [53e0190fdf7b8bf0de0d976d80c83427] RESPONSE FindElement {
   "ELEMENT": "0.6506999823860955-1"
}
[1552245972.456][INFO]: [53e0190fdf7b8bf0de0d976d80c83427] COMMAND IsElementDisplayed {
   "id": "0.6506999823860955-1"
}
[1552245972.456][INFO]: Waiting for pending navigations...
[1552245972.456][INFO]: Done waiting for pending navigations. Status: ok
[1552245972.464][INFO]: Waiting for pending navigations...
[1552245972.465][INFO]: Done waiting for pending navigations. Status: ok
[1552245972.465][INFO]: [53e0190fdf7b8bf0de0d976d80c83427] RESPONSE IsElementDisplayed true
[1552245972.474][INFO]: [53e0190fdf7b8bf0de0d976d80c83427] COMMAND Screenshot {

}
[1552245972.474][INFO]: Waiting for pending navigations...
[1552245972.475][INFO]: Done waiting for pending navigations. Status: ok
[1552245972.770][INFO]: Waiting for pending navigations...
[1552245972.771][INFO]: Done waiting for pending navigations. Status: ok
[1552245972.771][INFO]: [53e0190fdf7b8bf0de0d976d80c83427] RESPONSE Screenshot "iVBORw0KGgoAAAANSUhEUgAAB4AAAANRCAYAAAACj6FfAAAgAElEQVR4nOzde5RX9WHv/c9vBuYCjgyI3LyOlygoKhgNEE0iahqxJhGa9BSibaonreJJnxNI1mk16Xmq9Omj0KynlaSnlaYnHkjTFNIkFdumYtVUrFowoo4adVBQBuUyXGdgbs8fAgIzYMCRy/b1W..."
[1552245972.796][INFO]: [53e0190fdf7b8bf0de0d976d80c83427] COMMAND FindElement {
   "using": "id",
   "value": "brand-name"
}
[1552245972.796][INFO]: Waiting for pending navigations...
[1552245972.797][INFO]: Done waiting for pending navigations. Status: ok
[1552245972.804][INFO]: Waiting for pending navigations...
[1552245972.805][INFO]: Done waiting for pending navigations. Status: ok
[1552245972.805][INFO]: [53e0190fdf7b8bf0de0d976d80c83427] RESPONSE FindElement {
   "ELEMENT": "0.6506999823860955-2"
}
[1552245972.807][INFO]: [53e0190fdf7b8bf0de0d976d80c83427] COMMAND IsElementDisplayed {
   "id": "0.6506999823860955-2"
}
[1552245972.807][INFO]: Waiting for pending navigations...
[1552245972.808][INFO]: Done waiting for pending navigations. Status: ok
[1552245972.816][INFO]: Waiting for pending navigations...
[1552245972.821][INFO]: Done waiting for pending navigations. Status: ok
[1552245972.822][INFO]: [53e0190fdf7b8bf0de0d976d80c83427] RESPONSE IsElementDisplayed true
[1552245972.823][INFO]: [53e0190fdf7b8bf0de0d976d80c83427] COMMAND Screenshot {

}
[1552245972.823][INFO]: Waiting for pending navigations...
[1552245972.825][INFO]: Done waiting for pending navigations. Status: ok
[1552245973.090][INFO]: Waiting for pending navigations...
[1552245973.091][INFO]: Done waiting for pending navigations. Status: ok
[1552245973.091][INFO]: [53e0190fdf7b8bf0de0d976d80c83427] RESPONSE Screenshot "iVBORw0KGgoAAAANSUhEUgAAB4AAAANRCAYAAAACj6FfAAAgAElEQVR4nOzde5RX9WHv/c9vBuYCjgyI3LyOlygoKhgNEE0iahqxJhGa9BSibaonreJJnxNI1mk16Xmq9Omj0KynlaSnlaYnHkjTFNIkFdumYtVUrFowoo4adVBQBuUyXGdgbs8fAgIzYMCRy/b1W..."
[1552245973.106][INFO]: [53e0190fdf7b8bf0de0d976d80c83427] COMMAND FindElement {
   "using": "id",
   "value": "menu-btn"
}
[1552245973.106][INFO]: Waiting for pending navigations...
[1552245973.108][INFO]: Done waiting for pending navigations. Status: ok
[1552245973.116][INFO]: Waiting for pending navigations...
[1552245973.117][INFO]: Done waiting for pending navigations. Status: ok
[1552245973.117][INFO]: [53e0190fdf7b8bf0de0d976d80c83427] RESPONSE FindElement {
   "ELEMENT": "0.6506999823860955-3"
}
[1552245973.119][INFO]: [53e0190fdf7b8bf0de0d976d80c83427] COMMAND IsElementDisplayed {
   "id": "0.6506999823860955-3"
}
[1552245973.119][INFO]: Waiting for pending navigations...
[1552245973.120][INFO]: Done waiting for pending navigations. Status: ok
[1552245973.127][INFO]: Waiting for pending navigations...
[1552245973.128][INFO]: Done waiting for pending navigations. Status: ok
[1552245973.128][INFO]: [53e0190fdf7b8bf0de0d976d80c83427] RESPONSE IsElementDisplayed true
[1552245973.130][INFO]: [53e0190fdf7b8bf0de0d976d80c83427] COMMAND Screenshot {

}
[1552245973.130][INFO]: Waiting for pending navigations...
[1552245973.131][INFO]: Done waiting for pending navigations. Status: ok
[1552245973.436][INFO]: Waiting for pending navigations...
[1552245973.437][INFO]: Done waiting for pending navigations. Status: ok
[1552245973.437][INFO]: [53e0190fdf7b8bf0de0d976d80c83427] RESPONSE Screenshot "iVBORw0KGgoAAAANSUhEUgAAB4AAAANRCAYAAAACj6FfAAAgAElEQVR4nOzde5RX9WHv/c9vBuYCjgyI3LyOlygoKhgNEE0iahqxJhGa9BSibaonreJJnxNI1mk16Xmq9Omj0KynlaSnlaYnHkjTFNIkFdumYtVUrFowoo4adVBQBuUyXGdgbs8fAgIzYMCRy/b1W..."
[1552245973.449][INFO]: [53e0190fdf7b8bf0de0d976d80c83427] COMMAND FindElement {
   "using": "id",
   "value": "menu-btn"
}
[1552245973.449][INFO]: Waiting for pending navigations...
[1552245973.450][INFO]: Done waiting for pending navigations. Status: ok
[1552245973.454][INFO]: Waiting for pending navigations...
[1552245973.455][INFO]: Done waiting for pending navigations. Status: ok
[1552245973.455][INFO]: [53e0190fdf7b8bf0de0d976d80c83427] RESPONSE FindElement {
   "ELEMENT": "0.6506999823860955-3"
}
[1552245973.459][INFO]: [53e0190fdf7b8bf0de0d976d80c83427] COMMAND ClickElement {
   "id": "0.6506999823860955-3"
}
[1552245973.459][INFO]: Waiting for pending navigations...
[1552245973.460][INFO]: Done waiting for pending navigations. Status: ok
[1552245973.508][INFO]: Waiting for pending navigations...
[1552245973.510][INFO]: Done waiting for pending navigations. Status: ok
[1552245973.510][INFO]: [53e0190fdf7b8bf0de0d976d80c83427] RESPONSE ClickElement
[1552245974.514][INFO]: [53e0190fdf7b8bf0de0d976d80c83427] COMMAND FindElement {
   "using": "id",
   "value": "menu-btn"
}
[1552245974.514][INFO]: Waiting for pending navigations...
[1552245974.516][INFO]: Done waiting for pending navigations. Status: ok
[1552245974.524][INFO]: Waiting for pending navigations...
[1552245974.526][INFO]: Done waiting for pending navigations. Status: ok
[1552245974.526][INFO]: [53e0190fdf7b8bf0de0d976d80c83427] RESPONSE FindElement {
   "ELEMENT": "0.6506999823860955-3"
}
[1552245974.528][INFO]: [53e0190fdf7b8bf0de0d976d80c83427] COMMAND GetElementText {
   "id": "0.6506999823860955-3"
}
[1552245974.528][INFO]: Waiting for pending navigations...
[1552245974.530][INFO]: Done waiting for pending navigations. Status: ok
[1552245974.553][INFO]: Waiting for pending navigations...
[1552245974.554][INFO]: Done waiting for pending navigations. Status: ok
[1552245974.554][INFO]: [53e0190fdf7b8bf0de0d976d80c83427] RESPONSE GetElementText "Close"
[1552245974.556][INFO]: [53e0190fdf7b8bf0de0d976d80c83427] COMMAND Screenshot {

}
[1552245974.556][INFO]: Waiting for pending navigations...
[1552245974.557][INFO]: Done waiting for pending navigations. Status: ok
[1552245974.826][INFO]: Waiting for pending navigations...
[1552245974.827][INFO]: Done waiting for pending navigations. Status: ok
[1552245974.827][INFO]: [53e0190fdf7b8bf0de0d976d80c83427] RESPONSE Screenshot "iVBORw0KGgoAAAANSUhEUgAAB4AAAANRCAYAAAACj6FfAAAgAElEQVR4nOzde3RU533v/8+MBknDeNDogpCEEAwI5EHmIhkrIJtgJNe1ocQGslwOOEl9RNvUkPrYImfld6Cn53cKqX8JclZPgJNfDmrqtvBz0oDruCZuGoExCVCFCgwWMiAQCIEuSIyEEKPLaPT7Q..."
[1552245974.840][INFO]: [53e0190fdf7b8bf0de0d976d80c83427] COMMAND FindElement {
   "using": "id",
   "value": "what-are-link"
}
[1552245974.840][INFO]: Waiting for pending navigations...
[1552245974.841][INFO]: Done waiting for pending navigations. Status: ok
[1552245974.848][INFO]: Waiting for pending navigations...
[1552245974.850][INFO]: Done waiting for pending navigations. Status: ok
[1552245974.850][INFO]: [53e0190fdf7b8bf0de0d976d80c83427] RESPONSE FindElement {
   "ELEMENT": "0.6506999823860955-4"
}
[1552245974.852][INFO]: [53e0190fdf7b8bf0de0d976d80c83427] COMMAND IsElementDisplayed {
   "id": "0.6506999823860955-4"
}
[1552245974.852][INFO]: Waiting for pending navigations...
[1552245974.853][INFO]: Done waiting for pending navigations. Status: ok
[1552245974.862][INFO]: Waiting for pending navigations...
[1552245974.863][INFO]: Done waiting for pending navigations. Status: ok
[1552245974.863][INFO]: [53e0190fdf7b8bf0de0d976d80c83427] RESPONSE IsElementDisplayed true
[1552245974.864][INFO]: [53e0190fdf7b8bf0de0d976d80c83427] COMMAND Screenshot {

}
[1552245974.864][INFO]: Waiting for pending navigations...
[1552245974.865][INFO]: Done waiting for pending navigations. Status: ok
[1552245975.137][INFO]: Waiting for pending navigations...
[1552245975.142][INFO]: Done waiting for pending navigations. Status: ok
[1552245975.142][INFO]: [53e0190fdf7b8bf0de0d976d80c83427] RESPONSE Screenshot "iVBORw0KGgoAAAANSUhEUgAAB4AAAANRCAYAAAACj6FfAAAgAElEQVR4nOzde3RU533v/8+MBknDeNDogpCEEAwI5EHmIhkrIJtgJNe1ocQGslwOOEl9RNvUkPrYImfld6Cn53cKqX8JclZPgJNfDmrqtvBz0oDruCZuGoExCVCFCgwWMiAQCIEuSIyEEKPLaPT7Q..."
[1552245975.157][INFO]: [53e0190fdf7b8bf0de0d976d80c83427] COMMAND FindElement {
   "using": "id",
   "value": "what-are-link"
}
[1552245975.157][INFO]: Waiting for pending navigations...
[1552245975.158][INFO]: Done waiting for pending navigations. Status: ok
[1552245975.162][INFO]: Waiting for pending navigations...
[1552245975.163][INFO]: Done waiting for pending navigations. Status: ok
[1552245975.163][INFO]: [53e0190fdf7b8bf0de0d976d80c83427] RESPONSE FindElement {
   "ELEMENT": "0.6506999823860955-4"
}
[1552245975.164][INFO]: [53e0190fdf7b8bf0de0d976d80c83427] COMMAND GetElementText {
   "id": "0.6506999823860955-4"
}
[1552245975.164][INFO]: Waiting for pending navigations...
[1552245975.165][INFO]: Done waiting for pending navigations. Status: ok
[1552245975.176][INFO]: Waiting for pending navigations...
[1552245975.177][INFO]: Done waiting for pending navigations. Status: ok
[1552245975.177][INFO]: [53e0190fdf7b8bf0de0d976d80c83427] RESPONSE GetElementText "What are Child Labor and Forced Labor?"
[1552245975.180][INFO]: [53e0190fdf7b8bf0de0d976d80c83427] COMMAND FindElement {
   "using": "id",
   "value": "what-are-link"
}
[1552245975.180][INFO]: Waiting for pending navigations...
[1552245975.181][INFO]: Done waiting for pending navigations. Status: ok
[1552245975.186][INFO]: Waiting for pending navigations...
[1552245975.186][INFO]: Done waiting for pending navigations. Status: ok
[1552245975.186][INFO]: [53e0190fdf7b8bf0de0d976d80c83427] RESPONSE FindElement {
   "ELEMENT": "0.6506999823860955-4"
}
[1552245975.188][INFO]: [53e0190fdf7b8bf0de0d976d80c83427] COMMAND GetElementAttribute {
   "id": "0.6506999823860955-4",
   "name": "href"
}
[1552245975.188][INFO]: Waiting for pending navigations...
[1552245975.190][INFO]: Done waiting for pending navigations. Status: ok
[1552245975.193][INFO]: Waiting for pending navigations...
[1552245975.193][INFO]: Done waiting for pending navigations. Status: ok
[1552245975.193][INFO]: [53e0190fdf7b8bf0de0d976d80c83427] RESPONSE GetElementAttribute "http://localhost:3000/what-are"
[1552245975.194][INFO]: [53e0190fdf7b8bf0de0d976d80c83427] COMMAND Screenshot {

}
[1552245975.195][INFO]: Waiting for pending navigations...
[1552245975.195][INFO]: Done waiting for pending navigations. Status: ok
[1552245975.475][INFO]: Waiting for pending navigations...
[1552245975.476][INFO]: Done waiting for pending navigations. Status: ok
[1552245975.476][INFO]: [53e0190fdf7b8bf0de0d976d80c83427] RESPONSE Screenshot "iVBORw0KGgoAAAANSUhEUgAAB4AAAANRCAYAAAACj6FfAAAgAElEQVR4nOzde3RU533v/8+MBknDeNDogpCEEAwI5EHmIhkrIJtgJNe1ocQGslwOOEl9RNvUkPrYImfld6Cn53cKqX8JclZPgJNfDmrqtvBz0oDruCZuGoExCVCFCgwWMiAQCIEuSIyEEKPLaPT7Q..."
[1552245975.492][INFO]: [53e0190fdf7b8bf0de0d976d80c83427] COMMAND FindElement {
   "using": "id",
   "value": "why-develop-link"
}
[1552245975.492][INFO]: Waiting for pending navigations...
[1552245975.494][INFO]: Done waiting for pending navigations. Status: ok
[1552245975.505][INFO]: Waiting for pending navigations...
[1552245975.507][INFO]: Done waiting for pending navigations. Status: ok
[1552245975.507][INFO]: [53e0190fdf7b8bf0de0d976d80c83427] RESPONSE FindElement {
   "ELEMENT": "0.6506999823860955-5"
}
[1552245975.509][INFO]: [53e0190fdf7b8bf0de0d976d80c83427] COMMAND IsElementDisplayed {
   "id": "0.6506999823860955-5"
}
[1552245975.509][INFO]: Waiting for pending navigations...
[1552245975.510][INFO]: Done waiting for pending navigations. Status: ok
[1552245975.519][INFO]: Waiting for pending navigations...
[1552245975.519][INFO]: Done waiting for pending navigations. Status: ok
[1552245975.520][INFO]: [53e0190fdf7b8bf0de0d976d80c83427] RESPONSE IsElementDisplayed true
[1552245975.521][INFO]: [53e0190fdf7b8bf0de0d976d80c83427] COMMAND Screenshot {

}
[1552245975.521][INFO]: Waiting for pending navigations...
[1552245975.522][INFO]: Done waiting for pending navigations. Status: ok
[1552245975.815][INFO]: Waiting for pending navigations...
[1552245975.816][INFO]: Done waiting for pending navigations. Status: ok
[1552245975.816][INFO]: [53e0190fdf7b8bf0de0d976d80c83427] RESPONSE Screenshot "iVBORw0KGgoAAAANSUhEUgAAB4AAAANRCAYAAAACj6FfAAAgAElEQVR4nOzde3RU533v/8+MBknDeNDogpCEEAwI5EHmIhkrIJtgJNe1ocQGslwOOEl9RNvUkPrYImfld6Cn53cKqX8JclZPgJNfDmrqtvBz0oDruCZuGoExCVCFCgwWMiAQCIEuSIyEEKPLaPT7Q..."
[1552245975.831][INFO]: [53e0190fdf7b8bf0de0d976d80c83427] COMMAND FindElement {
   "using": "id",
   "value": "why-develop-link"
}
[1552245975.831][INFO]: Waiting for pending navigations...
[1552245975.831][INFO]: Done waiting for pending navigations. Status: ok
[1552245975.836][INFO]: Waiting for pending navigations...
[1552245975.837][INFO]: Done waiting for pending navigations. Status: ok
[1552245975.837][INFO]: [53e0190fdf7b8bf0de0d976d80c83427] RESPONSE FindElement {
   "ELEMENT": "0.6506999823860955-5"
}
[1552245975.838][INFO]: [53e0190fdf7b8bf0de0d976d80c83427] COMMAND GetElementText {
   "id": "0.6506999823860955-5"
}
[1552245975.838][INFO]: Waiting for pending navigations...
[1552245975.839][INFO]: Done waiting for pending navigations. Status: ok
[1552245975.849][INFO]: Waiting for pending navigations...
[1552245975.852][INFO]: Done waiting for pending navigations. Status: ok
[1552245975.852][INFO]: [53e0190fdf7b8bf0de0d976d80c83427] RESPONSE GetElementText "Why Develop a Social Compliance System?"
[1552245975.854][INFO]: [53e0190fdf7b8bf0de0d976d80c83427] COMMAND FindElement {
   "using": "id",
   "value": "why-develop-link"
}
[1552245975.855][INFO]: Waiting for pending navigations...
[1552245975.855][INFO]: Done waiting for pending navigations. Status: ok
[1552245975.860][INFO]: Waiting for pending navigations...
[1552245975.861][INFO]: Done waiting for pending navigations. Status: ok
[1552245975.861][INFO]: [53e0190fdf7b8bf0de0d976d80c83427] RESPONSE FindElement {
   "ELEMENT": "0.6506999823860955-5"
}
[1552245975.863][INFO]: [53e0190fdf7b8bf0de0d976d80c83427] COMMAND GetElementAttribute {
   "id": "0.6506999823860955-5",
   "name": "href"
}
[1552245975.863][INFO]: Waiting for pending navigations...
[1552245975.864][INFO]: Done waiting for pending navigations. Status: ok
[1552245975.866][INFO]: Waiting for pending navigations...
[1552245975.867][INFO]: Done waiting for pending navigations. Status: ok
[1552245975.867][INFO]: [53e0190fdf7b8bf0de0d976d80c83427] RESPONSE GetElementAttribute "http://localhost:3000/why-develop"
[1552245975.868][INFO]: [53e0190fdf7b8bf0de0d976d80c83427] COMMAND Screenshot {

}
[1552245975.868][INFO]: Waiting for pending navigations...
[1552245975.869][INFO]: Done waiting for pending navigations. Status: ok
[1552245976.152][INFO]: Waiting for pending navigations...
[1552245976.153][INFO]: Done waiting for pending navigations. Status: ok
[1552245976.153][INFO]: [53e0190fdf7b8bf0de0d976d80c83427] RESPONSE Screenshot "iVBORw0KGgoAAAANSUhEUgAAB4AAAANRCAYAAAACj6FfAAAgAElEQVR4nOzde3RU533v/8+MBknDeNDogpCEEAwI5EHmIhkrIJtgJNe1ocQGslwOOEl9RNvUkPrYImfld6Cn53cKqX8JclZPgJNfDmrqtvBz0oDruCZuGoExCVCFCgwWMiAQCIEuSIyEEKPLaPT7Q..."
[1552245976.166][INFO]: [53e0190fdf7b8bf0de0d976d80c83427] COMMAND FindElement {
   "using": "id",
   "value": "basics-link"
}
[1552245976.166][INFO]: Waiting for pending navigations...
[1552245976.167][INFO]: Done waiting for pending navigations. Status: ok
[1552245976.174][INFO]: Waiting for pending navigations...
[1552245976.175][INFO]: Done waiting for pending navigations. Status: ok
[1552245976.175][INFO]: [53e0190fdf7b8bf0de0d976d80c83427] RESPONSE FindElement {
   "ELEMENT": "0.6506999823860955-6"
}
[1552245976.177][INFO]: [53e0190fdf7b8bf0de0d976d80c83427] COMMAND IsElementDisplayed {
   "id": "0.6506999823860955-6"
}
[1552245976.177][INFO]: Waiting for pending navigations...
[1552245976.178][INFO]: Done waiting for pending navigations. Status: ok
[1552245976.186][INFO]: Waiting for pending navigations...
[1552245976.187][INFO]: Done waiting for pending navigations. Status: ok
[1552245976.187][INFO]: [53e0190fdf7b8bf0de0d976d80c83427] RESPONSE IsElementDisplayed true
[1552245976.189][INFO]: [53e0190fdf7b8bf0de0d976d80c83427] COMMAND Screenshot {

}
[1552245976.189][INFO]: Waiting for pending navigations...
[1552245976.190][INFO]: Done waiting for pending navigations. Status: ok
[1552245976.469][INFO]: Waiting for pending navigations...
[1552245976.470][INFO]: Done waiting for pending navigations. Status: ok
[1552245976.470][INFO]: [53e0190fdf7b8bf0de0d976d80c83427] RESPONSE Screenshot "iVBORw0KGgoAAAANSUhEUgAAB4AAAANRCAYAAAACj6FfAAAgAElEQVR4nOzde3RU533v/8+MBknDeNDogpCEEAwI5EHmIhkrIJtgJNe1ocQGslwOOEl9RNvUkPrYImfld6Cn53cKqX8JclZPgJNfDmrqtvBz0oDruCZuGoExCVCFCgwWMiAQCIEuSIyEEKPLaPT7Q..."
[1552245976.483][INFO]: [53e0190fdf7b8bf0de0d976d80c83427] COMMAND FindElement {
   "using": "id",
   "value": "basics-link"
}
[1552245976.483][INFO]: Waiting for pending navigations...
[1552245976.484][INFO]: Done waiting for pending navigations. Status: ok
[1552245976.488][INFO]: Waiting for pending navigations...
[1552245976.490][INFO]: Done waiting for pending navigations. Status: ok
[1552245976.490][INFO]: [53e0190fdf7b8bf0de0d976d80c83427] RESPONSE FindElement {
   "ELEMENT": "0.6506999823860955-6"
}
[1552245976.491][INFO]: [53e0190fdf7b8bf0de0d976d80c83427] COMMAND GetElementText {
   "id": "0.6506999823860955-6"
}
[1552245976.491][INFO]: Waiting for pending navigations...
[1552245976.492][INFO]: Done waiting for pending navigations. Status: ok
[1552245976.501][INFO]: Waiting for pending navigations...
[1552245976.502][INFO]: Done waiting for pending navigations. Status: ok
[1552245976.502][INFO]: [53e0190fdf7b8bf0de0d976d80c83427] RESPONSE GetElementText "Basics of a Social Compliance System"
[1552245976.507][INFO]: [53e0190fdf7b8bf0de0d976d80c83427] COMMAND FindElement {
   "using": "id",
   "value": "basics-link"
}
[1552245976.507][INFO]: Waiting for pending navigations...
[1552245976.508][INFO]: Done waiting for pending navigations. Status: ok
[1552245976.512][INFO]: Waiting for pending navigations...
[1552245976.513][INFO]: Done waiting for pending navigations. Status: ok
[1552245976.513][INFO]: [53e0190fdf7b8bf0de0d976d80c83427] RESPONSE FindElement {
   "ELEMENT": "0.6506999823860955-6"
}
[1552245976.514][INFO]: [53e0190fdf7b8bf0de0d976d80c83427] COMMAND GetElementAttribute {
   "id": "0.6506999823860955-6",
   "name": "href"
}
[1552245976.514][INFO]: Waiting for pending navigations...
[1552245976.515][INFO]: Done waiting for pending navigations. Status: ok
[1552245976.517][INFO]: Waiting for pending navigations...
[1552245976.518][INFO]: Done waiting for pending navigations. Status: ok
[1552245976.518][INFO]: [53e0190fdf7b8bf0de0d976d80c83427] RESPONSE GetElementAttribute "http://localhost:3000/basics"
[1552245976.519][INFO]: [53e0190fdf7b8bf0de0d976d80c83427] COMMAND Screenshot {

}
[1552245976.519][INFO]: Waiting for pending navigations...
[1552245976.520][INFO]: Done waiting for pending navigations. Status: ok
[1552245976.800][INFO]: Waiting for pending navigations...
[1552245976.801][INFO]: Done waiting for pending navigations. Status: ok
[1552245976.801][INFO]: [53e0190fdf7b8bf0de0d976d80c83427] RESPONSE Screenshot "iVBORw0KGgoAAAANSUhEUgAAB4AAAANRCAYAAAACj6FfAAAgAElEQVR4nOzde3RU533v/8+MBknDeNDogpCEEAwI5EHmIhkrIJtgJNe1ocQGslwOOEl9RNvUkPrYImfld6Cn53cKqX8JclZPgJNfDmrqtvBz0oDruCZuGoExCVCFCgwWMiAQCIEuSIyEEKPLaPT7Q..."
[1552245976.832][INFO]: [53e0190fdf7b8bf0de0d976d80c83427] COMMAND FindElement {
   "using": "id",
   "value": "steps-dropdown"
}
[1552245976.832][INFO]: Waiting for pending navigations...
[1552245976.833][INFO]: Done waiting for pending navigations. Status: ok
[1552245976.840][INFO]: Waiting for pending navigations...
[1552245976.841][INFO]: Done waiting for pending navigations. Status: ok
[1552245976.841][INFO]: [53e0190fdf7b8bf0de0d976d80c83427] RESPONSE FindElement {
   "ELEMENT": "0.6506999823860955-7"
}
[1552245976.843][INFO]: [53e0190fdf7b8bf0de0d976d80c83427] COMMAND IsElementDisplayed {
   "id": "0.6506999823860955-7"
}
[1552245976.843][INFO]: Waiting for pending navigations...
[1552245976.844][INFO]: Done waiting for pending navigations. Status: ok
[1552245976.851][INFO]: Waiting for pending navigations...
[1552245976.852][INFO]: Done waiting for pending navigations. Status: ok
[1552245976.852][INFO]: [53e0190fdf7b8bf0de0d976d80c83427] RESPONSE IsElementDisplayed true
[1552245976.854][INFO]: [53e0190fdf7b8bf0de0d976d80c83427] COMMAND Screenshot {

}
[1552245976.854][INFO]: Waiting for pending navigations...
[1552245976.855][INFO]: Done waiting for pending navigations. Status: ok
[1552245977.147][INFO]: Waiting for pending navigations...
[1552245977.148][INFO]: Done waiting for pending navigations. Status: ok
[1552245977.148][INFO]: [53e0190fdf7b8bf0de0d976d80c83427] RESPONSE Screenshot "iVBORw0KGgoAAAANSUhEUgAAB4AAAANRCAYAAAACj6FfAAAgAElEQVR4nOzde3RU533v/8+MBknDeNDogpCEEAwI5EHmIhkrIJtgJNe1ocQGslwOOEl9RNvUkPrYImfld6Cn53cKqX8JclZPgJNfDmrqtvBz0oDruCZuGoExCVCFCgwWMiAQCIEuSIyEEKPLaPT7Q..."
[1552245977.159][INFO]: [53e0190fdf7b8bf0de0d976d80c83427] COMMAND FindElement {
   "using": "id",
   "value": "steps-dropdown"
}
[1552245977.159][INFO]: Waiting for pending navigations...
[1552245977.160][INFO]: Done waiting for pending navigations. Status: ok
[1552245977.165][INFO]: Waiting for pending navigations...
[1552245977.165][INFO]: Done waiting for pending navigations. Status: ok
[1552245977.165][INFO]: [53e0190fdf7b8bf0de0d976d80c83427] RESPONSE FindElement {
   "ELEMENT": "0.6506999823860955-7"
}
[1552245977.169][INFO]: [53e0190fdf7b8bf0de0d976d80c83427] COMMAND GetElementText {
   "id": "0.6506999823860955-7"
}
[1552245977.169][INFO]: Waiting for pending navigations...
[1552245977.170][INFO]: Done waiting for pending navigations. Status: ok
[1552245977.181][INFO]: Waiting for pending navigations...
[1552245977.182][INFO]: Done waiting for pending navigations. Status: ok
[1552245977.182][INFO]: [53e0190fdf7b8bf0de0d976d80c83427] RESPONSE GetElementText "Steps to a social compliance system"
[1552245977.184][INFO]: [53e0190fdf7b8bf0de0d976d80c83427] COMMAND Screenshot {

}
[1552245977.184][INFO]: Waiting for pending navigations...
[1552245977.185][INFO]: Done waiting for pending navigations. Status: ok
[1552245977.491][INFO]: Waiting for pending navigations...
[1552245977.492][INFO]: Done waiting for pending navigations. Status: ok
[1552245977.492][INFO]: [53e0190fdf7b8bf0de0d976d80c83427] RESPONSE Screenshot "iVBORw0KGgoAAAANSUhEUgAAB4AAAANRCAYAAAACj6FfAAAgAElEQVR4nOzde3RU533v/8+MBknDeNDogpCEEAwI5EHmIhkrIJtgJNe1ocQGslwOOEl9RNvUkPrYImfld6Cn53cKqX8JclZPgJNfDmrqtvBz0oDruCZuGoExCVCFCgwWMiAQCIEuSIyEEKPLaPT7Q..."
[1552245977.507][INFO]: [53e0190fdf7b8bf0de0d976d80c83427] COMMAND FindElement {
   "using": "id",
   "value": "steps-dropdown"
}
[1552245977.507][INFO]: Waiting for pending navigations...
[1552245977.508][INFO]: Done waiting for pending navigations. Status: ok
[1552245977.512][INFO]: Waiting for pending navigations...
[1552245977.513][INFO]: Done waiting for pending navigations. Status: ok
[1552245977.513][INFO]: [53e0190fdf7b8bf0de0d976d80c83427] RESPONSE FindElement {
   "ELEMENT": "0.6506999823860955-7"
}
[1552245977.516][INFO]: [53e0190fdf7b8bf0de0d976d80c83427] COMMAND ClickElement {
   "id": "0.6506999823860955-7"
}
[1552245977.516][INFO]: Waiting for pending navigations...
[1552245977.517][INFO]: Done waiting for pending navigations. Status: ok
[1552245977.558][INFO]: Waiting for pending navigations...
[1552245977.563][INFO]: Done waiting for pending navigations. Status: ok
[1552245977.563][INFO]: [53e0190fdf7b8bf0de0d976d80c83427] RESPONSE ClickElement
[1552245977.564][INFO]: [53e0190fdf7b8bf0de0d976d80c83427] COMMAND Screenshot {

}
[1552245977.564][INFO]: Waiting for pending navigations...
[1552245977.565][INFO]: Done waiting for pending navigations. Status: ok
[1552245977.880][INFO]: Waiting for pending navigations...
[1552245977.881][INFO]: Done waiting for pending navigations. Status: ok
[1552245977.881][INFO]: [53e0190fdf7b8bf0de0d976d80c83427] RESPONSE Screenshot "iVBORw0KGgoAAAANSUhEUgAAB4AAAANRCAYAAAACj6FfAAAgAElEQVR4nOzde3RU533v/8+MBknDeNDogpCEEAwIy4PMRQpWQDbBSK5rQ7ENZDkccJJ6ibapIfWxhc/KOdDT/k5x6pOAs3oCnPxy0EndFn5OGnBt18RNIwgmAaoQgcFCBgQCIdAFiZEQYnQZjX5/6..."
[1552245977.910][INFO]: [53e0190fdf7b8bf0de0d976d80c83427] COMMAND FindElement {
   "using": "id",
   "value": "step-1-link"
}
[1552245977.910][INFO]: Waiting for pending navigations...
[1552245977.911][INFO]: Done waiting for pending navigations. Status: ok
[1552245977.919][INFO]: Waiting for pending navigations...
[1552245977.920][INFO]: Done waiting for pending navigations. Status: ok
[1552245977.920][INFO]: [53e0190fdf7b8bf0de0d976d80c83427] RESPONSE FindElement {
   "ELEMENT": "0.6506999823860955-8"
}
[1552245977.921][INFO]: [53e0190fdf7b8bf0de0d976d80c83427] COMMAND IsElementDisplayed {
   "id": "0.6506999823860955-8"
}
[1552245977.921][INFO]: Waiting for pending navigations...
[1552245977.922][INFO]: Done waiting for pending navigations. Status: ok
[1552245977.930][INFO]: Waiting for pending navigations...
[1552245977.931][INFO]: Done waiting for pending navigations. Status: ok
[1552245977.931][INFO]: [53e0190fdf7b8bf0de0d976d80c83427] RESPONSE IsElementDisplayed true
[1552245977.932][INFO]: [53e0190fdf7b8bf0de0d976d80c83427] COMMAND Screenshot {

}
[1552245977.932][INFO]: Waiting for pending navigations...
[1552245977.933][INFO]: Done waiting for pending navigations. Status: ok
[1552245978.233][INFO]: Waiting for pending navigations...
[1552245978.234][INFO]: Done waiting for pending navigations. Status: ok
[1552245978.234][INFO]: [53e0190fdf7b8bf0de0d976d80c83427] RESPONSE Screenshot "iVBORw0KGgoAAAANSUhEUgAAB4AAAANRCAYAAAACj6FfAAAgAElEQVR4nOzde3RU533v/8+MBknDeNDogpCEEAwIy4PMRQpWQDbBSK5rQ7ENZDkccJJ6ibapIfWxhc/KOdDT/k5x6pOAs3oCnPxy0EndFn5OGnBt18RNIwgmAaoQgcFCBgQCIdAFiZEQYnQZjX5/6..."
[1552245978.251][INFO]: [53e0190fdf7b8bf0de0d976d80c83427] COMMAND FindElement {
   "using": "id",
   "value": "step-1-link"
}
[1552245978.251][INFO]: Waiting for pending navigations...
[1552245978.252][INFO]: Done waiting for pending navigations. Status: ok
[1552245978.256][INFO]: Waiting for pending navigations...
[1552245978.258][INFO]: Done waiting for pending navigations. Status: ok
[1552245978.258][INFO]: [53e0190fdf7b8bf0de0d976d80c83427] RESPONSE FindElement {
   "ELEMENT": "0.6506999823860955-8"
}
[1552245978.259][INFO]: [53e0190fdf7b8bf0de0d976d80c83427] COMMAND GetElementText {
   "id": "0.6506999823860955-8"
}
[1552245978.259][INFO]: Waiting for pending navigations...
[1552245978.260][INFO]: Done waiting for pending navigations. Status: ok
[1552245978.272][INFO]: Waiting for pending navigations...
[1552245978.273][INFO]: Done waiting for pending navigations. Status: ok
[1552245978.273][INFO]: [53e0190fdf7b8bf0de0d976d80c83427] RESPONSE GetElementText "Step 1: Engage Stakeholders and Partners"
[1552245978.275][INFO]: [53e0190fdf7b8bf0de0d976d80c83427] COMMAND FindElement {
   "using": "id",
   "value": "step-1-link"
}
[1552245978.275][INFO]: Waiting for pending navigations...
[1552245978.275][INFO]: Done waiting for pending navigations. Status: ok
[1552245978.280][INFO]: Waiting for pending navigations...
[1552245978.287][INFO]: Done waiting for pending navigations. Status: ok
[1552245978.287][INFO]: [53e0190fdf7b8bf0de0d976d80c83427] RESPONSE FindElement {
   "ELEMENT": "0.6506999823860955-8"
}
[1552245978.288][INFO]: [53e0190fdf7b8bf0de0d976d80c83427] COMMAND GetElementAttribute {
   "id": "0.6506999823860955-8",
   "name": "href"
}
[1552245978.289][INFO]: Waiting for pending navigations...
[1552245978.292][INFO]: Done waiting for pending navigations. Status: ok
[1552245978.297][INFO]: Waiting for pending navigations...
[1552245978.298][INFO]: Done waiting for pending navigations. Status: ok
[1552245978.298][INFO]: [53e0190fdf7b8bf0de0d976d80c83427] RESPONSE GetElementAttribute "http://localhost:3000/steps/1"
[1552245978.299][INFO]: [53e0190fdf7b8bf0de0d976d80c83427] COMMAND Screenshot {

}
[1552245978.299][INFO]: Waiting for pending navigations...
[1552245978.300][INFO]: Done waiting for pending navigations. Status: ok
[1552245978.609][INFO]: Waiting for pending navigations...
[1552245978.611][INFO]: Done waiting for pending navigations. Status: ok
[1552245978.611][INFO]: [53e0190fdf7b8bf0de0d976d80c83427] RESPONSE Screenshot "iVBORw0KGgoAAAANSUhEUgAAB4AAAANRCAYAAAACj6FfAAAgAElEQVR4nOzde3RU533v/8+MBknDeNDogpCEEAwIy4PMRQpWQDbBSK5rQ7ENZDkccJJ6ibapIfWxhc/KOdDT/k5x6pOAs3oCnPxy0EndFn5OGnBt18RNIwgmAaoQgcFCBgQCIdAFiZEQYnQZjX5/6..."
[1552245978.626][INFO]: [53e0190fdf7b8bf0de0d976d80c83427] COMMAND FindElement {
   "using": "id",
   "value": "step-2-link"
}
[1552245978.626][INFO]: Waiting for pending navigations...
[1552245978.627][INFO]: Done waiting for pending navigations. Status: ok
[1552245978.640][INFO]: Waiting for pending navigations...
[1552245978.641][INFO]: Done waiting for pending navigations. Status: ok
[1552245978.641][INFO]: [53e0190fdf7b8bf0de0d976d80c83427] RESPONSE FindElement {
   "ELEMENT": "0.6506999823860955-9"
}
[1552245978.643][INFO]: [53e0190fdf7b8bf0de0d976d80c83427] COMMAND IsElementDisplayed {
   "id": "0.6506999823860955-9"
}
[1552245978.643][INFO]: Waiting for pending navigations...
[1552245978.644][INFO]: Done waiting for pending navigations. Status: ok
[1552245978.655][INFO]: Waiting for pending navigations...
[1552245978.656][INFO]: Done waiting for pending navigations. Status: ok
[1552245978.656][INFO]: [53e0190fdf7b8bf0de0d976d80c83427] RESPONSE IsElementDisplayed true
[1552245978.658][INFO]: [53e0190fdf7b8bf0de0d976d80c83427] COMMAND Screenshot {

}
[1552245978.658][INFO]: Waiting for pending navigations...
[1552245978.659][INFO]: Done waiting for pending navigations. Status: ok
[1552245978.954][INFO]: Waiting for pending navigations...
[1552245978.955][INFO]: Done waiting for pending navigations. Status: ok
[1552245978.955][INFO]: [53e0190fdf7b8bf0de0d976d80c83427] RESPONSE Screenshot "iVBORw0KGgoAAAANSUhEUgAAB4AAAANRCAYAAAACj6FfAAAgAElEQVR4nOzde3RU533v/8+MBknDeNDogpCEEAwIy4PMRQpWQDbBSK5rQ7ENZDkccJJ6ibapIfWxhc/KOdDT/k5x6pOAs3oCnPxy0EndFn5OGnBt18RNIwgmAaoQgcFCBgQCIdAFiZEQYnQZjX5/6..."
[1552245978.973][INFO]: [53e0190fdf7b8bf0de0d976d80c83427] COMMAND FindElement {
   "using": "id",
   "value": "step-2-link"
}
[1552245978.973][INFO]: Waiting for pending navigations...
[1552245978.974][INFO]: Done waiting for pending navigations. Status: ok
[1552245978.980][INFO]: Waiting for pending navigations...
[1552245978.980][INFO]: Done waiting for pending navigations. Status: ok
[1552245978.980][INFO]: [53e0190fdf7b8bf0de0d976d80c83427] RESPONSE FindElement {
   "ELEMENT": "0.6506999823860955-9"
}
[1552245978.982][INFO]: [53e0190fdf7b8bf0de0d976d80c83427] COMMAND GetElementText {
   "id": "0.6506999823860955-9"
}
[1552245978.982][INFO]: Waiting for pending navigations...
[1552245978.983][INFO]: Done waiting for pending navigations. Status: ok
[1552245978.993][INFO]: Waiting for pending navigations...
[1552245978.995][INFO]: Done waiting for pending navigations. Status: ok
[1552245978.995][INFO]: [53e0190fdf7b8bf0de0d976d80c83427] RESPONSE GetElementText "Step 2: Assess Risks And Impacts"
[1552245979.002][INFO]: [53e0190fdf7b8bf0de0d976d80c83427] COMMAND Screenshot {

}
[1552245979.002][INFO]: Waiting for pending navigations...
[1552245979.003][INFO]: Done waiting for pending navigations. Status: ok
[1552245979.329][INFO]: Waiting for pending navigations...
[1552245979.330][INFO]: Done waiting for pending navigations. Status: ok
[1552245979.330][INFO]: [53e0190fdf7b8bf0de0d976d80c83427] RESPONSE Screenshot "iVBORw0KGgoAAAANSUhEUgAAB4AAAANRCAYAAAACj6FfAAAgAElEQVR4nOzde3RU533v/8+MBknDeNDogpCEEAwIy4PMRQpWQDbBSK5rQ7ENZDkccJJ6ibapIfWxhc/KOdDT/k5x6pOAs3oCnPxy0EndFn5OGnBt18RNIwgmAaoQgcFCBgQCIdAFiZEQYnQZjX5/6..."
[1552245979.352][INFO]: [53e0190fdf7b8bf0de0d976d80c83427] COMMAND Quit {

}
[1552245979.406][INFO]: [53e0190fdf7b8bf0de0d976d80c83427] RESPONSE Quit
