[1552249256.491][INFO]: Starting ChromeDriver 73.0.3683.68 (47787ec04b6e38e22703e856e101e840b65afe72)
[1552249256.491][INFO]: Please protect ports used by ChromeDriver and related test frameworks to prevent access by malicious code.
[1552249257.305][INFO]: [372c90a38d90ebc2382bf41255b5672b] COMMAND InitSession {
   "capabilities": {
      "firstMatch": [ {
         "browserName": "chrome",
         "goog:chromeOptions": {
            "args": [ "chrome.switches", "--disable-extensions", "chrome.switches", "test-type", "chrome.switches", "start-maximized", "chrome.switches", "no-sandbox" ],
            "extensions": [  ],
            "useAutomationExtension": false
         }
      } ]
   },
   "desiredCapabilities": {
      "browserName": "chrome",
      "goog:chromeOptions": {
         "args": [ "chrome.switches", "--disable-extensions", "chrome.switches", "test-type", "chrome.switches", "start-maximized", "chrome.switches", "no-sandbox" ],
         "extensions": [  ],
         "useAutomationExtension": false
      }
   }
}
[1552249257.310][INFO]: Populating Preferences file: {
   "alternate_error_pages": {
      "enabled": false
   },
   "autofill": {
      "enabled": false
   },
   "browser": {
      "check_default_browser": false
   },
   "distribution": {
      "import_bookmarks": false,
      "import_history": false,
      "import_search_engine": false,
      "make_chrome_default_for_user": false,
      "skip_first_run_ui": true
   },
   "dns_prefetching": {
      "enabled": false
   },
   "profile": {
      "content_settings": {
         "pattern_pairs": {
            "https://*,*": {
               "media-stream": {
                  "audio": "Default",
                  "video": "Default"
               }
            }
         }
      },
      "default_content_setting_values": {
         "geolocation": 1
      },
      "default_content_settings": {
         "geolocation": 1,
         "mouselock": 1,
         "notifications": 1,
         "popups": 1,
         "ppapi-broker": 1
      },
      "password_manager_enabled": false
   },
   "safebrowsing": {
      "enabled": false
   },
   "search": {
      "suggest_enabled": false
   },
   "translate": {
      "enabled": false
   }
}
[1552249257.329][INFO]: Populating Local State file: {
   "background_mode": {
      "enabled": false
   },
   "ssl": {
      "rev_checking": {
         "enabled": false
      }
   }
}
[1552249257.332][INFO]: Launching chrome: "C:\Program Files (x86)\Google\Chrome\Application\chrome.exe" --chrome.switches --disable-background-networking --disable-client-side-phishing-detection --disable-default-apps --disable-extensions --disable-hang-monitor --disable-popup-blocking --disable-prompt-on-repost --disable-sync --disable-web-resources --enable-automation --enable-blink-features=ShadowDOMV0 --enable-logging --force-fieldtrials=SiteIsolationExtensions/Control --ignore-certificate-errors --log-level=0 --metrics-recording-only --no-first-run --no-sandbox --password-store=basic --remote-debugging-port=0 --start-maximized --test-type --use-mock-keychain --user-data-dir="C:\Users\KAVITH~1\AppData\Local\Temp\scoped_dir33960_10842" data:,
[1552249257.874][INFO]: resolved localhost to ["::1","127.0.0.1"]
[1552249258.896][INFO]: [372c90a38d90ebc2382bf41255b5672b] RESPONSE InitSession {
   "acceptInsecureCerts": false,
   "acceptSslCerts": false,
   "applicationCacheEnabled": false,
   "browserConnectionEnabled": false,
   "browserName": "chrome",
   "chrome": {
      "chromedriverVersion": "73.0.3683.68 (47787ec04b6e38e22703e856e101e840b65afe72)",
      "userDataDir": "C:\\Users\\KAVITH~1\\AppData\\Local\\Temp\\scoped_dir33960_10842"
   },
   "cssSelectorsEnabled": true,
   "databaseEnabled": false,
   "goog:chromeOptions": {
      "debuggerAddress": "localhost:54888"
   },
   "handlesAlerts": true,
   "hasTouchScreen": false,
   "javascriptEnabled": true,
   "locationContextEnabled": true,
   "mobileEmulationEnabled": false,
   "nativeEvents": true,
   "networkConnectionEnabled": false,
   "pageLoadStrategy": "normal",
   "platform": "Windows NT",
   "proxy": {

   },
   "~~~": "..."
}
[1552249258.943][INFO]: [372c90a38d90ebc2382bf41255b5672b] COMMAND MaximizeWindow {
   "handle": "current",
   "windowHandle": "current"
}
[1552249258.943][INFO]: Waiting for pending navigations...
[1552249258.954][INFO]: Done waiting for pending navigations. Status: ok
[1552249258.955][INFO]: resolved localhost to ["::1","127.0.0.1"]
[1552249259.966][INFO]: Waiting for pending navigations...
[1552249259.967][INFO]: Done waiting for pending navigations. Status: ok
[1552249259.967][INFO]: [372c90a38d90ebc2382bf41255b5672b] RESPONSE MaximizeWindow {
   "height": 696,
   "width": 1296,
   "x": -8,
   "y": -8
}
[1552249259.972][INFO]: [372c90a38d90ebc2382bf41255b5672b] COMMAND SetTimeouts {
   "ms": 30000,
   "type": "implicit"
}
[1552249259.972][INFO]: [372c90a38d90ebc2382bf41255b5672b] RESPONSE SetTimeouts
[1552249259.975][INFO]: [372c90a38d90ebc2382bf41255b5672b] COMMAND SetTimeouts {
   "ms": 60000,
   "type": "page load"
}
[1552249259.975][INFO]: [372c90a38d90ebc2382bf41255b5672b] RESPONSE SetTimeouts
[1552249259.979][INFO]: [372c90a38d90ebc2382bf41255b5672b] COMMAND Navigate {
   "url": "http://localhost:3000/"
}
[1552249259.979][INFO]: Waiting for pending navigations...
[1552249259.980][INFO]: Done waiting for pending navigations. Status: ok
[1552249260.324][INFO]: Waiting for pending navigations...
[1552249261.267][INFO]: Done waiting for pending navigations. Status: ok
[1552249261.267][INFO]: [372c90a38d90ebc2382bf41255b5672b] RESPONSE Navigate
[1552249261.323][INFO]: [372c90a38d90ebc2382bf41255b5672b] COMMAND FindElement {
   "using": "id",
   "value": "brand-logo"
}
[1552249261.323][INFO]: Waiting for pending navigations...
[1552249261.324][INFO]: Done waiting for pending navigations. Status: ok
[1552249261.335][INFO]: Waiting for pending navigations...
[1552249261.336][INFO]: Done waiting for pending navigations. Status: ok
[1552249261.336][INFO]: [372c90a38d90ebc2382bf41255b5672b] RESPONSE FindElement {
   "ELEMENT": "0.12219331417462631-1"
}
[1552249261.339][INFO]: [372c90a38d90ebc2382bf41255b5672b] COMMAND IsElementDisplayed {
   "id": "0.12219331417462631-1"
}
[1552249261.339][INFO]: Waiting for pending navigations...
[1552249261.340][INFO]: Done waiting for pending navigations. Status: ok
[1552249261.350][INFO]: Waiting for pending navigations...
[1552249261.350][INFO]: Done waiting for pending navigations. Status: ok
[1552249261.350][INFO]: [372c90a38d90ebc2382bf41255b5672b] RESPONSE IsElementDisplayed true
[1552249261.356][INFO]: [372c90a38d90ebc2382bf41255b5672b] COMMAND Screenshot {

}
[1552249261.356][INFO]: Waiting for pending navigations...
[1552249261.357][INFO]: Done waiting for pending navigations. Status: ok
[1552249261.681][INFO]: Waiting for pending navigations...
[1552249261.682][INFO]: Done waiting for pending navigations. Status: ok
[1552249261.682][INFO]: [372c90a38d90ebc2382bf41255b5672b] RESPONSE Screenshot "iVBORw0KGgoAAAANSUhEUgAAB4AAAANRCAYAAAACj6FfAAAgAElEQVR4nOzde5RX9WHv/c9vBuYCjgyI3LyOlygoKhgNEE0iahqxJhGa9BSibaonreJJnxNI1mk16Xmq9Omj0KynlaSnlaYnHkjTFNIkFdumYtVUrFowoo4adVBQBuUyXGdgbs8fAgIzYMCRy/b1W..."
[1552249261.704][INFO]: [372c90a38d90ebc2382bf41255b5672b] COMMAND FindElement {
   "using": "id",
   "value": "brand-name"
}
[1552249261.704][INFO]: Waiting for pending navigations...
[1552249261.705][INFO]: Done waiting for pending navigations. Status: ok
[1552249261.713][INFO]: Waiting for pending navigations...
[1552249261.714][INFO]: Done waiting for pending navigations. Status: ok
[1552249261.714][INFO]: [372c90a38d90ebc2382bf41255b5672b] RESPONSE FindElement {
   "ELEMENT": "0.12219331417462631-2"
}
[1552249261.716][INFO]: [372c90a38d90ebc2382bf41255b5672b] COMMAND IsElementDisplayed {
   "id": "0.12219331417462631-2"
}
[1552249261.716][INFO]: Waiting for pending navigations...
[1552249261.717][INFO]: Done waiting for pending navigations. Status: ok
[1552249261.727][INFO]: Waiting for pending navigations...
[1552249261.728][INFO]: Done waiting for pending navigations. Status: ok
[1552249261.728][INFO]: [372c90a38d90ebc2382bf41255b5672b] RESPONSE IsElementDisplayed true
[1552249261.730][INFO]: [372c90a38d90ebc2382bf41255b5672b] COMMAND Screenshot {

}
[1552249261.730][INFO]: Waiting for pending navigations...
[1552249261.731][INFO]: Done waiting for pending navigations. Status: ok
[1552249261.994][INFO]: Waiting for pending navigations...
[1552249261.997][INFO]: Done waiting for pending navigations. Status: ok
[1552249261.997][INFO]: [372c90a38d90ebc2382bf41255b5672b] RESPONSE Screenshot "iVBORw0KGgoAAAANSUhEUgAAB4AAAANRCAYAAAACj6FfAAAgAElEQVR4nOzde5RX9WHv/c9vBuYCjgyI3LyOlygoKhgNEE0iahqxJhGa9BSibaonreJJnxNI1mk16Xmq9Omj0KynlaSnlaYnHkjTFNIkFdumYtVUrFowoo4adVBQBuUyXGdgbs8fAgIzYMCRy/b1W..."
[1552249262.014][INFO]: [372c90a38d90ebc2382bf41255b5672b] COMMAND FindElement {
   "using": "xpath",
   "value": "//div[@id='container']/div"
}
[1552249262.014][INFO]: Waiting for pending navigations...
[1552249262.016][INFO]: Done waiting for pending navigations. Status: ok
[1552249262.026][INFO]: Waiting for pending navigations...
[1552249262.027][INFO]: Done waiting for pending navigations. Status: ok
[1552249262.027][INFO]: [372c90a38d90ebc2382bf41255b5672b] RESPONSE FindElement {
   "ELEMENT": "0.12219331417462631-3"
}
[1552249262.029][INFO]: [372c90a38d90ebc2382bf41255b5672b] COMMAND IsElementDisplayed {
   "id": "0.12219331417462631-3"
}
[1552249262.029][INFO]: Waiting for pending navigations...
[1552249262.030][INFO]: Done waiting for pending navigations. Status: ok
[1552249262.038][INFO]: Waiting for pending navigations...
[1552249262.039][INFO]: Done waiting for pending navigations. Status: ok
[1552249262.039][INFO]: [372c90a38d90ebc2382bf41255b5672b] RESPONSE IsElementDisplayed true
[1552249262.041][INFO]: [372c90a38d90ebc2382bf41255b5672b] COMMAND Screenshot {

}
[1552249262.041][INFO]: Waiting for pending navigations...
[1552249262.043][INFO]: Done waiting for pending navigations. Status: ok
[1552249262.347][INFO]: Waiting for pending navigations...
[1552249262.349][INFO]: Done waiting for pending navigations. Status: ok
[1552249262.349][INFO]: [372c90a38d90ebc2382bf41255b5672b] RESPONSE Screenshot "iVBORw0KGgoAAAANSUhEUgAAB4AAAANRCAYAAAACj6FfAAAgAElEQVR4nOzde5RX9WHv/c9vBuYCjgyI3LyOlygoKhgNEE0iahqxJhGa9BSibaonreJJnxNI1mk16Xmq9Omj0KynlaSnlaYnHkjTFNIkFdumYtVUrFowoo4adVBQBuUyXGdgbs8fAgIzYMCRy/b1W..."
[1552249262.359][INFO]: [372c90a38d90ebc2382bf41255b5672b] COMMAND FindElement {
   "using": "id",
   "value": "menu-btn"
}
[1552249262.359][INFO]: Waiting for pending navigations...
[1552249262.361][INFO]: Done waiting for pending navigations. Status: ok
[1552249262.370][INFO]: Waiting for pending navigations...
[1552249262.371][INFO]: Done waiting for pending navigations. Status: ok
[1552249262.371][INFO]: [372c90a38d90ebc2382bf41255b5672b] RESPONSE FindElement {
   "ELEMENT": "0.12219331417462631-4"
}
[1552249262.373][INFO]: [372c90a38d90ebc2382bf41255b5672b] COMMAND IsElementDisplayed {
   "id": "0.12219331417462631-4"
}
[1552249262.373][INFO]: Waiting for pending navigations...
[1552249262.373][INFO]: Done waiting for pending navigations. Status: ok
[1552249262.387][INFO]: Waiting for pending navigations...
[1552249262.388][INFO]: Done waiting for pending navigations. Status: ok
[1552249262.388][INFO]: [372c90a38d90ebc2382bf41255b5672b] RESPONSE IsElementDisplayed true
[1552249262.391][INFO]: [372c90a38d90ebc2382bf41255b5672b] COMMAND Screenshot {

}
[1552249262.391][INFO]: Waiting for pending navigations...
[1552249262.392][INFO]: Done waiting for pending navigations. Status: ok
[1552249262.698][INFO]: Waiting for pending navigations...
[1552249262.700][INFO]: Done waiting for pending navigations. Status: ok
[1552249262.700][INFO]: [372c90a38d90ebc2382bf41255b5672b] RESPONSE Screenshot "iVBORw0KGgoAAAANSUhEUgAAB4AAAANRCAYAAAACj6FfAAAgAElEQVR4nOzde5RX9WHv/c9vBuYCjgyI3LyOlygoKhgNEE0iahqxJhGa9BSibaonreJJnxNI1mk16Xmq9Omj0KynlaSnlaYnHkjTFNIkFdumYtVUrFowoo4adVBQBuUyXGdgbs8fAgIzYMCRy/b1W..."
[1552249262.710][INFO]: [372c90a38d90ebc2382bf41255b5672b] COMMAND FindElement {
   "using": "id",
   "value": "menu-btn"
}
[1552249262.710][INFO]: Waiting for pending navigations...
[1552249262.711][INFO]: Done waiting for pending navigations. Status: ok
[1552249262.715][INFO]: Waiting for pending navigations...
[1552249262.716][INFO]: Done waiting for pending navigations. Status: ok
[1552249262.716][INFO]: [372c90a38d90ebc2382bf41255b5672b] RESPONSE FindElement {
   "ELEMENT": "0.12219331417462631-4"
}
[1552249262.719][INFO]: [372c90a38d90ebc2382bf41255b5672b] COMMAND ClickElement {
   "id": "0.12219331417462631-4"
}
[1552249262.720][INFO]: Waiting for pending navigations...
[1552249262.721][INFO]: Done waiting for pending navigations. Status: ok
[1552249262.772][INFO]: Waiting for pending navigations...
[1552249262.773][INFO]: Done waiting for pending navigations. Status: ok
[1552249262.773][INFO]: [372c90a38d90ebc2382bf41255b5672b] RESPONSE ClickElement
[1552249263.777][INFO]: [372c90a38d90ebc2382bf41255b5672b] COMMAND FindElement {
   "using": "id",
   "value": "menu-btn"
}
[1552249263.777][INFO]: Waiting for pending navigations...
[1552249263.778][INFO]: Done waiting for pending navigations. Status: ok
[1552249263.784][INFO]: Waiting for pending navigations...
[1552249263.785][INFO]: Done waiting for pending navigations. Status: ok
[1552249263.785][INFO]: [372c90a38d90ebc2382bf41255b5672b] RESPONSE FindElement {
   "ELEMENT": "0.12219331417462631-4"
}
[1552249263.786][INFO]: [372c90a38d90ebc2382bf41255b5672b] COMMAND GetElementText {
   "id": "0.12219331417462631-4"
}
[1552249263.786][INFO]: Waiting for pending navigations...
[1552249263.787][INFO]: Done waiting for pending navigations. Status: ok
[1552249263.798][INFO]: Waiting for pending navigations...
[1552249263.799][INFO]: Done waiting for pending navigations. Status: ok
[1552249263.799][INFO]: [372c90a38d90ebc2382bf41255b5672b] RESPONSE GetElementText "Close"
[1552249263.801][INFO]: [372c90a38d90ebc2382bf41255b5672b] COMMAND Screenshot {

}
[1552249263.801][INFO]: Waiting for pending navigations...
[1552249263.802][INFO]: Done waiting for pending navigations. Status: ok
[1552249264.126][INFO]: Waiting for pending navigations...
[1552249264.127][INFO]: Done waiting for pending navigations. Status: ok
[1552249264.128][INFO]: [372c90a38d90ebc2382bf41255b5672b] RESPONSE Screenshot "iVBORw0KGgoAAAANSUhEUgAAB4AAAANRCAYAAAACj6FfAAAgAElEQVR4nOzde3RU533v/8+MBknDeNDogpCEEAwI5EHmIhkrIJtgJNe1ocQGslwOOEl9RNvUkPrYImfld6Cn53cKqX8JclZPgJNfDmrqtvBz0oDruCZuGoExCVCFCgwWMiAQCIEuSIyEEKPLaPT7Q..."
[1552249264.145][INFO]: [372c90a38d90ebc2382bf41255b5672b] COMMAND FindElement {
   "using": "id",
   "value": "menu-btn"
}
[1552249264.145][INFO]: Waiting for pending navigations...
[1552249264.146][INFO]: Done waiting for pending navigations. Status: ok
[1552249264.149][INFO]: Waiting for pending navigations...
[1552249264.150][INFO]: Done waiting for pending navigations. Status: ok
[1552249264.150][INFO]: [372c90a38d90ebc2382bf41255b5672b] RESPONSE FindElement {
   "ELEMENT": "0.12219331417462631-4"
}
[1552249264.152][INFO]: [372c90a38d90ebc2382bf41255b5672b] COMMAND ClickElement {
   "id": "0.12219331417462631-4"
}
[1552249264.153][INFO]: Waiting for pending navigations...
[1552249264.153][INFO]: Done waiting for pending navigations. Status: ok
[1552249264.206][INFO]: Waiting for pending navigations...
[1552249264.207][INFO]: Done waiting for pending navigations. Status: ok
[1552249264.207][INFO]: [372c90a38d90ebc2382bf41255b5672b] RESPONSE ClickElement
[1552249264.210][INFO]: [372c90a38d90ebc2382bf41255b5672b] COMMAND FindElement {
   "using": "id",
   "value": "menu-btn"
}
[1552249264.210][INFO]: Waiting for pending navigations...
[1552249264.210][INFO]: Done waiting for pending navigations. Status: ok
[1552249264.215][INFO]: Waiting for pending navigations...
[1552249264.216][INFO]: Done waiting for pending navigations. Status: ok
[1552249264.216][INFO]: [372c90a38d90ebc2382bf41255b5672b] RESPONSE FindElement {
   "ELEMENT": "0.12219331417462631-4"
}
[1552249264.219][INFO]: [372c90a38d90ebc2382bf41255b5672b] COMMAND GetElementText {
   "id": "0.12219331417462631-4"
}
[1552249264.219][INFO]: Waiting for pending navigations...
[1552249264.220][INFO]: Done waiting for pending navigations. Status: ok
[1552249264.226][INFO]: Waiting for pending navigations...
[1552249264.227][INFO]: Done waiting for pending navigations. Status: ok
[1552249264.227][INFO]: [372c90a38d90ebc2382bf41255b5672b] RESPONSE GetElementText "Menu"
[1552249264.230][INFO]: [372c90a38d90ebc2382bf41255b5672b] COMMAND Screenshot {

}
[1552249264.230][INFO]: Waiting for pending navigations...
[1552249264.231][INFO]: Done waiting for pending navigations. Status: ok
[1552249264.559][INFO]: Waiting for pending navigations...
[1552249264.561][INFO]: Done waiting for pending navigations. Status: ok
[1552249264.561][INFO]: [372c90a38d90ebc2382bf41255b5672b] RESPONSE Screenshot "iVBORw0KGgoAAAANSUhEUgAAB4AAAANRCAYAAAACj6FfAAAgAElEQVR4nOzde5SX9X0v+vdvGObCCAyI3ER0FC/gDYhaoRojxDRizQWSdheatKnu7Ebc6WkgWXtvTXZPoz09BtJ1Wkl62pB0JwfSNIXUpMHsJmLQBKxaMBodxcsgoAyKzCAMM8Awc/7gNsCAt2GG+..."
[1552249264.570][INFO]: [372c90a38d90ebc2382bf41255b5672b] COMMAND FindElement {
   "using": "id",
   "value": "bookmarks-link"
}
[1552249264.570][INFO]: Waiting for pending navigations...
[1552249264.571][INFO]: Done waiting for pending navigations. Status: ok
[1552249264.584][INFO]: Waiting for pending navigations...
[1552249264.585][INFO]: Done waiting for pending navigations. Status: ok
[1552249264.585][INFO]: [372c90a38d90ebc2382bf41255b5672b] RESPONSE FindElement {
   "ELEMENT": "0.12219331417462631-5"
}
[1552249264.588][INFO]: [372c90a38d90ebc2382bf41255b5672b] COMMAND IsElementDisplayed {
   "id": "0.12219331417462631-5"
}
[1552249264.588][INFO]: Waiting for pending navigations...
[1552249264.589][INFO]: Done waiting for pending navigations. Status: ok
[1552249264.599][INFO]: Waiting for pending navigations...
[1552249264.600][INFO]: Done waiting for pending navigations. Status: ok
[1552249264.600][INFO]: [372c90a38d90ebc2382bf41255b5672b] RESPONSE IsElementDisplayed true
[1552249264.602][INFO]: [372c90a38d90ebc2382bf41255b5672b] COMMAND Screenshot {

}
[1552249264.602][INFO]: Waiting for pending navigations...
[1552249264.602][INFO]: Done waiting for pending navigations. Status: ok
[1552249264.911][INFO]: Waiting for pending navigations...
[1552249264.912][INFO]: Done waiting for pending navigations. Status: ok
[1552249264.912][INFO]: [372c90a38d90ebc2382bf41255b5672b] RESPONSE Screenshot "iVBORw0KGgoAAAANSUhEUgAAB4AAAANRCAYAAAACj6FfAAAgAElEQVR4nOzde5SX9WHv+89vBubCRQZEbuJlFKOgqGA0QDSJqGnEmkRo0l2ItonutIo7PSfQrN1qsveu0tNjoF2nlaSnlaQ7HkjTFNIkFdumYtRUrKZgRB016iCgDIgw3Afmdv7gIjADBhy5PL5ea..."
[1552249264.921][INFO]: [372c90a38d90ebc2382bf41255b5672b] COMMAND FindElement {
   "using": "id",
   "value": "bookmarks-link"
}
[1552249264.921][INFO]: Waiting for pending navigations...
[1552249264.922][INFO]: Done waiting for pending navigations. Status: ok
[1552249264.926][INFO]: Waiting for pending navigations...
[1552249264.928][INFO]: Done waiting for pending navigations. Status: ok
[1552249264.928][INFO]: [372c90a38d90ebc2382bf41255b5672b] RESPONSE FindElement {
   "ELEMENT": "0.12219331417462631-5"
}
[1552249264.932][INFO]: [372c90a38d90ebc2382bf41255b5672b] COMMAND FindChildElement {
   "id": "0.12219331417462631-5",
   "using": "tag name",
   "value": "span"
}
[1552249264.932][INFO]: Waiting for pending navigations...
[1552249264.933][INFO]: Done waiting for pending navigations. Status: ok
[1552249264.945][INFO]: Waiting for pending navigations...
[1552249264.946][INFO]: Done waiting for pending navigations. Status: ok
[1552249264.946][INFO]: [372c90a38d90ebc2382bf41255b5672b] RESPONSE FindChildElement {
   "ELEMENT": "0.12219331417462631-6"
}
[1552249264.947][INFO]: [372c90a38d90ebc2382bf41255b5672b] COMMAND GetElementText {
   "id": "0.12219331417462631-6"
}
[1552249264.948][INFO]: Waiting for pending navigations...
[1552249264.948][INFO]: Done waiting for pending navigations. Status: ok
[1552249264.958][INFO]: Waiting for pending navigations...
[1552249264.959][INFO]: Done waiting for pending navigations. Status: ok
[1552249264.959][INFO]: [372c90a38d90ebc2382bf41255b5672b] RESPONSE GetElementText "Bookmarks"
[1552249264.961][INFO]: [372c90a38d90ebc2382bf41255b5672b] COMMAND FindElement {
   "using": "id",
   "value": "bookmarks-link"
}
[1552249264.962][INFO]: Waiting for pending navigations...
[1552249264.962][INFO]: Done waiting for pending navigations. Status: ok
[1552249264.966][INFO]: Waiting for pending navigations...
[1552249264.967][INFO]: Done waiting for pending navigations. Status: ok
[1552249264.967][INFO]: [372c90a38d90ebc2382bf41255b5672b] RESPONSE FindElement {
   "ELEMENT": "0.12219331417462631-5"
}
[1552249264.968][INFO]: [372c90a38d90ebc2382bf41255b5672b] COMMAND GetElementAttribute {
   "id": "0.12219331417462631-5",
   "name": "href"
}
[1552249264.969][INFO]: Waiting for pending navigations...
[1552249264.969][INFO]: Done waiting for pending navigations. Status: ok
[1552249264.972][INFO]: Waiting for pending navigations...
[1552249264.973][INFO]: Done waiting for pending navigations. Status: ok
[1552249264.973][INFO]: [372c90a38d90ebc2382bf41255b5672b] RESPONSE GetElementAttribute "http://localhost:3000/bookmarks"
[1552249264.974][INFO]: [372c90a38d90ebc2382bf41255b5672b] COMMAND Screenshot {

}
[1552249264.974][INFO]: Waiting for pending navigations...
[1552249264.976][INFO]: Done waiting for pending navigations. Status: ok
[1552249265.274][INFO]: Waiting for pending navigations...
[1552249265.275][INFO]: Done waiting for pending navigations. Status: ok
[1552249265.275][INFO]: [372c90a38d90ebc2382bf41255b5672b] RESPONSE Screenshot "iVBORw0KGgoAAAANSUhEUgAAB4AAAANRCAYAAAACj6FfAAAgAElEQVR4nOzde5SX9WHv+89vBubCRQZEbuJlFKOgqGA0QDSJqGnEmkRo0l2ItonutIo7PSfQrN1qsveu0tNjoF2nlaSnlaQ7HkjTFNIkFdumYtRUrKZgRB016iCgDIgw3Afmdv7gIjADBhy5PL5ea..."
[1552249265.290][INFO]: [372c90a38d90ebc2382bf41255b5672b] COMMAND FindElement {
   "using": "id",
   "value": "search-link"
}
[1552249265.290][INFO]: Waiting for pending navigations...
[1552249265.291][INFO]: Done waiting for pending navigations. Status: ok
[1552249265.299][INFO]: Waiting for pending navigations...
[1552249265.300][INFO]: Done waiting for pending navigations. Status: ok
[1552249265.300][INFO]: [372c90a38d90ebc2382bf41255b5672b] RESPONSE FindElement {
   "ELEMENT": "0.12219331417462631-7"
}
[1552249265.302][INFO]: [372c90a38d90ebc2382bf41255b5672b] COMMAND IsElementDisplayed {
   "id": "0.12219331417462631-7"
}
[1552249265.302][INFO]: Waiting for pending navigations...
[1552249265.302][INFO]: Done waiting for pending navigations. Status: ok
[1552249265.311][INFO]: Waiting for pending navigations...
[1552249265.312][INFO]: Done waiting for pending navigations. Status: ok
[1552249265.312][INFO]: [372c90a38d90ebc2382bf41255b5672b] RESPONSE IsElementDisplayed true
[1552249265.313][INFO]: [372c90a38d90ebc2382bf41255b5672b] COMMAND Screenshot {

}
[1552249265.313][INFO]: Waiting for pending navigations...
[1552249265.315][INFO]: Done waiting for pending navigations. Status: ok
[1552249265.628][INFO]: Waiting for pending navigations...
[1552249265.629][INFO]: Done waiting for pending navigations. Status: ok
[1552249265.629][INFO]: [372c90a38d90ebc2382bf41255b5672b] RESPONSE Screenshot "iVBORw0KGgoAAAANSUhEUgAAB4AAAANRCAYAAAACj6FfAAAgAElEQVR4nOzde5SX9WHv+89vBubCRQZEbuJlFKOgqGA0QDSJqGnEmkRo0l2ItonutIo7PSfQrN1qsveu0tNjoF2nlaSnlaQ7HkjTFNIkFdumYtRUrKZgRB016iCgDIgw3Afmdv7gIjADBhy5PL5ea..."
[1552249265.638][INFO]: [372c90a38d90ebc2382bf41255b5672b] COMMAND FindElement {
   "using": "id",
   "value": "search-link"
}
[1552249265.638][INFO]: Waiting for pending navigations...
[1552249265.638][INFO]: Done waiting for pending navigations. Status: ok
[1552249265.643][INFO]: Waiting for pending navigations...
[1552249265.644][INFO]: Done waiting for pending navigations. Status: ok
[1552249265.644][INFO]: [372c90a38d90ebc2382bf41255b5672b] RESPONSE FindElement {
   "ELEMENT": "0.12219331417462631-7"
}
[1552249265.648][INFO]: [372c90a38d90ebc2382bf41255b5672b] COMMAND FindChildElement {
   "id": "0.12219331417462631-7",
   "using": "tag name",
   "value": "span"
}
[1552249265.648][INFO]: Waiting for pending navigations...
[1552249265.649][INFO]: Done waiting for pending navigations. Status: ok
[1552249265.660][INFO]: Waiting for pending navigations...
[1552249265.662][INFO]: Done waiting for pending navigations. Status: ok
[1552249265.662][INFO]: [372c90a38d90ebc2382bf41255b5672b] RESPONSE FindChildElement {
   "ELEMENT": "0.12219331417462631-8"
}
[1552249265.663][INFO]: [372c90a38d90ebc2382bf41255b5672b] COMMAND GetElementText {
   "id": "0.12219331417462631-8"
}
[1552249265.663][INFO]: Waiting for pending navigations...
[1552249265.665][INFO]: Done waiting for pending navigations. Status: ok
[1552249265.675][INFO]: Waiting for pending navigations...
[1552249265.676][INFO]: Done waiting for pending navigations. Status: ok
[1552249265.676][INFO]: [372c90a38d90ebc2382bf41255b5672b] RESPONSE GetElementText "Search"
[1552249265.682][INFO]: [372c90a38d90ebc2382bf41255b5672b] COMMAND FindElement {
   "using": "id",
   "value": "search-link"
}
[1552249265.682][INFO]: Waiting for pending navigations...
[1552249265.683][INFO]: Done waiting for pending navigations. Status: ok
[1552249265.688][INFO]: Waiting for pending navigations...
[1552249265.689][INFO]: Done waiting for pending navigations. Status: ok
[1552249265.689][INFO]: [372c90a38d90ebc2382bf41255b5672b] RESPONSE FindElement {
   "ELEMENT": "0.12219331417462631-7"
}
[1552249265.691][INFO]: [372c90a38d90ebc2382bf41255b5672b] COMMAND GetElementAttribute {
   "id": "0.12219331417462631-7",
   "name": "href"
}
[1552249265.691][INFO]: Waiting for pending navigations...
[1552249265.691][INFO]: Done waiting for pending navigations. Status: ok
[1552249265.695][INFO]: Waiting for pending navigations...
[1552249265.696][INFO]: Done waiting for pending navigations. Status: ok
[1552249265.696][INFO]: [372c90a38d90ebc2382bf41255b5672b] RESPONSE GetElementAttribute "http://localhost:3000/search"
[1552249265.698][INFO]: [372c90a38d90ebc2382bf41255b5672b] COMMAND Screenshot {

}
[1552249265.698][INFO]: Waiting for pending navigations...
[1552249265.699][INFO]: Done waiting for pending navigations. Status: ok
[1552249266.000][INFO]: Waiting for pending navigations...
[1552249266.001][INFO]: Done waiting for pending navigations. Status: ok
[1552249266.001][INFO]: [372c90a38d90ebc2382bf41255b5672b] RESPONSE Screenshot "iVBORw0KGgoAAAANSUhEUgAAB4AAAANRCAYAAAACj6FfAAAgAElEQVR4nOzde5SX9WHv+89vBubCRQZEbuJlFKOgqGA0QDSJqGnEmkRo0l2ItonutIo7PSfQrN1qsveu0tNjoF2nlaSnlaQ7HkjTFNIkFdumYtRUrKZgRB016iCgDIgw3Afmdv7gIjADBhy5PL5ea..."
[1552249266.010][INFO]: [372c90a38d90ebc2382bf41255b5672b] COMMAND FindElement {
   "using": "id",
   "value": "share-link"
}
[1552249266.010][INFO]: Waiting for pending navigations...
[1552249266.011][INFO]: Done waiting for pending navigations. Status: ok
[1552249266.019][INFO]: Waiting for pending navigations...
[1552249266.020][INFO]: Done waiting for pending navigations. Status: ok
[1552249266.020][INFO]: [372c90a38d90ebc2382bf41255b5672b] RESPONSE FindElement {
   "ELEMENT": "0.12219331417462631-9"
}
[1552249266.022][INFO]: [372c90a38d90ebc2382bf41255b5672b] COMMAND IsElementDisplayed {
   "id": "0.12219331417462631-9"
}
[1552249266.022][INFO]: Waiting for pending navigations...
[1552249266.023][INFO]: Done waiting for pending navigations. Status: ok
[1552249266.034][INFO]: Waiting for pending navigations...
[1552249266.035][INFO]: Done waiting for pending navigations. Status: ok
[1552249266.035][INFO]: [372c90a38d90ebc2382bf41255b5672b] RESPONSE IsElementDisplayed true
[1552249266.038][INFO]: [372c90a38d90ebc2382bf41255b5672b] COMMAND Screenshot {

}
[1552249266.038][INFO]: Waiting for pending navigations...
[1552249266.039][INFO]: Done waiting for pending navigations. Status: ok
[1552249266.373][INFO]: Waiting for pending navigations...
[1552249266.374][INFO]: Done waiting for pending navigations. Status: ok
[1552249266.374][INFO]: [372c90a38d90ebc2382bf41255b5672b] RESPONSE Screenshot "iVBORw0KGgoAAAANSUhEUgAAB4AAAANRCAYAAAACj6FfAAAgAElEQVR4nOzde5SX9WHv+89vBubCRQZEbuJlFKOgqGA0QDSJqGnEmkRo0l2ItonutIo7PSfQrN1qsveu0tNjoF2nlaSnlaQ7HkjTFNIkFdumYtRUrKZgRB016iCgDIgw3Afmdv7gIjADBhy5PL5ea..."
[1552249266.389][INFO]: [372c90a38d90ebc2382bf41255b5672b] COMMAND FindElement {
   "using": "id",
   "value": "share-link"
}
[1552249266.389][INFO]: Waiting for pending navigations...
[1552249266.390][INFO]: Done waiting for pending navigations. Status: ok
[1552249266.395][INFO]: Waiting for pending navigations...
[1552249266.396][INFO]: Done waiting for pending navigations. Status: ok
[1552249266.396][INFO]: [372c90a38d90ebc2382bf41255b5672b] RESPONSE FindElement {
   "ELEMENT": "0.12219331417462631-9"
}
[1552249266.399][INFO]: [372c90a38d90ebc2382bf41255b5672b] COMMAND FindChildElement {
   "id": "0.12219331417462631-9",
   "using": "tag name",
   "value": "span"
}
[1552249266.399][INFO]: Waiting for pending navigations...
[1552249266.400][INFO]: Done waiting for pending navigations. Status: ok
[1552249266.409][INFO]: Waiting for pending navigations...
[1552249266.410][INFO]: Done waiting for pending navigations. Status: ok
[1552249266.410][INFO]: [372c90a38d90ebc2382bf41255b5672b] RESPONSE FindChildElement {
   "ELEMENT": "0.12219331417462631-10"
}
[1552249266.411][INFO]: [372c90a38d90ebc2382bf41255b5672b] COMMAND GetElementText {
   "id": "0.12219331417462631-10"
}
[1552249266.411][INFO]: Waiting for pending navigations...
[1552249266.412][INFO]: Done waiting for pending navigations. Status: ok
[1552249266.424][INFO]: Waiting for pending navigations...
[1552249266.425][INFO]: Done waiting for pending navigations. Status: ok
[1552249266.425][INFO]: [372c90a38d90ebc2382bf41255b5672b] RESPONSE GetElementText "Share"
[1552249266.429][INFO]: [372c90a38d90ebc2382bf41255b5672b] COMMAND FindElement {
   "using": "id",
   "value": "share-link"
}
[1552249266.429][INFO]: Waiting for pending navigations...
[1552249266.429][INFO]: Done waiting for pending navigations. Status: ok
[1552249266.434][INFO]: Waiting for pending navigations...
[1552249266.435][INFO]: Done waiting for pending navigations. Status: ok
[1552249266.435][INFO]: [372c90a38d90ebc2382bf41255b5672b] RESPONSE FindElement {
   "ELEMENT": "0.12219331417462631-9"
}
[1552249266.436][INFO]: [372c90a38d90ebc2382bf41255b5672b] COMMAND GetElementAttribute {
   "id": "0.12219331417462631-9",
   "name": "href"
}
[1552249266.436][INFO]: Waiting for pending navigations...
[1552249266.437][INFO]: Done waiting for pending navigations. Status: ok
[1552249266.440][INFO]: Waiting for pending navigations...
[1552249266.440][INFO]: Done waiting for pending navigations. Status: ok
[1552249266.440][INFO]: [372c90a38d90ebc2382bf41255b5672b] RESPONSE GetElementAttribute "http://localhost:3000/share"
[1552249266.442][INFO]: [372c90a38d90ebc2382bf41255b5672b] COMMAND Screenshot {

}
[1552249266.442][INFO]: Waiting for pending navigations...
[1552249266.443][INFO]: Done waiting for pending navigations. Status: ok
[1552249266.749][INFO]: Waiting for pending navigations...
[1552249266.750][INFO]: Done waiting for pending navigations. Status: ok
[1552249266.750][INFO]: [372c90a38d90ebc2382bf41255b5672b] RESPONSE Screenshot "iVBORw0KGgoAAAANSUhEUgAAB4AAAANRCAYAAAACj6FfAAAgAElEQVR4nOzde5SX9WHv+89vBubCRQZEbuJlFKOgqGA0QDSJqGnEmkRo0l2ItonutIo7PSfQrN1qsveu0tNjoF2nlaSnlaQ7HkjTFNIkFdumYtRUrKZgRB016iCgDIgw3Afmdv7gIjADBhy5PL5ea..."
[1552249266.760][INFO]: [372c90a38d90ebc2382bf41255b5672b] COMMAND FindElement {
   "using": "id",
   "value": "about-link"
}
[1552249266.760][INFO]: Waiting for pending navigations...
[1552249266.761][INFO]: Done waiting for pending navigations. Status: ok
[1552249266.769][INFO]: Waiting for pending navigations...
[1552249266.770][INFO]: Done waiting for pending navigations. Status: ok
[1552249266.770][INFO]: [372c90a38d90ebc2382bf41255b5672b] RESPONSE FindElement {
   "ELEMENT": "0.12219331417462631-11"
}
[1552249266.772][INFO]: [372c90a38d90ebc2382bf41255b5672b] COMMAND IsElementDisplayed {
   "id": "0.12219331417462631-11"
}
[1552249266.772][INFO]: Waiting for pending navigations...
[1552249266.773][INFO]: Done waiting for pending navigations. Status: ok
[1552249266.783][INFO]: Waiting for pending navigations...
[1552249266.784][INFO]: Done waiting for pending navigations. Status: ok
[1552249266.784][INFO]: [372c90a38d90ebc2382bf41255b5672b] RESPONSE IsElementDisplayed true
[1552249266.786][INFO]: [372c90a38d90ebc2382bf41255b5672b] COMMAND Screenshot {

}
[1552249266.786][INFO]: Waiting for pending navigations...
[1552249266.787][INFO]: Done waiting for pending navigations. Status: ok
[1552249267.090][INFO]: Waiting for pending navigations...
[1552249267.091][INFO]: Done waiting for pending navigations. Status: ok
[1552249267.091][INFO]: [372c90a38d90ebc2382bf41255b5672b] RESPONSE Screenshot "iVBORw0KGgoAAAANSUhEUgAAB4AAAANRCAYAAAACj6FfAAAgAElEQVR4nOzde5SX9WHv+89vBubCRQZEbuJlFKOgqGA0QDSJqGnEmkRo0l2ItonutIo7PSfQrN1qsveu0tNjoF2nlaSnlaQ7HkjTFNIkFdumYtRUrKZgRB016iCgDIgw3Afmdv7gIjADBhy5PL5ea..."
[1552249267.102][INFO]: [372c90a38d90ebc2382bf41255b5672b] COMMAND FindElement {
   "using": "id",
   "value": "about-link"
}
[1552249267.102][INFO]: Waiting for pending navigations...
[1552249267.103][INFO]: Done waiting for pending navigations. Status: ok
[1552249267.108][INFO]: Waiting for pending navigations...
[1552249267.109][INFO]: Done waiting for pending navigations. Status: ok
[1552249267.109][INFO]: [372c90a38d90ebc2382bf41255b5672b] RESPONSE FindElement {
   "ELEMENT": "0.12219331417462631-11"
}
[1552249267.112][INFO]: [372c90a38d90ebc2382bf41255b5672b] COMMAND FindChildElement {
   "id": "0.12219331417462631-11",
   "using": "tag name",
   "value": "span"
}
[1552249267.112][INFO]: Waiting for pending navigations...
[1552249267.112][INFO]: Done waiting for pending navigations. Status: ok
[1552249267.124][INFO]: Waiting for pending navigations...
[1552249267.125][INFO]: Done waiting for pending navigations. Status: ok
[1552249267.125][INFO]: [372c90a38d90ebc2382bf41255b5672b] RESPONSE FindChildElement {
   "ELEMENT": "0.12219331417462631-12"
}
[1552249267.126][INFO]: [372c90a38d90ebc2382bf41255b5672b] COMMAND GetElementText {
   "id": "0.12219331417462631-12"
}
[1552249267.126][INFO]: Waiting for pending navigations...
[1552249267.127][INFO]: Done waiting for pending navigations. Status: ok
[1552249267.138][INFO]: Waiting for pending navigations...
[1552249267.139][INFO]: Done waiting for pending navigations. Status: ok
[1552249267.139][INFO]: [372c90a38d90ebc2382bf41255b5672b] RESPONSE GetElementText "About"
[1552249267.143][INFO]: [372c90a38d90ebc2382bf41255b5672b] COMMAND FindElement {
   "using": "id",
   "value": "about-link"
}
[1552249267.143][INFO]: Waiting for pending navigations...
[1552249267.144][INFO]: Done waiting for pending navigations. Status: ok
[1552249267.150][INFO]: Waiting for pending navigations...
[1552249267.151][INFO]: Done waiting for pending navigations. Status: ok
[1552249267.151][INFO]: [372c90a38d90ebc2382bf41255b5672b] RESPONSE FindElement {
   "ELEMENT": "0.12219331417462631-11"
}
[1552249267.153][INFO]: [372c90a38d90ebc2382bf41255b5672b] COMMAND GetElementAttribute {
   "id": "0.12219331417462631-11",
   "name": "href"
}
[1552249267.153][INFO]: Waiting for pending navigations...
[1552249267.154][INFO]: Done waiting for pending navigations. Status: ok
[1552249267.157][INFO]: Waiting for pending navigations...
[1552249267.158][INFO]: Done waiting for pending navigations. Status: ok
[1552249267.158][INFO]: [372c90a38d90ebc2382bf41255b5672b] RESPONSE GetElementAttribute "http://localhost:3000/about"
[1552249267.159][INFO]: [372c90a38d90ebc2382bf41255b5672b] COMMAND Screenshot {

}
[1552249267.159][INFO]: Waiting for pending navigations...
[1552249267.160][INFO]: Done waiting for pending navigations. Status: ok
[1552249267.475][INFO]: Waiting for pending navigations...
[1552249267.476][INFO]: Done waiting for pending navigations. Status: ok
[1552249267.476][INFO]: [372c90a38d90ebc2382bf41255b5672b] RESPONSE Screenshot "iVBORw0KGgoAAAANSUhEUgAAB4AAAANRCAYAAAACj6FfAAAgAElEQVR4nOzde5SX9WHv+89vBubCRQZEbuJlFKOgqGA0QDSJqGnEmkRo0l2ItonutIo7PSfQrN1qsveu0tNjoF2nlaSnlaQ7HkjTFNIkFdumYtRUrKZgRB016iCgDIgw3Afmdv7gIjADBhy5PL5ea..."
[1552249267.491][INFO]: [372c90a38d90ebc2382bf41255b5672b] COMMAND Quit {

}
[1552249267.546][INFO]: [372c90a38d90ebc2382bf41255b5672b] RESPONSE Quit
