[1552249028.664][INFO]: Starting ChromeDriver 73.0.3683.68 (47787ec04b6e38e22703e856e101e840b65afe72)
[1552249028.664][INFO]: Please protect ports used by ChromeDriver and related test frameworks to prevent access by malicious code.
[1552249029.149][INFO]: [4ac8a0ba8fa983b3ebe5b360427ec682] COMMAND InitSession {
   "capabilities": {
      "firstMatch": [ {
         "browserName": "chrome",
         "goog:chromeOptions": {
            "args": [ "chrome.switches", "--disable-extensions", "chrome.switches", "test-type", "chrome.switches", "start-maximized", "chrome.switches", "no-sandbox" ],
            "extensions": [  ],
            "useAutomationExtension": false
         }
      } ]
   },
   "desiredCapabilities": {
      "browserName": "chrome",
      "goog:chromeOptions": {
         "args": [ "chrome.switches", "--disable-extensions", "chrome.switches", "test-type", "chrome.switches", "start-maximized", "chrome.switches", "no-sandbox" ],
         "extensions": [  ],
         "useAutomationExtension": false
      }
   }
}
[1552249029.155][INFO]: Populating Preferences file: {
   "alternate_error_pages": {
      "enabled": false
   },
   "autofill": {
      "enabled": false
   },
   "browser": {
      "check_default_browser": false
   },
   "distribution": {
      "import_bookmarks": false,
      "import_history": false,
      "import_search_engine": false,
      "make_chrome_default_for_user": false,
      "skip_first_run_ui": true
   },
   "dns_prefetching": {
      "enabled": false
   },
   "profile": {
      "content_settings": {
         "pattern_pairs": {
            "https://*,*": {
               "media-stream": {
                  "audio": "Default",
                  "video": "Default"
               }
            }
         }
      },
      "default_content_setting_values": {
         "geolocation": 1
      },
      "default_content_settings": {
         "geolocation": 1,
         "mouselock": 1,
         "notifications": 1,
         "popups": 1,
         "ppapi-broker": 1
      },
      "password_manager_enabled": false
   },
   "safebrowsing": {
      "enabled": false
   },
   "search": {
      "suggest_enabled": false
   },
   "translate": {
      "enabled": false
   }
}
[1552249029.157][INFO]: Populating Local State file: {
   "background_mode": {
      "enabled": false
   },
   "ssl": {
      "rev_checking": {
         "enabled": false
      }
   }
}
[1552249029.159][INFO]: Launching chrome: "C:\Program Files (x86)\Google\Chrome\Application\chrome.exe" --chrome.switches --disable-background-networking --disable-client-side-phishing-detection --disable-default-apps --disable-extensions --disable-hang-monitor --disable-popup-blocking --disable-prompt-on-repost --disable-sync --disable-web-resources --enable-automation --enable-blink-features=ShadowDOMV0 --enable-logging --force-fieldtrials=SiteIsolationExtensions/Control --ignore-certificate-errors --log-level=0 --metrics-recording-only --no-first-run --no-sandbox --password-store=basic --remote-debugging-port=0 --start-maximized --test-type --use-mock-keychain --user-data-dir="C:\Users\KAVITH~1\AppData\Local\Temp\scoped_dir31164_4495" data:,
[1552249029.699][INFO]: resolved localhost to ["::1","127.0.0.1"]
[1552249030.712][INFO]: [4ac8a0ba8fa983b3ebe5b360427ec682] RESPONSE InitSession {
   "acceptInsecureCerts": false,
   "acceptSslCerts": false,
   "applicationCacheEnabled": false,
   "browserConnectionEnabled": false,
   "browserName": "chrome",
   "chrome": {
      "chromedriverVersion": "73.0.3683.68 (47787ec04b6e38e22703e856e101e840b65afe72)",
      "userDataDir": "C:\\Users\\KAVITH~1\\AppData\\Local\\Temp\\scoped_dir31164_4495"
   },
   "cssSelectorsEnabled": true,
   "databaseEnabled": false,
   "goog:chromeOptions": {
      "debuggerAddress": "localhost:54621"
   },
   "handlesAlerts": true,
   "hasTouchScreen": false,
   "javascriptEnabled": true,
   "locationContextEnabled": true,
   "mobileEmulationEnabled": false,
   "nativeEvents": true,
   "networkConnectionEnabled": false,
   "pageLoadStrategy": "normal",
   "platform": "Windows NT",
   "proxy": {

   },
   "~~~": "..."
}
[1552249030.716][INFO]: [4ac8a0ba8fa983b3ebe5b360427ec682] COMMAND MaximizeWindow {
   "handle": "current",
   "windowHandle": "current"
}
[1552249030.716][INFO]: Waiting for pending navigations...
[1552249030.725][INFO]: Done waiting for pending navigations. Status: ok
[1552249030.726][INFO]: resolved localhost to ["::1","127.0.0.1"]
[1552249031.730][INFO]: Waiting for pending navigations...
[1552249031.731][INFO]: Done waiting for pending navigations. Status: ok
[1552249031.731][INFO]: [4ac8a0ba8fa983b3ebe5b360427ec682] RESPONSE MaximizeWindow {
   "height": 696,
   "width": 1296,
   "x": -8,
   "y": -8
}
[1552249031.734][INFO]: [4ac8a0ba8fa983b3ebe5b360427ec682] COMMAND SetTimeouts {
   "ms": 30000,
   "type": "implicit"
}
[1552249031.734][INFO]: [4ac8a0ba8fa983b3ebe5b360427ec682] RESPONSE SetTimeouts
[1552249031.736][INFO]: [4ac8a0ba8fa983b3ebe5b360427ec682] COMMAND SetTimeouts {
   "ms": 60000,
   "type": "page load"
}
[1552249031.736][INFO]: [4ac8a0ba8fa983b3ebe5b360427ec682] RESPONSE SetTimeouts
[1552249031.739][INFO]: [4ac8a0ba8fa983b3ebe5b360427ec682] COMMAND Navigate {
   "url": "http://localhost:3000/"
}
[1552249031.739][INFO]: Waiting for pending navigations...
[1552249031.740][INFO]: Done waiting for pending navigations. Status: ok
[1552249032.092][INFO]: Waiting for pending navigations...
[1552249033.349][INFO]: Done waiting for pending navigations. Status: ok
[1552249033.349][INFO]: [4ac8a0ba8fa983b3ebe5b360427ec682] RESPONSE Navigate
[1552249033.354][INFO]: [4ac8a0ba8fa983b3ebe5b360427ec682] COMMAND FindElement {
   "using": "id",
   "value": "brand-logo"
}
[1552249033.354][INFO]: Waiting for pending navigations...
[1552249033.355][INFO]: Done waiting for pending navigations. Status: ok
[1552249033.371][INFO]: Waiting for pending navigations...
[1552249033.373][INFO]: Done waiting for pending navigations. Status: ok
[1552249033.373][INFO]: [4ac8a0ba8fa983b3ebe5b360427ec682] RESPONSE FindElement {
   "ELEMENT": "0.006786110717973859-1"
}
[1552249033.374][INFO]: [4ac8a0ba8fa983b3ebe5b360427ec682] COMMAND IsElementDisplayed {
   "id": "0.006786110717973859-1"
}
[1552249033.374][INFO]: Waiting for pending navigations...
[1552249033.375][INFO]: Done waiting for pending navigations. Status: ok
[1552249033.393][INFO]: Waiting for pending navigations...
[1552249033.394][INFO]: Done waiting for pending navigations. Status: ok
[1552249033.394][INFO]: [4ac8a0ba8fa983b3ebe5b360427ec682] RESPONSE IsElementDisplayed true
[1552249033.395][INFO]: [4ac8a0ba8fa983b3ebe5b360427ec682] COMMAND Screenshot {

}
[1552249033.395][INFO]: Waiting for pending navigations...
[1552249033.396][INFO]: Done waiting for pending navigations. Status: ok
[1552249033.725][INFO]: Waiting for pending navigations...
[1552249033.726][INFO]: Done waiting for pending navigations. Status: ok
[1552249033.726][INFO]: [4ac8a0ba8fa983b3ebe5b360427ec682] RESPONSE Screenshot "iVBORw0KGgoAAAANSUhEUgAAB4AAAANRCAYAAAACj6FfAAAgAElEQVR4nOzde5RX9WHv/c9vBuYCjgyI3LyOlygoKhgNEE0iahqxJhGa9BSibaonreJJnxNI1mk16Xmq9Omj0KynlaSnlaYnHkjTFNIkFdumYtVUrFowoo4adVBQBuUyXGdgbs8fAgIzYMCRy/b1W..."
[1552249033.738][INFO]: [4ac8a0ba8fa983b3ebe5b360427ec682] COMMAND FindElement {
   "using": "id",
   "value": "brand-name"
}
[1552249033.738][INFO]: Waiting for pending navigations...
[1552249033.739][INFO]: Done waiting for pending navigations. Status: ok
[1552249033.750][INFO]: Waiting for pending navigations...
[1552249033.751][INFO]: Done waiting for pending navigations. Status: ok
[1552249033.751][INFO]: [4ac8a0ba8fa983b3ebe5b360427ec682] RESPONSE FindElement {
   "ELEMENT": "0.006786110717973859-2"
}
[1552249033.752][INFO]: [4ac8a0ba8fa983b3ebe5b360427ec682] COMMAND IsElementDisplayed {
   "id": "0.006786110717973859-2"
}
[1552249033.752][INFO]: Waiting for pending navigations...
[1552249033.753][INFO]: Done waiting for pending navigations. Status: ok
[1552249033.763][INFO]: Waiting for pending navigations...
[1552249033.764][INFO]: Done waiting for pending navigations. Status: ok
[1552249033.764][INFO]: [4ac8a0ba8fa983b3ebe5b360427ec682] RESPONSE IsElementDisplayed true
[1552249033.765][INFO]: [4ac8a0ba8fa983b3ebe5b360427ec682] COMMAND Screenshot {

}
[1552249033.765][INFO]: Waiting for pending navigations...
[1552249033.766][INFO]: Done waiting for pending navigations. Status: ok
[1552249034.050][INFO]: Waiting for pending navigations...
[1552249034.051][INFO]: Done waiting for pending navigations. Status: ok
[1552249034.051][INFO]: [4ac8a0ba8fa983b3ebe5b360427ec682] RESPONSE Screenshot "iVBORw0KGgoAAAANSUhEUgAAB4AAAANRCAYAAAACj6FfAAAgAElEQVR4nOzde5RX9WHv/c9vBuYCjgyI3LyOlygoKhgNEE0iahqxJhGa9BSibaonreJJnxNI1mk16Xmq9Omj0KynlaSnlaYnHkjTFNIkFdumYtVUrFowoo4adVBQBuUyXGdgbs8fAgIzYMCRy/b1W..."
[1552249034.061][INFO]: [4ac8a0ba8fa983b3ebe5b360427ec682] COMMAND FindElement {
   "using": "id",
   "value": "menu-btn"
}
[1552249034.061][INFO]: Waiting for pending navigations...
[1552249034.063][INFO]: Done waiting for pending navigations. Status: ok
[1552249034.073][INFO]: Waiting for pending navigations...
[1552249034.073][INFO]: Done waiting for pending navigations. Status: ok
[1552249034.073][INFO]: [4ac8a0ba8fa983b3ebe5b360427ec682] RESPONSE FindElement {
   "ELEMENT": "0.006786110717973859-3"
}
[1552249034.074][INFO]: [4ac8a0ba8fa983b3ebe5b360427ec682] COMMAND IsElementDisplayed {
   "id": "0.006786110717973859-3"
}
[1552249034.074][INFO]: Waiting for pending navigations...
[1552249034.075][INFO]: Done waiting for pending navigations. Status: ok
[1552249034.086][INFO]: Waiting for pending navigations...
[1552249034.088][INFO]: Done waiting for pending navigations. Status: ok
[1552249034.088][INFO]: [4ac8a0ba8fa983b3ebe5b360427ec682] RESPONSE IsElementDisplayed true
[1552249034.089][INFO]: [4ac8a0ba8fa983b3ebe5b360427ec682] COMMAND Screenshot {

}
[1552249034.089][INFO]: Waiting for pending navigations...
[1552249034.090][INFO]: Done waiting for pending navigations. Status: ok
[1552249034.371][INFO]: Waiting for pending navigations...
[1552249034.373][INFO]: Done waiting for pending navigations. Status: ok
[1552249034.373][INFO]: [4ac8a0ba8fa983b3ebe5b360427ec682] RESPONSE Screenshot "iVBORw0KGgoAAAANSUhEUgAAB4AAAANRCAYAAAACj6FfAAAgAElEQVR4nOzde5RX9WHv/c9vBuYCjgyI3LyOlygoKhgNEE0iahqxJhGa9BSibaonreJJnxNI1mk16Xmq9Omj0KynlaSnlaYnHkjTFNIkFdumYtVUrFowoo4adVBQBuUyXGdgbs8fAgIzYMCRy/b1W..."
[1552249034.389][INFO]: [4ac8a0ba8fa983b3ebe5b360427ec682] COMMAND FindElement {
   "using": "id",
   "value": "menu-btn"
}
[1552249034.389][INFO]: Waiting for pending navigations...
[1552249034.390][INFO]: Done waiting for pending navigations. Status: ok
[1552249034.394][INFO]: Waiting for pending navigations...
[1552249034.395][INFO]: Done waiting for pending navigations. Status: ok
[1552249034.396][INFO]: [4ac8a0ba8fa983b3ebe5b360427ec682] RESPONSE FindElement {
   "ELEMENT": "0.006786110717973859-3"
}
[1552249034.399][INFO]: [4ac8a0ba8fa983b3ebe5b360427ec682] COMMAND ClickElement {
   "id": "0.006786110717973859-3"
}
[1552249034.399][INFO]: Waiting for pending navigations...
[1552249034.400][INFO]: Done waiting for pending navigations. Status: ok
[1552249034.453][INFO]: Waiting for pending navigations...
[1552249034.455][INFO]: Done waiting for pending navigations. Status: ok
[1552249034.455][INFO]: [4ac8a0ba8fa983b3ebe5b360427ec682] RESPONSE ClickElement
[1552249035.458][INFO]: [4ac8a0ba8fa983b3ebe5b360427ec682] COMMAND FindElement {
   "using": "id",
   "value": "fr-btn"
}
[1552249035.458][INFO]: Waiting for pending navigations...
[1552249035.459][INFO]: Done waiting for pending navigations. Status: ok
[1552249035.471][INFO]: Waiting for pending navigations...
[1552249035.472][INFO]: Done waiting for pending navigations. Status: ok
[1552249035.472][INFO]: [4ac8a0ba8fa983b3ebe5b360427ec682] RESPONSE FindElement {
   "ELEMENT": "0.006786110717973859-4"
}
[1552249035.476][INFO]: [4ac8a0ba8fa983b3ebe5b360427ec682] COMMAND ClickElement {
   "id": "0.006786110717973859-4"
}
[1552249035.476][INFO]: Waiting for pending navigations...
[1552249035.477][INFO]: Done waiting for pending navigations. Status: ok
[1552249035.547][INFO]: Waiting for pending navigations...
[1552249035.551][INFO]: Done waiting for pending navigations. Status: ok
[1552249035.551][INFO]: [4ac8a0ba8fa983b3ebe5b360427ec682] RESPONSE ClickElement
[1552249036.554][INFO]: [4ac8a0ba8fa983b3ebe5b360427ec682] COMMAND FindElement {
   "using": "id",
   "value": "menu-btn"
}
[1552249036.554][INFO]: Waiting for pending navigations...
[1552249036.555][INFO]: Done waiting for pending navigations. Status: ok
[1552249036.559][INFO]: Waiting for pending navigations...
[1552249036.560][INFO]: Done waiting for pending navigations. Status: ok
[1552249036.560][INFO]: [4ac8a0ba8fa983b3ebe5b360427ec682] RESPONSE FindElement {
   "ELEMENT": "0.006786110717973859-3"
}
[1552249036.561][INFO]: [4ac8a0ba8fa983b3ebe5b360427ec682] COMMAND GetElementText {
   "id": "0.006786110717973859-3"
}
[1552249036.561][INFO]: Waiting for pending navigations...
[1552249036.563][INFO]: Done waiting for pending navigations. Status: ok
[1552249036.581][INFO]: Waiting for pending navigations...
[1552249036.582][INFO]: Done waiting for pending navigations. Status: ok
[1552249036.582][INFO]: [4ac8a0ba8fa983b3ebe5b360427ec682] RESPONSE GetElementText "Fermer"
[1552249036.584][INFO]: [4ac8a0ba8fa983b3ebe5b360427ec682] COMMAND Screenshot {

}
[1552249036.584][INFO]: Waiting for pending navigations...
[1552249036.584][INFO]: Done waiting for pending navigations. Status: ok
[1552249036.867][INFO]: Waiting for pending navigations...
[1552249036.868][INFO]: Done waiting for pending navigations. Status: ok
[1552249036.868][INFO]: [4ac8a0ba8fa983b3ebe5b360427ec682] RESPONSE Screenshot "iVBORw0KGgoAAAANSUhEUgAAB4AAAANRCAYAAAACj6FfAAAgAElEQVR4nOzdf1SU9533/9cMw49xgg4/REBEEdCMRA2UWiWxVshmU11r1Z40i22zPbrdbHS3d5Tuybl1d+971+w3362a03vVu9+u3N12G79ptmptVtvNBlxiq5ZaNBqc+BMEAkjQARGHH8Nw/8GvC..."
[1552249036.885][INFO]: [4ac8a0ba8fa983b3ebe5b360427ec682] COMMAND FindElement {
   "using": "id",
   "value": "what-are-link"
}
[1552249036.885][INFO]: Waiting for pending navigations...
[1552249036.886][INFO]: Done waiting for pending navigations. Status: ok
[1552249036.895][INFO]: Waiting for pending navigations...
[1552249036.896][INFO]: Done waiting for pending navigations. Status: ok
[1552249036.896][INFO]: [4ac8a0ba8fa983b3ebe5b360427ec682] RESPONSE FindElement {
   "ELEMENT": "0.006786110717973859-5"
}
[1552249036.899][INFO]: [4ac8a0ba8fa983b3ebe5b360427ec682] COMMAND IsElementDisplayed {
   "id": "0.006786110717973859-5"
}
[1552249036.899][INFO]: Waiting for pending navigations...
[1552249036.900][INFO]: Done waiting for pending navigations. Status: ok
[1552249036.910][INFO]: Waiting for pending navigations...
[1552249036.911][INFO]: Done waiting for pending navigations. Status: ok
[1552249036.911][INFO]: [4ac8a0ba8fa983b3ebe5b360427ec682] RESPONSE IsElementDisplayed true
[1552249036.912][INFO]: [4ac8a0ba8fa983b3ebe5b360427ec682] COMMAND Screenshot {

}
[1552249036.912][INFO]: Waiting for pending navigations...
[1552249036.913][INFO]: Done waiting for pending navigations. Status: ok
[1552249037.220][INFO]: Waiting for pending navigations...
[1552249037.221][INFO]: Done waiting for pending navigations. Status: ok
[1552249037.221][INFO]: [4ac8a0ba8fa983b3ebe5b360427ec682] RESPONSE Screenshot "iVBORw0KGgoAAAANSUhEUgAAB4AAAANRCAYAAAACj6FfAAAgAElEQVR4nOzdf1SU9533/9cMw49xgg4/REBEEdCMRA2UWiWxVshmU11r1Z40i22zPbrdbHS3d5Tuybl1d+971+w3362a03vVu9+u3N12G79ptmptVtvNBlxiq5ZaNBqc+BMEAkjQARGHH8Nw/8GvC..."
[1552249037.234][INFO]: [4ac8a0ba8fa983b3ebe5b360427ec682] COMMAND FindElement {
   "using": "id",
   "value": "what-are-link"
}
[1552249037.234][INFO]: Waiting for pending navigations...
[1552249037.235][INFO]: Done waiting for pending navigations. Status: ok
[1552249037.240][INFO]: Waiting for pending navigations...
[1552249037.241][INFO]: Done waiting for pending navigations. Status: ok
[1552249037.241][INFO]: [4ac8a0ba8fa983b3ebe5b360427ec682] RESPONSE FindElement {
   "ELEMENT": "0.006786110717973859-5"
}
[1552249037.242][INFO]: [4ac8a0ba8fa983b3ebe5b360427ec682] COMMAND GetElementText {
   "id": "0.006786110717973859-5"
}
[1552249037.243][INFO]: Waiting for pending navigations...
[1552249037.243][INFO]: Done waiting for pending navigations. Status: ok
[1552249037.254][INFO]: Waiting for pending navigations...
[1552249037.255][INFO]: Done waiting for pending navigations. Status: ok
[1552249037.255][INFO]: [4ac8a0ba8fa983b3ebe5b360427ec682] RESPONSE GetElementText "Qu'est-ce que le travail des enfants et le travail forcé ?"
[1552249037.257][INFO]: [4ac8a0ba8fa983b3ebe5b360427ec682] COMMAND FindElement {
   "using": "id",
   "value": "what-are-link"
}
[1552249037.257][INFO]: Waiting for pending navigations...
[1552249037.258][INFO]: Done waiting for pending navigations. Status: ok
[1552249037.262][INFO]: Waiting for pending navigations...
[1552249037.263][INFO]: Done waiting for pending navigations. Status: ok
[1552249037.264][INFO]: [4ac8a0ba8fa983b3ebe5b360427ec682] RESPONSE FindElement {
   "ELEMENT": "0.006786110717973859-5"
}
[1552249037.266][INFO]: [4ac8a0ba8fa983b3ebe5b360427ec682] COMMAND GetElementAttribute {
   "id": "0.006786110717973859-5",
   "name": "href"
}
[1552249037.266][INFO]: Waiting for pending navigations...
[1552249037.266][INFO]: Done waiting for pending navigations. Status: ok
[1552249037.269][INFO]: Waiting for pending navigations...
[1552249037.270][INFO]: Done waiting for pending navigations. Status: ok
[1552249037.270][INFO]: [4ac8a0ba8fa983b3ebe5b360427ec682] RESPONSE GetElementAttribute "http://localhost:3000/what-are"
[1552249037.272][INFO]: [4ac8a0ba8fa983b3ebe5b360427ec682] COMMAND Screenshot {

}
[1552249037.272][INFO]: Waiting for pending navigations...
[1552249037.273][INFO]: Done waiting for pending navigations. Status: ok
[1552249037.584][INFO]: Waiting for pending navigations...
[1552249037.585][INFO]: Done waiting for pending navigations. Status: ok
[1552249037.585][INFO]: [4ac8a0ba8fa983b3ebe5b360427ec682] RESPONSE Screenshot "iVBORw0KGgoAAAANSUhEUgAAB4AAAANRCAYAAAACj6FfAAAgAElEQVR4nOzdf1SU9533/9cMw49xgg4/REBEEdCMRA2UWiWxVshmU11r1Z40i22zPbrdbHS3d5Tuybl1d+971+w3362a03vVu9+u3N12G79ptmptVtvNBlxiq5ZaNBqc+BMEAkjQARGHH8Nw/8GvC..."
[1552249037.600][INFO]: [4ac8a0ba8fa983b3ebe5b360427ec682] COMMAND FindElement {
   "using": "id",
   "value": "why-develop-link"
}
[1552249037.600][INFO]: Waiting for pending navigations...
[1552249037.601][INFO]: Done waiting for pending navigations. Status: ok
[1552249037.610][INFO]: Waiting for pending navigations...
[1552249037.611][INFO]: Done waiting for pending navigations. Status: ok
[1552249037.611][INFO]: [4ac8a0ba8fa983b3ebe5b360427ec682] RESPONSE FindElement {
   "ELEMENT": "0.006786110717973859-6"
}
[1552249037.612][INFO]: [4ac8a0ba8fa983b3ebe5b360427ec682] COMMAND IsElementDisplayed {
   "id": "0.006786110717973859-6"
}
[1552249037.612][INFO]: Waiting for pending navigations...
[1552249037.613][INFO]: Done waiting for pending navigations. Status: ok
[1552249037.621][INFO]: Waiting for pending navigations...
[1552249037.622][INFO]: Done waiting for pending navigations. Status: ok
[1552249037.622][INFO]: [4ac8a0ba8fa983b3ebe5b360427ec682] RESPONSE IsElementDisplayed true
[1552249037.623][INFO]: [4ac8a0ba8fa983b3ebe5b360427ec682] COMMAND Screenshot {

}
[1552249037.623][INFO]: Waiting for pending navigations...
[1552249037.624][INFO]: Done waiting for pending navigations. Status: ok
[1552249037.934][INFO]: Waiting for pending navigations...
[1552249037.935][INFO]: Done waiting for pending navigations. Status: ok
[1552249037.935][INFO]: [4ac8a0ba8fa983b3ebe5b360427ec682] RESPONSE Screenshot "iVBORw0KGgoAAAANSUhEUgAAB4AAAANRCAYAAAACj6FfAAAgAElEQVR4nOzdf1SU9533/9cMw49xgg4/REBEEdCMRA2UWiWxVshmU11r1Z40i22zPbrdbHS3d5Tuybl1d+971+w3362a03vVu9+u3N12G79ptmptVtvNBlxiq5ZaNBqc+BMEAkjQARGHH8Nw/8GvC..."
[1552249037.950][INFO]: [4ac8a0ba8fa983b3ebe5b360427ec682] COMMAND FindElement {
   "using": "id",
   "value": "why-develop-link"
}
[1552249037.950][INFO]: Waiting for pending navigations...
[1552249037.951][INFO]: Done waiting for pending navigations. Status: ok
[1552249037.956][INFO]: Waiting for pending navigations...
[1552249037.957][INFO]: Done waiting for pending navigations. Status: ok
[1552249037.957][INFO]: [4ac8a0ba8fa983b3ebe5b360427ec682] RESPONSE FindElement {
   "ELEMENT": "0.006786110717973859-6"
}
[1552249037.958][INFO]: [4ac8a0ba8fa983b3ebe5b360427ec682] COMMAND GetElementText {
   "id": "0.006786110717973859-6"
}
[1552249037.958][INFO]: Waiting for pending navigations...
[1552249037.959][INFO]: Done waiting for pending navigations. Status: ok
[1552249037.972][INFO]: Waiting for pending navigations...
[1552249037.974][INFO]: Done waiting for pending navigations. Status: ok
[1552249037.974][INFO]: [4ac8a0ba8fa983b3ebe5b360427ec682] RESPONSE GetElementText "Pourquoi élaborer un système de conformité sociale ?"
[1552249037.977][INFO]: [4ac8a0ba8fa983b3ebe5b360427ec682] COMMAND FindElement {
   "using": "id",
   "value": "why-develop-link"
}
[1552249037.977][INFO]: Waiting for pending navigations...
[1552249037.978][INFO]: Done waiting for pending navigations. Status: ok
[1552249037.982][INFO]: Waiting for pending navigations...
[1552249037.983][INFO]: Done waiting for pending navigations. Status: ok
[1552249037.983][INFO]: [4ac8a0ba8fa983b3ebe5b360427ec682] RESPONSE FindElement {
   "ELEMENT": "0.006786110717973859-6"
}
[1552249037.984][INFO]: [4ac8a0ba8fa983b3ebe5b360427ec682] COMMAND GetElementAttribute {
   "id": "0.006786110717973859-6",
   "name": "href"
}
[1552249037.984][INFO]: Waiting for pending navigations...
[1552249037.985][INFO]: Done waiting for pending navigations. Status: ok
[1552249037.988][INFO]: Waiting for pending navigations...
[1552249037.989][INFO]: Done waiting for pending navigations. Status: ok
[1552249037.989][INFO]: [4ac8a0ba8fa983b3ebe5b360427ec682] RESPONSE GetElementAttribute "http://localhost:3000/why-develop"
[1552249037.990][INFO]: [4ac8a0ba8fa983b3ebe5b360427ec682] COMMAND Screenshot {

}
[1552249037.990][INFO]: Waiting for pending navigations...
[1552249037.991][INFO]: Done waiting for pending navigations. Status: ok
[1552249038.281][INFO]: Waiting for pending navigations...
[1552249038.282][INFO]: Done waiting for pending navigations. Status: ok
[1552249038.282][INFO]: [4ac8a0ba8fa983b3ebe5b360427ec682] RESPONSE Screenshot "iVBORw0KGgoAAAANSUhEUgAAB4AAAANRCAYAAAACj6FfAAAgAElEQVR4nOzdf1SU9533/9cMw49xgg4/REBEEdCMRA2UWiWxVshmU11r1Z40i22zPbrdbHS3d5Tuybl1d+971+w3362a03vVu9+u3N12G79ptmptVtvNBlxiq5ZaNBqc+BMEAkjQARGHH8Nw/8GvC..."
[1552249038.297][INFO]: [4ac8a0ba8fa983b3ebe5b360427ec682] COMMAND FindElement {
   "using": "id",
   "value": "basics-link"
}
[1552249038.297][INFO]: Waiting for pending navigations...
[1552249038.298][INFO]: Done waiting for pending navigations. Status: ok
[1552249038.307][INFO]: Waiting for pending navigations...
[1552249038.308][INFO]: Done waiting for pending navigations. Status: ok
[1552249038.308][INFO]: [4ac8a0ba8fa983b3ebe5b360427ec682] RESPONSE FindElement {
   "ELEMENT": "0.006786110717973859-7"
}
[1552249038.309][INFO]: [4ac8a0ba8fa983b3ebe5b360427ec682] COMMAND IsElementDisplayed {
   "id": "0.006786110717973859-7"
}
[1552249038.309][INFO]: Waiting for pending navigations...
[1552249038.310][INFO]: Done waiting for pending navigations. Status: ok
[1552249038.322][INFO]: Waiting for pending navigations...
[1552249038.323][INFO]: Done waiting for pending navigations. Status: ok
[1552249038.323][INFO]: [4ac8a0ba8fa983b3ebe5b360427ec682] RESPONSE IsElementDisplayed true
[1552249038.324][INFO]: [4ac8a0ba8fa983b3ebe5b360427ec682] COMMAND Screenshot {

}
[1552249038.324][INFO]: Waiting for pending navigations...
[1552249038.325][INFO]: Done waiting for pending navigations. Status: ok
[1552249038.636][INFO]: Waiting for pending navigations...
[1552249038.638][INFO]: Done waiting for pending navigations. Status: ok
[1552249038.638][INFO]: [4ac8a0ba8fa983b3ebe5b360427ec682] RESPONSE Screenshot "iVBORw0KGgoAAAANSUhEUgAAB4AAAANRCAYAAAACj6FfAAAgAElEQVR4nOzdf1SU9533/9cMw49xgg4/REBEEdCMRA2UWiWxVshmU11r1Z40i22zPbrdbHS3d5Tuybl1d+971+w3362a03vVu9+u3N12G79ptmptVtvNBlxiq5ZaNBqc+BMEAkjQARGHH8Nw/8GvC..."
[1552249038.652][INFO]: [4ac8a0ba8fa983b3ebe5b360427ec682] COMMAND FindElement {
   "using": "id",
   "value": "basics-link"
}
[1552249038.652][INFO]: Waiting for pending navigations...
[1552249038.653][INFO]: Done waiting for pending navigations. Status: ok
[1552249038.657][INFO]: Waiting for pending navigations...
[1552249038.658][INFO]: Done waiting for pending navigations. Status: ok
[1552249038.658][INFO]: [4ac8a0ba8fa983b3ebe5b360427ec682] RESPONSE FindElement {
   "ELEMENT": "0.006786110717973859-7"
}
[1552249038.659][INFO]: [4ac8a0ba8fa983b3ebe5b360427ec682] COMMAND GetElementText {
   "id": "0.006786110717973859-7"
}
[1552249038.659][INFO]: Waiting for pending navigations...
[1552249038.660][INFO]: Done waiting for pending navigations. Status: ok
[1552249038.670][INFO]: Waiting for pending navigations...
[1552249038.671][INFO]: Done waiting for pending navigations. Status: ok
[1552249038.671][INFO]: [4ac8a0ba8fa983b3ebe5b360427ec682] RESPONSE GetElementText "Fondements d’un système de conformité sociale"
[1552249038.673][INFO]: [4ac8a0ba8fa983b3ebe5b360427ec682] COMMAND FindElement {
   "using": "id",
   "value": "basics-link"
}
[1552249038.673][INFO]: Waiting for pending navigations...
[1552249038.674][INFO]: Done waiting for pending navigations. Status: ok
[1552249038.678][INFO]: Waiting for pending navigations...
[1552249038.679][INFO]: Done waiting for pending navigations. Status: ok
[1552249038.679][INFO]: [4ac8a0ba8fa983b3ebe5b360427ec682] RESPONSE FindElement {
   "ELEMENT": "0.006786110717973859-7"
}
[1552249038.681][INFO]: [4ac8a0ba8fa983b3ebe5b360427ec682] COMMAND GetElementAttribute {
   "id": "0.006786110717973859-7",
   "name": "href"
}
[1552249038.681][INFO]: Waiting for pending navigations...
[1552249038.682][INFO]: Done waiting for pending navigations. Status: ok
[1552249038.685][INFO]: Waiting for pending navigations...
[1552249038.687][INFO]: Done waiting for pending navigations. Status: ok
[1552249038.687][INFO]: [4ac8a0ba8fa983b3ebe5b360427ec682] RESPONSE GetElementAttribute "http://localhost:3000/basics"
[1552249038.689][INFO]: [4ac8a0ba8fa983b3ebe5b360427ec682] COMMAND Screenshot {

}
[1552249038.689][INFO]: Waiting for pending navigations...
[1552249038.689][INFO]: Done waiting for pending navigations. Status: ok
[1552249039.002][INFO]: Waiting for pending navigations...
[1552249039.003][INFO]: Done waiting for pending navigations. Status: ok
[1552249039.003][INFO]: [4ac8a0ba8fa983b3ebe5b360427ec682] RESPONSE Screenshot "iVBORw0KGgoAAAANSUhEUgAAB4AAAANRCAYAAAACj6FfAAAgAElEQVR4nOzdf1SU9533/9cMw49xgg4/REBEEdCMRA2UWiWxVshmU11r1Z40i22zPbrdbHS3d5Tuybl1d+971+w3362a03vVu9+u3N12G79ptmptVtvNBlxiq5ZaNBqc+BMEAkjQARGHH8Nw/8GvC..."
[1552249039.019][INFO]: [4ac8a0ba8fa983b3ebe5b360427ec682] COMMAND FindElement {
   "using": "id",
   "value": "steps-dropdown"
}
[1552249039.019][INFO]: Waiting for pending navigations...
[1552249039.020][INFO]: Done waiting for pending navigations. Status: ok
[1552249039.027][INFO]: Waiting for pending navigations...
[1552249039.028][INFO]: Done waiting for pending navigations. Status: ok
[1552249039.028][INFO]: [4ac8a0ba8fa983b3ebe5b360427ec682] RESPONSE FindElement {
   "ELEMENT": "0.006786110717973859-8"
}
[1552249039.029][INFO]: [4ac8a0ba8fa983b3ebe5b360427ec682] COMMAND IsElementDisplayed {
   "id": "0.006786110717973859-8"
}
[1552249039.029][INFO]: Waiting for pending navigations...
[1552249039.030][INFO]: Done waiting for pending navigations. Status: ok
[1552249039.039][INFO]: Waiting for pending navigations...
[1552249039.039][INFO]: Done waiting for pending navigations. Status: ok
[1552249039.039][INFO]: [4ac8a0ba8fa983b3ebe5b360427ec682] RESPONSE IsElementDisplayed true
[1552249039.040][INFO]: [4ac8a0ba8fa983b3ebe5b360427ec682] COMMAND Screenshot {

}
[1552249039.040][INFO]: Waiting for pending navigations...
[1552249039.041][INFO]: Done waiting for pending navigations. Status: ok
[1552249039.333][INFO]: Waiting for pending navigations...
[1552249039.334][INFO]: Done waiting for pending navigations. Status: ok
[1552249039.334][INFO]: [4ac8a0ba8fa983b3ebe5b360427ec682] RESPONSE Screenshot "iVBORw0KGgoAAAANSUhEUgAAB4AAAANRCAYAAAACj6FfAAAgAElEQVR4nOzdf1SU9533/9cMw49xgg4/REBEEdCMRA2UWiWxVshmU11r1Z40i22zPbrdbHS3d5Tuybl1d+971+w3362a03vVu9+u3N12G79ptmptVtvNBlxiq5ZaNBqc+BMEAkjQARGHH8Nw/8GvC..."
[1552249039.348][INFO]: [4ac8a0ba8fa983b3ebe5b360427ec682] COMMAND FindElement {
   "using": "id",
   "value": "steps-dropdown"
}
[1552249039.348][INFO]: Waiting for pending navigations...
[1552249039.349][INFO]: Done waiting for pending navigations. Status: ok
[1552249039.353][INFO]: Waiting for pending navigations...
[1552249039.354][INFO]: Done waiting for pending navigations. Status: ok
[1552249039.354][INFO]: [4ac8a0ba8fa983b3ebe5b360427ec682] RESPONSE FindElement {
   "ELEMENT": "0.006786110717973859-8"
}
[1552249039.355][INFO]: [4ac8a0ba8fa983b3ebe5b360427ec682] COMMAND GetElementText {
   "id": "0.006786110717973859-8"
}
[1552249039.355][INFO]: Waiting for pending navigations...
[1552249039.356][INFO]: Done waiting for pending navigations. Status: ok
[1552249039.367][INFO]: Waiting for pending navigations...
[1552249039.368][INFO]: Done waiting for pending navigations. Status: ok
[1552249039.368][INFO]: [4ac8a0ba8fa983b3ebe5b360427ec682] RESPONSE GetElementText "Étapes vers un système de conformité sociale"
[1552249039.368][INFO]: [4ac8a0ba8fa983b3ebe5b360427ec682] COMMAND Screenshot {

}
[1552249039.368][INFO]: Waiting for pending navigations...
[1552249039.369][INFO]: Done waiting for pending navigations. Status: ok
[1552249039.638][INFO]: Waiting for pending navigations...
[1552249039.641][INFO]: Done waiting for pending navigations. Status: ok
[1552249039.642][INFO]: [4ac8a0ba8fa983b3ebe5b360427ec682] RESPONSE Screenshot "iVBORw0KGgoAAAANSUhEUgAAB4AAAANRCAYAAAACj6FfAAAgAElEQVR4nOzdf1SU9533/9cMw49xgg4/REBEEdCMRA2UWiWxVshmU11r1Z40i22zPbrdbHS3d5Tuybl1d+971+w3362a03vVu9+u3N12G79ptmptVtvNBlxiq5ZaNBqc+BMEAkjQARGHH8Nw/8GvC..."
[1552249039.654][INFO]: [4ac8a0ba8fa983b3ebe5b360427ec682] COMMAND FindElement {
   "using": "id",
   "value": "steps-dropdown"
}
[1552249039.654][INFO]: Waiting for pending navigations...
[1552249039.656][INFO]: Done waiting for pending navigations. Status: ok
[1552249039.661][INFO]: Waiting for pending navigations...
[1552249039.662][INFO]: Done waiting for pending navigations. Status: ok
[1552249039.662][INFO]: [4ac8a0ba8fa983b3ebe5b360427ec682] RESPONSE FindElement {
   "ELEMENT": "0.006786110717973859-8"
}
[1552249039.663][INFO]: [4ac8a0ba8fa983b3ebe5b360427ec682] COMMAND IsElementDisplayed {
   "id": "0.006786110717973859-8"
}
[1552249039.663][INFO]: Waiting for pending navigations...
[1552249039.664][INFO]: Done waiting for pending navigations. Status: ok
[1552249039.668][INFO]: Waiting for pending navigations...
[1552249039.669][INFO]: Done waiting for pending navigations. Status: ok
[1552249039.669][INFO]: [4ac8a0ba8fa983b3ebe5b360427ec682] RESPONSE IsElementDisplayed true
[1552249039.673][INFO]: [4ac8a0ba8fa983b3ebe5b360427ec682] COMMAND FindElement {
   "using": "id",
   "value": "steps-dropdown"
}
[1552249039.673][INFO]: Waiting for pending navigations...
[1552249039.674][INFO]: Done waiting for pending navigations. Status: ok
[1552249039.678][INFO]: Waiting for pending navigations...
[1552249039.679][INFO]: Done waiting for pending navigations. Status: ok
[1552249039.679][INFO]: [4ac8a0ba8fa983b3ebe5b360427ec682] RESPONSE FindElement {
   "ELEMENT": "0.006786110717973859-8"
}
[1552249039.680][INFO]: [4ac8a0ba8fa983b3ebe5b360427ec682] COMMAND ClickElement {
   "id": "0.006786110717973859-8"
}
[1552249039.680][INFO]: Waiting for pending navigations...
[1552249039.681][INFO]: Done waiting for pending navigations. Status: ok
[1552249039.725][INFO]: Waiting for pending navigations...
[1552249039.728][INFO]: Done waiting for pending navigations. Status: ok
[1552249039.728][INFO]: [4ac8a0ba8fa983b3ebe5b360427ec682] RESPONSE ClickElement
[1552249039.730][INFO]: [4ac8a0ba8fa983b3ebe5b360427ec682] COMMAND Screenshot {

}
[1552249039.730][INFO]: Waiting for pending navigations...
[1552249039.731][INFO]: Done waiting for pending navigations. Status: ok
[1552249040.047][INFO]: Waiting for pending navigations...
[1552249040.048][INFO]: Done waiting for pending navigations. Status: ok
[1552249040.048][INFO]: [4ac8a0ba8fa983b3ebe5b360427ec682] RESPONSE Screenshot "iVBORw0KGgoAAAANSUhEUgAAB4AAAANRCAYAAAACj6FfAAAgAElEQVR4nOzdfVSU953//9cMw804QQdEBEQUAc1IvIESqyTWCtlsqmus2pNmsW22R7ebje72FzV7clb35vtds7/8tpqcflf99teVb7fdxl+arVqT1XazAZfYqqUWjQYn3oKAgIgOiDjcDMPvD+4uk..."
[1552249040.069][INFO]: [4ac8a0ba8fa983b3ebe5b360427ec682] COMMAND FindElement {
   "using": "id",
   "value": "step-1-link"
}
[1552249040.069][INFO]: Waiting for pending navigations...
[1552249040.071][INFO]: Done waiting for pending navigations. Status: ok
[1552249040.079][INFO]: Waiting for pending navigations...
[1552249040.079][INFO]: Done waiting for pending navigations. Status: ok
[1552249040.079][INFO]: [4ac8a0ba8fa983b3ebe5b360427ec682] RESPONSE FindElement {
   "ELEMENT": "0.006786110717973859-9"
}
[1552249040.080][INFO]: [4ac8a0ba8fa983b3ebe5b360427ec682] COMMAND IsElementDisplayed {
   "id": "0.006786110717973859-9"
}
[1552249040.080][INFO]: Waiting for pending navigations...
[1552249040.081][INFO]: Done waiting for pending navigations. Status: ok
[1552249040.089][INFO]: Waiting for pending navigations...
[1552249040.090][INFO]: Done waiting for pending navigations. Status: ok
[1552249040.090][INFO]: [4ac8a0ba8fa983b3ebe5b360427ec682] RESPONSE IsElementDisplayed true
[1552249040.091][INFO]: [4ac8a0ba8fa983b3ebe5b360427ec682] COMMAND Screenshot {

}
[1552249040.091][INFO]: Waiting for pending navigations...
[1552249040.092][INFO]: Done waiting for pending navigations. Status: ok
[1552249040.394][INFO]: Waiting for pending navigations...
[1552249040.396][INFO]: Done waiting for pending navigations. Status: ok
[1552249040.397][INFO]: [4ac8a0ba8fa983b3ebe5b360427ec682] RESPONSE Screenshot "iVBORw0KGgoAAAANSUhEUgAAB4AAAANRCAYAAAACj6FfAAAgAElEQVR4nOzdfVSU953//9cMw804QQdEBEQUAc1IvIESqyTWCtlsqmus2pNmsW22R7ebje72FzV7clb35vtds7/8tpqcflf99teVb7fdxl+arVqT1XazAZfYqqUWjQYn3oKAgIgOiDjcDMPvD+4uk..."
[1552249040.412][INFO]: [4ac8a0ba8fa983b3ebe5b360427ec682] COMMAND FindElement {
   "using": "id",
   "value": "step-1-link"
}
[1552249040.412][INFO]: Waiting for pending navigations...
[1552249040.413][INFO]: Done waiting for pending navigations. Status: ok
[1552249040.419][INFO]: Waiting for pending navigations...
[1552249040.420][INFO]: Done waiting for pending navigations. Status: ok
[1552249040.420][INFO]: [4ac8a0ba8fa983b3ebe5b360427ec682] RESPONSE FindElement {
   "ELEMENT": "0.006786110717973859-9"
}
[1552249040.421][INFO]: [4ac8a0ba8fa983b3ebe5b360427ec682] COMMAND GetElementText {
   "id": "0.006786110717973859-9"
}
[1552249040.421][INFO]: Waiting for pending navigations...
[1552249040.422][INFO]: Done waiting for pending navigations. Status: ok
[1552249040.433][INFO]: Waiting for pending navigations...
[1552249040.434][INFO]: Done waiting for pending navigations. Status: ok
[1552249040.434][INFO]: [4ac8a0ba8fa983b3ebe5b360427ec682] RESPONSE GetElementText "Première étape: faire participer les parties prenantes et les partenaires"
[1552249040.435][INFO]: [4ac8a0ba8fa983b3ebe5b360427ec682] COMMAND FindElement {
   "using": "id",
   "value": "step-1-link"
}
[1552249040.435][INFO]: Waiting for pending navigations...
[1552249040.436][INFO]: Done waiting for pending navigations. Status: ok
[1552249040.440][INFO]: Waiting for pending navigations...
[1552249040.441][INFO]: Done waiting for pending navigations. Status: ok
[1552249040.441][INFO]: [4ac8a0ba8fa983b3ebe5b360427ec682] RESPONSE FindElement {
   "ELEMENT": "0.006786110717973859-9"
}
[1552249040.442][INFO]: [4ac8a0ba8fa983b3ebe5b360427ec682] COMMAND GetElementAttribute {
   "id": "0.006786110717973859-9",
   "name": "href"
}
[1552249040.442][INFO]: Waiting for pending navigations...
[1552249040.442][INFO]: Done waiting for pending navigations. Status: ok
[1552249040.445][INFO]: Waiting for pending navigations...
[1552249040.445][INFO]: Done waiting for pending navigations. Status: ok
[1552249040.445][INFO]: [4ac8a0ba8fa983b3ebe5b360427ec682] RESPONSE GetElementAttribute "http://localhost:3000/steps/1"
[1552249040.446][INFO]: [4ac8a0ba8fa983b3ebe5b360427ec682] COMMAND Screenshot {

}
[1552249040.446][INFO]: Waiting for pending navigations...
[1552249040.447][INFO]: Done waiting for pending navigations. Status: ok
[1552249040.775][INFO]: Waiting for pending navigations...
[1552249040.776][INFO]: Done waiting for pending navigations. Status: ok
[1552249040.777][INFO]: [4ac8a0ba8fa983b3ebe5b360427ec682] RESPONSE Screenshot "iVBORw0KGgoAAAANSUhEUgAAB4AAAANRCAYAAAACj6FfAAAgAElEQVR4nOzdfVSU953//9cMw804QQdEBEQUAc1IvIESqyTWCtlsqmus2pNmsW22R7ebje72FzV7clb35vtds7/8tpqcflf99teVb7fdxl+arVqT1XazAZfYqqUWjQYn3oKAgIgOiDjcDMPvD+4uk..."
[1552249040.798][INFO]: [4ac8a0ba8fa983b3ebe5b360427ec682] COMMAND FindElement {
   "using": "id",
   "value": "step-2-link"
}
[1552249040.799][INFO]: Waiting for pending navigations...
[1552249040.800][INFO]: Done waiting for pending navigations. Status: ok
[1552249040.808][INFO]: Waiting for pending navigations...
[1552249040.809][INFO]: Done waiting for pending navigations. Status: ok
[1552249040.809][INFO]: [4ac8a0ba8fa983b3ebe5b360427ec682] RESPONSE FindElement {
   "ELEMENT": "0.006786110717973859-10"
}
[1552249040.810][INFO]: [4ac8a0ba8fa983b3ebe5b360427ec682] COMMAND IsElementDisplayed {
   "id": "0.006786110717973859-10"
}
[1552249040.810][INFO]: Waiting for pending navigations...
[1552249040.811][INFO]: Done waiting for pending navigations. Status: ok
[1552249040.821][INFO]: Waiting for pending navigations...
[1552249040.822][INFO]: Done waiting for pending navigations. Status: ok
[1552249040.822][INFO]: [4ac8a0ba8fa983b3ebe5b360427ec682] RESPONSE IsElementDisplayed true
[1552249040.823][INFO]: [4ac8a0ba8fa983b3ebe5b360427ec682] COMMAND Screenshot {

}
[1552249040.823][INFO]: Waiting for pending navigations...
[1552249040.824][INFO]: Done waiting for pending navigations. Status: ok
[1552249041.138][INFO]: Waiting for pending navigations...
[1552249041.139][INFO]: Done waiting for pending navigations. Status: ok
[1552249041.139][INFO]: [4ac8a0ba8fa983b3ebe5b360427ec682] RESPONSE Screenshot "iVBORw0KGgoAAAANSUhEUgAAB4AAAANRCAYAAAACj6FfAAAgAElEQVR4nOzdfVSU953//9cMw804QQdEBEQUAc1IvIESqyTWCtlsqmus2pNmsW22R7ebje72FzV7clb35vtds7/8tpqcflf99teVb7fdxl+arVqT1XazAZfYqqUWjQYn3oKAgIgOiDjcDMPvD+4uk..."
[1552249041.158][INFO]: [4ac8a0ba8fa983b3ebe5b360427ec682] COMMAND FindElement {
   "using": "id",
   "value": "step-2-link"
}
[1552249041.158][INFO]: Waiting for pending navigations...
[1552249041.159][INFO]: Done waiting for pending navigations. Status: ok
[1552249041.164][INFO]: Waiting for pending navigations...
[1552249041.164][INFO]: Done waiting for pending navigations. Status: ok
[1552249041.164][INFO]: [4ac8a0ba8fa983b3ebe5b360427ec682] RESPONSE FindElement {
   "ELEMENT": "0.006786110717973859-10"
}
[1552249041.165][INFO]: [4ac8a0ba8fa983b3ebe5b360427ec682] COMMAND GetElementText {
   "id": "0.006786110717973859-10"
}
[1552249041.165][INFO]: Waiting for pending navigations...
[1552249041.166][INFO]: Done waiting for pending navigations. Status: ok
[1552249041.176][INFO]: Waiting for pending navigations...
[1552249041.177][INFO]: Done waiting for pending navigations. Status: ok
[1552249041.178][INFO]: [4ac8a0ba8fa983b3ebe5b360427ec682] RESPONSE GetElementText "Deuxième étape: Évaluer les risques et les incidences"
[1552249041.180][INFO]: [4ac8a0ba8fa983b3ebe5b360427ec682] COMMAND FindElement {
   "using": "id",
   "value": "step-2-link"
}
[1552249041.180][INFO]: Waiting for pending navigations...
[1552249041.181][INFO]: Done waiting for pending navigations. Status: ok
[1552249041.188][INFO]: Waiting for pending navigations...
[1552249041.188][INFO]: Done waiting for pending navigations. Status: ok
[1552249041.188][INFO]: [4ac8a0ba8fa983b3ebe5b360427ec682] RESPONSE FindElement {
   "ELEMENT": "0.006786110717973859-10"
}
[1552249041.189][INFO]: [4ac8a0ba8fa983b3ebe5b360427ec682] COMMAND GetElementAttribute {
   "id": "0.006786110717973859-10",
   "name": "href"
}
[1552249041.189][INFO]: Waiting for pending navigations...
[1552249041.190][INFO]: Done waiting for pending navigations. Status: ok
[1552249041.192][INFO]: Waiting for pending navigations...
[1552249041.193][INFO]: Done waiting for pending navigations. Status: ok
[1552249041.193][INFO]: [4ac8a0ba8fa983b3ebe5b360427ec682] RESPONSE GetElementAttribute "http://localhost:3000/steps/2"
[1552249041.194][INFO]: [4ac8a0ba8fa983b3ebe5b360427ec682] COMMAND Screenshot {

}
[1552249041.194][INFO]: Waiting for pending navigations...
[1552249041.194][INFO]: Done waiting for pending navigations. Status: ok
[1552249041.508][INFO]: Waiting for pending navigations...
[1552249041.509][INFO]: Done waiting for pending navigations. Status: ok
[1552249041.509][INFO]: [4ac8a0ba8fa983b3ebe5b360427ec682] RESPONSE Screenshot "iVBORw0KGgoAAAANSUhEUgAAB4AAAANRCAYAAAACj6FfAAAgAElEQVR4nOzdfVSU953//9cMw804QQdEBEQUAc1IvIESqyTWCtlsqmus2pNmsW22R7ebje72FzV7clb35vtds7/8tpqcflf99teVb7fdxl+arVqT1XazAZfYqqUWjQYn3oKAgIgOiDjcDMPvD+4uk..."
[1552249041.527][INFO]: [4ac8a0ba8fa983b3ebe5b360427ec682] COMMAND FindElement {
   "using": "id",
   "value": "step-3-link"
}
[1552249041.527][INFO]: Waiting for pending navigations...
[1552249041.528][INFO]: Done waiting for pending navigations. Status: ok
[1552249041.536][INFO]: Waiting for pending navigations...
[1552249041.537][INFO]: Done waiting for pending navigations. Status: ok
[1552249041.537][INFO]: [4ac8a0ba8fa983b3ebe5b360427ec682] RESPONSE FindElement {
   "ELEMENT": "0.006786110717973859-11"
}
[1552249041.538][INFO]: [4ac8a0ba8fa983b3ebe5b360427ec682] COMMAND IsElementDisplayed {
   "id": "0.006786110717973859-11"
}
[1552249041.538][INFO]: Waiting for pending navigations...
[1552249041.539][INFO]: Done waiting for pending navigations. Status: ok
[1552249041.548][INFO]: Waiting for pending navigations...
[1552249041.549][INFO]: Done waiting for pending navigations. Status: ok
[1552249041.549][INFO]: [4ac8a0ba8fa983b3ebe5b360427ec682] RESPONSE IsElementDisplayed true
[1552249041.550][INFO]: [4ac8a0ba8fa983b3ebe5b360427ec682] COMMAND Screenshot {

}
[1552249041.550][INFO]: Waiting for pending navigations...
[1552249041.551][INFO]: Done waiting for pending navigations. Status: ok
[1552249041.878][INFO]: Waiting for pending navigations...
[1552249041.878][INFO]: Done waiting for pending navigations. Status: ok
[1552249041.879][INFO]: [4ac8a0ba8fa983b3ebe5b360427ec682] RESPONSE Screenshot "iVBORw0KGgoAAAANSUhEUgAAB4AAAANRCAYAAAACj6FfAAAgAElEQVR4nOzdfVSU953//9cMw804QQdEBEQUAc1IvIESqyTWCtlsqmus2pNmsW22R7ebje72FzV7clb35vtds7/8tpqcflf99teVb7fdxl+arVqT1XazAZfYqqUWjQYn3oKAgIgOiDjcDMPvD+4uk..."
[1552249041.890][INFO]: [4ac8a0ba8fa983b3ebe5b360427ec682] COMMAND FindElement {
   "using": "id",
   "value": "step-3-link"
}
[1552249041.890][INFO]: Waiting for pending navigations...
[1552249041.892][INFO]: Done waiting for pending navigations. Status: ok
[1552249041.896][INFO]: Waiting for pending navigations...
[1552249041.897][INFO]: Done waiting for pending navigations. Status: ok
[1552249041.897][INFO]: [4ac8a0ba8fa983b3ebe5b360427ec682] RESPONSE FindElement {
   "ELEMENT": "0.006786110717973859-11"
}
[1552249041.898][INFO]: [4ac8a0ba8fa983b3ebe5b360427ec682] COMMAND GetElementText {
   "id": "0.006786110717973859-11"
}
[1552249041.898][INFO]: Waiting for pending navigations...
[1552249041.899][INFO]: Done waiting for pending navigations. Status: ok
[1552249041.909][INFO]: Waiting for pending navigations...
[1552249041.910][INFO]: Done waiting for pending navigations. Status: ok
[1552249041.910][INFO]: [4ac8a0ba8fa983b3ebe5b360427ec682] RESPONSE GetElementText "Troisième étape: élaborer un code de conduite"
[1552249041.912][INFO]: [4ac8a0ba8fa983b3ebe5b360427ec682] COMMAND FindElement {
   "using": "id",
   "value": "step-3-link"
}
[1552249041.912][INFO]: Waiting for pending navigations...
[1552249041.913][INFO]: Done waiting for pending navigations. Status: ok
[1552249041.919][INFO]: Waiting for pending navigations...
[1552249041.920][INFO]: Done waiting for pending navigations. Status: ok
[1552249041.920][INFO]: [4ac8a0ba8fa983b3ebe5b360427ec682] RESPONSE FindElement {
   "ELEMENT": "0.006786110717973859-11"
}
[1552249041.921][INFO]: [4ac8a0ba8fa983b3ebe5b360427ec682] COMMAND GetElementAttribute {
   "id": "0.006786110717973859-11",
   "name": "href"
}
[1552249041.921][INFO]: Waiting for pending navigations...
[1552249041.922][INFO]: Done waiting for pending navigations. Status: ok
[1552249041.925][INFO]: Waiting for pending navigations...
[1552249041.926][INFO]: Done waiting for pending navigations. Status: ok
[1552249041.926][INFO]: [4ac8a0ba8fa983b3ebe5b360427ec682] RESPONSE GetElementAttribute "http://localhost:3000/steps/3"
[1552249041.927][INFO]: [4ac8a0ba8fa983b3ebe5b360427ec682] COMMAND Screenshot {

}
[1552249041.927][INFO]: Waiting for pending navigations...
[1552249041.928][INFO]: Done waiting for pending navigations. Status: ok
[1552249042.243][INFO]: Waiting for pending navigations...
[1552249042.244][INFO]: Done waiting for pending navigations. Status: ok
[1552249042.244][INFO]: [4ac8a0ba8fa983b3ebe5b360427ec682] RESPONSE Screenshot "iVBORw0KGgoAAAANSUhEUgAAB4AAAANRCAYAAAACj6FfAAAgAElEQVR4nOzdfVSU953//9cMw804QQdEBEQUAc1IvIESqyTWCtlsqmus2pNmsW22R7ebje72FzV7clb35vtds7/8tpqcflf99teVb7fdxl+arVqT1XazAZfYqqUWjQYn3oKAgIgOiDjcDMPvD+4uk..."
[1552249042.261][INFO]: [4ac8a0ba8fa983b3ebe5b360427ec682] COMMAND FindElement {
   "using": "id",
   "value": "step-4-link"
}
[1552249042.261][INFO]: Waiting for pending navigations...
[1552249042.262][INFO]: Done waiting for pending navigations. Status: ok
[1552249042.271][INFO]: Waiting for pending navigations...
[1552249042.272][INFO]: Done waiting for pending navigations. Status: ok
[1552249042.272][INFO]: [4ac8a0ba8fa983b3ebe5b360427ec682] RESPONSE FindElement {
   "ELEMENT": "0.006786110717973859-12"
}
[1552249042.273][INFO]: [4ac8a0ba8fa983b3ebe5b360427ec682] COMMAND IsElementDisplayed {
   "id": "0.006786110717973859-12"
}
[1552249042.273][INFO]: Waiting for pending navigations...
[1552249042.273][INFO]: Done waiting for pending navigations. Status: ok
[1552249042.282][INFO]: Waiting for pending navigations...
[1552249042.282][INFO]: Done waiting for pending navigations. Status: ok
[1552249042.282][INFO]: [4ac8a0ba8fa983b3ebe5b360427ec682] RESPONSE IsElementDisplayed true
[1552249042.283][INFO]: [4ac8a0ba8fa983b3ebe5b360427ec682] COMMAND Screenshot {

}
[1552249042.283][INFO]: Waiting for pending navigations...
[1552249042.285][INFO]: Done waiting for pending navigations. Status: ok
[1552249042.604][INFO]: Waiting for pending navigations...
[1552249042.608][INFO]: Done waiting for pending navigations. Status: ok
[1552249042.609][INFO]: [4ac8a0ba8fa983b3ebe5b360427ec682] RESPONSE Screenshot "iVBORw0KGgoAAAANSUhEUgAAB4AAAANRCAYAAAACj6FfAAAgAElEQVR4nOzdfVSU953//9cMw804QQdEBEQUAc1IvIESqyTWCtlsqmus2pNmsW22R7ebje72FzV7clb35vtds7/8tpqcflf99teVb7fdxl+arVqT1XazAZfYqqUWjQYn3oKAgIgOiDjcDMPvD+4uk..."
[1552249042.622][INFO]: [4ac8a0ba8fa983b3ebe5b360427ec682] COMMAND FindElement {
   "using": "id",
   "value": "step-4-link"
}
[1552249042.622][INFO]: Waiting for pending navigations...
[1552249042.622][INFO]: Done waiting for pending navigations. Status: ok
[1552249042.627][INFO]: Waiting for pending navigations...
[1552249042.628][INFO]: Done waiting for pending navigations. Status: ok
[1552249042.628][INFO]: [4ac8a0ba8fa983b3ebe5b360427ec682] RESPONSE FindElement {
   "ELEMENT": "0.006786110717973859-12"
}
[1552249042.629][INFO]: [4ac8a0ba8fa983b3ebe5b360427ec682] COMMAND GetElementText {
   "id": "0.006786110717973859-12"
}
[1552249042.629][INFO]: Waiting for pending navigations...
[1552249042.630][INFO]: Done waiting for pending navigations. Status: ok
[1552249042.640][INFO]: Waiting for pending navigations...
[1552249042.642][INFO]: Done waiting for pending navigations. Status: ok
[1552249042.642][INFO]: [4ac8a0ba8fa983b3ebe5b360427ec682] RESPONSE GetElementText "Quatrième étape: communiquer et former dans l'ensemble de votre chaîne d'approvisionnement"
[1552249042.644][INFO]: [4ac8a0ba8fa983b3ebe5b360427ec682] COMMAND FindElement {
   "using": "id",
   "value": "step-4-link"
}
[1552249042.644][INFO]: Waiting for pending navigations...
[1552249042.646][INFO]: Done waiting for pending navigations. Status: ok
[1552249042.649][INFO]: Waiting for pending navigations...
[1552249042.650][INFO]: Done waiting for pending navigations. Status: ok
[1552249042.650][INFO]: [4ac8a0ba8fa983b3ebe5b360427ec682] RESPONSE FindElement {
   "ELEMENT": "0.006786110717973859-12"
}
[1552249042.651][INFO]: [4ac8a0ba8fa983b3ebe5b360427ec682] COMMAND GetElementAttribute {
   "id": "0.006786110717973859-12",
   "name": "href"
}
[1552249042.651][INFO]: Waiting for pending navigations...
[1552249042.653][INFO]: Done waiting for pending navigations. Status: ok
[1552249042.655][INFO]: Waiting for pending navigations...
[1552249042.656][INFO]: Done waiting for pending navigations. Status: ok
[1552249042.656][INFO]: [4ac8a0ba8fa983b3ebe5b360427ec682] RESPONSE GetElementAttribute "http://localhost:3000/steps/4"
[1552249042.658][INFO]: [4ac8a0ba8fa983b3ebe5b360427ec682] COMMAND Screenshot {

}
[1552249042.658][INFO]: Waiting for pending navigations...
[1552249042.659][INFO]: Done waiting for pending navigations. Status: ok
[1552249042.947][INFO]: Waiting for pending navigations...
[1552249042.948][INFO]: Done waiting for pending navigations. Status: ok
[1552249042.948][INFO]: [4ac8a0ba8fa983b3ebe5b360427ec682] RESPONSE Screenshot "iVBORw0KGgoAAAANSUhEUgAAB4AAAANRCAYAAAACj6FfAAAgAElEQVR4nOzdfVSU953//9cMw804QQdEBEQUAc1IvIESqyTWCtlsqmus2pNmsW22R7ebje72FzV7clb35vtds7/8tpqcflf99teVb7fdxl+arVqT1XazAZfYqqUWjQYn3oKAgIgOiDjcDMPvD+4uk..."
[1552249042.961][INFO]: [4ac8a0ba8fa983b3ebe5b360427ec682] COMMAND FindElement {
   "using": "id",
   "value": "step-5-link"
}
[1552249042.961][INFO]: Waiting for pending navigations...
[1552249042.962][INFO]: Done waiting for pending navigations. Status: ok
[1552249042.969][INFO]: Waiting for pending navigations...
[1552249042.970][INFO]: Done waiting for pending navigations. Status: ok
[1552249042.970][INFO]: [4ac8a0ba8fa983b3ebe5b360427ec682] RESPONSE FindElement {
   "ELEMENT": "0.006786110717973859-13"
}
[1552249042.971][INFO]: [4ac8a0ba8fa983b3ebe5b360427ec682] COMMAND IsElementDisplayed {
   "id": "0.006786110717973859-13"
}
[1552249042.971][INFO]: Waiting for pending navigations...
[1552249042.972][INFO]: Done waiting for pending navigations. Status: ok
[1552249042.981][INFO]: Waiting for pending navigations...
[1552249042.981][INFO]: Done waiting for pending navigations. Status: ok
[1552249042.982][INFO]: [4ac8a0ba8fa983b3ebe5b360427ec682] RESPONSE IsElementDisplayed true
[1552249042.983][INFO]: [4ac8a0ba8fa983b3ebe5b360427ec682] COMMAND Screenshot {

}
[1552249042.983][INFO]: Waiting for pending navigations...
[1552249042.984][INFO]: Done waiting for pending navigations. Status: ok
[1552249043.309][INFO]: Waiting for pending navigations...
[1552249043.311][INFO]: Done waiting for pending navigations. Status: ok
[1552249043.311][INFO]: [4ac8a0ba8fa983b3ebe5b360427ec682] RESPONSE Screenshot "iVBORw0KGgoAAAANSUhEUgAAB4AAAANRCAYAAAACj6FfAAAgAElEQVR4nOzdfVSU953//9cMw804QQdEBEQUAc1IvIESqyTWCtlsqmus2pNmsW22R7ebje72FzV7clb35vtds7/8tpqcflf99teVb7fdxl+arVqT1XazAZfYqqUWjQYn3oKAgIgOiDjcDMPvD+4uk..."
[1552249043.329][INFO]: [4ac8a0ba8fa983b3ebe5b360427ec682] COMMAND FindElement {
   "using": "id",
   "value": "step-5-link"
}
[1552249043.329][INFO]: Waiting for pending navigations...
[1552249043.330][INFO]: Done waiting for pending navigations. Status: ok
[1552249043.334][INFO]: Waiting for pending navigations...
[1552249043.335][INFO]: Done waiting for pending navigations. Status: ok
[1552249043.335][INFO]: [4ac8a0ba8fa983b3ebe5b360427ec682] RESPONSE FindElement {
   "ELEMENT": "0.006786110717973859-13"
}
[1552249043.336][INFO]: [4ac8a0ba8fa983b3ebe5b360427ec682] COMMAND GetElementText {
   "id": "0.006786110717973859-13"
}
[1552249043.336][INFO]: Waiting for pending navigations...
[1552249043.337][INFO]: Done waiting for pending navigations. Status: ok
[1552249043.347][INFO]: Waiting for pending navigations...
[1552249043.348][INFO]: Done waiting for pending navigations. Status: ok
[1552249043.348][INFO]: [4ac8a0ba8fa983b3ebe5b360427ec682] RESPONSE GetElementText "Cinquième étape: Surveiller la conformité"
[1552249043.351][INFO]: [4ac8a0ba8fa983b3ebe5b360427ec682] COMMAND FindElement {
   "using": "id",
   "value": "step-5-link"
}
[1552249043.351][INFO]: Waiting for pending navigations...
[1552249043.352][INFO]: Done waiting for pending navigations. Status: ok
[1552249043.356][INFO]: Waiting for pending navigations...
[1552249043.357][INFO]: Done waiting for pending navigations. Status: ok
[1552249043.357][INFO]: [4ac8a0ba8fa983b3ebe5b360427ec682] RESPONSE FindElement {
   "ELEMENT": "0.006786110717973859-13"
}
[1552249043.359][INFO]: [4ac8a0ba8fa983b3ebe5b360427ec682] COMMAND GetElementAttribute {
   "id": "0.006786110717973859-13",
   "name": "href"
}
[1552249043.359][INFO]: Waiting for pending navigations...
[1552249043.360][INFO]: Done waiting for pending navigations. Status: ok
[1552249043.363][INFO]: Waiting for pending navigations...
[1552249043.364][INFO]: Done waiting for pending navigations. Status: ok
[1552249043.364][INFO]: [4ac8a0ba8fa983b3ebe5b360427ec682] RESPONSE GetElementAttribute "http://localhost:3000/steps/5"
[1552249043.365][INFO]: [4ac8a0ba8fa983b3ebe5b360427ec682] COMMAND Screenshot {

}
[1552249043.365][INFO]: Waiting for pending navigations...
[1552249043.366][INFO]: Done waiting for pending navigations. Status: ok
[1552249043.669][INFO]: Waiting for pending navigations...
[1552249043.670][INFO]: Done waiting for pending navigations. Status: ok
[1552249043.670][INFO]: [4ac8a0ba8fa983b3ebe5b360427ec682] RESPONSE Screenshot "iVBORw0KGgoAAAANSUhEUgAAB4AAAANRCAYAAAACj6FfAAAgAElEQVR4nOzdfVSU953//9cMw804QQdEBEQUAc1IvIESqyTWCtlsqmus2pNmsW22R7ebje72FzV7clb35vtds7/8tpqcflf99teVb7fdxl+arVqT1XazAZfYqqUWjQYn3oKAgIgOiDjcDMPvD+4uk..."
[1552249043.682][INFO]: [4ac8a0ba8fa983b3ebe5b360427ec682] COMMAND FindElement {
   "using": "id",
   "value": "step-6-link"
}
[1552249043.682][INFO]: Waiting for pending navigations...
[1552249043.683][INFO]: Done waiting for pending navigations. Status: ok
[1552249043.690][INFO]: Waiting for pending navigations...
[1552249043.691][INFO]: Done waiting for pending navigations. Status: ok
[1552249043.691][INFO]: [4ac8a0ba8fa983b3ebe5b360427ec682] RESPONSE FindElement {
   "ELEMENT": "0.006786110717973859-14"
}
[1552249043.692][INFO]: [4ac8a0ba8fa983b3ebe5b360427ec682] COMMAND IsElementDisplayed {
   "id": "0.006786110717973859-14"
}
[1552249043.692][INFO]: Waiting for pending navigations...
[1552249043.693][INFO]: Done waiting for pending navigations. Status: ok
[1552249043.702][INFO]: Waiting for pending navigations...
[1552249043.705][INFO]: Done waiting for pending navigations. Status: ok
[1552249043.705][INFO]: [4ac8a0ba8fa983b3ebe5b360427ec682] RESPONSE IsElementDisplayed true
[1552249043.707][INFO]: [4ac8a0ba8fa983b3ebe5b360427ec682] COMMAND Screenshot {

}
[1552249043.707][INFO]: Waiting for pending navigations...
[1552249043.708][INFO]: Done waiting for pending navigations. Status: ok
[1552249044.013][INFO]: Waiting for pending navigations...
[1552249044.016][INFO]: Done waiting for pending navigations. Status: ok
[1552249044.016][INFO]: [4ac8a0ba8fa983b3ebe5b360427ec682] RESPONSE Screenshot "iVBORw0KGgoAAAANSUhEUgAAB4AAAANRCAYAAAACj6FfAAAgAElEQVR4nOzdfVSU953//9cMw804QQdEBEQUAc1IvIESqyTWCtlsqmus2pNmsW22R7ebje72FzV7clb35vtds7/8tpqcflf99teVb7fdxl+arVqT1XazAZfYqqUWjQYn3oKAgIgOiDjcDMPvD+4uk..."
[1552249044.034][INFO]: [4ac8a0ba8fa983b3ebe5b360427ec682] COMMAND FindElement {
   "using": "id",
   "value": "step-6-link"
}
[1552249044.034][INFO]: Waiting for pending navigations...
[1552249044.035][INFO]: Done waiting for pending navigations. Status: ok
[1552249044.039][INFO]: Waiting for pending navigations...
[1552249044.040][INFO]: Done waiting for pending navigations. Status: ok
[1552249044.040][INFO]: [4ac8a0ba8fa983b3ebe5b360427ec682] RESPONSE FindElement {
   "ELEMENT": "0.006786110717973859-14"
}
[1552249044.041][INFO]: [4ac8a0ba8fa983b3ebe5b360427ec682] COMMAND GetElementText {
   "id": "0.006786110717973859-14"
}
[1552249044.041][INFO]: Waiting for pending navigations...
[1552249044.042][INFO]: Done waiting for pending navigations. Status: ok
[1552249044.051][INFO]: Waiting for pending navigations...
[1552249044.052][INFO]: Done waiting for pending navigations. Status: ok
[1552249044.052][INFO]: [4ac8a0ba8fa983b3ebe5b360427ec682] RESPONSE GetElementText "Sixième étape: Réparer les infractions"
[1552249044.054][INFO]: [4ac8a0ba8fa983b3ebe5b360427ec682] COMMAND FindElement {
   "using": "id",
   "value": "step-6-link"
}
[1552249044.054][INFO]: Waiting for pending navigations...
[1552249044.055][INFO]: Done waiting for pending navigations. Status: ok
[1552249044.060][INFO]: Waiting for pending navigations...
[1552249044.060][INFO]: Done waiting for pending navigations. Status: ok
[1552249044.060][INFO]: [4ac8a0ba8fa983b3ebe5b360427ec682] RESPONSE FindElement {
   "ELEMENT": "0.006786110717973859-14"
}
[1552249044.062][INFO]: [4ac8a0ba8fa983b3ebe5b360427ec682] COMMAND GetElementAttribute {
   "id": "0.006786110717973859-14",
   "name": "href"
}
[1552249044.062][INFO]: Waiting for pending navigations...
[1552249044.064][INFO]: Done waiting for pending navigations. Status: ok
[1552249044.066][INFO]: Waiting for pending navigations...
[1552249044.067][INFO]: Done waiting for pending navigations. Status: ok
[1552249044.067][INFO]: [4ac8a0ba8fa983b3ebe5b360427ec682] RESPONSE GetElementAttribute "http://localhost:3000/steps/6"
[1552249044.067][INFO]: [4ac8a0ba8fa983b3ebe5b360427ec682] COMMAND Screenshot {

}
[1552249044.067][INFO]: Waiting for pending navigations...
[1552249044.068][INFO]: Done waiting for pending navigations. Status: ok
[1552249044.396][INFO]: Waiting for pending navigations...
[1552249044.397][INFO]: Done waiting for pending navigations. Status: ok
[1552249044.397][INFO]: [4ac8a0ba8fa983b3ebe5b360427ec682] RESPONSE Screenshot "iVBORw0KGgoAAAANSUhEUgAAB4AAAANRCAYAAAACj6FfAAAgAElEQVR4nOzdfVSU953//9cMw804QQdEBEQUAc1IvIESqyTWCtlsqmus2pNmsW22R7ebje72FzV7clb35vtds7/8tpqcflf99teVb7fdxl+arVqT1XazAZfYqqUWjQYn3oKAgIgOiDjcDMPvD+4uk..."
[1552249044.412][INFO]: [4ac8a0ba8fa983b3ebe5b360427ec682] COMMAND FindElement {
   "using": "id",
   "value": "step-7-link"
}
[1552249044.412][INFO]: Waiting for pending navigations...
[1552249044.412][INFO]: Done waiting for pending navigations. Status: ok
[1552249044.421][INFO]: Waiting for pending navigations...
[1552249044.422][INFO]: Done waiting for pending navigations. Status: ok
[1552249044.422][INFO]: [4ac8a0ba8fa983b3ebe5b360427ec682] RESPONSE FindElement {
   "ELEMENT": "0.006786110717973859-15"
}
[1552249044.423][INFO]: [4ac8a0ba8fa983b3ebe5b360427ec682] COMMAND IsElementDisplayed {
   "id": "0.006786110717973859-15"
}
[1552249044.423][INFO]: Waiting for pending navigations...
[1552249044.424][INFO]: Done waiting for pending navigations. Status: ok
[1552249044.434][INFO]: Waiting for pending navigations...
[1552249044.435][INFO]: Done waiting for pending navigations. Status: ok
[1552249044.435][INFO]: [4ac8a0ba8fa983b3ebe5b360427ec682] RESPONSE IsElementDisplayed true
[1552249044.437][INFO]: [4ac8a0ba8fa983b3ebe5b360427ec682] COMMAND Screenshot {

}
[1552249044.437][INFO]: Waiting for pending navigations...
[1552249044.438][INFO]: Done waiting for pending navigations. Status: ok
[1552249044.724][INFO]: Waiting for pending navigations...
[1552249044.724][INFO]: Done waiting for pending navigations. Status: ok
[1552249044.724][INFO]: [4ac8a0ba8fa983b3ebe5b360427ec682] RESPONSE Screenshot "iVBORw0KGgoAAAANSUhEUgAAB4AAAANRCAYAAAACj6FfAAAgAElEQVR4nOzdfVSU953//9cMw804QQdEBEQUAc1IvIESqyTWCtlsqmus2pNmsW22R7ebje72FzV7clb35vtds7/8tpqcflf99teVb7fdxl+arVqT1XazAZfYqqUWjQYn3oKAgIgOiDjcDMPvD+4uk..."
[1552249044.753][INFO]: [4ac8a0ba8fa983b3ebe5b360427ec682] COMMAND FindElement {
   "using": "id",
   "value": "step-7-link"
}
[1552249044.753][INFO]: Waiting for pending navigations...
[1552249044.754][INFO]: Done waiting for pending navigations. Status: ok
[1552249044.759][INFO]: Waiting for pending navigations...
[1552249044.760][INFO]: Done waiting for pending navigations. Status: ok
[1552249044.760][INFO]: [4ac8a0ba8fa983b3ebe5b360427ec682] RESPONSE FindElement {
   "ELEMENT": "0.006786110717973859-15"
}
[1552249044.761][INFO]: [4ac8a0ba8fa983b3ebe5b360427ec682] COMMAND GetElementText {
   "id": "0.006786110717973859-15"
}
[1552249044.762][INFO]: Waiting for pending navigations...
[1552249044.762][INFO]: Done waiting for pending navigations. Status: ok
[1552249044.772][INFO]: Waiting for pending navigations...
[1552249044.773][INFO]: Done waiting for pending navigations. Status: ok
[1552249044.773][INFO]: [4ac8a0ba8fa983b3ebe5b360427ec682] RESPONSE GetElementText "Septième étape: Examen indépendant"
[1552249044.776][INFO]: [4ac8a0ba8fa983b3ebe5b360427ec682] COMMAND FindElement {
   "using": "id",
   "value": "step-7-link"
}
[1552249044.776][INFO]: Waiting for pending navigations...
[1552249044.777][INFO]: Done waiting for pending navigations. Status: ok
[1552249044.781][INFO]: Waiting for pending navigations...
[1552249044.782][INFO]: Done waiting for pending navigations. Status: ok
[1552249044.782][INFO]: [4ac8a0ba8fa983b3ebe5b360427ec682] RESPONSE FindElement {
   "ELEMENT": "0.006786110717973859-15"
}
[1552249044.783][INFO]: [4ac8a0ba8fa983b3ebe5b360427ec682] COMMAND GetElementAttribute {
   "id": "0.006786110717973859-15",
   "name": "href"
}
[1552249044.783][INFO]: Waiting for pending navigations...
[1552249044.784][INFO]: Done waiting for pending navigations. Status: ok
[1552249044.787][INFO]: Waiting for pending navigations...
[1552249044.788][INFO]: Done waiting for pending navigations. Status: ok
[1552249044.788][INFO]: [4ac8a0ba8fa983b3ebe5b360427ec682] RESPONSE GetElementAttribute "http://localhost:3000/steps/7"
[1552249044.789][INFO]: [4ac8a0ba8fa983b3ebe5b360427ec682] COMMAND Screenshot {

}
[1552249044.789][INFO]: Waiting for pending navigations...
[1552249044.790][INFO]: Done waiting for pending navigations. Status: ok
[1552249045.077][INFO]: Waiting for pending navigations...
[1552249045.078][INFO]: Done waiting for pending navigations. Status: ok
[1552249045.078][INFO]: [4ac8a0ba8fa983b3ebe5b360427ec682] RESPONSE Screenshot "iVBORw0KGgoAAAANSUhEUgAAB4AAAANRCAYAAAACj6FfAAAgAElEQVR4nOzdfVSU953//9cMw804QQdEBEQUAc1IvIESqyTWCtlsqmus2pNmsW22R7ebje72FzV7clb35vtds7/8tpqcflf99teVb7fdxl+arVqT1XazAZfYqqUWjQYn3oKAgIgOiDjcDMPvD+4uk..."
[1552249045.097][INFO]: [4ac8a0ba8fa983b3ebe5b360427ec682] COMMAND FindElement {
   "using": "id",
   "value": "step-8-link"
}
[1552249045.097][INFO]: Waiting for pending navigations...
[1552249045.098][INFO]: Done waiting for pending navigations. Status: ok
[1552249045.110][INFO]: Waiting for pending navigations...
[1552249045.111][INFO]: Done waiting for pending navigations. Status: ok
[1552249045.111][INFO]: [4ac8a0ba8fa983b3ebe5b360427ec682] RESPONSE FindElement {
   "ELEMENT": "0.006786110717973859-16"
}
[1552249045.112][INFO]: [4ac8a0ba8fa983b3ebe5b360427ec682] COMMAND IsElementDisplayed {
   "id": "0.006786110717973859-16"
}
[1552249045.112][INFO]: Waiting for pending navigations...
[1552249045.113][INFO]: Done waiting for pending navigations. Status: ok
[1552249045.121][INFO]: Waiting for pending navigations...
[1552249045.122][INFO]: Done waiting for pending navigations. Status: ok
[1552249045.122][INFO]: [4ac8a0ba8fa983b3ebe5b360427ec682] RESPONSE IsElementDisplayed true
[1552249045.123][INFO]: [4ac8a0ba8fa983b3ebe5b360427ec682] COMMAND Screenshot {

}
[1552249045.123][INFO]: Waiting for pending navigations...
[1552249045.124][INFO]: Done waiting for pending navigations. Status: ok
[1552249045.418][INFO]: Waiting for pending navigations...
[1552249045.419][INFO]: Done waiting for pending navigations. Status: ok
[1552249045.419][INFO]: [4ac8a0ba8fa983b3ebe5b360427ec682] RESPONSE Screenshot "iVBORw0KGgoAAAANSUhEUgAAB4AAAANRCAYAAAACj6FfAAAgAElEQVR4nOzdfVSU953//9cMw804QQdEBEQUAc1IvIESqyTWCtlsqmus2pNmsW22R7ebje72FzV7clb35vtds7/8tpqcflf99teVb7fdxl+arVqT1XazAZfYqqUWjQYn3oKAgIgOiDjcDMPvD+4uk..."
[1552249045.437][INFO]: [4ac8a0ba8fa983b3ebe5b360427ec682] COMMAND FindElement {
   "using": "id",
   "value": "step-8-link"
}
[1552249045.438][INFO]: Waiting for pending navigations...
[1552249045.440][INFO]: Done waiting for pending navigations. Status: ok
[1552249045.445][INFO]: Waiting for pending navigations...
[1552249045.446][INFO]: Done waiting for pending navigations. Status: ok
[1552249045.446][INFO]: [4ac8a0ba8fa983b3ebe5b360427ec682] RESPONSE FindElement {
   "ELEMENT": "0.006786110717973859-16"
}
[1552249045.447][INFO]: [4ac8a0ba8fa983b3ebe5b360427ec682] COMMAND GetElementText {
   "id": "0.006786110717973859-16"
}
[1552249045.447][INFO]: Waiting for pending navigations...
[1552249045.448][INFO]: Done waiting for pending navigations. Status: ok
[1552249045.458][INFO]: Waiting for pending navigations...
[1552249045.459][INFO]: Done waiting for pending navigations. Status: ok
[1552249045.459][INFO]: [4ac8a0ba8fa983b3ebe5b360427ec682] RESPONSE GetElementText "Huitième étape: Rendre compte des résultats"
[1552249045.462][INFO]: [4ac8a0ba8fa983b3ebe5b360427ec682] COMMAND FindElement {
   "using": "id",
   "value": "step-8-link"
}
[1552249045.462][INFO]: Waiting for pending navigations...
[1552249045.463][INFO]: Done waiting for pending navigations. Status: ok
[1552249045.467][INFO]: Waiting for pending navigations...
[1552249045.468][INFO]: Done waiting for pending navigations. Status: ok
[1552249045.468][INFO]: [4ac8a0ba8fa983b3ebe5b360427ec682] RESPONSE FindElement {
   "ELEMENT": "0.006786110717973859-16"
}
[1552249045.469][INFO]: [4ac8a0ba8fa983b3ebe5b360427ec682] COMMAND GetElementAttribute {
   "id": "0.006786110717973859-16",
   "name": "href"
}
[1552249045.469][INFO]: Waiting for pending navigations...
[1552249045.470][INFO]: Done waiting for pending navigations. Status: ok
[1552249045.473][INFO]: Waiting for pending navigations...
[1552249045.474][INFO]: Done waiting for pending navigations. Status: ok
[1552249045.474][INFO]: [4ac8a0ba8fa983b3ebe5b360427ec682] RESPONSE GetElementAttribute "http://localhost:3000/steps/8"
[1552249045.475][INFO]: [4ac8a0ba8fa983b3ebe5b360427ec682] COMMAND Screenshot {

}
[1552249045.475][INFO]: Waiting for pending navigations...
[1552249045.475][INFO]: Done waiting for pending navigations. Status: ok
[1552249045.763][INFO]: Waiting for pending navigations...
[1552249045.764][INFO]: Done waiting for pending navigations. Status: ok
[1552249045.764][INFO]: [4ac8a0ba8fa983b3ebe5b360427ec682] RESPONSE Screenshot "iVBORw0KGgoAAAANSUhEUgAAB4AAAANRCAYAAAACj6FfAAAgAElEQVR4nOzdfVSU953//9cMw804QQdEBEQUAc1IvIESqyTWCtlsqmus2pNmsW22R7ebje72FzV7clb35vtds7/8tpqcflf99teVb7fdxl+arVqT1XazAZfYqqUWjQYn3oKAgIgOiDjcDMPvD+4uk..."
[1552249045.786][INFO]: [4ac8a0ba8fa983b3ebe5b360427ec682] COMMAND FindElement {
   "using": "id",
   "value": "steps-dropdown"
}
[1552249045.786][INFO]: Waiting for pending navigations...
[1552249045.789][INFO]: Done waiting for pending navigations. Status: ok
[1552249045.793][INFO]: Waiting for pending navigations...
[1552249045.794][INFO]: Done waiting for pending navigations. Status: ok
[1552249045.794][INFO]: [4ac8a0ba8fa983b3ebe5b360427ec682] RESPONSE FindElement {
   "ELEMENT": "0.006786110717973859-8"
}
[1552249045.795][INFO]: [4ac8a0ba8fa983b3ebe5b360427ec682] COMMAND IsElementDisplayed {
   "id": "0.006786110717973859-8"
}
[1552249045.795][INFO]: Waiting for pending navigations...
[1552249045.796][INFO]: Done waiting for pending navigations. Status: ok
[1552249045.800][INFO]: Waiting for pending navigations...
[1552249045.801][INFO]: Done waiting for pending navigations. Status: ok
[1552249045.801][INFO]: [4ac8a0ba8fa983b3ebe5b360427ec682] RESPONSE IsElementDisplayed true
[1552249045.803][INFO]: [4ac8a0ba8fa983b3ebe5b360427ec682] COMMAND FindElement {
   "using": "id",
   "value": "steps-dropdown"
}
[1552249045.803][INFO]: Waiting for pending navigations...
[1552249045.804][INFO]: Done waiting for pending navigations. Status: ok
[1552249045.808][INFO]: Waiting for pending navigations...
[1552249045.810][INFO]: Done waiting for pending navigations. Status: ok
[1552249045.810][INFO]: [4ac8a0ba8fa983b3ebe5b360427ec682] RESPONSE FindElement {
   "ELEMENT": "0.006786110717973859-8"
}
[1552249045.813][INFO]: [4ac8a0ba8fa983b3ebe5b360427ec682] COMMAND ClickElement {
   "id": "0.006786110717973859-8"
}
[1552249045.813][INFO]: Waiting for pending navigations...
[1552249045.814][INFO]: Done waiting for pending navigations. Status: ok
[1552249045.846][INFO]: Waiting for pending navigations...
[1552249045.849][INFO]: Done waiting for pending navigations. Status: ok
[1552249045.849][INFO]: [4ac8a0ba8fa983b3ebe5b360427ec682] RESPONSE ClickElement
[1552249045.851][INFO]: [4ac8a0ba8fa983b3ebe5b360427ec682] COMMAND Screenshot {

}
[1552249045.851][INFO]: Waiting for pending navigations...
[1552249045.851][INFO]: Done waiting for pending navigations. Status: ok
[1552249046.144][INFO]: Waiting for pending navigations...
[1552249046.146][INFO]: Done waiting for pending navigations. Status: ok
[1552249046.146][INFO]: [4ac8a0ba8fa983b3ebe5b360427ec682] RESPONSE Screenshot "iVBORw0KGgoAAAANSUhEUgAAB4AAAANRCAYAAAACj6FfAAAgAElEQVR4nOzdf1SU9533/9cMw49xgg4/REBEEdCMRA2UWiWxVshmU11r1Z40i22zPbrdbHS3d5Tuybl1d+971+w3362a03vVu9+u3N12G79ptmptVtvNBlxiq5ZaNBqc+BMEAkjQARGHH8Nw/8GvC..."
[1552249046.162][INFO]: [4ac8a0ba8fa983b3ebe5b360427ec682] COMMAND FindElement {
   "using": "id",
   "value": "menu-btn"
}
[1552249046.162][INFO]: Waiting for pending navigations...
[1552249046.163][INFO]: Done waiting for pending navigations. Status: ok
[1552249046.167][INFO]: Waiting for pending navigations...
[1552249046.168][INFO]: Done waiting for pending navigations. Status: ok
[1552249046.168][INFO]: [4ac8a0ba8fa983b3ebe5b360427ec682] RESPONSE FindElement {
   "ELEMENT": "0.006786110717973859-3"
}
[1552249046.169][INFO]: [4ac8a0ba8fa983b3ebe5b360427ec682] COMMAND IsElementDisplayed {
   "id": "0.006786110717973859-3"
}
[1552249046.169][INFO]: Waiting for pending navigations...
[1552249046.170][INFO]: Done waiting for pending navigations. Status: ok
[1552249046.175][INFO]: Waiting for pending navigations...
[1552249046.176][INFO]: Done waiting for pending navigations. Status: ok
[1552249046.176][INFO]: [4ac8a0ba8fa983b3ebe5b360427ec682] RESPONSE IsElementDisplayed true
[1552249046.179][INFO]: [4ac8a0ba8fa983b3ebe5b360427ec682] COMMAND FindElement {
   "using": "id",
   "value": "menu-btn"
}
[1552249046.179][INFO]: Waiting for pending navigations...
[1552249046.181][INFO]: Done waiting for pending navigations. Status: ok
[1552249046.188][INFO]: Waiting for pending navigations...
[1552249046.190][INFO]: Done waiting for pending navigations. Status: ok
[1552249046.190][INFO]: [4ac8a0ba8fa983b3ebe5b360427ec682] RESPONSE FindElement {
   "ELEMENT": "0.006786110717973859-3"
}
[1552249046.192][INFO]: [4ac8a0ba8fa983b3ebe5b360427ec682] COMMAND ClickElement {
   "id": "0.006786110717973859-3"
}
[1552249046.192][INFO]: Waiting for pending navigations...
[1552249046.193][INFO]: Done waiting for pending navigations. Status: ok
[1552249046.226][INFO]: Waiting for pending navigations...
[1552249046.228][INFO]: Done waiting for pending navigations. Status: ok
[1552249046.228][INFO]: [4ac8a0ba8fa983b3ebe5b360427ec682] RESPONSE ClickElement
[1552249046.231][INFO]: [4ac8a0ba8fa983b3ebe5b360427ec682] COMMAND FindElement {
   "using": "id",
   "value": "menu-btn"
}
[1552249046.231][INFO]: Waiting for pending navigations...
[1552249046.232][INFO]: Done waiting for pending navigations. Status: ok
[1552249046.238][INFO]: Waiting for pending navigations...
[1552249046.238][INFO]: Done waiting for pending navigations. Status: ok
[1552249046.238][INFO]: [4ac8a0ba8fa983b3ebe5b360427ec682] RESPONSE FindElement {
   "ELEMENT": "0.006786110717973859-3"
}
[1552249046.239][INFO]: [4ac8a0ba8fa983b3ebe5b360427ec682] COMMAND GetElementText {
   "id": "0.006786110717973859-3"
}
[1552249046.240][INFO]: Waiting for pending navigations...
[1552249046.241][INFO]: Done waiting for pending navigations. Status: ok
[1552249046.247][INFO]: Waiting for pending navigations...
[1552249046.248][INFO]: Done waiting for pending navigations. Status: ok
[1552249046.248][INFO]: [4ac8a0ba8fa983b3ebe5b360427ec682] RESPONSE GetElementText "Menu"
[1552249046.250][INFO]: [4ac8a0ba8fa983b3ebe5b360427ec682] COMMAND Screenshot {

}
[1552249046.250][INFO]: Waiting for pending navigations...
[1552249046.252][INFO]: Done waiting for pending navigations. Status: ok
[1552249046.610][INFO]: Waiting for pending navigations...
[1552249046.612][INFO]: Done waiting for pending navigations. Status: ok
[1552249046.612][INFO]: [4ac8a0ba8fa983b3ebe5b360427ec682] RESPONSE Screenshot "iVBORw0KGgoAAAANSUhEUgAAB4AAAANRCAYAAAACj6FfAAAgAElEQVR4nOzdfZSW1X03+u89DPMiggMiDATRUYwOvgFRA0RjHDRNsJoITdpCkzaVpo34pCeBZvWpJs1ppKfHQLKeVpKeVpI+yQNJmkKapGKbRIyaAlULxhdGjToIKAOiDPIyAwwz5w8BBxhQzMAwt..."
[1552249046.625][INFO]: [4ac8a0ba8fa983b3ebe5b360427ec682] COMMAND Quit {

}
[1552249046.685][INFO]: [4ac8a0ba8fa983b3ebe5b360427ec682] RESPONSE Quit
