[1552240659.993][INFO]: Starting ChromeDriver 73.0.3683.68 (47787ec04b6e38e22703e856e101e840b65afe72)
[1552240659.993][INFO]: Please protect ports used by ChromeDriver and related test frameworks to prevent access by malicious code.
[1552240660.694][INFO]: [7fb965cd4d632ba69c4c884f870fadf7] COMMAND InitSession {
   "capabilities": {
      "firstMatch": [ {
         "browserName": "chrome",
         "goog:chromeOptions": {
            "args": [ "chrome.switches", "--disable-extensions", "chrome.switches", "test-type", "chrome.switches", "start-maximized", "chrome.switches", "no-sandbox" ],
            "extensions": [  ],
            "useAutomationExtension": false
         }
      } ]
   },
   "desiredCapabilities": {
      "browserName": "chrome",
      "goog:chromeOptions": {
         "args": [ "chrome.switches", "--disable-extensions", "chrome.switches", "test-type", "chrome.switches", "start-maximized", "chrome.switches", "no-sandbox" ],
         "extensions": [  ],
         "useAutomationExtension": false
      }
   }
}
[1552240660.697][INFO]: Populating Preferences file: {
   "alternate_error_pages": {
      "enabled": false
   },
   "autofill": {
      "enabled": false
   },
   "browser": {
      "check_default_browser": false
   },
   "distribution": {
      "import_bookmarks": false,
      "import_history": false,
      "import_search_engine": false,
      "make_chrome_default_for_user": false,
      "skip_first_run_ui": true
   },
   "dns_prefetching": {
      "enabled": false
   },
   "profile": {
      "content_settings": {
         "pattern_pairs": {
            "https://*,*": {
               "media-stream": {
                  "audio": "Default",
                  "video": "Default"
               }
            }
         }
      },
      "default_content_setting_values": {
         "geolocation": 1
      },
      "default_content_settings": {
         "geolocation": 1,
         "mouselock": 1,
         "notifications": 1,
         "popups": 1,
         "ppapi-broker": 1
      },
      "password_manager_enabled": false
   },
   "safebrowsing": {
      "enabled": false
   },
   "search": {
      "suggest_enabled": false
   },
   "translate": {
      "enabled": false
   }
}
[1552240660.703][INFO]: Populating Local State file: {
   "background_mode": {
      "enabled": false
   },
   "ssl": {
      "rev_checking": {
         "enabled": false
      }
   }
}
[1552240660.709][INFO]: Launching chrome: "C:\Program Files (x86)\Google\Chrome\Application\chrome.exe" --chrome.switches --disable-background-networking --disable-client-side-phishing-detection --disable-default-apps --disable-extensions --disable-hang-monitor --disable-popup-blocking --disable-prompt-on-repost --disable-sync --disable-web-resources --enable-automation --enable-blink-features=ShadowDOMV0 --enable-logging --force-fieldtrials=SiteIsolationExtensions/Control --ignore-certificate-errors --log-level=0 --metrics-recording-only --no-first-run --no-sandbox --password-store=basic --remote-debugging-port=0 --start-maximized --test-type --use-mock-keychain --user-data-dir="C:\Users\KAVITH~1\AppData\Local\Temp\scoped_dir39256_5555" data:,
[1552240661.397][INFO]: resolved localhost to ["::1","127.0.0.1"]
[1552240662.413][INFO]: [7fb965cd4d632ba69c4c884f870fadf7] RESPONSE InitSession {
   "acceptInsecureCerts": false,
   "acceptSslCerts": false,
   "applicationCacheEnabled": false,
   "browserConnectionEnabled": false,
   "browserName": "chrome",
   "chrome": {
      "chromedriverVersion": "73.0.3683.68 (47787ec04b6e38e22703e856e101e840b65afe72)",
      "userDataDir": "C:\\Users\\KAVITH~1\\AppData\\Local\\Temp\\scoped_dir39256_5555"
   },
   "cssSelectorsEnabled": true,
   "databaseEnabled": false,
   "goog:chromeOptions": {
      "debuggerAddress": "localhost:63286"
   },
   "handlesAlerts": true,
   "hasTouchScreen": false,
   "javascriptEnabled": true,
   "locationContextEnabled": true,
   "mobileEmulationEnabled": false,
   "nativeEvents": true,
   "networkConnectionEnabled": false,
   "pageLoadStrategy": "normal",
   "platform": "Windows NT",
   "proxy": {

   },
   "~~~": "..."
}
[1552240662.448][INFO]: [7fb965cd4d632ba69c4c884f870fadf7] COMMAND MaximizeWindow {
   "handle": "current",
   "windowHandle": "current"
}
[1552240662.448][INFO]: Waiting for pending navigations...
[1552240662.458][INFO]: Done waiting for pending navigations. Status: ok
[1552240662.461][INFO]: resolved localhost to ["::1","127.0.0.1"]
[1552240663.464][INFO]: Waiting for pending navigations...
[1552240663.465][INFO]: Done waiting for pending navigations. Status: ok
[1552240663.465][INFO]: [7fb965cd4d632ba69c4c884f870fadf7] RESPONSE MaximizeWindow {
   "height": 696,
   "width": 1296,
   "x": -8,
   "y": -8
}
[1552240663.471][INFO]: [7fb965cd4d632ba69c4c884f870fadf7] COMMAND SetTimeouts {
   "ms": 30000,
   "type": "implicit"
}
[1552240663.471][INFO]: [7fb965cd4d632ba69c4c884f870fadf7] RESPONSE SetTimeouts
[1552240663.474][INFO]: [7fb965cd4d632ba69c4c884f870fadf7] COMMAND SetTimeouts {
   "ms": 60000,
   "type": "page load"
}
[1552240663.474][INFO]: [7fb965cd4d632ba69c4c884f870fadf7] RESPONSE SetTimeouts
[1552240663.477][INFO]: [7fb965cd4d632ba69c4c884f870fadf7] COMMAND Navigate {
   "url": "http://localhost:3000/"
}
[1552240663.477][INFO]: Waiting for pending navigations...
[1552240663.478][INFO]: Done waiting for pending navigations. Status: ok
[1552240663.836][INFO]: Waiting for pending navigations...
[1552240664.835][INFO]: Done waiting for pending navigations. Status: ok
[1552240664.835][INFO]: [7fb965cd4d632ba69c4c884f870fadf7] RESPONSE Navigate
[1552240664.887][INFO]: [7fb965cd4d632ba69c4c884f870fadf7] COMMAND FindElement {
   "using": "id",
   "value": "brand-logo"
}
[1552240664.887][INFO]: Waiting for pending navigations...
[1552240664.888][INFO]: Done waiting for pending navigations. Status: ok
[1552240664.913][INFO]: Waiting for pending navigations...
[1552240664.914][INFO]: Done waiting for pending navigations. Status: ok
[1552240664.914][INFO]: [7fb965cd4d632ba69c4c884f870fadf7] RESPONSE FindElement {
   "ELEMENT": "0.793703603939214-1"
}
[1552240664.915][INFO]: [7fb965cd4d632ba69c4c884f870fadf7] COMMAND IsElementDisplayed {
   "id": "0.793703603939214-1"
}
[1552240664.915][INFO]: Waiting for pending navigations...
[1552240664.916][INFO]: Done waiting for pending navigations. Status: ok
[1552240664.928][INFO]: Waiting for pending navigations...
[1552240664.928][INFO]: Done waiting for pending navigations. Status: ok
[1552240664.928][INFO]: [7fb965cd4d632ba69c4c884f870fadf7] RESPONSE IsElementDisplayed true
[1552240664.936][INFO]: [7fb965cd4d632ba69c4c884f870fadf7] COMMAND Screenshot {

}
[1552240664.936][INFO]: Waiting for pending navigations...
[1552240664.937][INFO]: Done waiting for pending navigations. Status: ok
[1552240665.249][INFO]: Waiting for pending navigations...
[1552240665.250][INFO]: Done waiting for pending navigations. Status: ok
[1552240665.250][INFO]: [7fb965cd4d632ba69c4c884f870fadf7] RESPONSE Screenshot "iVBORw0KGgoAAAANSUhEUgAAB4AAAANRCAYAAAACj6FfAAAgAElEQVR4nOzde5RX9WHv/c9vBuYCjgyI3LyOlygoKhgNEE0iahqxJhGa9BSibaonreJJnxNI1mk16Xmq9Omj0KynlaSnlaYnHkjTFNIkFdumYtVUrFowoo4adVBQBuUyXGdgbs8fAgIzYMCRy/b1W..."
[1552240665.285][INFO]: [7fb965cd4d632ba69c4c884f870fadf7] COMMAND FindElement {
   "using": "id",
   "value": "brand-name"
}
[1552240665.285][INFO]: Waiting for pending navigations...
[1552240665.286][INFO]: Done waiting for pending navigations. Status: ok
[1552240665.294][INFO]: Waiting for pending navigations...
[1552240665.294][INFO]: Done waiting for pending navigations. Status: ok
[1552240665.294][INFO]: [7fb965cd4d632ba69c4c884f870fadf7] RESPONSE FindElement {
   "ELEMENT": "0.793703603939214-2"
}
[1552240665.296][INFO]: [7fb965cd4d632ba69c4c884f870fadf7] COMMAND IsElementDisplayed {
   "id": "0.793703603939214-2"
}
[1552240665.296][INFO]: Waiting for pending navigations...
[1552240665.297][INFO]: Done waiting for pending navigations. Status: ok
[1552240665.305][INFO]: Waiting for pending navigations...
[1552240665.306][INFO]: Done waiting for pending navigations. Status: ok
[1552240665.306][INFO]: [7fb965cd4d632ba69c4c884f870fadf7] RESPONSE IsElementDisplayed true
[1552240665.308][INFO]: [7fb965cd4d632ba69c4c884f870fadf7] COMMAND Screenshot {

}
[1552240665.309][INFO]: Waiting for pending navigations...
[1552240665.310][INFO]: Done waiting for pending navigations. Status: ok
[1552240665.609][INFO]: Waiting for pending navigations...
[1552240665.611][INFO]: Done waiting for pending navigations. Status: ok
[1552240665.611][INFO]: [7fb965cd4d632ba69c4c884f870fadf7] RESPONSE Screenshot "iVBORw0KGgoAAAANSUhEUgAAB4AAAANRCAYAAAACj6FfAAAgAElEQVR4nOzde5RX9WHv/c9vBuYCjgyI3LyOlygoKhgNEE0iahqxJhGa9BSibaonreJJnxNI1mk16Xmq9Omj0KynlaSnlaYnHkjTFNIkFdumYtVUrFowoo4adVBQBuUyXGdgbs8fAgIzYMCRy/b1W..."
[1552240665.626][INFO]: [7fb965cd4d632ba69c4c884f870fadf7] COMMAND FindElement {
   "using": "xpath",
   "value": "//div[@id='container']/div"
}
[1552240665.626][INFO]: Waiting for pending navigations...
[1552240665.627][INFO]: Done waiting for pending navigations. Status: ok
[1552240665.637][INFO]: Waiting for pending navigations...
[1552240665.638][INFO]: Done waiting for pending navigations. Status: ok
[1552240665.638][INFO]: [7fb965cd4d632ba69c4c884f870fadf7] RESPONSE FindElement {
   "ELEMENT": "0.793703603939214-3"
}
[1552240665.640][INFO]: [7fb965cd4d632ba69c4c884f870fadf7] COMMAND IsElementDisplayed {
   "id": "0.793703603939214-3"
}
[1552240665.640][INFO]: Waiting for pending navigations...
[1552240665.644][INFO]: Done waiting for pending navigations. Status: ok
[1552240665.654][INFO]: Waiting for pending navigations...
[1552240665.655][INFO]: Done waiting for pending navigations. Status: ok
[1552240665.655][INFO]: [7fb965cd4d632ba69c4c884f870fadf7] RESPONSE IsElementDisplayed true
[1552240665.656][INFO]: [7fb965cd4d632ba69c4c884f870fadf7] COMMAND Screenshot {

}
[1552240665.656][INFO]: Waiting for pending navigations...
[1552240665.657][INFO]: Done waiting for pending navigations. Status: ok
[1552240665.980][INFO]: Waiting for pending navigations...
[1552240665.982][INFO]: Done waiting for pending navigations. Status: ok
[1552240665.982][INFO]: [7fb965cd4d632ba69c4c884f870fadf7] RESPONSE Screenshot "iVBORw0KGgoAAAANSUhEUgAAB4AAAANRCAYAAAACj6FfAAAgAElEQVR4nOzde5RX9WHv/c9vBuYCjgyI3LyOlygoKhgNEE0iahqxJhGa9BSibaonreJJnxNI1mk16Xmq9Omj0KynlaSnlaYnHkjTFNIkFdumYtVUrFowoo4adVBQBuUyXGdgbs8fAgIzYMCRy/b1W..."
[1552240665.994][INFO]: [7fb965cd4d632ba69c4c884f870fadf7] COMMAND FindElement {
   "using": "id",
   "value": "menu-btn"
}
[1552240665.994][INFO]: Waiting for pending navigations...
[1552240665.995][INFO]: Done waiting for pending navigations. Status: ok
[1552240666.004][INFO]: Waiting for pending navigations...
[1552240666.004][INFO]: Done waiting for pending navigations. Status: ok
[1552240666.004][INFO]: [7fb965cd4d632ba69c4c884f870fadf7] RESPONSE FindElement {
   "ELEMENT": "0.793703603939214-4"
}
[1552240666.006][INFO]: [7fb965cd4d632ba69c4c884f870fadf7] COMMAND IsElementDisplayed {
   "id": "0.793703603939214-4"
}
[1552240666.006][INFO]: Waiting for pending navigations...
[1552240666.007][INFO]: Done waiting for pending navigations. Status: ok
[1552240666.015][INFO]: Waiting for pending navigations...
[1552240666.017][INFO]: Done waiting for pending navigations. Status: ok
[1552240666.017][INFO]: [7fb965cd4d632ba69c4c884f870fadf7] RESPONSE IsElementDisplayed true
[1552240666.019][INFO]: [7fb965cd4d632ba69c4c884f870fadf7] COMMAND Screenshot {

}
[1552240666.019][INFO]: Waiting for pending navigations...
[1552240666.020][INFO]: Done waiting for pending navigations. Status: ok
[1552240666.328][INFO]: Waiting for pending navigations...
[1552240666.328][INFO]: Done waiting for pending navigations. Status: ok
[1552240666.328][INFO]: [7fb965cd4d632ba69c4c884f870fadf7] RESPONSE Screenshot "iVBORw0KGgoAAAANSUhEUgAAB4AAAANRCAYAAAACj6FfAAAgAElEQVR4nOzde5RX9WHv/c9vBuYCjgyI3LyOlygoKhgNEE0iahqxJhGa9BSibaonreJJnxNI1mk16Xmq9Omj0KynlaSnlaYnHkjTFNIkFdumYtVUrFowoo4adVBQBuUyXGdgbs8fAgIzYMCRy/b1W..."
[1552240666.336][INFO]: [7fb965cd4d632ba69c4c884f870fadf7] COMMAND FindElement {
   "using": "id",
   "value": "menu-btn"
}
[1552240666.336][INFO]: Waiting for pending navigations...
[1552240666.337][INFO]: Done waiting for pending navigations. Status: ok
[1552240666.345][INFO]: Waiting for pending navigations...
[1552240666.345][INFO]: Done waiting for pending navigations. Status: ok
[1552240666.345][INFO]: [7fb965cd4d632ba69c4c884f870fadf7] RESPONSE FindElement {
   "ELEMENT": "0.793703603939214-4"
}
[1552240666.350][INFO]: [7fb965cd4d632ba69c4c884f870fadf7] COMMAND ClickElement {
   "id": "0.793703603939214-4"
}
[1552240666.350][INFO]: Waiting for pending navigations...
[1552240666.350][INFO]: Done waiting for pending navigations. Status: ok
[1552240666.409][INFO]: Waiting for pending navigations...
[1552240666.411][INFO]: Done waiting for pending navigations. Status: ok
[1552240666.411][INFO]: [7fb965cd4d632ba69c4c884f870fadf7] RESPONSE ClickElement
[1552240667.413][INFO]: [7fb965cd4d632ba69c4c884f870fadf7] COMMAND FindElement {
   "using": "id",
   "value": "menu-btn"
}
[1552240667.413][INFO]: Waiting for pending navigations...
[1552240667.414][INFO]: Done waiting for pending navigations. Status: ok
[1552240667.419][INFO]: Waiting for pending navigations...
[1552240667.420][INFO]: Done waiting for pending navigations. Status: ok
[1552240667.420][INFO]: [7fb965cd4d632ba69c4c884f870fadf7] RESPONSE FindElement {
   "ELEMENT": "0.793703603939214-4"
}
[1552240667.421][INFO]: [7fb965cd4d632ba69c4c884f870fadf7] COMMAND GetElementText {
   "id": "0.793703603939214-4"
}
[1552240667.421][INFO]: Waiting for pending navigations...
[1552240667.422][INFO]: Done waiting for pending navigations. Status: ok
[1552240667.434][INFO]: Waiting for pending navigations...
[1552240667.435][INFO]: Done waiting for pending navigations. Status: ok
[1552240667.435][INFO]: [7fb965cd4d632ba69c4c884f870fadf7] RESPONSE GetElementText "Close"
[1552240667.436][INFO]: [7fb965cd4d632ba69c4c884f870fadf7] COMMAND Screenshot {

}
[1552240667.436][INFO]: Waiting for pending navigations...
[1552240667.437][INFO]: Done waiting for pending navigations. Status: ok
[1552240667.746][INFO]: Waiting for pending navigations...
[1552240667.747][INFO]: Done waiting for pending navigations. Status: ok
[1552240667.747][INFO]: [7fb965cd4d632ba69c4c884f870fadf7] RESPONSE Screenshot "iVBORw0KGgoAAAANSUhEUgAAB4AAAANRCAYAAAACj6FfAAAgAElEQVR4nOzde3RU533v/8+MBknDeNDogpCEEAwI5EHmIhkrIJtgJNe1ocQGslwOOEl9RNvUkPrYImfld6Cn53cKqX8JclZPgJNfDmrqtvBz0oDruCZuGoExCVCFCgwWMiAQCIEuSIyEEKPLaPT7Q..."
[1552240667.760][INFO]: [7fb965cd4d632ba69c4c884f870fadf7] COMMAND FindElement {
   "using": "id",
   "value": "menu-btn"
}
[1552240667.760][INFO]: Waiting for pending navigations...
[1552240667.761][INFO]: Done waiting for pending navigations. Status: ok
[1552240667.765][INFO]: Waiting for pending navigations...
[1552240667.767][INFO]: Done waiting for pending navigations. Status: ok
[1552240667.767][INFO]: [7fb965cd4d632ba69c4c884f870fadf7] RESPONSE FindElement {
   "ELEMENT": "0.793703603939214-4"
}
[1552240667.769][INFO]: [7fb965cd4d632ba69c4c884f870fadf7] COMMAND ClickElement {
   "id": "0.793703603939214-4"
}
[1552240667.769][INFO]: Waiting for pending navigations...
[1552240667.770][INFO]: Done waiting for pending navigations. Status: ok
[1552240667.805][INFO]: Waiting for pending navigations...
[1552240667.806][INFO]: Done waiting for pending navigations. Status: ok
[1552240667.806][INFO]: [7fb965cd4d632ba69c4c884f870fadf7] RESPONSE ClickElement
[1552240667.810][INFO]: [7fb965cd4d632ba69c4c884f870fadf7] COMMAND FindElement {
   "using": "id",
   "value": "menu-btn"
}
[1552240667.810][INFO]: Waiting for pending navigations...
[1552240667.811][INFO]: Done waiting for pending navigations. Status: ok
[1552240667.816][INFO]: Waiting for pending navigations...
[1552240667.816][INFO]: Done waiting for pending navigations. Status: ok
[1552240667.816][INFO]: [7fb965cd4d632ba69c4c884f870fadf7] RESPONSE FindElement {
   "ELEMENT": "0.793703603939214-4"
}
[1552240667.818][INFO]: [7fb965cd4d632ba69c4c884f870fadf7] COMMAND GetElementText {
   "id": "0.793703603939214-4"
}
[1552240667.818][INFO]: Waiting for pending navigations...
[1552240667.819][INFO]: Done waiting for pending navigations. Status: ok
[1552240667.826][INFO]: Waiting for pending navigations...
[1552240667.829][INFO]: Done waiting for pending navigations. Status: ok
[1552240667.829][INFO]: [7fb965cd4d632ba69c4c884f870fadf7] RESPONSE GetElementText "Menu"
[1552240667.831][INFO]: [7fb965cd4d632ba69c4c884f870fadf7] COMMAND Screenshot {

}
[1552240667.831][INFO]: Waiting for pending navigations...
[1552240667.832][INFO]: Done waiting for pending navigations. Status: ok
[1552240668.142][INFO]: Waiting for pending navigations...
[1552240668.144][INFO]: Done waiting for pending navigations. Status: ok
[1552240668.144][INFO]: [7fb965cd4d632ba69c4c884f870fadf7] RESPONSE Screenshot "iVBORw0KGgoAAAANSUhEUgAAB4AAAANRCAYAAAACj6FfAAAgAElEQVR4nOzde5TX5X0v+vdvGObCCAyI3ER0FC/gDUi0QjXGIaYRay6QtLvQpE11ZzfiTk8Dydp7a7J7Gu3pMZCu00rS04akOzmQpimkJhWzm4hBE7BqwWh0FC+DgDIoMoMwzADDzPmD2wAD3gaG+..."
[1552240668.153][INFO]: [7fb965cd4d632ba69c4c884f870fadf7] COMMAND FindElement {
   "using": "id",
   "value": "bookmarks-link"
}
[1552240668.153][INFO]: Waiting for pending navigations...
[1552240668.154][INFO]: Done waiting for pending navigations. Status: ok
[1552240668.163][INFO]: Waiting for pending navigations...
[1552240668.164][INFO]: Done waiting for pending navigations. Status: ok
[1552240668.164][INFO]: [7fb965cd4d632ba69c4c884f870fadf7] RESPONSE FindElement {
   "ELEMENT": "0.793703603939214-5"
}
[1552240668.166][INFO]: [7fb965cd4d632ba69c4c884f870fadf7] COMMAND IsElementDisplayed {
   "id": "0.793703603939214-5"
}
[1552240668.166][INFO]: Waiting for pending navigations...
[1552240668.166][INFO]: Done waiting for pending navigations. Status: ok
[1552240668.176][INFO]: Waiting for pending navigations...
[1552240668.178][INFO]: Done waiting for pending navigations. Status: ok
[1552240668.178][INFO]: [7fb965cd4d632ba69c4c884f870fadf7] RESPONSE IsElementDisplayed true
[1552240668.181][INFO]: [7fb965cd4d632ba69c4c884f870fadf7] COMMAND Screenshot {

}
[1552240668.181][INFO]: Waiting for pending navigations...
[1552240668.181][INFO]: Done waiting for pending navigations. Status: ok
[1552240668.493][INFO]: Waiting for pending navigations...
[1552240668.494][INFO]: Done waiting for pending navigations. Status: ok
[1552240668.494][INFO]: [7fb965cd4d632ba69c4c884f870fadf7] RESPONSE Screenshot "iVBORw0KGgoAAAANSUhEUgAAB4AAAANRCAYAAAACj6FfAAAgAElEQVR4nOzde5SX9WHv+89vBubCRQZEbuJlFKOgqGA0QDSJqGnEmkRo0l2ItonutIo7PSfQrN1qsveu0tNjoF2nlaSnlaQ7HkjTFNIkFdumYtRUrKZgRB016iCgDIgw3Afmdv7gIjADBhy5PL5ea..."
[1552240668.505][INFO]: [7fb965cd4d632ba69c4c884f870fadf7] COMMAND FindElement {
   "using": "id",
   "value": "bookmarks-link"
}
[1552240668.505][INFO]: Waiting for pending navigations...
[1552240668.506][INFO]: Done waiting for pending navigations. Status: ok
[1552240668.510][INFO]: Waiting for pending navigations...
[1552240668.511][INFO]: Done waiting for pending navigations. Status: ok
[1552240668.511][INFO]: [7fb965cd4d632ba69c4c884f870fadf7] RESPONSE FindElement {
   "ELEMENT": "0.793703603939214-5"
}
[1552240668.514][INFO]: [7fb965cd4d632ba69c4c884f870fadf7] COMMAND FindChildElement {
   "id": "0.793703603939214-5",
   "using": "xpath",
   "value": "//span"
}
[1552240668.514][INFO]: Waiting for pending navigations...
[1552240668.516][INFO]: Done waiting for pending navigations. Status: ok
[1552240668.524][INFO]: Waiting for pending navigations...
[1552240668.526][INFO]: Done waiting for pending navigations. Status: ok
[1552240668.526][INFO]: [7fb965cd4d632ba69c4c884f870fadf7] RESPONSE FindChildElement {
   "ELEMENT": "0.793703603939214-2"
}
[1552240668.528][INFO]: [7fb965cd4d632ba69c4c884f870fadf7] COMMAND GetElementText {
   "id": "0.793703603939214-2"
}
[1552240668.528][INFO]: Waiting for pending navigations...
[1552240668.528][INFO]: Done waiting for pending navigations. Status: ok
[1552240668.540][INFO]: Waiting for pending navigations...
[1552240668.541][INFO]: Done waiting for pending navigations. Status: ok
[1552240668.541][INFO]: [7fb965cd4d632ba69c4c884f870fadf7] RESPONSE GetElementText "ILAB"
[1552240668.550][INFO]: [7fb965cd4d632ba69c4c884f870fadf7] COMMAND Screenshot {

}
[1552240668.550][INFO]: Waiting for pending navigations...
[1552240668.552][INFO]: Done waiting for pending navigations. Status: ok
[1552240668.856][INFO]: Waiting for pending navigations...
[1552240668.858][INFO]: Done waiting for pending navigations. Status: ok
[1552240668.858][INFO]: [7fb965cd4d632ba69c4c884f870fadf7] RESPONSE Screenshot "iVBORw0KGgoAAAANSUhEUgAAB4AAAANRCAYAAAACj6FfAAAgAElEQVR4nOzde5SX9WHv+89vBubCRQZEbuJlFKOgqGA0QDSJqGnEmkRo0l2ItonutIo7PSfQrN1qsveu0tNjoF2nlaSnlaQ7HkjTFNIkFdumYtRUrKZgRB016iCgDIgw3Afmdv7gIjADBhy5PL5ea..."
[1552240668.877][INFO]: [7fb965cd4d632ba69c4c884f870fadf7] COMMAND Quit {

}
[1552240668.934][INFO]: [7fb965cd4d632ba69c4c884f870fadf7] RESPONSE Quit
