[1552249909.084][INFO]: Starting ChromeDriver 73.0.3683.68 (47787ec04b6e38e22703e856e101e840b65afe72)
[1552249909.084][INFO]: Please protect ports used by ChromeDriver and related test frameworks to prevent access by malicious code.
[1552249909.569][INFO]: [5d8c9f27183184ae4c15203af9b774e0] COMMAND InitSession {
   "capabilities": {
      "firstMatch": [ {
         "browserName": "chrome",
         "goog:chromeOptions": {
            "args": [ "chrome.switches", "--disable-extensions", "chrome.switches", "test-type", "chrome.switches", "start-maximized", "chrome.switches", "no-sandbox" ],
            "extensions": [  ],
            "useAutomationExtension": false
         }
      } ]
   },
   "desiredCapabilities": {
      "browserName": "chrome",
      "goog:chromeOptions": {
         "args": [ "chrome.switches", "--disable-extensions", "chrome.switches", "test-type", "chrome.switches", "start-maximized", "chrome.switches", "no-sandbox" ],
         "extensions": [  ],
         "useAutomationExtension": false
      }
   }
}
[1552249909.575][INFO]: Populating Preferences file: {
   "alternate_error_pages": {
      "enabled": false
   },
   "autofill": {
      "enabled": false
   },
   "browser": {
      "check_default_browser": false
   },
   "distribution": {
      "import_bookmarks": false,
      "import_history": false,
      "import_search_engine": false,
      "make_chrome_default_for_user": false,
      "skip_first_run_ui": true
   },
   "dns_prefetching": {
      "enabled": false
   },
   "profile": {
      "content_settings": {
         "pattern_pairs": {
            "https://*,*": {
               "media-stream": {
                  "audio": "Default",
                  "video": "Default"
               }
            }
         }
      },
      "default_content_setting_values": {
         "geolocation": 1
      },
      "default_content_settings": {
         "geolocation": 1,
         "mouselock": 1,
         "notifications": 1,
         "popups": 1,
         "ppapi-broker": 1
      },
      "password_manager_enabled": false
   },
   "safebrowsing": {
      "enabled": false
   },
   "search": {
      "suggest_enabled": false
   },
   "translate": {
      "enabled": false
   }
}
[1552249909.576][INFO]: Populating Local State file: {
   "background_mode": {
      "enabled": false
   },
   "ssl": {
      "rev_checking": {
         "enabled": false
      }
   }
}
[1552249909.579][INFO]: Launching chrome: "C:\Program Files (x86)\Google\Chrome\Application\chrome.exe" --chrome.switches --disable-background-networking --disable-client-side-phishing-detection --disable-default-apps --disable-extensions --disable-hang-monitor --disable-popup-blocking --disable-prompt-on-repost --disable-sync --disable-web-resources --enable-automation --enable-blink-features=ShadowDOMV0 --enable-logging --force-fieldtrials=SiteIsolationExtensions/Control --ignore-certificate-errors --log-level=0 --metrics-recording-only --no-first-run --no-sandbox --password-store=basic --remote-debugging-port=0 --start-maximized --test-type --use-mock-keychain --user-data-dir="C:\Users\KAVITH~1\AppData\Local\Temp\scoped_dir13420_27277" data:,
[1552249910.136][INFO]: resolved localhost to ["::1","127.0.0.1"]
[1552249911.149][INFO]: [5d8c9f27183184ae4c15203af9b774e0] RESPONSE InitSession {
   "acceptInsecureCerts": false,
   "acceptSslCerts": false,
   "applicationCacheEnabled": false,
   "browserConnectionEnabled": false,
   "browserName": "chrome",
   "chrome": {
      "chromedriverVersion": "73.0.3683.68 (47787ec04b6e38e22703e856e101e840b65afe72)",
      "userDataDir": "C:\\Users\\KAVITH~1\\AppData\\Local\\Temp\\scoped_dir13420_27277"
   },
   "cssSelectorsEnabled": true,
   "databaseEnabled": false,
   "goog:chromeOptions": {
      "debuggerAddress": "localhost:55838"
   },
   "handlesAlerts": true,
   "hasTouchScreen": false,
   "javascriptEnabled": true,
   "locationContextEnabled": true,
   "mobileEmulationEnabled": false,
   "nativeEvents": true,
   "networkConnectionEnabled": false,
   "pageLoadStrategy": "normal",
   "platform": "Windows NT",
   "proxy": {

   },
   "~~~": "..."
}
[1552249911.153][INFO]: [5d8c9f27183184ae4c15203af9b774e0] COMMAND MaximizeWindow {
   "handle": "current",
   "windowHandle": "current"
}
[1552249911.153][INFO]: Waiting for pending navigations...
[1552249911.161][INFO]: Done waiting for pending navigations. Status: ok
[1552249911.161][INFO]: resolved localhost to ["::1","127.0.0.1"]
[1552249912.165][INFO]: Waiting for pending navigations...
[1552249912.167][INFO]: Done waiting for pending navigations. Status: ok
[1552249912.167][INFO]: [5d8c9f27183184ae4c15203af9b774e0] RESPONSE MaximizeWindow {
   "height": 696,
   "width": 1296,
   "x": -8,
   "y": -8
}
[1552249912.171][INFO]: [5d8c9f27183184ae4c15203af9b774e0] COMMAND SetTimeouts {
   "ms": 30000,
   "type": "implicit"
}
[1552249912.171][INFO]: [5d8c9f27183184ae4c15203af9b774e0] RESPONSE SetTimeouts
[1552249912.174][INFO]: [5d8c9f27183184ae4c15203af9b774e0] COMMAND SetTimeouts {
   "ms": 60000,
   "type": "page load"
}
[1552249912.174][INFO]: [5d8c9f27183184ae4c15203af9b774e0] RESPONSE SetTimeouts
[1552249912.176][INFO]: [5d8c9f27183184ae4c15203af9b774e0] COMMAND Navigate {
   "url": "http://localhost:3000/"
}
[1552249912.176][INFO]: Waiting for pending navigations...
[1552249912.177][INFO]: Done waiting for pending navigations. Status: ok
[1552249912.536][INFO]: Waiting for pending navigations...
[1552249913.662][INFO]: Done waiting for pending navigations. Status: ok
[1552249913.662][INFO]: [5d8c9f27183184ae4c15203af9b774e0] RESPONSE Navigate
[1552249913.670][INFO]: [5d8c9f27183184ae4c15203af9b774e0] COMMAND FindElement {
   "using": "id",
   "value": "brand-logo"
}
[1552249913.670][INFO]: Waiting for pending navigations...
[1552249913.673][INFO]: Done waiting for pending navigations. Status: ok
[1552249913.693][INFO]: Waiting for pending navigations...
[1552249913.695][INFO]: Done waiting for pending navigations. Status: ok
[1552249913.695][INFO]: [5d8c9f27183184ae4c15203af9b774e0] RESPONSE FindElement {
   "ELEMENT": "0.5452770482196909-1"
}
[1552249913.696][INFO]: [5d8c9f27183184ae4c15203af9b774e0] COMMAND IsElementDisplayed {
   "id": "0.5452770482196909-1"
}
[1552249913.696][INFO]: Waiting for pending navigations...
[1552249913.698][INFO]: Done waiting for pending navigations. Status: ok
[1552249913.710][INFO]: Waiting for pending navigations...
[1552249913.711][INFO]: Done waiting for pending navigations. Status: ok
[1552249913.711][INFO]: [5d8c9f27183184ae4c15203af9b774e0] RESPONSE IsElementDisplayed true
[1552249913.712][INFO]: [5d8c9f27183184ae4c15203af9b774e0] COMMAND Screenshot {

}
[1552249913.713][INFO]: Waiting for pending navigations...
[1552249913.713][INFO]: Done waiting for pending navigations. Status: ok
[1552249914.053][INFO]: Waiting for pending navigations...
[1552249914.054][INFO]: Done waiting for pending navigations. Status: ok
[1552249914.054][INFO]: [5d8c9f27183184ae4c15203af9b774e0] RESPONSE Screenshot "iVBORw0KGgoAAAANSUhEUgAAB4AAAANRCAYAAAACj6FfAAAgAElEQVR4nOzde5RX9WHv/c9vBuYCjgyI3LyOlygoKhgNEE0iahqxJhGa9BSibaonreJJnxNI1mk16Xmq9Omj0KynlaSnlaYnHkjTFNIkFdumYtVUrFowoo4adVBQBuUyXGdgbs8fAgIzYMCRy/b1W..."
[1552249914.065][INFO]: [5d8c9f27183184ae4c15203af9b774e0] COMMAND FindElement {
   "using": "id",
   "value": "brand-name"
}
[1552249914.065][INFO]: Waiting for pending navigations...
[1552249914.066][INFO]: Done waiting for pending navigations. Status: ok
[1552249914.075][INFO]: Waiting for pending navigations...
[1552249914.076][INFO]: Done waiting for pending navigations. Status: ok
[1552249914.076][INFO]: [5d8c9f27183184ae4c15203af9b774e0] RESPONSE FindElement {
   "ELEMENT": "0.5452770482196909-2"
}
[1552249914.077][INFO]: [5d8c9f27183184ae4c15203af9b774e0] COMMAND IsElementDisplayed {
   "id": "0.5452770482196909-2"
}
[1552249914.077][INFO]: Waiting for pending navigations...
[1552249914.079][INFO]: Done waiting for pending navigations. Status: ok
[1552249914.087][INFO]: Waiting for pending navigations...
[1552249914.088][INFO]: Done waiting for pending navigations. Status: ok
[1552249914.088][INFO]: [5d8c9f27183184ae4c15203af9b774e0] RESPONSE IsElementDisplayed true
[1552249914.089][INFO]: [5d8c9f27183184ae4c15203af9b774e0] COMMAND Screenshot {

}
[1552249914.089][INFO]: Waiting for pending navigations...
[1552249914.090][INFO]: Done waiting for pending navigations. Status: ok
[1552249914.382][INFO]: Waiting for pending navigations...
[1552249914.391][INFO]: Done waiting for pending navigations. Status: ok
[1552249914.391][INFO]: [5d8c9f27183184ae4c15203af9b774e0] RESPONSE Screenshot "iVBORw0KGgoAAAANSUhEUgAAB4AAAANRCAYAAAACj6FfAAAgAElEQVR4nOzde5RX9WHv/c9vBuYCjgyI3LyOlygoKhgNEE0iahqxJhGa9BSibaonreJJnxNI1mk16Xmq9Omj0KynlaSnlaYnHkjTFNIkFdumYtVUrFowoo4adVBQBuUyXGdgbs8fAgIzYMCRy/b1W..."
[1552249914.400][INFO]: [5d8c9f27183184ae4c15203af9b774e0] COMMAND FindElement {
   "using": "id",
   "value": "menu-btn"
}
[1552249914.400][INFO]: Waiting for pending navigations...
[1552249914.402][INFO]: Done waiting for pending navigations. Status: ok
[1552249914.411][INFO]: Waiting for pending navigations...
[1552249914.412][INFO]: Done waiting for pending navigations. Status: ok
[1552249914.412][INFO]: [5d8c9f27183184ae4c15203af9b774e0] RESPONSE FindElement {
   "ELEMENT": "0.5452770482196909-3"
}
[1552249914.413][INFO]: [5d8c9f27183184ae4c15203af9b774e0] COMMAND IsElementDisplayed {
   "id": "0.5452770482196909-3"
}
[1552249914.413][INFO]: Waiting for pending navigations...
[1552249914.414][INFO]: Done waiting for pending navigations. Status: ok
[1552249914.424][INFO]: Waiting for pending navigations...
[1552249914.424][INFO]: Done waiting for pending navigations. Status: ok
[1552249914.424][INFO]: [5d8c9f27183184ae4c15203af9b774e0] RESPONSE IsElementDisplayed true
[1552249914.425][INFO]: [5d8c9f27183184ae4c15203af9b774e0] COMMAND Screenshot {

}
[1552249914.425][INFO]: Waiting for pending navigations...
[1552249914.426][INFO]: Done waiting for pending navigations. Status: ok
[1552249914.715][INFO]: Waiting for pending navigations...
[1552249914.716][INFO]: Done waiting for pending navigations. Status: ok
[1552249914.716][INFO]: [5d8c9f27183184ae4c15203af9b774e0] RESPONSE Screenshot "iVBORw0KGgoAAAANSUhEUgAAB4AAAANRCAYAAAACj6FfAAAgAElEQVR4nOzde5RX9WHv/c9vBuYCjgyI3LyOlygoKhgNEE0iahqxJhGa9BSibaonreJJnxNI1mk16Xmq9Omj0KynlaSnlaYnHkjTFNIkFdumYtVUrFowoo4adVBQBuUyXGdgbs8fAgIzYMCRy/b1W..."
[1552249914.727][INFO]: [5d8c9f27183184ae4c15203af9b774e0] COMMAND FindElement {
   "using": "id",
   "value": "menu-btn"
}
[1552249914.727][INFO]: Waiting for pending navigations...
[1552249914.728][INFO]: Done waiting for pending navigations. Status: ok
[1552249914.732][INFO]: Waiting for pending navigations...
[1552249914.733][INFO]: Done waiting for pending navigations. Status: ok
[1552249914.733][INFO]: [5d8c9f27183184ae4c15203af9b774e0] RESPONSE FindElement {
   "ELEMENT": "0.5452770482196909-3"
}
[1552249914.735][INFO]: [5d8c9f27183184ae4c15203af9b774e0] COMMAND ClickElement {
   "id": "0.5452770482196909-3"
}
[1552249914.735][INFO]: Waiting for pending navigations...
[1552249914.736][INFO]: Done waiting for pending navigations. Status: ok
[1552249914.785][INFO]: Waiting for pending navigations...
[1552249914.787][INFO]: Done waiting for pending navigations. Status: ok
[1552249914.787][INFO]: [5d8c9f27183184ae4c15203af9b774e0] RESPONSE ClickElement
[1552249915.790][INFO]: [5d8c9f27183184ae4c15203af9b774e0] COMMAND FindElement {
   "using": "id",
   "value": "fr-btn"
}
[1552249915.790][INFO]: Waiting for pending navigations...
[1552249915.791][INFO]: Done waiting for pending navigations. Status: ok
[1552249915.799][INFO]: Waiting for pending navigations...
[1552249915.800][INFO]: Done waiting for pending navigations. Status: ok
[1552249915.800][INFO]: [5d8c9f27183184ae4c15203af9b774e0] RESPONSE FindElement {
   "ELEMENT": "0.5452770482196909-4"
}
[1552249915.803][INFO]: [5d8c9f27183184ae4c15203af9b774e0] COMMAND ClickElement {
   "id": "0.5452770482196909-4"
}
[1552249915.803][INFO]: Waiting for pending navigations...
[1552249915.804][INFO]: Done waiting for pending navigations. Status: ok
[1552249915.867][INFO]: Waiting for pending navigations...
[1552249915.870][INFO]: Done waiting for pending navigations. Status: ok
[1552249915.870][INFO]: [5d8c9f27183184ae4c15203af9b774e0] RESPONSE ClickElement
[1552249916.872][INFO]: [5d8c9f27183184ae4c15203af9b774e0] COMMAND FindElement {
   "using": "id",
   "value": "menu-btn"
}
[1552249916.872][INFO]: Waiting for pending navigations...
[1552249916.873][INFO]: Done waiting for pending navigations. Status: ok
[1552249916.877][INFO]: Waiting for pending navigations...
[1552249916.878][INFO]: Done waiting for pending navigations. Status: ok
[1552249916.878][INFO]: [5d8c9f27183184ae4c15203af9b774e0] RESPONSE FindElement {
   "ELEMENT": "0.5452770482196909-3"
}
[1552249916.879][INFO]: [5d8c9f27183184ae4c15203af9b774e0] COMMAND GetElementText {
   "id": "0.5452770482196909-3"
}
[1552249916.879][INFO]: Waiting for pending navigations...
[1552249916.880][INFO]: Done waiting for pending navigations. Status: ok
[1552249916.889][INFO]: Waiting for pending navigations...
[1552249916.891][INFO]: Done waiting for pending navigations. Status: ok
[1552249916.891][INFO]: [5d8c9f27183184ae4c15203af9b774e0] RESPONSE GetElementText "Fermer"
[1552249916.892][INFO]: [5d8c9f27183184ae4c15203af9b774e0] COMMAND Screenshot {

}
[1552249916.892][INFO]: Waiting for pending navigations...
[1552249916.893][INFO]: Done waiting for pending navigations. Status: ok
[1552249917.183][INFO]: Waiting for pending navigations...
[1552249917.185][INFO]: Done waiting for pending navigations. Status: ok
[1552249917.185][INFO]: [5d8c9f27183184ae4c15203af9b774e0] RESPONSE Screenshot "iVBORw0KGgoAAAANSUhEUgAAB4AAAANRCAYAAAACj6FfAAAgAElEQVR4nOzdf1SU9533/9cMw49xgg4/REBEEdCMRA2UWiWxVshmU11r1Z40i22zPbrdbHS3d5Tuybl1d+971+w3362a03vVu9+u3N12G79ptmptVtvNBlxiq5ZaNBqc+BMEAkjQARGHH8Nw/8GvC..."
[1552249917.197][INFO]: [5d8c9f27183184ae4c15203af9b774e0] COMMAND FindElement {
   "using": "id",
   "value": "what-are-link"
}
[1552249917.197][INFO]: Waiting for pending navigations...
[1552249917.198][INFO]: Done waiting for pending navigations. Status: ok
[1552249917.209][INFO]: Waiting for pending navigations...
[1552249917.210][INFO]: Done waiting for pending navigations. Status: ok
[1552249917.210][INFO]: [5d8c9f27183184ae4c15203af9b774e0] RESPONSE FindElement {
   "ELEMENT": "0.5452770482196909-5"
}
[1552249917.211][INFO]: [5d8c9f27183184ae4c15203af9b774e0] COMMAND IsElementDisplayed {
   "id": "0.5452770482196909-5"
}
[1552249917.211][INFO]: Waiting for pending navigations...
[1552249917.212][INFO]: Done waiting for pending navigations. Status: ok
[1552249917.221][INFO]: Waiting for pending navigations...
[1552249917.222][INFO]: Done waiting for pending navigations. Status: ok
[1552249917.222][INFO]: [5d8c9f27183184ae4c15203af9b774e0] RESPONSE IsElementDisplayed true
[1552249917.223][INFO]: [5d8c9f27183184ae4c15203af9b774e0] COMMAND Screenshot {

}
[1552249917.223][INFO]: Waiting for pending navigations...
[1552249917.225][INFO]: Done waiting for pending navigations. Status: ok
[1552249917.519][INFO]: Waiting for pending navigations...
[1552249917.520][INFO]: Done waiting for pending navigations. Status: ok
[1552249917.520][INFO]: [5d8c9f27183184ae4c15203af9b774e0] RESPONSE Screenshot "iVBORw0KGgoAAAANSUhEUgAAB4AAAANRCAYAAAACj6FfAAAgAElEQVR4nOzdf1SU9533/9cMw49xgg4/REBEEdCMRA2UWiWxVshmU11r1Z40i22zPbrdbHS3d5Tuybl1d+971+w3362a03vVu9+u3N12G79ptmptVtvNBlxiq5ZaNBqc+BMEAkjQARGHH8Nw/8GvC..."
[1552249917.531][INFO]: [5d8c9f27183184ae4c15203af9b774e0] COMMAND FindElement {
   "using": "id",
   "value": "what-are-link"
}
[1552249917.531][INFO]: Waiting for pending navigations...
[1552249917.532][INFO]: Done waiting for pending navigations. Status: ok
[1552249917.539][INFO]: Waiting for pending navigations...
[1552249917.540][INFO]: Done waiting for pending navigations. Status: ok
[1552249917.540][INFO]: [5d8c9f27183184ae4c15203af9b774e0] RESPONSE FindElement {
   "ELEMENT": "0.5452770482196909-5"
}
[1552249917.541][INFO]: [5d8c9f27183184ae4c15203af9b774e0] COMMAND GetElementText {
   "id": "0.5452770482196909-5"
}
[1552249917.541][INFO]: Waiting for pending navigations...
[1552249917.542][INFO]: Done waiting for pending navigations. Status: ok
[1552249917.553][INFO]: Waiting for pending navigations...
[1552249917.554][INFO]: Done waiting for pending navigations. Status: ok
[1552249917.554][INFO]: [5d8c9f27183184ae4c15203af9b774e0] RESPONSE GetElementText "Qu'est-ce que le travail des enfants et le travail forcé ?"
[1552249917.556][INFO]: [5d8c9f27183184ae4c15203af9b774e0] COMMAND FindElement {
   "using": "id",
   "value": "what-are-link"
}
[1552249917.556][INFO]: Waiting for pending navigations...
[1552249917.557][INFO]: Done waiting for pending navigations. Status: ok
[1552249917.561][INFO]: Waiting for pending navigations...
[1552249917.562][INFO]: Done waiting for pending navigations. Status: ok
[1552249917.562][INFO]: [5d8c9f27183184ae4c15203af9b774e0] RESPONSE FindElement {
   "ELEMENT": "0.5452770482196909-5"
}
[1552249917.563][INFO]: [5d8c9f27183184ae4c15203af9b774e0] COMMAND GetElementAttribute {
   "id": "0.5452770482196909-5",
   "name": "href"
}
[1552249917.563][INFO]: Waiting for pending navigations...
[1552249917.565][INFO]: Done waiting for pending navigations. Status: ok
[1552249917.567][INFO]: Waiting for pending navigations...
[1552249917.568][INFO]: Done waiting for pending navigations. Status: ok
[1552249917.568][INFO]: [5d8c9f27183184ae4c15203af9b774e0] RESPONSE GetElementAttribute "http://localhost:3000/what-are"
[1552249917.569][INFO]: [5d8c9f27183184ae4c15203af9b774e0] COMMAND Screenshot {

}
[1552249917.569][INFO]: Waiting for pending navigations...
[1552249917.570][INFO]: Done waiting for pending navigations. Status: ok
[1552249917.869][INFO]: Waiting for pending navigations...
[1552249917.870][INFO]: Done waiting for pending navigations. Status: ok
[1552249917.870][INFO]: [5d8c9f27183184ae4c15203af9b774e0] RESPONSE Screenshot "iVBORw0KGgoAAAANSUhEUgAAB4AAAANRCAYAAAACj6FfAAAgAElEQVR4nOzdf1SU9533/9cMw49xgg4/REBEEdCMRA2UWiWxVshmU11r1Z40i22zPbrdbHS3d5Tuybl1d+971+w3362a03vVu9+u3N12G79ptmptVtvNBlxiq5ZaNBqc+BMEAkjQARGHH8Nw/8GvC..."
[1552249917.883][INFO]: [5d8c9f27183184ae4c15203af9b774e0] COMMAND FindElement {
   "using": "id",
   "value": "why-develop-link"
}
[1552249917.883][INFO]: Waiting for pending navigations...
[1552249917.884][INFO]: Done waiting for pending navigations. Status: ok
[1552249917.892][INFO]: Waiting for pending navigations...
[1552249917.893][INFO]: Done waiting for pending navigations. Status: ok
[1552249917.893][INFO]: [5d8c9f27183184ae4c15203af9b774e0] RESPONSE FindElement {
   "ELEMENT": "0.5452770482196909-6"
}
[1552249917.894][INFO]: [5d8c9f27183184ae4c15203af9b774e0] COMMAND IsElementDisplayed {
   "id": "0.5452770482196909-6"
}
[1552249917.894][INFO]: Waiting for pending navigations...
[1552249917.895][INFO]: Done waiting for pending navigations. Status: ok
[1552249917.904][INFO]: Waiting for pending navigations...
[1552249917.905][INFO]: Done waiting for pending navigations. Status: ok
[1552249917.905][INFO]: [5d8c9f27183184ae4c15203af9b774e0] RESPONSE IsElementDisplayed true
[1552249917.906][INFO]: [5d8c9f27183184ae4c15203af9b774e0] COMMAND Screenshot {

}
[1552249917.906][INFO]: Waiting for pending navigations...
[1552249917.907][INFO]: Done waiting for pending navigations. Status: ok
[1552249918.245][INFO]: Waiting for pending navigations...
[1552249918.246][INFO]: Done waiting for pending navigations. Status: ok
[1552249918.246][INFO]: [5d8c9f27183184ae4c15203af9b774e0] RESPONSE Screenshot "iVBORw0KGgoAAAANSUhEUgAAB4AAAANRCAYAAAACj6FfAAAgAElEQVR4nOzdf1SU9533/9cMw49xgg4/REBEEdCMRA2UWiWxVshmU11r1Z40i22zPbrdbHS3d5Tuybl1d+971+w3362a03vVu9+u3N12G79ptmptVtvNBlxiq5ZaNBqc+BMEAkjQARGHH8Nw/8GvC..."
[1552249918.258][INFO]: [5d8c9f27183184ae4c15203af9b774e0] COMMAND FindElement {
   "using": "id",
   "value": "why-develop-link"
}
[1552249918.258][INFO]: Waiting for pending navigations...
[1552249918.259][INFO]: Done waiting for pending navigations. Status: ok
[1552249918.263][INFO]: Waiting for pending navigations...
[1552249918.264][INFO]: Done waiting for pending navigations. Status: ok
[1552249918.264][INFO]: [5d8c9f27183184ae4c15203af9b774e0] RESPONSE FindElement {
   "ELEMENT": "0.5452770482196909-6"
}
[1552249918.265][INFO]: [5d8c9f27183184ae4c15203af9b774e0] COMMAND GetElementText {
   "id": "0.5452770482196909-6"
}
[1552249918.265][INFO]: Waiting for pending navigations...
[1552249918.266][INFO]: Done waiting for pending navigations. Status: ok
[1552249918.276][INFO]: Waiting for pending navigations...
[1552249918.276][INFO]: Done waiting for pending navigations. Status: ok
[1552249918.277][INFO]: [5d8c9f27183184ae4c15203af9b774e0] RESPONSE GetElementText "Pourquoi élaborer un système de conformité sociale ?"
[1552249918.279][INFO]: [5d8c9f27183184ae4c15203af9b774e0] COMMAND FindElement {
   "using": "id",
   "value": "why-develop-link"
}
[1552249918.279][INFO]: Waiting for pending navigations...
[1552249918.280][INFO]: Done waiting for pending navigations. Status: ok
[1552249918.284][INFO]: Waiting for pending navigations...
[1552249918.284][INFO]: Done waiting for pending navigations. Status: ok
[1552249918.285][INFO]: [5d8c9f27183184ae4c15203af9b774e0] RESPONSE FindElement {
   "ELEMENT": "0.5452770482196909-6"
}
[1552249918.285][INFO]: [5d8c9f27183184ae4c15203af9b774e0] COMMAND GetElementAttribute {
   "id": "0.5452770482196909-6",
   "name": "href"
}
[1552249918.285][INFO]: Waiting for pending navigations...
[1552249918.286][INFO]: Done waiting for pending navigations. Status: ok
[1552249918.288][INFO]: Waiting for pending navigations...
[1552249918.289][INFO]: Done waiting for pending navigations. Status: ok
[1552249918.289][INFO]: [5d8c9f27183184ae4c15203af9b774e0] RESPONSE GetElementAttribute "http://localhost:3000/why-develop"
[1552249918.289][INFO]: [5d8c9f27183184ae4c15203af9b774e0] COMMAND Screenshot {

}
[1552249918.289][INFO]: Waiting for pending navigations...
[1552249918.290][INFO]: Done waiting for pending navigations. Status: ok
[1552249918.603][INFO]: Waiting for pending navigations...
[1552249918.604][INFO]: Done waiting for pending navigations. Status: ok
[1552249918.604][INFO]: [5d8c9f27183184ae4c15203af9b774e0] RESPONSE Screenshot "iVBORw0KGgoAAAANSUhEUgAAB4AAAANRCAYAAAACj6FfAAAgAElEQVR4nOzdf1SU9533/9cMw49xgg4/REBEEdCMRA2UWiWxVshmU11r1Z40i22zPbrdbHS3d5Tuybl1d+971+w3362a03vVu9+u3N12G79ptmptVtvNBlxiq5ZaNBqc+BMEAkjQARGHH8Nw/8GvC..."
[1552249918.619][INFO]: [5d8c9f27183184ae4c15203af9b774e0] COMMAND FindElement {
   "using": "id",
   "value": "basics-link"
}
[1552249918.619][INFO]: Waiting for pending navigations...
[1552249918.620][INFO]: Done waiting for pending navigations. Status: ok
[1552249918.628][INFO]: Waiting for pending navigations...
[1552249918.629][INFO]: Done waiting for pending navigations. Status: ok
[1552249918.629][INFO]: [5d8c9f27183184ae4c15203af9b774e0] RESPONSE FindElement {
   "ELEMENT": "0.5452770482196909-7"
}
[1552249918.630][INFO]: [5d8c9f27183184ae4c15203af9b774e0] COMMAND IsElementDisplayed {
   "id": "0.5452770482196909-7"
}
[1552249918.630][INFO]: Waiting for pending navigations...
[1552249918.631][INFO]: Done waiting for pending navigations. Status: ok
[1552249918.639][INFO]: Waiting for pending navigations...
[1552249918.640][INFO]: Done waiting for pending navigations. Status: ok
[1552249918.640][INFO]: [5d8c9f27183184ae4c15203af9b774e0] RESPONSE IsElementDisplayed true
[1552249918.641][INFO]: [5d8c9f27183184ae4c15203af9b774e0] COMMAND Screenshot {

}
[1552249918.641][INFO]: Waiting for pending navigations...
[1552249918.642][INFO]: Done waiting for pending navigations. Status: ok
[1552249918.959][INFO]: Waiting for pending navigations...
[1552249918.959][INFO]: Done waiting for pending navigations. Status: ok
[1552249918.959][INFO]: [5d8c9f27183184ae4c15203af9b774e0] RESPONSE Screenshot "iVBORw0KGgoAAAANSUhEUgAAB4AAAANRCAYAAAACj6FfAAAgAElEQVR4nOzdf1SU9533/9cMw49xgg4/REBEEdCMRA2UWiWxVshmU11r1Z40i22zPbrdbHS3d5Tuybl1d+971+w3362a03vVu9+u3N12G79ptmptVtvNBlxiq5ZaNBqc+BMEAkjQARGHH8Nw/8GvC..."
[1552249918.974][INFO]: [5d8c9f27183184ae4c15203af9b774e0] COMMAND FindElement {
   "using": "id",
   "value": "basics-link"
}
[1552249918.974][INFO]: Waiting for pending navigations...
[1552249918.975][INFO]: Done waiting for pending navigations. Status: ok
[1552249918.979][INFO]: Waiting for pending navigations...
[1552249918.980][INFO]: Done waiting for pending navigations. Status: ok
[1552249918.980][INFO]: [5d8c9f27183184ae4c15203af9b774e0] RESPONSE FindElement {
   "ELEMENT": "0.5452770482196909-7"
}
[1552249918.982][INFO]: [5d8c9f27183184ae4c15203af9b774e0] COMMAND GetElementText {
   "id": "0.5452770482196909-7"
}
[1552249918.982][INFO]: Waiting for pending navigations...
[1552249918.982][INFO]: Done waiting for pending navigations. Status: ok
[1552249918.992][INFO]: Waiting for pending navigations...
[1552249918.993][INFO]: Done waiting for pending navigations. Status: ok
[1552249918.993][INFO]: [5d8c9f27183184ae4c15203af9b774e0] RESPONSE GetElementText "Fondements d’un système de conformité sociale"
[1552249918.996][INFO]: [5d8c9f27183184ae4c15203af9b774e0] COMMAND FindElement {
   "using": "id",
   "value": "basics-link"
}
[1552249918.996][INFO]: Waiting for pending navigations...
[1552249918.997][INFO]: Done waiting for pending navigations. Status: ok
[1552249919.001][INFO]: Waiting for pending navigations...
[1552249919.002][INFO]: Done waiting for pending navigations. Status: ok
[1552249919.002][INFO]: [5d8c9f27183184ae4c15203af9b774e0] RESPONSE FindElement {
   "ELEMENT": "0.5452770482196909-7"
}
[1552249919.003][INFO]: [5d8c9f27183184ae4c15203af9b774e0] COMMAND GetElementAttribute {
   "id": "0.5452770482196909-7",
   "name": "href"
}
[1552249919.003][INFO]: Waiting for pending navigations...
[1552249919.005][INFO]: Done waiting for pending navigations. Status: ok
[1552249919.007][INFO]: Waiting for pending navigations...
[1552249919.008][INFO]: Done waiting for pending navigations. Status: ok
[1552249919.008][INFO]: [5d8c9f27183184ae4c15203af9b774e0] RESPONSE GetElementAttribute "http://localhost:3000/basics"
[1552249919.008][INFO]: [5d8c9f27183184ae4c15203af9b774e0] COMMAND Screenshot {

}
[1552249919.008][INFO]: Waiting for pending navigations...
[1552249919.009][INFO]: Done waiting for pending navigations. Status: ok
[1552249919.304][INFO]: Waiting for pending navigations...
[1552249919.305][INFO]: Done waiting for pending navigations. Status: ok
[1552249919.305][INFO]: [5d8c9f27183184ae4c15203af9b774e0] RESPONSE Screenshot "iVBORw0KGgoAAAANSUhEUgAAB4AAAANRCAYAAAACj6FfAAAgAElEQVR4nOzdf1SU9533/9cMw49xgg4/REBEEdCMRA2UWiWxVshmU11r1Z40i22zPbrdbHS3d5Tuybl1d+971+w3362a03vVu9+u3N12G79ptmptVtvNBlxiq5ZaNBqc+BMEAkjQARGHH8Nw/8GvC..."
[1552249919.317][INFO]: [5d8c9f27183184ae4c15203af9b774e0] COMMAND FindElement {
   "using": "id",
   "value": "steps-dropdown"
}
[1552249919.317][INFO]: Waiting for pending navigations...
[1552249919.318][INFO]: Done waiting for pending navigations. Status: ok
[1552249919.326][INFO]: Waiting for pending navigations...
[1552249919.327][INFO]: Done waiting for pending navigations. Status: ok
[1552249919.327][INFO]: [5d8c9f27183184ae4c15203af9b774e0] RESPONSE FindElement {
   "ELEMENT": "0.5452770482196909-8"
}
[1552249919.328][INFO]: [5d8c9f27183184ae4c15203af9b774e0] COMMAND IsElementDisplayed {
   "id": "0.5452770482196909-8"
}
[1552249919.328][INFO]: Waiting for pending navigations...
[1552249919.328][INFO]: Done waiting for pending navigations. Status: ok
[1552249919.336][INFO]: Waiting for pending navigations...
[1552249919.336][INFO]: Done waiting for pending navigations. Status: ok
[1552249919.336][INFO]: [5d8c9f27183184ae4c15203af9b774e0] RESPONSE IsElementDisplayed true
[1552249919.337][INFO]: [5d8c9f27183184ae4c15203af9b774e0] COMMAND Screenshot {

}
[1552249919.337][INFO]: Waiting for pending navigations...
[1552249919.338][INFO]: Done waiting for pending navigations. Status: ok
[1552249919.638][INFO]: Waiting for pending navigations...
[1552249919.641][INFO]: Done waiting for pending navigations. Status: ok
[1552249919.641][INFO]: [5d8c9f27183184ae4c15203af9b774e0] RESPONSE Screenshot "iVBORw0KGgoAAAANSUhEUgAAB4AAAANRCAYAAAACj6FfAAAgAElEQVR4nOzdf1SU9533/9cMw49xgg4/REBEEdCMRA2UWiWxVshmU11r1Z40i22zPbrdbHS3d5Tuybl1d+971+w3362a03vVu9+u3N12G79ptmptVtvNBlxiq5ZaNBqc+BMEAkjQARGHH8Nw/8GvC..."
[1552249919.655][INFO]: [5d8c9f27183184ae4c15203af9b774e0] COMMAND FindElement {
   "using": "id",
   "value": "steps-dropdown"
}
[1552249919.655][INFO]: Waiting for pending navigations...
[1552249919.656][INFO]: Done waiting for pending navigations. Status: ok
[1552249919.661][INFO]: Waiting for pending navigations...
[1552249919.662][INFO]: Done waiting for pending navigations. Status: ok
[1552249919.662][INFO]: [5d8c9f27183184ae4c15203af9b774e0] RESPONSE FindElement {
   "ELEMENT": "0.5452770482196909-8"
}
[1552249919.663][INFO]: [5d8c9f27183184ae4c15203af9b774e0] COMMAND GetElementText {
   "id": "0.5452770482196909-8"
}
[1552249919.663][INFO]: Waiting for pending navigations...
[1552249919.663][INFO]: Done waiting for pending navigations. Status: ok
[1552249919.673][INFO]: Waiting for pending navigations...
[1552249919.674][INFO]: Done waiting for pending navigations. Status: ok
[1552249919.674][INFO]: [5d8c9f27183184ae4c15203af9b774e0] RESPONSE GetElementText "Étapes vers un système de conformité sociale"
[1552249919.675][INFO]: [5d8c9f27183184ae4c15203af9b774e0] COMMAND Screenshot {

}
[1552249919.675][INFO]: Waiting for pending navigations...
[1552249919.676][INFO]: Done waiting for pending navigations. Status: ok
[1552249919.939][INFO]: Waiting for pending navigations...
[1552249919.941][INFO]: Done waiting for pending navigations. Status: ok
[1552249919.941][INFO]: [5d8c9f27183184ae4c15203af9b774e0] RESPONSE Screenshot "iVBORw0KGgoAAAANSUhEUgAAB4AAAANRCAYAAAACj6FfAAAgAElEQVR4nOzdf1SU9533/9cMw49xgg4/REBEEdCMRA2UWiWxVshmU11r1Z40i22zPbrdbHS3d5Tuybl1d+971+w3362a03vVu9+u3N12G79ptmptVtvNBlxiq5ZaNBqc+BMEAkjQARGHH8Nw/8GvC..."
[1552249919.953][INFO]: [5d8c9f27183184ae4c15203af9b774e0] COMMAND FindElement {
   "using": "id",
   "value": "en-btn"
}
[1552249919.953][INFO]: Waiting for pending navigations...
[1552249919.954][INFO]: Done waiting for pending navigations. Status: ok
[1552249919.961][INFO]: Waiting for pending navigations...
[1552249919.962][INFO]: Done waiting for pending navigations. Status: ok
[1552249919.962][INFO]: [5d8c9f27183184ae4c15203af9b774e0] RESPONSE FindElement {
   "ELEMENT": "0.5452770482196909-9"
}
[1552249919.963][INFO]: [5d8c9f27183184ae4c15203af9b774e0] COMMAND IsElementDisplayed {
   "id": "0.5452770482196909-9"
}
[1552249919.963][INFO]: Waiting for pending navigations...
[1552249919.964][INFO]: Done waiting for pending navigations. Status: ok
[1552249919.972][INFO]: Waiting for pending navigations...
[1552249919.972][INFO]: Done waiting for pending navigations. Status: ok
[1552249919.972][INFO]: [5d8c9f27183184ae4c15203af9b774e0] RESPONSE IsElementDisplayed true
[1552249919.974][INFO]: [5d8c9f27183184ae4c15203af9b774e0] COMMAND FindElement {
   "using": "id",
   "value": "en-btn"
}
[1552249919.974][INFO]: Waiting for pending navigations...
[1552249919.975][INFO]: Done waiting for pending navigations. Status: ok
[1552249919.979][INFO]: Waiting for pending navigations...
[1552249919.980][INFO]: Done waiting for pending navigations. Status: ok
[1552249919.980][INFO]: [5d8c9f27183184ae4c15203af9b774e0] RESPONSE FindElement {
   "ELEMENT": "0.5452770482196909-9"
}
[1552249919.981][INFO]: [5d8c9f27183184ae4c15203af9b774e0] COMMAND GetElementText {
   "id": "0.5452770482196909-9"
}
[1552249919.981][INFO]: Waiting for pending navigations...
[1552249919.984][INFO]: Done waiting for pending navigations. Status: ok
[1552249919.996][INFO]: Waiting for pending navigations...
[1552249919.997][INFO]: Done waiting for pending navigations. Status: ok
[1552249919.997][INFO]: [5d8c9f27183184ae4c15203af9b774e0] RESPONSE GetElementText "English"
[1552249919.998][INFO]: [5d8c9f27183184ae4c15203af9b774e0] COMMAND Screenshot {

}
[1552249919.998][INFO]: Waiting for pending navigations...
[1552249919.999][INFO]: Done waiting for pending navigations. Status: ok
[1552249920.316][INFO]: Waiting for pending navigations...
[1552249920.318][INFO]: Done waiting for pending navigations. Status: ok
[1552249920.318][INFO]: [5d8c9f27183184ae4c15203af9b774e0] RESPONSE Screenshot "iVBORw0KGgoAAAANSUhEUgAAB4AAAANRCAYAAAACj6FfAAAgAElEQVR4nOzdf1SU9533/9cMw49xgg4/REBEEdCMRA2UWiWxVshmU11r1Z40i22zPbrdbHS3d5Tuybl1d+971+w3362a03vVu9+u3N12G79ptmptVtvNBlxiq5ZaNBqc+BMEAkjQARGHH8Nw/8GvC..."
[1552249920.331][INFO]: [5d8c9f27183184ae4c15203af9b774e0] COMMAND FindElement {
   "using": "id",
   "value": "es-btn"
}
[1552249920.331][INFO]: Waiting for pending navigations...
[1552249920.332][INFO]: Done waiting for pending navigations. Status: ok
[1552249920.340][INFO]: Waiting for pending navigations...
[1552249920.341][INFO]: Done waiting for pending navigations. Status: ok
[1552249920.341][INFO]: [5d8c9f27183184ae4c15203af9b774e0] RESPONSE FindElement {
   "ELEMENT": "0.5452770482196909-10"
}
[1552249920.343][INFO]: [5d8c9f27183184ae4c15203af9b774e0] COMMAND IsElementDisplayed {
   "id": "0.5452770482196909-10"
}
[1552249920.343][INFO]: Waiting for pending navigations...
[1552249920.343][INFO]: Done waiting for pending navigations. Status: ok
[1552249920.352][INFO]: Waiting for pending navigations...
[1552249920.352][INFO]: Done waiting for pending navigations. Status: ok
[1552249920.352][INFO]: [5d8c9f27183184ae4c15203af9b774e0] RESPONSE IsElementDisplayed true
[1552249920.354][INFO]: [5d8c9f27183184ae4c15203af9b774e0] COMMAND FindElement {
   "using": "id",
   "value": "es-btn"
}
[1552249920.354][INFO]: Waiting for pending navigations...
[1552249920.355][INFO]: Done waiting for pending navigations. Status: ok
[1552249920.360][INFO]: Waiting for pending navigations...
[1552249920.362][INFO]: Done waiting for pending navigations. Status: ok
[1552249920.362][INFO]: [5d8c9f27183184ae4c15203af9b774e0] RESPONSE FindElement {
   "ELEMENT": "0.5452770482196909-10"
}
[1552249920.363][INFO]: [5d8c9f27183184ae4c15203af9b774e0] COMMAND GetElementText {
   "id": "0.5452770482196909-10"
}
[1552249920.363][INFO]: Waiting for pending navigations...
[1552249920.363][INFO]: Done waiting for pending navigations. Status: ok
[1552249920.373][INFO]: Waiting for pending navigations...
[1552249920.374][INFO]: Done waiting for pending navigations. Status: ok
[1552249920.374][INFO]: [5d8c9f27183184ae4c15203af9b774e0] RESPONSE GetElementText "Español"
[1552249920.375][INFO]: [5d8c9f27183184ae4c15203af9b774e0] COMMAND Screenshot {

}
[1552249920.375][INFO]: Waiting for pending navigations...
[1552249920.376][INFO]: Done waiting for pending navigations. Status: ok
[1552249920.666][INFO]: Waiting for pending navigations...
[1552249920.667][INFO]: Done waiting for pending navigations. Status: ok
[1552249920.667][INFO]: [5d8c9f27183184ae4c15203af9b774e0] RESPONSE Screenshot "iVBORw0KGgoAAAANSUhEUgAAB4AAAANRCAYAAAACj6FfAAAgAElEQVR4nOzdf1SU9533/9cMw49xgg4/REBEEdCMRA2UWiWxVshmU11r1Z40i22zPbrdbHS3d5Tuybl1d+971+w3362a03vVu9+u3N12G79ptmptVtvNBlxiq5ZaNBqc+BMEAkjQARGHH8Nw/8GvC..."
[1552249920.677][INFO]: [5d8c9f27183184ae4c15203af9b774e0] COMMAND FindElement {
   "using": "id",
   "value": "fr-btn"
}
[1552249920.677][INFO]: Waiting for pending navigations...
[1552249920.678][INFO]: Done waiting for pending navigations. Status: ok
[1552249920.684][INFO]: Waiting for pending navigations...
[1552249920.686][INFO]: Done waiting for pending navigations. Status: ok
[1552249920.686][INFO]: [5d8c9f27183184ae4c15203af9b774e0] RESPONSE FindElement {
   "ELEMENT": "0.5452770482196909-4"
}
[1552249920.687][INFO]: [5d8c9f27183184ae4c15203af9b774e0] COMMAND IsElementDisplayed {
   "id": "0.5452770482196909-4"
}
[1552249920.687][INFO]: Waiting for pending navigations...
[1552249920.688][INFO]: Done waiting for pending navigations. Status: ok
[1552249920.697][INFO]: Waiting for pending navigations...
[1552249920.698][INFO]: Done waiting for pending navigations. Status: ok
[1552249920.698][INFO]: [5d8c9f27183184ae4c15203af9b774e0] RESPONSE IsElementDisplayed true
[1552249920.700][INFO]: [5d8c9f27183184ae4c15203af9b774e0] COMMAND FindElement {
   "using": "id",
   "value": "fr-btn"
}
[1552249920.700][INFO]: Waiting for pending navigations...
[1552249920.701][INFO]: Done waiting for pending navigations. Status: ok
[1552249920.706][INFO]: Waiting for pending navigations...
[1552249920.707][INFO]: Done waiting for pending navigations. Status: ok
[1552249920.707][INFO]: [5d8c9f27183184ae4c15203af9b774e0] RESPONSE FindElement {
   "ELEMENT": "0.5452770482196909-4"
}
[1552249920.708][INFO]: [5d8c9f27183184ae4c15203af9b774e0] COMMAND GetElementText {
   "id": "0.5452770482196909-4"
}
[1552249920.708][INFO]: Waiting for pending navigations...
[1552249920.708][INFO]: Done waiting for pending navigations. Status: ok
[1552249920.719][INFO]: Waiting for pending navigations...
[1552249920.720][INFO]: Done waiting for pending navigations. Status: ok
[1552249920.720][INFO]: [5d8c9f27183184ae4c15203af9b774e0] RESPONSE GetElementText "Français"
[1552249920.721][INFO]: [5d8c9f27183184ae4c15203af9b774e0] COMMAND Screenshot {

}
[1552249920.721][INFO]: Waiting for pending navigations...
[1552249920.722][INFO]: Done waiting for pending navigations. Status: ok
[1552249921.000][INFO]: Waiting for pending navigations...
[1552249921.001][INFO]: Done waiting for pending navigations. Status: ok
[1552249921.001][INFO]: [5d8c9f27183184ae4c15203af9b774e0] RESPONSE Screenshot "iVBORw0KGgoAAAANSUhEUgAAB4AAAANRCAYAAAACj6FfAAAgAElEQVR4nOzdf1SU9533/9cMw49xgg4/REBEEdCMRA2UWiWxVshmU11r1Z40i22zPbrdbHS3d5Tuybl1d+971+w3362a03vVu9+u3N12G79ptmptVtvNBlxiq5ZaNBqc+BMEAkjQARGHH8Nw/8GvC..."
[1552249921.013][INFO]: [5d8c9f27183184ae4c15203af9b774e0] COMMAND FindElement {
   "using": "id",
   "value": "menu-btn"
}
[1552249921.013][INFO]: Waiting for pending navigations...
[1552249921.014][INFO]: Done waiting for pending navigations. Status: ok
[1552249921.019][INFO]: Waiting for pending navigations...
[1552249921.020][INFO]: Done waiting for pending navigations. Status: ok
[1552249921.020][INFO]: [5d8c9f27183184ae4c15203af9b774e0] RESPONSE FindElement {
   "ELEMENT": "0.5452770482196909-3"
}
[1552249921.021][INFO]: [5d8c9f27183184ae4c15203af9b774e0] COMMAND IsElementDisplayed {
   "id": "0.5452770482196909-3"
}
[1552249921.021][INFO]: Waiting for pending navigations...
[1552249921.022][INFO]: Done waiting for pending navigations. Status: ok
[1552249921.028][INFO]: Waiting for pending navigations...
[1552249921.029][INFO]: Done waiting for pending navigations. Status: ok
[1552249921.029][INFO]: [5d8c9f27183184ae4c15203af9b774e0] RESPONSE IsElementDisplayed true
[1552249921.031][INFO]: [5d8c9f27183184ae4c15203af9b774e0] COMMAND FindElement {
   "using": "id",
   "value": "menu-btn"
}
[1552249921.031][INFO]: Waiting for pending navigations...
[1552249921.033][INFO]: Done waiting for pending navigations. Status: ok
[1552249921.038][INFO]: Waiting for pending navigations...
[1552249921.040][INFO]: Done waiting for pending navigations. Status: ok
[1552249921.040][INFO]: [5d8c9f27183184ae4c15203af9b774e0] RESPONSE FindElement {
   "ELEMENT": "0.5452770482196909-3"
}
[1552249921.043][INFO]: [5d8c9f27183184ae4c15203af9b774e0] COMMAND ClickElement {
   "id": "0.5452770482196909-3"
}
[1552249921.043][INFO]: Waiting for pending navigations...
[1552249921.044][INFO]: Done waiting for pending navigations. Status: ok
[1552249921.099][INFO]: Waiting for pending navigations...
[1552249921.101][INFO]: Done waiting for pending navigations. Status: ok
[1552249921.101][INFO]: [5d8c9f27183184ae4c15203af9b774e0] RESPONSE ClickElement
[1552249921.106][INFO]: [5d8c9f27183184ae4c15203af9b774e0] COMMAND FindElement {
   "using": "id",
   "value": "menu-btn"
}
[1552249921.106][INFO]: Waiting for pending navigations...
[1552249921.107][INFO]: Done waiting for pending navigations. Status: ok
[1552249921.112][INFO]: Waiting for pending navigations...
[1552249921.113][INFO]: Done waiting for pending navigations. Status: ok
[1552249921.113][INFO]: [5d8c9f27183184ae4c15203af9b774e0] RESPONSE FindElement {
   "ELEMENT": "0.5452770482196909-3"
}
[1552249921.114][INFO]: [5d8c9f27183184ae4c15203af9b774e0] COMMAND GetElementText {
   "id": "0.5452770482196909-3"
}
[1552249921.114][INFO]: Waiting for pending navigations...
[1552249921.114][INFO]: Done waiting for pending navigations. Status: ok
[1552249921.127][INFO]: Waiting for pending navigations...
[1552249921.128][INFO]: Done waiting for pending navigations. Status: ok
[1552249921.128][INFO]: [5d8c9f27183184ae4c15203af9b774e0] RESPONSE GetElementText "Menu"
[1552249921.129][INFO]: [5d8c9f27183184ae4c15203af9b774e0] COMMAND Screenshot {

}
[1552249921.129][INFO]: Waiting for pending navigations...
[1552249921.130][INFO]: Done waiting for pending navigations. Status: ok
[1552249921.478][INFO]: Waiting for pending navigations...
[1552249921.481][INFO]: Done waiting for pending navigations. Status: ok
[1552249921.481][INFO]: [5d8c9f27183184ae4c15203af9b774e0] RESPONSE Screenshot "iVBORw0KGgoAAAANSUhEUgAAB4AAAANRCAYAAAACj6FfAAAgAElEQVR4nOzde5TX9X3v+9dvGOYCggMiN6/jJQregKgBojGiphGridCkLSS2iTZtxJ2eBJrVVpOdXaWnx0C7TitJTytJd7IhTVNIYyq2TcSoqVi1YEQdNSoIKIOiDPeBuZ0/AOVuwIEf8+XxWIu1/..."
[1552249921.491][INFO]: [5d8c9f27183184ae4c15203af9b774e0] COMMAND Quit {

}
[1552249921.551][INFO]: [5d8c9f27183184ae4c15203af9b774e0] RESPONSE Quit
