[1552240926.284][INFO]: Starting ChromeDriver 73.0.3683.68 (47787ec04b6e38e22703e856e101e840b65afe72)
[1552240926.284][INFO]: Please protect ports used by ChromeDriver and related test frameworks to prevent access by malicious code.
[1552240927.072][INFO]: [71e7ad78cae3643c8de9ccce48cc5c11] COMMAND InitSession {
   "capabilities": {
      "firstMatch": [ {
         "browserName": "chrome",
         "goog:chromeOptions": {
            "args": [ "chrome.switches", "--disable-extensions", "chrome.switches", "test-type", "chrome.switches", "start-maximized", "chrome.switches", "no-sandbox" ],
            "extensions": [  ],
            "useAutomationExtension": false
         }
      } ]
   },
   "desiredCapabilities": {
      "browserName": "chrome",
      "goog:chromeOptions": {
         "args": [ "chrome.switches", "--disable-extensions", "chrome.switches", "test-type", "chrome.switches", "start-maximized", "chrome.switches", "no-sandbox" ],
         "extensions": [  ],
         "useAutomationExtension": false
      }
   }
}
[1552240927.078][INFO]: Populating Preferences file: {
   "alternate_error_pages": {
      "enabled": false
   },
   "autofill": {
      "enabled": false
   },
   "browser": {
      "check_default_browser": false
   },
   "distribution": {
      "import_bookmarks": false,
      "import_history": false,
      "import_search_engine": false,
      "make_chrome_default_for_user": false,
      "skip_first_run_ui": true
   },
   "dns_prefetching": {
      "enabled": false
   },
   "profile": {
      "content_settings": {
         "pattern_pairs": {
            "https://*,*": {
               "media-stream": {
                  "audio": "Default",
                  "video": "Default"
               }
            }
         }
      },
      "default_content_setting_values": {
         "geolocation": 1
      },
      "default_content_settings": {
         "geolocation": 1,
         "mouselock": 1,
         "notifications": 1,
         "popups": 1,
         "ppapi-broker": 1
      },
      "password_manager_enabled": false
   },
   "safebrowsing": {
      "enabled": false
   },
   "search": {
      "suggest_enabled": false
   },
   "translate": {
      "enabled": false
   }
}
[1552240927.079][INFO]: Populating Local State file: {
   "background_mode": {
      "enabled": false
   },
   "ssl": {
      "rev_checking": {
         "enabled": false
      }
   }
}
[1552240927.081][INFO]: Launching chrome: "C:\Program Files (x86)\Google\Chrome\Application\chrome.exe" --chrome.switches --disable-background-networking --disable-client-side-phishing-detection --disable-default-apps --disable-extensions --disable-hang-monitor --disable-popup-blocking --disable-prompt-on-repost --disable-sync --disable-web-resources --enable-automation --enable-blink-features=ShadowDOMV0 --enable-logging --force-fieldtrials=SiteIsolationExtensions/Control --ignore-certificate-errors --log-level=0 --metrics-recording-only --no-first-run --no-sandbox --password-store=basic --remote-debugging-port=0 --start-maximized --test-type --use-mock-keychain --user-data-dir="C:\Users\KAVITH~1\AppData\Local\Temp\scoped_dir32372_9940" data:,
[1552240927.618][INFO]: resolved localhost to ["::1","127.0.0.1"]
[1552240928.635][INFO]: [71e7ad78cae3643c8de9ccce48cc5c11] RESPONSE InitSession {
   "acceptInsecureCerts": false,
   "acceptSslCerts": false,
   "applicationCacheEnabled": false,
   "browserConnectionEnabled": false,
   "browserName": "chrome",
   "chrome": {
      "chromedriverVersion": "73.0.3683.68 (47787ec04b6e38e22703e856e101e840b65afe72)",
      "userDataDir": "C:\\Users\\KAVITH~1\\AppData\\Local\\Temp\\scoped_dir32372_9940"
   },
   "cssSelectorsEnabled": true,
   "databaseEnabled": false,
   "goog:chromeOptions": {
      "debuggerAddress": "localhost:63573"
   },
   "handlesAlerts": true,
   "hasTouchScreen": false,
   "javascriptEnabled": true,
   "locationContextEnabled": true,
   "mobileEmulationEnabled": false,
   "nativeEvents": true,
   "networkConnectionEnabled": false,
   "pageLoadStrategy": "normal",
   "platform": "Windows NT",
   "proxy": {

   },
   "~~~": "..."
}
[1552240928.666][INFO]: [71e7ad78cae3643c8de9ccce48cc5c11] COMMAND MaximizeWindow {
   "handle": "current",
   "windowHandle": "current"
}
[1552240928.666][INFO]: Waiting for pending navigations...
[1552240928.680][INFO]: Done waiting for pending navigations. Status: ok
[1552240928.680][INFO]: resolved localhost to ["::1","127.0.0.1"]
[1552240929.688][INFO]: Waiting for pending navigations...
[1552240929.689][INFO]: Done waiting for pending navigations. Status: ok
[1552240929.689][INFO]: [71e7ad78cae3643c8de9ccce48cc5c11] RESPONSE MaximizeWindow {
   "height": 696,
   "width": 1296,
   "x": -8,
   "y": -8
}
[1552240929.696][INFO]: [71e7ad78cae3643c8de9ccce48cc5c11] COMMAND SetTimeouts {
   "ms": 30000,
   "type": "implicit"
}
[1552240929.696][INFO]: [71e7ad78cae3643c8de9ccce48cc5c11] RESPONSE SetTimeouts
[1552240929.702][INFO]: [71e7ad78cae3643c8de9ccce48cc5c11] COMMAND SetTimeouts {
   "ms": 60000,
   "type": "page load"
}
[1552240929.702][INFO]: [71e7ad78cae3643c8de9ccce48cc5c11] RESPONSE SetTimeouts
[1552240929.707][INFO]: [71e7ad78cae3643c8de9ccce48cc5c11] COMMAND Navigate {
   "url": "http://localhost:3000/"
}
[1552240929.707][INFO]: Waiting for pending navigations...
[1552240929.709][INFO]: Done waiting for pending navigations. Status: ok
[1552240930.062][INFO]: Waiting for pending navigations...
[1552240931.059][INFO]: Done waiting for pending navigations. Status: ok
[1552240931.059][INFO]: [71e7ad78cae3643c8de9ccce48cc5c11] RESPONSE Navigate
[1552240931.117][INFO]: [71e7ad78cae3643c8de9ccce48cc5c11] COMMAND FindElement {
   "using": "id",
   "value": "brand-logo"
}
[1552240931.117][INFO]: Waiting for pending navigations...
[1552240931.119][INFO]: Done waiting for pending navigations. Status: ok
[1552240931.131][INFO]: Waiting for pending navigations...
[1552240931.132][INFO]: Done waiting for pending navigations. Status: ok
[1552240931.132][INFO]: [71e7ad78cae3643c8de9ccce48cc5c11] RESPONSE FindElement {
   "ELEMENT": "0.818918504571706-1"
}
[1552240931.133][INFO]: [71e7ad78cae3643c8de9ccce48cc5c11] COMMAND IsElementDisplayed {
   "id": "0.818918504571706-1"
}
[1552240931.133][INFO]: Waiting for pending navigations...
[1552240931.134][INFO]: Done waiting for pending navigations. Status: ok
[1552240931.148][INFO]: Waiting for pending navigations...
[1552240931.148][INFO]: Done waiting for pending navigations. Status: ok
[1552240931.148][INFO]: [71e7ad78cae3643c8de9ccce48cc5c11] RESPONSE IsElementDisplayed true
[1552240931.154][INFO]: [71e7ad78cae3643c8de9ccce48cc5c11] COMMAND Screenshot {

}
[1552240931.154][INFO]: Waiting for pending navigations...
[1552240931.155][INFO]: Done waiting for pending navigations. Status: ok
[1552240931.454][INFO]: Waiting for pending navigations...
[1552240931.462][INFO]: Done waiting for pending navigations. Status: ok
[1552240931.462][INFO]: [71e7ad78cae3643c8de9ccce48cc5c11] RESPONSE Screenshot "iVBORw0KGgoAAAANSUhEUgAAB4AAAANRCAYAAAACj6FfAAAgAElEQVR4nOzde5RX9WHv/c9vBuYCjgyI3LyOlygoKhgNEE0iahqxJhGa9BSibaonreJJnxNI1mk16Xmq9Omj0KynlaSnlaYnHkjTFNIkFdumYtVUrFowoo4adVBQBuUyXGdgbs8fAgIzYMCRy/b1W..."
[1552240931.480][INFO]: [71e7ad78cae3643c8de9ccce48cc5c11] COMMAND FindElement {
   "using": "id",
   "value": "brand-name"
}
[1552240931.480][INFO]: Waiting for pending navigations...
[1552240931.481][INFO]: Done waiting for pending navigations. Status: ok
[1552240931.489][INFO]: Waiting for pending navigations...
[1552240931.490][INFO]: Done waiting for pending navigations. Status: ok
[1552240931.490][INFO]: [71e7ad78cae3643c8de9ccce48cc5c11] RESPONSE FindElement {
   "ELEMENT": "0.818918504571706-2"
}
[1552240931.492][INFO]: [71e7ad78cae3643c8de9ccce48cc5c11] COMMAND IsElementDisplayed {
   "id": "0.818918504571706-2"
}
[1552240931.492][INFO]: Waiting for pending navigations...
[1552240931.493][INFO]: Done waiting for pending navigations. Status: ok
[1552240931.503][INFO]: Waiting for pending navigations...
[1552240931.504][INFO]: Done waiting for pending navigations. Status: ok
[1552240931.504][INFO]: [71e7ad78cae3643c8de9ccce48cc5c11] RESPONSE IsElementDisplayed true
[1552240931.505][INFO]: [71e7ad78cae3643c8de9ccce48cc5c11] COMMAND Screenshot {

}
[1552240931.505][INFO]: Waiting for pending navigations...
[1552240931.506][INFO]: Done waiting for pending navigations. Status: ok
[1552240931.795][INFO]: Waiting for pending navigations...
[1552240931.797][INFO]: Done waiting for pending navigations. Status: ok
[1552240931.797][INFO]: [71e7ad78cae3643c8de9ccce48cc5c11] RESPONSE Screenshot "iVBORw0KGgoAAAANSUhEUgAAB4AAAANRCAYAAAACj6FfAAAgAElEQVR4nOzde5RX9WHv/c9vBuYCjgyI3LyOlygoKhgNEE0iahqxJhGa9BSibaonreJJnxNI1mk16Xmq9Omj0KynlaSnlaYnHkjTFNIkFdumYtVUrFowoo4adVBQBuUyXGdgbs8fAgIzYMCRy/b1W..."
[1552240931.814][INFO]: [71e7ad78cae3643c8de9ccce48cc5c11] COMMAND FindElement {
   "using": "xpath",
   "value": "//div[@id='container']/div"
}
[1552240931.815][INFO]: Waiting for pending navigations...
[1552240931.815][INFO]: Done waiting for pending navigations. Status: ok
[1552240931.832][INFO]: Waiting for pending navigations...
[1552240931.833][INFO]: Done waiting for pending navigations. Status: ok
[1552240931.833][INFO]: [71e7ad78cae3643c8de9ccce48cc5c11] RESPONSE FindElement {
   "ELEMENT": "0.818918504571706-3"
}
[1552240931.835][INFO]: [71e7ad78cae3643c8de9ccce48cc5c11] COMMAND IsElementDisplayed {
   "id": "0.818918504571706-3"
}
[1552240931.835][INFO]: Waiting for pending navigations...
[1552240931.836][INFO]: Done waiting for pending navigations. Status: ok
[1552240931.844][INFO]: Waiting for pending navigations...
[1552240931.845][INFO]: Done waiting for pending navigations. Status: ok
[1552240931.845][INFO]: [71e7ad78cae3643c8de9ccce48cc5c11] RESPONSE IsElementDisplayed true
[1552240931.846][INFO]: [71e7ad78cae3643c8de9ccce48cc5c11] COMMAND Screenshot {

}
[1552240931.846][INFO]: Waiting for pending navigations...
[1552240931.848][INFO]: Done waiting for pending navigations. Status: ok
[1552240932.144][INFO]: Waiting for pending navigations...
[1552240932.146][INFO]: Done waiting for pending navigations. Status: ok
[1552240932.146][INFO]: [71e7ad78cae3643c8de9ccce48cc5c11] RESPONSE Screenshot "iVBORw0KGgoAAAANSUhEUgAAB4AAAANRCAYAAAACj6FfAAAgAElEQVR4nOzde5RX9WHv/c9vBuYCjgyI3LyOlygoKhgNEE0iahqxJhGa9BSibaonreJJnxNI1mk16Xmq9Omj0KynlaSnlaYnHkjTFNIkFdumYtVUrFowoo4adVBQBuUyXGdgbs8fAgIzYMCRy/b1W..."
[1552240932.161][INFO]: [71e7ad78cae3643c8de9ccce48cc5c11] COMMAND FindElement {
   "using": "id",
   "value": "menu-btn"
}
[1552240932.161][INFO]: Waiting for pending navigations...
[1552240932.162][INFO]: Done waiting for pending navigations. Status: ok
[1552240932.170][INFO]: Waiting for pending navigations...
[1552240932.171][INFO]: Done waiting for pending navigations. Status: ok
[1552240932.171][INFO]: [71e7ad78cae3643c8de9ccce48cc5c11] RESPONSE FindElement {
   "ELEMENT": "0.818918504571706-4"
}
[1552240932.173][INFO]: [71e7ad78cae3643c8de9ccce48cc5c11] COMMAND IsElementDisplayed {
   "id": "0.818918504571706-4"
}
[1552240932.173][INFO]: Waiting for pending navigations...
[1552240932.173][INFO]: Done waiting for pending navigations. Status: ok
[1552240932.183][INFO]: Waiting for pending navigations...
[1552240932.184][INFO]: Done waiting for pending navigations. Status: ok
[1552240932.184][INFO]: [71e7ad78cae3643c8de9ccce48cc5c11] RESPONSE IsElementDisplayed true
[1552240932.186][INFO]: [71e7ad78cae3643c8de9ccce48cc5c11] COMMAND Screenshot {

}
[1552240932.186][INFO]: Waiting for pending navigations...
[1552240932.187][INFO]: Done waiting for pending navigations. Status: ok
[1552240932.462][INFO]: Waiting for pending navigations...
[1552240932.464][INFO]: Done waiting for pending navigations. Status: ok
[1552240932.464][INFO]: [71e7ad78cae3643c8de9ccce48cc5c11] RESPONSE Screenshot "iVBORw0KGgoAAAANSUhEUgAAB4AAAANRCAYAAAACj6FfAAAgAElEQVR4nOzde5RX9WHv/c9vBuYCjgyI3LyOlygoKhgNEE0iahqxJhGa9BSibaonreJJnxNI1mk16Xmq9Omj0KynlaSnlaYnHkjTFNIkFdumYtVUrFowoo4adVBQBuUyXGdgbs8fAgIzYMCRy/b1W..."
[1552240932.484][INFO]: [71e7ad78cae3643c8de9ccce48cc5c11] COMMAND FindElement {
   "using": "id",
   "value": "menu-btn"
}
[1552240932.484][INFO]: Waiting for pending navigations...
[1552240932.485][INFO]: Done waiting for pending navigations. Status: ok
[1552240932.489][INFO]: Waiting for pending navigations...
[1552240932.490][INFO]: Done waiting for pending navigations. Status: ok
[1552240932.490][INFO]: [71e7ad78cae3643c8de9ccce48cc5c11] RESPONSE FindElement {
   "ELEMENT": "0.818918504571706-4"
}
[1552240932.493][INFO]: [71e7ad78cae3643c8de9ccce48cc5c11] COMMAND ClickElement {
   "id": "0.818918504571706-4"
}
[1552240932.493][INFO]: Waiting for pending navigations...
[1552240932.494][INFO]: Done waiting for pending navigations. Status: ok
[1552240932.542][INFO]: Waiting for pending navigations...
[1552240932.544][INFO]: Done waiting for pending navigations. Status: ok
[1552240932.544][INFO]: [71e7ad78cae3643c8de9ccce48cc5c11] RESPONSE ClickElement
[1552240933.547][INFO]: [71e7ad78cae3643c8de9ccce48cc5c11] COMMAND FindElement {
   "using": "id",
   "value": "menu-btn"
}
[1552240933.547][INFO]: Waiting for pending navigations...
[1552240933.548][INFO]: Done waiting for pending navigations. Status: ok
[1552240933.553][INFO]: Waiting for pending navigations...
[1552240933.554][INFO]: Done waiting for pending navigations. Status: ok
[1552240933.554][INFO]: [71e7ad78cae3643c8de9ccce48cc5c11] RESPONSE FindElement {
   "ELEMENT": "0.818918504571706-4"
}
[1552240933.555][INFO]: [71e7ad78cae3643c8de9ccce48cc5c11] COMMAND GetElementText {
   "id": "0.818918504571706-4"
}
[1552240933.555][INFO]: Waiting for pending navigations...
[1552240933.556][INFO]: Done waiting for pending navigations. Status: ok
[1552240933.569][INFO]: Waiting for pending navigations...
[1552240933.570][INFO]: Done waiting for pending navigations. Status: ok
[1552240933.570][INFO]: [71e7ad78cae3643c8de9ccce48cc5c11] RESPONSE GetElementText "Close"
[1552240933.571][INFO]: [71e7ad78cae3643c8de9ccce48cc5c11] COMMAND Screenshot {

}
[1552240933.571][INFO]: Waiting for pending navigations...
[1552240933.572][INFO]: Done waiting for pending navigations. Status: ok
[1552240933.888][INFO]: Waiting for pending navigations...
[1552240933.892][INFO]: Done waiting for pending navigations. Status: ok
[1552240933.892][INFO]: [71e7ad78cae3643c8de9ccce48cc5c11] RESPONSE Screenshot "iVBORw0KGgoAAAANSUhEUgAAB4AAAANRCAYAAAACj6FfAAAgAElEQVR4nOzde3RU533v/8+MBknDeNDogpCEEAwI5EHmIhkrIJtgJNe1ocQGslwOOEl9RNvUkPrYImfld6Cn53cKqX8JclZPgJNfDmrqtvBz0oDruCZuGoExCVCFCgwWMiAQCIEuSIyEEKPLaPT7Q..."
[1552240933.907][INFO]: [71e7ad78cae3643c8de9ccce48cc5c11] COMMAND FindElement {
   "using": "id",
   "value": "menu-btn"
}
[1552240933.907][INFO]: Waiting for pending navigations...
[1552240933.908][INFO]: Done waiting for pending navigations. Status: ok
[1552240933.913][INFO]: Waiting for pending navigations...
[1552240933.913][INFO]: Done waiting for pending navigations. Status: ok
[1552240933.913][INFO]: [71e7ad78cae3643c8de9ccce48cc5c11] RESPONSE FindElement {
   "ELEMENT": "0.818918504571706-4"
}
[1552240933.917][INFO]: [71e7ad78cae3643c8de9ccce48cc5c11] COMMAND ClickElement {
   "id": "0.818918504571706-4"
}
[1552240933.917][INFO]: Waiting for pending navigations...
[1552240933.918][INFO]: Done waiting for pending navigations. Status: ok
[1552240933.965][INFO]: Waiting for pending navigations...
[1552240933.965][INFO]: Done waiting for pending navigations. Status: ok
[1552240933.965][INFO]: [71e7ad78cae3643c8de9ccce48cc5c11] RESPONSE ClickElement
[1552240933.969][INFO]: [71e7ad78cae3643c8de9ccce48cc5c11] COMMAND FindElement {
   "using": "id",
   "value": "menu-btn"
}
[1552240933.969][INFO]: Waiting for pending navigations...
[1552240933.969][INFO]: Done waiting for pending navigations. Status: ok
[1552240933.973][INFO]: Waiting for pending navigations...
[1552240933.974][INFO]: Done waiting for pending navigations. Status: ok
[1552240933.974][INFO]: [71e7ad78cae3643c8de9ccce48cc5c11] RESPONSE FindElement {
   "ELEMENT": "0.818918504571706-4"
}
[1552240933.975][INFO]: [71e7ad78cae3643c8de9ccce48cc5c11] COMMAND GetElementText {
   "id": "0.818918504571706-4"
}
[1552240933.975][INFO]: Waiting for pending navigations...
[1552240933.976][INFO]: Done waiting for pending navigations. Status: ok
[1552240933.982][INFO]: Waiting for pending navigations...
[1552240933.982][INFO]: Done waiting for pending navigations. Status: ok
[1552240933.982][INFO]: [71e7ad78cae3643c8de9ccce48cc5c11] RESPONSE GetElementText "Menu"
[1552240933.984][INFO]: [71e7ad78cae3643c8de9ccce48cc5c11] COMMAND Screenshot {

}
[1552240933.984][INFO]: Waiting for pending navigations...
[1552240933.986][INFO]: Done waiting for pending navigations. Status: ok
[1552240934.305][INFO]: Waiting for pending navigations...
[1552240934.308][INFO]: Done waiting for pending navigations. Status: ok
[1552240934.308][INFO]: [71e7ad78cae3643c8de9ccce48cc5c11] RESPONSE Screenshot "iVBORw0KGgoAAAANSUhEUgAAB4AAAANRCAYAAAACj6FfAAAgAElEQVR4nOzde5TX5X0v+vdvGObCCAyI3ER0FC/gDUi0QjXGIaYRay6QtLvQpE11ZzfiTk8Dydp7a7J7Gu3pMZCu00rS04akOzmQpimkJhWzm4hBE7BqwWh0FC+DgDIoMoMwzADDzPmD2wAD3gaG+..."
[1552240934.323][INFO]: [71e7ad78cae3643c8de9ccce48cc5c11] COMMAND FindElement {
   "using": "id",
   "value": "bookmarks-link"
}
[1552240934.323][INFO]: Waiting for pending navigations...
[1552240934.323][INFO]: Done waiting for pending navigations. Status: ok
[1552240934.331][INFO]: Waiting for pending navigations...
[1552240934.331][INFO]: Done waiting for pending navigations. Status: ok
[1552240934.331][INFO]: [71e7ad78cae3643c8de9ccce48cc5c11] RESPONSE FindElement {
   "ELEMENT": "0.818918504571706-5"
}
[1552240934.333][INFO]: [71e7ad78cae3643c8de9ccce48cc5c11] COMMAND IsElementDisplayed {
   "id": "0.818918504571706-5"
}
[1552240934.333][INFO]: Waiting for pending navigations...
[1552240934.333][INFO]: Done waiting for pending navigations. Status: ok
[1552240934.345][INFO]: Waiting for pending navigations...
[1552240934.346][INFO]: Done waiting for pending navigations. Status: ok
[1552240934.346][INFO]: [71e7ad78cae3643c8de9ccce48cc5c11] RESPONSE IsElementDisplayed true
[1552240934.348][INFO]: [71e7ad78cae3643c8de9ccce48cc5c11] COMMAND Screenshot {

}
[1552240934.348][INFO]: Waiting for pending navigations...
[1552240934.349][INFO]: Done waiting for pending navigations. Status: ok
[1552240934.666][INFO]: Waiting for pending navigations...
[1552240934.667][INFO]: Done waiting for pending navigations. Status: ok
[1552240934.667][INFO]: [71e7ad78cae3643c8de9ccce48cc5c11] RESPONSE Screenshot "iVBORw0KGgoAAAANSUhEUgAAB4AAAANRCAYAAAACj6FfAAAgAElEQVR4nOzde5SX9WHv+89vBubCRQZEbuJlFKOgqGA0QDSJqGnEmkRo0l2ItonutIo7PSfQrN1qsveu0tNjoF2nlaSnlaQ7HkjTFNIkFdumYtRUrKZgRB016iCgDIgw3Afmdv7gIjADBhy5PL5ea..."
[1552240934.676][INFO]: [71e7ad78cae3643c8de9ccce48cc5c11] COMMAND FindElement {
   "using": "id",
   "value": "bookmarks-link"
}
[1552240934.676][INFO]: Waiting for pending navigations...
[1552240934.677][INFO]: Done waiting for pending navigations. Status: ok
[1552240934.681][INFO]: Waiting for pending navigations...
[1552240934.681][INFO]: Done waiting for pending navigations. Status: ok
[1552240934.681][INFO]: [71e7ad78cae3643c8de9ccce48cc5c11] RESPONSE FindElement {
   "ELEMENT": "0.818918504571706-5"
}
[1552240934.685][INFO]: [71e7ad78cae3643c8de9ccce48cc5c11] COMMAND FindChildElement {
   "id": "0.818918504571706-5",
   "using": "tag name",
   "value": "span"
}
[1552240934.685][INFO]: Waiting for pending navigations...
[1552240934.686][INFO]: Done waiting for pending navigations. Status: ok
[1552240934.693][INFO]: Waiting for pending navigations...
[1552240934.693][INFO]: Done waiting for pending navigations. Status: ok
[1552240934.693][INFO]: [71e7ad78cae3643c8de9ccce48cc5c11] RESPONSE FindChildElement {
   "ELEMENT": "0.818918504571706-6"
}
[1552240934.695][INFO]: [71e7ad78cae3643c8de9ccce48cc5c11] COMMAND GetElementText {
   "id": "0.818918504571706-6"
}
[1552240934.695][INFO]: Waiting for pending navigations...
[1552240934.695][INFO]: Done waiting for pending navigations. Status: ok
[1552240934.712][INFO]: Waiting for pending navigations...
[1552240934.713][INFO]: Done waiting for pending navigations. Status: ok
[1552240934.713][INFO]: [71e7ad78cae3643c8de9ccce48cc5c11] RESPONSE GetElementText "Bookmarks"
[1552240934.717][INFO]: [71e7ad78cae3643c8de9ccce48cc5c11] COMMAND FindElement {
   "using": "id",
   "value": "bookmarks-link"
}
[1552240934.717][INFO]: Waiting for pending navigations...
[1552240934.718][INFO]: Done waiting for pending navigations. Status: ok
[1552240934.722][INFO]: Waiting for pending navigations...
[1552240934.723][INFO]: Done waiting for pending navigations. Status: ok
[1552240934.723][INFO]: [71e7ad78cae3643c8de9ccce48cc5c11] RESPONSE FindElement {
   "ELEMENT": "0.818918504571706-5"
}
[1552240934.724][INFO]: [71e7ad78cae3643c8de9ccce48cc5c11] COMMAND GetElementAttribute {
   "id": "0.818918504571706-5",
   "name": "href"
}
[1552240934.724][INFO]: Waiting for pending navigations...
[1552240934.725][INFO]: Done waiting for pending navigations. Status: ok
[1552240934.727][INFO]: Waiting for pending navigations...
[1552240934.728][INFO]: Done waiting for pending navigations. Status: ok
[1552240934.728][INFO]: [71e7ad78cae3643c8de9ccce48cc5c11] RESPONSE GetElementAttribute "http://localhost:3000/bookmarks"
[1552240934.730][INFO]: [71e7ad78cae3643c8de9ccce48cc5c11] COMMAND Screenshot {

}
[1552240934.730][INFO]: Waiting for pending navigations...
[1552240934.731][INFO]: Done waiting for pending navigations. Status: ok
[1552240935.003][INFO]: Waiting for pending navigations...
[1552240935.004][INFO]: Done waiting for pending navigations. Status: ok
[1552240935.004][INFO]: [71e7ad78cae3643c8de9ccce48cc5c11] RESPONSE Screenshot "iVBORw0KGgoAAAANSUhEUgAAB4AAAANRCAYAAAACj6FfAAAgAElEQVR4nOzde5SX9WHv+89vBubCRQZEbuJlFKOgqGA0QDSJqGnEmkRo0l2ItonutIo7PSfQrN1qsveu0tNjoF2nlaSnlaQ7HkjTFNIkFdumYtRUrKZgRB016iCgDIgw3Afmdv7gIjADBhy5PL5ea..."
[1552240935.018][INFO]: [71e7ad78cae3643c8de9ccce48cc5c11] COMMAND FindElement {
   "using": "id",
   "value": "search-link"
}
[1552240935.018][INFO]: Waiting for pending navigations...
[1552240935.020][INFO]: Done waiting for pending navigations. Status: ok
[1552240935.032][INFO]: Waiting for pending navigations...
[1552240935.033][INFO]: Done waiting for pending navigations. Status: ok
[1552240935.033][INFO]: [71e7ad78cae3643c8de9ccce48cc5c11] RESPONSE FindElement {
   "ELEMENT": "0.818918504571706-7"
}
[1552240935.034][INFO]: [71e7ad78cae3643c8de9ccce48cc5c11] COMMAND IsElementDisplayed {
   "id": "0.818918504571706-7"
}
[1552240935.034][INFO]: Waiting for pending navigations...
[1552240935.035][INFO]: Done waiting for pending navigations. Status: ok
[1552240935.044][INFO]: Waiting for pending navigations...
[1552240935.045][INFO]: Done waiting for pending navigations. Status: ok
[1552240935.045][INFO]: [71e7ad78cae3643c8de9ccce48cc5c11] RESPONSE IsElementDisplayed true
[1552240935.047][INFO]: [71e7ad78cae3643c8de9ccce48cc5c11] COMMAND Screenshot {

}
[1552240935.047][INFO]: Waiting for pending navigations...
[1552240935.047][INFO]: Done waiting for pending navigations. Status: ok
[1552240935.363][INFO]: Waiting for pending navigations...
[1552240935.364][INFO]: Done waiting for pending navigations. Status: ok
[1552240935.364][INFO]: [71e7ad78cae3643c8de9ccce48cc5c11] RESPONSE Screenshot "iVBORw0KGgoAAAANSUhEUgAAB4AAAANRCAYAAAACj6FfAAAgAElEQVR4nOzde5SX9WHv+89vBubCRQZEbuJlFKOgqGA0QDSJqGnEmkRo0l2ItonutIo7PSfQrN1qsveu0tNjoF2nlaSnlaQ7HkjTFNIkFdumYtRUrKZgRB016iCgDIgw3Afmdv7gIjADBhy5PL5ea..."
[1552240935.379][INFO]: [71e7ad78cae3643c8de9ccce48cc5c11] COMMAND FindElement {
   "using": "id",
   "value": "search-link"
}
[1552240935.379][INFO]: Waiting for pending navigations...
[1552240935.380][INFO]: Done waiting for pending navigations. Status: ok
[1552240935.385][INFO]: Waiting for pending navigations...
[1552240935.386][INFO]: Done waiting for pending navigations. Status: ok
[1552240935.386][INFO]: [71e7ad78cae3643c8de9ccce48cc5c11] RESPONSE FindElement {
   "ELEMENT": "0.818918504571706-7"
}
[1552240935.389][INFO]: [71e7ad78cae3643c8de9ccce48cc5c11] COMMAND FindChildElement {
   "id": "0.818918504571706-7",
   "using": "tag name",
   "value": "span"
}
[1552240935.389][INFO]: Waiting for pending navigations...
[1552240935.390][INFO]: Done waiting for pending navigations. Status: ok
[1552240935.398][INFO]: Waiting for pending navigations...
[1552240935.399][INFO]: Done waiting for pending navigations. Status: ok
[1552240935.399][INFO]: [71e7ad78cae3643c8de9ccce48cc5c11] RESPONSE FindChildElement {
   "ELEMENT": "0.818918504571706-8"
}
[1552240935.400][INFO]: [71e7ad78cae3643c8de9ccce48cc5c11] COMMAND GetElementText {
   "id": "0.818918504571706-8"
}
[1552240935.400][INFO]: Waiting for pending navigations...
[1552240935.401][INFO]: Done waiting for pending navigations. Status: ok
[1552240935.415][INFO]: Waiting for pending navigations...
[1552240935.416][INFO]: Done waiting for pending navigations. Status: ok
[1552240935.416][INFO]: [71e7ad78cae3643c8de9ccce48cc5c11] RESPONSE GetElementText "Search"
[1552240935.420][INFO]: [71e7ad78cae3643c8de9ccce48cc5c11] COMMAND FindElement {
   "using": "id",
   "value": "search-link"
}
[1552240935.420][INFO]: Waiting for pending navigations...
[1552240935.420][INFO]: Done waiting for pending navigations. Status: ok
[1552240935.425][INFO]: Waiting for pending navigations...
[1552240935.427][INFO]: Done waiting for pending navigations. Status: ok
[1552240935.427][INFO]: [71e7ad78cae3643c8de9ccce48cc5c11] RESPONSE FindElement {
   "ELEMENT": "0.818918504571706-7"
}
[1552240935.428][INFO]: [71e7ad78cae3643c8de9ccce48cc5c11] COMMAND GetElementAttribute {
   "id": "0.818918504571706-7",
   "name": "href"
}
[1552240935.428][INFO]: Waiting for pending navigations...
[1552240935.429][INFO]: Done waiting for pending navigations. Status: ok
[1552240935.431][INFO]: Waiting for pending navigations...
[1552240935.432][INFO]: Done waiting for pending navigations. Status: ok
[1552240935.432][INFO]: [71e7ad78cae3643c8de9ccce48cc5c11] RESPONSE GetElementAttribute "http://localhost:3000/search"
[1552240935.433][INFO]: [71e7ad78cae3643c8de9ccce48cc5c11] COMMAND Screenshot {

}
[1552240935.433][INFO]: Waiting for pending navigations...
[1552240935.434][INFO]: Done waiting for pending navigations. Status: ok
[1552240935.755][INFO]: Waiting for pending navigations...
[1552240935.756][INFO]: Done waiting for pending navigations. Status: ok
[1552240935.756][INFO]: [71e7ad78cae3643c8de9ccce48cc5c11] RESPONSE Screenshot "iVBORw0KGgoAAAANSUhEUgAAB4AAAANRCAYAAAACj6FfAAAgAElEQVR4nOzde5SX9WHv+89vBubCRQZEbuJlFKOgqGA0QDSJqGnEmkRo0l2ItonutIo7PSfQrN1qsveu0tNjoF2nlaSnlaQ7HkjTFNIkFdumYtRUrKZgRB016iCgDIgw3Afmdv7gIjADBhy5PL5ea..."
[1552240935.766][INFO]: [71e7ad78cae3643c8de9ccce48cc5c11] COMMAND FindElement {
   "using": "id",
   "value": "share-link"
}
[1552240935.766][INFO]: Waiting for pending navigations...
[1552240935.767][INFO]: Done waiting for pending navigations. Status: ok
[1552240935.778][INFO]: Waiting for pending navigations...
[1552240935.779][INFO]: Done waiting for pending navigations. Status: ok
[1552240935.779][INFO]: [71e7ad78cae3643c8de9ccce48cc5c11] RESPONSE FindElement {
   "ELEMENT": "0.818918504571706-9"
}
[1552240935.781][INFO]: [71e7ad78cae3643c8de9ccce48cc5c11] COMMAND IsElementDisplayed {
   "id": "0.818918504571706-9"
}
[1552240935.781][INFO]: Waiting for pending navigations...
[1552240935.782][INFO]: Done waiting for pending navigations. Status: ok
[1552240935.791][INFO]: Waiting for pending navigations...
[1552240935.792][INFO]: Done waiting for pending navigations. Status: ok
[1552240935.792][INFO]: [71e7ad78cae3643c8de9ccce48cc5c11] RESPONSE IsElementDisplayed true
[1552240935.793][INFO]: [71e7ad78cae3643c8de9ccce48cc5c11] COMMAND Screenshot {

}
[1552240935.793][INFO]: Waiting for pending navigations...
[1552240935.794][INFO]: Done waiting for pending navigations. Status: ok
[1552240936.071][INFO]: Waiting for pending navigations...
[1552240936.071][INFO]: Done waiting for pending navigations. Status: ok
[1552240936.071][INFO]: [71e7ad78cae3643c8de9ccce48cc5c11] RESPONSE Screenshot "iVBORw0KGgoAAAANSUhEUgAAB4AAAANRCAYAAAACj6FfAAAgAElEQVR4nOzde5SX9WHv+89vBubCRQZEbuJlFKOgqGA0QDSJqGnEmkRo0l2ItonutIo7PSfQrN1qsveu0tNjoF2nlaSnlaQ7HkjTFNIkFdumYtRUrKZgRB016iCgDIgw3Afmdv7gIjADBhy5PL5ea..."
[1552240936.081][INFO]: [71e7ad78cae3643c8de9ccce48cc5c11] COMMAND FindElement {
   "using": "id",
   "value": "share-link"
}
[1552240936.081][INFO]: Waiting for pending navigations...
[1552240936.082][INFO]: Done waiting for pending navigations. Status: ok
[1552240936.086][INFO]: Waiting for pending navigations...
[1552240936.086][INFO]: Done waiting for pending navigations. Status: ok
[1552240936.086][INFO]: [71e7ad78cae3643c8de9ccce48cc5c11] RESPONSE FindElement {
   "ELEMENT": "0.818918504571706-9"
}
[1552240936.090][INFO]: [71e7ad78cae3643c8de9ccce48cc5c11] COMMAND FindChildElement {
   "id": "0.818918504571706-9",
   "using": "tag name",
   "value": "span"
}
[1552240936.090][INFO]: Waiting for pending navigations...
[1552240936.091][INFO]: Done waiting for pending navigations. Status: ok
[1552240936.098][INFO]: Waiting for pending navigations...
[1552240936.099][INFO]: Done waiting for pending navigations. Status: ok
[1552240936.099][INFO]: [71e7ad78cae3643c8de9ccce48cc5c11] RESPONSE FindChildElement {
   "ELEMENT": "0.818918504571706-10"
}
[1552240936.100][INFO]: [71e7ad78cae3643c8de9ccce48cc5c11] COMMAND GetElementText {
   "id": "0.818918504571706-10"
}
[1552240936.100][INFO]: Waiting for pending navigations...
[1552240936.100][INFO]: Done waiting for pending navigations. Status: ok
[1552240936.113][INFO]: Waiting for pending navigations...
[1552240936.114][INFO]: Done waiting for pending navigations. Status: ok
[1552240936.114][INFO]: [71e7ad78cae3643c8de9ccce48cc5c11] RESPONSE GetElementText "Share"
[1552240936.118][INFO]: [71e7ad78cae3643c8de9ccce48cc5c11] COMMAND FindElement {
   "using": "id",
   "value": "share-link"
}
[1552240936.118][INFO]: Waiting for pending navigations...
[1552240936.119][INFO]: Done waiting for pending navigations. Status: ok
[1552240936.124][INFO]: Waiting for pending navigations...
[1552240936.124][INFO]: Done waiting for pending navigations. Status: ok
[1552240936.124][INFO]: [71e7ad78cae3643c8de9ccce48cc5c11] RESPONSE FindElement {
   "ELEMENT": "0.818918504571706-9"
}
[1552240936.126][INFO]: [71e7ad78cae3643c8de9ccce48cc5c11] COMMAND GetElementAttribute {
   "id": "0.818918504571706-9",
   "name": "href"
}
[1552240936.126][INFO]: Waiting for pending navigations...
[1552240936.127][INFO]: Done waiting for pending navigations. Status: ok
[1552240936.130][INFO]: Waiting for pending navigations...
[1552240936.131][INFO]: Done waiting for pending navigations. Status: ok
[1552240936.131][INFO]: [71e7ad78cae3643c8de9ccce48cc5c11] RESPONSE GetElementAttribute "http://localhost:3000/share"
[1552240936.132][INFO]: [71e7ad78cae3643c8de9ccce48cc5c11] COMMAND Screenshot {

}
[1552240936.132][INFO]: Waiting for pending navigations...
[1552240936.133][INFO]: Done waiting for pending navigations. Status: ok
[1552240936.424][INFO]: Waiting for pending navigations...
[1552240936.424][INFO]: Done waiting for pending navigations. Status: ok
[1552240936.424][INFO]: [71e7ad78cae3643c8de9ccce48cc5c11] RESPONSE Screenshot "iVBORw0KGgoAAAANSUhEUgAAB4AAAANRCAYAAAACj6FfAAAgAElEQVR4nOzde5SX9WHv+89vBubCRQZEbuJlFKOgqGA0QDSJqGnEmkRo0l2ItonutIo7PSfQrN1qsveu0tNjoF2nlaSnlaQ7HkjTFNIkFdumYtRUrKZgRB016iCgDIgw3Afmdv7gIjADBhy5PL5ea..."
[1552240936.437][INFO]: [71e7ad78cae3643c8de9ccce48cc5c11] COMMAND FindElement {
   "using": "id",
   "value": "about-link"
}
[1552240936.437][INFO]: Waiting for pending navigations...
[1552240936.438][INFO]: Done waiting for pending navigations. Status: ok
[1552240936.446][INFO]: Waiting for pending navigations...
[1552240936.446][INFO]: Done waiting for pending navigations. Status: ok
[1552240936.446][INFO]: [71e7ad78cae3643c8de9ccce48cc5c11] RESPONSE FindElement {
   "ELEMENT": "0.818918504571706-11"
}
[1552240936.448][INFO]: [71e7ad78cae3643c8de9ccce48cc5c11] COMMAND IsElementDisplayed {
   "id": "0.818918504571706-11"
}
[1552240936.448][INFO]: Waiting for pending navigations...
[1552240936.448][INFO]: Done waiting for pending navigations. Status: ok
[1552240936.460][INFO]: Waiting for pending navigations...
[1552240936.460][INFO]: Done waiting for pending navigations. Status: ok
[1552240936.460][INFO]: [71e7ad78cae3643c8de9ccce48cc5c11] RESPONSE IsElementDisplayed true
[1552240936.462][INFO]: [71e7ad78cae3643c8de9ccce48cc5c11] COMMAND Screenshot {

}
[1552240936.463][INFO]: Waiting for pending navigations...
[1552240936.463][INFO]: Done waiting for pending navigations. Status: ok
[1552240936.765][INFO]: Waiting for pending navigations...
[1552240936.766][INFO]: Done waiting for pending navigations. Status: ok
[1552240936.766][INFO]: [71e7ad78cae3643c8de9ccce48cc5c11] RESPONSE Screenshot "iVBORw0KGgoAAAANSUhEUgAAB4AAAANRCAYAAAACj6FfAAAgAElEQVR4nOzde5SX9WHv+89vBubCRQZEbuJlFKOgqGA0QDSJqGnEmkRo0l2ItonutIo7PSfQrN1qsveu0tNjoF2nlaSnlaQ7HkjTFNIkFdumYtRUrKZgRB016iCgDIgw3Afmdv7gIjADBhy5PL5ea..."
[1552240936.775][INFO]: [71e7ad78cae3643c8de9ccce48cc5c11] COMMAND FindElement {
   "using": "id",
   "value": "about-link"
}
[1552240936.775][INFO]: Waiting for pending navigations...
[1552240936.776][INFO]: Done waiting for pending navigations. Status: ok
[1552240936.781][INFO]: Waiting for pending navigations...
[1552240936.782][INFO]: Done waiting for pending navigations. Status: ok
[1552240936.782][INFO]: [71e7ad78cae3643c8de9ccce48cc5c11] RESPONSE FindElement {
   "ELEMENT": "0.818918504571706-11"
}
[1552240936.785][INFO]: [71e7ad78cae3643c8de9ccce48cc5c11] COMMAND FindChildElement {
   "id": "0.818918504571706-11",
   "using": "tag name",
   "value": "span"
}
[1552240936.786][INFO]: Waiting for pending navigations...
[1552240936.787][INFO]: Done waiting for pending navigations. Status: ok
[1552240936.797][INFO]: Waiting for pending navigations...
[1552240936.798][INFO]: Done waiting for pending navigations. Status: ok
[1552240936.798][INFO]: [71e7ad78cae3643c8de9ccce48cc5c11] RESPONSE FindChildElement {
   "ELEMENT": "0.818918504571706-12"
}
[1552240936.799][INFO]: [71e7ad78cae3643c8de9ccce48cc5c11] COMMAND GetElementText {
   "id": "0.818918504571706-12"
}
[1552240936.799][INFO]: Waiting for pending navigations...
[1552240936.800][INFO]: Done waiting for pending navigations. Status: ok
[1552240936.812][INFO]: Waiting for pending navigations...
[1552240936.813][INFO]: Done waiting for pending navigations. Status: ok
[1552240936.813][INFO]: [71e7ad78cae3643c8de9ccce48cc5c11] RESPONSE GetElementText "About"
[1552240936.816][INFO]: [71e7ad78cae3643c8de9ccce48cc5c11] COMMAND FindElement {
   "using": "id",
   "value": "about-link"
}
[1552240936.816][INFO]: Waiting for pending navigations...
[1552240936.817][INFO]: Done waiting for pending navigations. Status: ok
[1552240936.823][INFO]: Waiting for pending navigations...
[1552240936.824][INFO]: Done waiting for pending navigations. Status: ok
[1552240936.824][INFO]: [71e7ad78cae3643c8de9ccce48cc5c11] RESPONSE FindElement {
   "ELEMENT": "0.818918504571706-11"
}
[1552240936.826][INFO]: [71e7ad78cae3643c8de9ccce48cc5c11] COMMAND GetElementAttribute {
   "id": "0.818918504571706-11",
   "name": "href"
}
[1552240936.826][INFO]: Waiting for pending navigations...
[1552240936.827][INFO]: Done waiting for pending navigations. Status: ok
[1552240936.831][INFO]: Waiting for pending navigations...
[1552240936.832][INFO]: Done waiting for pending navigations. Status: ok
[1552240936.832][INFO]: [71e7ad78cae3643c8de9ccce48cc5c11] RESPONSE GetElementAttribute "http://localhost:3000/about"
[1552240936.833][INFO]: [71e7ad78cae3643c8de9ccce48cc5c11] COMMAND Screenshot {

}
[1552240936.833][INFO]: Waiting for pending navigations...
[1552240936.834][INFO]: Done waiting for pending navigations. Status: ok
[1552240937.164][INFO]: Waiting for pending navigations...
[1552240937.165][INFO]: Done waiting for pending navigations. Status: ok
[1552240937.165][INFO]: [71e7ad78cae3643c8de9ccce48cc5c11] RESPONSE Screenshot "iVBORw0KGgoAAAANSUhEUgAAB4AAAANRCAYAAAACj6FfAAAgAElEQVR4nOzde5SX9WHv+89vBubCRQZEbuJlFKOgqGA0QDSJqGnEmkRo0l2ItonutIo7PSfQrN1qsveu0tNjoF2nlaSnlaQ7HkjTFNIkFdumYtRUrKZgRB016iCgDIgw3Afmdv7gIjADBhy5PL5ea..."
[1552240937.184][INFO]: [71e7ad78cae3643c8de9ccce48cc5c11] COMMAND Quit {

}
[1552240937.241][INFO]: [71e7ad78cae3643c8de9ccce48cc5c11] RESPONSE Quit
