[1552249011.718][INFO]: Starting ChromeDriver 73.0.3683.68 (47787ec04b6e38e22703e856e101e840b65afe72)
[1552249011.719][INFO]: Please protect ports used by ChromeDriver and related test frameworks to prevent access by malicious code.
[1552249012.195][INFO]: [f47d6a4eae717dca3b37f13d62a1ce30] COMMAND InitSession {
   "capabilities": {
      "firstMatch": [ {
         "browserName": "chrome",
         "goog:chromeOptions": {
            "args": [ "chrome.switches", "--disable-extensions", "chrome.switches", "test-type", "chrome.switches", "start-maximized", "chrome.switches", "no-sandbox" ],
            "extensions": [  ],
            "useAutomationExtension": false
         }
      } ]
   },
   "desiredCapabilities": {
      "browserName": "chrome",
      "goog:chromeOptions": {
         "args": [ "chrome.switches", "--disable-extensions", "chrome.switches", "test-type", "chrome.switches", "start-maximized", "chrome.switches", "no-sandbox" ],
         "extensions": [  ],
         "useAutomationExtension": false
      }
   }
}
[1552249012.201][INFO]: Populating Preferences file: {
   "alternate_error_pages": {
      "enabled": false
   },
   "autofill": {
      "enabled": false
   },
   "browser": {
      "check_default_browser": false
   },
   "distribution": {
      "import_bookmarks": false,
      "import_history": false,
      "import_search_engine": false,
      "make_chrome_default_for_user": false,
      "skip_first_run_ui": true
   },
   "dns_prefetching": {
      "enabled": false
   },
   "profile": {
      "content_settings": {
         "pattern_pairs": {
            "https://*,*": {
               "media-stream": {
                  "audio": "Default",
                  "video": "Default"
               }
            }
         }
      },
      "default_content_setting_values": {
         "geolocation": 1
      },
      "default_content_settings": {
         "geolocation": 1,
         "mouselock": 1,
         "notifications": 1,
         "popups": 1,
         "ppapi-broker": 1
      },
      "password_manager_enabled": false
   },
   "safebrowsing": {
      "enabled": false
   },
   "search": {
      "suggest_enabled": false
   },
   "translate": {
      "enabled": false
   }
}
[1552249012.203][INFO]: Populating Local State file: {
   "background_mode": {
      "enabled": false
   },
   "ssl": {
      "rev_checking": {
         "enabled": false
      }
   }
}
[1552249012.204][INFO]: Launching chrome: "C:\Program Files (x86)\Google\Chrome\Application\chrome.exe" --chrome.switches --disable-background-networking --disable-client-side-phishing-detection --disable-default-apps --disable-extensions --disable-hang-monitor --disable-popup-blocking --disable-prompt-on-repost --disable-sync --disable-web-resources --enable-automation --enable-blink-features=ShadowDOMV0 --enable-logging --force-fieldtrials=SiteIsolationExtensions/Control --ignore-certificate-errors --log-level=0 --metrics-recording-only --no-first-run --no-sandbox --password-store=basic --remote-debugging-port=0 --start-maximized --test-type --use-mock-keychain --user-data-dir="C:\Users\KAVITH~1\AppData\Local\Temp\scoped_dir5492_22270" data:,
[1552249012.741][INFO]: resolved localhost to ["::1","127.0.0.1"]
[1552249013.763][INFO]: [f47d6a4eae717dca3b37f13d62a1ce30] RESPONSE InitSession {
   "acceptInsecureCerts": false,
   "acceptSslCerts": false,
   "applicationCacheEnabled": false,
   "browserConnectionEnabled": false,
   "browserName": "chrome",
   "chrome": {
      "chromedriverVersion": "73.0.3683.68 (47787ec04b6e38e22703e856e101e840b65afe72)",
      "userDataDir": "C:\\Users\\KAVITH~1\\AppData\\Local\\Temp\\scoped_dir5492_22270"
   },
   "cssSelectorsEnabled": true,
   "databaseEnabled": false,
   "goog:chromeOptions": {
      "debuggerAddress": "localhost:54579"
   },
   "handlesAlerts": true,
   "hasTouchScreen": false,
   "javascriptEnabled": true,
   "locationContextEnabled": true,
   "mobileEmulationEnabled": false,
   "nativeEvents": true,
   "networkConnectionEnabled": false,
   "pageLoadStrategy": "normal",
   "platform": "Windows NT",
   "proxy": {

   },
   "~~~": "..."
}
[1552249013.767][INFO]: [f47d6a4eae717dca3b37f13d62a1ce30] COMMAND MaximizeWindow {
   "handle": "current",
   "windowHandle": "current"
}
[1552249013.767][INFO]: Waiting for pending navigations...
[1552249013.775][INFO]: Done waiting for pending navigations. Status: ok
[1552249013.776][INFO]: resolved localhost to ["::1","127.0.0.1"]
[1552249014.782][INFO]: Waiting for pending navigations...
[1552249014.784][INFO]: Done waiting for pending navigations. Status: ok
[1552249014.784][INFO]: [f47d6a4eae717dca3b37f13d62a1ce30] RESPONSE MaximizeWindow {
   "height": 696,
   "width": 1296,
   "x": -8,
   "y": -8
}
[1552249014.789][INFO]: [f47d6a4eae717dca3b37f13d62a1ce30] COMMAND SetTimeouts {
   "ms": 30000,
   "type": "implicit"
}
[1552249014.789][INFO]: [f47d6a4eae717dca3b37f13d62a1ce30] RESPONSE SetTimeouts
[1552249014.792][INFO]: [f47d6a4eae717dca3b37f13d62a1ce30] COMMAND SetTimeouts {
   "ms": 60000,
   "type": "page load"
}
[1552249014.792][INFO]: [f47d6a4eae717dca3b37f13d62a1ce30] RESPONSE SetTimeouts
[1552249014.796][INFO]: [f47d6a4eae717dca3b37f13d62a1ce30] COMMAND Navigate {
   "url": "http://localhost:3000/"
}
[1552249014.796][INFO]: Waiting for pending navigations...
[1552249014.797][INFO]: Done waiting for pending navigations. Status: ok
[1552249015.174][INFO]: Waiting for pending navigations...
[1552249016.201][INFO]: Done waiting for pending navigations. Status: ok
[1552249016.201][INFO]: [f47d6a4eae717dca3b37f13d62a1ce30] RESPONSE Navigate
[1552249016.207][INFO]: [f47d6a4eae717dca3b37f13d62a1ce30] COMMAND FindElement {
   "using": "id",
   "value": "brand-logo"
}
[1552249016.207][INFO]: Waiting for pending navigations...
[1552249016.208][INFO]: Done waiting for pending navigations. Status: ok
[1552249016.223][INFO]: Waiting for pending navigations...
[1552249016.227][INFO]: Done waiting for pending navigations. Status: ok
[1552249016.227][INFO]: [f47d6a4eae717dca3b37f13d62a1ce30] RESPONSE FindElement {
   "ELEMENT": "0.2798807550158353-1"
}
[1552249016.229][INFO]: [f47d6a4eae717dca3b37f13d62a1ce30] COMMAND IsElementDisplayed {
   "id": "0.2798807550158353-1"
}
[1552249016.229][INFO]: Waiting for pending navigations...
[1552249016.230][INFO]: Done waiting for pending navigations. Status: ok
[1552249016.243][INFO]: Waiting for pending navigations...
[1552249016.244][INFO]: Done waiting for pending navigations. Status: ok
[1552249016.244][INFO]: [f47d6a4eae717dca3b37f13d62a1ce30] RESPONSE IsElementDisplayed true
[1552249016.246][INFO]: [f47d6a4eae717dca3b37f13d62a1ce30] COMMAND Screenshot {

}
[1552249016.246][INFO]: Waiting for pending navigations...
[1552249016.247][INFO]: Done waiting for pending navigations. Status: ok
[1552249016.577][INFO]: Waiting for pending navigations...
[1552249016.578][INFO]: Done waiting for pending navigations. Status: ok
[1552249016.578][INFO]: [f47d6a4eae717dca3b37f13d62a1ce30] RESPONSE Screenshot "iVBORw0KGgoAAAANSUhEUgAAB4AAAANRCAYAAAACj6FfAAAgAElEQVR4nOzde5RX9WHv/c9vBuYCjgyI3LyOlygoKhgNEE0iahqxJhGa9BSibaonreJJnxNI1mk16Xmq9Omj0KynlaSnlaYnHkjTFNIkFdumYtVUrFowoo4adVBQBuUyXGdgbs8fAgIzYMCRy/b1W..."
[1552249016.594][INFO]: [f47d6a4eae717dca3b37f13d62a1ce30] COMMAND FindElement {
   "using": "id",
   "value": "brand-name"
}
[1552249016.594][INFO]: Waiting for pending navigations...
[1552249016.595][INFO]: Done waiting for pending navigations. Status: ok
[1552249016.604][INFO]: Waiting for pending navigations...
[1552249016.606][INFO]: Done waiting for pending navigations. Status: ok
[1552249016.606][INFO]: [f47d6a4eae717dca3b37f13d62a1ce30] RESPONSE FindElement {
   "ELEMENT": "0.2798807550158353-2"
}
[1552249016.607][INFO]: [f47d6a4eae717dca3b37f13d62a1ce30] COMMAND IsElementDisplayed {
   "id": "0.2798807550158353-2"
}
[1552249016.607][INFO]: Waiting for pending navigations...
[1552249016.608][INFO]: Done waiting for pending navigations. Status: ok
[1552249016.617][INFO]: Waiting for pending navigations...
[1552249016.618][INFO]: Done waiting for pending navigations. Status: ok
[1552249016.618][INFO]: [f47d6a4eae717dca3b37f13d62a1ce30] RESPONSE IsElementDisplayed true
[1552249016.619][INFO]: [f47d6a4eae717dca3b37f13d62a1ce30] COMMAND Screenshot {

}
[1552249016.619][INFO]: Waiting for pending navigations...
[1552249016.620][INFO]: Done waiting for pending navigations. Status: ok
[1552249016.909][INFO]: Waiting for pending navigations...
[1552249016.910][INFO]: Done waiting for pending navigations. Status: ok
[1552249016.910][INFO]: [f47d6a4eae717dca3b37f13d62a1ce30] RESPONSE Screenshot "iVBORw0KGgoAAAANSUhEUgAAB4AAAANRCAYAAAACj6FfAAAgAElEQVR4nOzde5RX9WHv/c9vBuYCjgyI3LyOlygoKhgNEE0iahqxJhGa9BSibaonreJJnxNI1mk16Xmq9Omj0KynlaSnlaYnHkjTFNIkFdumYtVUrFowoo4adVBQBuUyXGdgbs8fAgIzYMCRy/b1W..."
[1552249016.926][INFO]: [f47d6a4eae717dca3b37f13d62a1ce30] COMMAND FindElement {
   "using": "id",
   "value": "menu-btn"
}
[1552249016.926][INFO]: Waiting for pending navigations...
[1552249016.927][INFO]: Done waiting for pending navigations. Status: ok
[1552249016.935][INFO]: Waiting for pending navigations...
[1552249016.936][INFO]: Done waiting for pending navigations. Status: ok
[1552249016.936][INFO]: [f47d6a4eae717dca3b37f13d62a1ce30] RESPONSE FindElement {
   "ELEMENT": "0.2798807550158353-3"
}
[1552249016.938][INFO]: [f47d6a4eae717dca3b37f13d62a1ce30] COMMAND IsElementDisplayed {
   "id": "0.2798807550158353-3"
}
[1552249016.938][INFO]: Waiting for pending navigations...
[1552249016.940][INFO]: Done waiting for pending navigations. Status: ok
[1552249016.951][INFO]: Waiting for pending navigations...
[1552249016.952][INFO]: Done waiting for pending navigations. Status: ok
[1552249016.952][INFO]: [f47d6a4eae717dca3b37f13d62a1ce30] RESPONSE IsElementDisplayed true
[1552249016.953][INFO]: [f47d6a4eae717dca3b37f13d62a1ce30] COMMAND Screenshot {

}
[1552249016.954][INFO]: Waiting for pending navigations...
[1552249016.955][INFO]: Done waiting for pending navigations. Status: ok
[1552249017.241][INFO]: Waiting for pending navigations...
[1552249017.243][INFO]: Done waiting for pending navigations. Status: ok
[1552249017.243][INFO]: [f47d6a4eae717dca3b37f13d62a1ce30] RESPONSE Screenshot "iVBORw0KGgoAAAANSUhEUgAAB4AAAANRCAYAAAACj6FfAAAgAElEQVR4nOzde5RX9WHv/c9vBuYCjgyI3LyOlygoKhgNEE0iahqxJhGa9BSibaonreJJnxNI1mk16Xmq9Omj0KynlaSnlaYnHkjTFNIkFdumYtVUrFowoo4adVBQBuUyXGdgbs8fAgIzYMCRy/b1W..."
[1552249017.255][INFO]: [f47d6a4eae717dca3b37f13d62a1ce30] COMMAND FindElement {
   "using": "id",
   "value": "menu-btn"
}
[1552249017.255][INFO]: Waiting for pending navigations...
[1552249017.256][INFO]: Done waiting for pending navigations. Status: ok
[1552249017.261][INFO]: Waiting for pending navigations...
[1552249017.262][INFO]: Done waiting for pending navigations. Status: ok
[1552249017.262][INFO]: [f47d6a4eae717dca3b37f13d62a1ce30] RESPONSE FindElement {
   "ELEMENT": "0.2798807550158353-3"
}
[1552249017.265][INFO]: [f47d6a4eae717dca3b37f13d62a1ce30] COMMAND ClickElement {
   "id": "0.2798807550158353-3"
}
[1552249017.265][INFO]: Waiting for pending navigations...
[1552249017.266][INFO]: Done waiting for pending navigations. Status: ok
[1552249017.316][INFO]: Waiting for pending navigations...
[1552249017.318][INFO]: Done waiting for pending navigations. Status: ok
[1552249017.318][INFO]: [f47d6a4eae717dca3b37f13d62a1ce30] RESPONSE ClickElement
[1552249018.321][INFO]: [f47d6a4eae717dca3b37f13d62a1ce30] COMMAND FindElement {
   "using": "id",
   "value": "es-btn"
}
[1552249018.321][INFO]: Waiting for pending navigations...
[1552249018.322][INFO]: Done waiting for pending navigations. Status: ok
[1552249018.330][INFO]: Waiting for pending navigations...
[1552249018.331][INFO]: Done waiting for pending navigations. Status: ok
[1552249018.331][INFO]: [f47d6a4eae717dca3b37f13d62a1ce30] RESPONSE FindElement {
   "ELEMENT": "0.2798807550158353-4"
}
[1552249018.334][INFO]: [f47d6a4eae717dca3b37f13d62a1ce30] COMMAND ClickElement {
   "id": "0.2798807550158353-4"
}
[1552249018.334][INFO]: Waiting for pending navigations...
[1552249018.335][INFO]: Done waiting for pending navigations. Status: ok
[1552249018.391][INFO]: Waiting for pending navigations...
[1552249018.395][INFO]: Done waiting for pending navigations. Status: ok
[1552249018.395][INFO]: [f47d6a4eae717dca3b37f13d62a1ce30] RESPONSE ClickElement
[1552249019.399][INFO]: [f47d6a4eae717dca3b37f13d62a1ce30] COMMAND FindElement {
   "using": "id",
   "value": "menu-btn"
}
[1552249019.399][INFO]: Waiting for pending navigations...
[1552249019.400][INFO]: Done waiting for pending navigations. Status: ok
[1552249019.410][INFO]: Waiting for pending navigations...
[1552249019.412][INFO]: Done waiting for pending navigations. Status: ok
[1552249019.412][INFO]: [f47d6a4eae717dca3b37f13d62a1ce30] RESPONSE FindElement {
   "ELEMENT": "0.2798807550158353-3"
}
[1552249019.415][INFO]: [f47d6a4eae717dca3b37f13d62a1ce30] COMMAND GetElementText {
   "id": "0.2798807550158353-3"
}
[1552249019.415][INFO]: Waiting for pending navigations...
[1552249019.417][INFO]: Done waiting for pending navigations. Status: ok
[1552249019.439][INFO]: Waiting for pending navigations...
[1552249019.440][INFO]: Done waiting for pending navigations. Status: ok
[1552249019.440][INFO]: [f47d6a4eae717dca3b37f13d62a1ce30] RESPONSE GetElementText "Cerrar"
[1552249019.441][INFO]: [f47d6a4eae717dca3b37f13d62a1ce30] COMMAND Screenshot {

}
[1552249019.441][INFO]: Waiting for pending navigations...
[1552249019.442][INFO]: Done waiting for pending navigations. Status: ok
[1552249019.721][INFO]: Waiting for pending navigations...
[1552249019.722][INFO]: Done waiting for pending navigations. Status: ok
[1552249019.722][INFO]: [f47d6a4eae717dca3b37f13d62a1ce30] RESPONSE Screenshot "iVBORw0KGgoAAAANSUhEUgAAB4AAAANRCAYAAAACj6FfAAAgAElEQVR4nOzdf1hU9533/9cMIzBORocfIiCgKEpG4g+opUpijZDNJro2VftNs5q2m0u3243u5hu1e/Wq3vfe9672m2+ryZW76p1vV+5sdlc37VZT2411swHX2KqlFo2ETPAXCAiI6IA4Dj+G4fsHv..."
[1552249019.735][INFO]: [f47d6a4eae717dca3b37f13d62a1ce30] COMMAND FindElement {
   "using": "id",
   "value": "what-are-link"
}
[1552249019.735][INFO]: Waiting for pending navigations...
[1552249019.736][INFO]: Done waiting for pending navigations. Status: ok
[1552249019.745][INFO]: Waiting for pending navigations...
[1552249019.746][INFO]: Done waiting for pending navigations. Status: ok
[1552249019.746][INFO]: [f47d6a4eae717dca3b37f13d62a1ce30] RESPONSE FindElement {
   "ELEMENT": "0.2798807550158353-5"
}
[1552249019.747][INFO]: [f47d6a4eae717dca3b37f13d62a1ce30] COMMAND IsElementDisplayed {
   "id": "0.2798807550158353-5"
}
[1552249019.747][INFO]: Waiting for pending navigations...
[1552249019.748][INFO]: Done waiting for pending navigations. Status: ok
[1552249019.756][INFO]: Waiting for pending navigations...
[1552249019.757][INFO]: Done waiting for pending navigations. Status: ok
[1552249019.757][INFO]: [f47d6a4eae717dca3b37f13d62a1ce30] RESPONSE IsElementDisplayed true
[1552249019.758][INFO]: [f47d6a4eae717dca3b37f13d62a1ce30] COMMAND Screenshot {

}
[1552249019.758][INFO]: Waiting for pending navigations...
[1552249019.759][INFO]: Done waiting for pending navigations. Status: ok
[1552249020.081][INFO]: Waiting for pending navigations...
[1552249020.082][INFO]: Done waiting for pending navigations. Status: ok
[1552249020.082][INFO]: [f47d6a4eae717dca3b37f13d62a1ce30] RESPONSE Screenshot "iVBORw0KGgoAAAANSUhEUgAAB4AAAANRCAYAAAACj6FfAAAgAElEQVR4nOzdf1hU9533/9cMIzBORocfIiCgKEpG4g+opUpijZDNJro2VftNs5q2m0u3243u5hu1e/Wq3vfe9672m2+ryZW76p1vV+5sdlc37VZT2411swHX2KqlFo2ETPAXCAiI6IA4Dj+G4fsHv..."
[1552249020.094][INFO]: [f47d6a4eae717dca3b37f13d62a1ce30] COMMAND FindElement {
   "using": "id",
   "value": "what-are-link"
}
[1552249020.095][INFO]: Waiting for pending navigations...
[1552249020.095][INFO]: Done waiting for pending navigations. Status: ok
[1552249020.101][INFO]: Waiting for pending navigations...
[1552249020.101][INFO]: Done waiting for pending navigations. Status: ok
[1552249020.101][INFO]: [f47d6a4eae717dca3b37f13d62a1ce30] RESPONSE FindElement {
   "ELEMENT": "0.2798807550158353-5"
}
[1552249020.103][INFO]: [f47d6a4eae717dca3b37f13d62a1ce30] COMMAND GetElementText {
   "id": "0.2798807550158353-5"
}
[1552249020.103][INFO]: Waiting for pending navigations...
[1552249020.104][INFO]: Done waiting for pending navigations. Status: ok
[1552249020.116][INFO]: Waiting for pending navigations...
[1552249020.116][INFO]: Done waiting for pending navigations. Status: ok
[1552249020.116][INFO]: [f47d6a4eae717dca3b37f13d62a1ce30] RESPONSE GetElementText "¿Qué son el trabajo infantil y el trabajo forzoso?"
[1552249020.118][INFO]: [f47d6a4eae717dca3b37f13d62a1ce30] COMMAND FindElement {
   "using": "id",
   "value": "what-are-link"
}
[1552249020.119][INFO]: Waiting for pending navigations...
[1552249020.120][INFO]: Done waiting for pending navigations. Status: ok
[1552249020.124][INFO]: Waiting for pending navigations...
[1552249020.125][INFO]: Done waiting for pending navigations. Status: ok
[1552249020.125][INFO]: [f47d6a4eae717dca3b37f13d62a1ce30] RESPONSE FindElement {
   "ELEMENT": "0.2798807550158353-5"
}
[1552249020.126][INFO]: [f47d6a4eae717dca3b37f13d62a1ce30] COMMAND GetElementAttribute {
   "id": "0.2798807550158353-5",
   "name": "href"
}
[1552249020.126][INFO]: Waiting for pending navigations...
[1552249020.127][INFO]: Done waiting for pending navigations. Status: ok
[1552249020.129][INFO]: Waiting for pending navigations...
[1552249020.129][INFO]: Done waiting for pending navigations. Status: ok
[1552249020.129][INFO]: [f47d6a4eae717dca3b37f13d62a1ce30] RESPONSE GetElementAttribute "http://localhost:3000/what-are"
[1552249020.130][INFO]: [f47d6a4eae717dca3b37f13d62a1ce30] COMMAND Screenshot {

}
[1552249020.130][INFO]: Waiting for pending navigations...
[1552249020.131][INFO]: Done waiting for pending navigations. Status: ok
[1552249020.419][INFO]: Waiting for pending navigations...
[1552249020.420][INFO]: Done waiting for pending navigations. Status: ok
[1552249020.420][INFO]: [f47d6a4eae717dca3b37f13d62a1ce30] RESPONSE Screenshot "iVBORw0KGgoAAAANSUhEUgAAB4AAAANRCAYAAAACj6FfAAAgAElEQVR4nOzdf1hU9533/9cMIzBORocfIiCgKEpG4g+opUpijZDNJro2VftNs5q2m0u3243u5hu1e/Wq3vfe9672m2+ryZW76p1vV+5sdlc37VZT2411swHX2KqlFo2ETPAXCAiI6IA4Dj+G4fsHv..."
[1552249020.432][INFO]: [f47d6a4eae717dca3b37f13d62a1ce30] COMMAND FindElement {
   "using": "id",
   "value": "why-develop-link"
}
[1552249020.432][INFO]: Waiting for pending navigations...
[1552249020.433][INFO]: Done waiting for pending navigations. Status: ok
[1552249020.440][INFO]: Waiting for pending navigations...
[1552249020.442][INFO]: Done waiting for pending navigations. Status: ok
[1552249020.442][INFO]: [f47d6a4eae717dca3b37f13d62a1ce30] RESPONSE FindElement {
   "ELEMENT": "0.2798807550158353-6"
}
[1552249020.443][INFO]: [f47d6a4eae717dca3b37f13d62a1ce30] COMMAND IsElementDisplayed {
   "id": "0.2798807550158353-6"
}
[1552249020.443][INFO]: Waiting for pending navigations...
[1552249020.443][INFO]: Done waiting for pending navigations. Status: ok
[1552249020.451][INFO]: Waiting for pending navigations...
[1552249020.452][INFO]: Done waiting for pending navigations. Status: ok
[1552249020.452][INFO]: [f47d6a4eae717dca3b37f13d62a1ce30] RESPONSE IsElementDisplayed true
[1552249020.453][INFO]: [f47d6a4eae717dca3b37f13d62a1ce30] COMMAND Screenshot {

}
[1552249020.453][INFO]: Waiting for pending navigations...
[1552249020.454][INFO]: Done waiting for pending navigations. Status: ok
[1552249020.722][INFO]: Waiting for pending navigations...
[1552249020.723][INFO]: Done waiting for pending navigations. Status: ok
[1552249020.723][INFO]: [f47d6a4eae717dca3b37f13d62a1ce30] RESPONSE Screenshot "iVBORw0KGgoAAAANSUhEUgAAB4AAAANRCAYAAAACj6FfAAAgAElEQVR4nOzdf1hU9533/9cMIzBORocfIiCgKEpG4g+opUpijZDNJro2VftNs5q2m0u3243u5hu1e/Wq3vfe9672m2+ryZW76p1vV+5sdlc37VZT2411swHX2KqlFo2ETPAXCAiI6IA4Dj+G4fsHv..."
[1552249020.754][INFO]: [f47d6a4eae717dca3b37f13d62a1ce30] COMMAND FindElement {
   "using": "id",
   "value": "why-develop-link"
}
[1552249020.754][INFO]: Waiting for pending navigations...
[1552249020.755][INFO]: Done waiting for pending navigations. Status: ok
[1552249020.759][INFO]: Waiting for pending navigations...
[1552249020.760][INFO]: Done waiting for pending navigations. Status: ok
[1552249020.760][INFO]: [f47d6a4eae717dca3b37f13d62a1ce30] RESPONSE FindElement {
   "ELEMENT": "0.2798807550158353-6"
}
[1552249020.761][INFO]: [f47d6a4eae717dca3b37f13d62a1ce30] COMMAND GetElementText {
   "id": "0.2798807550158353-6"
}
[1552249020.761][INFO]: Waiting for pending navigations...
[1552249020.762][INFO]: Done waiting for pending navigations. Status: ok
[1552249020.772][INFO]: Waiting for pending navigations...
[1552249020.773][INFO]: Done waiting for pending navigations. Status: ok
[1552249020.773][INFO]: [f47d6a4eae717dca3b37f13d62a1ce30] RESPONSE GetElementText "¿Por qué crear un sistema de cumplimiento social?"
[1552249020.775][INFO]: [f47d6a4eae717dca3b37f13d62a1ce30] COMMAND FindElement {
   "using": "id",
   "value": "why-develop-link"
}
[1552249020.775][INFO]: Waiting for pending navigations...
[1552249020.776][INFO]: Done waiting for pending navigations. Status: ok
[1552249020.779][INFO]: Waiting for pending navigations...
[1552249020.782][INFO]: Done waiting for pending navigations. Status: ok
[1552249020.782][INFO]: [f47d6a4eae717dca3b37f13d62a1ce30] RESPONSE FindElement {
   "ELEMENT": "0.2798807550158353-6"
}
[1552249020.784][INFO]: [f47d6a4eae717dca3b37f13d62a1ce30] COMMAND GetElementAttribute {
   "id": "0.2798807550158353-6",
   "name": "href"
}
[1552249020.784][INFO]: Waiting for pending navigations...
[1552249020.784][INFO]: Done waiting for pending navigations. Status: ok
[1552249020.787][INFO]: Waiting for pending navigations...
[1552249020.789][INFO]: Done waiting for pending navigations. Status: ok
[1552249020.789][INFO]: [f47d6a4eae717dca3b37f13d62a1ce30] RESPONSE GetElementAttribute "http://localhost:3000/why-develop"
[1552249020.790][INFO]: [f47d6a4eae717dca3b37f13d62a1ce30] COMMAND Screenshot {

}
[1552249020.790][INFO]: Waiting for pending navigations...
[1552249020.791][INFO]: Done waiting for pending navigations. Status: ok
[1552249021.076][INFO]: Waiting for pending navigations...
[1552249021.077][INFO]: Done waiting for pending navigations. Status: ok
[1552249021.077][INFO]: [f47d6a4eae717dca3b37f13d62a1ce30] RESPONSE Screenshot "iVBORw0KGgoAAAANSUhEUgAAB4AAAANRCAYAAAACj6FfAAAgAElEQVR4nOzdf1hU9533/9cMIzBORocfIiCgKEpG4g+opUpijZDNJro2VftNs5q2m0u3243u5hu1e/Wq3vfe9672m2+ryZW76p1vV+5sdlc37VZT2411swHX2KqlFo2ETPAXCAiI6IA4Dj+G4fsHv..."
[1552249021.089][INFO]: [f47d6a4eae717dca3b37f13d62a1ce30] COMMAND FindElement {
   "using": "id",
   "value": "basics-link"
}
[1552249021.089][INFO]: Waiting for pending navigations...
[1552249021.090][INFO]: Done waiting for pending navigations. Status: ok
[1552249021.098][INFO]: Waiting for pending navigations...
[1552249021.099][INFO]: Done waiting for pending navigations. Status: ok
[1552249021.099][INFO]: [f47d6a4eae717dca3b37f13d62a1ce30] RESPONSE FindElement {
   "ELEMENT": "0.2798807550158353-7"
}
[1552249021.100][INFO]: [f47d6a4eae717dca3b37f13d62a1ce30] COMMAND IsElementDisplayed {
   "id": "0.2798807550158353-7"
}
[1552249021.100][INFO]: Waiting for pending navigations...
[1552249021.101][INFO]: Done waiting for pending navigations. Status: ok
[1552249021.110][INFO]: Waiting for pending navigations...
[1552249021.110][INFO]: Done waiting for pending navigations. Status: ok
[1552249021.110][INFO]: [f47d6a4eae717dca3b37f13d62a1ce30] RESPONSE IsElementDisplayed true
[1552249021.112][INFO]: [f47d6a4eae717dca3b37f13d62a1ce30] COMMAND Screenshot {

}
[1552249021.112][INFO]: Waiting for pending navigations...
[1552249021.112][INFO]: Done waiting for pending navigations. Status: ok
[1552249021.406][INFO]: Waiting for pending navigations...
[1552249021.408][INFO]: Done waiting for pending navigations. Status: ok
[1552249021.408][INFO]: [f47d6a4eae717dca3b37f13d62a1ce30] RESPONSE Screenshot "iVBORw0KGgoAAAANSUhEUgAAB4AAAANRCAYAAAACj6FfAAAgAElEQVR4nOzdf1hU9533/9cMIzBORocfIiCgKEpG4g+opUpijZDNJro2VftNs5q2m0u3243u5hu1e/Wq3vfe9672m2+ryZW76p1vV+5sdlc37VZT2411swHX2KqlFo2ETPAXCAiI6IA4Dj+G4fsHv..."
[1552249021.419][INFO]: [f47d6a4eae717dca3b37f13d62a1ce30] COMMAND FindElement {
   "using": "id",
   "value": "basics-link"
}
[1552249021.419][INFO]: Waiting for pending navigations...
[1552249021.420][INFO]: Done waiting for pending navigations. Status: ok
[1552249021.425][INFO]: Waiting for pending navigations...
[1552249021.426][INFO]: Done waiting for pending navigations. Status: ok
[1552249021.426][INFO]: [f47d6a4eae717dca3b37f13d62a1ce30] RESPONSE FindElement {
   "ELEMENT": "0.2798807550158353-7"
}
[1552249021.427][INFO]: [f47d6a4eae717dca3b37f13d62a1ce30] COMMAND GetElementText {
   "id": "0.2798807550158353-7"
}
[1552249021.427][INFO]: Waiting for pending navigations...
[1552249021.428][INFO]: Done waiting for pending navigations. Status: ok
[1552249021.440][INFO]: Waiting for pending navigations...
[1552249021.441][INFO]: Done waiting for pending navigations. Status: ok
[1552249021.441][INFO]: [f47d6a4eae717dca3b37f13d62a1ce30] RESPONSE GetElementText "Aspectos básicos de un sistema de cumplimiento social"
[1552249021.443][INFO]: [f47d6a4eae717dca3b37f13d62a1ce30] COMMAND FindElement {
   "using": "id",
   "value": "basics-link"
}
[1552249021.443][INFO]: Waiting for pending navigations...
[1552249021.444][INFO]: Done waiting for pending navigations. Status: ok
[1552249021.448][INFO]: Waiting for pending navigations...
[1552249021.449][INFO]: Done waiting for pending navigations. Status: ok
[1552249021.449][INFO]: [f47d6a4eae717dca3b37f13d62a1ce30] RESPONSE FindElement {
   "ELEMENT": "0.2798807550158353-7"
}
[1552249021.450][INFO]: [f47d6a4eae717dca3b37f13d62a1ce30] COMMAND GetElementAttribute {
   "id": "0.2798807550158353-7",
   "name": "href"
}
[1552249021.450][INFO]: Waiting for pending navigations...
[1552249021.451][INFO]: Done waiting for pending navigations. Status: ok
[1552249021.453][INFO]: Waiting for pending navigations...
[1552249021.454][INFO]: Done waiting for pending navigations. Status: ok
[1552249021.454][INFO]: [f47d6a4eae717dca3b37f13d62a1ce30] RESPONSE GetElementAttribute "http://localhost:3000/basics"
[1552249021.455][INFO]: [f47d6a4eae717dca3b37f13d62a1ce30] COMMAND Screenshot {

}
[1552249021.455][INFO]: Waiting for pending navigations...
[1552249021.456][INFO]: Done waiting for pending navigations. Status: ok
[1552249021.745][INFO]: Waiting for pending navigations...
[1552249021.747][INFO]: Done waiting for pending navigations. Status: ok
[1552249021.747][INFO]: [f47d6a4eae717dca3b37f13d62a1ce30] RESPONSE Screenshot "iVBORw0KGgoAAAANSUhEUgAAB4AAAANRCAYAAAACj6FfAAAgAElEQVR4nOzdf1hU9533/9cMIzBORocfIiCgKEpG4g+opUpijZDNJro2VftNs5q2m0u3243u5hu1e/Wq3vfe9672m2+ryZW76p1vV+5sdlc37VZT2411swHX2KqlFo2ETPAXCAiI6IA4Dj+G4fsHv..."
[1552249021.757][INFO]: [f47d6a4eae717dca3b37f13d62a1ce30] COMMAND FindElement {
   "using": "id",
   "value": "steps-dropdown"
}
[1552249021.757][INFO]: Waiting for pending navigations...
[1552249021.758][INFO]: Done waiting for pending navigations. Status: ok
[1552249021.768][INFO]: Waiting for pending navigations...
[1552249021.769][INFO]: Done waiting for pending navigations. Status: ok
[1552249021.769][INFO]: [f47d6a4eae717dca3b37f13d62a1ce30] RESPONSE FindElement {
   "ELEMENT": "0.2798807550158353-8"
}
[1552249021.771][INFO]: [f47d6a4eae717dca3b37f13d62a1ce30] COMMAND IsElementDisplayed {
   "id": "0.2798807550158353-8"
}
[1552249021.771][INFO]: Waiting for pending navigations...
[1552249021.772][INFO]: Done waiting for pending navigations. Status: ok
[1552249021.781][INFO]: Waiting for pending navigations...
[1552249021.782][INFO]: Done waiting for pending navigations. Status: ok
[1552249021.782][INFO]: [f47d6a4eae717dca3b37f13d62a1ce30] RESPONSE IsElementDisplayed true
[1552249021.784][INFO]: [f47d6a4eae717dca3b37f13d62a1ce30] COMMAND Screenshot {

}
[1552249021.784][INFO]: Waiting for pending navigations...
[1552249021.785][INFO]: Done waiting for pending navigations. Status: ok
[1552249022.105][INFO]: Waiting for pending navigations...
[1552249022.106][INFO]: Done waiting for pending navigations. Status: ok
[1552249022.106][INFO]: [f47d6a4eae717dca3b37f13d62a1ce30] RESPONSE Screenshot "iVBORw0KGgoAAAANSUhEUgAAB4AAAANRCAYAAAACj6FfAAAgAElEQVR4nOzdf1hU9533/9cMIzBORocfIiCgKEpG4g+opUpijZDNJro2VftNs5q2m0u3243u5hu1e/Wq3vfe9672m2+ryZW76p1vV+5sdlc37VZT2411swHX2KqlFo2ETPAXCAiI6IA4Dj+G4fsHv..."
[1552249022.129][INFO]: [f47d6a4eae717dca3b37f13d62a1ce30] COMMAND FindElement {
   "using": "id",
   "value": "steps-dropdown"
}
[1552249022.129][INFO]: Waiting for pending navigations...
[1552249022.130][INFO]: Done waiting for pending navigations. Status: ok
[1552249022.134][INFO]: Waiting for pending navigations...
[1552249022.135][INFO]: Done waiting for pending navigations. Status: ok
[1552249022.135][INFO]: [f47d6a4eae717dca3b37f13d62a1ce30] RESPONSE FindElement {
   "ELEMENT": "0.2798807550158353-8"
}
[1552249022.136][INFO]: [f47d6a4eae717dca3b37f13d62a1ce30] COMMAND GetElementText {
   "id": "0.2798807550158353-8"
}
[1552249022.136][INFO]: Waiting for pending navigations...
[1552249022.137][INFO]: Done waiting for pending navigations. Status: ok
[1552249022.147][INFO]: Waiting for pending navigations...
[1552249022.149][INFO]: Done waiting for pending navigations. Status: ok
[1552249022.149][INFO]: [f47d6a4eae717dca3b37f13d62a1ce30] RESPONSE GetElementText "Pasos hacia un sistema de cumplimiento social"
[1552249022.150][INFO]: [f47d6a4eae717dca3b37f13d62a1ce30] COMMAND Screenshot {

}
[1552249022.151][INFO]: Waiting for pending navigations...
[1552249022.152][INFO]: Done waiting for pending navigations. Status: ok
[1552249022.453][INFO]: Waiting for pending navigations...
[1552249022.454][INFO]: Done waiting for pending navigations. Status: ok
[1552249022.454][INFO]: [f47d6a4eae717dca3b37f13d62a1ce30] RESPONSE Screenshot "iVBORw0KGgoAAAANSUhEUgAAB4AAAANRCAYAAAACj6FfAAAgAElEQVR4nOzdf1hU9533/9cMIzBORocfIiCgKEpG4g+opUpijZDNJro2VftNs5q2m0u3243u5hu1e/Wq3vfe9672m2+ryZW76p1vV+5sdlc37VZT2411swHX2KqlFo2ETPAXCAiI6IA4Dj+G4fsHv..."
[1552249022.470][INFO]: [f47d6a4eae717dca3b37f13d62a1ce30] COMMAND FindElement {
   "using": "id",
   "value": "steps-dropdown"
}
[1552249022.470][INFO]: Waiting for pending navigations...
[1552249022.471][INFO]: Done waiting for pending navigations. Status: ok
[1552249022.476][INFO]: Waiting for pending navigations...
[1552249022.477][INFO]: Done waiting for pending navigations. Status: ok
[1552249022.477][INFO]: [f47d6a4eae717dca3b37f13d62a1ce30] RESPONSE FindElement {
   "ELEMENT": "0.2798807550158353-8"
}
[1552249022.478][INFO]: [f47d6a4eae717dca3b37f13d62a1ce30] COMMAND IsElementDisplayed {
   "id": "0.2798807550158353-8"
}
[1552249022.478][INFO]: Waiting for pending navigations...
[1552249022.479][INFO]: Done waiting for pending navigations. Status: ok
[1552249022.483][INFO]: Waiting for pending navigations...
[1552249022.484][INFO]: Done waiting for pending navigations. Status: ok
[1552249022.484][INFO]: [f47d6a4eae717dca3b37f13d62a1ce30] RESPONSE IsElementDisplayed true
[1552249022.486][INFO]: [f47d6a4eae717dca3b37f13d62a1ce30] COMMAND FindElement {
   "using": "id",
   "value": "steps-dropdown"
}
[1552249022.486][INFO]: Waiting for pending navigations...
[1552249022.487][INFO]: Done waiting for pending navigations. Status: ok
[1552249022.491][INFO]: Waiting for pending navigations...
[1552249022.491][INFO]: Done waiting for pending navigations. Status: ok
[1552249022.491][INFO]: [f47d6a4eae717dca3b37f13d62a1ce30] RESPONSE FindElement {
   "ELEMENT": "0.2798807550158353-8"
}
[1552249022.494][INFO]: [f47d6a4eae717dca3b37f13d62a1ce30] COMMAND ClickElement {
   "id": "0.2798807550158353-8"
}
[1552249022.494][INFO]: Waiting for pending navigations...
[1552249022.495][INFO]: Done waiting for pending navigations. Status: ok
[1552249022.548][INFO]: Waiting for pending navigations...
[1552249022.553][INFO]: Done waiting for pending navigations. Status: ok
[1552249022.553][INFO]: [f47d6a4eae717dca3b37f13d62a1ce30] RESPONSE ClickElement
[1552249022.559][INFO]: [f47d6a4eae717dca3b37f13d62a1ce30] COMMAND Screenshot {

}
[1552249022.559][INFO]: Waiting for pending navigations...
[1552249022.572][INFO]: Done waiting for pending navigations. Status: ok
[1552249022.917][INFO]: Waiting for pending navigations...
[1552249022.918][INFO]: Done waiting for pending navigations. Status: ok
[1552249022.918][INFO]: [f47d6a4eae717dca3b37f13d62a1ce30] RESPONSE Screenshot "iVBORw0KGgoAAAANSUhEUgAAB4AAAANRCAYAAAACj6FfAAAgAElEQVR4nOzdfVTU9533/9cMIzBORoabICCgiEpG4g3UUCWxRshmU11j1f5SV9Nmc3C73eBuflWzp6d6XbvXtdrNr5Xk9Kp67a8/ubrZrW7araYmq8lmAy6xVUst3hBCvEUFAREcEHG4GYbfH9zNI..."
[1552249022.932][INFO]: [f47d6a4eae717dca3b37f13d62a1ce30] COMMAND FindElement {
   "using": "id",
   "value": "step-1-link"
}
[1552249022.932][INFO]: Waiting for pending navigations...
[1552249022.934][INFO]: Done waiting for pending navigations. Status: ok
[1552249022.945][INFO]: Waiting for pending navigations...
[1552249022.945][INFO]: Done waiting for pending navigations. Status: ok
[1552249022.945][INFO]: [f47d6a4eae717dca3b37f13d62a1ce30] RESPONSE FindElement {
   "ELEMENT": "0.2798807550158353-9"
}
[1552249022.947][INFO]: [f47d6a4eae717dca3b37f13d62a1ce30] COMMAND IsElementDisplayed {
   "id": "0.2798807550158353-9"
}
[1552249022.947][INFO]: Waiting for pending navigations...
[1552249022.947][INFO]: Done waiting for pending navigations. Status: ok
[1552249022.957][INFO]: Waiting for pending navigations...
[1552249022.957][INFO]: Done waiting for pending navigations. Status: ok
[1552249022.957][INFO]: [f47d6a4eae717dca3b37f13d62a1ce30] RESPONSE IsElementDisplayed true
[1552249022.959][INFO]: [f47d6a4eae717dca3b37f13d62a1ce30] COMMAND Screenshot {

}
[1552249022.959][INFO]: Waiting for pending navigations...
[1552249022.959][INFO]: Done waiting for pending navigations. Status: ok
[1552249023.288][INFO]: Waiting for pending navigations...
[1552249023.289][INFO]: Done waiting for pending navigations. Status: ok
[1552249023.289][INFO]: [f47d6a4eae717dca3b37f13d62a1ce30] RESPONSE Screenshot "iVBORw0KGgoAAAANSUhEUgAAB4AAAANRCAYAAAACj6FfAAAgAElEQVR4nOzdfVTU9533/9cMIzBORoabICCgiEpG4g3UUCWxRshmU11j1f5SV9Nmc3C73eBuflWzp6d6XbvXtdrNr5Xk9Kp67a8/ubrZrW7araYmq8lmAy6xVUst3hBCvEUFAREcEHG4GYbfH9zNI..."
[1552249023.304][INFO]: [f47d6a4eae717dca3b37f13d62a1ce30] COMMAND FindElement {
   "using": "id",
   "value": "step-1-link"
}
[1552249023.304][INFO]: Waiting for pending navigations...
[1552249023.305][INFO]: Done waiting for pending navigations. Status: ok
[1552249023.310][INFO]: Waiting for pending navigations...
[1552249023.310][INFO]: Done waiting for pending navigations. Status: ok
[1552249023.310][INFO]: [f47d6a4eae717dca3b37f13d62a1ce30] RESPONSE FindElement {
   "ELEMENT": "0.2798807550158353-9"
}
[1552249023.312][INFO]: [f47d6a4eae717dca3b37f13d62a1ce30] COMMAND GetElementText {
   "id": "0.2798807550158353-9"
}
[1552249023.312][INFO]: Waiting for pending navigations...
[1552249023.313][INFO]: Done waiting for pending navigations. Status: ok
[1552249023.325][INFO]: Waiting for pending navigations...
[1552249023.326][INFO]: Done waiting for pending navigations. Status: ok
[1552249023.326][INFO]: [f47d6a4eae717dca3b37f13d62a1ce30] RESPONSE GetElementText "Primer paso: Participación de las partes interesadas y los socios"
[1552249023.329][INFO]: [f47d6a4eae717dca3b37f13d62a1ce30] COMMAND FindElement {
   "using": "id",
   "value": "step-1-link"
}
[1552249023.329][INFO]: Waiting for pending navigations...
[1552249023.330][INFO]: Done waiting for pending navigations. Status: ok
[1552249023.335][INFO]: Waiting for pending navigations...
[1552249023.337][INFO]: Done waiting for pending navigations. Status: ok
[1552249023.337][INFO]: [f47d6a4eae717dca3b37f13d62a1ce30] RESPONSE FindElement {
   "ELEMENT": "0.2798807550158353-9"
}
[1552249023.338][INFO]: [f47d6a4eae717dca3b37f13d62a1ce30] COMMAND GetElementAttribute {
   "id": "0.2798807550158353-9",
   "name": "href"
}
[1552249023.338][INFO]: Waiting for pending navigations...
[1552249023.339][INFO]: Done waiting for pending navigations. Status: ok
[1552249023.343][INFO]: Waiting for pending navigations...
[1552249023.343][INFO]: Done waiting for pending navigations. Status: ok
[1552249023.343][INFO]: [f47d6a4eae717dca3b37f13d62a1ce30] RESPONSE GetElementAttribute "http://localhost:3000/steps/1"
[1552249023.345][INFO]: [f47d6a4eae717dca3b37f13d62a1ce30] COMMAND Screenshot {

}
[1552249023.345][INFO]: Waiting for pending navigations...
[1552249023.346][INFO]: Done waiting for pending navigations. Status: ok
[1552249023.681][INFO]: Waiting for pending navigations...
[1552249023.682][INFO]: Done waiting for pending navigations. Status: ok
[1552249023.682][INFO]: [f47d6a4eae717dca3b37f13d62a1ce30] RESPONSE Screenshot "iVBORw0KGgoAAAANSUhEUgAAB4AAAANRCAYAAAACj6FfAAAgAElEQVR4nOzdfVTU9533/9cMIzBORoabICCgiEpG4g3UUCWxRshmU11j1f5SV9Nmc3C73eBuflWzp6d6XbvXtdrNr5Xk9Kp67a8/ubrZrW7araYmq8lmAy6xVUst3hBCvEUFAREcEHG4GYbfH9zNI..."
[1552249023.696][INFO]: [f47d6a4eae717dca3b37f13d62a1ce30] COMMAND FindElement {
   "using": "id",
   "value": "step-2-link"
}
[1552249023.696][INFO]: Waiting for pending navigations...
[1552249023.697][INFO]: Done waiting for pending navigations. Status: ok
[1552249023.712][INFO]: Waiting for pending navigations...
[1552249023.713][INFO]: Done waiting for pending navigations. Status: ok
[1552249023.713][INFO]: [f47d6a4eae717dca3b37f13d62a1ce30] RESPONSE FindElement {
   "ELEMENT": "0.2798807550158353-10"
}
[1552249023.715][INFO]: [f47d6a4eae717dca3b37f13d62a1ce30] COMMAND IsElementDisplayed {
   "id": "0.2798807550158353-10"
}
[1552249023.715][INFO]: Waiting for pending navigations...
[1552249023.715][INFO]: Done waiting for pending navigations. Status: ok
[1552249023.726][INFO]: Waiting for pending navigations...
[1552249023.726][INFO]: Done waiting for pending navigations. Status: ok
[1552249023.726][INFO]: [f47d6a4eae717dca3b37f13d62a1ce30] RESPONSE IsElementDisplayed true
[1552249023.727][INFO]: [f47d6a4eae717dca3b37f13d62a1ce30] COMMAND Screenshot {

}
[1552249023.728][INFO]: Waiting for pending navigations...
[1552249023.728][INFO]: Done waiting for pending navigations. Status: ok
[1552249024.037][INFO]: Waiting for pending navigations...
[1552249024.038][INFO]: Done waiting for pending navigations. Status: ok
[1552249024.038][INFO]: [f47d6a4eae717dca3b37f13d62a1ce30] RESPONSE Screenshot "iVBORw0KGgoAAAANSUhEUgAAB4AAAANRCAYAAAACj6FfAAAgAElEQVR4nOzdfVTU9533/9cMIzBORoabICCgiEpG4g3UUCWxRshmU11j1f5SV9Nmc3C73eBuflWzp6d6XbvXtdrNr5Xk9Kp67a8/ubrZrW7araYmq8lmAy6xVUst3hBCvEUFAREcEHG4GYbfH9zNI..."
[1552249024.056][INFO]: [f47d6a4eae717dca3b37f13d62a1ce30] COMMAND FindElement {
   "using": "id",
   "value": "step-2-link"
}
[1552249024.056][INFO]: Waiting for pending navigations...
[1552249024.057][INFO]: Done waiting for pending navigations. Status: ok
[1552249024.063][INFO]: Waiting for pending navigations...
[1552249024.064][INFO]: Done waiting for pending navigations. Status: ok
[1552249024.064][INFO]: [f47d6a4eae717dca3b37f13d62a1ce30] RESPONSE FindElement {
   "ELEMENT": "0.2798807550158353-10"
}
[1552249024.065][INFO]: [f47d6a4eae717dca3b37f13d62a1ce30] COMMAND GetElementText {
   "id": "0.2798807550158353-10"
}
[1552249024.065][INFO]: Waiting for pending navigations...
[1552249024.066][INFO]: Done waiting for pending navigations. Status: ok
[1552249024.077][INFO]: Waiting for pending navigations...
[1552249024.078][INFO]: Done waiting for pending navigations. Status: ok
[1552249024.078][INFO]: [f47d6a4eae717dca3b37f13d62a1ce30] RESPONSE GetElementText "Segundo paso: Evaluación de riesgos e impacto"
[1552249024.081][INFO]: [f47d6a4eae717dca3b37f13d62a1ce30] COMMAND FindElement {
   "using": "id",
   "value": "step-2-link"
}
[1552249024.081][INFO]: Waiting for pending navigations...
[1552249024.083][INFO]: Done waiting for pending navigations. Status: ok
[1552249024.088][INFO]: Waiting for pending navigations...
[1552249024.089][INFO]: Done waiting for pending navigations. Status: ok
[1552249024.089][INFO]: [f47d6a4eae717dca3b37f13d62a1ce30] RESPONSE FindElement {
   "ELEMENT": "0.2798807550158353-10"
}
[1552249024.091][INFO]: [f47d6a4eae717dca3b37f13d62a1ce30] COMMAND GetElementAttribute {
   "id": "0.2798807550158353-10",
   "name": "href"
}
[1552249024.091][INFO]: Waiting for pending navigations...
[1552249024.092][INFO]: Done waiting for pending navigations. Status: ok
[1552249024.096][INFO]: Waiting for pending navigations...
[1552249024.097][INFO]: Done waiting for pending navigations. Status: ok
[1552249024.097][INFO]: [f47d6a4eae717dca3b37f13d62a1ce30] RESPONSE GetElementAttribute "http://localhost:3000/steps/2"
[1552249024.099][INFO]: [f47d6a4eae717dca3b37f13d62a1ce30] COMMAND Screenshot {

}
[1552249024.099][INFO]: Waiting for pending navigations...
[1552249024.100][INFO]: Done waiting for pending navigations. Status: ok
[1552249024.406][INFO]: Waiting for pending navigations...
[1552249024.408][INFO]: Done waiting for pending navigations. Status: ok
[1552249024.408][INFO]: [f47d6a4eae717dca3b37f13d62a1ce30] RESPONSE Screenshot "iVBORw0KGgoAAAANSUhEUgAAB4AAAANRCAYAAAACj6FfAAAgAElEQVR4nOzdfVTU9533/9cMIzBORoabICCgiEpG4g3UUCWxRshmU11j1f5SV9Nmc3C73eBuflWzp6d6XbvXtdrNr5Xk9Kp67a8/ubrZrW7araYmq8lmAy6xVUst3hBCvEUFAREcEHG4GYbfH9zNI..."
[1552249024.423][INFO]: [f47d6a4eae717dca3b37f13d62a1ce30] COMMAND FindElement {
   "using": "id",
   "value": "step-3-link"
}
[1552249024.423][INFO]: Waiting for pending navigations...
[1552249024.425][INFO]: Done waiting for pending navigations. Status: ok
[1552249024.435][INFO]: Waiting for pending navigations...
[1552249024.436][INFO]: Done waiting for pending navigations. Status: ok
[1552249024.436][INFO]: [f47d6a4eae717dca3b37f13d62a1ce30] RESPONSE FindElement {
   "ELEMENT": "0.2798807550158353-11"
}
[1552249024.437][INFO]: [f47d6a4eae717dca3b37f13d62a1ce30] COMMAND IsElementDisplayed {
   "id": "0.2798807550158353-11"
}
[1552249024.437][INFO]: Waiting for pending navigations...
[1552249024.438][INFO]: Done waiting for pending navigations. Status: ok
[1552249024.448][INFO]: Waiting for pending navigations...
[1552249024.449][INFO]: Done waiting for pending navigations. Status: ok
[1552249024.449][INFO]: [f47d6a4eae717dca3b37f13d62a1ce30] RESPONSE IsElementDisplayed true
[1552249024.450][INFO]: [f47d6a4eae717dca3b37f13d62a1ce30] COMMAND Screenshot {

}
[1552249024.450][INFO]: Waiting for pending navigations...
[1552249024.451][INFO]: Done waiting for pending navigations. Status: ok
[1552249024.755][INFO]: Waiting for pending navigations...
[1552249024.756][INFO]: Done waiting for pending navigations. Status: ok
[1552249024.756][INFO]: [f47d6a4eae717dca3b37f13d62a1ce30] RESPONSE Screenshot "iVBORw0KGgoAAAANSUhEUgAAB4AAAANRCAYAAAACj6FfAAAgAElEQVR4nOzdfVTU9533/9cMIzBORoabICCgiEpG4g3UUCWxRshmU11j1f5SV9Nmc3C73eBuflWzp6d6XbvXtdrNr5Xk9Kp67a8/ubrZrW7araYmq8lmAy6xVUst3hBCvEUFAREcEHG4GYbfH9zNI..."
[1552249024.772][INFO]: [f47d6a4eae717dca3b37f13d62a1ce30] COMMAND FindElement {
   "using": "id",
   "value": "step-3-link"
}
[1552249024.772][INFO]: Waiting for pending navigations...
[1552249024.773][INFO]: Done waiting for pending navigations. Status: ok
[1552249024.778][INFO]: Waiting for pending navigations...
[1552249024.779][INFO]: Done waiting for pending navigations. Status: ok
[1552249024.779][INFO]: [f47d6a4eae717dca3b37f13d62a1ce30] RESPONSE FindElement {
   "ELEMENT": "0.2798807550158353-11"
}
[1552249024.780][INFO]: [f47d6a4eae717dca3b37f13d62a1ce30] COMMAND GetElementText {
   "id": "0.2798807550158353-11"
}
[1552249024.780][INFO]: Waiting for pending navigations...
[1552249024.783][INFO]: Done waiting for pending navigations. Status: ok
[1552249024.796][INFO]: Waiting for pending navigations...
[1552249024.797][INFO]: Done waiting for pending navigations. Status: ok
[1552249024.797][INFO]: [f47d6a4eae717dca3b37f13d62a1ce30] RESPONSE GetElementText "Tercer paso: Formulación de un código de conducta"
[1552249024.800][INFO]: [f47d6a4eae717dca3b37f13d62a1ce30] COMMAND FindElement {
   "using": "id",
   "value": "step-3-link"
}
[1552249024.800][INFO]: Waiting for pending navigations...
[1552249024.801][INFO]: Done waiting for pending navigations. Status: ok
[1552249024.806][INFO]: Waiting for pending navigations...
[1552249024.807][INFO]: Done waiting for pending navigations. Status: ok
[1552249024.807][INFO]: [f47d6a4eae717dca3b37f13d62a1ce30] RESPONSE FindElement {
   "ELEMENT": "0.2798807550158353-11"
}
[1552249024.808][INFO]: [f47d6a4eae717dca3b37f13d62a1ce30] COMMAND GetElementAttribute {
   "id": "0.2798807550158353-11",
   "name": "href"
}
[1552249024.808][INFO]: Waiting for pending navigations...
[1552249024.809][INFO]: Done waiting for pending navigations. Status: ok
[1552249024.812][INFO]: Waiting for pending navigations...
[1552249024.812][INFO]: Done waiting for pending navigations. Status: ok
[1552249024.812][INFO]: [f47d6a4eae717dca3b37f13d62a1ce30] RESPONSE GetElementAttribute "http://localhost:3000/steps/3"
[1552249024.814][INFO]: [f47d6a4eae717dca3b37f13d62a1ce30] COMMAND Screenshot {

}
[1552249024.814][INFO]: Waiting for pending navigations...
[1552249024.814][INFO]: Done waiting for pending navigations. Status: ok
[1552249025.103][INFO]: Waiting for pending navigations...
[1552249025.104][INFO]: Done waiting for pending navigations. Status: ok
[1552249025.104][INFO]: [f47d6a4eae717dca3b37f13d62a1ce30] RESPONSE Screenshot "iVBORw0KGgoAAAANSUhEUgAAB4AAAANRCAYAAAACj6FfAAAgAElEQVR4nOzdfVTU9533/9cMIzBORoabICCgiEpG4g3UUCWxRshmU11j1f5SV9Nmc3C73eBuflWzp6d6XbvXtdrNr5Xk9Kp67a8/ubrZrW7araYmq8lmAy6xVUst3hBCvEUFAREcEHG4GYbfH9zNI..."
[1552249025.130][INFO]: [f47d6a4eae717dca3b37f13d62a1ce30] COMMAND FindElement {
   "using": "id",
   "value": "step-4-link"
}
[1552249025.130][INFO]: Waiting for pending navigations...
[1552249025.131][INFO]: Done waiting for pending navigations. Status: ok
[1552249025.140][INFO]: Waiting for pending navigations...
[1552249025.141][INFO]: Done waiting for pending navigations. Status: ok
[1552249025.141][INFO]: [f47d6a4eae717dca3b37f13d62a1ce30] RESPONSE FindElement {
   "ELEMENT": "0.2798807550158353-12"
}
[1552249025.143][INFO]: [f47d6a4eae717dca3b37f13d62a1ce30] COMMAND IsElementDisplayed {
   "id": "0.2798807550158353-12"
}
[1552249025.143][INFO]: Waiting for pending navigations...
[1552249025.143][INFO]: Done waiting for pending navigations. Status: ok
[1552249025.154][INFO]: Waiting for pending navigations...
[1552249025.155][INFO]: Done waiting for pending navigations. Status: ok
[1552249025.155][INFO]: [f47d6a4eae717dca3b37f13d62a1ce30] RESPONSE IsElementDisplayed true
[1552249025.156][INFO]: [f47d6a4eae717dca3b37f13d62a1ce30] COMMAND Screenshot {

}
[1552249025.156][INFO]: Waiting for pending navigations...
[1552249025.158][INFO]: Done waiting for pending navigations. Status: ok
[1552249025.467][INFO]: Waiting for pending navigations...
[1552249025.468][INFO]: Done waiting for pending navigations. Status: ok
[1552249025.468][INFO]: [f47d6a4eae717dca3b37f13d62a1ce30] RESPONSE Screenshot "iVBORw0KGgoAAAANSUhEUgAAB4AAAANRCAYAAAACj6FfAAAgAElEQVR4nOzdfVTU9533/9cMIzBORoabICCgiEpG4g3UUCWxRshmU11j1f5SV9Nmc3C73eBuflWzp6d6XbvXtdrNr5Xk9Kp67a8/ubrZrW7araYmq8lmAy6xVUst3hBCvEUFAREcEHG4GYbfH9zNI..."
[1552249025.490][INFO]: [f47d6a4eae717dca3b37f13d62a1ce30] COMMAND FindElement {
   "using": "id",
   "value": "step-4-link"
}
[1552249025.490][INFO]: Waiting for pending navigations...
[1552249025.491][INFO]: Done waiting for pending navigations. Status: ok
[1552249025.498][INFO]: Waiting for pending navigations...
[1552249025.499][INFO]: Done waiting for pending navigations. Status: ok
[1552249025.499][INFO]: [f47d6a4eae717dca3b37f13d62a1ce30] RESPONSE FindElement {
   "ELEMENT": "0.2798807550158353-12"
}
[1552249025.500][INFO]: [f47d6a4eae717dca3b37f13d62a1ce30] COMMAND GetElementText {
   "id": "0.2798807550158353-12"
}
[1552249025.500][INFO]: Waiting for pending navigations...
[1552249025.501][INFO]: Done waiting for pending navigations. Status: ok
[1552249025.513][INFO]: Waiting for pending navigations...
[1552249025.514][INFO]: Done waiting for pending navigations. Status: ok
[1552249025.514][INFO]: [f47d6a4eae717dca3b37f13d62a1ce30] RESPONSE GetElementText "Cuarto paso: Comunicación y capacitación en la cadena de suministro"
[1552249025.517][INFO]: [f47d6a4eae717dca3b37f13d62a1ce30] COMMAND FindElement {
   "using": "id",
   "value": "step-4-link"
}
[1552249025.517][INFO]: Waiting for pending navigations...
[1552249025.518][INFO]: Done waiting for pending navigations. Status: ok
[1552249025.524][INFO]: Waiting for pending navigations...
[1552249025.525][INFO]: Done waiting for pending navigations. Status: ok
[1552249025.525][INFO]: [f47d6a4eae717dca3b37f13d62a1ce30] RESPONSE FindElement {
   "ELEMENT": "0.2798807550158353-12"
}
[1552249025.526][INFO]: [f47d6a4eae717dca3b37f13d62a1ce30] COMMAND GetElementAttribute {
   "id": "0.2798807550158353-12",
   "name": "href"
}
[1552249025.526][INFO]: Waiting for pending navigations...
[1552249025.527][INFO]: Done waiting for pending navigations. Status: ok
[1552249025.530][INFO]: Waiting for pending navigations...
[1552249025.530][INFO]: Done waiting for pending navigations. Status: ok
[1552249025.530][INFO]: [f47d6a4eae717dca3b37f13d62a1ce30] RESPONSE GetElementAttribute "http://localhost:3000/steps/4"
[1552249025.533][INFO]: [f47d6a4eae717dca3b37f13d62a1ce30] COMMAND Screenshot {

}
[1552249025.533][INFO]: Waiting for pending navigations...
[1552249025.534][INFO]: Done waiting for pending navigations. Status: ok
[1552249025.871][INFO]: Waiting for pending navigations...
[1552249025.872][INFO]: Done waiting for pending navigations. Status: ok
[1552249025.872][INFO]: [f47d6a4eae717dca3b37f13d62a1ce30] RESPONSE Screenshot "iVBORw0KGgoAAAANSUhEUgAAB4AAAANRCAYAAAACj6FfAAAgAElEQVR4nOzdfVTU9533/9cMIzBORoabICCgiEpG4g3UUCWxRshmU11j1f5SV9Nmc3C73eBuflWzp6d6XbvXtdrNr5Xk9Kp67a8/ubrZrW7araYmq8lmAy6xVUst3hBCvEUFAREcEHG4GYbfH9zNI..."
[1552249025.887][INFO]: [f47d6a4eae717dca3b37f13d62a1ce30] COMMAND FindElement {
   "using": "id",
   "value": "step-5-link"
}
[1552249025.887][INFO]: Waiting for pending navigations...
[1552249025.888][INFO]: Done waiting for pending navigations. Status: ok
[1552249025.898][INFO]: Waiting for pending navigations...
[1552249025.899][INFO]: Done waiting for pending navigations. Status: ok
[1552249025.899][INFO]: [f47d6a4eae717dca3b37f13d62a1ce30] RESPONSE FindElement {
   "ELEMENT": "0.2798807550158353-13"
}
[1552249025.900][INFO]: [f47d6a4eae717dca3b37f13d62a1ce30] COMMAND IsElementDisplayed {
   "id": "0.2798807550158353-13"
}
[1552249025.900][INFO]: Waiting for pending navigations...
[1552249025.901][INFO]: Done waiting for pending navigations. Status: ok
[1552249025.911][INFO]: Waiting for pending navigations...
[1552249025.912][INFO]: Done waiting for pending navigations. Status: ok
[1552249025.912][INFO]: [f47d6a4eae717dca3b37f13d62a1ce30] RESPONSE IsElementDisplayed true
[1552249025.914][INFO]: [f47d6a4eae717dca3b37f13d62a1ce30] COMMAND Screenshot {

}
[1552249025.914][INFO]: Waiting for pending navigations...
[1552249025.914][INFO]: Done waiting for pending navigations. Status: ok
[1552249026.271][INFO]: Waiting for pending navigations...
[1552249026.272][INFO]: Done waiting for pending navigations. Status: ok
[1552249026.272][INFO]: [f47d6a4eae717dca3b37f13d62a1ce30] RESPONSE Screenshot "iVBORw0KGgoAAAANSUhEUgAAB4AAAANRCAYAAAACj6FfAAAgAElEQVR4nOzdfVTU9533/9cMIzBORoabICCgiEpG4g3UUCWxRshmU11j1f5SV9Nmc3C73eBuflWzp6d6XbvXtdrNr5Xk9Kp67a8/ubrZrW7araYmq8lmAy6xVUst3hBCvEUFAREcEHG4GYbfH9zNI..."
[1552249026.287][INFO]: [f47d6a4eae717dca3b37f13d62a1ce30] COMMAND FindElement {
   "using": "id",
   "value": "step-5-link"
}
[1552249026.287][INFO]: Waiting for pending navigations...
[1552249026.288][INFO]: Done waiting for pending navigations. Status: ok
[1552249026.292][INFO]: Waiting for pending navigations...
[1552249026.293][INFO]: Done waiting for pending navigations. Status: ok
[1552249026.293][INFO]: [f47d6a4eae717dca3b37f13d62a1ce30] RESPONSE FindElement {
   "ELEMENT": "0.2798807550158353-13"
}
[1552249026.294][INFO]: [f47d6a4eae717dca3b37f13d62a1ce30] COMMAND GetElementText {
   "id": "0.2798807550158353-13"
}
[1552249026.294][INFO]: Waiting for pending navigations...
[1552249026.295][INFO]: Done waiting for pending navigations. Status: ok
[1552249026.308][INFO]: Waiting for pending navigations...
[1552249026.308][INFO]: Done waiting for pending navigations. Status: ok
[1552249026.308][INFO]: [f47d6a4eae717dca3b37f13d62a1ce30] RESPONSE GetElementText "Quinto paso: Vigilancia y seguimiento del cumplimiento"
[1552249026.311][INFO]: [f47d6a4eae717dca3b37f13d62a1ce30] COMMAND FindElement {
   "using": "id",
   "value": "step-5-link"
}
[1552249026.311][INFO]: Waiting for pending navigations...
[1552249026.312][INFO]: Done waiting for pending navigations. Status: ok
[1552249026.317][INFO]: Waiting for pending navigations...
[1552249026.318][INFO]: Done waiting for pending navigations. Status: ok
[1552249026.318][INFO]: [f47d6a4eae717dca3b37f13d62a1ce30] RESPONSE FindElement {
   "ELEMENT": "0.2798807550158353-13"
}
[1552249026.319][INFO]: [f47d6a4eae717dca3b37f13d62a1ce30] COMMAND GetElementAttribute {
   "id": "0.2798807550158353-13",
   "name": "href"
}
[1552249026.319][INFO]: Waiting for pending navigations...
[1552249026.320][INFO]: Done waiting for pending navigations. Status: ok
[1552249026.322][INFO]: Waiting for pending navigations...
[1552249026.323][INFO]: Done waiting for pending navigations. Status: ok
[1552249026.323][INFO]: [f47d6a4eae717dca3b37f13d62a1ce30] RESPONSE GetElementAttribute "http://localhost:3000/steps/5"
[1552249026.324][INFO]: [f47d6a4eae717dca3b37f13d62a1ce30] COMMAND Screenshot {

}
[1552249026.324][INFO]: Waiting for pending navigations...
[1552249026.324][INFO]: Done waiting for pending navigations. Status: ok
[1552249026.652][INFO]: Waiting for pending navigations...
[1552249026.658][INFO]: Done waiting for pending navigations. Status: ok
[1552249026.658][INFO]: [f47d6a4eae717dca3b37f13d62a1ce30] RESPONSE Screenshot "iVBORw0KGgoAAAANSUhEUgAAB4AAAANRCAYAAAACj6FfAAAgAElEQVR4nOzdfVTU9533/9cMIzBORoabICCgiEpG4g3UUCWxRshmU11j1f5SV9Nmc3C73eBuflWzp6d6XbvXtdrNr5Xk9Kp67a8/ubrZrW7araYmq8lmAy6xVUst3hBCvEUFAREcEHG4GYbfH9zNI..."
[1552249026.675][INFO]: [f47d6a4eae717dca3b37f13d62a1ce30] COMMAND FindElement {
   "using": "id",
   "value": "step-6-link"
}
[1552249026.675][INFO]: Waiting for pending navigations...
[1552249026.676][INFO]: Done waiting for pending navigations. Status: ok
[1552249026.685][INFO]: Waiting for pending navigations...
[1552249026.685][INFO]: Done waiting for pending navigations. Status: ok
[1552249026.685][INFO]: [f47d6a4eae717dca3b37f13d62a1ce30] RESPONSE FindElement {
   "ELEMENT": "0.2798807550158353-14"
}
[1552249026.687][INFO]: [f47d6a4eae717dca3b37f13d62a1ce30] COMMAND IsElementDisplayed {
   "id": "0.2798807550158353-14"
}
[1552249026.687][INFO]: Waiting for pending navigations...
[1552249026.688][INFO]: Done waiting for pending navigations. Status: ok
[1552249026.700][INFO]: Waiting for pending navigations...
[1552249026.701][INFO]: Done waiting for pending navigations. Status: ok
[1552249026.701][INFO]: [f47d6a4eae717dca3b37f13d62a1ce30] RESPONSE IsElementDisplayed true
[1552249026.702][INFO]: [f47d6a4eae717dca3b37f13d62a1ce30] COMMAND Screenshot {

}
[1552249026.702][INFO]: Waiting for pending navigations...
[1552249026.703][INFO]: Done waiting for pending navigations. Status: ok
[1552249027.035][INFO]: Waiting for pending navigations...
[1552249027.036][INFO]: Done waiting for pending navigations. Status: ok
[1552249027.036][INFO]: [f47d6a4eae717dca3b37f13d62a1ce30] RESPONSE Screenshot "iVBORw0KGgoAAAANSUhEUgAAB4AAAANRCAYAAAACj6FfAAAgAElEQVR4nOzdfVTU9533/9cMIzBORoabICCgiEpG4g3UUCWxRshmU11j1f5SV9Nmc3C73eBuflWzp6d6XbvXtdrNr5Xk9Kp67a8/ubrZrW7araYmq8lmAy6xVUst3hBCvEUFAREcEHG4GYbfH9zNI..."
[1552249027.066][INFO]: [f47d6a4eae717dca3b37f13d62a1ce30] COMMAND FindElement {
   "using": "id",
   "value": "step-6-link"
}
[1552249027.066][INFO]: Waiting for pending navigations...
[1552249027.067][INFO]: Done waiting for pending navigations. Status: ok
[1552249027.072][INFO]: Waiting for pending navigations...
[1552249027.073][INFO]: Done waiting for pending navigations. Status: ok
[1552249027.073][INFO]: [f47d6a4eae717dca3b37f13d62a1ce30] RESPONSE FindElement {
   "ELEMENT": "0.2798807550158353-14"
}
[1552249027.074][INFO]: [f47d6a4eae717dca3b37f13d62a1ce30] COMMAND GetElementText {
   "id": "0.2798807550158353-14"
}
[1552249027.074][INFO]: Waiting for pending navigations...
[1552249027.075][INFO]: Done waiting for pending navigations. Status: ok
[1552249027.087][INFO]: Waiting for pending navigations...
[1552249027.088][INFO]: Done waiting for pending navigations. Status: ok
[1552249027.088][INFO]: [f47d6a4eae717dca3b37f13d62a1ce30] RESPONSE GetElementText "Sexto paso: Remediación de infracciones"
[1552249027.094][INFO]: [f47d6a4eae717dca3b37f13d62a1ce30] COMMAND Screenshot {

}
[1552249027.094][INFO]: Waiting for pending navigations...
[1552249027.095][INFO]: Done waiting for pending navigations. Status: ok
[1552249027.429][INFO]: Waiting for pending navigations...
[1552249027.430][INFO]: Done waiting for pending navigations. Status: ok
[1552249027.430][INFO]: [f47d6a4eae717dca3b37f13d62a1ce30] RESPONSE Screenshot "iVBORw0KGgoAAAANSUhEUgAAB4AAAANRCAYAAAACj6FfAAAgAElEQVR4nOzdfVTU9533/9cMIzBORoabICCgiEpG4g3UUCWxRshmU11j1f5SV9Nmc3C73eBuflWzp6d6XbvXtdrNr5Xk9Kp67a8/ubrZrW7araYmq8lmAy6xVUst3hBCvEUFAREcEHG4GYbfH9zNI..."
[1552249027.448][INFO]: [f47d6a4eae717dca3b37f13d62a1ce30] COMMAND Quit {

}
[1552249027.496][INFO]: [f47d6a4eae717dca3b37f13d62a1ce30] RESPONSE Quit
