[1552401408.990][INFO]: Starting ChromeDriver 73.0.3683.68 (47787ec04b6e38e22703e856e101e840b65afe72)
[1552401408.990][INFO]: Please protect ports used by ChromeDriver and related test frameworks to prevent access by malicious code.
[1552401409.495][INFO]: [fc86a24b77b12fa52d265199caef364e] COMMAND InitSession {
   "capabilities": {
      "firstMatch": [ {
         "browserName": "chrome",
         "goog:chromeOptions": {
            "args": [ "chrome.switches", "--disable-extensions", "chrome.switches", "test-type", "chrome.switches", "start-maximized", "chrome.switches", "no-sandbox" ],
            "extensions": [  ],
            "useAutomationExtension": false
         }
      } ]
   },
   "desiredCapabilities": {
      "browserName": "chrome",
      "goog:chromeOptions": {
         "args": [ "chrome.switches", "--disable-extensions", "chrome.switches", "test-type", "chrome.switches", "start-maximized", "chrome.switches", "no-sandbox" ],
         "extensions": [  ],
         "useAutomationExtension": false
      }
   }
}
[1552401409.507][INFO]: Populating Preferences file: {
   "alternate_error_pages": {
      "enabled": false
   },
   "autofill": {
      "enabled": false
   },
   "browser": {
      "check_default_browser": false
   },
   "distribution": {
      "import_bookmarks": false,
      "import_history": false,
      "import_search_engine": false,
      "make_chrome_default_for_user": false,
      "skip_first_run_ui": true
   },
   "dns_prefetching": {
      "enabled": false
   },
   "profile": {
      "content_settings": {
         "pattern_pairs": {
            "https://*,*": {
               "media-stream": {
                  "audio": "Default",
                  "video": "Default"
               }
            }
         }
      },
      "default_content_setting_values": {
         "geolocation": 1
      },
      "default_content_settings": {
         "geolocation": 1,
         "mouselock": 1,
         "notifications": 1,
         "popups": 1,
         "ppapi-broker": 1
      },
      "password_manager_enabled": false
   },
   "safebrowsing": {
      "enabled": false
   },
   "search": {
      "suggest_enabled": false
   },
   "translate": {
      "enabled": false
   }
}
[1552401409.512][INFO]: Populating Local State file: {
   "background_mode": {
      "enabled": false
   },
   "ssl": {
      "rev_checking": {
         "enabled": false
      }
   }
}
[1552401409.519][INFO]: Launching chrome: "C:\Program Files (x86)\Google\Chrome\Application\chrome.exe" --chrome.switches --disable-background-networking --disable-client-side-phishing-detection --disable-default-apps --disable-extensions --disable-hang-monitor --disable-popup-blocking --disable-prompt-on-repost --disable-sync --disable-web-resources --enable-automation --enable-blink-features=ShadowDOMV0 --enable-logging --force-fieldtrials=SiteIsolationExtensions/Control --ignore-certificate-errors --log-level=0 --metrics-recording-only --no-first-run --no-sandbox --password-store=basic --remote-debugging-port=0 --start-maximized --test-type --use-mock-keychain --user-data-dir="C:\Users\KAVITH~1\AppData\Local\Temp\scoped_dir8036_17350" data:,
[1552401410.255][INFO]: resolved localhost to ["::1","127.0.0.1"]
[1552401411.291][INFO]: [fc86a24b77b12fa52d265199caef364e] RESPONSE InitSession {
   "acceptInsecureCerts": false,
   "acceptSslCerts": false,
   "applicationCacheEnabled": false,
   "browserConnectionEnabled": false,
   "browserName": "chrome",
   "chrome": {
      "chromedriverVersion": "73.0.3683.68 (47787ec04b6e38e22703e856e101e840b65afe72)",
      "userDataDir": "C:\\Users\\KAVITH~1\\AppData\\Local\\Temp\\scoped_dir8036_17350"
   },
   "cssSelectorsEnabled": true,
   "databaseEnabled": false,
   "goog:chromeOptions": {
      "debuggerAddress": "localhost:65054"
   },
   "handlesAlerts": true,
   "hasTouchScreen": false,
   "javascriptEnabled": true,
   "locationContextEnabled": true,
   "mobileEmulationEnabled": false,
   "nativeEvents": true,
   "networkConnectionEnabled": false,
   "pageLoadStrategy": "normal",
   "platform": "Windows NT",
   "proxy": {

   },
   "~~~": "..."
}
[1552401411.306][INFO]: [fc86a24b77b12fa52d265199caef364e] COMMAND MaximizeWindow {
   "handle": "current",
   "windowHandle": "current"
}
[1552401411.306][INFO]: Waiting for pending navigations...
[1552401411.333][INFO]: Done waiting for pending navigations. Status: ok
[1552401411.335][INFO]: resolved localhost to ["::1","127.0.0.1"]
[1552401412.338][INFO]: Waiting for pending navigations...
[1552401412.338][INFO]: Done waiting for pending navigations. Status: ok
[1552401412.339][INFO]: [fc86a24b77b12fa52d265199caef364e] RESPONSE MaximizeWindow {
   "height": 696,
   "width": 1296,
   "x": -8,
   "y": -8
}
[1552401412.342][INFO]: [fc86a24b77b12fa52d265199caef364e] COMMAND SetTimeouts {
   "ms": 30000,
   "type": "implicit"
}
[1552401412.342][INFO]: [fc86a24b77b12fa52d265199caef364e] RESPONSE SetTimeouts
[1552401412.344][INFO]: [fc86a24b77b12fa52d265199caef364e] COMMAND SetTimeouts {
   "ms": 60000,
   "type": "page load"
}
[1552401412.344][INFO]: [fc86a24b77b12fa52d265199caef364e] RESPONSE SetTimeouts
[1552401412.347][INFO]: [fc86a24b77b12fa52d265199caef364e] COMMAND Navigate {
   "url": "http://localhost:3000/"
}
[1552401412.347][INFO]: Waiting for pending navigations...
[1552401412.347][INFO]: Done waiting for pending navigations. Status: ok
[1552401412.690][INFO]: Waiting for pending navigations...
[1552401413.559][INFO]: Done waiting for pending navigations. Status: ok
[1552401413.559][INFO]: [fc86a24b77b12fa52d265199caef364e] RESPONSE Navigate
[1552401413.565][INFO]: [fc86a24b77b12fa52d265199caef364e] COMMAND FindElement {
   "using": "id",
   "value": "brand-logo"
}
[1552401413.566][INFO]: Waiting for pending navigations...
[1552401413.566][INFO]: Done waiting for pending navigations. Status: ok
[1552401413.581][INFO]: Waiting for pending navigations...
[1552401413.583][INFO]: Done waiting for pending navigations. Status: ok
[1552401413.583][INFO]: [fc86a24b77b12fa52d265199caef364e] RESPONSE FindElement {
   "ELEMENT": "0.6921884099549247-1"
}
[1552401413.585][INFO]: [fc86a24b77b12fa52d265199caef364e] COMMAND IsElementDisplayed {
   "id": "0.6921884099549247-1"
}
[1552401413.585][INFO]: Waiting for pending navigations...
[1552401413.586][INFO]: Done waiting for pending navigations. Status: ok
[1552401413.600][INFO]: Waiting for pending navigations...
[1552401413.600][INFO]: Done waiting for pending navigations. Status: ok
[1552401413.600][INFO]: [fc86a24b77b12fa52d265199caef364e] RESPONSE IsElementDisplayed true
[1552401413.602][INFO]: [fc86a24b77b12fa52d265199caef364e] COMMAND Screenshot {

}
[1552401413.602][INFO]: Waiting for pending navigations...
[1552401413.605][INFO]: Done waiting for pending navigations. Status: ok
[1552401413.907][INFO]: Waiting for pending navigations...
[1552401413.908][INFO]: Done waiting for pending navigations. Status: ok
[1552401413.908][INFO]: [fc86a24b77b12fa52d265199caef364e] RESPONSE Screenshot "iVBORw0KGgoAAAANSUhEUgAAB4AAAANRCAYAAAACj6FfAAAgAElEQVR4nOzde5RX9WHv/c9vBuYCjgyI3LyOlygoKhgNEE0iahqxJhGa9BSibaonreJJnxNI1mk16Xmq9Omj0KynlaSnlaYnHkjTFNIkFdumYtVUrFowoo4adVBQBuUyXGdgbs8fAgIzYMCRy/b1W..."
[1552401413.917][INFO]: [fc86a24b77b12fa52d265199caef364e] COMMAND FindElement {
   "using": "id",
   "value": "brand-name"
}
[1552401413.917][INFO]: Waiting for pending navigations...
[1552401413.918][INFO]: Done waiting for pending navigations. Status: ok
[1552401413.926][INFO]: Waiting for pending navigations...
[1552401413.927][INFO]: Done waiting for pending navigations. Status: ok
[1552401413.927][INFO]: [fc86a24b77b12fa52d265199caef364e] RESPONSE FindElement {
   "ELEMENT": "0.6921884099549247-2"
}
[1552401413.928][INFO]: [fc86a24b77b12fa52d265199caef364e] COMMAND IsElementDisplayed {
   "id": "0.6921884099549247-2"
}
[1552401413.928][INFO]: Waiting for pending navigations...
[1552401413.929][INFO]: Done waiting for pending navigations. Status: ok
[1552401413.937][INFO]: Waiting for pending navigations...
[1552401413.938][INFO]: Done waiting for pending navigations. Status: ok
[1552401413.938][INFO]: [fc86a24b77b12fa52d265199caef364e] RESPONSE IsElementDisplayed true
[1552401413.939][INFO]: [fc86a24b77b12fa52d265199caef364e] COMMAND Screenshot {

}
[1552401413.939][INFO]: Waiting for pending navigations...
[1552401413.940][INFO]: Done waiting for pending navigations. Status: ok
[1552401414.217][INFO]: Waiting for pending navigations...
[1552401414.218][INFO]: Done waiting for pending navigations. Status: ok
[1552401414.218][INFO]: [fc86a24b77b12fa52d265199caef364e] RESPONSE Screenshot "iVBORw0KGgoAAAANSUhEUgAAB4AAAANRCAYAAAACj6FfAAAgAElEQVR4nOzde5RX9WHv/c9vBuYCjgyI3LyOlygoKhgNEE0iahqxJhGa9BSibaonreJJnxNI1mk16Xmq9Omj0KynlaSnlaYnHkjTFNIkFdumYtVUrFowoo4adVBQBuUyXGdgbs8fAgIzYMCRy/b1W..."
[1552401414.227][INFO]: [fc86a24b77b12fa52d265199caef364e] COMMAND FindElement {
   "using": "id",
   "value": "menu-btn"
}
[1552401414.227][INFO]: Waiting for pending navigations...
[1552401414.228][INFO]: Done waiting for pending navigations. Status: ok
[1552401414.235][INFO]: Waiting for pending navigations...
[1552401414.236][INFO]: Done waiting for pending navigations. Status: ok
[1552401414.236][INFO]: [fc86a24b77b12fa52d265199caef364e] RESPONSE FindElement {
   "ELEMENT": "0.6921884099549247-3"
}
[1552401414.237][INFO]: [fc86a24b77b12fa52d265199caef364e] COMMAND IsElementDisplayed {
   "id": "0.6921884099549247-3"
}
[1552401414.237][INFO]: Waiting for pending navigations...
[1552401414.238][INFO]: Done waiting for pending navigations. Status: ok
[1552401414.246][INFO]: Waiting for pending navigations...
[1552401414.246][INFO]: Done waiting for pending navigations. Status: ok
[1552401414.246][INFO]: [fc86a24b77b12fa52d265199caef364e] RESPONSE IsElementDisplayed true
[1552401414.248][INFO]: [fc86a24b77b12fa52d265199caef364e] COMMAND Screenshot {

}
[1552401414.248][INFO]: Waiting for pending navigations...
[1552401414.248][INFO]: Done waiting for pending navigations. Status: ok
[1552401414.543][INFO]: Waiting for pending navigations...
[1552401414.544][INFO]: Done waiting for pending navigations. Status: ok
[1552401414.544][INFO]: [fc86a24b77b12fa52d265199caef364e] RESPONSE Screenshot "iVBORw0KGgoAAAANSUhEUgAAB4AAAANRCAYAAAACj6FfAAAgAElEQVR4nOzde5RX9WHv/c9vBuYCjgyI3LyOlygoKhgNEE0iahqxJhGa9BSibaonreJJnxNI1mk16Xmq9Omj0KynlaSnlaYnHkjTFNIkFdumYtVUrFowoo4adVBQBuUyXGdgbs8fAgIzYMCRy/b1W..."
[1552401414.553][INFO]: [fc86a24b77b12fa52d265199caef364e] COMMAND FindElement {
   "using": "id",
   "value": "menu-btn"
}
[1552401414.553][INFO]: Waiting for pending navigations...
[1552401414.554][INFO]: Done waiting for pending navigations. Status: ok
[1552401414.558][INFO]: Waiting for pending navigations...
[1552401414.559][INFO]: Done waiting for pending navigations. Status: ok
[1552401414.559][INFO]: [fc86a24b77b12fa52d265199caef364e] RESPONSE FindElement {
   "ELEMENT": "0.6921884099549247-3"
}
[1552401414.566][INFO]: [fc86a24b77b12fa52d265199caef364e] COMMAND ClickElement {
   "id": "0.6921884099549247-3"
}
[1552401414.566][INFO]: Waiting for pending navigations...
[1552401414.566][INFO]: Done waiting for pending navigations. Status: ok
[1552401414.616][INFO]: Waiting for pending navigations...
[1552401414.616][INFO]: Done waiting for pending navigations. Status: ok
[1552401414.616][INFO]: [fc86a24b77b12fa52d265199caef364e] RESPONSE ClickElement
[1552401415.619][INFO]: [fc86a24b77b12fa52d265199caef364e] COMMAND FindElement {
   "using": "id",
   "value": "menu-btn"
}
[1552401415.619][INFO]: Waiting for pending navigations...
[1552401415.620][INFO]: Done waiting for pending navigations. Status: ok
[1552401415.624][INFO]: Waiting for pending navigations...
[1552401415.625][INFO]: Done waiting for pending navigations. Status: ok
[1552401415.625][INFO]: [fc86a24b77b12fa52d265199caef364e] RESPONSE FindElement {
   "ELEMENT": "0.6921884099549247-3"
}
[1552401415.626][INFO]: [fc86a24b77b12fa52d265199caef364e] COMMAND GetElementText {
   "id": "0.6921884099549247-3"
}
[1552401415.626][INFO]: Waiting for pending navigations...
[1552401415.627][INFO]: Done waiting for pending navigations. Status: ok
[1552401415.638][INFO]: Waiting for pending navigations...
[1552401415.639][INFO]: Done waiting for pending navigations. Status: ok
[1552401415.639][INFO]: [fc86a24b77b12fa52d265199caef364e] RESPONSE GetElementText "Close"
[1552401415.640][INFO]: [fc86a24b77b12fa52d265199caef364e] COMMAND Screenshot {

}
[1552401415.640][INFO]: Waiting for pending navigations...
[1552401415.641][INFO]: Done waiting for pending navigations. Status: ok
[1552401415.934][INFO]: Waiting for pending navigations...
[1552401415.935][INFO]: Done waiting for pending navigations. Status: ok
[1552401415.935][INFO]: [fc86a24b77b12fa52d265199caef364e] RESPONSE Screenshot "iVBORw0KGgoAAAANSUhEUgAAB4AAAANRCAYAAAACj6FfAAAgAElEQVR4nOzde3RU533v/8+MBknDeNDogpCEEAwI5EHmIhkrIJtgJNe1ocQGslwOOEl9RNvUkPrYImfld6Cn53cKqX8JclZPgJNfDmrqtvBz0oDruCZuGoExCVCFCgwWMiAQCIEuSIyEEKPLaPT7Q..."
[1552401415.947][INFO]: [fc86a24b77b12fa52d265199caef364e] COMMAND FindElement {
   "using": "id",
   "value": "what-are-link"
}
[1552401415.947][INFO]: Waiting for pending navigations...
[1552401415.948][INFO]: Done waiting for pending navigations. Status: ok
[1552401415.956][INFO]: Waiting for pending navigations...
[1552401415.957][INFO]: Done waiting for pending navigations. Status: ok
[1552401415.957][INFO]: [fc86a24b77b12fa52d265199caef364e] RESPONSE FindElement {
   "ELEMENT": "0.6921884099549247-4"
}
[1552401415.958][INFO]: [fc86a24b77b12fa52d265199caef364e] COMMAND IsElementDisplayed {
   "id": "0.6921884099549247-4"
}
[1552401415.958][INFO]: Waiting for pending navigations...
[1552401415.959][INFO]: Done waiting for pending navigations. Status: ok
[1552401415.966][INFO]: Waiting for pending navigations...
[1552401415.967][INFO]: Done waiting for pending navigations. Status: ok
[1552401415.967][INFO]: [fc86a24b77b12fa52d265199caef364e] RESPONSE IsElementDisplayed true
[1552401415.968][INFO]: [fc86a24b77b12fa52d265199caef364e] COMMAND Screenshot {

}
[1552401415.968][INFO]: Waiting for pending navigations...
[1552401415.969][INFO]: Done waiting for pending navigations. Status: ok
[1552401416.256][INFO]: Waiting for pending navigations...
[1552401416.257][INFO]: Done waiting for pending navigations. Status: ok
[1552401416.257][INFO]: [fc86a24b77b12fa52d265199caef364e] RESPONSE Screenshot "iVBORw0KGgoAAAANSUhEUgAAB4AAAANRCAYAAAACj6FfAAAgAElEQVR4nOzde3RU533v/8+MBknDeNDogpCEEAwI5EHmIhkrIJtgJNe1ocQGslwOOEl9RNvUkPrYImfld6Cn53cKqX8JclZPgJNfDmrqtvBz0oDruCZuGoExCVCFCgwWMiAQCIEuSIyEEKPLaPT7Q..."
[1552401416.277][INFO]: [fc86a24b77b12fa52d265199caef364e] COMMAND FindElement {
   "using": "id",
   "value": "what-are-link"
}
[1552401416.277][INFO]: Waiting for pending navigations...
[1552401416.278][INFO]: Done waiting for pending navigations. Status: ok
[1552401416.282][INFO]: Waiting for pending navigations...
[1552401416.283][INFO]: Done waiting for pending navigations. Status: ok
[1552401416.283][INFO]: [fc86a24b77b12fa52d265199caef364e] RESPONSE FindElement {
   "ELEMENT": "0.6921884099549247-4"
}
[1552401416.284][INFO]: [fc86a24b77b12fa52d265199caef364e] COMMAND GetElementText {
   "id": "0.6921884099549247-4"
}
[1552401416.284][INFO]: Waiting for pending navigations...
[1552401416.285][INFO]: Done waiting for pending navigations. Status: ok
[1552401416.294][INFO]: Waiting for pending navigations...
[1552401416.295][INFO]: Done waiting for pending navigations. Status: ok
[1552401416.295][INFO]: [fc86a24b77b12fa52d265199caef364e] RESPONSE GetElementText "What are Child Labor and Forced Labor?"
[1552401416.298][INFO]: [fc86a24b77b12fa52d265199caef364e] COMMAND FindElement {
   "using": "id",
   "value": "what-are-link"
}
[1552401416.298][INFO]: Waiting for pending navigations...
[1552401416.299][INFO]: Done waiting for pending navigations. Status: ok
[1552401416.303][INFO]: Waiting for pending navigations...
[1552401416.303][INFO]: Done waiting for pending navigations. Status: ok
[1552401416.303][INFO]: [fc86a24b77b12fa52d265199caef364e] RESPONSE FindElement {
   "ELEMENT": "0.6921884099549247-4"
}
[1552401416.305][INFO]: [fc86a24b77b12fa52d265199caef364e] COMMAND GetElementAttribute {
   "id": "0.6921884099549247-4",
   "name": "href"
}
[1552401416.305][INFO]: Waiting for pending navigations...
[1552401416.305][INFO]: Done waiting for pending navigations. Status: ok
[1552401416.309][INFO]: Waiting for pending navigations...
[1552401416.310][INFO]: Done waiting for pending navigations. Status: ok
[1552401416.310][INFO]: [fc86a24b77b12fa52d265199caef364e] RESPONSE GetElementAttribute "http://localhost:3000/what-are"
[1552401416.311][INFO]: [fc86a24b77b12fa52d265199caef364e] COMMAND Screenshot {

}
[1552401416.311][INFO]: Waiting for pending navigations...
[1552401416.312][INFO]: Done waiting for pending navigations. Status: ok
[1552401416.565][INFO]: Waiting for pending navigations...
[1552401416.566][INFO]: Done waiting for pending navigations. Status: ok
[1552401416.566][INFO]: [fc86a24b77b12fa52d265199caef364e] RESPONSE Screenshot "iVBORw0KGgoAAAANSUhEUgAAB4AAAANRCAYAAAACj6FfAAAgAElEQVR4nOzde3RU533v/8+MBknDeNDogpCEEAwI5EHmIhkrIJtgJNe1ocQGslwOOEl9RNvUkPrYImfld6Cn53cKqX8JclZPgJNfDmrqtvBz0oDruCZuGoExCVCFCgwWMiAQCIEuSIyEEKPLaPT7Q..."
[1552401416.577][INFO]: [fc86a24b77b12fa52d265199caef364e] COMMAND FindElement {
   "using": "id",
   "value": "why-develop-link"
}
[1552401416.577][INFO]: Waiting for pending navigations...
[1552401416.578][INFO]: Done waiting for pending navigations. Status: ok
[1552401416.586][INFO]: Waiting for pending navigations...
[1552401416.586][INFO]: Done waiting for pending navigations. Status: ok
[1552401416.586][INFO]: [fc86a24b77b12fa52d265199caef364e] RESPONSE FindElement {
   "ELEMENT": "0.6921884099549247-5"
}
[1552401416.588][INFO]: [fc86a24b77b12fa52d265199caef364e] COMMAND IsElementDisplayed {
   "id": "0.6921884099549247-5"
}
[1552401416.588][INFO]: Waiting for pending navigations...
[1552401416.589][INFO]: Done waiting for pending navigations. Status: ok
[1552401416.596][INFO]: Waiting for pending navigations...
[1552401416.597][INFO]: Done waiting for pending navigations. Status: ok
[1552401416.597][INFO]: [fc86a24b77b12fa52d265199caef364e] RESPONSE IsElementDisplayed true
[1552401416.598][INFO]: [fc86a24b77b12fa52d265199caef364e] COMMAND Screenshot {

}
[1552401416.598][INFO]: Waiting for pending navigations...
[1552401416.598][INFO]: Done waiting for pending navigations. Status: ok
[1552401416.923][INFO]: Waiting for pending navigations...
[1552401416.924][INFO]: Done waiting for pending navigations. Status: ok
[1552401416.924][INFO]: [fc86a24b77b12fa52d265199caef364e] RESPONSE Screenshot "iVBORw0KGgoAAAANSUhEUgAAB4AAAANRCAYAAAACj6FfAAAgAElEQVR4nOzde3RU533v/8+MBknDeNDogpCEEAwI5EHmIhkrIJtgJNe1ocQGslwOOEl9RNvUkPrYImfld6Cn53cKqX8JclZPgJNfDmrqtvBz0oDruCZuGoExCVCFCgwWMiAQCIEuSIyEEKPLaPT7Q..."
[1552401416.934][INFO]: [fc86a24b77b12fa52d265199caef364e] COMMAND FindElement {
   "using": "id",
   "value": "why-develop-link"
}
[1552401416.934][INFO]: Waiting for pending navigations...
[1552401416.934][INFO]: Done waiting for pending navigations. Status: ok
[1552401416.938][INFO]: Waiting for pending navigations...
[1552401416.939][INFO]: Done waiting for pending navigations. Status: ok
[1552401416.939][INFO]: [fc86a24b77b12fa52d265199caef364e] RESPONSE FindElement {
   "ELEMENT": "0.6921884099549247-5"
}
[1552401416.940][INFO]: [fc86a24b77b12fa52d265199caef364e] COMMAND GetElementText {
   "id": "0.6921884099549247-5"
}
[1552401416.940][INFO]: Waiting for pending navigations...
[1552401416.941][INFO]: Done waiting for pending navigations. Status: ok
[1552401416.950][INFO]: Waiting for pending navigations...
[1552401416.952][INFO]: Done waiting for pending navigations. Status: ok
[1552401416.952][INFO]: [fc86a24b77b12fa52d265199caef364e] RESPONSE GetElementText "Why Develop a Social Compliance System?"
[1552401416.955][INFO]: [fc86a24b77b12fa52d265199caef364e] COMMAND FindElement {
   "using": "id",
   "value": "why-develop-link"
}
[1552401416.955][INFO]: Waiting for pending navigations...
[1552401416.956][INFO]: Done waiting for pending navigations. Status: ok
[1552401416.960][INFO]: Waiting for pending navigations...
[1552401416.960][INFO]: Done waiting for pending navigations. Status: ok
[1552401416.960][INFO]: [fc86a24b77b12fa52d265199caef364e] RESPONSE FindElement {
   "ELEMENT": "0.6921884099549247-5"
}
[1552401416.962][INFO]: [fc86a24b77b12fa52d265199caef364e] COMMAND GetElementAttribute {
   "id": "0.6921884099549247-5",
   "name": "href"
}
[1552401416.962][INFO]: Waiting for pending navigations...
[1552401416.962][INFO]: Done waiting for pending navigations. Status: ok
[1552401416.965][INFO]: Waiting for pending navigations...
[1552401416.965][INFO]: Done waiting for pending navigations. Status: ok
[1552401416.965][INFO]: [fc86a24b77b12fa52d265199caef364e] RESPONSE GetElementAttribute "http://localhost:3000/why-develop"
[1552401416.967][INFO]: [fc86a24b77b12fa52d265199caef364e] COMMAND Screenshot {

}
[1552401416.967][INFO]: Waiting for pending navigations...
[1552401416.967][INFO]: Done waiting for pending navigations. Status: ok
[1552401417.288][INFO]: Waiting for pending navigations...
[1552401417.289][INFO]: Done waiting for pending navigations. Status: ok
[1552401417.289][INFO]: [fc86a24b77b12fa52d265199caef364e] RESPONSE Screenshot "iVBORw0KGgoAAAANSUhEUgAAB4AAAANRCAYAAAACj6FfAAAgAElEQVR4nOzde3RU533v/8+MBknDeNDogpCEEAwI5EHmIhkrIJtgJNe1ocQGslwOOEl9RNvUkPrYImfld6Cn53cKqX8JclZPgJNfDmrqtvBz0oDruCZuGoExCVCFCgwWMiAQCIEuSIyEEKPLaPT7Q..."
[1552401417.305][INFO]: [fc86a24b77b12fa52d265199caef364e] COMMAND FindElement {
   "using": "id",
   "value": "basics-link"
}
[1552401417.305][INFO]: Waiting for pending navigations...
[1552401417.306][INFO]: Done waiting for pending navigations. Status: ok
[1552401417.313][INFO]: Waiting for pending navigations...
[1552401417.314][INFO]: Done waiting for pending navigations. Status: ok
[1552401417.314][INFO]: [fc86a24b77b12fa52d265199caef364e] RESPONSE FindElement {
   "ELEMENT": "0.6921884099549247-6"
}
[1552401417.315][INFO]: [fc86a24b77b12fa52d265199caef364e] COMMAND IsElementDisplayed {
   "id": "0.6921884099549247-6"
}
[1552401417.315][INFO]: Waiting for pending navigations...
[1552401417.316][INFO]: Done waiting for pending navigations. Status: ok
[1552401417.324][INFO]: Waiting for pending navigations...
[1552401417.325][INFO]: Done waiting for pending navigations. Status: ok
[1552401417.325][INFO]: [fc86a24b77b12fa52d265199caef364e] RESPONSE IsElementDisplayed true
[1552401417.327][INFO]: [fc86a24b77b12fa52d265199caef364e] COMMAND Screenshot {

}
[1552401417.327][INFO]: Waiting for pending navigations...
[1552401417.328][INFO]: Done waiting for pending navigations. Status: ok
[1552401417.623][INFO]: Waiting for pending navigations...
[1552401417.624][INFO]: Done waiting for pending navigations. Status: ok
[1552401417.624][INFO]: [fc86a24b77b12fa52d265199caef364e] RESPONSE Screenshot "iVBORw0KGgoAAAANSUhEUgAAB4AAAANRCAYAAAACj6FfAAAgAElEQVR4nOzde3RU533v/8+MBknDeNDogpCEEAwI5EHmIhkrIJtgJNe1ocQGslwOOEl9RNvUkPrYImfld6Cn53cKqX8JclZPgJNfDmrqtvBz0oDruCZuGoExCVCFCgwWMiAQCIEuSIyEEKPLaPT7Q..."
[1552401417.639][INFO]: [fc86a24b77b12fa52d265199caef364e] COMMAND FindElement {
   "using": "id",
   "value": "basics-link"
}
[1552401417.639][INFO]: Waiting for pending navigations...
[1552401417.641][INFO]: Done waiting for pending navigations. Status: ok
[1552401417.644][INFO]: Waiting for pending navigations...
[1552401417.645][INFO]: Done waiting for pending navigations. Status: ok
[1552401417.645][INFO]: [fc86a24b77b12fa52d265199caef364e] RESPONSE FindElement {
   "ELEMENT": "0.6921884099549247-6"
}
[1552401417.650][INFO]: [fc86a24b77b12fa52d265199caef364e] COMMAND GetElementText {
   "id": "0.6921884099549247-6"
}
[1552401417.650][INFO]: Waiting for pending navigations...
[1552401417.650][INFO]: Done waiting for pending navigations. Status: ok
[1552401417.660][INFO]: Waiting for pending navigations...
[1552401417.661][INFO]: Done waiting for pending navigations. Status: ok
[1552401417.661][INFO]: [fc86a24b77b12fa52d265199caef364e] RESPONSE GetElementText "Basics of a Social Compliance System"
[1552401417.664][INFO]: [fc86a24b77b12fa52d265199caef364e] COMMAND FindElement {
   "using": "id",
   "value": "basics-link"
}
[1552401417.664][INFO]: Waiting for pending navigations...
[1552401417.665][INFO]: Done waiting for pending navigations. Status: ok
[1552401417.669][INFO]: Waiting for pending navigations...
[1552401417.670][INFO]: Done waiting for pending navigations. Status: ok
[1552401417.670][INFO]: [fc86a24b77b12fa52d265199caef364e] RESPONSE FindElement {
   "ELEMENT": "0.6921884099549247-6"
}
[1552401417.671][INFO]: [fc86a24b77b12fa52d265199caef364e] COMMAND GetElementAttribute {
   "id": "0.6921884099549247-6",
   "name": "href"
}
[1552401417.671][INFO]: Waiting for pending navigations...
[1552401417.672][INFO]: Done waiting for pending navigations. Status: ok
[1552401417.674][INFO]: Waiting for pending navigations...
[1552401417.675][INFO]: Done waiting for pending navigations. Status: ok
[1552401417.675][INFO]: [fc86a24b77b12fa52d265199caef364e] RESPONSE GetElementAttribute "http://localhost:3000/basics"
[1552401417.676][INFO]: [fc86a24b77b12fa52d265199caef364e] COMMAND Screenshot {

}
[1552401417.676][INFO]: Waiting for pending navigations...
[1552401417.676][INFO]: Done waiting for pending navigations. Status: ok
[1552401417.974][INFO]: Waiting for pending navigations...
[1552401417.975][INFO]: Done waiting for pending navigations. Status: ok
[1552401417.975][INFO]: [fc86a24b77b12fa52d265199caef364e] RESPONSE Screenshot "iVBORw0KGgoAAAANSUhEUgAAB4AAAANRCAYAAAACj6FfAAAgAElEQVR4nOzde3RU533v/8+MBknDeNDogpCEEAwI5EHmIhkrIJtgJNe1ocQGslwOOEl9RNvUkPrYImfld6Cn53cKqX8JclZPgJNfDmrqtvBz0oDruCZuGoExCVCFCgwWMiAQCIEuSIyEEKPLaPT7Q..."
[1552401417.989][INFO]: [fc86a24b77b12fa52d265199caef364e] COMMAND FindElement {
   "using": "id",
   "value": "steps-dropdown"
}
[1552401417.989][INFO]: Waiting for pending navigations...
[1552401417.990][INFO]: Done waiting for pending navigations. Status: ok
[1552401417.997][INFO]: Waiting for pending navigations...
[1552401417.998][INFO]: Done waiting for pending navigations. Status: ok
[1552401417.998][INFO]: [fc86a24b77b12fa52d265199caef364e] RESPONSE FindElement {
   "ELEMENT": "0.6921884099549247-7"
}
[1552401418.000][INFO]: [fc86a24b77b12fa52d265199caef364e] COMMAND IsElementDisplayed {
   "id": "0.6921884099549247-7"
}
[1552401418.000][INFO]: Waiting for pending navigations...
[1552401418.000][INFO]: Done waiting for pending navigations. Status: ok
[1552401418.008][INFO]: Waiting for pending navigations...
[1552401418.009][INFO]: Done waiting for pending navigations. Status: ok
[1552401418.009][INFO]: [fc86a24b77b12fa52d265199caef364e] RESPONSE IsElementDisplayed true
[1552401418.010][INFO]: [fc86a24b77b12fa52d265199caef364e] COMMAND Screenshot {

}
[1552401418.010][INFO]: Waiting for pending navigations...
[1552401418.011][INFO]: Done waiting for pending navigations. Status: ok
[1552401418.339][INFO]: Waiting for pending navigations...
[1552401418.340][INFO]: Done waiting for pending navigations. Status: ok
[1552401418.340][INFO]: [fc86a24b77b12fa52d265199caef364e] RESPONSE Screenshot "iVBORw0KGgoAAAANSUhEUgAAB4AAAANRCAYAAAACj6FfAAAgAElEQVR4nOzde3RU533v/8+MBknDeNDogpCEEAwI5EHmIhkrIJtgJNe1ocQGslwOOEl9RNvUkPrYImfld6Cn53cKqX8JclZPgJNfDmrqtvBz0oDruCZuGoExCVCFCgwWMiAQCIEuSIyEEKPLaPT7Q..."
[1552401418.351][INFO]: [fc86a24b77b12fa52d265199caef364e] COMMAND FindElement {
   "using": "id",
   "value": "steps-dropdown"
}
[1552401418.351][INFO]: Waiting for pending navigations...
[1552401418.352][INFO]: Done waiting for pending navigations. Status: ok
[1552401418.356][INFO]: Waiting for pending navigations...
[1552401418.357][INFO]: Done waiting for pending navigations. Status: ok
[1552401418.357][INFO]: [fc86a24b77b12fa52d265199caef364e] RESPONSE FindElement {
   "ELEMENT": "0.6921884099549247-7"
}
[1552401418.358][INFO]: [fc86a24b77b12fa52d265199caef364e] COMMAND GetElementText {
   "id": "0.6921884099549247-7"
}
[1552401418.358][INFO]: Waiting for pending navigations...
[1552401418.359][INFO]: Done waiting for pending navigations. Status: ok
[1552401418.369][INFO]: Waiting for pending navigations...
[1552401418.370][INFO]: Done waiting for pending navigations. Status: ok
[1552401418.370][INFO]: [fc86a24b77b12fa52d265199caef364e] RESPONSE GetElementText "Steps to a social compliance system"
[1552401418.371][INFO]: [fc86a24b77b12fa52d265199caef364e] COMMAND Screenshot {

}
[1552401418.371][INFO]: Waiting for pending navigations...
[1552401418.372][INFO]: Done waiting for pending navigations. Status: ok
[1552401418.672][INFO]: Waiting for pending navigations...
[1552401418.674][INFO]: Done waiting for pending navigations. Status: ok
[1552401418.674][INFO]: [fc86a24b77b12fa52d265199caef364e] RESPONSE Screenshot "iVBORw0KGgoAAAANSUhEUgAAB4AAAANRCAYAAAACj6FfAAAgAElEQVR4nOzde3RU533v/8+MBknDeNDogpCEEAwI5EHmIhkrIJtgJNe1ocQGslwOOEl9RNvUkPrYImfld6Cn53cKqX8JclZPgJNfDmrqtvBz0oDruCZuGoExCVCFCgwWMiAQCIEuSIyEEKPLaPT7Q..."
[1552401418.689][INFO]: [fc86a24b77b12fa52d265199caef364e] COMMAND FindElement {
   "using": "id",
   "value": "en-btn"
}
[1552401418.689][INFO]: Waiting for pending navigations...
[1552401418.690][INFO]: Done waiting for pending navigations. Status: ok
[1552401418.697][INFO]: Waiting for pending navigations...
[1552401418.698][INFO]: Done waiting for pending navigations. Status: ok
[1552401418.698][INFO]: [fc86a24b77b12fa52d265199caef364e] RESPONSE FindElement {
   "ELEMENT": "0.6921884099549247-8"
}
[1552401418.699][INFO]: [fc86a24b77b12fa52d265199caef364e] COMMAND IsElementDisplayed {
   "id": "0.6921884099549247-8"
}
[1552401418.699][INFO]: Waiting for pending navigations...
[1552401418.700][INFO]: Done waiting for pending navigations. Status: ok
[1552401418.708][INFO]: Waiting for pending navigations...
[1552401418.709][INFO]: Done waiting for pending navigations. Status: ok
[1552401418.709][INFO]: [fc86a24b77b12fa52d265199caef364e] RESPONSE IsElementDisplayed true
[1552401418.712][INFO]: [fc86a24b77b12fa52d265199caef364e] COMMAND FindElement {
   "using": "id",
   "value": "en-btn"
}
[1552401418.712][INFO]: Waiting for pending navigations...
[1552401418.713][INFO]: Done waiting for pending navigations. Status: ok
[1552401418.716][INFO]: Waiting for pending navigations...
[1552401418.717][INFO]: Done waiting for pending navigations. Status: ok
[1552401418.717][INFO]: [fc86a24b77b12fa52d265199caef364e] RESPONSE FindElement {
   "ELEMENT": "0.6921884099549247-8"
}
[1552401418.719][INFO]: [fc86a24b77b12fa52d265199caef364e] COMMAND GetElementText {
   "id": "0.6921884099549247-8"
}
[1552401418.719][INFO]: Waiting for pending navigations...
[1552401418.720][INFO]: Done waiting for pending navigations. Status: ok
[1552401418.738][INFO]: Waiting for pending navigations...
[1552401418.740][INFO]: Done waiting for pending navigations. Status: ok
[1552401418.740][INFO]: [fc86a24b77b12fa52d265199caef364e] RESPONSE GetElementText "English"
[1552401418.742][INFO]: [fc86a24b77b12fa52d265199caef364e] COMMAND Screenshot {

}
[1552401418.742][INFO]: Waiting for pending navigations...
[1552401418.743][INFO]: Done waiting for pending navigations. Status: ok
[1552401419.056][INFO]: Waiting for pending navigations...
[1552401419.057][INFO]: Done waiting for pending navigations. Status: ok
[1552401419.057][INFO]: [fc86a24b77b12fa52d265199caef364e] RESPONSE Screenshot "iVBORw0KGgoAAAANSUhEUgAAB4AAAANRCAYAAAACj6FfAAAgAElEQVR4nOzde3RU533v/8+MBknDeNDogpCEEAwI5EHmIhkrIJtgJNe1ocQGslwOOEl9RNvUkPrYImfld6Cn53cKqX8JclZPgJNfDmrqtvBz0oDruCZuGoExCVCFCgwWMiAQCIEuSIyEEKPLaPT7Q..."
[1552401419.072][INFO]: [fc86a24b77b12fa52d265199caef364e] COMMAND FindElement {
   "using": "id",
   "value": "es-btn"
}
[1552401419.072][INFO]: Waiting for pending navigations...
[1552401419.073][INFO]: Done waiting for pending navigations. Status: ok
[1552401419.080][INFO]: Waiting for pending navigations...
[1552401419.081][INFO]: Done waiting for pending navigations. Status: ok
[1552401419.081][INFO]: [fc86a24b77b12fa52d265199caef364e] RESPONSE FindElement {
   "ELEMENT": "0.6921884099549247-9"
}
[1552401419.083][INFO]: [fc86a24b77b12fa52d265199caef364e] COMMAND IsElementDisplayed {
   "id": "0.6921884099549247-9"
}
[1552401419.083][INFO]: Waiting for pending navigations...
[1552401419.084][INFO]: Done waiting for pending navigations. Status: ok
[1552401419.103][INFO]: Waiting for pending navigations...
[1552401419.104][INFO]: Done waiting for pending navigations. Status: ok
[1552401419.105][INFO]: [fc86a24b77b12fa52d265199caef364e] RESPONSE IsElementDisplayed true
[1552401419.108][INFO]: [fc86a24b77b12fa52d265199caef364e] COMMAND FindElement {
   "using": "id",
   "value": "es-btn"
}
[1552401419.108][INFO]: Waiting for pending navigations...
[1552401419.110][INFO]: Done waiting for pending navigations. Status: ok
[1552401419.120][INFO]: Waiting for pending navigations...
[1552401419.121][INFO]: Done waiting for pending navigations. Status: ok
[1552401419.121][INFO]: [fc86a24b77b12fa52d265199caef364e] RESPONSE FindElement {
   "ELEMENT": "0.6921884099549247-9"
}
[1552401419.124][INFO]: [fc86a24b77b12fa52d265199caef364e] COMMAND GetElementText {
   "id": "0.6921884099549247-9"
}
[1552401419.124][INFO]: Waiting for pending navigations...
[1552401419.125][INFO]: Done waiting for pending navigations. Status: ok
[1552401419.149][INFO]: Waiting for pending navigations...
[1552401419.151][INFO]: Done waiting for pending navigations. Status: ok
[1552401419.151][INFO]: [fc86a24b77b12fa52d265199caef364e] RESPONSE GetElementText "Español"
[1552401419.154][INFO]: [fc86a24b77b12fa52d265199caef364e] COMMAND Screenshot {

}
[1552401419.154][INFO]: Waiting for pending navigations...
[1552401419.155][INFO]: Done waiting for pending navigations. Status: ok
[1552401419.479][INFO]: Waiting for pending navigations...
[1552401419.480][INFO]: Done waiting for pending navigations. Status: ok
[1552401419.480][INFO]: [fc86a24b77b12fa52d265199caef364e] RESPONSE Screenshot "iVBORw0KGgoAAAANSUhEUgAAB4AAAANRCAYAAAACj6FfAAAgAElEQVR4nOzde3RU533v/8+MBknDeNDogpCEEAwI5EHmIhkrIJtgJNe1ocQGslwOOEl9RNvUkPrYImfld6Cn53cKqX8JclZPgJNfDmrqtvBz0oDruCZuGoExCVCFCgwWMiAQCIEuSIyEEKPLaPT7Q..."
[1552401419.491][INFO]: [fc86a24b77b12fa52d265199caef364e] COMMAND FindElement {
   "using": "id",
   "value": "fr-btn"
}
[1552401419.491][INFO]: Waiting for pending navigations...
[1552401419.492][INFO]: Done waiting for pending navigations. Status: ok
[1552401419.499][INFO]: Waiting for pending navigations...
[1552401419.500][INFO]: Done waiting for pending navigations. Status: ok
[1552401419.500][INFO]: [fc86a24b77b12fa52d265199caef364e] RESPONSE FindElement {
   "ELEMENT": "0.6921884099549247-10"
}
[1552401419.501][INFO]: [fc86a24b77b12fa52d265199caef364e] COMMAND IsElementDisplayed {
   "id": "0.6921884099549247-10"
}
[1552401419.501][INFO]: Waiting for pending navigations...
[1552401419.502][INFO]: Done waiting for pending navigations. Status: ok
[1552401419.510][INFO]: Waiting for pending navigations...
[1552401419.511][INFO]: Done waiting for pending navigations. Status: ok
[1552401419.511][INFO]: [fc86a24b77b12fa52d265199caef364e] RESPONSE IsElementDisplayed true
[1552401419.514][INFO]: [fc86a24b77b12fa52d265199caef364e] COMMAND FindElement {
   "using": "id",
   "value": "fr-btn"
}
[1552401419.514][INFO]: Waiting for pending navigations...
[1552401419.515][INFO]: Done waiting for pending navigations. Status: ok
[1552401419.519][INFO]: Waiting for pending navigations...
[1552401419.519][INFO]: Done waiting for pending navigations. Status: ok
[1552401419.519][INFO]: [fc86a24b77b12fa52d265199caef364e] RESPONSE FindElement {
   "ELEMENT": "0.6921884099549247-10"
}
[1552401419.520][INFO]: [fc86a24b77b12fa52d265199caef364e] COMMAND GetElementText {
   "id": "0.6921884099549247-10"
}
[1552401419.520][INFO]: Waiting for pending navigations...
[1552401419.521][INFO]: Done waiting for pending navigations. Status: ok
[1552401419.530][INFO]: Waiting for pending navigations...
[1552401419.531][INFO]: Done waiting for pending navigations. Status: ok
[1552401419.531][INFO]: [fc86a24b77b12fa52d265199caef364e] RESPONSE GetElementText "Français"
[1552401419.533][INFO]: [fc86a24b77b12fa52d265199caef364e] COMMAND Screenshot {

}
[1552401419.533][INFO]: Waiting for pending navigations...
[1552401419.534][INFO]: Done waiting for pending navigations. Status: ok
[1552401419.872][INFO]: Waiting for pending navigations...
[1552401419.873][INFO]: Done waiting for pending navigations. Status: ok
[1552401419.873][INFO]: [fc86a24b77b12fa52d265199caef364e] RESPONSE Screenshot "iVBORw0KGgoAAAANSUhEUgAAB4AAAANRCAYAAAACj6FfAAAgAElEQVR4nOzde3RU533v/8+MBknDeNDogpCEEAwI5EHmIhkrIJtgJNe1ocQGslwOOEl9RNvUkPrYImfld6Cn53cKqX8JclZPgJNfDmrqtvBz0oDruCZuGoExCVCFCgwWMiAQCIEuSIyEEKPLaPT7Q..."
[1552401419.887][INFO]: [fc86a24b77b12fa52d265199caef364e] COMMAND FindElement {
   "using": "id",
   "value": "menu-btn"
}
[1552401419.887][INFO]: Waiting for pending navigations...
[1552401419.888][INFO]: Done waiting for pending navigations. Status: ok
[1552401419.892][INFO]: Waiting for pending navigations...
[1552401419.893][INFO]: Done waiting for pending navigations. Status: ok
[1552401419.893][INFO]: [fc86a24b77b12fa52d265199caef364e] RESPONSE FindElement {
   "ELEMENT": "0.6921884099549247-3"
}
[1552401419.894][INFO]: [fc86a24b77b12fa52d265199caef364e] COMMAND IsElementDisplayed {
   "id": "0.6921884099549247-3"
}
[1552401419.894][INFO]: Waiting for pending navigations...
[1552401419.894][INFO]: Done waiting for pending navigations. Status: ok
[1552401419.898][INFO]: Waiting for pending navigations...
[1552401419.899][INFO]: Done waiting for pending navigations. Status: ok
[1552401419.899][INFO]: [fc86a24b77b12fa52d265199caef364e] RESPONSE IsElementDisplayed true
[1552401419.902][INFO]: [fc86a24b77b12fa52d265199caef364e] COMMAND FindElement {
   "using": "id",
   "value": "menu-btn"
}
[1552401419.902][INFO]: Waiting for pending navigations...
[1552401419.903][INFO]: Done waiting for pending navigations. Status: ok
[1552401419.906][INFO]: Waiting for pending navigations...
[1552401419.907][INFO]: Done waiting for pending navigations. Status: ok
[1552401419.907][INFO]: [fc86a24b77b12fa52d265199caef364e] RESPONSE FindElement {
   "ELEMENT": "0.6921884099549247-3"
}
[1552401419.910][INFO]: [fc86a24b77b12fa52d265199caef364e] COMMAND ClickElement {
   "id": "0.6921884099549247-3"
}
[1552401419.910][INFO]: Waiting for pending navigations...
[1552401419.910][INFO]: Done waiting for pending navigations. Status: ok
[1552401419.982][INFO]: Waiting for pending navigations...
[1552401419.984][INFO]: Done waiting for pending navigations. Status: ok
[1552401419.984][INFO]: [fc86a24b77b12fa52d265199caef364e] RESPONSE ClickElement
[1552401419.991][INFO]: [fc86a24b77b12fa52d265199caef364e] COMMAND FindElement {
   "using": "id",
   "value": "menu-btn"
}
[1552401419.991][INFO]: Waiting for pending navigations...
[1552401419.993][INFO]: Done waiting for pending navigations. Status: ok
[1552401420.010][INFO]: Waiting for pending navigations...
[1552401420.012][INFO]: Done waiting for pending navigations. Status: ok
[1552401420.012][INFO]: [fc86a24b77b12fa52d265199caef364e] RESPONSE FindElement {
   "ELEMENT": "0.6921884099549247-3"
}
[1552401420.015][INFO]: [fc86a24b77b12fa52d265199caef364e] COMMAND GetElementText {
   "id": "0.6921884099549247-3"
}
[1552401420.015][INFO]: Waiting for pending navigations...
[1552401420.016][INFO]: Done waiting for pending navigations. Status: ok
[1552401420.024][INFO]: Waiting for pending navigations...
[1552401420.026][INFO]: Done waiting for pending navigations. Status: ok
[1552401420.026][INFO]: [fc86a24b77b12fa52d265199caef364e] RESPONSE GetElementText "Menu"
[1552401420.027][INFO]: [fc86a24b77b12fa52d265199caef364e] COMMAND Screenshot {

}
[1552401420.027][INFO]: Waiting for pending navigations...
[1552401420.028][INFO]: Done waiting for pending navigations. Status: ok
[1552401420.369][INFO]: Waiting for pending navigations...
[1552401420.370][INFO]: Done waiting for pending navigations. Status: ok
[1552401420.370][INFO]: [fc86a24b77b12fa52d265199caef364e] RESPONSE Screenshot "iVBORw0KGgoAAAANSUhEUgAAB4AAAANRCAYAAAACj6FfAAAgAElEQVR4nOzde5SX9WHv+89vGObCdUDkpqLjJQqKAkYDRJOImkasJkKT7kK0TXSnVdzpSaBZu9Vk51Tp6THQrtNK0tNK0h0PpGkKaUzFtokYNRWrKRBvqFEHBWVAhOE+MLfzBxe5DChkcODx9VqLt..."
[1552401420.378][INFO]: [fc86a24b77b12fa52d265199caef364e] COMMAND Quit {

}
[1552401420.423][INFO]: [fc86a24b77b12fa52d265199caef364e] RESPONSE Quit
