[1552407473.049][INFO]: Starting ChromeDriver 73.0.3683.68 (47787ec04b6e38e22703e856e101e840b65afe72)
[1552407473.049][INFO]: Please protect ports used by ChromeDriver and related test frameworks to prevent access by malicious code.
[1552407473.531][INFO]: [d7d9a3b2705bd48daf667e49c0a3d332] COMMAND InitSession {
   "capabilities": {
      "firstMatch": [ {
         "browserName": "chrome",
         "goog:chromeOptions": {
            "args": [ "chrome.switches", "--disable-extensions", "chrome.switches", "test-type", "chrome.switches", "start-maximized", "chrome.switches", "no-sandbox" ],
            "extensions": [  ],
            "useAutomationExtension": false
         }
      } ]
   },
   "desiredCapabilities": {
      "browserName": "chrome",
      "goog:chromeOptions": {
         "args": [ "chrome.switches", "--disable-extensions", "chrome.switches", "test-type", "chrome.switches", "start-maximized", "chrome.switches", "no-sandbox" ],
         "extensions": [  ],
         "useAutomationExtension": false
      }
   }
}
[1552407473.542][INFO]: Populating Preferences file: {
   "alternate_error_pages": {
      "enabled": false
   },
   "autofill": {
      "enabled": false
   },
   "browser": {
      "check_default_browser": false
   },
   "distribution": {
      "import_bookmarks": false,
      "import_history": false,
      "import_search_engine": false,
      "make_chrome_default_for_user": false,
      "skip_first_run_ui": true
   },
   "dns_prefetching": {
      "enabled": false
   },
   "profile": {
      "content_settings": {
         "pattern_pairs": {
            "https://*,*": {
               "media-stream": {
                  "audio": "Default",
                  "video": "Default"
               }
            }
         }
      },
      "default_content_setting_values": {
         "geolocation": 1
      },
      "default_content_settings": {
         "geolocation": 1,
         "mouselock": 1,
         "notifications": 1,
         "popups": 1,
         "ppapi-broker": 1
      },
      "password_manager_enabled": false
   },
   "safebrowsing": {
      "enabled": false
   },
   "search": {
      "suggest_enabled": false
   },
   "translate": {
      "enabled": false
   }
}
[1552407473.545][INFO]: Populating Local State file: {
   "background_mode": {
      "enabled": false
   },
   "ssl": {
      "rev_checking": {
         "enabled": false
      }
   }
}
[1552407473.547][INFO]: Launching chrome: "C:\Program Files (x86)\Google\Chrome\Application\chrome.exe" --chrome.switches --disable-background-networking --disable-client-side-phishing-detection --disable-default-apps --disable-extensions --disable-hang-monitor --disable-popup-blocking --disable-prompt-on-repost --disable-sync --disable-web-resources --enable-automation --enable-blink-features=ShadowDOMV0 --enable-logging --force-fieldtrials=SiteIsolationExtensions/Control --ignore-certificate-errors --log-level=0 --metrics-recording-only --no-first-run --no-sandbox --password-store=basic --remote-debugging-port=0 --start-maximized --test-type --use-mock-keychain --user-data-dir="C:\Users\KAVITH~1\AppData\Local\Temp\scoped_dir20272_7033" data:,
[1552407474.046][INFO]: resolved localhost to ["::1","127.0.0.1"]
[1552407475.078][INFO]: [d7d9a3b2705bd48daf667e49c0a3d332] RESPONSE InitSession {
   "acceptInsecureCerts": false,
   "acceptSslCerts": false,
   "applicationCacheEnabled": false,
   "browserConnectionEnabled": false,
   "browserName": "chrome",
   "chrome": {
      "chromedriverVersion": "73.0.3683.68 (47787ec04b6e38e22703e856e101e840b65afe72)",
      "userDataDir": "C:\\Users\\KAVITH~1\\AppData\\Local\\Temp\\scoped_dir20272_7033"
   },
   "cssSelectorsEnabled": true,
   "databaseEnabled": false,
   "goog:chromeOptions": {
      "debuggerAddress": "localhost:49535"
   },
   "handlesAlerts": true,
   "hasTouchScreen": false,
   "javascriptEnabled": true,
   "locationContextEnabled": true,
   "mobileEmulationEnabled": false,
   "nativeEvents": true,
   "networkConnectionEnabled": false,
   "pageLoadStrategy": "normal",
   "platform": "Windows NT",
   "proxy": {

   },
   "~~~": "..."
}
[1552407475.080][INFO]: [d7d9a3b2705bd48daf667e49c0a3d332] COMMAND MaximizeWindow {
   "handle": "current",
   "windowHandle": "current"
}
[1552407475.080][INFO]: Waiting for pending navigations...
[1552407475.089][INFO]: Done waiting for pending navigations. Status: ok
[1552407475.089][INFO]: resolved localhost to ["::1","127.0.0.1"]
[1552407476.093][INFO]: Waiting for pending navigations...
[1552407476.094][INFO]: Done waiting for pending navigations. Status: ok
[1552407476.094][INFO]: [d7d9a3b2705bd48daf667e49c0a3d332] RESPONSE MaximizeWindow {
   "height": 696,
   "width": 1296,
   "x": -8,
   "y": -8
}
[1552407476.097][INFO]: [d7d9a3b2705bd48daf667e49c0a3d332] COMMAND SetTimeouts {
   "ms": 30000,
   "type": "implicit"
}
[1552407476.097][INFO]: [d7d9a3b2705bd48daf667e49c0a3d332] RESPONSE SetTimeouts
[1552407476.099][INFO]: [d7d9a3b2705bd48daf667e49c0a3d332] COMMAND SetTimeouts {
   "ms": 60000,
   "type": "page load"
}
[1552407476.099][INFO]: [d7d9a3b2705bd48daf667e49c0a3d332] RESPONSE SetTimeouts
[1552407476.101][INFO]: [d7d9a3b2705bd48daf667e49c0a3d332] COMMAND Navigate {
   "url": "http://54.81.86.222/DOL-COMP/"
}
[1552407476.101][INFO]: Waiting for pending navigations...
[1552407476.102][INFO]: Done waiting for pending navigations. Status: ok
[1552407476.179][INFO]: Waiting for pending navigations...
[1552407476.691][INFO]: Done waiting for pending navigations. Status: ok
[1552407476.691][INFO]: [d7d9a3b2705bd48daf667e49c0a3d332] RESPONSE Navigate
[1552407476.696][INFO]: [d7d9a3b2705bd48daf667e49c0a3d332] COMMAND FindElement {
   "using": "id",
   "value": "brand-logo"
}
[1552407476.696][INFO]: Waiting for pending navigations...
[1552407476.697][INFO]: Done waiting for pending navigations. Status: ok
[1552407476.707][INFO]: Waiting for pending navigations...
[1552407476.708][INFO]: Done waiting for pending navigations. Status: ok
[1552407476.708][INFO]: [d7d9a3b2705bd48daf667e49c0a3d332] RESPONSE FindElement {
   "ELEMENT": "0.8587592853872008-1"
}
[1552407476.709][INFO]: [d7d9a3b2705bd48daf667e49c0a3d332] COMMAND IsElementDisplayed {
   "id": "0.8587592853872008-1"
}
[1552407476.709][INFO]: Waiting for pending navigations...
[1552407476.710][INFO]: Done waiting for pending navigations. Status: ok
[1552407476.720][INFO]: Waiting for pending navigations...
[1552407476.720][INFO]: Done waiting for pending navigations. Status: ok
[1552407476.720][INFO]: [d7d9a3b2705bd48daf667e49c0a3d332] RESPONSE IsElementDisplayed true
[1552407476.721][INFO]: [d7d9a3b2705bd48daf667e49c0a3d332] COMMAND Screenshot {

}
[1552407476.721][INFO]: Waiting for pending navigations...
[1552407476.722][INFO]: Done waiting for pending navigations. Status: ok
[1552407477.045][INFO]: Waiting for pending navigations...
[1552407477.047][INFO]: Done waiting for pending navigations. Status: ok
[1552407477.047][INFO]: [d7d9a3b2705bd48daf667e49c0a3d332] RESPONSE Screenshot "iVBORw0KGgoAAAANSUhEUgAAB4AAAANRCAYAAAACj6FfAAAgAElEQVR4nOzdeZRX9X0//udnWGYAwQHZxWUQo4io4ArVRDHGqNFESEwD0TZqkyZYu4D+0kiTtgG/+RpI+muC+SaVpN9YaKMBG9NijBWXpEI0BSNRXBBQUAZB2WFYZub7B4vDLjBs18fjnDln7r3v5..."
[1552407477.067][INFO]: [d7d9a3b2705bd48daf667e49c0a3d332] COMMAND FindElement {
   "using": "id",
   "value": "brand-name"
}
[1552407477.067][INFO]: Waiting for pending navigations...
[1552407477.068][INFO]: Done waiting for pending navigations. Status: ok
[1552407477.077][INFO]: Waiting for pending navigations...
[1552407477.078][INFO]: Done waiting for pending navigations. Status: ok
[1552407477.078][INFO]: [d7d9a3b2705bd48daf667e49c0a3d332] RESPONSE FindElement {
   "ELEMENT": "0.8587592853872008-2"
}
[1552407477.079][INFO]: [d7d9a3b2705bd48daf667e49c0a3d332] COMMAND IsElementDisplayed {
   "id": "0.8587592853872008-2"
}
[1552407477.079][INFO]: Waiting for pending navigations...
[1552407477.080][INFO]: Done waiting for pending navigations. Status: ok
[1552407477.087][INFO]: Waiting for pending navigations...
[1552407477.088][INFO]: Done waiting for pending navigations. Status: ok
[1552407477.088][INFO]: [d7d9a3b2705bd48daf667e49c0a3d332] RESPONSE IsElementDisplayed true
[1552407477.089][INFO]: [d7d9a3b2705bd48daf667e49c0a3d332] COMMAND Screenshot {

}
[1552407477.089][INFO]: Waiting for pending navigations...
[1552407477.090][INFO]: Done waiting for pending navigations. Status: ok
[1552407477.377][INFO]: Waiting for pending navigations...
[1552407477.379][INFO]: Done waiting for pending navigations. Status: ok
[1552407477.379][INFO]: [d7d9a3b2705bd48daf667e49c0a3d332] RESPONSE Screenshot "iVBORw0KGgoAAAANSUhEUgAAB4AAAANRCAYAAAACj6FfAAAgAElEQVR4nOzdeZRX9X0//udnWGYAwQHZxWUQo4io4ArVRDHGqNFESEwD0TZqkyZYu4D+0kiTtgG/+RpI+muC+SaVpN9YaKMBG9NijBWXpEI0BSNRXBBQUAZB2WFYZub7B4vDLjBs18fjnDln7r3v5..."
[1552407477.394][INFO]: [d7d9a3b2705bd48daf667e49c0a3d332] COMMAND FindElement {
   "using": "id",
   "value": "menu-btn"
}
[1552407477.394][INFO]: Waiting for pending navigations...
[1552407477.395][INFO]: Done waiting for pending navigations. Status: ok
[1552407477.403][INFO]: Waiting for pending navigations...
[1552407477.404][INFO]: Done waiting for pending navigations. Status: ok
[1552407477.404][INFO]: [d7d9a3b2705bd48daf667e49c0a3d332] RESPONSE FindElement {
   "ELEMENT": "0.8587592853872008-3"
}
[1552407477.405][INFO]: [d7d9a3b2705bd48daf667e49c0a3d332] COMMAND IsElementDisplayed {
   "id": "0.8587592853872008-3"
}
[1552407477.405][INFO]: Waiting for pending navigations...
[1552407477.406][INFO]: Done waiting for pending navigations. Status: ok
[1552407477.413][INFO]: Waiting for pending navigations...
[1552407477.414][INFO]: Done waiting for pending navigations. Status: ok
[1552407477.414][INFO]: [d7d9a3b2705bd48daf667e49c0a3d332] RESPONSE IsElementDisplayed true
[1552407477.415][INFO]: [d7d9a3b2705bd48daf667e49c0a3d332] COMMAND Screenshot {

}
[1552407477.415][INFO]: Waiting for pending navigations...
[1552407477.416][INFO]: Done waiting for pending navigations. Status: ok
[1552407477.707][INFO]: Waiting for pending navigations...
[1552407477.708][INFO]: Done waiting for pending navigations. Status: ok
[1552407477.709][INFO]: [d7d9a3b2705bd48daf667e49c0a3d332] RESPONSE Screenshot "iVBORw0KGgoAAAANSUhEUgAAB4AAAANRCAYAAAACj6FfAAAgAElEQVR4nOzdeZRX9X0//udnWGYAwQHZxWUQo4io4ArVRDHGqNFESEwD0TZqkyZYu4D+0kiTtgG/+RpI+muC+SaVpN9YaKMBG9NijBWXpEI0BSNRXBBQUAZB2WFYZub7B4vDLjBs18fjnDln7r3v5..."
[1552407477.747][INFO]: [d7d9a3b2705bd48daf667e49c0a3d332] COMMAND FindElement {
   "using": "id",
   "value": "menu-btn"
}
[1552407477.747][INFO]: Waiting for pending navigations...
[1552407477.748][INFO]: Done waiting for pending navigations. Status: ok
[1552407477.752][INFO]: Waiting for pending navigations...
[1552407477.753][INFO]: Done waiting for pending navigations. Status: ok
[1552407477.753][INFO]: [d7d9a3b2705bd48daf667e49c0a3d332] RESPONSE FindElement {
   "ELEMENT": "0.8587592853872008-3"
}
[1552407477.763][INFO]: [d7d9a3b2705bd48daf667e49c0a3d332] COMMAND ClickElement {
   "id": "0.8587592853872008-3"
}
[1552407477.766][INFO]: Waiting for pending navigations...
[1552407477.767][INFO]: Done waiting for pending navigations. Status: ok
[1552407477.812][INFO]: Waiting for pending navigations...
[1552407477.813][INFO]: Done waiting for pending navigations. Status: ok
[1552407477.813][INFO]: [d7d9a3b2705bd48daf667e49c0a3d332] RESPONSE ClickElement
[1552407478.818][INFO]: [d7d9a3b2705bd48daf667e49c0a3d332] COMMAND FindElement {
   "using": "id",
   "value": "menu-btn"
}
[1552407478.818][INFO]: Waiting for pending navigations...
[1552407478.820][INFO]: Done waiting for pending navigations. Status: ok
[1552407478.835][INFO]: Waiting for pending navigations...
[1552407478.838][INFO]: Done waiting for pending navigations. Status: ok
[1552407478.838][INFO]: [d7d9a3b2705bd48daf667e49c0a3d332] RESPONSE FindElement {
   "ELEMENT": "0.8587592853872008-3"
}
[1552407478.841][INFO]: [d7d9a3b2705bd48daf667e49c0a3d332] COMMAND GetElementText {
   "id": "0.8587592853872008-3"
}
[1552407478.841][INFO]: Waiting for pending navigations...
[1552407478.844][INFO]: Done waiting for pending navigations. Status: ok
[1552407478.883][INFO]: Waiting for pending navigations...
[1552407478.886][INFO]: Done waiting for pending navigations. Status: ok
[1552407478.886][INFO]: [d7d9a3b2705bd48daf667e49c0a3d332] RESPONSE GetElementText "Close"
[1552407478.889][INFO]: [d7d9a3b2705bd48daf667e49c0a3d332] COMMAND Screenshot {

}
[1552407478.889][INFO]: Waiting for pending navigations...
[1552407478.892][INFO]: Done waiting for pending navigations. Status: ok
[1552407479.197][INFO]: Waiting for pending navigations...
[1552407479.198][INFO]: Done waiting for pending navigations. Status: ok
[1552407479.198][INFO]: [d7d9a3b2705bd48daf667e49c0a3d332] RESPONSE Screenshot "iVBORw0KGgoAAAANSUhEUgAAB4AAAANRCAYAAAACj6FfAAAgAElEQVR4nOzdfVRUd57v+09BCZSVkuJBBES0FENK4gPEppXENkImk+jYidor49F09+TizPSJ9uQm2Gf1PTpnzj2jPbnTkF5zWj19+8hkMjN60z3RTDoTO5NpNMaOOrSDRoMVFUUR5UGwQMTioSjuH..."
[1552407479.226][INFO]: [d7d9a3b2705bd48daf667e49c0a3d332] COMMAND FindElement {
   "using": "id",
   "value": "what-are-link"
}
[1552407479.226][INFO]: Waiting for pending navigations...
[1552407479.228][INFO]: Done waiting for pending navigations. Status: ok
[1552407479.246][INFO]: Waiting for pending navigations...
[1552407479.247][INFO]: Done waiting for pending navigations. Status: ok
[1552407479.247][INFO]: [d7d9a3b2705bd48daf667e49c0a3d332] RESPONSE FindElement {
   "ELEMENT": "0.8587592853872008-4"
}
[1552407479.249][INFO]: [d7d9a3b2705bd48daf667e49c0a3d332] COMMAND IsElementDisplayed {
   "id": "0.8587592853872008-4"
}
[1552407479.249][INFO]: Waiting for pending navigations...
[1552407479.251][INFO]: Done waiting for pending navigations. Status: ok
[1552407479.269][INFO]: Waiting for pending navigations...
[1552407479.271][INFO]: Done waiting for pending navigations. Status: ok
[1552407479.271][INFO]: [d7d9a3b2705bd48daf667e49c0a3d332] RESPONSE IsElementDisplayed true
[1552407479.273][INFO]: [d7d9a3b2705bd48daf667e49c0a3d332] COMMAND Screenshot {

}
[1552407479.273][INFO]: Waiting for pending navigations...
[1552407479.274][INFO]: Done waiting for pending navigations. Status: ok
[1552407479.604][INFO]: Waiting for pending navigations...
[1552407479.605][INFO]: Done waiting for pending navigations. Status: ok
[1552407479.605][INFO]: [d7d9a3b2705bd48daf667e49c0a3d332] RESPONSE Screenshot "iVBORw0KGgoAAAANSUhEUgAAB4AAAANRCAYAAAACj6FfAAAgAElEQVR4nOzdfVRUd57v+09BCZSVkuJBBES0FENK4gPEppXENkImk+jYidor49F09+TizPSJ9uQm2Gf1PTpnzj2jPbnTkF5zWj19+8hkMjN60z3RTDoTO5NpNMaOOrSDRoMVFUUR5UGwQMTioSjuH..."
[1552407479.615][INFO]: [d7d9a3b2705bd48daf667e49c0a3d332] COMMAND FindElement {
   "using": "id",
   "value": "what-are-link"
}
[1552407479.615][INFO]: Waiting for pending navigations...
[1552407479.616][INFO]: Done waiting for pending navigations. Status: ok
[1552407479.620][INFO]: Waiting for pending navigations...
[1552407479.620][INFO]: Done waiting for pending navigations. Status: ok
[1552407479.620][INFO]: [d7d9a3b2705bd48daf667e49c0a3d332] RESPONSE FindElement {
   "ELEMENT": "0.8587592853872008-4"
}
[1552407479.621][INFO]: [d7d9a3b2705bd48daf667e49c0a3d332] COMMAND GetElementText {
   "id": "0.8587592853872008-4"
}
[1552407479.621][INFO]: Waiting for pending navigations...
[1552407479.622][INFO]: Done waiting for pending navigations. Status: ok
[1552407479.631][INFO]: Waiting for pending navigations...
[1552407479.632][INFO]: Done waiting for pending navigations. Status: ok
[1552407479.632][INFO]: [d7d9a3b2705bd48daf667e49c0a3d332] RESPONSE GetElementText "What are Child Labor and Forced Labor?"
[1552407479.633][INFO]: [d7d9a3b2705bd48daf667e49c0a3d332] COMMAND FindElement {
   "using": "id",
   "value": "what-are-link"
}
[1552407479.633][INFO]: Waiting for pending navigations...
[1552407479.634][INFO]: Done waiting for pending navigations. Status: ok
[1552407479.638][INFO]: Waiting for pending navigations...
[1552407479.639][INFO]: Done waiting for pending navigations. Status: ok
[1552407479.639][INFO]: [d7d9a3b2705bd48daf667e49c0a3d332] RESPONSE FindElement {
   "ELEMENT": "0.8587592853872008-4"
}
[1552407479.640][INFO]: [d7d9a3b2705bd48daf667e49c0a3d332] COMMAND GetElementAttribute {
   "id": "0.8587592853872008-4",
   "name": "href"
}
[1552407479.640][INFO]: Waiting for pending navigations...
[1552407479.641][INFO]: Done waiting for pending navigations. Status: ok
[1552407479.643][INFO]: Waiting for pending navigations...
[1552407479.644][INFO]: Done waiting for pending navigations. Status: ok
[1552407479.644][INFO]: [d7d9a3b2705bd48daf667e49c0a3d332] RESPONSE GetElementAttribute "http://54.81.86.222/what-are"
[1552407479.645][INFO]: [d7d9a3b2705bd48daf667e49c0a3d332] COMMAND Screenshot {

}
[1552407479.645][INFO]: Waiting for pending navigations...
[1552407479.646][INFO]: Done waiting for pending navigations. Status: ok
[1552407479.989][INFO]: Waiting for pending navigations...
[1552407479.990][INFO]: Done waiting for pending navigations. Status: ok
[1552407479.990][INFO]: [d7d9a3b2705bd48daf667e49c0a3d332] RESPONSE Screenshot "iVBORw0KGgoAAAANSUhEUgAAB4AAAANRCAYAAAACj6FfAAAgAElEQVR4nOzdfVRUd57v+09BCZSVkuJBBES0FENK4gPEppXENkImk+jYidor49F09+TizPSJ9uQm2Gf1PTpnzj2jPbnTkF5zWj19+8hkMjN60z3RTDoTO5NpNMaOOrSDRoMVFUUR5UGwQMTioSjuH..."
[1552407480.005][INFO]: [d7d9a3b2705bd48daf667e49c0a3d332] COMMAND FindElement {
   "using": "id",
   "value": "why-develop-link"
}
[1552407480.006][INFO]: Waiting for pending navigations...
[1552407480.007][INFO]: Done waiting for pending navigations. Status: ok
[1552407480.014][INFO]: Waiting for pending navigations...
[1552407480.015][INFO]: Done waiting for pending navigations. Status: ok
[1552407480.015][INFO]: [d7d9a3b2705bd48daf667e49c0a3d332] RESPONSE FindElement {
   "ELEMENT": "0.8587592853872008-5"
}
[1552407480.016][INFO]: [d7d9a3b2705bd48daf667e49c0a3d332] COMMAND IsElementDisplayed {
   "id": "0.8587592853872008-5"
}
[1552407480.016][INFO]: Waiting for pending navigations...
[1552407480.017][INFO]: Done waiting for pending navigations. Status: ok
[1552407480.025][INFO]: Waiting for pending navigations...
[1552407480.026][INFO]: Done waiting for pending navigations. Status: ok
[1552407480.026][INFO]: [d7d9a3b2705bd48daf667e49c0a3d332] RESPONSE IsElementDisplayed true
[1552407480.026][INFO]: [d7d9a3b2705bd48daf667e49c0a3d332] COMMAND Screenshot {

}
[1552407480.027][INFO]: Waiting for pending navigations...
[1552407480.027][INFO]: Done waiting for pending navigations. Status: ok
[1552407480.329][INFO]: Waiting for pending navigations...
[1552407480.330][INFO]: Done waiting for pending navigations. Status: ok
[1552407480.330][INFO]: [d7d9a3b2705bd48daf667e49c0a3d332] RESPONSE Screenshot "iVBORw0KGgoAAAANSUhEUgAAB4AAAANRCAYAAAACj6FfAAAgAElEQVR4nOzdfVRUd57v+09BCZSVkuJBBES0FENK4gPEppXENkImk+jYidor49F09+TizPSJ9uQm2Gf1PTpnzj2jPbnTkF5zWj19+8hkMjN60z3RTDoTO5NpNMaOOrSDRoMVFUUR5UGwQMTioSjuH..."
[1552407480.341][INFO]: [d7d9a3b2705bd48daf667e49c0a3d332] COMMAND FindElement {
   "using": "id",
   "value": "why-develop-link"
}
[1552407480.341][INFO]: Waiting for pending navigations...
[1552407480.342][INFO]: Done waiting for pending navigations. Status: ok
[1552407480.346][INFO]: Waiting for pending navigations...
[1552407480.346][INFO]: Done waiting for pending navigations. Status: ok
[1552407480.346][INFO]: [d7d9a3b2705bd48daf667e49c0a3d332] RESPONSE FindElement {
   "ELEMENT": "0.8587592853872008-5"
}
[1552407480.347][INFO]: [d7d9a3b2705bd48daf667e49c0a3d332] COMMAND GetElementText {
   "id": "0.8587592853872008-5"
}
[1552407480.347][INFO]: Waiting for pending navigations...
[1552407480.348][INFO]: Done waiting for pending navigations. Status: ok
[1552407480.358][INFO]: Waiting for pending navigations...
[1552407480.359][INFO]: Done waiting for pending navigations. Status: ok
[1552407480.359][INFO]: [d7d9a3b2705bd48daf667e49c0a3d332] RESPONSE GetElementText "Why Develop a Social Compliance System?"
[1552407480.361][INFO]: [d7d9a3b2705bd48daf667e49c0a3d332] COMMAND FindElement {
   "using": "id",
   "value": "why-develop-link"
}
[1552407480.361][INFO]: Waiting for pending navigations...
[1552407480.362][INFO]: Done waiting for pending navigations. Status: ok
[1552407480.366][INFO]: Waiting for pending navigations...
[1552407480.367][INFO]: Done waiting for pending navigations. Status: ok
[1552407480.367][INFO]: [d7d9a3b2705bd48daf667e49c0a3d332] RESPONSE FindElement {
   "ELEMENT": "0.8587592853872008-5"
}
[1552407480.368][INFO]: [d7d9a3b2705bd48daf667e49c0a3d332] COMMAND GetElementAttribute {
   "id": "0.8587592853872008-5",
   "name": "href"
}
[1552407480.368][INFO]: Waiting for pending navigations...
[1552407480.369][INFO]: Done waiting for pending navigations. Status: ok
[1552407480.371][INFO]: Waiting for pending navigations...
[1552407480.372][INFO]: Done waiting for pending navigations. Status: ok
[1552407480.372][INFO]: [d7d9a3b2705bd48daf667e49c0a3d332] RESPONSE GetElementAttribute "http://54.81.86.222/why-develop"
[1552407480.373][INFO]: [d7d9a3b2705bd48daf667e49c0a3d332] COMMAND Screenshot {

}
[1552407480.373][INFO]: Waiting for pending navigations...
[1552407480.374][INFO]: Done waiting for pending navigations. Status: ok
[1552407480.711][INFO]: Waiting for pending navigations...
[1552407480.712][INFO]: Done waiting for pending navigations. Status: ok
[1552407480.712][INFO]: [d7d9a3b2705bd48daf667e49c0a3d332] RESPONSE Screenshot "iVBORw0KGgoAAAANSUhEUgAAB4AAAANRCAYAAAACj6FfAAAgAElEQVR4nOzdfVRUd57v+09BCZSVkuJBBES0FENK4gPEppXENkImk+jYidor49F09+TizPSJ9uQm2Gf1PTpnzj2jPbnTkF5zWj19+8hkMjN60z3RTDoTO5NpNMaOOrSDRoMVFUUR5UGwQMTioSjuH..."
[1552407480.728][INFO]: [d7d9a3b2705bd48daf667e49c0a3d332] COMMAND FindElement {
   "using": "id",
   "value": "basics-link"
}
[1552407480.728][INFO]: Waiting for pending navigations...
[1552407480.729][INFO]: Done waiting for pending navigations. Status: ok
[1552407480.741][INFO]: Waiting for pending navigations...
[1552407480.744][INFO]: Done waiting for pending navigations. Status: ok
[1552407480.744][INFO]: [d7d9a3b2705bd48daf667e49c0a3d332] RESPONSE FindElement {
   "ELEMENT": "0.8587592853872008-6"
}
[1552407480.747][INFO]: [d7d9a3b2705bd48daf667e49c0a3d332] COMMAND IsElementDisplayed {
   "id": "0.8587592853872008-6"
}
[1552407480.747][INFO]: Waiting for pending navigations...
[1552407480.749][INFO]: Done waiting for pending navigations. Status: ok
[1552407480.776][INFO]: Waiting for pending navigations...
[1552407480.778][INFO]: Done waiting for pending navigations. Status: ok
[1552407480.778][INFO]: [d7d9a3b2705bd48daf667e49c0a3d332] RESPONSE IsElementDisplayed true
[1552407480.780][INFO]: [d7d9a3b2705bd48daf667e49c0a3d332] COMMAND Screenshot {

}
[1552407480.780][INFO]: Waiting for pending navigations...
[1552407480.781][INFO]: Done waiting for pending navigations. Status: ok
[1552407481.106][INFO]: Waiting for pending navigations...
[1552407481.107][INFO]: Done waiting for pending navigations. Status: ok
[1552407481.107][INFO]: [d7d9a3b2705bd48daf667e49c0a3d332] RESPONSE Screenshot "iVBORw0KGgoAAAANSUhEUgAAB4AAAANRCAYAAAACj6FfAAAgAElEQVR4nOzdfVRUd57v+09BCZSVkuJBBES0FENK4gPEppXENkImk+jYidor49F09+TizPSJ9uQm2Gf1PTpnzj2jPbnTkF5zWj19+8hkMjN60z3RTDoTO5NpNMaOOrSDRoMVFUUR5UGwQMTioSjuH..."
[1552407481.116][INFO]: [d7d9a3b2705bd48daf667e49c0a3d332] COMMAND FindElement {
   "using": "id",
   "value": "basics-link"
}
[1552407481.116][INFO]: Waiting for pending navigations...
[1552407481.117][INFO]: Done waiting for pending navigations. Status: ok
[1552407481.121][INFO]: Waiting for pending navigations...
[1552407481.122][INFO]: Done waiting for pending navigations. Status: ok
[1552407481.122][INFO]: [d7d9a3b2705bd48daf667e49c0a3d332] RESPONSE FindElement {
   "ELEMENT": "0.8587592853872008-6"
}
[1552407481.123][INFO]: [d7d9a3b2705bd48daf667e49c0a3d332] COMMAND GetElementText {
   "id": "0.8587592853872008-6"
}
[1552407481.123][INFO]: Waiting for pending navigations...
[1552407481.124][INFO]: Done waiting for pending navigations. Status: ok
[1552407481.132][INFO]: Waiting for pending navigations...
[1552407481.133][INFO]: Done waiting for pending navigations. Status: ok
[1552407481.133][INFO]: [d7d9a3b2705bd48daf667e49c0a3d332] RESPONSE GetElementText "Basics of a Social Compliance System"
[1552407481.136][INFO]: [d7d9a3b2705bd48daf667e49c0a3d332] COMMAND FindElement {
   "using": "id",
   "value": "basics-link"
}
[1552407481.136][INFO]: Waiting for pending navigations...
[1552407481.137][INFO]: Done waiting for pending navigations. Status: ok
[1552407481.140][INFO]: Waiting for pending navigations...
[1552407481.141][INFO]: Done waiting for pending navigations. Status: ok
[1552407481.141][INFO]: [d7d9a3b2705bd48daf667e49c0a3d332] RESPONSE FindElement {
   "ELEMENT": "0.8587592853872008-6"
}
[1552407481.142][INFO]: [d7d9a3b2705bd48daf667e49c0a3d332] COMMAND GetElementAttribute {
   "id": "0.8587592853872008-6",
   "name": "href"
}
[1552407481.142][INFO]: Waiting for pending navigations...
[1552407481.143][INFO]: Done waiting for pending navigations. Status: ok
[1552407481.145][INFO]: Waiting for pending navigations...
[1552407481.146][INFO]: Done waiting for pending navigations. Status: ok
[1552407481.146][INFO]: [d7d9a3b2705bd48daf667e49c0a3d332] RESPONSE GetElementAttribute "http://54.81.86.222/basics"
[1552407481.147][INFO]: [d7d9a3b2705bd48daf667e49c0a3d332] COMMAND Screenshot {

}
[1552407481.147][INFO]: Waiting for pending navigations...
[1552407481.148][INFO]: Done waiting for pending navigations. Status: ok
[1552407481.479][INFO]: Waiting for pending navigations...
[1552407481.480][INFO]: Done waiting for pending navigations. Status: ok
[1552407481.480][INFO]: [d7d9a3b2705bd48daf667e49c0a3d332] RESPONSE Screenshot "iVBORw0KGgoAAAANSUhEUgAAB4AAAANRCAYAAAACj6FfAAAgAElEQVR4nOzdfVRUd57v+09BCZSVkuJBBES0FENK4gPEppXENkImk+jYidor49F09+TizPSJ9uQm2Gf1PTpnzj2jPbnTkF5zWj19+8hkMjN60z3RTDoTO5NpNMaOOrSDRoMVFUUR5UGwQMTioSjuH..."
[1552407481.489][INFO]: [d7d9a3b2705bd48daf667e49c0a3d332] COMMAND FindElement {
   "using": "id",
   "value": "steps-dropdown"
}
[1552407481.489][INFO]: Waiting for pending navigations...
[1552407481.490][INFO]: Done waiting for pending navigations. Status: ok
[1552407481.497][INFO]: Waiting for pending navigations...
[1552407481.498][INFO]: Done waiting for pending navigations. Status: ok
[1552407481.498][INFO]: [d7d9a3b2705bd48daf667e49c0a3d332] RESPONSE FindElement {
   "ELEMENT": "0.8587592853872008-7"
}
[1552407481.499][INFO]: [d7d9a3b2705bd48daf667e49c0a3d332] COMMAND IsElementDisplayed {
   "id": "0.8587592853872008-7"
}
[1552407481.499][INFO]: Waiting for pending navigations...
[1552407481.500][INFO]: Done waiting for pending navigations. Status: ok
[1552407481.507][INFO]: Waiting for pending navigations...
[1552407481.508][INFO]: Done waiting for pending navigations. Status: ok
[1552407481.508][INFO]: [d7d9a3b2705bd48daf667e49c0a3d332] RESPONSE IsElementDisplayed true
[1552407481.509][INFO]: [d7d9a3b2705bd48daf667e49c0a3d332] COMMAND Screenshot {

}
[1552407481.509][INFO]: Waiting for pending navigations...
[1552407481.510][INFO]: Done waiting for pending navigations. Status: ok
[1552407481.827][INFO]: Waiting for pending navigations...
[1552407481.828][INFO]: Done waiting for pending navigations. Status: ok
[1552407481.828][INFO]: [d7d9a3b2705bd48daf667e49c0a3d332] RESPONSE Screenshot "iVBORw0KGgoAAAANSUhEUgAAB4AAAANRCAYAAAACj6FfAAAgAElEQVR4nOzdfVRUd57v+09BCZSVkuJBBES0FENK4gPEppXENkImk+jYidor49F09+TizPSJ9uQm2Gf1PTpnzj2jPbnTkF5zWj19+8hkMjN60z3RTDoTO5NpNMaOOrSDRoMVFUUR5UGwQMTioSjuH..."
[1552407481.841][INFO]: [d7d9a3b2705bd48daf667e49c0a3d332] COMMAND FindElement {
   "using": "id",
   "value": "steps-dropdown"
}
[1552407481.841][INFO]: Waiting for pending navigations...
[1552407481.845][INFO]: Done waiting for pending navigations. Status: ok
[1552407481.848][INFO]: Waiting for pending navigations...
[1552407481.849][INFO]: Done waiting for pending navigations. Status: ok
[1552407481.849][INFO]: [d7d9a3b2705bd48daf667e49c0a3d332] RESPONSE FindElement {
   "ELEMENT": "0.8587592853872008-7"
}
[1552407481.850][INFO]: [d7d9a3b2705bd48daf667e49c0a3d332] COMMAND GetElementText {
   "id": "0.8587592853872008-7"
}
[1552407481.850][INFO]: Waiting for pending navigations...
[1552407481.851][INFO]: Done waiting for pending navigations. Status: ok
[1552407481.861][INFO]: Waiting for pending navigations...
[1552407481.861][INFO]: Done waiting for pending navigations. Status: ok
[1552407481.862][INFO]: [d7d9a3b2705bd48daf667e49c0a3d332] RESPONSE GetElementText "Steps to a social compliance system"
[1552407481.862][INFO]: [d7d9a3b2705bd48daf667e49c0a3d332] COMMAND Screenshot {

}
[1552407481.862][INFO]: Waiting for pending navigations...
[1552407481.863][INFO]: Done waiting for pending navigations. Status: ok
[1552407482.188][INFO]: Waiting for pending navigations...
[1552407482.191][INFO]: Done waiting for pending navigations. Status: ok
[1552407482.191][INFO]: [d7d9a3b2705bd48daf667e49c0a3d332] RESPONSE Screenshot "iVBORw0KGgoAAAANSUhEUgAAB4AAAANRCAYAAAACj6FfAAAgAElEQVR4nOzdfVRUd57v+09BCZSVkuJBBES0FENK4gPEppXENkImk+jYidor49F09+TizPSJ9uQm2Gf1PTpnzj2jPbnTkF5zWj19+8hkMjN60z3RTDoTO5NpNMaOOrSDRoMVFUUR5UGwQMTioSjuH..."
[1552407482.203][INFO]: [d7d9a3b2705bd48daf667e49c0a3d332] COMMAND FindElement {
   "using": "id",
   "value": "steps-dropdown"
}
[1552407482.203][INFO]: Waiting for pending navigations...
[1552407482.204][INFO]: Done waiting for pending navigations. Status: ok
[1552407482.208][INFO]: Waiting for pending navigations...
[1552407482.209][INFO]: Done waiting for pending navigations. Status: ok
[1552407482.209][INFO]: [d7d9a3b2705bd48daf667e49c0a3d332] RESPONSE FindElement {
   "ELEMENT": "0.8587592853872008-7"
}
[1552407482.209][INFO]: [d7d9a3b2705bd48daf667e49c0a3d332] COMMAND IsElementDisplayed {
   "id": "0.8587592853872008-7"
}
[1552407482.209][INFO]: Waiting for pending navigations...
[1552407482.210][INFO]: Done waiting for pending navigations. Status: ok
[1552407482.214][INFO]: Waiting for pending navigations...
[1552407482.214][INFO]: Done waiting for pending navigations. Status: ok
[1552407482.214][INFO]: [d7d9a3b2705bd48daf667e49c0a3d332] RESPONSE IsElementDisplayed true
[1552407482.216][INFO]: [d7d9a3b2705bd48daf667e49c0a3d332] COMMAND FindElement {
   "using": "id",
   "value": "steps-dropdown"
}
[1552407482.216][INFO]: Waiting for pending navigations...
[1552407482.216][INFO]: Done waiting for pending navigations. Status: ok
[1552407482.220][INFO]: Waiting for pending navigations...
[1552407482.221][INFO]: Done waiting for pending navigations. Status: ok
[1552407482.221][INFO]: [d7d9a3b2705bd48daf667e49c0a3d332] RESPONSE FindElement {
   "ELEMENT": "0.8587592853872008-7"
}
[1552407482.239][INFO]: [d7d9a3b2705bd48daf667e49c0a3d332] COMMAND ClickElement {
   "id": "0.8587592853872008-7"
}
[1552407482.239][INFO]: Waiting for pending navigations...
[1552407482.241][INFO]: Done waiting for pending navigations. Status: ok
[1552407482.302][INFO]: Waiting for pending navigations...
[1552407482.308][INFO]: Done waiting for pending navigations. Status: ok
[1552407482.308][INFO]: [d7d9a3b2705bd48daf667e49c0a3d332] RESPONSE ClickElement
[1552407482.309][INFO]: [d7d9a3b2705bd48daf667e49c0a3d332] COMMAND Screenshot {

}
[1552407482.309][INFO]: Waiting for pending navigations...
[1552407482.310][INFO]: Done waiting for pending navigations. Status: ok
[1552407482.668][INFO]: Waiting for pending navigations...
[1552407482.669][INFO]: Done waiting for pending navigations. Status: ok
[1552407482.669][INFO]: [d7d9a3b2705bd48daf667e49c0a3d332] RESPONSE Screenshot "iVBORw0KGgoAAAANSUhEUgAAB4AAAANRCAYAAAACj6FfAAAgAElEQVR4nOzde1RUZ57v/08VJVBWSoqLCIhoKYYg8QJtaCWxjZDJJDomUXulPZruniycmT7RnvwS7LP6d3TOzO+M6cmZxvSa0+rpXx85mcyM/tI90UyS0c5kGm1jRx3aRqPBioqigHIRLBCxuBTF7..."
[1552407482.685][INFO]: [d7d9a3b2705bd48daf667e49c0a3d332] COMMAND FindElement {
   "using": "id",
   "value": "step-1-link"
}
[1552407482.685][INFO]: Waiting for pending navigations...
[1552407482.689][INFO]: Done waiting for pending navigations. Status: ok
[1552407482.697][INFO]: Waiting for pending navigations...
[1552407482.698][INFO]: Done waiting for pending navigations. Status: ok
[1552407482.698][INFO]: [d7d9a3b2705bd48daf667e49c0a3d332] RESPONSE FindElement {
   "ELEMENT": "0.8587592853872008-8"
}
[1552407482.699][INFO]: [d7d9a3b2705bd48daf667e49c0a3d332] COMMAND IsElementDisplayed {
   "id": "0.8587592853872008-8"
}
[1552407482.699][INFO]: Waiting for pending navigations...
[1552407482.705][INFO]: Done waiting for pending navigations. Status: ok
[1552407482.712][INFO]: Waiting for pending navigations...
[1552407482.713][INFO]: Done waiting for pending navigations. Status: ok
[1552407482.713][INFO]: [d7d9a3b2705bd48daf667e49c0a3d332] RESPONSE IsElementDisplayed true
[1552407482.714][INFO]: [d7d9a3b2705bd48daf667e49c0a3d332] COMMAND Screenshot {

}
[1552407482.714][INFO]: Waiting for pending navigations...
[1552407482.715][INFO]: Done waiting for pending navigations. Status: ok
[1552407483.033][INFO]: Waiting for pending navigations...
[1552407483.034][INFO]: Done waiting for pending navigations. Status: ok
[1552407483.034][INFO]: [d7d9a3b2705bd48daf667e49c0a3d332] RESPONSE Screenshot "iVBORw0KGgoAAAANSUhEUgAAB4AAAANRCAYAAAACj6FfAAAgAElEQVR4nOzde1RUZ57v/08VJVBWSoqLCIhoKYYg8QJtaCWxjZDJJDomUXulPZruniycmT7RnvwS7LP6d3TOzO+M6cmZxvSa0+rpXx85mcyM/tI90UyS0c5kGm1jRx3aRqPBioqigHIRLBCxuBTF7..."
[1552407483.050][INFO]: [d7d9a3b2705bd48daf667e49c0a3d332] COMMAND FindElement {
   "using": "id",
   "value": "step-1-link"
}
[1552407483.050][INFO]: Waiting for pending navigations...
[1552407483.051][INFO]: Done waiting for pending navigations. Status: ok
[1552407483.055][INFO]: Waiting for pending navigations...
[1552407483.056][INFO]: Done waiting for pending navigations. Status: ok
[1552407483.056][INFO]: [d7d9a3b2705bd48daf667e49c0a3d332] RESPONSE FindElement {
   "ELEMENT": "0.8587592853872008-8"
}
[1552407483.057][INFO]: [d7d9a3b2705bd48daf667e49c0a3d332] COMMAND GetElementText {
   "id": "0.8587592853872008-8"
}
[1552407483.057][INFO]: Waiting for pending navigations...
[1552407483.058][INFO]: Done waiting for pending navigations. Status: ok
[1552407483.068][INFO]: Waiting for pending navigations...
[1552407483.069][INFO]: Done waiting for pending navigations. Status: ok
[1552407483.069][INFO]: [d7d9a3b2705bd48daf667e49c0a3d332] RESPONSE GetElementText "Step 1: Engage Stakeholders and Partners"
[1552407483.077][INFO]: [d7d9a3b2705bd48daf667e49c0a3d332] COMMAND FindElement {
   "using": "id",
   "value": "step-1-link"
}
[1552407483.077][INFO]: Waiting for pending navigations...
[1552407483.079][INFO]: Done waiting for pending navigations. Status: ok
[1552407483.083][INFO]: Waiting for pending navigations...
[1552407483.083][INFO]: Done waiting for pending navigations. Status: ok
[1552407483.083][INFO]: [d7d9a3b2705bd48daf667e49c0a3d332] RESPONSE FindElement {
   "ELEMENT": "0.8587592853872008-8"
}
[1552407483.085][INFO]: [d7d9a3b2705bd48daf667e49c0a3d332] COMMAND GetElementAttribute {
   "id": "0.8587592853872008-8",
   "name": "href"
}
[1552407483.085][INFO]: Waiting for pending navigations...
[1552407483.085][INFO]: Done waiting for pending navigations. Status: ok
[1552407483.088][INFO]: Waiting for pending navigations...
[1552407483.088][INFO]: Done waiting for pending navigations. Status: ok
[1552407483.088][INFO]: [d7d9a3b2705bd48daf667e49c0a3d332] RESPONSE GetElementAttribute "http://54.81.86.222/steps/1"
[1552407483.089][INFO]: [d7d9a3b2705bd48daf667e49c0a3d332] COMMAND Screenshot {

}
[1552407483.089][INFO]: Waiting for pending navigations...
[1552407483.090][INFO]: Done waiting for pending navigations. Status: ok
[1552407483.423][INFO]: Waiting for pending navigations...
[1552407483.425][INFO]: Done waiting for pending navigations. Status: ok
[1552407483.425][INFO]: [d7d9a3b2705bd48daf667e49c0a3d332] RESPONSE Screenshot "iVBORw0KGgoAAAANSUhEUgAAB4AAAANRCAYAAAACj6FfAAAgAElEQVR4nOzde1RUZ57v/08VJVBWSoqLCIhoKYYg8QJtaCWxjZDJJDomUXulPZruniycmT7RnvwS7LP6d3TOzO+M6cmZxvSa0+rpXx85mcyM/tI90UyS0c5kGm1jRx3aRqPBioqigHIRLBCxuBTF7..."
[1552407483.437][INFO]: [d7d9a3b2705bd48daf667e49c0a3d332] COMMAND FindElement {
   "using": "id",
   "value": "step-2-link"
}
[1552407483.437][INFO]: Waiting for pending navigations...
[1552407483.438][INFO]: Done waiting for pending navigations. Status: ok
[1552407483.445][INFO]: Waiting for pending navigations...
[1552407483.446][INFO]: Done waiting for pending navigations. Status: ok
[1552407483.446][INFO]: [d7d9a3b2705bd48daf667e49c0a3d332] RESPONSE FindElement {
   "ELEMENT": "0.8587592853872008-9"
}
[1552407483.447][INFO]: [d7d9a3b2705bd48daf667e49c0a3d332] COMMAND IsElementDisplayed {
   "id": "0.8587592853872008-9"
}
[1552407483.447][INFO]: Waiting for pending navigations...
[1552407483.448][INFO]: Done waiting for pending navigations. Status: ok
[1552407483.456][INFO]: Waiting for pending navigations...
[1552407483.456][INFO]: Done waiting for pending navigations. Status: ok
[1552407483.456][INFO]: [d7d9a3b2705bd48daf667e49c0a3d332] RESPONSE IsElementDisplayed true
[1552407483.458][INFO]: [d7d9a3b2705bd48daf667e49c0a3d332] COMMAND Screenshot {

}
[1552407483.458][INFO]: Waiting for pending navigations...
[1552407483.459][INFO]: Done waiting for pending navigations. Status: ok
[1552407483.810][INFO]: Waiting for pending navigations...
[1552407483.811][INFO]: Done waiting for pending navigations. Status: ok
[1552407483.811][INFO]: [d7d9a3b2705bd48daf667e49c0a3d332] RESPONSE Screenshot "iVBORw0KGgoAAAANSUhEUgAAB4AAAANRCAYAAAACj6FfAAAgAElEQVR4nOzde1RUZ57v/08VJVBWSoqLCIhoKYYg8QJtaCWxjZDJJDomUXulPZruniycmT7RnvwS7LP6d3TOzO+M6cmZxvSa0+rpXx85mcyM/tI90UyS0c5kGm1jRx3aRqPBioqigHIRLBCxuBTF7..."
[1552407483.829][INFO]: [d7d9a3b2705bd48daf667e49c0a3d332] COMMAND FindElement {
   "using": "id",
   "value": "step-2-link"
}
[1552407483.829][INFO]: Waiting for pending navigations...
[1552407483.830][INFO]: Done waiting for pending navigations. Status: ok
[1552407483.834][INFO]: Waiting for pending navigations...
[1552407483.835][INFO]: Done waiting for pending navigations. Status: ok
[1552407483.835][INFO]: [d7d9a3b2705bd48daf667e49c0a3d332] RESPONSE FindElement {
   "ELEMENT": "0.8587592853872008-9"
}
[1552407483.836][INFO]: [d7d9a3b2705bd48daf667e49c0a3d332] COMMAND GetElementText {
   "id": "0.8587592853872008-9"
}
[1552407483.836][INFO]: Waiting for pending navigations...
[1552407483.837][INFO]: Done waiting for pending navigations. Status: ok
[1552407483.847][INFO]: Waiting for pending navigations...
[1552407483.848][INFO]: Done waiting for pending navigations. Status: ok
[1552407483.848][INFO]: [d7d9a3b2705bd48daf667e49c0a3d332] RESPONSE GetElementText "Step 2: Assess Risks And Impacts"
[1552407483.861][INFO]: [d7d9a3b2705bd48daf667e49c0a3d332] COMMAND FindElement {
   "using": "id",
   "value": "step-2-link"
}
[1552407483.861][INFO]: Waiting for pending navigations...
[1552407483.862][INFO]: Done waiting for pending navigations. Status: ok
[1552407483.866][INFO]: Waiting for pending navigations...
[1552407483.867][INFO]: Done waiting for pending navigations. Status: ok
[1552407483.867][INFO]: [d7d9a3b2705bd48daf667e49c0a3d332] RESPONSE FindElement {
   "ELEMENT": "0.8587592853872008-9"
}
[1552407483.868][INFO]: [d7d9a3b2705bd48daf667e49c0a3d332] COMMAND GetElementAttribute {
   "id": "0.8587592853872008-9",
   "name": "href"
}
[1552407483.868][INFO]: Waiting for pending navigations...
[1552407483.868][INFO]: Done waiting for pending navigations. Status: ok
[1552407483.871][INFO]: Waiting for pending navigations...
[1552407483.871][INFO]: Done waiting for pending navigations. Status: ok
[1552407483.871][INFO]: [d7d9a3b2705bd48daf667e49c0a3d332] RESPONSE GetElementAttribute "http://54.81.86.222/steps/2"
[1552407483.872][INFO]: [d7d9a3b2705bd48daf667e49c0a3d332] COMMAND Screenshot {

}
[1552407483.872][INFO]: Waiting for pending navigations...
[1552407483.873][INFO]: Done waiting for pending navigations. Status: ok
[1552407484.201][INFO]: Waiting for pending navigations...
[1552407484.202][INFO]: Done waiting for pending navigations. Status: ok
[1552407484.202][INFO]: [d7d9a3b2705bd48daf667e49c0a3d332] RESPONSE Screenshot "iVBORw0KGgoAAAANSUhEUgAAB4AAAANRCAYAAAACj6FfAAAgAElEQVR4nOzde1RUZ57v/08VJVBWSoqLCIhoKYYg8QJtaCWxjZDJJDomUXulPZruniycmT7RnvwS7LP6d3TOzO+M6cmZxvSa0+rpXx85mcyM/tI90UyS0c5kGm1jRx3aRqPBioqigHIRLBCxuBTF7..."
[1552407484.230][INFO]: [d7d9a3b2705bd48daf667e49c0a3d332] COMMAND FindElement {
   "using": "id",
   "value": "step-3-link"
}
[1552407484.230][INFO]: Waiting for pending navigations...
[1552407484.231][INFO]: Done waiting for pending navigations. Status: ok
[1552407484.238][INFO]: Waiting for pending navigations...
[1552407484.239][INFO]: Done waiting for pending navigations. Status: ok
[1552407484.239][INFO]: [d7d9a3b2705bd48daf667e49c0a3d332] RESPONSE FindElement {
   "ELEMENT": "0.8587592853872008-10"
}
[1552407484.240][INFO]: [d7d9a3b2705bd48daf667e49c0a3d332] COMMAND IsElementDisplayed {
   "id": "0.8587592853872008-10"
}
[1552407484.240][INFO]: Waiting for pending navigations...
[1552407484.241][INFO]: Done waiting for pending navigations. Status: ok
[1552407484.248][INFO]: Waiting for pending navigations...
[1552407484.249][INFO]: Done waiting for pending navigations. Status: ok
[1552407484.249][INFO]: [d7d9a3b2705bd48daf667e49c0a3d332] RESPONSE IsElementDisplayed true
[1552407484.250][INFO]: [d7d9a3b2705bd48daf667e49c0a3d332] COMMAND Screenshot {

}
[1552407484.250][INFO]: Waiting for pending navigations...
[1552407484.251][INFO]: Done waiting for pending navigations. Status: ok
[1552407484.571][INFO]: Waiting for pending navigations...
[1552407484.572][INFO]: Done waiting for pending navigations. Status: ok
[1552407484.572][INFO]: [d7d9a3b2705bd48daf667e49c0a3d332] RESPONSE Screenshot "iVBORw0KGgoAAAANSUhEUgAAB4AAAANRCAYAAAACj6FfAAAgAElEQVR4nOzde1RUZ57v/08VJVBWSoqLCIhoKYYg8QJtaCWxjZDJJDomUXulPZruniycmT7RnvwS7LP6d3TOzO+M6cmZxvSa0+rpXx85mcyM/tI90UyS0c5kGm1jRx3aRqPBioqigHIRLBCxuBTF7..."
[1552407484.585][INFO]: [d7d9a3b2705bd48daf667e49c0a3d332] COMMAND FindElement {
   "using": "id",
   "value": "step-3-link"
}
[1552407484.585][INFO]: Waiting for pending navigations...
[1552407484.586][INFO]: Done waiting for pending navigations. Status: ok
[1552407484.590][INFO]: Waiting for pending navigations...
[1552407484.591][INFO]: Done waiting for pending navigations. Status: ok
[1552407484.591][INFO]: [d7d9a3b2705bd48daf667e49c0a3d332] RESPONSE FindElement {
   "ELEMENT": "0.8587592853872008-10"
}
[1552407484.592][INFO]: [d7d9a3b2705bd48daf667e49c0a3d332] COMMAND GetElementText {
   "id": "0.8587592853872008-10"
}
[1552407484.592][INFO]: Waiting for pending navigations...
[1552407484.593][INFO]: Done waiting for pending navigations. Status: ok
[1552407484.605][INFO]: Waiting for pending navigations...
[1552407484.606][INFO]: Done waiting for pending navigations. Status: ok
[1552407484.606][INFO]: [d7d9a3b2705bd48daf667e49c0a3d332] RESPONSE GetElementText "Step 3: Develop a Code of Conduct"
[1552407484.609][INFO]: [d7d9a3b2705bd48daf667e49c0a3d332] COMMAND FindElement {
   "using": "id",
   "value": "step-3-link"
}
[1552407484.609][INFO]: Waiting for pending navigations...
[1552407484.610][INFO]: Done waiting for pending navigations. Status: ok
[1552407484.614][INFO]: Waiting for pending navigations...
[1552407484.615][INFO]: Done waiting for pending navigations. Status: ok
[1552407484.615][INFO]: [d7d9a3b2705bd48daf667e49c0a3d332] RESPONSE FindElement {
   "ELEMENT": "0.8587592853872008-10"
}
[1552407484.616][INFO]: [d7d9a3b2705bd48daf667e49c0a3d332] COMMAND GetElementAttribute {
   "id": "0.8587592853872008-10",
   "name": "href"
}
[1552407484.616][INFO]: Waiting for pending navigations...
[1552407484.617][INFO]: Done waiting for pending navigations. Status: ok
[1552407484.620][INFO]: Waiting for pending navigations...
[1552407484.621][INFO]: Done waiting for pending navigations. Status: ok
[1552407484.621][INFO]: [d7d9a3b2705bd48daf667e49c0a3d332] RESPONSE GetElementAttribute "http://54.81.86.222/steps/3"
[1552407484.622][INFO]: [d7d9a3b2705bd48daf667e49c0a3d332] COMMAND Screenshot {

}
[1552407484.622][INFO]: Waiting for pending navigations...
[1552407484.622][INFO]: Done waiting for pending navigations. Status: ok
[1552407484.976][INFO]: Waiting for pending navigations...
[1552407484.978][INFO]: Done waiting for pending navigations. Status: ok
[1552407484.978][INFO]: [d7d9a3b2705bd48daf667e49c0a3d332] RESPONSE Screenshot "iVBORw0KGgoAAAANSUhEUgAAB4AAAANRCAYAAAACj6FfAAAgAElEQVR4nOzde1RUZ57v/08VJVBWSoqLCIhoKYYg8QJtaCWxjZDJJDomUXulPZruniycmT7RnvwS7LP6d3TOzO+M6cmZxvSa0+rpXx85mcyM/tI90UyS0c5kGm1jRx3aRqPBioqigHIRLBCxuBTF7..."
[1552407484.992][INFO]: [d7d9a3b2705bd48daf667e49c0a3d332] COMMAND FindElement {
   "using": "id",
   "value": "step-4-link"
}
[1552407484.992][INFO]: Waiting for pending navigations...
[1552407484.993][INFO]: Done waiting for pending navigations. Status: ok
[1552407485.001][INFO]: Waiting for pending navigations...
[1552407485.002][INFO]: Done waiting for pending navigations. Status: ok
[1552407485.002][INFO]: [d7d9a3b2705bd48daf667e49c0a3d332] RESPONSE FindElement {
   "ELEMENT": "0.8587592853872008-11"
}
[1552407485.003][INFO]: [d7d9a3b2705bd48daf667e49c0a3d332] COMMAND IsElementDisplayed {
   "id": "0.8587592853872008-11"
}
[1552407485.003][INFO]: Waiting for pending navigations...
[1552407485.004][INFO]: Done waiting for pending navigations. Status: ok
[1552407485.013][INFO]: Waiting for pending navigations...
[1552407485.014][INFO]: Done waiting for pending navigations. Status: ok
[1552407485.014][INFO]: [d7d9a3b2705bd48daf667e49c0a3d332] RESPONSE IsElementDisplayed true
[1552407485.015][INFO]: [d7d9a3b2705bd48daf667e49c0a3d332] COMMAND Screenshot {

}
[1552407485.015][INFO]: Waiting for pending navigations...
[1552407485.016][INFO]: Done waiting for pending navigations. Status: ok
[1552407485.301][INFO]: Waiting for pending navigations...
[1552407485.302][INFO]: Done waiting for pending navigations. Status: ok
[1552407485.302][INFO]: [d7d9a3b2705bd48daf667e49c0a3d332] RESPONSE Screenshot "iVBORw0KGgoAAAANSUhEUgAAB4AAAANRCAYAAAACj6FfAAAgAElEQVR4nOzde1RUZ57v/08VJVBWSoqLCIhoKYYg8QJtaCWxjZDJJDomUXulPZruniycmT7RnvwS7LP6d3TOzO+M6cmZxvSa0+rpXx85mcyM/tI90UyS0c5kGm1jRx3aRqPBioqigHIRLBCxuBTF7..."
[1552407485.319][INFO]: [d7d9a3b2705bd48daf667e49c0a3d332] COMMAND FindElement {
   "using": "id",
   "value": "step-4-link"
}
[1552407485.319][INFO]: Waiting for pending navigations...
[1552407485.320][INFO]: Done waiting for pending navigations. Status: ok
[1552407485.325][INFO]: Waiting for pending navigations...
[1552407485.326][INFO]: Done waiting for pending navigations. Status: ok
[1552407485.326][INFO]: [d7d9a3b2705bd48daf667e49c0a3d332] RESPONSE FindElement {
   "ELEMENT": "0.8587592853872008-11"
}
[1552407485.327][INFO]: [d7d9a3b2705bd48daf667e49c0a3d332] COMMAND GetElementText {
   "id": "0.8587592853872008-11"
}
[1552407485.328][INFO]: Waiting for pending navigations...
[1552407485.329][INFO]: Done waiting for pending navigations. Status: ok
[1552407485.347][INFO]: Waiting for pending navigations...
[1552407485.352][INFO]: Done waiting for pending navigations. Status: ok
[1552407485.352][INFO]: [d7d9a3b2705bd48daf667e49c0a3d332] RESPONSE GetElementText "Step 4: Communicate and Train across your Supply Chain"
[1552407485.356][INFO]: [d7d9a3b2705bd48daf667e49c0a3d332] COMMAND FindElement {
   "using": "id",
   "value": "step-4-link"
}
[1552407485.356][INFO]: Waiting for pending navigations...
[1552407485.359][INFO]: Done waiting for pending navigations. Status: ok
[1552407485.367][INFO]: Waiting for pending navigations...
[1552407485.368][INFO]: Done waiting for pending navigations. Status: ok
[1552407485.368][INFO]: [d7d9a3b2705bd48daf667e49c0a3d332] RESPONSE FindElement {
   "ELEMENT": "0.8587592853872008-11"
}
[1552407485.369][INFO]: [d7d9a3b2705bd48daf667e49c0a3d332] COMMAND GetElementAttribute {
   "id": "0.8587592853872008-11",
   "name": "href"
}
[1552407485.369][INFO]: Waiting for pending navigations...
[1552407485.370][INFO]: Done waiting for pending navigations. Status: ok
[1552407485.372][INFO]: Waiting for pending navigations...
[1552407485.373][INFO]: Done waiting for pending navigations. Status: ok
[1552407485.373][INFO]: [d7d9a3b2705bd48daf667e49c0a3d332] RESPONSE GetElementAttribute "http://54.81.86.222/steps/4"
[1552407485.374][INFO]: [d7d9a3b2705bd48daf667e49c0a3d332] COMMAND Screenshot {

}
[1552407485.374][INFO]: Waiting for pending navigations...
[1552407485.375][INFO]: Done waiting for pending navigations. Status: ok
[1552407485.726][INFO]: Waiting for pending navigations...
[1552407485.727][INFO]: Done waiting for pending navigations. Status: ok
[1552407485.727][INFO]: [d7d9a3b2705bd48daf667e49c0a3d332] RESPONSE Screenshot "iVBORw0KGgoAAAANSUhEUgAAB4AAAANRCAYAAAACj6FfAAAgAElEQVR4nOzde1RUZ57v/08VJVBWSoqLCIhoKYYg8QJtaCWxjZDJJDomUXulPZruniycmT7RnvwS7LP6d3TOzO+M6cmZxvSa0+rpXx85mcyM/tI90UyS0c5kGm1jRx3aRqPBioqigHIRLBCxuBTF7..."
[1552407485.740][INFO]: [d7d9a3b2705bd48daf667e49c0a3d332] COMMAND FindElement {
   "using": "id",
   "value": "step-5-link"
}
[1552407485.740][INFO]: Waiting for pending navigations...
[1552407485.741][INFO]: Done waiting for pending navigations. Status: ok
[1552407485.749][INFO]: Waiting for pending navigations...
[1552407485.749][INFO]: Done waiting for pending navigations. Status: ok
[1552407485.749][INFO]: [d7d9a3b2705bd48daf667e49c0a3d332] RESPONSE FindElement {
   "ELEMENT": "0.8587592853872008-12"
}
[1552407485.750][INFO]: [d7d9a3b2705bd48daf667e49c0a3d332] COMMAND IsElementDisplayed {
   "id": "0.8587592853872008-12"
}
[1552407485.750][INFO]: Waiting for pending navigations...
[1552407485.752][INFO]: Done waiting for pending navigations. Status: ok
[1552407485.760][INFO]: Waiting for pending navigations...
[1552407485.761][INFO]: Done waiting for pending navigations. Status: ok
[1552407485.761][INFO]: [d7d9a3b2705bd48daf667e49c0a3d332] RESPONSE IsElementDisplayed true
[1552407485.762][INFO]: [d7d9a3b2705bd48daf667e49c0a3d332] COMMAND Screenshot {

}
[1552407485.762][INFO]: Waiting for pending navigations...
[1552407485.763][INFO]: Done waiting for pending navigations. Status: ok
[1552407486.101][INFO]: Waiting for pending navigations...
[1552407486.102][INFO]: Done waiting for pending navigations. Status: ok
[1552407486.102][INFO]: [d7d9a3b2705bd48daf667e49c0a3d332] RESPONSE Screenshot "iVBORw0KGgoAAAANSUhEUgAAB4AAAANRCAYAAAACj6FfAAAgAElEQVR4nOzde1RUZ57v/08VJVBWSoqLCIhoKYYg8QJtaCWxjZDJJDomUXulPZruniycmT7RnvwS7LP6d3TOzO+M6cmZxvSa0+rpXx85mcyM/tI90UyS0c5kGm1jRx3aRqPBioqigHIRLBCxuBTF7..."
[1552407486.115][INFO]: [d7d9a3b2705bd48daf667e49c0a3d332] COMMAND FindElement {
   "using": "id",
   "value": "step-5-link"
}
[1552407486.115][INFO]: Waiting for pending navigations...
[1552407486.116][INFO]: Done waiting for pending navigations. Status: ok
[1552407486.120][INFO]: Waiting for pending navigations...
[1552407486.121][INFO]: Done waiting for pending navigations. Status: ok
[1552407486.121][INFO]: [d7d9a3b2705bd48daf667e49c0a3d332] RESPONSE FindElement {
   "ELEMENT": "0.8587592853872008-12"
}
[1552407486.122][INFO]: [d7d9a3b2705bd48daf667e49c0a3d332] COMMAND GetElementText {
   "id": "0.8587592853872008-12"
}
[1552407486.122][INFO]: Waiting for pending navigations...
[1552407486.122][INFO]: Done waiting for pending navigations. Status: ok
[1552407486.134][INFO]: Waiting for pending navigations...
[1552407486.135][INFO]: Done waiting for pending navigations. Status: ok
[1552407486.135][INFO]: [d7d9a3b2705bd48daf667e49c0a3d332] RESPONSE GetElementText "Step 5: Monitor Compliance"
[1552407486.137][INFO]: [d7d9a3b2705bd48daf667e49c0a3d332] COMMAND FindElement {
   "using": "id",
   "value": "step-5-link"
}
[1552407486.137][INFO]: Waiting for pending navigations...
[1552407486.138][INFO]: Done waiting for pending navigations. Status: ok
[1552407486.142][INFO]: Waiting for pending navigations...
[1552407486.142][INFO]: Done waiting for pending navigations. Status: ok
[1552407486.142][INFO]: [d7d9a3b2705bd48daf667e49c0a3d332] RESPONSE FindElement {
   "ELEMENT": "0.8587592853872008-12"
}
[1552407486.143][INFO]: [d7d9a3b2705bd48daf667e49c0a3d332] COMMAND GetElementAttribute {
   "id": "0.8587592853872008-12",
   "name": "href"
}
[1552407486.143][INFO]: Waiting for pending navigations...
[1552407486.144][INFO]: Done waiting for pending navigations. Status: ok
[1552407486.146][INFO]: Waiting for pending navigations...
[1552407486.147][INFO]: Done waiting for pending navigations. Status: ok
[1552407486.147][INFO]: [d7d9a3b2705bd48daf667e49c0a3d332] RESPONSE GetElementAttribute "http://54.81.86.222/steps/5"
[1552407486.148][INFO]: [d7d9a3b2705bd48daf667e49c0a3d332] COMMAND Screenshot {

}
[1552407486.148][INFO]: Waiting for pending navigations...
[1552407486.148][INFO]: Done waiting for pending navigations. Status: ok
[1552407486.486][INFO]: Waiting for pending navigations...
[1552407486.487][INFO]: Done waiting for pending navigations. Status: ok
[1552407486.487][INFO]: [d7d9a3b2705bd48daf667e49c0a3d332] RESPONSE Screenshot "iVBORw0KGgoAAAANSUhEUgAAB4AAAANRCAYAAAACj6FfAAAgAElEQVR4nOzde1RUZ57v/08VJVBWSoqLCIhoKYYg8QJtaCWxjZDJJDomUXulPZruniycmT7RnvwS7LP6d3TOzO+M6cmZxvSa0+rpXx85mcyM/tI90UyS0c5kGm1jRx3aRqPBioqigHIRLBCxuBTF7..."
[1552407486.503][INFO]: [d7d9a3b2705bd48daf667e49c0a3d332] COMMAND FindElement {
   "using": "id",
   "value": "step-6-link"
}
[1552407486.503][INFO]: Waiting for pending navigations...
[1552407486.504][INFO]: Done waiting for pending navigations. Status: ok
[1552407486.511][INFO]: Waiting for pending navigations...
[1552407486.512][INFO]: Done waiting for pending navigations. Status: ok
[1552407486.512][INFO]: [d7d9a3b2705bd48daf667e49c0a3d332] RESPONSE FindElement {
   "ELEMENT": "0.8587592853872008-13"
}
[1552407486.513][INFO]: [d7d9a3b2705bd48daf667e49c0a3d332] COMMAND IsElementDisplayed {
   "id": "0.8587592853872008-13"
}
[1552407486.513][INFO]: Waiting for pending navigations...
[1552407486.514][INFO]: Done waiting for pending navigations. Status: ok
[1552407486.521][INFO]: Waiting for pending navigations...
[1552407486.522][INFO]: Done waiting for pending navigations. Status: ok
[1552407486.522][INFO]: [d7d9a3b2705bd48daf667e49c0a3d332] RESPONSE IsElementDisplayed true
[1552407486.523][INFO]: [d7d9a3b2705bd48daf667e49c0a3d332] COMMAND Screenshot {

}
[1552407486.523][INFO]: Waiting for pending navigations...
[1552407486.524][INFO]: Done waiting for pending navigations. Status: ok
[1552407486.837][INFO]: Waiting for pending navigations...
[1552407486.837][INFO]: Done waiting for pending navigations. Status: ok
[1552407486.838][INFO]: [d7d9a3b2705bd48daf667e49c0a3d332] RESPONSE Screenshot "iVBORw0KGgoAAAANSUhEUgAAB4AAAANRCAYAAAACj6FfAAAgAElEQVR4nOzde1RUZ57v/08VJVBWSoqLCIhoKYYg8QJtaCWxjZDJJDomUXulPZruniycmT7RnvwS7LP6d3TOzO+M6cmZxvSa0+rpXx85mcyM/tI90UyS0c5kGm1jRx3aRqPBioqigHIRLBCxuBTF7..."
[1552407486.852][INFO]: [d7d9a3b2705bd48daf667e49c0a3d332] COMMAND FindElement {
   "using": "id",
   "value": "step-6-link"
}
[1552407486.852][INFO]: Waiting for pending navigations...
[1552407486.854][INFO]: Done waiting for pending navigations. Status: ok
[1552407486.859][INFO]: Waiting for pending navigations...
[1552407486.860][INFO]: Done waiting for pending navigations. Status: ok
[1552407486.860][INFO]: [d7d9a3b2705bd48daf667e49c0a3d332] RESPONSE FindElement {
   "ELEMENT": "0.8587592853872008-13"
}
[1552407486.861][INFO]: [d7d9a3b2705bd48daf667e49c0a3d332] COMMAND GetElementText {
   "id": "0.8587592853872008-13"
}
[1552407486.861][INFO]: Waiting for pending navigations...
[1552407486.862][INFO]: Done waiting for pending navigations. Status: ok
[1552407486.872][INFO]: Waiting for pending navigations...
[1552407486.873][INFO]: Done waiting for pending navigations. Status: ok
[1552407486.873][INFO]: [d7d9a3b2705bd48daf667e49c0a3d332] RESPONSE GetElementText "Step 6: Remediate Violations"
[1552407486.884][INFO]: [d7d9a3b2705bd48daf667e49c0a3d332] COMMAND FindElement {
   "using": "id",
   "value": "step-6-link"
}
[1552407486.884][INFO]: Waiting for pending navigations...
[1552407486.885][INFO]: Done waiting for pending navigations. Status: ok
[1552407486.888][INFO]: Waiting for pending navigations...
[1552407486.889][INFO]: Done waiting for pending navigations. Status: ok
[1552407486.889][INFO]: [d7d9a3b2705bd48daf667e49c0a3d332] RESPONSE FindElement {
   "ELEMENT": "0.8587592853872008-13"
}
[1552407486.890][INFO]: [d7d9a3b2705bd48daf667e49c0a3d332] COMMAND GetElementAttribute {
   "id": "0.8587592853872008-13",
   "name": "href"
}
[1552407486.890][INFO]: Waiting for pending navigations...
[1552407486.891][INFO]: Done waiting for pending navigations. Status: ok
[1552407486.894][INFO]: Waiting for pending navigations...
[1552407486.895][INFO]: Done waiting for pending navigations. Status: ok
[1552407486.895][INFO]: [d7d9a3b2705bd48daf667e49c0a3d332] RESPONSE GetElementAttribute "http://54.81.86.222/steps/6"
[1552407486.896][INFO]: [d7d9a3b2705bd48daf667e49c0a3d332] COMMAND Screenshot {

}
[1552407486.896][INFO]: Waiting for pending navigations...
[1552407486.897][INFO]: Done waiting for pending navigations. Status: ok
[1552407487.243][INFO]: Waiting for pending navigations...
[1552407487.244][INFO]: Done waiting for pending navigations. Status: ok
[1552407487.244][INFO]: [d7d9a3b2705bd48daf667e49c0a3d332] RESPONSE Screenshot "iVBORw0KGgoAAAANSUhEUgAAB4AAAANRCAYAAAACj6FfAAAgAElEQVR4nOzde1RUZ57v/08VJVBWSoqLCIhoKYYg8QJtaCWxjZDJJDomUXulPZruniycmT7RnvwS7LP6d3TOzO+M6cmZxvSa0+rpXx85mcyM/tI90UyS0c5kGm1jRx3aRqPBioqigHIRLBCxuBTF7..."
[1552407487.255][INFO]: [d7d9a3b2705bd48daf667e49c0a3d332] COMMAND FindElement {
   "using": "id",
   "value": "step-7-link"
}
[1552407487.255][INFO]: Waiting for pending navigations...
[1552407487.256][INFO]: Done waiting for pending navigations. Status: ok
[1552407487.264][INFO]: Waiting for pending navigations...
[1552407487.265][INFO]: Done waiting for pending navigations. Status: ok
[1552407487.265][INFO]: [d7d9a3b2705bd48daf667e49c0a3d332] RESPONSE FindElement {
   "ELEMENT": "0.8587592853872008-14"
}
[1552407487.266][INFO]: [d7d9a3b2705bd48daf667e49c0a3d332] COMMAND IsElementDisplayed {
   "id": "0.8587592853872008-14"
}
[1552407487.266][INFO]: Waiting for pending navigations...
[1552407487.267][INFO]: Done waiting for pending navigations. Status: ok
[1552407487.274][INFO]: Waiting for pending navigations...
[1552407487.275][INFO]: Done waiting for pending navigations. Status: ok
[1552407487.275][INFO]: [d7d9a3b2705bd48daf667e49c0a3d332] RESPONSE IsElementDisplayed true
[1552407487.276][INFO]: [d7d9a3b2705bd48daf667e49c0a3d332] COMMAND Screenshot {

}
[1552407487.276][INFO]: Waiting for pending navigations...
[1552407487.277][INFO]: Done waiting for pending navigations. Status: ok
[1552407487.575][INFO]: Waiting for pending navigations...
[1552407487.575][INFO]: Done waiting for pending navigations. Status: ok
[1552407487.575][INFO]: [d7d9a3b2705bd48daf667e49c0a3d332] RESPONSE Screenshot "iVBORw0KGgoAAAANSUhEUgAAB4AAAANRCAYAAAACj6FfAAAgAElEQVR4nOzde1RUZ57v/08VJVBWSoqLCIhoKYYg8QJtaCWxjZDJJDomUXulPZruniycmT7RnvwS7LP6d3TOzO+M6cmZxvSa0+rpXx85mcyM/tI90UyS0c5kGm1jRx3aRqPBioqigHIRLBCxuBTF7..."
[1552407487.592][INFO]: [d7d9a3b2705bd48daf667e49c0a3d332] COMMAND FindElement {
   "using": "id",
   "value": "step-7-link"
}
[1552407487.592][INFO]: Waiting for pending navigations...
[1552407487.593][INFO]: Done waiting for pending navigations. Status: ok
[1552407487.597][INFO]: Waiting for pending navigations...
[1552407487.598][INFO]: Done waiting for pending navigations. Status: ok
[1552407487.598][INFO]: [d7d9a3b2705bd48daf667e49c0a3d332] RESPONSE FindElement {
   "ELEMENT": "0.8587592853872008-14"
}
[1552407487.599][INFO]: [d7d9a3b2705bd48daf667e49c0a3d332] COMMAND GetElementText {
   "id": "0.8587592853872008-14"
}
[1552407487.599][INFO]: Waiting for pending navigations...
[1552407487.600][INFO]: Done waiting for pending navigations. Status: ok
[1552407487.610][INFO]: Waiting for pending navigations...
[1552407487.611][INFO]: Done waiting for pending navigations. Status: ok
[1552407487.611][INFO]: [d7d9a3b2705bd48daf667e49c0a3d332] RESPONSE GetElementText "Step 7: Independent Review"
[1552407487.614][INFO]: [d7d9a3b2705bd48daf667e49c0a3d332] COMMAND FindElement {
   "using": "id",
   "value": "step-7-link"
}
[1552407487.614][INFO]: Waiting for pending navigations...
[1552407487.615][INFO]: Done waiting for pending navigations. Status: ok
[1552407487.623][INFO]: Waiting for pending navigations...
[1552407487.625][INFO]: Done waiting for pending navigations. Status: ok
[1552407487.625][INFO]: [d7d9a3b2705bd48daf667e49c0a3d332] RESPONSE FindElement {
   "ELEMENT": "0.8587592853872008-14"
}
[1552407487.627][INFO]: [d7d9a3b2705bd48daf667e49c0a3d332] COMMAND GetElementAttribute {
   "id": "0.8587592853872008-14",
   "name": "href"
}
[1552407487.627][INFO]: Waiting for pending navigations...
[1552407487.628][INFO]: Done waiting for pending navigations. Status: ok
[1552407487.634][INFO]: Waiting for pending navigations...
[1552407487.635][INFO]: Done waiting for pending navigations. Status: ok
[1552407487.635][INFO]: [d7d9a3b2705bd48daf667e49c0a3d332] RESPONSE GetElementAttribute "http://54.81.86.222/steps/7"
[1552407487.637][INFO]: [d7d9a3b2705bd48daf667e49c0a3d332] COMMAND Screenshot {

}
[1552407487.637][INFO]: Waiting for pending navigations...
[1552407487.638][INFO]: Done waiting for pending navigations. Status: ok
[1552407487.982][INFO]: Waiting for pending navigations...
[1552407487.983][INFO]: Done waiting for pending navigations. Status: ok
[1552407487.983][INFO]: [d7d9a3b2705bd48daf667e49c0a3d332] RESPONSE Screenshot "iVBORw0KGgoAAAANSUhEUgAAB4AAAANRCAYAAAACj6FfAAAgAElEQVR4nOzde1RUZ57v/08VJVBWSoqLCIhoKYYg8QJtaCWxjZDJJDomUXulPZruniycmT7RnvwS7LP6d3TOzO+M6cmZxvSa0+rpXx85mcyM/tI90UyS0c5kGm1jRx3aRqPBioqigHIRLBCxuBTF7..."
[1552407488.005][INFO]: [d7d9a3b2705bd48daf667e49c0a3d332] COMMAND FindElement {
   "using": "id",
   "value": "step-8-link"
}
[1552407488.005][INFO]: Waiting for pending navigations...
[1552407488.006][INFO]: Done waiting for pending navigations. Status: ok
[1552407488.013][INFO]: Waiting for pending navigations...
[1552407488.013][INFO]: Done waiting for pending navigations. Status: ok
[1552407488.013][INFO]: [d7d9a3b2705bd48daf667e49c0a3d332] RESPONSE FindElement {
   "ELEMENT": "0.8587592853872008-15"
}
[1552407488.014][INFO]: [d7d9a3b2705bd48daf667e49c0a3d332] COMMAND IsElementDisplayed {
   "id": "0.8587592853872008-15"
}
[1552407488.015][INFO]: Waiting for pending navigations...
[1552407488.015][INFO]: Done waiting for pending navigations. Status: ok
[1552407488.023][INFO]: Waiting for pending navigations...
[1552407488.024][INFO]: Done waiting for pending navigations. Status: ok
[1552407488.024][INFO]: [d7d9a3b2705bd48daf667e49c0a3d332] RESPONSE IsElementDisplayed true
[1552407488.025][INFO]: [d7d9a3b2705bd48daf667e49c0a3d332] COMMAND Screenshot {

}
[1552407488.025][INFO]: Waiting for pending navigations...
[1552407488.027][INFO]: Done waiting for pending navigations. Status: ok
[1552407488.323][INFO]: Waiting for pending navigations...
[1552407488.325][INFO]: Done waiting for pending navigations. Status: ok
[1552407488.325][INFO]: [d7d9a3b2705bd48daf667e49c0a3d332] RESPONSE Screenshot "iVBORw0KGgoAAAANSUhEUgAAB4AAAANRCAYAAAACj6FfAAAgAElEQVR4nOzde1RUZ57v/08VJVBWSoqLCIhoKYYg8QJtaCWxjZDJJDomUXulPZruniycmT7RnvwS7LP6d3TOzO+M6cmZxvSa0+rpXx85mcyM/tI90UyS0c5kGm1jRx3aRqPBioqigHIRLBCxuBTF7..."
[1552407488.343][INFO]: [d7d9a3b2705bd48daf667e49c0a3d332] COMMAND FindElement {
   "using": "id",
   "value": "step-8-link"
}
[1552407488.343][INFO]: Waiting for pending navigations...
[1552407488.344][INFO]: Done waiting for pending navigations. Status: ok
[1552407488.347][INFO]: Waiting for pending navigations...
[1552407488.348][INFO]: Done waiting for pending navigations. Status: ok
[1552407488.348][INFO]: [d7d9a3b2705bd48daf667e49c0a3d332] RESPONSE FindElement {
   "ELEMENT": "0.8587592853872008-15"
}
[1552407488.349][INFO]: [d7d9a3b2705bd48daf667e49c0a3d332] COMMAND GetElementText {
   "id": "0.8587592853872008-15"
}
[1552407488.349][INFO]: Waiting for pending navigations...
[1552407488.350][INFO]: Done waiting for pending navigations. Status: ok
[1552407488.361][INFO]: Waiting for pending navigations...
[1552407488.362][INFO]: Done waiting for pending navigations. Status: ok
[1552407488.362][INFO]: [d7d9a3b2705bd48daf667e49c0a3d332] RESPONSE GetElementText "Step 8: Report Performance"
[1552407488.374][INFO]: [d7d9a3b2705bd48daf667e49c0a3d332] COMMAND FindElement {
   "using": "id",
   "value": "step-8-link"
}
[1552407488.374][INFO]: Waiting for pending navigations...
[1552407488.376][INFO]: Done waiting for pending navigations. Status: ok
[1552407488.385][INFO]: Waiting for pending navigations...
[1552407488.387][INFO]: Done waiting for pending navigations. Status: ok
[1552407488.387][INFO]: [d7d9a3b2705bd48daf667e49c0a3d332] RESPONSE FindElement {
   "ELEMENT": "0.8587592853872008-15"
}
[1552407488.389][INFO]: [d7d9a3b2705bd48daf667e49c0a3d332] COMMAND GetElementAttribute {
   "id": "0.8587592853872008-15",
   "name": "href"
}
[1552407488.389][INFO]: Waiting for pending navigations...
[1552407488.390][INFO]: Done waiting for pending navigations. Status: ok
[1552407488.397][INFO]: Waiting for pending navigations...
[1552407488.399][INFO]: Done waiting for pending navigations. Status: ok
[1552407488.399][INFO]: [d7d9a3b2705bd48daf667e49c0a3d332] RESPONSE GetElementAttribute "http://54.81.86.222/steps/8"
[1552407488.401][INFO]: [d7d9a3b2705bd48daf667e49c0a3d332] COMMAND Screenshot {

}
[1552407488.401][INFO]: Waiting for pending navigations...
[1552407488.402][INFO]: Done waiting for pending navigations. Status: ok
[1552407488.732][INFO]: Waiting for pending navigations...
[1552407488.733][INFO]: Done waiting for pending navigations. Status: ok
[1552407488.733][INFO]: [d7d9a3b2705bd48daf667e49c0a3d332] RESPONSE Screenshot "iVBORw0KGgoAAAANSUhEUgAAB4AAAANRCAYAAAACj6FfAAAgAElEQVR4nOzde1RUZ57v/08VJVBWSoqLCIhoKYYg8QJtaCWxjZDJJDomUXulPZruniycmT7RnvwS7LP6d3TOzO+M6cmZxvSa0+rpXx85mcyM/tI90UyS0c5kGm1jRx3aRqPBioqigHIRLBCxuBTF7..."
[1552407488.748][INFO]: [d7d9a3b2705bd48daf667e49c0a3d332] COMMAND FindElement {
   "using": "id",
   "value": "steps-dropdown"
}
[1552407488.748][INFO]: Waiting for pending navigations...
[1552407488.749][INFO]: Done waiting for pending navigations. Status: ok
[1552407488.752][INFO]: Waiting for pending navigations...
[1552407488.753][INFO]: Done waiting for pending navigations. Status: ok
[1552407488.753][INFO]: [d7d9a3b2705bd48daf667e49c0a3d332] RESPONSE FindElement {
   "ELEMENT": "0.8587592853872008-7"
}
[1552407488.754][INFO]: [d7d9a3b2705bd48daf667e49c0a3d332] COMMAND IsElementDisplayed {
   "id": "0.8587592853872008-7"
}
[1552407488.754][INFO]: Waiting for pending navigations...
[1552407488.755][INFO]: Done waiting for pending navigations. Status: ok
[1552407488.761][INFO]: Waiting for pending navigations...
[1552407488.762][INFO]: Done waiting for pending navigations. Status: ok
[1552407488.762][INFO]: [d7d9a3b2705bd48daf667e49c0a3d332] RESPONSE IsElementDisplayed true
[1552407488.779][INFO]: [d7d9a3b2705bd48daf667e49c0a3d332] COMMAND FindElement {
   "using": "id",
   "value": "steps-dropdown"
}
[1552407488.779][INFO]: Waiting for pending navigations...
[1552407488.780][INFO]: Done waiting for pending navigations. Status: ok
[1552407488.784][INFO]: Waiting for pending navigations...
[1552407488.785][INFO]: Done waiting for pending navigations. Status: ok
[1552407488.785][INFO]: [d7d9a3b2705bd48daf667e49c0a3d332] RESPONSE FindElement {
   "ELEMENT": "0.8587592853872008-7"
}
[1552407488.795][INFO]: [d7d9a3b2705bd48daf667e49c0a3d332] COMMAND ClickElement {
   "id": "0.8587592853872008-7"
}
[1552407488.795][INFO]: Waiting for pending navigations...
[1552407488.796][INFO]: Done waiting for pending navigations. Status: ok
[1552407488.852][INFO]: Waiting for pending navigations...
[1552407488.853][INFO]: Done waiting for pending navigations. Status: ok
[1552407488.853][INFO]: [d7d9a3b2705bd48daf667e49c0a3d332] RESPONSE ClickElement
[1552407488.855][INFO]: [d7d9a3b2705bd48daf667e49c0a3d332] COMMAND Screenshot {

}
[1552407488.855][INFO]: Waiting for pending navigations...
[1552407488.857][INFO]: Done waiting for pending navigations. Status: ok
[1552407489.241][INFO]: Waiting for pending navigations...
[1552407489.242][INFO]: Done waiting for pending navigations. Status: ok
[1552407489.242][INFO]: [d7d9a3b2705bd48daf667e49c0a3d332] RESPONSE Screenshot "iVBORw0KGgoAAAANSUhEUgAAB4AAAANRCAYAAAACj6FfAAAgAElEQVR4nOzde1RUZ57v/08VJVBWSoqLCIhoKYYg8QJt00piGyGTSXTsRO2V9mi6e7JwZnqiPfkl2Gf17+icOb8zpidnGtJrTqunf33kZDIz+kv3RDPpjHYmE7SNHXVoG40GKyqKIspFsEDE4lIUv..."
[1552407489.251][INFO]: [d7d9a3b2705bd48daf667e49c0a3d332] COMMAND FindElement {
   "using": "id",
   "value": "menu-btn"
}
[1552407489.251][INFO]: Waiting for pending navigations...
[1552407489.252][INFO]: Done waiting for pending navigations. Status: ok
[1552407489.256][INFO]: Waiting for pending navigations...
[1552407489.258][INFO]: Done waiting for pending navigations. Status: ok
[1552407489.258][INFO]: [d7d9a3b2705bd48daf667e49c0a3d332] RESPONSE FindElement {
   "ELEMENT": "0.8587592853872008-3"
}
[1552407489.260][INFO]: [d7d9a3b2705bd48daf667e49c0a3d332] COMMAND IsElementDisplayed {
   "id": "0.8587592853872008-3"
}
[1552407489.260][INFO]: Waiting for pending navigations...
[1552407489.261][INFO]: Done waiting for pending navigations. Status: ok
[1552407489.265][INFO]: Waiting for pending navigations...
[1552407489.266][INFO]: Done waiting for pending navigations. Status: ok
[1552407489.266][INFO]: [d7d9a3b2705bd48daf667e49c0a3d332] RESPONSE IsElementDisplayed true
[1552407489.268][INFO]: [d7d9a3b2705bd48daf667e49c0a3d332] COMMAND FindElement {
   "using": "id",
   "value": "menu-btn"
}
[1552407489.268][INFO]: Waiting for pending navigations...
[1552407489.268][INFO]: Done waiting for pending navigations. Status: ok
[1552407489.272][INFO]: Waiting for pending navigations...
[1552407489.274][INFO]: Done waiting for pending navigations. Status: ok
[1552407489.274][INFO]: [d7d9a3b2705bd48daf667e49c0a3d332] RESPONSE FindElement {
   "ELEMENT": "0.8587592853872008-3"
}
[1552407489.276][INFO]: [d7d9a3b2705bd48daf667e49c0a3d332] COMMAND ClickElement {
   "id": "0.8587592853872008-3"
}
[1552407489.276][INFO]: Waiting for pending navigations...
[1552407489.277][INFO]: Done waiting for pending navigations. Status: ok
[1552407489.319][INFO]: Waiting for pending navigations...
[1552407489.321][INFO]: Done waiting for pending navigations. Status: ok
[1552407489.321][INFO]: [d7d9a3b2705bd48daf667e49c0a3d332] RESPONSE ClickElement
[1552407489.325][INFO]: [d7d9a3b2705bd48daf667e49c0a3d332] COMMAND FindElement {
   "using": "id",
   "value": "menu-btn"
}
[1552407489.325][INFO]: Waiting for pending navigations...
[1552407489.327][INFO]: Done waiting for pending navigations. Status: ok
[1552407489.333][INFO]: Waiting for pending navigations...
[1552407489.334][INFO]: Done waiting for pending navigations. Status: ok
[1552407489.334][INFO]: [d7d9a3b2705bd48daf667e49c0a3d332] RESPONSE FindElement {
   "ELEMENT": "0.8587592853872008-3"
}
[1552407489.335][INFO]: [d7d9a3b2705bd48daf667e49c0a3d332] COMMAND GetElementText {
   "id": "0.8587592853872008-3"
}
[1552407489.335][INFO]: Waiting for pending navigations...
[1552407489.336][INFO]: Done waiting for pending navigations. Status: ok
[1552407489.345][INFO]: Waiting for pending navigations...
[1552407489.347][INFO]: Done waiting for pending navigations. Status: ok
[1552407489.347][INFO]: [d7d9a3b2705bd48daf667e49c0a3d332] RESPONSE GetElementText "Menu"
[1552407489.349][INFO]: [d7d9a3b2705bd48daf667e49c0a3d332] COMMAND Screenshot {

}
[1552407489.349][INFO]: Waiting for pending navigations...
[1552407489.350][INFO]: Done waiting for pending navigations. Status: ok
[1552407489.701][INFO]: Waiting for pending navigations...
[1552407489.702][INFO]: Done waiting for pending navigations. Status: ok
[1552407489.702][INFO]: [d7d9a3b2705bd48daf667e49c0a3d332] RESPONSE Screenshot "iVBORw0KGgoAAAANSUhEUgAAB4AAAANRCAYAAAACj6FfAAAgAElEQVR4nOzdaZSX9X03/vdvWGZYHZBdXAYxiogKrlBNFGKMWk2ExDQQbaM2aYK1TSH+00iTtgHv3AZM/00wd1IxvWOhjQZsTIsxRlySCtEEjERxQUBBGRZlhxlgZu4HLA4wgMCw/Xy9zplz5rqu7..."
[1552407489.712][INFO]: [d7d9a3b2705bd48daf667e49c0a3d332] COMMAND Quit {

}
[1552407489.759][INFO]: [d7d9a3b2705bd48daf667e49c0a3d332] RESPONSE Quit
