[1552404763.893][INFO]: Starting ChromeDriver 73.0.3683.68 (47787ec04b6e38e22703e856e101e840b65afe72)
[1552404763.893][INFO]: Please protect ports used by ChromeDriver and related test frameworks to prevent access by malicious code.
[1552404764.404][INFO]: [3ad185b9c62c3172adc82f569add0598] COMMAND InitSession {
   "capabilities": {
      "firstMatch": [ {
         "browserName": "chrome",
         "goog:chromeOptions": {
            "args": [ "chrome.switches", "--disable-extensions", "chrome.switches", "test-type", "chrome.switches", "start-maximized", "chrome.switches", "no-sandbox" ],
            "extensions": [  ],
            "useAutomationExtension": false
         }
      } ]
   },
   "desiredCapabilities": {
      "browserName": "chrome",
      "goog:chromeOptions": {
         "args": [ "chrome.switches", "--disable-extensions", "chrome.switches", "test-type", "chrome.switches", "start-maximized", "chrome.switches", "no-sandbox" ],
         "extensions": [  ],
         "useAutomationExtension": false
      }
   }
}
[1552404764.416][INFO]: Populating Preferences file: {
   "alternate_error_pages": {
      "enabled": false
   },
   "autofill": {
      "enabled": false
   },
   "browser": {
      "check_default_browser": false
   },
   "distribution": {
      "import_bookmarks": false,
      "import_history": false,
      "import_search_engine": false,
      "make_chrome_default_for_user": false,
      "skip_first_run_ui": true
   },
   "dns_prefetching": {
      "enabled": false
   },
   "profile": {
      "content_settings": {
         "pattern_pairs": {
            "https://*,*": {
               "media-stream": {
                  "audio": "Default",
                  "video": "Default"
               }
            }
         }
      },
      "default_content_setting_values": {
         "geolocation": 1
      },
      "default_content_settings": {
         "geolocation": 1,
         "mouselock": 1,
         "notifications": 1,
         "popups": 1,
         "ppapi-broker": 1
      },
      "password_manager_enabled": false
   },
   "safebrowsing": {
      "enabled": false
   },
   "search": {
      "suggest_enabled": false
   },
   "translate": {
      "enabled": false
   }
}
[1552404764.421][INFO]: Populating Local State file: {
   "background_mode": {
      "enabled": false
   },
   "ssl": {
      "rev_checking": {
         "enabled": false
      }
   }
}
[1552404764.427][INFO]: Launching chrome: "C:\Program Files (x86)\Google\Chrome\Application\chrome.exe" --chrome.switches --disable-background-networking --disable-client-side-phishing-detection --disable-default-apps --disable-extensions --disable-hang-monitor --disable-popup-blocking --disable-prompt-on-repost --disable-sync --disable-web-resources --enable-automation --enable-blink-features=ShadowDOMV0 --enable-logging --force-fieldtrials=SiteIsolationExtensions/Control --ignore-certificate-errors --log-level=0 --metrics-recording-only --no-first-run --no-sandbox --password-store=basic --remote-debugging-port=0 --start-maximized --test-type --use-mock-keychain --user-data-dir="C:\Users\KAVITH~1\AppData\Local\Temp\scoped_dir1228_2634" data:,
[1552404765.343][INFO]: resolved localhost to ["::1","127.0.0.1"]
[1552404766.388][INFO]: [3ad185b9c62c3172adc82f569add0598] RESPONSE InitSession {
   "acceptInsecureCerts": false,
   "acceptSslCerts": false,
   "applicationCacheEnabled": false,
   "browserConnectionEnabled": false,
   "browserName": "chrome",
   "chrome": {
      "chromedriverVersion": "73.0.3683.68 (47787ec04b6e38e22703e856e101e840b65afe72)",
      "userDataDir": "C:\\Users\\KAVITH~1\\AppData\\Local\\Temp\\scoped_dir1228_2634"
   },
   "cssSelectorsEnabled": true,
   "databaseEnabled": false,
   "goog:chromeOptions": {
      "debuggerAddress": "localhost:49242"
   },
   "handlesAlerts": true,
   "hasTouchScreen": false,
   "javascriptEnabled": true,
   "locationContextEnabled": true,
   "mobileEmulationEnabled": false,
   "nativeEvents": true,
   "networkConnectionEnabled": false,
   "pageLoadStrategy": "normal",
   "platform": "Windows NT",
   "proxy": {

   },
   "~~~": "..."
}
[1552404766.424][INFO]: [3ad185b9c62c3172adc82f569add0598] COMMAND MaximizeWindow {
   "handle": "current",
   "windowHandle": "current"
}
[1552404766.424][INFO]: Waiting for pending navigations...
[1552404766.435][INFO]: Done waiting for pending navigations. Status: ok
[1552404766.435][INFO]: resolved localhost to ["::1","127.0.0.1"]
[1552404767.449][INFO]: Waiting for pending navigations...
[1552404767.451][INFO]: Done waiting for pending navigations. Status: ok
[1552404767.451][INFO]: [3ad185b9c62c3172adc82f569add0598] RESPONSE MaximizeWindow {
   "height": 696,
   "width": 1296,
   "x": -8,
   "y": -8
}
[1552404767.459][INFO]: [3ad185b9c62c3172adc82f569add0598] COMMAND SetTimeouts {
   "ms": 30000,
   "type": "implicit"
}
[1552404767.459][INFO]: [3ad185b9c62c3172adc82f569add0598] RESPONSE SetTimeouts
[1552404767.468][INFO]: [3ad185b9c62c3172adc82f569add0598] COMMAND SetTimeouts {
   "ms": 60000,
   "type": "page load"
}
[1552404767.469][INFO]: [3ad185b9c62c3172adc82f569add0598] RESPONSE SetTimeouts
[1552404767.473][INFO]: [3ad185b9c62c3172adc82f569add0598] COMMAND Navigate {
   "url": "http://54.81.86.222/DOL-COMP/"
}
[1552404767.474][INFO]: Waiting for pending navigations...
[1552404767.475][INFO]: Done waiting for pending navigations. Status: ok
[1552404767.580][INFO]: Waiting for pending navigations...
[1552404768.274][INFO]: Done waiting for pending navigations. Status: ok
[1552404768.274][INFO]: [3ad185b9c62c3172adc82f569add0598] RESPONSE Navigate
[1552404768.283][INFO]: [3ad185b9c62c3172adc82f569add0598] COMMAND FindElement {
   "using": "id",
   "value": "brand-logo"
}
[1552404768.283][INFO]: Waiting for pending navigations...
[1552404768.285][INFO]: Done waiting for pending navigations. Status: ok
[1552404768.312][INFO]: Waiting for pending navigations...
[1552404768.313][INFO]: Done waiting for pending navigations. Status: ok
[1552404768.313][INFO]: [3ad185b9c62c3172adc82f569add0598] RESPONSE FindElement {
   "ELEMENT": "0.3127176203270299-1"
}
[1552404768.317][INFO]: [3ad185b9c62c3172adc82f569add0598] COMMAND IsElementDisplayed {
   "id": "0.3127176203270299-1"
}
[1552404768.317][INFO]: Waiting for pending navigations...
[1552404768.319][INFO]: Done waiting for pending navigations. Status: ok
[1552404768.346][INFO]: Waiting for pending navigations...
[1552404768.348][INFO]: Done waiting for pending navigations. Status: ok
[1552404768.348][INFO]: [3ad185b9c62c3172adc82f569add0598] RESPONSE IsElementDisplayed true
[1552404768.351][INFO]: [3ad185b9c62c3172adc82f569add0598] COMMAND Screenshot {

}
[1552404768.351][INFO]: Waiting for pending navigations...
[1552404768.352][INFO]: Done waiting for pending navigations. Status: ok
[1552404768.844][INFO]: Waiting for pending navigations...
[1552404768.845][INFO]: Done waiting for pending navigations. Status: ok
[1552404768.845][INFO]: [3ad185b9c62c3172adc82f569add0598] RESPONSE Screenshot "iVBORw0KGgoAAAANSUhEUgAAB4AAAANRCAYAAAACj6FfAAAgAElEQVR4nOzdeZRX9X0//udnWGYAwQHZxWUQo4io4ArVRDHGqNFESEwD0TZqkyZYu4D+0kiTtgG/+RpI+muC+SaVpN9YaKMBG9NijBWXpEI0BSNRXBBQUAZB2WFYZub7B4vDLjBs18fjnDln7r3v5..."
[1552404768.875][INFO]: [3ad185b9c62c3172adc82f569add0598] COMMAND FindElement {
   "using": "id",
   "value": "brand-name"
}
[1552404768.875][INFO]: Waiting for pending navigations...
[1552404768.877][INFO]: Done waiting for pending navigations. Status: ok
[1552404768.896][INFO]: Waiting for pending navigations...
[1552404768.897][INFO]: Done waiting for pending navigations. Status: ok
[1552404768.897][INFO]: [3ad185b9c62c3172adc82f569add0598] RESPONSE FindElement {
   "ELEMENT": "0.3127176203270299-2"
}
[1552404768.900][INFO]: [3ad185b9c62c3172adc82f569add0598] COMMAND IsElementDisplayed {
   "id": "0.3127176203270299-2"
}
[1552404768.900][INFO]: Waiting for pending navigations...
[1552404768.902][INFO]: Done waiting for pending navigations. Status: ok
[1552404768.922][INFO]: Waiting for pending navigations...
[1552404768.924][INFO]: Done waiting for pending navigations. Status: ok
[1552404768.924][INFO]: [3ad185b9c62c3172adc82f569add0598] RESPONSE IsElementDisplayed true
[1552404768.926][INFO]: [3ad185b9c62c3172adc82f569add0598] COMMAND Screenshot {

}
[1552404768.926][INFO]: Waiting for pending navigations...
[1552404768.928][INFO]: Done waiting for pending navigations. Status: ok
[1552404769.295][INFO]: Waiting for pending navigations...
[1552404769.297][INFO]: Done waiting for pending navigations. Status: ok
[1552404769.297][INFO]: [3ad185b9c62c3172adc82f569add0598] RESPONSE Screenshot "iVBORw0KGgoAAAANSUhEUgAAB4AAAANRCAYAAAACj6FfAAAgAElEQVR4nOzdeZRX9X0//udnWGYAwQHZxWUQo4io4ArVRDHGqNFESEwD0TZqkyZYu4D+0kiTtgG/+RpI+muC+SaVpN9YaKMBG9NijBWXpEI0BSNRXBBQUAZB2WFYZub7B4vDLjBs18fjnDln7r3v5..."
[1552404769.311][INFO]: [3ad185b9c62c3172adc82f569add0598] COMMAND FindElement {
   "using": "xpath",
   "value": "//div[@id='container']/div"
}
[1552404769.311][INFO]: Waiting for pending navigations...
[1552404769.312][INFO]: Done waiting for pending navigations. Status: ok
[1552404769.321][INFO]: Waiting for pending navigations...
[1552404769.322][INFO]: Done waiting for pending navigations. Status: ok
[1552404769.322][INFO]: [3ad185b9c62c3172adc82f569add0598] RESPONSE FindElement {
   "ELEMENT": "0.3127176203270299-3"
}
[1552404769.324][INFO]: [3ad185b9c62c3172adc82f569add0598] COMMAND IsElementDisplayed {
   "id": "0.3127176203270299-3"
}
[1552404769.324][INFO]: Waiting for pending navigations...
[1552404769.324][INFO]: Done waiting for pending navigations. Status: ok
[1552404769.342][INFO]: Waiting for pending navigations...
[1552404769.344][INFO]: Done waiting for pending navigations. Status: ok
[1552404769.344][INFO]: [3ad185b9c62c3172adc82f569add0598] RESPONSE IsElementDisplayed true
[1552404769.346][INFO]: [3ad185b9c62c3172adc82f569add0598] COMMAND Screenshot {

}
[1552404769.346][INFO]: Waiting for pending navigations...
[1552404769.348][INFO]: Done waiting for pending navigations. Status: ok
[1552404769.713][INFO]: Waiting for pending navigations...
[1552404769.714][INFO]: Done waiting for pending navigations. Status: ok
[1552404769.714][INFO]: [3ad185b9c62c3172adc82f569add0598] RESPONSE Screenshot "iVBORw0KGgoAAAANSUhEUgAAB4AAAANRCAYAAAACj6FfAAAgAElEQVR4nOzdeZRX9X0//udnWGYAwQHZxWUQo4io4ArVRDHGqNFESEwD0TZqkyZYu4D+0kiTtgG/+RpI+muC+SaVpN9YaKMBG9NijBWXpEI0BSNRXBBQUAZB2WFYZub7B4vDLjBs18fjnDln7r3v5..."
[1552404769.726][INFO]: [3ad185b9c62c3172adc82f569add0598] COMMAND FindElement {
   "using": "id",
   "value": "menu-btn"
}
[1552404769.726][INFO]: Waiting for pending navigations...
[1552404769.728][INFO]: Done waiting for pending navigations. Status: ok
[1552404769.742][INFO]: Waiting for pending navigations...
[1552404769.743][INFO]: Done waiting for pending navigations. Status: ok
[1552404769.743][INFO]: [3ad185b9c62c3172adc82f569add0598] RESPONSE FindElement {
   "ELEMENT": "0.3127176203270299-4"
}
[1552404769.746][INFO]: [3ad185b9c62c3172adc82f569add0598] COMMAND IsElementDisplayed {
   "id": "0.3127176203270299-4"
}
[1552404769.746][INFO]: Waiting for pending navigations...
[1552404769.747][INFO]: Done waiting for pending navigations. Status: ok
[1552404769.761][INFO]: Waiting for pending navigations...
[1552404769.762][INFO]: Done waiting for pending navigations. Status: ok
[1552404769.762][INFO]: [3ad185b9c62c3172adc82f569add0598] RESPONSE IsElementDisplayed true
[1552404769.764][INFO]: [3ad185b9c62c3172adc82f569add0598] COMMAND Screenshot {

}
[1552404769.764][INFO]: Waiting for pending navigations...
[1552404769.765][INFO]: Done waiting for pending navigations. Status: ok
[1552404770.112][INFO]: Waiting for pending navigations...
[1552404770.113][INFO]: Done waiting for pending navigations. Status: ok
[1552404770.113][INFO]: [3ad185b9c62c3172adc82f569add0598] RESPONSE Screenshot "iVBORw0KGgoAAAANSUhEUgAAB4AAAANRCAYAAAACj6FfAAAgAElEQVR4nOzdeZRX9X0//udnWGYAwQHZxWUQo4io4ArVRDHGqNFESEwD0TZqkyZYu4D+0kiTtgG/+RpI+muC+SaVpN9YaKMBG9NijBWXpEI0BSNRXBBQUAZB2WFYZub7B4vDLjBs18fjnDln7r3v5..."
[1552404770.126][INFO]: [3ad185b9c62c3172adc82f569add0598] COMMAND FindElement {
   "using": "id",
   "value": "menu-btn"
}
[1552404770.126][INFO]: Waiting for pending navigations...
[1552404770.128][INFO]: Done waiting for pending navigations. Status: ok
[1552404770.133][INFO]: Waiting for pending navigations...
[1552404770.134][INFO]: Done waiting for pending navigations. Status: ok
[1552404770.134][INFO]: [3ad185b9c62c3172adc82f569add0598] RESPONSE FindElement {
   "ELEMENT": "0.3127176203270299-4"
}
[1552404770.157][INFO]: [3ad185b9c62c3172adc82f569add0598] COMMAND ClickElement {
   "id": "0.3127176203270299-4"
}
[1552404770.157][INFO]: Waiting for pending navigations...
[1552404770.158][INFO]: Done waiting for pending navigations. Status: ok
[1552404770.283][INFO]: Waiting for pending navigations...
[1552404770.285][INFO]: Done waiting for pending navigations. Status: ok
[1552404770.285][INFO]: [3ad185b9c62c3172adc82f569add0598] RESPONSE ClickElement
[1552404771.306][INFO]: [3ad185b9c62c3172adc82f569add0598] COMMAND FindElement {
   "using": "id",
   "value": "fr-btn"
}
[1552404771.306][INFO]: Waiting for pending navigations...
[1552404771.307][INFO]: Done waiting for pending navigations. Status: ok
[1552404771.315][INFO]: Waiting for pending navigations...
[1552404771.316][INFO]: Done waiting for pending navigations. Status: ok
[1552404771.316][INFO]: [3ad185b9c62c3172adc82f569add0598] RESPONSE FindElement {
   "ELEMENT": "0.3127176203270299-5"
}
[1552404771.323][INFO]: [3ad185b9c62c3172adc82f569add0598] COMMAND ClickElement {
   "id": "0.3127176203270299-5"
}
[1552404771.323][INFO]: Waiting for pending navigations...
[1552404771.324][INFO]: Done waiting for pending navigations. Status: ok
[1552404771.366][INFO]: Waiting for pending navigations...
[1552404771.371][INFO]: Done waiting for pending navigations. Status: ok
[1552404771.371][INFO]: [3ad185b9c62c3172adc82f569add0598] RESPONSE ClickElement
[1552404772.391][INFO]: [3ad185b9c62c3172adc82f569add0598] COMMAND FindElement {
   "using": "id",
   "value": "menu-btn"
}
[1552404772.391][INFO]: Waiting for pending navigations...
[1552404772.392][INFO]: Done waiting for pending navigations. Status: ok
[1552404772.400][INFO]: Waiting for pending navigations...
[1552404772.401][INFO]: Done waiting for pending navigations. Status: ok
[1552404772.401][INFO]: [3ad185b9c62c3172adc82f569add0598] RESPONSE FindElement {
   "ELEMENT": "0.3127176203270299-4"
}
[1552404772.403][INFO]: [3ad185b9c62c3172adc82f569add0598] COMMAND GetElementText {
   "id": "0.3127176203270299-4"
}
[1552404772.403][INFO]: Waiting for pending navigations...
[1552404772.405][INFO]: Done waiting for pending navigations. Status: ok
[1552404772.441][INFO]: Waiting for pending navigations...
[1552404772.443][INFO]: Done waiting for pending navigations. Status: ok
[1552404772.443][INFO]: [3ad185b9c62c3172adc82f569add0598] RESPONSE GetElementText "Fermer"
[1552404772.446][INFO]: [3ad185b9c62c3172adc82f569add0598] COMMAND Screenshot {

}
[1552404772.447][INFO]: Waiting for pending navigations...
[1552404772.448][INFO]: Done waiting for pending navigations. Status: ok
[1552404772.824][INFO]: Waiting for pending navigations...
[1552404772.825][INFO]: Done waiting for pending navigations. Status: ok
[1552404772.825][INFO]: [3ad185b9c62c3172adc82f569add0598] RESPONSE Screenshot "iVBORw0KGgoAAAANSUhEUgAAB4AAAANRCAYAAAACj6FfAAAgAElEQVR4nOzde1SV553//c/ebA7bHXRzEAERRUCzJR6g1CqJtUImk+pYq3alDrbNdOl0MtGZPlEyK2t0Zn6/GTOPz1TN6m/UX5+O/Dqdmfikmaq1GW0nE3CIrVpqwWiQeAQBAQm4QcTNYbN5/uB0g..."
[1552404772.839][INFO]: [3ad185b9c62c3172adc82f569add0598] COMMAND FindElement {
   "using": "id",
   "value": "menu-btn"
}
[1552404772.839][INFO]: Waiting for pending navigations...
[1552404772.840][INFO]: Done waiting for pending navigations. Status: ok
[1552404772.845][INFO]: Waiting for pending navigations...
[1552404772.846][INFO]: Done waiting for pending navigations. Status: ok
[1552404772.846][INFO]: [3ad185b9c62c3172adc82f569add0598] RESPONSE FindElement {
   "ELEMENT": "0.3127176203270299-4"
}
[1552404772.851][INFO]: [3ad185b9c62c3172adc82f569add0598] COMMAND ClickElement {
   "id": "0.3127176203270299-4"
}
[1552404772.851][INFO]: Waiting for pending navigations...
[1552404772.853][INFO]: Done waiting for pending navigations. Status: ok
[1552404772.917][INFO]: Waiting for pending navigations...
[1552404772.918][INFO]: Done waiting for pending navigations. Status: ok
[1552404772.918][INFO]: [3ad185b9c62c3172adc82f569add0598] RESPONSE ClickElement
[1552404772.923][INFO]: [3ad185b9c62c3172adc82f569add0598] COMMAND FindElement {
   "using": "id",
   "value": "menu-btn"
}
[1552404772.923][INFO]: Waiting for pending navigations...
[1552404772.926][INFO]: Done waiting for pending navigations. Status: ok
[1552404772.938][INFO]: Waiting for pending navigations...
[1552404772.939][INFO]: Done waiting for pending navigations. Status: ok
[1552404772.939][INFO]: [3ad185b9c62c3172adc82f569add0598] RESPONSE FindElement {
   "ELEMENT": "0.3127176203270299-4"
}
[1552404772.942][INFO]: [3ad185b9c62c3172adc82f569add0598] COMMAND GetElementText {
   "id": "0.3127176203270299-4"
}
[1552404772.942][INFO]: Waiting for pending navigations...
[1552404772.943][INFO]: Done waiting for pending navigations. Status: ok
[1552404772.958][INFO]: Waiting for pending navigations...
[1552404772.960][INFO]: Done waiting for pending navigations. Status: ok
[1552404772.960][INFO]: [3ad185b9c62c3172adc82f569add0598] RESPONSE GetElementText "Menu"
[1552404772.962][INFO]: [3ad185b9c62c3172adc82f569add0598] COMMAND Screenshot {

}
[1552404772.962][INFO]: Waiting for pending navigations...
[1552404772.964][INFO]: Done waiting for pending navigations. Status: ok
[1552404773.354][INFO]: Waiting for pending navigations...
[1552404773.355][INFO]: Done waiting for pending navigations. Status: ok
[1552404773.355][INFO]: [3ad185b9c62c3172adc82f569add0598] RESPONSE Screenshot "iVBORw0KGgoAAAANSUhEUgAAB4AAAANRCAYAAAACj6FfAAAgAElEQVR4nOzde7jWZZ0v/vfDaS1AcIHIKU8LMQVEBQ8Jo6mQmjpqQtkO0pnUqV00zQFyt5Nq9gjtfg7Y/KaoXaM1WweaMDBtBjNHRHPE1MAkxAMCCsrioJxhLWCttf/gtIC1QGBxeny9ruu5ruf7/..."
[1552404773.376][INFO]: [3ad185b9c62c3172adc82f569add0598] COMMAND FindElement {
   "using": "id",
   "value": "bookmarks-link"
}
[1552404773.376][INFO]: Waiting for pending navigations...
[1552404773.377][INFO]: Done waiting for pending navigations. Status: ok
[1552404773.385][INFO]: Waiting for pending navigations...
[1552404773.386][INFO]: Done waiting for pending navigations. Status: ok
[1552404773.386][INFO]: [3ad185b9c62c3172adc82f569add0598] RESPONSE FindElement {
   "ELEMENT": "0.3127176203270299-6"
}
[1552404773.388][INFO]: [3ad185b9c62c3172adc82f569add0598] COMMAND IsElementDisplayed {
   "id": "0.3127176203270299-6"
}
[1552404773.388][INFO]: Waiting for pending navigations...
[1552404773.389][INFO]: Done waiting for pending navigations. Status: ok
[1552404773.403][INFO]: Waiting for pending navigations...
[1552404773.405][INFO]: Done waiting for pending navigations. Status: ok
[1552404773.405][INFO]: [3ad185b9c62c3172adc82f569add0598] RESPONSE IsElementDisplayed true
[1552404773.407][INFO]: [3ad185b9c62c3172adc82f569add0598] COMMAND Screenshot {

}
[1552404773.407][INFO]: Waiting for pending navigations...
[1552404773.408][INFO]: Done waiting for pending navigations. Status: ok
[1552404773.781][INFO]: Waiting for pending navigations...
[1552404773.782][INFO]: Done waiting for pending navigations. Status: ok
[1552404773.782][INFO]: [3ad185b9c62c3172adc82f569add0598] RESPONSE Screenshot "iVBORw0KGgoAAAANSUhEUgAAB4AAAANRCAYAAAACj6FfAAAgAElEQVR4nOzdeZSW5Z0n/O/DVgUIFsget0KMAqKCS4TWqBg1aqsREjOBaHfUTiYhne5piG8mkmSmhUxeG5J+OyGZpCXp0YZ0MGA03RjjiGhsMWrASBAXBBSUYlF2qAKq6v2DrYAqECi2x8/nnOec5..."
[1552404773.808][INFO]: [3ad185b9c62c3172adc82f569add0598] COMMAND FindElement {
   "using": "id",
   "value": "bookmarks-link"
}
[1552404773.808][INFO]: Waiting for pending navigations...
[1552404773.809][INFO]: Done waiting for pending navigations. Status: ok
[1552404773.820][INFO]: Waiting for pending navigations...
[1552404773.822][INFO]: Done waiting for pending navigations. Status: ok
[1552404773.822][INFO]: [3ad185b9c62c3172adc82f569add0598] RESPONSE FindElement {
   "ELEMENT": "0.3127176203270299-6"
}
[1552404773.843][INFO]: [3ad185b9c62c3172adc82f569add0598] COMMAND FindChildElement {
   "id": "0.3127176203270299-6",
   "using": "tag name",
   "value": "span"
}
[1552404773.843][INFO]: Waiting for pending navigations...
[1552404773.845][INFO]: Done waiting for pending navigations. Status: ok
[1552404773.872][INFO]: Waiting for pending navigations...
[1552404773.875][INFO]: Done waiting for pending navigations. Status: ok
[1552404773.875][INFO]: [3ad185b9c62c3172adc82f569add0598] RESPONSE FindChildElement {
   "ELEMENT": "0.3127176203270299-7"
}
[1552404773.878][INFO]: [3ad185b9c62c3172adc82f569add0598] COMMAND GetElementText {
   "id": "0.3127176203270299-7"
}
[1552404773.878][INFO]: Waiting for pending navigations...
[1552404773.880][INFO]: Done waiting for pending navigations. Status: ok
[1552404773.916][INFO]: Waiting for pending navigations...
[1552404773.918][INFO]: Done waiting for pending navigations. Status: ok
[1552404773.918][INFO]: [3ad185b9c62c3172adc82f569add0598] RESPONSE GetElementText "Bookmarks"
[1552404773.925][INFO]: [3ad185b9c62c3172adc82f569add0598] COMMAND FindElement {
   "using": "id",
   "value": "bookmarks-link"
}
[1552404773.925][INFO]: Waiting for pending navigations...
[1552404773.927][INFO]: Done waiting for pending navigations. Status: ok
[1552404773.942][INFO]: Waiting for pending navigations...
[1552404773.944][INFO]: Done waiting for pending navigations. Status: ok
[1552404773.944][INFO]: [3ad185b9c62c3172adc82f569add0598] RESPONSE FindElement {
   "ELEMENT": "0.3127176203270299-6"
}
[1552404773.947][INFO]: [3ad185b9c62c3172adc82f569add0598] COMMAND GetElementAttribute {
   "id": "0.3127176203270299-6",
   "name": "href"
}
[1552404773.947][INFO]: Waiting for pending navigations...
[1552404773.949][INFO]: Done waiting for pending navigations. Status: ok
[1552404773.958][INFO]: Waiting for pending navigations...
[1552404773.960][INFO]: Done waiting for pending navigations. Status: ok
[1552404773.960][INFO]: [3ad185b9c62c3172adc82f569add0598] RESPONSE GetElementAttribute "http://54.81.86.222/bookmarks"
[1552404773.963][INFO]: [3ad185b9c62c3172adc82f569add0598] COMMAND Screenshot {

}
[1552404773.963][INFO]: Waiting for pending navigations...
[1552404773.965][INFO]: Done waiting for pending navigations. Status: ok
[1552404774.343][INFO]: Waiting for pending navigations...
[1552404774.345][INFO]: Done waiting for pending navigations. Status: ok
[1552404774.345][INFO]: [3ad185b9c62c3172adc82f569add0598] RESPONSE Screenshot "iVBORw0KGgoAAAANSUhEUgAAB4AAAANRCAYAAAACj6FfAAAgAElEQVR4nOzdeZSW5Z0n/O/DVgUIFsget0KMAqKCS4TWqBg1aqsREjOBaHfUTiYhne5piG8mkmSmhUxeG5J+OyGZpCXp0YZ0MGA03RjjiGhsMWrASBAXBBSUYlF2qAKq6v2DrYAqECi2x8/nnOec5..."
[1552404774.358][INFO]: [3ad185b9c62c3172adc82f569add0598] COMMAND FindElement {
   "using": "id",
   "value": "search-link"
}
[1552404774.358][INFO]: Waiting for pending navigations...
[1552404774.360][INFO]: Done waiting for pending navigations. Status: ok
[1552404774.372][INFO]: Waiting for pending navigations...
[1552404774.374][INFO]: Done waiting for pending navigations. Status: ok
[1552404774.374][INFO]: [3ad185b9c62c3172adc82f569add0598] RESPONSE FindElement {
   "ELEMENT": "0.3127176203270299-8"
}
[1552404774.375][INFO]: [3ad185b9c62c3172adc82f569add0598] COMMAND IsElementDisplayed {
   "id": "0.3127176203270299-8"
}
[1552404774.375][INFO]: Waiting for pending navigations...
[1552404774.377][INFO]: Done waiting for pending navigations. Status: ok
[1552404774.397][INFO]: Waiting for pending navigations...
[1552404774.399][INFO]: Done waiting for pending navigations. Status: ok
[1552404774.399][INFO]: [3ad185b9c62c3172adc82f569add0598] RESPONSE IsElementDisplayed true
[1552404774.402][INFO]: [3ad185b9c62c3172adc82f569add0598] COMMAND Screenshot {

}
[1552404774.402][INFO]: Waiting for pending navigations...
[1552404774.405][INFO]: Done waiting for pending navigations. Status: ok
[1552404774.770][INFO]: Waiting for pending navigations...
[1552404774.772][INFO]: Done waiting for pending navigations. Status: ok
[1552404774.772][INFO]: [3ad185b9c62c3172adc82f569add0598] RESPONSE Screenshot "iVBORw0KGgoAAAANSUhEUgAAB4AAAANRCAYAAAACj6FfAAAgAElEQVR4nOzdeZSW5Z0n/O/DVgUIFsget0KMAqKCS4TWqBg1aqsREjOBaHfUTiYhne5piG8mkmSmhUxeG5J+OyGZpCXp0YZ0MGA03RjjiGhsMWrASBAXBBSUYlF2qAKq6v2DrYAqECi2x8/nnOec5..."
[1552404774.790][INFO]: [3ad185b9c62c3172adc82f569add0598] COMMAND FindElement {
   "using": "id",
   "value": "search-link"
}
[1552404774.790][INFO]: Waiting for pending navigations...
[1552404774.791][INFO]: Done waiting for pending navigations. Status: ok
[1552404774.797][INFO]: Waiting for pending navigations...
[1552404774.798][INFO]: Done waiting for pending navigations. Status: ok
[1552404774.798][INFO]: [3ad185b9c62c3172adc82f569add0598] RESPONSE FindElement {
   "ELEMENT": "0.3127176203270299-8"
}
[1552404774.811][INFO]: [3ad185b9c62c3172adc82f569add0598] COMMAND FindChildElement {
   "id": "0.3127176203270299-8",
   "using": "tag name",
   "value": "span"
}
[1552404774.811][INFO]: Waiting for pending navigations...
[1552404774.812][INFO]: Done waiting for pending navigations. Status: ok
[1552404774.839][INFO]: Waiting for pending navigations...
[1552404774.841][INFO]: Done waiting for pending navigations. Status: ok
[1552404774.842][INFO]: [3ad185b9c62c3172adc82f569add0598] RESPONSE FindChildElement {
   "ELEMENT": "0.3127176203270299-9"
}
[1552404774.844][INFO]: [3ad185b9c62c3172adc82f569add0598] COMMAND GetElementText {
   "id": "0.3127176203270299-9"
}
[1552404774.845][INFO]: Waiting for pending navigations...
[1552404774.848][INFO]: Done waiting for pending navigations. Status: ok
[1552404774.883][INFO]: Waiting for pending navigations...
[1552404774.887][INFO]: Done waiting for pending navigations. Status: ok
[1552404774.887][INFO]: [3ad185b9c62c3172adc82f569add0598] RESPONSE GetElementText "Rechercher"
[1552404774.891][INFO]: [3ad185b9c62c3172adc82f569add0598] COMMAND FindElement {
   "using": "id",
   "value": "search-link"
}
[1552404774.891][INFO]: Waiting for pending navigations...
[1552404774.893][INFO]: Done waiting for pending navigations. Status: ok
[1552404774.907][INFO]: Waiting for pending navigations...
[1552404774.909][INFO]: Done waiting for pending navigations. Status: ok
[1552404774.909][INFO]: [3ad185b9c62c3172adc82f569add0598] RESPONSE FindElement {
   "ELEMENT": "0.3127176203270299-8"
}
[1552404774.912][INFO]: [3ad185b9c62c3172adc82f569add0598] COMMAND GetElementAttribute {
   "id": "0.3127176203270299-8",
   "name": "href"
}
[1552404774.912][INFO]: Waiting for pending navigations...
[1552404774.914][INFO]: Done waiting for pending navigations. Status: ok
[1552404774.923][INFO]: Waiting for pending navigations...
[1552404774.925][INFO]: Done waiting for pending navigations. Status: ok
[1552404774.925][INFO]: [3ad185b9c62c3172adc82f569add0598] RESPONSE GetElementAttribute "http://54.81.86.222/search"
[1552404774.928][INFO]: [3ad185b9c62c3172adc82f569add0598] COMMAND Screenshot {

}
[1552404774.928][INFO]: Waiting for pending navigations...
[1552404774.930][INFO]: Done waiting for pending navigations. Status: ok
[1552404775.278][INFO]: Waiting for pending navigations...
[1552404775.280][INFO]: Done waiting for pending navigations. Status: ok
[1552404775.280][INFO]: [3ad185b9c62c3172adc82f569add0598] RESPONSE Screenshot "iVBORw0KGgoAAAANSUhEUgAAB4AAAANRCAYAAAACj6FfAAAgAElEQVR4nOzdeZSW5Z0n/O/DVgUIFsget0KMAqKCS4TWqBg1aqsREjOBaHfUTiYhne5piG8mkmSmhUxeG5J+OyGZpCXp0YZ0MGA03RjjiGhsMWrASBAXBBSUYlF2qAKq6v2DrYAqECi2x8/nnOec5..."
[1552404775.298][INFO]: [3ad185b9c62c3172adc82f569add0598] COMMAND FindElement {
   "using": "id",
   "value": "share-link"
}
[1552404775.298][INFO]: Waiting for pending navigations...
[1552404775.300][INFO]: Done waiting for pending navigations. Status: ok
[1552404775.316][INFO]: Waiting for pending navigations...
[1552404775.317][INFO]: Done waiting for pending navigations. Status: ok
[1552404775.318][INFO]: [3ad185b9c62c3172adc82f569add0598] RESPONSE FindElement {
   "ELEMENT": "0.3127176203270299-10"
}
[1552404775.320][INFO]: [3ad185b9c62c3172adc82f569add0598] COMMAND IsElementDisplayed {
   "id": "0.3127176203270299-10"
}
[1552404775.320][INFO]: Waiting for pending navigations...
[1552404775.322][INFO]: Done waiting for pending navigations. Status: ok
[1552404775.346][INFO]: Waiting for pending navigations...
[1552404775.348][INFO]: Done waiting for pending navigations. Status: ok
[1552404775.348][INFO]: [3ad185b9c62c3172adc82f569add0598] RESPONSE IsElementDisplayed true
[1552404775.351][INFO]: [3ad185b9c62c3172adc82f569add0598] COMMAND Screenshot {

}
[1552404775.351][INFO]: Waiting for pending navigations...
[1552404775.353][INFO]: Done waiting for pending navigations. Status: ok
[1552404775.729][INFO]: Waiting for pending navigations...
[1552404775.731][INFO]: Done waiting for pending navigations. Status: ok
[1552404775.731][INFO]: [3ad185b9c62c3172adc82f569add0598] RESPONSE Screenshot "iVBORw0KGgoAAAANSUhEUgAAB4AAAANRCAYAAAACj6FfAAAgAElEQVR4nOzdeZSW5Z0n/O/DVgUIFsget0KMAqKCS4TWqBg1aqsREjOBaHfUTiYhne5piG8mkmSmhUxeG5J+OyGZpCXp0YZ0MGA03RjjiGhsMWrASBAXBBSUYlF2qAKq6v2DrYAqECi2x8/nnOec5..."
[1552404775.774][INFO]: [3ad185b9c62c3172adc82f569add0598] COMMAND FindElement {
   "using": "id",
   "value": "share-link"
}
[1552404775.774][INFO]: Waiting for pending navigations...
[1552404775.776][INFO]: Done waiting for pending navigations. Status: ok
[1552404775.790][INFO]: Waiting for pending navigations...
[1552404775.792][INFO]: Done waiting for pending navigations. Status: ok
[1552404775.792][INFO]: [3ad185b9c62c3172adc82f569add0598] RESPONSE FindElement {
   "ELEMENT": "0.3127176203270299-10"
}
[1552404775.798][INFO]: [3ad185b9c62c3172adc82f569add0598] COMMAND FindChildElement {
   "id": "0.3127176203270299-10",
   "using": "tag name",
   "value": "span"
}
[1552404775.798][INFO]: Waiting for pending navigations...
[1552404775.800][INFO]: Done waiting for pending navigations. Status: ok
[1552404775.827][INFO]: Waiting for pending navigations...
[1552404775.829][INFO]: Done waiting for pending navigations. Status: ok
[1552404775.829][INFO]: [3ad185b9c62c3172adc82f569add0598] RESPONSE FindChildElement {
   "ELEMENT": "0.3127176203270299-11"
}
[1552404775.832][INFO]: [3ad185b9c62c3172adc82f569add0598] COMMAND GetElementText {
   "id": "0.3127176203270299-11"
}
[1552404775.832][INFO]: Waiting for pending navigations...
[1552404775.834][INFO]: Done waiting for pending navigations. Status: ok
[1552404775.869][INFO]: Waiting for pending navigations...
[1552404775.871][INFO]: Done waiting for pending navigations. Status: ok
[1552404775.871][INFO]: [3ad185b9c62c3172adc82f569add0598] RESPONSE GetElementText "Share"
[1552404775.891][INFO]: [3ad185b9c62c3172adc82f569add0598] COMMAND FindElement {
   "using": "id",
   "value": "share-link"
}
[1552404775.891][INFO]: Waiting for pending navigations...
[1552404775.893][INFO]: Done waiting for pending navigations. Status: ok
[1552404775.907][INFO]: Waiting for pending navigations...
[1552404775.911][INFO]: Done waiting for pending navigations. Status: ok
[1552404775.911][INFO]: [3ad185b9c62c3172adc82f569add0598] RESPONSE FindElement {
   "ELEMENT": "0.3127176203270299-10"
}
[1552404775.914][INFO]: [3ad185b9c62c3172adc82f569add0598] COMMAND GetElementAttribute {
   "id": "0.3127176203270299-10",
   "name": "href"
}
[1552404775.914][INFO]: Waiting for pending navigations...
[1552404775.916][INFO]: Done waiting for pending navigations. Status: ok
[1552404775.925][INFO]: Waiting for pending navigations...
[1552404775.927][INFO]: Done waiting for pending navigations. Status: ok
[1552404775.927][INFO]: [3ad185b9c62c3172adc82f569add0598] RESPONSE GetElementAttribute null
[1552404775.934][INFO]: [3ad185b9c62c3172adc82f569add0598] COMMAND Screenshot {

}
[1552404775.934][INFO]: Waiting for pending navigations...
[1552404775.937][INFO]: Done waiting for pending navigations. Status: ok
[1552404776.295][INFO]: Waiting for pending navigations...
[1552404776.297][INFO]: Done waiting for pending navigations. Status: ok
[1552404776.297][INFO]: [3ad185b9c62c3172adc82f569add0598] RESPONSE Screenshot "iVBORw0KGgoAAAANSUhEUgAAB4AAAANRCAYAAAACj6FfAAAgAElEQVR4nOzdeZSW5Z0n/O/DVgUIFsget0KMAqKCS4TWqBg1aqsREjOBaHfUTiYhne5piG8mkmSmhUxeG5J+OyGZpCXp0YZ0MGA03RjjiGhsMWrASBAXBBSUYlF2qAKq6v2DrYAqECi2x8/nnOec5..."
[1552404776.310][INFO]: [3ad185b9c62c3172adc82f569add0598] COMMAND Quit {

}
[1552404776.390][INFO]: [3ad185b9c62c3172adc82f569add0598] RESPONSE Quit
