[1552092114.527][INFO]: Starting ChromeDriver 73.0.3683.68 (47787ec04b6e38e22703e856e101e840b65afe72)
[1552092114.527][INFO]: Please protect ports used by ChromeDriver and related test frameworks to prevent access by malicious code.
[1552092115.023][INFO]: [e4269f1ec0ad91ee898bc46cba76f337] COMMAND InitSession {
   "capabilities": {
      "firstMatch": [ {
         "browserName": "chrome",
         "goog:chromeOptions": {
            "args": [ "chrome.switches", "--disable-extensions", "chrome.switches", "test-type", "chrome.switches", "start-maximized", "chrome.switches", "no-sandbox" ],
            "extensions": [  ],
            "useAutomationExtension": false
         }
      } ]
   },
   "desiredCapabilities": {
      "browserName": "chrome",
      "goog:chromeOptions": {
         "args": [ "chrome.switches", "--disable-extensions", "chrome.switches", "test-type", "chrome.switches", "start-maximized", "chrome.switches", "no-sandbox" ],
         "extensions": [  ],
         "useAutomationExtension": false
      }
   }
}
[1552092115.028][INFO]: Populating Preferences file: {
   "alternate_error_pages": {
      "enabled": false
   },
   "autofill": {
      "enabled": false
   },
   "browser": {
      "check_default_browser": false
   },
   "distribution": {
      "import_bookmarks": false,
      "import_history": false,
      "import_search_engine": false,
      "make_chrome_default_for_user": false,
      "skip_first_run_ui": true
   },
   "dns_prefetching": {
      "enabled": false
   },
   "profile": {
      "content_settings": {
         "pattern_pairs": {
            "https://*,*": {
               "media-stream": {
                  "audio": "Default",
                  "video": "Default"
               }
            }
         }
      },
      "default_content_setting_values": {
         "geolocation": 1
      },
      "default_content_settings": {
         "geolocation": 1,
         "mouselock": 1,
         "notifications": 1,
         "popups": 1,
         "ppapi-broker": 1
      },
      "password_manager_enabled": false
   },
   "safebrowsing": {
      "enabled": false
   },
   "search": {
      "suggest_enabled": false
   },
   "translate": {
      "enabled": false
   }
}
[1552092115.037][INFO]: Populating Local State file: {
   "background_mode": {
      "enabled": false
   },
   "ssl": {
      "rev_checking": {
         "enabled": false
      }
   }
}
[1552092115.043][INFO]: Launching chrome: "C:\Program Files (x86)\Google\Chrome\Application\chrome.exe" --chrome.switches --disable-background-networking --disable-client-side-phishing-detection --disable-default-apps --disable-extensions --disable-hang-monitor --disable-popup-blocking --disable-prompt-on-repost --disable-sync --disable-web-resources --enable-automation --enable-blink-features=ShadowDOMV0 --enable-logging --force-fieldtrials=SiteIsolationExtensions/Control --ignore-certificate-errors --log-level=0 --metrics-recording-only --no-first-run --no-sandbox --password-store=basic --remote-debugging-port=0 --start-maximized --test-type --use-mock-keychain --user-data-dir="C:\Users\KAVITH~1\AppData\Local\Temp\scoped_dir34520_28955" data:,
[1552092117.727][INFO]: resolved localhost to ["::1","127.0.0.1"]
[1552092118.962][INFO]: [e4269f1ec0ad91ee898bc46cba76f337] RESPONSE InitSession {
   "acceptInsecureCerts": false,
   "acceptSslCerts": false,
   "applicationCacheEnabled": false,
   "browserConnectionEnabled": false,
   "browserName": "chrome",
   "chrome": {
      "chromedriverVersion": "73.0.3683.68 (47787ec04b6e38e22703e856e101e840b65afe72)",
      "userDataDir": "C:\\Users\\KAVITH~1\\AppData\\Local\\Temp\\scoped_dir34520_28955"
   },
   "cssSelectorsEnabled": true,
   "databaseEnabled": false,
   "goog:chromeOptions": {
      "debuggerAddress": "localhost:49576"
   },
   "handlesAlerts": true,
   "hasTouchScreen": false,
   "javascriptEnabled": true,
   "locationContextEnabled": true,
   "mobileEmulationEnabled": false,
   "nativeEvents": true,
   "networkConnectionEnabled": false,
   "pageLoadStrategy": "normal",
   "platform": "Windows NT",
   "proxy": {

   },
   "~~~": "..."
}
[1552092119.059][INFO]: [e4269f1ec0ad91ee898bc46cba76f337] COMMAND MaximizeWindow {
   "handle": "current",
   "windowHandle": "current"
}
[1552092119.062][INFO]: Waiting for pending navigations...
[1552092119.079][INFO]: Done waiting for pending navigations. Status: ok
[1552092119.079][INFO]: resolved localhost to ["::1","127.0.0.1"]
[1552092120.084][INFO]: Waiting for pending navigations...
[1552092120.085][INFO]: Done waiting for pending navigations. Status: ok
[1552092120.085][INFO]: [e4269f1ec0ad91ee898bc46cba76f337] RESPONSE MaximizeWindow {
   "height": 696,
   "width": 1296,
   "x": -8,
   "y": -8
}
[1552092120.092][INFO]: [e4269f1ec0ad91ee898bc46cba76f337] COMMAND SetTimeouts {
   "ms": 30000,
   "type": "implicit"
}
[1552092120.092][INFO]: [e4269f1ec0ad91ee898bc46cba76f337] RESPONSE SetTimeouts
[1552092120.097][INFO]: [e4269f1ec0ad91ee898bc46cba76f337] COMMAND SetTimeouts {
   "ms": 60000,
   "type": "page load"
}
[1552092120.097][INFO]: [e4269f1ec0ad91ee898bc46cba76f337] RESPONSE SetTimeouts
[1552092120.101][INFO]: [e4269f1ec0ad91ee898bc46cba76f337] COMMAND Navigate {
   "url": "http://localhost:3000/"
}
[1552092120.101][INFO]: Waiting for pending navigations...
[1552092120.102][INFO]: Done waiting for pending navigations. Status: ok
[1552092122.490][INFO]: Waiting for pending navigations...
[1552092126.438][INFO]: Done waiting for pending navigations. Status: ok
[1552092126.438][INFO]: [e4269f1ec0ad91ee898bc46cba76f337] RESPONSE Navigate
[1552092126.662][INFO]: [e4269f1ec0ad91ee898bc46cba76f337] COMMAND FindElement {
   "using": "id",
   "value": "brand-logo"
}
[1552092126.662][INFO]: Waiting for pending navigations...
[1552092126.663][INFO]: Done waiting for pending navigations. Status: ok
[1552092126.691][INFO]: Waiting for pending navigations...
[1552092126.691][INFO]: Done waiting for pending navigations. Status: ok
[1552092126.691][INFO]: [e4269f1ec0ad91ee898bc46cba76f337] RESPONSE FindElement {
   "ELEMENT": "0.6630441480634914-1"
}
[1552092126.693][INFO]: [e4269f1ec0ad91ee898bc46cba76f337] COMMAND IsElementDisplayed {
   "id": "0.6630441480634914-1"
}
[1552092126.693][INFO]: Waiting for pending navigations...
[1552092126.693][INFO]: Done waiting for pending navigations. Status: ok
[1552092126.713][INFO]: Waiting for pending navigations...
[1552092126.713][INFO]: Done waiting for pending navigations. Status: ok
[1552092126.714][INFO]: [e4269f1ec0ad91ee898bc46cba76f337] RESPONSE IsElementDisplayed true
[1552092126.730][INFO]: [e4269f1ec0ad91ee898bc46cba76f337] COMMAND Screenshot {

}
[1552092126.730][INFO]: Waiting for pending navigations...
[1552092126.730][INFO]: Done waiting for pending navigations. Status: ok
[1552092127.060][INFO]: Waiting for pending navigations...
[1552092127.061][INFO]: Done waiting for pending navigations. Status: ok
[1552092127.061][INFO]: [e4269f1ec0ad91ee898bc46cba76f337] RESPONSE Screenshot "iVBORw0KGgoAAAANSUhEUgAAB4AAAANRCAYAAAACj6FfAAAgAElEQVR4nOzde5RX9WHv/c9vBuYCjgyI3LyOlygoKhgNEE0iahqxJhGa9BSibaonreJJnxNI1mk16Xmq9Omj0KynlaSnlaYnHkjTFNIkFdumYtVUrFowoo4adVBQBuUyXGdgbs8fAgIzYMCRy/b1W..."
[1552092127.182][INFO]: [e4269f1ec0ad91ee898bc46cba76f337] COMMAND FindElement {
   "using": "id",
   "value": "brand-name"
}
[1552092127.182][INFO]: Waiting for pending navigations...
[1552092127.183][INFO]: Done waiting for pending navigations. Status: ok
[1552092127.197][INFO]: Waiting for pending navigations...
[1552092127.200][INFO]: Done waiting for pending navigations. Status: ok
[1552092127.200][INFO]: [e4269f1ec0ad91ee898bc46cba76f337] RESPONSE FindElement {
   "ELEMENT": "0.6630441480634914-2"
}
[1552092127.203][INFO]: [e4269f1ec0ad91ee898bc46cba76f337] COMMAND IsElementDisplayed {
   "id": "0.6630441480634914-2"
}
[1552092127.204][INFO]: Waiting for pending navigations...
[1552092127.204][INFO]: Done waiting for pending navigations. Status: ok
[1552092127.222][INFO]: Waiting for pending navigations...
[1552092127.223][INFO]: Done waiting for pending navigations. Status: ok
[1552092127.223][INFO]: [e4269f1ec0ad91ee898bc46cba76f337] RESPONSE IsElementDisplayed true
[1552092127.225][INFO]: [e4269f1ec0ad91ee898bc46cba76f337] COMMAND Screenshot {

}
[1552092127.225][INFO]: Waiting for pending navigations...
[1552092127.226][INFO]: Done waiting for pending navigations. Status: ok
[1552092127.535][INFO]: Waiting for pending navigations...
[1552092127.537][INFO]: Done waiting for pending navigations. Status: ok
[1552092127.537][INFO]: [e4269f1ec0ad91ee898bc46cba76f337] RESPONSE Screenshot "iVBORw0KGgoAAAANSUhEUgAAB4AAAANRCAYAAAACj6FfAAAgAElEQVR4nOzde5RX9WHv/c9vBuYCjgyI3LyOlygoKhgNEE0iahqxJhGa9BSibaonreJJnxNI1mk16Xmq9Omj0KynlaSnlaYnHkjTFNIkFdumYtVUrFowoo4adVBQBuUyXGdgbs8fAgIzYMCRy/b1W..."
[1552092127.556][INFO]: [e4269f1ec0ad91ee898bc46cba76f337] COMMAND FindElement {
   "using": "id",
   "value": "menu-btn"
}
[1552092127.556][INFO]: Waiting for pending navigations...
[1552092127.556][INFO]: Done waiting for pending navigations. Status: ok
[1552092127.569][INFO]: Waiting for pending navigations...
[1552092127.570][INFO]: Done waiting for pending navigations. Status: ok
[1552092127.570][INFO]: [e4269f1ec0ad91ee898bc46cba76f337] RESPONSE FindElement {
   "ELEMENT": "0.6630441480634914-3"
}
[1552092127.572][INFO]: [e4269f1ec0ad91ee898bc46cba76f337] COMMAND IsElementDisplayed {
   "id": "0.6630441480634914-3"
}
[1552092127.572][INFO]: Waiting for pending navigations...
[1552092127.573][INFO]: Done waiting for pending navigations. Status: ok
[1552092127.586][INFO]: Waiting for pending navigations...
[1552092127.587][INFO]: Done waiting for pending navigations. Status: ok
[1552092127.587][INFO]: [e4269f1ec0ad91ee898bc46cba76f337] RESPONSE IsElementDisplayed true
[1552092127.589][INFO]: [e4269f1ec0ad91ee898bc46cba76f337] COMMAND Screenshot {

}
[1552092127.589][INFO]: Waiting for pending navigations...
[1552092127.590][INFO]: Done waiting for pending navigations. Status: ok
[1552092127.875][INFO]: Waiting for pending navigations...
[1552092127.875][INFO]: Done waiting for pending navigations. Status: ok
[1552092127.875][INFO]: [e4269f1ec0ad91ee898bc46cba76f337] RESPONSE Screenshot "iVBORw0KGgoAAAANSUhEUgAAB4AAAANRCAYAAAACj6FfAAAgAElEQVR4nOzde5RX9WHv/c9vBuYCjgyI3LyOlygoKhgNEE0iahqxJhGa9BSibaonreJJnxNI1mk16Xmq9Omj0KynlaSnlaYnHkjTFNIkFdumYtVUrFowoo4adVBQBuUyXGdgbs8fAgIzYMCRy/b1W..."
[1552092127.889][INFO]: [e4269f1ec0ad91ee898bc46cba76f337] COMMAND FindElement {
   "using": "id",
   "value": "menu-btn"
}
[1552092127.889][INFO]: Waiting for pending navigations...
[1552092127.890][INFO]: Done waiting for pending navigations. Status: ok
[1552092127.895][INFO]: Waiting for pending navigations...
[1552092127.896][INFO]: Done waiting for pending navigations. Status: ok
[1552092127.896][INFO]: [e4269f1ec0ad91ee898bc46cba76f337] RESPONSE FindElement {
   "ELEMENT": "0.6630441480634914-3"
}
[1552092127.899][INFO]: [e4269f1ec0ad91ee898bc46cba76f337] COMMAND ClickElement {
   "id": "0.6630441480634914-3"
}
[1552092127.899][INFO]: Waiting for pending navigations...
[1552092127.900][INFO]: Done waiting for pending navigations. Status: ok
[1552092128.039][INFO]: Waiting for pending navigations...
[1552092128.050][INFO]: Done waiting for pending navigations. Status: ok
[1552092128.050][INFO]: [e4269f1ec0ad91ee898bc46cba76f337] RESPONSE ClickElement
[1552092129.056][INFO]: [e4269f1ec0ad91ee898bc46cba76f337] COMMAND FindElement {
   "using": "id",
   "value": "menu-btn"
}
[1552092129.056][INFO]: Waiting for pending navigations...
[1552092129.057][INFO]: Done waiting for pending navigations. Status: ok
[1552092129.062][INFO]: Waiting for pending navigations...
[1552092129.063][INFO]: Done waiting for pending navigations. Status: ok
[1552092129.063][INFO]: [e4269f1ec0ad91ee898bc46cba76f337] RESPONSE FindElement {
   "ELEMENT": "0.6630441480634914-3"
}
[1552092129.065][INFO]: [e4269f1ec0ad91ee898bc46cba76f337] COMMAND GetElementText {
   "id": "0.6630441480634914-3"
}
[1552092129.065][INFO]: Waiting for pending navigations...
[1552092129.066][INFO]: Done waiting for pending navigations. Status: ok
[1552092129.093][INFO]: Waiting for pending navigations...
[1552092129.094][INFO]: Done waiting for pending navigations. Status: ok
[1552092129.094][INFO]: [e4269f1ec0ad91ee898bc46cba76f337] RESPONSE GetElementText "Close"
[1552092129.096][INFO]: [e4269f1ec0ad91ee898bc46cba76f337] COMMAND Screenshot {

}
[1552092129.096][INFO]: Waiting for pending navigations...
[1552092129.097][INFO]: Done waiting for pending navigations. Status: ok
[1552092129.404][INFO]: Waiting for pending navigations...
[1552092129.405][INFO]: Done waiting for pending navigations. Status: ok
[1552092129.405][INFO]: [e4269f1ec0ad91ee898bc46cba76f337] RESPONSE Screenshot "iVBORw0KGgoAAAANSUhEUgAAB4AAAANRCAYAAAACj6FfAAAgAElEQVR4nOzde3RU533v/8+MBknDeNDogpCEEAwI5EHmIhkrIJtgJNe1ocQGslwOOEl9RNvUkPrYImfld6Cn53cKqX8JclZPgJNfDmrqtvBz0oDruCZuGoExCVCFCgwWMiAQCIEuSIyEEKPLaPT7Q..."
[1552092129.446][INFO]: [e4269f1ec0ad91ee898bc46cba76f337] COMMAND FindElement {
   "using": "id",
   "value": "what-are-link"
}
[1552092129.446][INFO]: Waiting for pending navigations...
[1552092129.447][INFO]: Done waiting for pending navigations. Status: ok
[1552092129.458][INFO]: Waiting for pending navigations...
[1552092129.459][INFO]: Done waiting for pending navigations. Status: ok
[1552092129.459][INFO]: [e4269f1ec0ad91ee898bc46cba76f337] RESPONSE FindElement {
   "ELEMENT": "0.6630441480634914-4"
}
[1552092129.461][INFO]: [e4269f1ec0ad91ee898bc46cba76f337] COMMAND IsElementDisplayed {
   "id": "0.6630441480634914-4"
}
[1552092129.461][INFO]: Waiting for pending navigations...
[1552092129.462][INFO]: Done waiting for pending navigations. Status: ok
[1552092129.472][INFO]: Waiting for pending navigations...
[1552092129.479][INFO]: Done waiting for pending navigations. Status: ok
[1552092129.479][INFO]: [e4269f1ec0ad91ee898bc46cba76f337] RESPONSE IsElementDisplayed true
[1552092129.480][INFO]: [e4269f1ec0ad91ee898bc46cba76f337] COMMAND Screenshot {

}
[1552092129.480][INFO]: Waiting for pending navigations...
[1552092129.484][INFO]: Done waiting for pending navigations. Status: ok
[1552092129.778][INFO]: Waiting for pending navigations...
[1552092129.786][INFO]: Done waiting for pending navigations. Status: ok
[1552092129.786][INFO]: [e4269f1ec0ad91ee898bc46cba76f337] RESPONSE Screenshot "iVBORw0KGgoAAAANSUhEUgAAB4AAAANRCAYAAAACj6FfAAAgAElEQVR4nOzde3RU533v/8+MBknDeNDogpCEEAwI5EHmIhkrIJtgJNe1ocQGslwOOEl9RNvUkPrYImfld6Cn53cKqX8JclZPgJNfDmrqtvBz0oDruCZuGoExCVCFCgwWMiAQCIEuSIyEEKPLaPT7Q..."
[1552092129.802][INFO]: [e4269f1ec0ad91ee898bc46cba76f337] COMMAND FindElement {
   "using": "id",
   "value": "what-are-link"
}
[1552092129.802][INFO]: Waiting for pending navigations...
[1552092129.803][INFO]: Done waiting for pending navigations. Status: ok
[1552092129.808][INFO]: Waiting for pending navigations...
[1552092129.809][INFO]: Done waiting for pending navigations. Status: ok
[1552092129.809][INFO]: [e4269f1ec0ad91ee898bc46cba76f337] RESPONSE FindElement {
   "ELEMENT": "0.6630441480634914-4"
}
[1552092129.810][INFO]: [e4269f1ec0ad91ee898bc46cba76f337] COMMAND GetElementText {
   "id": "0.6630441480634914-4"
}
[1552092129.810][INFO]: Waiting for pending navigations...
[1552092129.811][INFO]: Done waiting for pending navigations. Status: ok
[1552092129.825][INFO]: Waiting for pending navigations...
[1552092129.826][INFO]: Done waiting for pending navigations. Status: ok
[1552092129.826][INFO]: [e4269f1ec0ad91ee898bc46cba76f337] RESPONSE GetElementText "What are Child Labor and Forced Labor?"
[1552092129.830][INFO]: [e4269f1ec0ad91ee898bc46cba76f337] COMMAND FindElement {
   "using": "id",
   "value": "what-are-link"
}
[1552092129.830][INFO]: Waiting for pending navigations...
[1552092129.831][INFO]: Done waiting for pending navigations. Status: ok
[1552092129.836][INFO]: Waiting for pending navigations...
[1552092129.837][INFO]: Done waiting for pending navigations. Status: ok
[1552092129.837][INFO]: [e4269f1ec0ad91ee898bc46cba76f337] RESPONSE FindElement {
   "ELEMENT": "0.6630441480634914-4"
}
[1552092129.839][INFO]: [e4269f1ec0ad91ee898bc46cba76f337] COMMAND GetElementAttribute {
   "id": "0.6630441480634914-4",
   "name": "href"
}
[1552092129.839][INFO]: Waiting for pending navigations...
[1552092129.840][INFO]: Done waiting for pending navigations. Status: ok
[1552092129.844][INFO]: Waiting for pending navigations...
[1552092129.845][INFO]: Done waiting for pending navigations. Status: ok
[1552092129.845][INFO]: [e4269f1ec0ad91ee898bc46cba76f337] RESPONSE GetElementAttribute "http://localhost:3000/what-are"
[1552092129.847][INFO]: [e4269f1ec0ad91ee898bc46cba76f337] COMMAND Screenshot {

}
[1552092129.847][INFO]: Waiting for pending navigations...
[1552092129.848][INFO]: Done waiting for pending navigations. Status: ok
[1552092130.134][INFO]: Waiting for pending navigations...
[1552092130.135][INFO]: Done waiting for pending navigations. Status: ok
[1552092130.136][INFO]: [e4269f1ec0ad91ee898bc46cba76f337] RESPONSE Screenshot "iVBORw0KGgoAAAANSUhEUgAAB4AAAANRCAYAAAACj6FfAAAgAElEQVR4nOzde3RU533v/8+MBknDeNDogpCEEAwI5EHmIhkrIJtgJNe1ocQGslwOOEl9RNvUkPrYImfld6Cn53cKqX8JclZPgJNfDmrqtvBz0oDruCZuGoExCVCFCgwWMiAQCIEuSIyEEKPLaPT7Q..."
[1552092130.165][INFO]: [e4269f1ec0ad91ee898bc46cba76f337] COMMAND FindElement {
   "using": "id",
   "value": "why-develop-link"
}
[1552092130.165][INFO]: Waiting for pending navigations...
[1552092130.166][INFO]: Done waiting for pending navigations. Status: ok
[1552092130.179][INFO]: Waiting for pending navigations...
[1552092130.180][INFO]: Done waiting for pending navigations. Status: ok
[1552092130.180][INFO]: [e4269f1ec0ad91ee898bc46cba76f337] RESPONSE FindElement {
   "ELEMENT": "0.6630441480634914-5"
}
[1552092130.182][INFO]: [e4269f1ec0ad91ee898bc46cba76f337] COMMAND IsElementDisplayed {
   "id": "0.6630441480634914-5"
}
[1552092130.182][INFO]: Waiting for pending navigations...
[1552092130.183][INFO]: Done waiting for pending navigations. Status: ok
[1552092130.193][INFO]: Waiting for pending navigations...
[1552092130.194][INFO]: Done waiting for pending navigations. Status: ok
[1552092130.194][INFO]: [e4269f1ec0ad91ee898bc46cba76f337] RESPONSE IsElementDisplayed true
[1552092130.196][INFO]: [e4269f1ec0ad91ee898bc46cba76f337] COMMAND Screenshot {

}
[1552092130.196][INFO]: Waiting for pending navigations...
[1552092130.197][INFO]: Done waiting for pending navigations. Status: ok
[1552092130.488][INFO]: Waiting for pending navigations...
[1552092130.489][INFO]: Done waiting for pending navigations. Status: ok
[1552092130.489][INFO]: [e4269f1ec0ad91ee898bc46cba76f337] RESPONSE Screenshot "iVBORw0KGgoAAAANSUhEUgAAB4AAAANRCAYAAAACj6FfAAAgAElEQVR4nOzde3RU533v/8+MBknDeNDogpCEEAwI5EHmIhkrIJtgJNe1ocQGslwOOEl9RNvUkPrYImfld6Cn53cKqX8JclZPgJNfDmrqtvBz0oDruCZuGoExCVCFCgwWMiAQCIEuSIyEEKPLaPT7Q..."
[1552092130.503][INFO]: [e4269f1ec0ad91ee898bc46cba76f337] COMMAND FindElement {
   "using": "id",
   "value": "why-develop-link"
}
[1552092130.503][INFO]: Waiting for pending navigations...
[1552092130.504][INFO]: Done waiting for pending navigations. Status: ok
[1552092130.508][INFO]: Waiting for pending navigations...
[1552092130.508][INFO]: Done waiting for pending navigations. Status: ok
[1552092130.508][INFO]: [e4269f1ec0ad91ee898bc46cba76f337] RESPONSE FindElement {
   "ELEMENT": "0.6630441480634914-5"
}
[1552092130.510][INFO]: [e4269f1ec0ad91ee898bc46cba76f337] COMMAND GetElementText {
   "id": "0.6630441480634914-5"
}
[1552092130.510][INFO]: Waiting for pending navigations...
[1552092130.512][INFO]: Done waiting for pending navigations. Status: ok
[1552092130.523][INFO]: Waiting for pending navigations...
[1552092130.524][INFO]: Done waiting for pending navigations. Status: ok
[1552092130.524][INFO]: [e4269f1ec0ad91ee898bc46cba76f337] RESPONSE GetElementText "Why Develop a Social Compliance System?"
[1552092130.526][INFO]: [e4269f1ec0ad91ee898bc46cba76f337] COMMAND FindElement {
   "using": "id",
   "value": "why-develop-link"
}
[1552092130.526][INFO]: Waiting for pending navigations...
[1552092130.527][INFO]: Done waiting for pending navigations. Status: ok
[1552092130.531][INFO]: Waiting for pending navigations...
[1552092130.532][INFO]: Done waiting for pending navigations. Status: ok
[1552092130.532][INFO]: [e4269f1ec0ad91ee898bc46cba76f337] RESPONSE FindElement {
   "ELEMENT": "0.6630441480634914-5"
}
[1552092130.533][INFO]: [e4269f1ec0ad91ee898bc46cba76f337] COMMAND GetElementAttribute {
   "id": "0.6630441480634914-5",
   "name": "href"
}
[1552092130.533][INFO]: Waiting for pending navigations...
[1552092130.534][INFO]: Done waiting for pending navigations. Status: ok
[1552092130.537][INFO]: Waiting for pending navigations...
[1552092130.538][INFO]: Done waiting for pending navigations. Status: ok
[1552092130.538][INFO]: [e4269f1ec0ad91ee898bc46cba76f337] RESPONSE GetElementAttribute "http://localhost:3000/why-develop"
[1552092130.540][INFO]: [e4269f1ec0ad91ee898bc46cba76f337] COMMAND Screenshot {

}
[1552092130.540][INFO]: Waiting for pending navigations...
[1552092130.541][INFO]: Done waiting for pending navigations. Status: ok
[1552092130.851][INFO]: Waiting for pending navigations...
[1552092130.852][INFO]: Done waiting for pending navigations. Status: ok
[1552092130.852][INFO]: [e4269f1ec0ad91ee898bc46cba76f337] RESPONSE Screenshot "iVBORw0KGgoAAAANSUhEUgAAB4AAAANRCAYAAAACj6FfAAAgAElEQVR4nOzde3RU533v/8+MBknDeNDogpCEEAwI5EHmIhkrIJtgJNe1ocQGslwOOEl9RNvUkPrYImfld6Cn53cKqX8JclZPgJNfDmrqtvBz0oDruCZuGoExCVCFCgwWMiAQCIEuSIyEEKPLaPT7Q..."
[1552092130.872][INFO]: [e4269f1ec0ad91ee898bc46cba76f337] COMMAND FindElement {
   "using": "id",
   "value": "basics-link"
}
[1552092130.872][INFO]: Waiting for pending navigations...
[1552092130.873][INFO]: Done waiting for pending navigations. Status: ok
[1552092130.888][INFO]: Waiting for pending navigations...
[1552092130.889][INFO]: Done waiting for pending navigations. Status: ok
[1552092130.889][INFO]: [e4269f1ec0ad91ee898bc46cba76f337] RESPONSE FindElement {
   "ELEMENT": "0.6630441480634914-6"
}
[1552092130.890][INFO]: [e4269f1ec0ad91ee898bc46cba76f337] COMMAND IsElementDisplayed {
   "id": "0.6630441480634914-6"
}
[1552092130.890][INFO]: Waiting for pending navigations...
[1552092130.891][INFO]: Done waiting for pending navigations. Status: ok
[1552092130.908][INFO]: Waiting for pending navigations...
[1552092130.909][INFO]: Done waiting for pending navigations. Status: ok
[1552092130.909][INFO]: [e4269f1ec0ad91ee898bc46cba76f337] RESPONSE IsElementDisplayed true
[1552092130.911][INFO]: [e4269f1ec0ad91ee898bc46cba76f337] COMMAND Screenshot {

}
[1552092130.911][INFO]: Waiting for pending navigations...
[1552092130.912][INFO]: Done waiting for pending navigations. Status: ok
[1552092131.227][INFO]: Waiting for pending navigations...
[1552092131.228][INFO]: Done waiting for pending navigations. Status: ok
[1552092131.228][INFO]: [e4269f1ec0ad91ee898bc46cba76f337] RESPONSE Screenshot "iVBORw0KGgoAAAANSUhEUgAAB4AAAANRCAYAAAACj6FfAAAgAElEQVR4nOzde3RU533v/8+MBknDeNDogpCEEAwI5EHmIhkrIJtgJNe1ocQGslwOOEl9RNvUkPrYImfld6Cn53cKqX8JclZPgJNfDmrqtvBz0oDruCZuGoExCVCFCgwWMiAQCIEuSIyEEKPLaPT7Q..."
[1552092131.248][INFO]: [e4269f1ec0ad91ee898bc46cba76f337] COMMAND FindElement {
   "using": "id",
   "value": "basics-link"
}
[1552092131.248][INFO]: Waiting for pending navigations...
[1552092131.248][INFO]: Done waiting for pending navigations. Status: ok
[1552092131.253][INFO]: Waiting for pending navigations...
[1552092131.254][INFO]: Done waiting for pending navigations. Status: ok
[1552092131.254][INFO]: [e4269f1ec0ad91ee898bc46cba76f337] RESPONSE FindElement {
   "ELEMENT": "0.6630441480634914-6"
}
[1552092131.255][INFO]: [e4269f1ec0ad91ee898bc46cba76f337] COMMAND GetElementText {
   "id": "0.6630441480634914-6"
}
[1552092131.255][INFO]: Waiting for pending navigations...
[1552092131.256][INFO]: Done waiting for pending navigations. Status: ok
[1552092131.271][INFO]: Waiting for pending navigations...
[1552092131.272][INFO]: Done waiting for pending navigations. Status: ok
[1552092131.272][INFO]: [e4269f1ec0ad91ee898bc46cba76f337] RESPONSE GetElementText "Basics of a Social Compliance System"
[1552092131.278][INFO]: [e4269f1ec0ad91ee898bc46cba76f337] COMMAND FindElement {
   "using": "id",
   "value": "basics-link"
}
[1552092131.278][INFO]: Waiting for pending navigations...
[1552092131.279][INFO]: Done waiting for pending navigations. Status: ok
[1552092131.283][INFO]: Waiting for pending navigations...
[1552092131.284][INFO]: Done waiting for pending navigations. Status: ok
[1552092131.284][INFO]: [e4269f1ec0ad91ee898bc46cba76f337] RESPONSE FindElement {
   "ELEMENT": "0.6630441480634914-6"
}
[1552092131.286][INFO]: [e4269f1ec0ad91ee898bc46cba76f337] COMMAND GetElementAttribute {
   "id": "0.6630441480634914-6",
   "name": "href"
}
[1552092131.286][INFO]: Waiting for pending navigations...
[1552092131.286][INFO]: Done waiting for pending navigations. Status: ok
[1552092131.290][INFO]: Waiting for pending navigations...
[1552092131.291][INFO]: Done waiting for pending navigations. Status: ok
[1552092131.291][INFO]: [e4269f1ec0ad91ee898bc46cba76f337] RESPONSE GetElementAttribute "http://localhost:3000/basics"
[1552092131.292][INFO]: [e4269f1ec0ad91ee898bc46cba76f337] COMMAND Screenshot {

}
[1552092131.292][INFO]: Waiting for pending navigations...
[1552092131.293][INFO]: Done waiting for pending navigations. Status: ok
[1552092131.605][INFO]: Waiting for pending navigations...
[1552092131.605][INFO]: Done waiting for pending navigations. Status: ok
[1552092131.606][INFO]: [e4269f1ec0ad91ee898bc46cba76f337] RESPONSE Screenshot "iVBORw0KGgoAAAANSUhEUgAAB4AAAANRCAYAAAACj6FfAAAgAElEQVR4nOzde3RU533v/8+MBknDeNDogpCEEAwI5EHmIhkrIJtgJNe1ocQGslwOOEl9RNvUkPrYImfld6Cn53cKqX8JclZPgJNfDmrqtvBz0oDruCZuGoExCVCFCgwWMiAQCIEuSIyEEKPLaPT7Q..."
[1552092131.622][INFO]: [e4269f1ec0ad91ee898bc46cba76f337] COMMAND FindElement {
   "using": "id",
   "value": "steps-dropdown"
}
[1552092131.622][INFO]: Waiting for pending navigations...
[1552092131.622][INFO]: Done waiting for pending navigations. Status: ok
[1552092131.635][INFO]: Waiting for pending navigations...
[1552092131.636][INFO]: Done waiting for pending navigations. Status: ok
[1552092131.636][INFO]: [e4269f1ec0ad91ee898bc46cba76f337] RESPONSE FindElement {
   "ELEMENT": "0.6630441480634914-7"
}
[1552092131.638][INFO]: [e4269f1ec0ad91ee898bc46cba76f337] COMMAND IsElementDisplayed {
   "id": "0.6630441480634914-7"
}
[1552092131.638][INFO]: Waiting for pending navigations...
[1552092131.639][INFO]: Done waiting for pending navigations. Status: ok
[1552092131.650][INFO]: Waiting for pending navigations...
[1552092131.651][INFO]: Done waiting for pending navigations. Status: ok
[1552092131.651][INFO]: [e4269f1ec0ad91ee898bc46cba76f337] RESPONSE IsElementDisplayed true
[1552092131.652][INFO]: [e4269f1ec0ad91ee898bc46cba76f337] COMMAND Screenshot {

}
[1552092131.652][INFO]: Waiting for pending navigations...
[1552092131.653][INFO]: Done waiting for pending navigations. Status: ok
[1552092131.956][INFO]: Waiting for pending navigations...
[1552092131.957][INFO]: Done waiting for pending navigations. Status: ok
[1552092131.957][INFO]: [e4269f1ec0ad91ee898bc46cba76f337] RESPONSE Screenshot "iVBORw0KGgoAAAANSUhEUgAAB4AAAANRCAYAAAACj6FfAAAgAElEQVR4nOzde3RU533v/8+MBknDeNDogpCEEAwI5EHmIhkrIJtgJNe1ocQGslwOOEl9RNvUkPrYImfld6Cn53cKqX8JclZPgJNfDmrqtvBz0oDruCZuGoExCVCFCgwWMiAQCIEuSIyEEKPLaPT7Q..."
[1552092131.978][INFO]: [e4269f1ec0ad91ee898bc46cba76f337] COMMAND FindElement {
   "using": "id",
   "value": "steps-dropdown"
}
[1552092131.978][INFO]: Waiting for pending navigations...
[1552092131.978][INFO]: Done waiting for pending navigations. Status: ok
[1552092131.985][INFO]: Waiting for pending navigations...
[1552092131.986][INFO]: Done waiting for pending navigations. Status: ok
[1552092131.986][INFO]: [e4269f1ec0ad91ee898bc46cba76f337] RESPONSE FindElement {
   "ELEMENT": "0.6630441480634914-7"
}
[1552092131.987][INFO]: [e4269f1ec0ad91ee898bc46cba76f337] COMMAND GetElementText {
   "id": "0.6630441480634914-7"
}
[1552092131.987][INFO]: Waiting for pending navigations...
[1552092131.989][INFO]: Done waiting for pending navigations. Status: ok
[1552092132.005][INFO]: Waiting for pending navigations...
[1552092132.006][INFO]: Done waiting for pending navigations. Status: ok
[1552092132.006][INFO]: [e4269f1ec0ad91ee898bc46cba76f337] RESPONSE GetElementText "Steps to a social compliance system"
[1552092132.007][INFO]: [e4269f1ec0ad91ee898bc46cba76f337] COMMAND Screenshot {

}
[1552092132.007][INFO]: Waiting for pending navigations...
[1552092132.008][INFO]: Done waiting for pending navigations. Status: ok
[1552092132.307][INFO]: Waiting for pending navigations...
[1552092132.307][INFO]: Done waiting for pending navigations. Status: ok
[1552092132.307][INFO]: [e4269f1ec0ad91ee898bc46cba76f337] RESPONSE Screenshot "iVBORw0KGgoAAAANSUhEUgAAB4AAAANRCAYAAAACj6FfAAAgAElEQVR4nOzde3RU533v/8+MBknDeNDogpCEEAwI5EHmIhkrIJtgJNe1ocQGslwOOEl9RNvUkPrYImfld6Cn53cKqX8JclZPgJNfDmrqtvBz0oDruCZuGoExCVCFCgwWMiAQCIEuSIyEEKPLaPT7Q..."
[1552092132.336][INFO]: [e4269f1ec0ad91ee898bc46cba76f337] COMMAND Quit {

}
[1552092132.441][INFO]: [e4269f1ec0ad91ee898bc46cba76f337] RESPONSE Quit
