[1552006876.751][INFO]: Starting ChromeDriver 73.0.3683.68 (47787ec04b6e38e22703e856e101e840b65afe72)
[1552006876.751][INFO]: Please protect ports used by ChromeDriver and related test frameworks to prevent access by malicious code.
[1552006877.236][INFO]: [4c22997e27a145e5b0a66d7f0c2933b8] COMMAND InitSession {
   "capabilities": {
      "firstMatch": [ {
         "browserName": "chrome",
         "goog:chromeOptions": {
            "args": [ "chrome.switches", "--disable-extensions", "chrome.switches", "test-type", "chrome.switches", "start-maximized", "chrome.switches", "no-sandbox" ],
            "extensions": [  ],
            "useAutomationExtension": false
         }
      } ]
   },
   "desiredCapabilities": {
      "browserName": "chrome",
      "goog:chromeOptions": {
         "args": [ "chrome.switches", "--disable-extensions", "chrome.switches", "test-type", "chrome.switches", "start-maximized", "chrome.switches", "no-sandbox" ],
         "extensions": [  ],
         "useAutomationExtension": false
      }
   }
}
[1552006877.242][INFO]: Populating Preferences file: {
   "alternate_error_pages": {
      "enabled": false
   },
   "autofill": {
      "enabled": false
   },
   "browser": {
      "check_default_browser": false
   },
   "distribution": {
      "import_bookmarks": false,
      "import_history": false,
      "import_search_engine": false,
      "make_chrome_default_for_user": false,
      "skip_first_run_ui": true
   },
   "dns_prefetching": {
      "enabled": false
   },
   "profile": {
      "content_settings": {
         "pattern_pairs": {
            "https://*,*": {
               "media-stream": {
                  "audio": "Default",
                  "video": "Default"
               }
            }
         }
      },
      "default_content_setting_values": {
         "geolocation": 1
      },
      "default_content_settings": {
         "geolocation": 1,
         "mouselock": 1,
         "notifications": 1,
         "popups": 1,
         "ppapi-broker": 1
      },
      "password_manager_enabled": false
   },
   "safebrowsing": {
      "enabled": false
   },
   "search": {
      "suggest_enabled": false
   },
   "translate": {
      "enabled": false
   }
}
[1552006877.244][INFO]: Populating Local State file: {
   "background_mode": {
      "enabled": false
   },
   "ssl": {
      "rev_checking": {
         "enabled": false
      }
   }
}
[1552006877.246][INFO]: Launching chrome: "C:\Program Files (x86)\Google\Chrome\Application\chrome.exe" --chrome.switches --disable-background-networking --disable-client-side-phishing-detection --disable-default-apps --disable-extensions --disable-hang-monitor --disable-popup-blocking --disable-prompt-on-repost --disable-sync --disable-web-resources --enable-automation --enable-blink-features=ShadowDOMV0 --enable-logging --force-fieldtrials=SiteIsolationExtensions/Control --ignore-certificate-errors --log-level=0 --metrics-recording-only --no-first-run --no-sandbox --password-store=basic --remote-debugging-port=0 --start-maximized --test-type --use-mock-keychain --user-data-dir="C:\Users\KAVITH~1\AppData\Local\Temp\scoped_dir14472_1048" data:,
[1552006878.024][INFO]: resolved localhost to ["::1","127.0.0.1"]
[1552006879.056][INFO]: [4c22997e27a145e5b0a66d7f0c2933b8] RESPONSE InitSession {
   "acceptInsecureCerts": false,
   "acceptSslCerts": false,
   "applicationCacheEnabled": false,
   "browserConnectionEnabled": false,
   "browserName": "chrome",
   "chrome": {
      "chromedriverVersion": "73.0.3683.68 (47787ec04b6e38e22703e856e101e840b65afe72)",
      "userDataDir": "C:\\Users\\KAVITH~1\\AppData\\Local\\Temp\\scoped_dir14472_1048"
   },
   "cssSelectorsEnabled": true,
   "databaseEnabled": false,
   "goog:chromeOptions": {
      "debuggerAddress": "localhost:49624"
   },
   "handlesAlerts": true,
   "hasTouchScreen": false,
   "javascriptEnabled": true,
   "locationContextEnabled": true,
   "mobileEmulationEnabled": false,
   "nativeEvents": true,
   "networkConnectionEnabled": false,
   "pageLoadStrategy": "normal",
   "platform": "Windows NT",
   "proxy": {

   },
   "~~~": "..."
}
[1552006879.064][INFO]: [4c22997e27a145e5b0a66d7f0c2933b8] COMMAND MaximizeWindow {
   "handle": "current",
   "windowHandle": "current"
}
[1552006879.064][INFO]: Waiting for pending navigations...
[1552006879.086][INFO]: Done waiting for pending navigations. Status: ok
[1552006879.087][INFO]: resolved localhost to ["::1","127.0.0.1"]
[1552006880.091][INFO]: Waiting for pending navigations...
[1552006880.092][INFO]: Done waiting for pending navigations. Status: ok
[1552006880.092][INFO]: [4c22997e27a145e5b0a66d7f0c2933b8] RESPONSE MaximizeWindow {
   "height": 696,
   "width": 1296,
   "x": -8,
   "y": -8
}
[1552006880.098][INFO]: [4c22997e27a145e5b0a66d7f0c2933b8] COMMAND SetTimeouts {
   "ms": 30000,
   "type": "implicit"
}
[1552006880.098][INFO]: [4c22997e27a145e5b0a66d7f0c2933b8] RESPONSE SetTimeouts
[1552006880.102][INFO]: [4c22997e27a145e5b0a66d7f0c2933b8] COMMAND SetTimeouts {
   "ms": 60000,
   "type": "page load"
}
[1552006880.102][INFO]: [4c22997e27a145e5b0a66d7f0c2933b8] RESPONSE SetTimeouts
[1552006880.105][INFO]: [4c22997e27a145e5b0a66d7f0c2933b8] COMMAND Navigate {
   "url": "http://localhost:3000/"
}
[1552006880.105][INFO]: Waiting for pending navigations...
[1552006880.107][INFO]: Done waiting for pending navigations. Status: ok
[1552006880.511][INFO]: Waiting for pending navigations...
[1552006881.603][INFO]: Done waiting for pending navigations. Status: ok
[1552006881.603][INFO]: [4c22997e27a145e5b0a66d7f0c2933b8] RESPONSE Navigate
[1552006881.612][INFO]: [4c22997e27a145e5b0a66d7f0c2933b8] COMMAND FindElement {
   "using": "id",
   "value": "brand-logo"
}
[1552006881.612][INFO]: Waiting for pending navigations...
[1552006881.616][INFO]: Done waiting for pending navigations. Status: ok
[1552006881.639][INFO]: Waiting for pending navigations...
[1552006881.640][INFO]: Done waiting for pending navigations. Status: ok
[1552006881.640][INFO]: [4c22997e27a145e5b0a66d7f0c2933b8] RESPONSE FindElement {
   "ELEMENT": "0.47845229042803994-1"
}
[1552006881.642][INFO]: [4c22997e27a145e5b0a66d7f0c2933b8] COMMAND IsElementDisplayed {
   "id": "0.47845229042803994-1"
}
[1552006881.642][INFO]: Waiting for pending navigations...
[1552006881.643][INFO]: Done waiting for pending navigations. Status: ok
[1552006881.657][INFO]: Waiting for pending navigations...
[1552006881.657][INFO]: Done waiting for pending navigations. Status: ok
[1552006881.657][INFO]: [4c22997e27a145e5b0a66d7f0c2933b8] RESPONSE IsElementDisplayed true
[1552006881.659][INFO]: [4c22997e27a145e5b0a66d7f0c2933b8] COMMAND Screenshot {

}
[1552006881.659][INFO]: Waiting for pending navigations...
[1552006881.659][INFO]: Done waiting for pending navigations. Status: ok
[1552006881.989][INFO]: Waiting for pending navigations...
[1552006881.991][INFO]: Done waiting for pending navigations. Status: ok
[1552006881.991][INFO]: [4c22997e27a145e5b0a66d7f0c2933b8] RESPONSE Screenshot "iVBORw0KGgoAAAANSUhEUgAAB4AAAANRCAYAAAACj6FfAAAgAElEQVR4nOzde5RX9WHv/c9vBuYCjgyI3LyOlygoKhgNEE0iahqxJhGa9BSibaonreJJnxNI1mk16Xmq9Omj0KynlaSnlaYnHkjTFNIkFdumYtVUrFowoo4adVBQBuUyXGdgbs8fAgIzYMCRy/b1W..."
[1552006882.003][INFO]: [4c22997e27a145e5b0a66d7f0c2933b8] COMMAND FindElement {
   "using": "id",
   "value": "brand-name"
}
[1552006882.003][INFO]: Waiting for pending navigations...
[1552006882.005][INFO]: Done waiting for pending navigations. Status: ok
[1552006882.018][INFO]: Waiting for pending navigations...
[1552006882.020][INFO]: Done waiting for pending navigations. Status: ok
[1552006882.021][INFO]: [4c22997e27a145e5b0a66d7f0c2933b8] RESPONSE FindElement {
   "ELEMENT": "0.47845229042803994-2"
}
[1552006882.023][INFO]: [4c22997e27a145e5b0a66d7f0c2933b8] COMMAND IsElementDisplayed {
   "id": "0.47845229042803994-2"
}
[1552006882.023][INFO]: Waiting for pending navigations...
[1552006882.025][INFO]: Done waiting for pending navigations. Status: ok
[1552006882.037][INFO]: Waiting for pending navigations...
[1552006882.038][INFO]: Done waiting for pending navigations. Status: ok
[1552006882.038][INFO]: [4c22997e27a145e5b0a66d7f0c2933b8] RESPONSE IsElementDisplayed true
[1552006882.039][INFO]: [4c22997e27a145e5b0a66d7f0c2933b8] COMMAND Screenshot {

}
[1552006882.039][INFO]: Waiting for pending navigations...
[1552006882.040][INFO]: Done waiting for pending navigations. Status: ok
[1552006882.335][INFO]: Waiting for pending navigations...
[1552006882.337][INFO]: Done waiting for pending navigations. Status: ok
[1552006882.337][INFO]: [4c22997e27a145e5b0a66d7f0c2933b8] RESPONSE Screenshot "iVBORw0KGgoAAAANSUhEUgAAB4AAAANRCAYAAAACj6FfAAAgAElEQVR4nOzde5RX9WHv/c9vBuYCjgyI3LyOlygoKhgNEE0iahqxJhGa9BSibaonreJJnxNI1mk16Xmq9Omj0KynlaSnlaYnHkjTFNIkFdumYtVUrFowoo4adVBQBuUyXGdgbs8fAgIzYMCRy/b1W..."
[1552006882.350][INFO]: [4c22997e27a145e5b0a66d7f0c2933b8] COMMAND FindElement {
   "using": "id",
   "value": "menu-btn"
}
[1552006882.350][INFO]: Waiting for pending navigations...
[1552006882.352][INFO]: Done waiting for pending navigations. Status: ok
[1552006882.364][INFO]: Waiting for pending navigations...
[1552006882.365][INFO]: Done waiting for pending navigations. Status: ok
[1552006882.365][INFO]: [4c22997e27a145e5b0a66d7f0c2933b8] RESPONSE FindElement {
   "ELEMENT": "0.47845229042803994-3"
}
[1552006882.368][INFO]: [4c22997e27a145e5b0a66d7f0c2933b8] COMMAND IsElementDisplayed {
   "id": "0.47845229042803994-3"
}
[1552006882.368][INFO]: Waiting for pending navigations...
[1552006882.369][INFO]: Done waiting for pending navigations. Status: ok
[1552006882.380][INFO]: Waiting for pending navigations...
[1552006882.382][INFO]: Done waiting for pending navigations. Status: ok
[1552006882.382][INFO]: [4c22997e27a145e5b0a66d7f0c2933b8] RESPONSE IsElementDisplayed true
[1552006882.384][INFO]: [4c22997e27a145e5b0a66d7f0c2933b8] COMMAND Screenshot {

}
[1552006882.384][INFO]: Waiting for pending navigations...
[1552006882.388][INFO]: Done waiting for pending navigations. Status: ok
[1552006882.683][INFO]: Waiting for pending navigations...
[1552006882.684][INFO]: Done waiting for pending navigations. Status: ok
[1552006882.684][INFO]: [4c22997e27a145e5b0a66d7f0c2933b8] RESPONSE Screenshot "iVBORw0KGgoAAAANSUhEUgAAB4AAAANRCAYAAAACj6FfAAAgAElEQVR4nOzde5RX9WHv/c9vBuYCjgyI3LyOlygoKhgNEE0iahqxJhGa9BSibaonreJJnxNI1mk16Xmq9Omj0KynlaSnlaYnHkjTFNIkFdumYtVUrFowoo4adVBQBuUyXGdgbs8fAgIzYMCRy/b1W..."
[1552006882.694][INFO]: [4c22997e27a145e5b0a66d7f0c2933b8] COMMAND FindElement {
   "using": "id",
   "value": "menu-btn"
}
[1552006882.694][INFO]: Waiting for pending navigations...
[1552006882.695][INFO]: Done waiting for pending navigations. Status: ok
[1552006882.702][INFO]: Waiting for pending navigations...
[1552006882.703][INFO]: Done waiting for pending navigations. Status: ok
[1552006882.703][INFO]: [4c22997e27a145e5b0a66d7f0c2933b8] RESPONSE FindElement {
   "ELEMENT": "0.47845229042803994-3"
}
[1552006882.706][INFO]: [4c22997e27a145e5b0a66d7f0c2933b8] COMMAND ClickElement {
   "id": "0.47845229042803994-3"
}
[1552006882.707][INFO]: Waiting for pending navigations...
[1552006882.708][INFO]: Done waiting for pending navigations. Status: ok
[1552006882.768][INFO]: Waiting for pending navigations...
[1552006882.770][INFO]: Done waiting for pending navigations. Status: ok
[1552006882.770][INFO]: [4c22997e27a145e5b0a66d7f0c2933b8] RESPONSE ClickElement
[1552006883.774][INFO]: [4c22997e27a145e5b0a66d7f0c2933b8] COMMAND FindElement {
   "using": "id",
   "value": "fr-btn"
}
[1552006883.774][INFO]: Waiting for pending navigations...
[1552006883.775][INFO]: Done waiting for pending navigations. Status: ok
[1552006883.785][INFO]: Waiting for pending navigations...
[1552006883.786][INFO]: Done waiting for pending navigations. Status: ok
[1552006883.786][INFO]: [4c22997e27a145e5b0a66d7f0c2933b8] RESPONSE FindElement {
   "ELEMENT": "0.47845229042803994-4"
}
[1552006883.790][INFO]: [4c22997e27a145e5b0a66d7f0c2933b8] COMMAND ClickElement {
   "id": "0.47845229042803994-4"
}
[1552006883.790][INFO]: Waiting for pending navigations...
[1552006883.791][INFO]: Done waiting for pending navigations. Status: ok
[1552006883.874][INFO]: Waiting for pending navigations...
[1552006883.878][INFO]: Done waiting for pending navigations. Status: ok
[1552006883.878][INFO]: [4c22997e27a145e5b0a66d7f0c2933b8] RESPONSE ClickElement
[1552006884.881][INFO]: [4c22997e27a145e5b0a66d7f0c2933b8] COMMAND FindElement {
   "using": "id",
   "value": "menu-btn"
}
[1552006884.881][INFO]: Waiting for pending navigations...
[1552006884.881][INFO]: Done waiting for pending navigations. Status: ok
[1552006884.888][INFO]: Waiting for pending navigations...
[1552006884.889][INFO]: Done waiting for pending navigations. Status: ok
[1552006884.889][INFO]: [4c22997e27a145e5b0a66d7f0c2933b8] RESPONSE FindElement {
   "ELEMENT": "0.47845229042803994-3"
}
[1552006884.890][INFO]: [4c22997e27a145e5b0a66d7f0c2933b8] COMMAND GetElementText {
   "id": "0.47845229042803994-3"
}
[1552006884.890][INFO]: Waiting for pending navigations...
[1552006884.891][INFO]: Done waiting for pending navigations. Status: ok
[1552006884.904][INFO]: Waiting for pending navigations...
[1552006884.905][INFO]: Done waiting for pending navigations. Status: ok
[1552006884.905][INFO]: [4c22997e27a145e5b0a66d7f0c2933b8] RESPONSE GetElementText "Fermer"
[1552006884.906][INFO]: [4c22997e27a145e5b0a66d7f0c2933b8] COMMAND Screenshot {

}
[1552006884.906][INFO]: Waiting for pending navigations...
[1552006884.907][INFO]: Done waiting for pending navigations. Status: ok
[1552006885.207][INFO]: Waiting for pending navigations...
[1552006885.208][INFO]: Done waiting for pending navigations. Status: ok
[1552006885.208][INFO]: [4c22997e27a145e5b0a66d7f0c2933b8] RESPONSE Screenshot "iVBORw0KGgoAAAANSUhEUgAAB4AAAANRCAYAAAACj6FfAAAgAElEQVR4nOzdf1SU9533/9cMw49xgg4/REBEEdCMRA2UWiWxVshmU11r1Z40i22zPbrdbHS3d5Tuybl1d+971+w3362a03vVu9+u3N12G79ptmptVtvNBlxiq5ZaNBqc+BMEAkjQARGHH8Nw/8GvC..."
[1552006885.225][INFO]: [4c22997e27a145e5b0a66d7f0c2933b8] COMMAND FindElement {
   "using": "id",
   "value": "what-are-link"
}
[1552006885.225][INFO]: Waiting for pending navigations...
[1552006885.226][INFO]: Done waiting for pending navigations. Status: ok
[1552006885.236][INFO]: Waiting for pending navigations...
[1552006885.237][INFO]: Done waiting for pending navigations. Status: ok
[1552006885.237][INFO]: [4c22997e27a145e5b0a66d7f0c2933b8] RESPONSE FindElement {
   "ELEMENT": "0.47845229042803994-5"
}
[1552006885.238][INFO]: [4c22997e27a145e5b0a66d7f0c2933b8] COMMAND IsElementDisplayed {
   "id": "0.47845229042803994-5"
}
[1552006885.238][INFO]: Waiting for pending navigations...
[1552006885.240][INFO]: Done waiting for pending navigations. Status: ok
[1552006885.251][INFO]: Waiting for pending navigations...
[1552006885.253][INFO]: Done waiting for pending navigations. Status: ok
[1552006885.253][INFO]: [4c22997e27a145e5b0a66d7f0c2933b8] RESPONSE IsElementDisplayed true
[1552006885.254][INFO]: [4c22997e27a145e5b0a66d7f0c2933b8] COMMAND Screenshot {

}
[1552006885.254][INFO]: Waiting for pending navigations...
[1552006885.255][INFO]: Done waiting for pending navigations. Status: ok
[1552006885.554][INFO]: Waiting for pending navigations...
[1552006885.554][INFO]: Done waiting for pending navigations. Status: ok
[1552006885.555][INFO]: [4c22997e27a145e5b0a66d7f0c2933b8] RESPONSE Screenshot "iVBORw0KGgoAAAANSUhEUgAAB4AAAANRCAYAAAACj6FfAAAgAElEQVR4nOzdf1SU9533/9cMw49xgg4/REBEEdCMRA2UWiWxVshmU11r1Z40i22zPbrdbHS3d5Tuybl1d+971+w3362a03vVu9+u3N12G79ptmptVtvNBlxiq5ZaNBqc+BMEAkjQARGHH8Nw/8GvC..."
[1552006885.570][INFO]: [4c22997e27a145e5b0a66d7f0c2933b8] COMMAND FindElement {
   "using": "id",
   "value": "what-are-link"
}
[1552006885.570][INFO]: Waiting for pending navigations...
[1552006885.571][INFO]: Done waiting for pending navigations. Status: ok
[1552006885.577][INFO]: Waiting for pending navigations...
[1552006885.578][INFO]: Done waiting for pending navigations. Status: ok
[1552006885.578][INFO]: [4c22997e27a145e5b0a66d7f0c2933b8] RESPONSE FindElement {
   "ELEMENT": "0.47845229042803994-5"
}
[1552006885.580][INFO]: [4c22997e27a145e5b0a66d7f0c2933b8] COMMAND GetElementText {
   "id": "0.47845229042803994-5"
}
[1552006885.580][INFO]: Waiting for pending navigations...
[1552006885.581][INFO]: Done waiting for pending navigations. Status: ok
[1552006885.592][INFO]: Waiting for pending navigations...
[1552006885.593][INFO]: Done waiting for pending navigations. Status: ok
[1552006885.593][INFO]: [4c22997e27a145e5b0a66d7f0c2933b8] RESPONSE GetElementText "Qu'est-ce que le travail des enfants et le travail forcé ?"
[1552006885.597][INFO]: [4c22997e27a145e5b0a66d7f0c2933b8] COMMAND FindElement {
   "using": "id",
   "value": "what-are-link"
}
[1552006885.597][INFO]: Waiting for pending navigations...
[1552006885.598][INFO]: Done waiting for pending navigations. Status: ok
[1552006885.602][INFO]: Waiting for pending navigations...
[1552006885.603][INFO]: Done waiting for pending navigations. Status: ok
[1552006885.603][INFO]: [4c22997e27a145e5b0a66d7f0c2933b8] RESPONSE FindElement {
   "ELEMENT": "0.47845229042803994-5"
}
[1552006885.604][INFO]: [4c22997e27a145e5b0a66d7f0c2933b8] COMMAND GetElementAttribute {
   "id": "0.47845229042803994-5",
   "name": "href"
}
[1552006885.604][INFO]: Waiting for pending navigations...
[1552006885.605][INFO]: Done waiting for pending navigations. Status: ok
[1552006885.608][INFO]: Waiting for pending navigations...
[1552006885.608][INFO]: Done waiting for pending navigations. Status: ok
[1552006885.608][INFO]: [4c22997e27a145e5b0a66d7f0c2933b8] RESPONSE GetElementAttribute "http://localhost:3000/what-are"
[1552006885.609][INFO]: [4c22997e27a145e5b0a66d7f0c2933b8] COMMAND Screenshot {

}
[1552006885.609][INFO]: Waiting for pending navigations...
[1552006885.610][INFO]: Done waiting for pending navigations. Status: ok
[1552006885.907][INFO]: Waiting for pending navigations...
[1552006885.908][INFO]: Done waiting for pending navigations. Status: ok
[1552006885.908][INFO]: [4c22997e27a145e5b0a66d7f0c2933b8] RESPONSE Screenshot "iVBORw0KGgoAAAANSUhEUgAAB4AAAANRCAYAAAACj6FfAAAgAElEQVR4nOzdf1SU9533/9cMw49xgg4/REBEEdCMRA2UWiWxVshmU11r1Z40i22zPbrdbHS3d5Tuybl1d+971+w3362a03vVu9+u3N12G79ptmptVtvNBlxiq5ZaNBqc+BMEAkjQARGHH8Nw/8GvC..."
[1552006885.926][INFO]: [4c22997e27a145e5b0a66d7f0c2933b8] COMMAND FindElement {
   "using": "id",
   "value": "why-develop-link"
}
[1552006885.926][INFO]: Waiting for pending navigations...
[1552006885.927][INFO]: Done waiting for pending navigations. Status: ok
[1552006885.936][INFO]: Waiting for pending navigations...
[1552006885.937][INFO]: Done waiting for pending navigations. Status: ok
[1552006885.937][INFO]: [4c22997e27a145e5b0a66d7f0c2933b8] RESPONSE FindElement {
   "ELEMENT": "0.47845229042803994-6"
}
[1552006885.938][INFO]: [4c22997e27a145e5b0a66d7f0c2933b8] COMMAND IsElementDisplayed {
   "id": "0.47845229042803994-6"
}
[1552006885.938][INFO]: Waiting for pending navigations...
[1552006885.939][INFO]: Done waiting for pending navigations. Status: ok
[1552006885.954][INFO]: Waiting for pending navigations...
[1552006885.955][INFO]: Done waiting for pending navigations. Status: ok
[1552006885.955][INFO]: [4c22997e27a145e5b0a66d7f0c2933b8] RESPONSE IsElementDisplayed true
[1552006885.957][INFO]: [4c22997e27a145e5b0a66d7f0c2933b8] COMMAND Screenshot {

}
[1552006885.957][INFO]: Waiting for pending navigations...
[1552006885.960][INFO]: Done waiting for pending navigations. Status: ok
[1552006886.246][INFO]: Waiting for pending navigations...
[1552006886.248][INFO]: Done waiting for pending navigations. Status: ok
[1552006886.248][INFO]: [4c22997e27a145e5b0a66d7f0c2933b8] RESPONSE Screenshot "iVBORw0KGgoAAAANSUhEUgAAB4AAAANRCAYAAAACj6FfAAAgAElEQVR4nOzdf1SU9533/9cMw49xgg4/REBEEdCMRA2UWiWxVshmU11r1Z40i22zPbrdbHS3d5Tuybl1d+971+w3362a03vVu9+u3N12G79ptmptVtvNBlxiq5ZaNBqc+BMEAkjQARGHH8Nw/8GvC..."
[1552006886.265][INFO]: [4c22997e27a145e5b0a66d7f0c2933b8] COMMAND FindElement {
   "using": "id",
   "value": "why-develop-link"
}
[1552006886.265][INFO]: Waiting for pending navigations...
[1552006886.266][INFO]: Done waiting for pending navigations. Status: ok
[1552006886.271][INFO]: Waiting for pending navigations...
[1552006886.272][INFO]: Done waiting for pending navigations. Status: ok
[1552006886.272][INFO]: [4c22997e27a145e5b0a66d7f0c2933b8] RESPONSE FindElement {
   "ELEMENT": "0.47845229042803994-6"
}
[1552006886.274][INFO]: [4c22997e27a145e5b0a66d7f0c2933b8] COMMAND GetElementText {
   "id": "0.47845229042803994-6"
}
[1552006886.274][INFO]: Waiting for pending navigations...
[1552006886.275][INFO]: Done waiting for pending navigations. Status: ok
[1552006886.286][INFO]: Waiting for pending navigations...
[1552006886.288][INFO]: Done waiting for pending navigations. Status: ok
[1552006886.288][INFO]: [4c22997e27a145e5b0a66d7f0c2933b8] RESPONSE GetElementText "Pourquoi élaborer un système de conformité sociale ?"
[1552006886.290][INFO]: [4c22997e27a145e5b0a66d7f0c2933b8] COMMAND FindElement {
   "using": "id",
   "value": "why-develop-link"
}
[1552006886.290][INFO]: Waiting for pending navigations...
[1552006886.291][INFO]: Done waiting for pending navigations. Status: ok
[1552006886.295][INFO]: Waiting for pending navigations...
[1552006886.295][INFO]: Done waiting for pending navigations. Status: ok
[1552006886.296][INFO]: [4c22997e27a145e5b0a66d7f0c2933b8] RESPONSE FindElement {
   "ELEMENT": "0.47845229042803994-6"
}
[1552006886.297][INFO]: [4c22997e27a145e5b0a66d7f0c2933b8] COMMAND GetElementAttribute {
   "id": "0.47845229042803994-6",
   "name": "href"
}
[1552006886.297][INFO]: Waiting for pending navigations...
[1552006886.297][INFO]: Done waiting for pending navigations. Status: ok
[1552006886.300][INFO]: Waiting for pending navigations...
[1552006886.301][INFO]: Done waiting for pending navigations. Status: ok
[1552006886.301][INFO]: [4c22997e27a145e5b0a66d7f0c2933b8] RESPONSE GetElementAttribute "http://localhost:3000/why-develop"
[1552006886.302][INFO]: [4c22997e27a145e5b0a66d7f0c2933b8] COMMAND Screenshot {

}
[1552006886.302][INFO]: Waiting for pending navigations...
[1552006886.303][INFO]: Done waiting for pending navigations. Status: ok
[1552006886.601][INFO]: Waiting for pending navigations...
[1552006886.603][INFO]: Done waiting for pending navigations. Status: ok
[1552006886.603][INFO]: [4c22997e27a145e5b0a66d7f0c2933b8] RESPONSE Screenshot "iVBORw0KGgoAAAANSUhEUgAAB4AAAANRCAYAAAACj6FfAAAgAElEQVR4nOzdf1SU9533/9cMw49xgg4/REBEEdCMRA2UWiWxVshmU11r1Z40i22zPbrdbHS3d5Tuybl1d+971+w3362a03vVu9+u3N12G79ptmptVtvNBlxiq5ZaNBqc+BMEAkjQARGHH8Nw/8GvC..."
[1552006886.614][INFO]: [4c22997e27a145e5b0a66d7f0c2933b8] COMMAND FindElement {
   "using": "id",
   "value": "basics-link"
}
[1552006886.615][INFO]: Waiting for pending navigations...
[1552006886.615][INFO]: Done waiting for pending navigations. Status: ok
[1552006886.626][INFO]: Waiting for pending navigations...
[1552006886.627][INFO]: Done waiting for pending navigations. Status: ok
[1552006886.627][INFO]: [4c22997e27a145e5b0a66d7f0c2933b8] RESPONSE FindElement {
   "ELEMENT": "0.47845229042803994-7"
}
[1552006886.628][INFO]: [4c22997e27a145e5b0a66d7f0c2933b8] COMMAND IsElementDisplayed {
   "id": "0.47845229042803994-7"
}
[1552006886.628][INFO]: Waiting for pending navigations...
[1552006886.630][INFO]: Done waiting for pending navigations. Status: ok
[1552006886.639][INFO]: Waiting for pending navigations...
[1552006886.640][INFO]: Done waiting for pending navigations. Status: ok
[1552006886.640][INFO]: [4c22997e27a145e5b0a66d7f0c2933b8] RESPONSE IsElementDisplayed true
[1552006886.641][INFO]: [4c22997e27a145e5b0a66d7f0c2933b8] COMMAND Screenshot {

}
[1552006886.641][INFO]: Waiting for pending navigations...
[1552006886.642][INFO]: Done waiting for pending navigations. Status: ok
[1552006886.953][INFO]: Waiting for pending navigations...
[1552006886.954][INFO]: Done waiting for pending navigations. Status: ok
[1552006886.954][INFO]: [4c22997e27a145e5b0a66d7f0c2933b8] RESPONSE Screenshot "iVBORw0KGgoAAAANSUhEUgAAB4AAAANRCAYAAAACj6FfAAAgAElEQVR4nOzdf1SU9533/9cMw49xgg4/REBEEdCMRA2UWiWxVshmU11r1Z40i22zPbrdbHS3d5Tuybl1d+971+w3362a03vVu9+u3N12G79ptmptVtvNBlxiq5ZaNBqc+BMEAkjQARGHH8Nw/8GvC..."
[1552006886.971][INFO]: [4c22997e27a145e5b0a66d7f0c2933b8] COMMAND FindElement {
   "using": "id",
   "value": "basics-link"
}
[1552006886.971][INFO]: Waiting for pending navigations...
[1552006886.972][INFO]: Done waiting for pending navigations. Status: ok
[1552006886.977][INFO]: Waiting for pending navigations...
[1552006886.978][INFO]: Done waiting for pending navigations. Status: ok
[1552006886.978][INFO]: [4c22997e27a145e5b0a66d7f0c2933b8] RESPONSE FindElement {
   "ELEMENT": "0.47845229042803994-7"
}
[1552006886.978][INFO]: [4c22997e27a145e5b0a66d7f0c2933b8] COMMAND GetElementText {
   "id": "0.47845229042803994-7"
}
[1552006886.979][INFO]: Waiting for pending navigations...
[1552006886.979][INFO]: Done waiting for pending navigations. Status: ok
[1552006886.990][INFO]: Waiting for pending navigations...
[1552006886.991][INFO]: Done waiting for pending navigations. Status: ok
[1552006886.991][INFO]: [4c22997e27a145e5b0a66d7f0c2933b8] RESPONSE GetElementText "Fondements d’un système de conformité sociale"
[1552006886.995][INFO]: [4c22997e27a145e5b0a66d7f0c2933b8] COMMAND FindElement {
   "using": "id",
   "value": "basics-link"
}
[1552006886.995][INFO]: Waiting for pending navigations...
[1552006886.997][INFO]: Done waiting for pending navigations. Status: ok
[1552006887.001][INFO]: Waiting for pending navigations...
[1552006887.002][INFO]: Done waiting for pending navigations. Status: ok
[1552006887.002][INFO]: [4c22997e27a145e5b0a66d7f0c2933b8] RESPONSE FindElement {
   "ELEMENT": "0.47845229042803994-7"
}
[1552006887.004][INFO]: [4c22997e27a145e5b0a66d7f0c2933b8] COMMAND GetElementAttribute {
   "id": "0.47845229042803994-7",
   "name": "href"
}
[1552006887.004][INFO]: Waiting for pending navigations...
[1552006887.005][INFO]: Done waiting for pending navigations. Status: ok
[1552006887.008][INFO]: Waiting for pending navigations...
[1552006887.011][INFO]: Done waiting for pending navigations. Status: ok
[1552006887.012][INFO]: [4c22997e27a145e5b0a66d7f0c2933b8] RESPONSE GetElementAttribute "http://localhost:3000/basics"
[1552006887.013][INFO]: [4c22997e27a145e5b0a66d7f0c2933b8] COMMAND Screenshot {

}
[1552006887.013][INFO]: Waiting for pending navigations...
[1552006887.013][INFO]: Done waiting for pending navigations. Status: ok
[1552006887.296][INFO]: Waiting for pending navigations...
[1552006887.297][INFO]: Done waiting for pending navigations. Status: ok
[1552006887.297][INFO]: [4c22997e27a145e5b0a66d7f0c2933b8] RESPONSE Screenshot "iVBORw0KGgoAAAANSUhEUgAAB4AAAANRCAYAAAACj6FfAAAgAElEQVR4nOzdf1SU9533/9cMw49xgg4/REBEEdCMRA2UWiWxVshmU11r1Z40i22zPbrdbHS3d5Tuybl1d+971+w3362a03vVu9+u3N12G79ptmptVtvNBlxiq5ZaNBqc+BMEAkjQARGHH8Nw/8GvC..."
[1552006887.312][INFO]: [4c22997e27a145e5b0a66d7f0c2933b8] COMMAND FindElement {
   "using": "id",
   "value": "steps-dropdown"
}
[1552006887.312][INFO]: Waiting for pending navigations...
[1552006887.313][INFO]: Done waiting for pending navigations. Status: ok
[1552006887.323][INFO]: Waiting for pending navigations...
[1552006887.324][INFO]: Done waiting for pending navigations. Status: ok
[1552006887.324][INFO]: [4c22997e27a145e5b0a66d7f0c2933b8] RESPONSE FindElement {
   "ELEMENT": "0.47845229042803994-8"
}
[1552006887.325][INFO]: [4c22997e27a145e5b0a66d7f0c2933b8] COMMAND IsElementDisplayed {
   "id": "0.47845229042803994-8"
}
[1552006887.326][INFO]: Waiting for pending navigations...
[1552006887.327][INFO]: Done waiting for pending navigations. Status: ok
[1552006887.336][INFO]: Waiting for pending navigations...
[1552006887.336][INFO]: Done waiting for pending navigations. Status: ok
[1552006887.336][INFO]: [4c22997e27a145e5b0a66d7f0c2933b8] RESPONSE IsElementDisplayed true
[1552006887.337][INFO]: [4c22997e27a145e5b0a66d7f0c2933b8] COMMAND Screenshot {

}
[1552006887.338][INFO]: Waiting for pending navigations...
[1552006887.338][INFO]: Done waiting for pending navigations. Status: ok
[1552006887.596][INFO]: Waiting for pending navigations...
[1552006887.597][INFO]: Done waiting for pending navigations. Status: ok
[1552006887.597][INFO]: [4c22997e27a145e5b0a66d7f0c2933b8] RESPONSE Screenshot "iVBORw0KGgoAAAANSUhEUgAAB4AAAANRCAYAAAACj6FfAAAgAElEQVR4nOzdf1SU9533/9cMw49xgg4/REBEEdCMRA2UWiWxVshmU11r1Z40i22zPbrdbHS3d5Tuybl1d+971+w3362a03vVu9+u3N12G79ptmptVtvNBlxiq5ZaNBqc+BMEAkjQARGHH8Nw/8GvC..."
[1552006887.607][INFO]: [4c22997e27a145e5b0a66d7f0c2933b8] COMMAND FindElement {
   "using": "id",
   "value": "steps-dropdown"
}
[1552006887.607][INFO]: Waiting for pending navigations...
[1552006887.608][INFO]: Done waiting for pending navigations. Status: ok
[1552006887.613][INFO]: Waiting for pending navigations...
[1552006887.617][INFO]: Done waiting for pending navigations. Status: ok
[1552006887.617][INFO]: [4c22997e27a145e5b0a66d7f0c2933b8] RESPONSE FindElement {
   "ELEMENT": "0.47845229042803994-8"
}
[1552006887.618][INFO]: [4c22997e27a145e5b0a66d7f0c2933b8] COMMAND GetElementText {
   "id": "0.47845229042803994-8"
}
[1552006887.618][INFO]: Waiting for pending navigations...
[1552006887.621][INFO]: Done waiting for pending navigations. Status: ok
[1552006887.639][INFO]: Waiting for pending navigations...
[1552006887.640][INFO]: Done waiting for pending navigations. Status: ok
[1552006887.640][INFO]: [4c22997e27a145e5b0a66d7f0c2933b8] RESPONSE GetElementText "Étapes vers un système de conformité sociale"
[1552006887.641][INFO]: [4c22997e27a145e5b0a66d7f0c2933b8] COMMAND Screenshot {

}
[1552006887.641][INFO]: Waiting for pending navigations...
[1552006887.642][INFO]: Done waiting for pending navigations. Status: ok
[1552006887.937][INFO]: Waiting for pending navigations...
[1552006887.938][INFO]: Done waiting for pending navigations. Status: ok
[1552006887.938][INFO]: [4c22997e27a145e5b0a66d7f0c2933b8] RESPONSE Screenshot "iVBORw0KGgoAAAANSUhEUgAAB4AAAANRCAYAAAACj6FfAAAgAElEQVR4nOzdf1SU9533/9cMw49xgg4/REBEEdCMRA2UWiWxVshmU11r1Z40i22zPbrdbHS3d5Tuybl1d+971+w3362a03vVu9+u3N12G79ptmptVtvNBlxiq5ZaNBqc+BMEAkjQARGHH8Nw/8GvC..."
[1552006887.955][INFO]: [4c22997e27a145e5b0a66d7f0c2933b8] COMMAND Quit {

}
[1552006888.017][INFO]: [4c22997e27a145e5b0a66d7f0c2933b8] RESPONSE Quit
