[1552006622.792][INFO]: Starting ChromeDriver 73.0.3683.68 (47787ec04b6e38e22703e856e101e840b65afe72)
[1552006622.792][INFO]: Please protect ports used by ChromeDriver and related test frameworks to prevent access by malicious code.
[1552006623.254][INFO]: [ab255c44952c78f8d19bc13c10d3a7f8] COMMAND InitSession {
   "capabilities": {
      "firstMatch": [ {
         "browserName": "chrome",
         "goog:chromeOptions": {
            "args": [ "chrome.switches", "--disable-extensions", "chrome.switches", "test-type", "chrome.switches", "start-maximized", "chrome.switches", "no-sandbox" ],
            "extensions": [  ],
            "useAutomationExtension": false
         }
      } ]
   },
   "desiredCapabilities": {
      "browserName": "chrome",
      "goog:chromeOptions": {
         "args": [ "chrome.switches", "--disable-extensions", "chrome.switches", "test-type", "chrome.switches", "start-maximized", "chrome.switches", "no-sandbox" ],
         "extensions": [  ],
         "useAutomationExtension": false
      }
   }
}
[1552006623.260][INFO]: Populating Preferences file: {
   "alternate_error_pages": {
      "enabled": false
   },
   "autofill": {
      "enabled": false
   },
   "browser": {
      "check_default_browser": false
   },
   "distribution": {
      "import_bookmarks": false,
      "import_history": false,
      "import_search_engine": false,
      "make_chrome_default_for_user": false,
      "skip_first_run_ui": true
   },
   "dns_prefetching": {
      "enabled": false
   },
   "profile": {
      "content_settings": {
         "pattern_pairs": {
            "https://*,*": {
               "media-stream": {
                  "audio": "Default",
                  "video": "Default"
               }
            }
         }
      },
      "default_content_setting_values": {
         "geolocation": 1
      },
      "default_content_settings": {
         "geolocation": 1,
         "mouselock": 1,
         "notifications": 1,
         "popups": 1,
         "ppapi-broker": 1
      },
      "password_manager_enabled": false
   },
   "safebrowsing": {
      "enabled": false
   },
   "search": {
      "suggest_enabled": false
   },
   "translate": {
      "enabled": false
   }
}
[1552006623.263][INFO]: Populating Local State file: {
   "background_mode": {
      "enabled": false
   },
   "ssl": {
      "rev_checking": {
         "enabled": false
      }
   }
}
[1552006623.270][INFO]: Launching chrome: "C:\Program Files (x86)\Google\Chrome\Application\chrome.exe" --chrome.switches --disable-background-networking --disable-client-side-phishing-detection --disable-default-apps --disable-extensions --disable-hang-monitor --disable-popup-blocking --disable-prompt-on-repost --disable-sync --disable-web-resources --enable-automation --enable-blink-features=ShadowDOMV0 --enable-logging --force-fieldtrials=SiteIsolationExtensions/Control --ignore-certificate-errors --log-level=0 --metrics-recording-only --no-first-run --no-sandbox --password-store=basic --remote-debugging-port=0 --start-maximized --test-type --use-mock-keychain --user-data-dir="C:\Users\KAVITH~1\AppData\Local\Temp\scoped_dir13288_11308" data:,
[1552006624.263][INFO]: resolved localhost to ["::1","127.0.0.1"]
[1552006625.292][INFO]: [ab255c44952c78f8d19bc13c10d3a7f8] RESPONSE InitSession {
   "acceptInsecureCerts": false,
   "acceptSslCerts": false,
   "applicationCacheEnabled": false,
   "browserConnectionEnabled": false,
   "browserName": "chrome",
   "chrome": {
      "chromedriverVersion": "73.0.3683.68 (47787ec04b6e38e22703e856e101e840b65afe72)",
      "userDataDir": "C:\\Users\\KAVITH~1\\AppData\\Local\\Temp\\scoped_dir13288_11308"
   },
   "cssSelectorsEnabled": true,
   "databaseEnabled": false,
   "goog:chromeOptions": {
      "debuggerAddress": "localhost:65470"
   },
   "handlesAlerts": true,
   "hasTouchScreen": false,
   "javascriptEnabled": true,
   "locationContextEnabled": true,
   "mobileEmulationEnabled": false,
   "nativeEvents": true,
   "networkConnectionEnabled": false,
   "pageLoadStrategy": "normal",
   "platform": "Windows NT",
   "proxy": {

   },
   "~~~": "..."
}
[1552006625.298][INFO]: [ab255c44952c78f8d19bc13c10d3a7f8] COMMAND MaximizeWindow {
   "handle": "current",
   "windowHandle": "current"
}
[1552006625.299][INFO]: Waiting for pending navigations...
[1552006625.314][INFO]: Done waiting for pending navigations. Status: ok
[1552006625.314][INFO]: resolved localhost to ["::1","127.0.0.1"]
[1552006626.320][INFO]: Waiting for pending navigations...
[1552006626.322][INFO]: Done waiting for pending navigations. Status: ok
[1552006626.322][INFO]: [ab255c44952c78f8d19bc13c10d3a7f8] RESPONSE MaximizeWindow {
   "height": 696,
   "width": 1296,
   "x": -8,
   "y": -8
}
[1552006626.327][INFO]: [ab255c44952c78f8d19bc13c10d3a7f8] COMMAND SetTimeouts {
   "ms": 30000,
   "type": "implicit"
}
[1552006626.327][INFO]: [ab255c44952c78f8d19bc13c10d3a7f8] RESPONSE SetTimeouts
[1552006626.331][INFO]: [ab255c44952c78f8d19bc13c10d3a7f8] COMMAND SetTimeouts {
   "ms": 60000,
   "type": "page load"
}
[1552006626.332][INFO]: [ab255c44952c78f8d19bc13c10d3a7f8] RESPONSE SetTimeouts
[1552006626.334][INFO]: [ab255c44952c78f8d19bc13c10d3a7f8] COMMAND Navigate {
   "url": "http://localhost:3000/"
}
[1552006626.334][INFO]: Waiting for pending navigations...
[1552006626.337][INFO]: Done waiting for pending navigations. Status: ok
[1552006626.772][INFO]: Waiting for pending navigations...
[1552006627.751][INFO]: Done waiting for pending navigations. Status: ok
[1552006627.752][INFO]: [ab255c44952c78f8d19bc13c10d3a7f8] RESPONSE Navigate
[1552006627.758][INFO]: [ab255c44952c78f8d19bc13c10d3a7f8] COMMAND FindElement {
   "using": "id",
   "value": "brand-logo"
}
[1552006627.758][INFO]: Waiting for pending navigations...
[1552006627.770][INFO]: Done waiting for pending navigations. Status: ok
[1552006627.783][INFO]: Waiting for pending navigations...
[1552006627.785][INFO]: Done waiting for pending navigations. Status: ok
[1552006627.785][INFO]: [ab255c44952c78f8d19bc13c10d3a7f8] RESPONSE FindElement {
   "ELEMENT": "0.025737835478606197-1"
}
[1552006627.787][INFO]: [ab255c44952c78f8d19bc13c10d3a7f8] COMMAND IsElementDisplayed {
   "id": "0.025737835478606197-1"
}
[1552006627.787][INFO]: Waiting for pending navigations...
[1552006627.788][INFO]: Done waiting for pending navigations. Status: ok
[1552006627.801][INFO]: Waiting for pending navigations...
[1552006627.801][INFO]: Done waiting for pending navigations. Status: ok
[1552006627.801][INFO]: [ab255c44952c78f8d19bc13c10d3a7f8] RESPONSE IsElementDisplayed true
[1552006627.803][INFO]: [ab255c44952c78f8d19bc13c10d3a7f8] COMMAND Screenshot {

}
[1552006627.803][INFO]: Waiting for pending navigations...
[1552006627.804][INFO]: Done waiting for pending navigations. Status: ok
[1552006628.124][INFO]: Waiting for pending navigations...
[1552006628.125][INFO]: Done waiting for pending navigations. Status: ok
[1552006628.125][INFO]: [ab255c44952c78f8d19bc13c10d3a7f8] RESPONSE Screenshot "iVBORw0KGgoAAAANSUhEUgAAB4AAAANRCAYAAAACj6FfAAAgAElEQVR4nOzde5RX9WHv/c9vBuYCjgyI3LyOlygoKhgNEE0iahqxJhGa9BSibaonreJJnxNI1mk16Xmq9Omj0KynlaSnlaYnHkjTFNIkFdumYtVUrFowoo4adVBQBuUyXGdgbs8fAgIzYMCRy/b1W..."
[1552006628.140][INFO]: [ab255c44952c78f8d19bc13c10d3a7f8] COMMAND FindElement {
   "using": "id",
   "value": "brand-name"
}
[1552006628.140][INFO]: Waiting for pending navigations...
[1552006628.141][INFO]: Done waiting for pending navigations. Status: ok
[1552006628.152][INFO]: Waiting for pending navigations...
[1552006628.155][INFO]: Done waiting for pending navigations. Status: ok
[1552006628.155][INFO]: [ab255c44952c78f8d19bc13c10d3a7f8] RESPONSE FindElement {
   "ELEMENT": "0.025737835478606197-2"
}
[1552006628.157][INFO]: [ab255c44952c78f8d19bc13c10d3a7f8] COMMAND IsElementDisplayed {
   "id": "0.025737835478606197-2"
}
[1552006628.157][INFO]: Waiting for pending navigations...
[1552006628.158][INFO]: Done waiting for pending navigations. Status: ok
[1552006628.168][INFO]: Waiting for pending navigations...
[1552006628.169][INFO]: Done waiting for pending navigations. Status: ok
[1552006628.169][INFO]: [ab255c44952c78f8d19bc13c10d3a7f8] RESPONSE IsElementDisplayed true
[1552006628.170][INFO]: [ab255c44952c78f8d19bc13c10d3a7f8] COMMAND Screenshot {

}
[1552006628.170][INFO]: Waiting for pending navigations...
[1552006628.172][INFO]: Done waiting for pending navigations. Status: ok
[1552006628.443][INFO]: Waiting for pending navigations...
[1552006628.445][INFO]: Done waiting for pending navigations. Status: ok
[1552006628.445][INFO]: [ab255c44952c78f8d19bc13c10d3a7f8] RESPONSE Screenshot "iVBORw0KGgoAAAANSUhEUgAAB4AAAANRCAYAAAACj6FfAAAgAElEQVR4nOzde5RX9WHv/c9vBuYCjgyI3LyOlygoKhgNEE0iahqxJhGa9BSibaonreJJnxNI1mk16Xmq9Omj0KynlaSnlaYnHkjTFNIkFdumYtVUrFowoo4adVBQBuUyXGdgbs8fAgIzYMCRy/b1W..."
[1552006628.458][INFO]: [ab255c44952c78f8d19bc13c10d3a7f8] COMMAND FindElement {
   "using": "id",
   "value": "menu-btn"
}
[1552006628.458][INFO]: Waiting for pending navigations...
[1552006628.459][INFO]: Done waiting for pending navigations. Status: ok
[1552006628.471][INFO]: Waiting for pending navigations...
[1552006628.472][INFO]: Done waiting for pending navigations. Status: ok
[1552006628.472][INFO]: [ab255c44952c78f8d19bc13c10d3a7f8] RESPONSE FindElement {
   "ELEMENT": "0.025737835478606197-3"
}
[1552006628.473][INFO]: [ab255c44952c78f8d19bc13c10d3a7f8] COMMAND IsElementDisplayed {
   "id": "0.025737835478606197-3"
}
[1552006628.473][INFO]: Waiting for pending navigations...
[1552006628.474][INFO]: Done waiting for pending navigations. Status: ok
[1552006628.485][INFO]: Waiting for pending navigations...
[1552006628.485][INFO]: Done waiting for pending navigations. Status: ok
[1552006628.485][INFO]: [ab255c44952c78f8d19bc13c10d3a7f8] RESPONSE IsElementDisplayed true
[1552006628.487][INFO]: [ab255c44952c78f8d19bc13c10d3a7f8] COMMAND Screenshot {

}
[1552006628.488][INFO]: Waiting for pending navigations...
[1552006628.489][INFO]: Done waiting for pending navigations. Status: ok
[1552006628.761][INFO]: Waiting for pending navigations...
[1552006628.763][INFO]: Done waiting for pending navigations. Status: ok
[1552006628.763][INFO]: [ab255c44952c78f8d19bc13c10d3a7f8] RESPONSE Screenshot "iVBORw0KGgoAAAANSUhEUgAAB4AAAANRCAYAAAACj6FfAAAgAElEQVR4nOzde5RX9WHv/c9vBuYCjgyI3LyOlygoKhgNEE0iahqxJhGa9BSibaonreJJnxNI1mk16Xmq9Omj0KynlaSnlaYnHkjTFNIkFdumYtVUrFowoo4adVBQBuUyXGdgbs8fAgIzYMCRy/b1W..."
[1552006628.776][INFO]: [ab255c44952c78f8d19bc13c10d3a7f8] COMMAND FindElement {
   "using": "id",
   "value": "menu-btn"
}
[1552006628.776][INFO]: Waiting for pending navigations...
[1552006628.777][INFO]: Done waiting for pending navigations. Status: ok
[1552006628.782][INFO]: Waiting for pending navigations...
[1552006628.783][INFO]: Done waiting for pending navigations. Status: ok
[1552006628.783][INFO]: [ab255c44952c78f8d19bc13c10d3a7f8] RESPONSE FindElement {
   "ELEMENT": "0.025737835478606197-3"
}
[1552006628.786][INFO]: [ab255c44952c78f8d19bc13c10d3a7f8] COMMAND ClickElement {
   "id": "0.025737835478606197-3"
}
[1552006628.786][INFO]: Waiting for pending navigations...
[1552006628.787][INFO]: Done waiting for pending navigations. Status: ok
[1552006628.840][INFO]: Waiting for pending navigations...
[1552006628.842][INFO]: Done waiting for pending navigations. Status: ok
[1552006628.842][INFO]: [ab255c44952c78f8d19bc13c10d3a7f8] RESPONSE ClickElement
[1552006628.844][INFO]: [ab255c44952c78f8d19bc13c10d3a7f8] COMMAND FindElement {
   "using": "id",
   "value": "fr-btn"
}
[1552006628.844][INFO]: Waiting for pending navigations...
[1552006628.846][INFO]: Done waiting for pending navigations. Status: ok
[1552006628.858][INFO]: Waiting for pending navigations...
[1552006628.858][INFO]: Done waiting for pending navigations. Status: ok
[1552006628.858][INFO]: [ab255c44952c78f8d19bc13c10d3a7f8] RESPONSE FindElement {
   "ELEMENT": "0.025737835478606197-4"
}
[1552006628.862][INFO]: [ab255c44952c78f8d19bc13c10d3a7f8] COMMAND ClickElement {
   "id": "0.025737835478606197-4"
}
[1552006628.862][INFO]: Waiting for pending navigations...
[1552006628.863][INFO]: Done waiting for pending navigations. Status: ok
[1552006629.030][INFO]: Waiting for pending navigations...
[1552006629.055][INFO]: Done waiting for pending navigations. Status: ok
[1552006629.055][INFO]: [ab255c44952c78f8d19bc13c10d3a7f8] RESPONSE ClickElement
[1552006629.059][INFO]: [ab255c44952c78f8d19bc13c10d3a7f8] COMMAND FindElement {
   "using": "id",
   "value": "menu-btn"
}
[1552006629.059][INFO]: Waiting for pending navigations...
[1552006629.062][INFO]: Done waiting for pending navigations. Status: ok
[1552006629.076][INFO]: Waiting for pending navigations...
[1552006629.078][INFO]: Done waiting for pending navigations. Status: ok
[1552006629.078][INFO]: [ab255c44952c78f8d19bc13c10d3a7f8] RESPONSE FindElement {
   "ELEMENT": "0.025737835478606197-3"
}
[1552006629.080][INFO]: [ab255c44952c78f8d19bc13c10d3a7f8] COMMAND GetElementText {
   "id": "0.025737835478606197-3"
}
[1552006629.080][INFO]: Waiting for pending navigations...
[1552006629.083][INFO]: Done waiting for pending navigations. Status: ok
[1552006629.110][INFO]: Waiting for pending navigations...
[1552006629.112][INFO]: Done waiting for pending navigations. Status: ok
[1552006629.112][INFO]: [ab255c44952c78f8d19bc13c10d3a7f8] RESPONSE GetElementText "Fermer"
[1552006629.113][INFO]: [ab255c44952c78f8d19bc13c10d3a7f8] COMMAND Screenshot {

}
[1552006629.113][INFO]: Waiting for pending navigations...
[1552006629.120][INFO]: Done waiting for pending navigations. Status: ok
[1552006629.479][INFO]: Waiting for pending navigations...
[1552006629.486][INFO]: Done waiting for pending navigations. Status: ok
[1552006629.487][INFO]: [ab255c44952c78f8d19bc13c10d3a7f8] RESPONSE Screenshot "iVBORw0KGgoAAAANSUhEUgAAB4AAAANRCAYAAAACj6FfAAAgAElEQVR4nOzdf1SU9533/9cMw49xgg4/REBEEdCMRA2UWiWxVshmU11r1Z40i22zPbrdbHS3d5Tuybl1d+971+w3362a03vVu9+u3N12G79ptmptVtvNBlxiq5ZaNBqc+BMEAkjQARGHH8Nw/8GvC..."
[1552006629.510][INFO]: [ab255c44952c78f8d19bc13c10d3a7f8] COMMAND FindElement {
   "using": "id",
   "value": "what-are-link"
}
[1552006629.510][INFO]: Waiting for pending navigations...
[1552006629.511][INFO]: Done waiting for pending navigations. Status: ok
[1552006629.524][INFO]: Waiting for pending navigations...
[1552006629.525][INFO]: Done waiting for pending navigations. Status: ok
[1552006629.525][INFO]: [ab255c44952c78f8d19bc13c10d3a7f8] RESPONSE FindElement {
   "ELEMENT": "0.025737835478606197-5"
}
[1552006629.526][INFO]: [ab255c44952c78f8d19bc13c10d3a7f8] COMMAND IsElementDisplayed {
   "id": "0.025737835478606197-5"
}
[1552006629.526][INFO]: Waiting for pending navigations...
[1552006629.528][INFO]: Done waiting for pending navigations. Status: ok
[1552006629.538][INFO]: Waiting for pending navigations...
[1552006629.539][INFO]: Done waiting for pending navigations. Status: ok
[1552006629.539][INFO]: [ab255c44952c78f8d19bc13c10d3a7f8] RESPONSE IsElementDisplayed true
[1552006629.540][INFO]: [ab255c44952c78f8d19bc13c10d3a7f8] COMMAND Screenshot {

}
[1552006629.540][INFO]: Waiting for pending navigations...
[1552006629.542][INFO]: Done waiting for pending navigations. Status: ok
[1552006629.839][INFO]: Waiting for pending navigations...
[1552006629.840][INFO]: Done waiting for pending navigations. Status: ok
[1552006629.840][INFO]: [ab255c44952c78f8d19bc13c10d3a7f8] RESPONSE Screenshot "iVBORw0KGgoAAAANSUhEUgAAB4AAAANRCAYAAAACj6FfAAAgAElEQVR4nOzdf1SU9533/9cMw49xgg4/REBEEdCMRA2UWiWxVshmU11r1Z40i22zPbrdbHS3d5Tuybl1d+971+w3362a03vVu9+u3N12G79ptmptVtvNBlxiq5ZaNBqc+BMEAkjQARGHH8Nw/8GvC..."
[1552006629.859][INFO]: [ab255c44952c78f8d19bc13c10d3a7f8] COMMAND FindElement {
   "using": "id",
   "value": "what-are-link"
}
[1552006629.859][INFO]: Waiting for pending navigations...
[1552006629.860][INFO]: Done waiting for pending navigations. Status: ok
[1552006629.866][INFO]: Waiting for pending navigations...
[1552006629.867][INFO]: Done waiting for pending navigations. Status: ok
[1552006629.868][INFO]: [ab255c44952c78f8d19bc13c10d3a7f8] RESPONSE FindElement {
   "ELEMENT": "0.025737835478606197-5"
}
[1552006629.870][INFO]: [ab255c44952c78f8d19bc13c10d3a7f8] COMMAND GetElementText {
   "id": "0.025737835478606197-5"
}
[1552006629.870][INFO]: Waiting for pending navigations...
[1552006629.874][INFO]: Done waiting for pending navigations. Status: ok
[1552006629.886][INFO]: Waiting for pending navigations...
[1552006629.887][INFO]: Done waiting for pending navigations. Status: ok
[1552006629.887][INFO]: [ab255c44952c78f8d19bc13c10d3a7f8] RESPONSE GetElementText "Qu'est-ce que le travail des enfants et le travail forcé ?"
[1552006629.890][INFO]: [ab255c44952c78f8d19bc13c10d3a7f8] COMMAND FindElement {
   "using": "id",
   "value": "what-are-link"
}
[1552006629.890][INFO]: Waiting for pending navigations...
[1552006629.891][INFO]: Done waiting for pending navigations. Status: ok
[1552006629.896][INFO]: Waiting for pending navigations...
[1552006629.897][INFO]: Done waiting for pending navigations. Status: ok
[1552006629.897][INFO]: [ab255c44952c78f8d19bc13c10d3a7f8] RESPONSE FindElement {
   "ELEMENT": "0.025737835478606197-5"
}
[1552006629.898][INFO]: [ab255c44952c78f8d19bc13c10d3a7f8] COMMAND GetElementAttribute {
   "id": "0.025737835478606197-5",
   "name": "href"
}
[1552006629.898][INFO]: Waiting for pending navigations...
[1552006629.898][INFO]: Done waiting for pending navigations. Status: ok
[1552006629.901][INFO]: Waiting for pending navigations...
[1552006629.902][INFO]: Done waiting for pending navigations. Status: ok
[1552006629.902][INFO]: [ab255c44952c78f8d19bc13c10d3a7f8] RESPONSE GetElementAttribute "http://localhost:3000/what-are"
[1552006629.904][INFO]: [ab255c44952c78f8d19bc13c10d3a7f8] COMMAND Screenshot {

}
[1552006629.904][INFO]: Waiting for pending navigations...
[1552006629.905][INFO]: Done waiting for pending navigations. Status: ok
[1552006630.176][INFO]: Waiting for pending navigations...
[1552006630.178][INFO]: Done waiting for pending navigations. Status: ok
[1552006630.178][INFO]: [ab255c44952c78f8d19bc13c10d3a7f8] RESPONSE Screenshot "iVBORw0KGgoAAAANSUhEUgAAB4AAAANRCAYAAAACj6FfAAAgAElEQVR4nOzdf1SU9533/9cMw49xgg4/REBEEdCMRA2UWiWxVshmU11r1Z40i22zPbrdbHS3d5Tuybl1d+971+w3362a03vVu9+u3N12G79ptmptVtvNBlxiq5ZaNBqc+BMEAkjQARGHH8Nw/8GvC..."
[1552006630.194][INFO]: [ab255c44952c78f8d19bc13c10d3a7f8] COMMAND FindElement {
   "using": "id",
   "value": "why-develop-link"
}
[1552006630.194][INFO]: Waiting for pending navigations...
[1552006630.195][INFO]: Done waiting for pending navigations. Status: ok
[1552006630.205][INFO]: Waiting for pending navigations...
[1552006630.206][INFO]: Done waiting for pending navigations. Status: ok
[1552006630.206][INFO]: [ab255c44952c78f8d19bc13c10d3a7f8] RESPONSE FindElement {
   "ELEMENT": "0.025737835478606197-6"
}
[1552006630.207][INFO]: [ab255c44952c78f8d19bc13c10d3a7f8] COMMAND IsElementDisplayed {
   "id": "0.025737835478606197-6"
}
[1552006630.207][INFO]: Waiting for pending navigations...
[1552006630.208][INFO]: Done waiting for pending navigations. Status: ok
[1552006630.217][INFO]: Waiting for pending navigations...
[1552006630.218][INFO]: Done waiting for pending navigations. Status: ok
[1552006630.218][INFO]: [ab255c44952c78f8d19bc13c10d3a7f8] RESPONSE IsElementDisplayed true
[1552006630.219][INFO]: [ab255c44952c78f8d19bc13c10d3a7f8] COMMAND Screenshot {

}
[1552006630.219][INFO]: Waiting for pending navigations...
[1552006630.220][INFO]: Done waiting for pending navigations. Status: ok
[1552006630.488][INFO]: Waiting for pending navigations...
[1552006630.491][INFO]: Done waiting for pending navigations. Status: ok
[1552006630.491][INFO]: [ab255c44952c78f8d19bc13c10d3a7f8] RESPONSE Screenshot "iVBORw0KGgoAAAANSUhEUgAAB4AAAANRCAYAAAACj6FfAAAgAElEQVR4nOzdf1SU9533/9cMw49xgg4/REBEEdCMRA2UWiWxVshmU11r1Z40i22zPbrdbHS3d5Tuybl1d+971+w3362a03vVu9+u3N12G79ptmptVtvNBlxiq5ZaNBqc+BMEAkjQARGHH8Nw/8GvC..."
[1552006630.507][INFO]: [ab255c44952c78f8d19bc13c10d3a7f8] COMMAND FindElement {
   "using": "id",
   "value": "why-develop-link"
}
[1552006630.507][INFO]: Waiting for pending navigations...
[1552006630.508][INFO]: Done waiting for pending navigations. Status: ok
[1552006630.512][INFO]: Waiting for pending navigations...
[1552006630.513][INFO]: Done waiting for pending navigations. Status: ok
[1552006630.513][INFO]: [ab255c44952c78f8d19bc13c10d3a7f8] RESPONSE FindElement {
   "ELEMENT": "0.025737835478606197-6"
}
[1552006630.516][INFO]: [ab255c44952c78f8d19bc13c10d3a7f8] COMMAND GetElementText {
   "id": "0.025737835478606197-6"
}
[1552006630.516][INFO]: Waiting for pending navigations...
[1552006630.518][INFO]: Done waiting for pending navigations. Status: ok
[1552006630.531][INFO]: Waiting for pending navigations...
[1552006630.532][INFO]: Done waiting for pending navigations. Status: ok
[1552006630.532][INFO]: [ab255c44952c78f8d19bc13c10d3a7f8] RESPONSE GetElementText "Pourquoi élaborer un système de conformité sociale ?"
[1552006630.534][INFO]: [ab255c44952c78f8d19bc13c10d3a7f8] COMMAND FindElement {
   "using": "id",
   "value": "why-develop-link"
}
[1552006630.534][INFO]: Waiting for pending navigations...
[1552006630.535][INFO]: Done waiting for pending navigations. Status: ok
[1552006630.540][INFO]: Waiting for pending navigations...
[1552006630.541][INFO]: Done waiting for pending navigations. Status: ok
[1552006630.541][INFO]: [ab255c44952c78f8d19bc13c10d3a7f8] RESPONSE FindElement {
   "ELEMENT": "0.025737835478606197-6"
}
[1552006630.542][INFO]: [ab255c44952c78f8d19bc13c10d3a7f8] COMMAND GetElementAttribute {
   "id": "0.025737835478606197-6",
   "name": "href"
}
[1552006630.542][INFO]: Waiting for pending navigations...
[1552006630.543][INFO]: Done waiting for pending navigations. Status: ok
[1552006630.546][INFO]: Waiting for pending navigations...
[1552006630.547][INFO]: Done waiting for pending navigations. Status: ok
[1552006630.547][INFO]: [ab255c44952c78f8d19bc13c10d3a7f8] RESPONSE GetElementAttribute "http://localhost:3000/why-develop"
[1552006630.549][INFO]: [ab255c44952c78f8d19bc13c10d3a7f8] COMMAND Screenshot {

}
[1552006630.549][INFO]: Waiting for pending navigations...
[1552006630.550][INFO]: Done waiting for pending navigations. Status: ok
[1552006630.853][INFO]: Waiting for pending navigations...
[1552006630.855][INFO]: Done waiting for pending navigations. Status: ok
[1552006630.855][INFO]: [ab255c44952c78f8d19bc13c10d3a7f8] RESPONSE Screenshot "iVBORw0KGgoAAAANSUhEUgAAB4AAAANRCAYAAAACj6FfAAAgAElEQVR4nOzdf1SU9533/9cMw49xgg4/REBEEdCMRA2UWiWxVshmU11r1Z40i22zPbrdbHS3d5Tuybl1d+971+w3362a03vVu9+u3N12G79ptmptVtvNBlxiq5ZaNBqc+BMEAkjQARGHH8Nw/8GvC..."
[1552006630.874][INFO]: [ab255c44952c78f8d19bc13c10d3a7f8] COMMAND FindElement {
   "using": "id",
   "value": "basics-link"
}
[1552006630.874][INFO]: Waiting for pending navigations...
[1552006630.876][INFO]: Done waiting for pending navigations. Status: ok
[1552006630.885][INFO]: Waiting for pending navigations...
[1552006630.886][INFO]: Done waiting for pending navigations. Status: ok
[1552006630.886][INFO]: [ab255c44952c78f8d19bc13c10d3a7f8] RESPONSE FindElement {
   "ELEMENT": "0.025737835478606197-7"
}
[1552006630.887][INFO]: [ab255c44952c78f8d19bc13c10d3a7f8] COMMAND IsElementDisplayed {
   "id": "0.025737835478606197-7"
}
[1552006630.887][INFO]: Waiting for pending navigations...
[1552006630.888][INFO]: Done waiting for pending navigations. Status: ok
[1552006630.899][INFO]: Waiting for pending navigations...
[1552006630.900][INFO]: Done waiting for pending navigations. Status: ok
[1552006630.900][INFO]: [ab255c44952c78f8d19bc13c10d3a7f8] RESPONSE IsElementDisplayed true
[1552006630.901][INFO]: [ab255c44952c78f8d19bc13c10d3a7f8] COMMAND Screenshot {

}
[1552006630.901][INFO]: Waiting for pending navigations...
[1552006630.902][INFO]: Done waiting for pending navigations. Status: ok
[1552006631.188][INFO]: Waiting for pending navigations...
[1552006631.188][INFO]: Done waiting for pending navigations. Status: ok
[1552006631.189][INFO]: [ab255c44952c78f8d19bc13c10d3a7f8] RESPONSE Screenshot "iVBORw0KGgoAAAANSUhEUgAAB4AAAANRCAYAAAACj6FfAAAgAElEQVR4nOzdf1SU9533/9cMw49xgg4/REBEEdCMRA2UWiWxVshmU11r1Z40i22zPbrdbHS3d5Tuybl1d+971+w3362a03vVu9+u3N12G79ptmptVtvNBlxiq5ZaNBqc+BMEAkjQARGHH8Nw/8GvC..."
[1552006631.204][INFO]: [ab255c44952c78f8d19bc13c10d3a7f8] COMMAND FindElement {
   "using": "id",
   "value": "basics-link"
}
[1552006631.204][INFO]: Waiting for pending navigations...
[1552006631.205][INFO]: Done waiting for pending navigations. Status: ok
[1552006631.209][INFO]: Waiting for pending navigations...
[1552006631.210][INFO]: Done waiting for pending navigations. Status: ok
[1552006631.210][INFO]: [ab255c44952c78f8d19bc13c10d3a7f8] RESPONSE FindElement {
   "ELEMENT": "0.025737835478606197-7"
}
[1552006631.211][INFO]: [ab255c44952c78f8d19bc13c10d3a7f8] COMMAND GetElementText {
   "id": "0.025737835478606197-7"
}
[1552006631.211][INFO]: Waiting for pending navigations...
[1552006631.211][INFO]: Done waiting for pending navigations. Status: ok
[1552006631.222][INFO]: Waiting for pending navigations...
[1552006631.223][INFO]: Done waiting for pending navigations. Status: ok
[1552006631.223][INFO]: [ab255c44952c78f8d19bc13c10d3a7f8] RESPONSE GetElementText "Fondements d’un système de conformité sociale"
[1552006631.231][INFO]: [ab255c44952c78f8d19bc13c10d3a7f8] COMMAND Screenshot {

}
[1552006631.231][INFO]: Waiting for pending navigations...
[1552006631.236][INFO]: Done waiting for pending navigations. Status: ok
[1552006631.529][INFO]: Waiting for pending navigations...
[1552006631.530][INFO]: Done waiting for pending navigations. Status: ok
[1552006631.530][INFO]: [ab255c44952c78f8d19bc13c10d3a7f8] RESPONSE Screenshot "iVBORw0KGgoAAAANSUhEUgAAB4AAAANRCAYAAAACj6FfAAAgAElEQVR4nOzdf1SU9533/9cMw49xgg4/REBEEdCMRA2UWiWxVshmU11r1Z40i22zPbrdbHS3d5Tuybl1d+971+w3362a03vVu9+u3N12G79ptmptVtvNBlxiq5ZaNBqc+BMEAkjQARGHH8Nw/8GvC..."
[1552006631.555][INFO]: [ab255c44952c78f8d19bc13c10d3a7f8] COMMAND Quit {

}
[1552006631.616][INFO]: [ab255c44952c78f8d19bc13c10d3a7f8] RESPONSE Quit
