[1552007100.218][INFO]: Starting ChromeDriver 73.0.3683.68 (47787ec04b6e38e22703e856e101e840b65afe72)
[1552007100.218][INFO]: Please protect ports used by ChromeDriver and related test frameworks to prevent access by malicious code.
[1552007100.689][INFO]: [9f007bf30837fbbb55e65ed20535f4f8] COMMAND InitSession {
   "capabilities": {
      "firstMatch": [ {
         "browserName": "chrome",
         "goog:chromeOptions": {
            "args": [ "chrome.switches", "--disable-extensions", "chrome.switches", "test-type", "chrome.switches", "start-maximized", "chrome.switches", "no-sandbox" ],
            "extensions": [  ],
            "useAutomationExtension": false
         }
      } ]
   },
   "desiredCapabilities": {
      "browserName": "chrome",
      "goog:chromeOptions": {
         "args": [ "chrome.switches", "--disable-extensions", "chrome.switches", "test-type", "chrome.switches", "start-maximized", "chrome.switches", "no-sandbox" ],
         "extensions": [  ],
         "useAutomationExtension": false
      }
   }
}
[1552007100.697][INFO]: Populating Preferences file: {
   "alternate_error_pages": {
      "enabled": false
   },
   "autofill": {
      "enabled": false
   },
   "browser": {
      "check_default_browser": false
   },
   "distribution": {
      "import_bookmarks": false,
      "import_history": false,
      "import_search_engine": false,
      "make_chrome_default_for_user": false,
      "skip_first_run_ui": true
   },
   "dns_prefetching": {
      "enabled": false
   },
   "profile": {
      "content_settings": {
         "pattern_pairs": {
            "https://*,*": {
               "media-stream": {
                  "audio": "Default",
                  "video": "Default"
               }
            }
         }
      },
      "default_content_setting_values": {
         "geolocation": 1
      },
      "default_content_settings": {
         "geolocation": 1,
         "mouselock": 1,
         "notifications": 1,
         "popups": 1,
         "ppapi-broker": 1
      },
      "password_manager_enabled": false
   },
   "safebrowsing": {
      "enabled": false
   },
   "search": {
      "suggest_enabled": false
   },
   "translate": {
      "enabled": false
   }
}
[1552007100.702][INFO]: Populating Local State file: {
   "background_mode": {
      "enabled": false
   },
   "ssl": {
      "rev_checking": {
         "enabled": false
      }
   }
}
[1552007100.705][INFO]: Launching chrome: "C:\Program Files (x86)\Google\Chrome\Application\chrome.exe" --chrome.switches --disable-background-networking --disable-client-side-phishing-detection --disable-default-apps --disable-extensions --disable-hang-monitor --disable-popup-blocking --disable-prompt-on-repost --disable-sync --disable-web-resources --enable-automation --enable-blink-features=ShadowDOMV0 --enable-logging --force-fieldtrials=SiteIsolationExtensions/Control --ignore-certificate-errors --log-level=0 --metrics-recording-only --no-first-run --no-sandbox --password-store=basic --remote-debugging-port=0 --start-maximized --test-type --use-mock-keychain --user-data-dir="C:\Users\KAVITH~1\AppData\Local\Temp\scoped_dir20532_27922" data:,
[1552007101.512][INFO]: resolved localhost to ["::1","127.0.0.1"]
[1552007102.523][INFO]: [9f007bf30837fbbb55e65ed20535f4f8] RESPONSE InitSession {
   "acceptInsecureCerts": false,
   "acceptSslCerts": false,
   "applicationCacheEnabled": false,
   "browserConnectionEnabled": false,
   "browserName": "chrome",
   "chrome": {
      "chromedriverVersion": "73.0.3683.68 (47787ec04b6e38e22703e856e101e840b65afe72)",
      "userDataDir": "C:\\Users\\KAVITH~1\\AppData\\Local\\Temp\\scoped_dir20532_27922"
   },
   "cssSelectorsEnabled": true,
   "databaseEnabled": false,
   "goog:chromeOptions": {
      "debuggerAddress": "localhost:50055"
   },
   "handlesAlerts": true,
   "hasTouchScreen": false,
   "javascriptEnabled": true,
   "locationContextEnabled": true,
   "mobileEmulationEnabled": false,
   "nativeEvents": true,
   "networkConnectionEnabled": false,
   "pageLoadStrategy": "normal",
   "platform": "Windows NT",
   "proxy": {

   },
   "~~~": "..."
}
[1552007102.530][INFO]: [9f007bf30837fbbb55e65ed20535f4f8] COMMAND MaximizeWindow {
   "handle": "current",
   "windowHandle": "current"
}
[1552007102.530][INFO]: Waiting for pending navigations...
[1552007102.545][INFO]: Done waiting for pending navigations. Status: ok
[1552007102.545][INFO]: resolved localhost to ["::1","127.0.0.1"]
[1552007103.550][INFO]: Waiting for pending navigations...
[1552007103.551][INFO]: Done waiting for pending navigations. Status: ok
[1552007103.551][INFO]: [9f007bf30837fbbb55e65ed20535f4f8] RESPONSE MaximizeWindow {
   "height": 696,
   "width": 1296,
   "x": -8,
   "y": -8
}
[1552007103.555][INFO]: [9f007bf30837fbbb55e65ed20535f4f8] COMMAND SetTimeouts {
   "ms": 30000,
   "type": "implicit"
}
[1552007103.555][INFO]: [9f007bf30837fbbb55e65ed20535f4f8] RESPONSE SetTimeouts
[1552007103.556][INFO]: [9f007bf30837fbbb55e65ed20535f4f8] COMMAND SetTimeouts {
   "ms": 60000,
   "type": "page load"
}
[1552007103.556][INFO]: [9f007bf30837fbbb55e65ed20535f4f8] RESPONSE SetTimeouts
[1552007103.559][INFO]: [9f007bf30837fbbb55e65ed20535f4f8] COMMAND Navigate {
   "url": "http://localhost:3000/"
}
[1552007103.559][INFO]: Waiting for pending navigations...
[1552007103.561][INFO]: Done waiting for pending navigations. Status: ok
[1552007103.977][INFO]: Waiting for pending navigations...
[1552007105.155][INFO]: Done waiting for pending navigations. Status: ok
[1552007105.155][INFO]: [9f007bf30837fbbb55e65ed20535f4f8] RESPONSE Navigate
[1552007105.170][INFO]: [9f007bf30837fbbb55e65ed20535f4f8] COMMAND FindElement {
   "using": "id",
   "value": "brand-logo"
}
[1552007105.171][INFO]: Waiting for pending navigations...
[1552007105.180][INFO]: Done waiting for pending navigations. Status: ok
[1552007105.199][INFO]: Waiting for pending navigations...
[1552007105.200][INFO]: Done waiting for pending navigations. Status: ok
[1552007105.200][INFO]: [9f007bf30837fbbb55e65ed20535f4f8] RESPONSE FindElement {
   "ELEMENT": "0.6854147260671601-1"
}
[1552007105.201][INFO]: [9f007bf30837fbbb55e65ed20535f4f8] COMMAND IsElementDisplayed {
   "id": "0.6854147260671601-1"
}
[1552007105.201][INFO]: Waiting for pending navigations...
[1552007105.202][INFO]: Done waiting for pending navigations. Status: ok
[1552007105.216][INFO]: Waiting for pending navigations...
[1552007105.216][INFO]: Done waiting for pending navigations. Status: ok
[1552007105.216][INFO]: [9f007bf30837fbbb55e65ed20535f4f8] RESPONSE IsElementDisplayed true
[1552007105.217][INFO]: [9f007bf30837fbbb55e65ed20535f4f8] COMMAND Screenshot {

}
[1552007105.217][INFO]: Waiting for pending navigations...
[1552007105.218][INFO]: Done waiting for pending navigations. Status: ok
[1552007105.520][INFO]: Waiting for pending navigations...
[1552007105.522][INFO]: Done waiting for pending navigations. Status: ok
[1552007105.522][INFO]: [9f007bf30837fbbb55e65ed20535f4f8] RESPONSE Screenshot "iVBORw0KGgoAAAANSUhEUgAAB4AAAANRCAYAAAACj6FfAAAgAElEQVR4nOzde5RX9WHv/c9vBuYCjgyI3LyOlygoKhgNEE0iahqxJhGa9BSibaonreJJnxNI1mk16Xmq9Omj0KynlaSnlaYnHkjTFNIkFdumYtVUrFowoo4adVBQBuUyXGdgbs8fAgIzYMCRy/b1W..."
[1552007105.534][INFO]: [9f007bf30837fbbb55e65ed20535f4f8] COMMAND FindElement {
   "using": "id",
   "value": "brand-name"
}
[1552007105.534][INFO]: Waiting for pending navigations...
[1552007105.535][INFO]: Done waiting for pending navigations. Status: ok
[1552007105.549][INFO]: Waiting for pending navigations...
[1552007105.551][INFO]: Done waiting for pending navigations. Status: ok
[1552007105.551][INFO]: [9f007bf30837fbbb55e65ed20535f4f8] RESPONSE FindElement {
   "ELEMENT": "0.6854147260671601-2"
}
[1552007105.553][INFO]: [9f007bf30837fbbb55e65ed20535f4f8] COMMAND IsElementDisplayed {
   "id": "0.6854147260671601-2"
}
[1552007105.553][INFO]: Waiting for pending navigations...
[1552007105.554][INFO]: Done waiting for pending navigations. Status: ok
[1552007105.565][INFO]: Waiting for pending navigations...
[1552007105.566][INFO]: Done waiting for pending navigations. Status: ok
[1552007105.566][INFO]: [9f007bf30837fbbb55e65ed20535f4f8] RESPONSE IsElementDisplayed true
[1552007105.567][INFO]: [9f007bf30837fbbb55e65ed20535f4f8] COMMAND Screenshot {

}
[1552007105.567][INFO]: Waiting for pending navigations...
[1552007105.569][INFO]: Done waiting for pending navigations. Status: ok
[1552007105.853][INFO]: Waiting for pending navigations...
[1552007105.856][INFO]: Done waiting for pending navigations. Status: ok
[1552007105.856][INFO]: [9f007bf30837fbbb55e65ed20535f4f8] RESPONSE Screenshot "iVBORw0KGgoAAAANSUhEUgAAB4AAAANRCAYAAAACj6FfAAAgAElEQVR4nOzde5RX9WHv/c9vBuYCjgyI3LyOlygoKhgNEE0iahqxJhGa9BSibaonreJJnxNI1mk16Xmq9Omj0KynlaSnlaYnHkjTFNIkFdumYtVUrFowoo4adVBQBuUyXGdgbs8fAgIzYMCRy/b1W..."
[1552007105.865][INFO]: [9f007bf30837fbbb55e65ed20535f4f8] COMMAND FindElement {
   "using": "id",
   "value": "menu-btn"
}
[1552007105.865][INFO]: Waiting for pending navigations...
[1552007105.866][INFO]: Done waiting for pending navigations. Status: ok
[1552007105.877][INFO]: Waiting for pending navigations...
[1552007105.878][INFO]: Done waiting for pending navigations. Status: ok
[1552007105.878][INFO]: [9f007bf30837fbbb55e65ed20535f4f8] RESPONSE FindElement {
   "ELEMENT": "0.6854147260671601-3"
}
[1552007105.880][INFO]: [9f007bf30837fbbb55e65ed20535f4f8] COMMAND IsElementDisplayed {
   "id": "0.6854147260671601-3"
}
[1552007105.880][INFO]: Waiting for pending navigations...
[1552007105.883][INFO]: Done waiting for pending navigations. Status: ok
[1552007105.893][INFO]: Waiting for pending navigations...
[1552007105.894][INFO]: Done waiting for pending navigations. Status: ok
[1552007105.894][INFO]: [9f007bf30837fbbb55e65ed20535f4f8] RESPONSE IsElementDisplayed true
[1552007105.895][INFO]: [9f007bf30837fbbb55e65ed20535f4f8] COMMAND Screenshot {

}
[1552007105.895][INFO]: Waiting for pending navigations...
[1552007105.898][INFO]: Done waiting for pending navigations. Status: ok
[1552007106.165][INFO]: Waiting for pending navigations...
[1552007106.166][INFO]: Done waiting for pending navigations. Status: ok
[1552007106.166][INFO]: [9f007bf30837fbbb55e65ed20535f4f8] RESPONSE Screenshot "iVBORw0KGgoAAAANSUhEUgAAB4AAAANRCAYAAAACj6FfAAAgAElEQVR4nOzde5RX9WHv/c9vBuYCjgyI3LyOlygoKhgNEE0iahqxJhGa9BSibaonreJJnxNI1mk16Xmq9Omj0KynlaSnlaYnHkjTFNIkFdumYtVUrFowoo4adVBQBuUyXGdgbs8fAgIzYMCRy/b1W..."
[1552007106.176][INFO]: [9f007bf30837fbbb55e65ed20535f4f8] COMMAND FindElement {
   "using": "id",
   "value": "menu-btn"
}
[1552007106.176][INFO]: Waiting for pending navigations...
[1552007106.177][INFO]: Done waiting for pending navigations. Status: ok
[1552007106.181][INFO]: Waiting for pending navigations...
[1552007106.183][INFO]: Done waiting for pending navigations. Status: ok
[1552007106.183][INFO]: [9f007bf30837fbbb55e65ed20535f4f8] RESPONSE FindElement {
   "ELEMENT": "0.6854147260671601-3"
}
[1552007106.187][INFO]: [9f007bf30837fbbb55e65ed20535f4f8] COMMAND ClickElement {
   "id": "0.6854147260671601-3"
}
[1552007106.187][INFO]: Waiting for pending navigations...
[1552007106.187][INFO]: Done waiting for pending navigations. Status: ok
[1552007106.249][INFO]: Waiting for pending navigations...
[1552007106.250][INFO]: Done waiting for pending navigations. Status: ok
[1552007106.250][INFO]: [9f007bf30837fbbb55e65ed20535f4f8] RESPONSE ClickElement
[1552007107.254][INFO]: [9f007bf30837fbbb55e65ed20535f4f8] COMMAND FindElement {
   "using": "id",
   "value": "fr-btn"
}
[1552007107.254][INFO]: Waiting for pending navigations...
[1552007107.255][INFO]: Done waiting for pending navigations. Status: ok
[1552007107.277][INFO]: Waiting for pending navigations...
[1552007107.278][INFO]: Done waiting for pending navigations. Status: ok
[1552007107.278][INFO]: [9f007bf30837fbbb55e65ed20535f4f8] RESPONSE FindElement {
   "ELEMENT": "0.6854147260671601-4"
}
[1552007107.281][INFO]: [9f007bf30837fbbb55e65ed20535f4f8] COMMAND ClickElement {
   "id": "0.6854147260671601-4"
}
[1552007107.281][INFO]: Waiting for pending navigations...
[1552007107.282][INFO]: Done waiting for pending navigations. Status: ok
[1552007107.347][INFO]: Waiting for pending navigations...
[1552007107.351][INFO]: Done waiting for pending navigations. Status: ok
[1552007107.351][INFO]: [9f007bf30837fbbb55e65ed20535f4f8] RESPONSE ClickElement
[1552007108.355][INFO]: [9f007bf30837fbbb55e65ed20535f4f8] COMMAND FindElement {
   "using": "id",
   "value": "menu-btn"
}
[1552007108.355][INFO]: Waiting for pending navigations...
[1552007108.361][INFO]: Done waiting for pending navigations. Status: ok
[1552007108.371][INFO]: Waiting for pending navigations...
[1552007108.373][INFO]: Done waiting for pending navigations. Status: ok
[1552007108.373][INFO]: [9f007bf30837fbbb55e65ed20535f4f8] RESPONSE FindElement {
   "ELEMENT": "0.6854147260671601-3"
}
[1552007108.375][INFO]: [9f007bf30837fbbb55e65ed20535f4f8] COMMAND GetElementText {
   "id": "0.6854147260671601-3"
}
[1552007108.375][INFO]: Waiting for pending navigations...
[1552007108.376][INFO]: Done waiting for pending navigations. Status: ok
[1552007108.397][INFO]: Waiting for pending navigations...
[1552007108.398][INFO]: Done waiting for pending navigations. Status: ok
[1552007108.398][INFO]: [9f007bf30837fbbb55e65ed20535f4f8] RESPONSE GetElementText "Fermer"
[1552007108.400][INFO]: [9f007bf30837fbbb55e65ed20535f4f8] COMMAND Screenshot {

}
[1552007108.400][INFO]: Waiting for pending navigations...
[1552007108.401][INFO]: Done waiting for pending navigations. Status: ok
[1552007108.696][INFO]: Waiting for pending navigations...
[1552007108.697][INFO]: Done waiting for pending navigations. Status: ok
[1552007108.698][INFO]: [9f007bf30837fbbb55e65ed20535f4f8] RESPONSE Screenshot "iVBORw0KGgoAAAANSUhEUgAAB4AAAANRCAYAAAACj6FfAAAgAElEQVR4nOzdf1SU9533/9cMw49xgg4/REBEEdCMRA2UWiWxVshmU11r1Z40i22zPbrdbHS3d5Tuybl1d+971+w3362a03vVu9+u3N12G79ptmptVtvNBlxiq5ZaNBqc+BMEAkjQARGHH8Nw/8GvC..."
[1552007108.713][INFO]: [9f007bf30837fbbb55e65ed20535f4f8] COMMAND FindElement {
   "using": "id",
   "value": "what-are-link"
}
[1552007108.713][INFO]: Waiting for pending navigations...
[1552007108.714][INFO]: Done waiting for pending navigations. Status: ok
[1552007108.722][INFO]: Waiting for pending navigations...
[1552007108.724][INFO]: Done waiting for pending navigations. Status: ok
[1552007108.724][INFO]: [9f007bf30837fbbb55e65ed20535f4f8] RESPONSE FindElement {
   "ELEMENT": "0.6854147260671601-5"
}
[1552007108.725][INFO]: [9f007bf30837fbbb55e65ed20535f4f8] COMMAND IsElementDisplayed {
   "id": "0.6854147260671601-5"
}
[1552007108.725][INFO]: Waiting for pending navigations...
[1552007108.726][INFO]: Done waiting for pending navigations. Status: ok
[1552007108.735][INFO]: Waiting for pending navigations...
[1552007108.736][INFO]: Done waiting for pending navigations. Status: ok
[1552007108.736][INFO]: [9f007bf30837fbbb55e65ed20535f4f8] RESPONSE IsElementDisplayed true
[1552007108.737][INFO]: [9f007bf30837fbbb55e65ed20535f4f8] COMMAND Screenshot {

}
[1552007108.737][INFO]: Waiting for pending navigations...
[1552007108.738][INFO]: Done waiting for pending navigations. Status: ok
[1552007109.017][INFO]: Waiting for pending navigations...
[1552007109.018][INFO]: Done waiting for pending navigations. Status: ok
[1552007109.018][INFO]: [9f007bf30837fbbb55e65ed20535f4f8] RESPONSE Screenshot "iVBORw0KGgoAAAANSUhEUgAAB4AAAANRCAYAAAACj6FfAAAgAElEQVR4nOzdf1SU9533/9cMw49xgg4/REBEEdCMRA2UWiWxVshmU11r1Z40i22zPbrdbHS3d5Tuybl1d+971+w3362a03vVu9+u3N12G79ptmptVtvNBlxiq5ZaNBqc+BMEAkjQARGHH8Nw/8GvC..."
[1552007109.032][INFO]: [9f007bf30837fbbb55e65ed20535f4f8] COMMAND FindElement {
   "using": "id",
   "value": "what-are-link"
}
[1552007109.032][INFO]: Waiting for pending navigations...
[1552007109.033][INFO]: Done waiting for pending navigations. Status: ok
[1552007109.037][INFO]: Waiting for pending navigations...
[1552007109.038][INFO]: Done waiting for pending navigations. Status: ok
[1552007109.038][INFO]: [9f007bf30837fbbb55e65ed20535f4f8] RESPONSE FindElement {
   "ELEMENT": "0.6854147260671601-5"
}
[1552007109.040][INFO]: [9f007bf30837fbbb55e65ed20535f4f8] COMMAND GetElementText {
   "id": "0.6854147260671601-5"
}
[1552007109.040][INFO]: Waiting for pending navigations...
[1552007109.046][INFO]: Done waiting for pending navigations. Status: ok
[1552007109.060][INFO]: Waiting for pending navigations...
[1552007109.065][INFO]: Done waiting for pending navigations. Status: ok
[1552007109.065][INFO]: [9f007bf30837fbbb55e65ed20535f4f8] RESPONSE GetElementText "Qu'est-ce que le travail des enfants et le travail forcé ?"
[1552007109.069][INFO]: [9f007bf30837fbbb55e65ed20535f4f8] COMMAND FindElement {
   "using": "id",
   "value": "what-are-link"
}
[1552007109.069][INFO]: Waiting for pending navigations...
[1552007109.075][INFO]: Done waiting for pending navigations. Status: ok
[1552007109.082][INFO]: Waiting for pending navigations...
[1552007109.084][INFO]: Done waiting for pending navigations. Status: ok
[1552007109.084][INFO]: [9f007bf30837fbbb55e65ed20535f4f8] RESPONSE FindElement {
   "ELEMENT": "0.6854147260671601-5"
}
[1552007109.085][INFO]: [9f007bf30837fbbb55e65ed20535f4f8] COMMAND GetElementAttribute {
   "id": "0.6854147260671601-5",
   "name": "href"
}
[1552007109.085][INFO]: Waiting for pending navigations...
[1552007109.088][INFO]: Done waiting for pending navigations. Status: ok
[1552007109.092][INFO]: Waiting for pending navigations...
[1552007109.094][INFO]: Done waiting for pending navigations. Status: ok
[1552007109.094][INFO]: [9f007bf30837fbbb55e65ed20535f4f8] RESPONSE GetElementAttribute "http://localhost:3000/what-are"
[1552007109.095][INFO]: [9f007bf30837fbbb55e65ed20535f4f8] COMMAND Screenshot {

}
[1552007109.095][INFO]: Waiting for pending navigations...
[1552007109.097][INFO]: Done waiting for pending navigations. Status: ok
[1552007109.373][INFO]: Waiting for pending navigations...
[1552007109.381][INFO]: Done waiting for pending navigations. Status: ok
[1552007109.381][INFO]: [9f007bf30837fbbb55e65ed20535f4f8] RESPONSE Screenshot "iVBORw0KGgoAAAANSUhEUgAAB4AAAANRCAYAAAACj6FfAAAgAElEQVR4nOzdf1SU9533/9cMw49xgg4/REBEEdCMRA2UWiWxVshmU11r1Z40i22zPbrdbHS3d5Tuybl1d+971+w3362a03vVu9+u3N12G79ptmptVtvNBlxiq5ZaNBqc+BMEAkjQARGHH8Nw/8GvC..."
[1552007109.392][INFO]: [9f007bf30837fbbb55e65ed20535f4f8] COMMAND FindElement {
   "using": "id",
   "value": "why-develop-link"
}
[1552007109.392][INFO]: Waiting for pending navigations...
[1552007109.398][INFO]: Done waiting for pending navigations. Status: ok
[1552007109.409][INFO]: Waiting for pending navigations...
[1552007109.410][INFO]: Done waiting for pending navigations. Status: ok
[1552007109.410][INFO]: [9f007bf30837fbbb55e65ed20535f4f8] RESPONSE FindElement {
   "ELEMENT": "0.6854147260671601-6"
}
[1552007109.411][INFO]: [9f007bf30837fbbb55e65ed20535f4f8] COMMAND IsElementDisplayed {
   "id": "0.6854147260671601-6"
}
[1552007109.411][INFO]: Waiting for pending navigations...
[1552007109.415][INFO]: Done waiting for pending navigations. Status: ok
[1552007109.428][INFO]: Waiting for pending navigations...
[1552007109.430][INFO]: Done waiting for pending navigations. Status: ok
[1552007109.430][INFO]: [9f007bf30837fbbb55e65ed20535f4f8] RESPONSE IsElementDisplayed true
[1552007109.431][INFO]: [9f007bf30837fbbb55e65ed20535f4f8] COMMAND Screenshot {

}
[1552007109.431][INFO]: Waiting for pending navigations...
[1552007109.434][INFO]: Done waiting for pending navigations. Status: ok
[1552007109.730][INFO]: Waiting for pending navigations...
[1552007109.735][INFO]: Done waiting for pending navigations. Status: ok
[1552007109.735][INFO]: [9f007bf30837fbbb55e65ed20535f4f8] RESPONSE Screenshot "iVBORw0KGgoAAAANSUhEUgAAB4AAAANRCAYAAAACj6FfAAAgAElEQVR4nOzdf1SU9533/9cMw49xgg4/REBEEdCMRA2UWiWxVshmU11r1Z40i22zPbrdbHS3d5Tuybl1d+971+w3362a03vVu9+u3N12G79ptmptVtvNBlxiq5ZaNBqc+BMEAkjQARGHH8Nw/8GvC..."
[1552007109.749][INFO]: [9f007bf30837fbbb55e65ed20535f4f8] COMMAND FindElement {
   "using": "id",
   "value": "why-develop-link"
}
[1552007109.749][INFO]: Waiting for pending navigations...
[1552007109.753][INFO]: Done waiting for pending navigations. Status: ok
[1552007109.760][INFO]: Waiting for pending navigations...
[1552007109.760][INFO]: Done waiting for pending navigations. Status: ok
[1552007109.760][INFO]: [9f007bf30837fbbb55e65ed20535f4f8] RESPONSE FindElement {
   "ELEMENT": "0.6854147260671601-6"
}
[1552007109.761][INFO]: [9f007bf30837fbbb55e65ed20535f4f8] COMMAND GetElementText {
   "id": "0.6854147260671601-6"
}
[1552007109.761][INFO]: Waiting for pending navigations...
[1552007109.762][INFO]: Done waiting for pending navigations. Status: ok
[1552007109.772][INFO]: Waiting for pending navigations...
[1552007109.774][INFO]: Done waiting for pending navigations. Status: ok
[1552007109.774][INFO]: [9f007bf30837fbbb55e65ed20535f4f8] RESPONSE GetElementText "Pourquoi élaborer un système de conformité sociale ?"
[1552007109.777][INFO]: [9f007bf30837fbbb55e65ed20535f4f8] COMMAND FindElement {
   "using": "id",
   "value": "why-develop-link"
}
[1552007109.777][INFO]: Waiting for pending navigations...
[1552007109.778][INFO]: Done waiting for pending navigations. Status: ok
[1552007109.781][INFO]: Waiting for pending navigations...
[1552007109.782][INFO]: Done waiting for pending navigations. Status: ok
[1552007109.782][INFO]: [9f007bf30837fbbb55e65ed20535f4f8] RESPONSE FindElement {
   "ELEMENT": "0.6854147260671601-6"
}
[1552007109.783][INFO]: [9f007bf30837fbbb55e65ed20535f4f8] COMMAND GetElementAttribute {
   "id": "0.6854147260671601-6",
   "name": "href"
}
[1552007109.783][INFO]: Waiting for pending navigations...
[1552007109.784][INFO]: Done waiting for pending navigations. Status: ok
[1552007109.787][INFO]: Waiting for pending navigations...
[1552007109.788][INFO]: Done waiting for pending navigations. Status: ok
[1552007109.788][INFO]: [9f007bf30837fbbb55e65ed20535f4f8] RESPONSE GetElementAttribute "http://localhost:3000/why-develop"
[1552007109.789][INFO]: [9f007bf30837fbbb55e65ed20535f4f8] COMMAND Screenshot {

}
[1552007109.789][INFO]: Waiting for pending navigations...
[1552007109.789][INFO]: Done waiting for pending navigations. Status: ok
[1552007110.062][INFO]: Waiting for pending navigations...
[1552007110.063][INFO]: Done waiting for pending navigations. Status: ok
[1552007110.063][INFO]: [9f007bf30837fbbb55e65ed20535f4f8] RESPONSE Screenshot "iVBORw0KGgoAAAANSUhEUgAAB4AAAANRCAYAAAACj6FfAAAgAElEQVR4nOzdf1SU9533/9cMw49xgg4/REBEEdCMRA2UWiWxVshmU11r1Z40i22zPbrdbHS3d5Tuybl1d+971+w3362a03vVu9+u3N12G79ptmptVtvNBlxiq5ZaNBqc+BMEAkjQARGHH8Nw/8GvC..."
[1552007110.078][INFO]: [9f007bf30837fbbb55e65ed20535f4f8] COMMAND FindElement {
   "using": "id",
   "value": "basics-link"
}
[1552007110.078][INFO]: Waiting for pending navigations...
[1552007110.079][INFO]: Done waiting for pending navigations. Status: ok
[1552007110.088][INFO]: Waiting for pending navigations...
[1552007110.088][INFO]: Done waiting for pending navigations. Status: ok
[1552007110.088][INFO]: [9f007bf30837fbbb55e65ed20535f4f8] RESPONSE FindElement {
   "ELEMENT": "0.6854147260671601-7"
}
[1552007110.090][INFO]: [9f007bf30837fbbb55e65ed20535f4f8] COMMAND IsElementDisplayed {
   "id": "0.6854147260671601-7"
}
[1552007110.090][INFO]: Waiting for pending navigations...
[1552007110.092][INFO]: Done waiting for pending navigations. Status: ok
[1552007110.106][INFO]: Waiting for pending navigations...
[1552007110.107][INFO]: Done waiting for pending navigations. Status: ok
[1552007110.107][INFO]: [9f007bf30837fbbb55e65ed20535f4f8] RESPONSE IsElementDisplayed true
[1552007110.108][INFO]: [9f007bf30837fbbb55e65ed20535f4f8] COMMAND Screenshot {

}
[1552007110.108][INFO]: Waiting for pending navigations...
[1552007110.109][INFO]: Done waiting for pending navigations. Status: ok
[1552007110.378][INFO]: Waiting for pending navigations...
[1552007110.379][INFO]: Done waiting for pending navigations. Status: ok
[1552007110.379][INFO]: [9f007bf30837fbbb55e65ed20535f4f8] RESPONSE Screenshot "iVBORw0KGgoAAAANSUhEUgAAB4AAAANRCAYAAAACj6FfAAAgAElEQVR4nOzdf1SU9533/9cMw49xgg4/REBEEdCMRA2UWiWxVshmU11r1Z40i22zPbrdbHS3d5Tuybl1d+971+w3362a03vVu9+u3N12G79ptmptVtvNBlxiq5ZaNBqc+BMEAkjQARGHH8Nw/8GvC..."
[1552007110.396][INFO]: [9f007bf30837fbbb55e65ed20535f4f8] COMMAND FindElement {
   "using": "id",
   "value": "basics-link"
}
[1552007110.396][INFO]: Waiting for pending navigations...
[1552007110.397][INFO]: Done waiting for pending navigations. Status: ok
[1552007110.401][INFO]: Waiting for pending navigations...
[1552007110.402][INFO]: Done waiting for pending navigations. Status: ok
[1552007110.402][INFO]: [9f007bf30837fbbb55e65ed20535f4f8] RESPONSE FindElement {
   "ELEMENT": "0.6854147260671601-7"
}
[1552007110.403][INFO]: [9f007bf30837fbbb55e65ed20535f4f8] COMMAND GetElementText {
   "id": "0.6854147260671601-7"
}
[1552007110.403][INFO]: Waiting for pending navigations...
[1552007110.403][INFO]: Done waiting for pending navigations. Status: ok
[1552007110.415][INFO]: Waiting for pending navigations...
[1552007110.415][INFO]: Done waiting for pending navigations. Status: ok
[1552007110.415][INFO]: [9f007bf30837fbbb55e65ed20535f4f8] RESPONSE GetElementText "Fondements d’un système de conformité sociale"
[1552007110.418][INFO]: [9f007bf30837fbbb55e65ed20535f4f8] COMMAND FindElement {
   "using": "id",
   "value": "basics-link"
}
[1552007110.418][INFO]: Waiting for pending navigations...
[1552007110.419][INFO]: Done waiting for pending navigations. Status: ok
[1552007110.423][INFO]: Waiting for pending navigations...
[1552007110.425][INFO]: Done waiting for pending navigations. Status: ok
[1552007110.425][INFO]: [9f007bf30837fbbb55e65ed20535f4f8] RESPONSE FindElement {
   "ELEMENT": "0.6854147260671601-7"
}
[1552007110.427][INFO]: [9f007bf30837fbbb55e65ed20535f4f8] COMMAND GetElementAttribute {
   "id": "0.6854147260671601-7",
   "name": "href"
}
[1552007110.427][INFO]: Waiting for pending navigations...
[1552007110.428][INFO]: Done waiting for pending navigations. Status: ok
[1552007110.431][INFO]: Waiting for pending navigations...
[1552007110.432][INFO]: Done waiting for pending navigations. Status: ok
[1552007110.433][INFO]: [9f007bf30837fbbb55e65ed20535f4f8] RESPONSE GetElementAttribute "http://localhost:3000/basics"
[1552007110.434][INFO]: [9f007bf30837fbbb55e65ed20535f4f8] COMMAND Screenshot {

}
[1552007110.434][INFO]: Waiting for pending navigations...
[1552007110.436][INFO]: Done waiting for pending navigations. Status: ok
[1552007110.722][INFO]: Waiting for pending navigations...
[1552007110.723][INFO]: Done waiting for pending navigations. Status: ok
[1552007110.723][INFO]: [9f007bf30837fbbb55e65ed20535f4f8] RESPONSE Screenshot "iVBORw0KGgoAAAANSUhEUgAAB4AAAANRCAYAAAACj6FfAAAgAElEQVR4nOzdf1SU9533/9cMw49xgg4/REBEEdCMRA2UWiWxVshmU11r1Z40i22zPbrdbHS3d5Tuybl1d+971+w3362a03vVu9+u3N12G79ptmptVtvNBlxiq5ZaNBqc+BMEAkjQARGHH8Nw/8GvC..."
[1552007110.740][INFO]: [9f007bf30837fbbb55e65ed20535f4f8] COMMAND FindElement {
   "using": "id",
   "value": "steps-dropdown"
}
[1552007110.740][INFO]: Waiting for pending navigations...
[1552007110.742][INFO]: Done waiting for pending navigations. Status: ok
[1552007110.751][INFO]: Waiting for pending navigations...
[1552007110.752][INFO]: Done waiting for pending navigations. Status: ok
[1552007110.752][INFO]: [9f007bf30837fbbb55e65ed20535f4f8] RESPONSE FindElement {
   "ELEMENT": "0.6854147260671601-8"
}
[1552007110.753][INFO]: [9f007bf30837fbbb55e65ed20535f4f8] COMMAND IsElementDisplayed {
   "id": "0.6854147260671601-8"
}
[1552007110.753][INFO]: Waiting for pending navigations...
[1552007110.755][INFO]: Done waiting for pending navigations. Status: ok
[1552007110.767][INFO]: Waiting for pending navigations...
[1552007110.768][INFO]: Done waiting for pending navigations. Status: ok
[1552007110.768][INFO]: [9f007bf30837fbbb55e65ed20535f4f8] RESPONSE IsElementDisplayed true
[1552007110.770][INFO]: [9f007bf30837fbbb55e65ed20535f4f8] COMMAND Screenshot {

}
[1552007110.770][INFO]: Waiting for pending navigations...
[1552007110.771][INFO]: Done waiting for pending navigations. Status: ok
[1552007111.061][INFO]: Waiting for pending navigations...
[1552007111.063][INFO]: Done waiting for pending navigations. Status: ok
[1552007111.063][INFO]: [9f007bf30837fbbb55e65ed20535f4f8] RESPONSE Screenshot "iVBORw0KGgoAAAANSUhEUgAAB4AAAANRCAYAAAACj6FfAAAgAElEQVR4nOzdf1SU9533/9cMw49xgg4/REBEEdCMRA2UWiWxVshmU11r1Z40i22zPbrdbHS3d5Tuybl1d+971+w3362a03vVu9+u3N12G79ptmptVtvNBlxiq5ZaNBqc+BMEAkjQARGHH8Nw/8GvC..."
[1552007111.077][INFO]: [9f007bf30837fbbb55e65ed20535f4f8] COMMAND FindElement {
   "using": "id",
   "value": "steps-dropdown"
}
[1552007111.077][INFO]: Waiting for pending navigations...
[1552007111.078][INFO]: Done waiting for pending navigations. Status: ok
[1552007111.083][INFO]: Waiting for pending navigations...
[1552007111.084][INFO]: Done waiting for pending navigations. Status: ok
[1552007111.084][INFO]: [9f007bf30837fbbb55e65ed20535f4f8] RESPONSE FindElement {
   "ELEMENT": "0.6854147260671601-8"
}
[1552007111.085][INFO]: [9f007bf30837fbbb55e65ed20535f4f8] COMMAND GetElementText {
   "id": "0.6854147260671601-8"
}
[1552007111.085][INFO]: Waiting for pending navigations...
[1552007111.086][INFO]: Done waiting for pending navigations. Status: ok
[1552007111.101][INFO]: Waiting for pending navigations...
[1552007111.103][INFO]: Done waiting for pending navigations. Status: ok
[1552007111.103][INFO]: [9f007bf30837fbbb55e65ed20535f4f8] RESPONSE GetElementText "Étapes vers un système de conformité sociale"
[1552007111.105][INFO]: [9f007bf30837fbbb55e65ed20535f4f8] COMMAND Screenshot {

}
[1552007111.105][INFO]: Waiting for pending navigations...
[1552007111.105][INFO]: Done waiting for pending navigations. Status: ok
[1552007111.390][INFO]: Waiting for pending navigations...
[1552007111.393][INFO]: Done waiting for pending navigations. Status: ok
[1552007111.393][INFO]: [9f007bf30837fbbb55e65ed20535f4f8] RESPONSE Screenshot "iVBORw0KGgoAAAANSUhEUgAAB4AAAANRCAYAAAACj6FfAAAgAElEQVR4nOzdf1SU9533/9cMw49xgg4/REBEEdCMRA2UWiWxVshmU11r1Z40i22zPbrdbHS3d5Tuybl1d+971+w3362a03vVu9+u3N12G79ptmptVtvNBlxiq5ZaNBqc+BMEAkjQARGHH8Nw/8GvC..."
[1552007111.408][INFO]: [9f007bf30837fbbb55e65ed20535f4f8] COMMAND Quit {

}
[1552007111.470][INFO]: [9f007bf30837fbbb55e65ed20535f4f8] RESPONSE Quit
