[1552006731.602][INFO]: Starting ChromeDriver 73.0.3683.68 (47787ec04b6e38e22703e856e101e840b65afe72)
[1552006731.602][INFO]: Please protect ports used by ChromeDriver and related test frameworks to prevent access by malicious code.
[1552006732.443][INFO]: [57e54b94a2561bb23227726058c713fb] COMMAND InitSession {
   "capabilities": {
      "firstMatch": [ {
         "browserName": "chrome",
         "goog:chromeOptions": {
            "args": [ "chrome.switches", "--disable-extensions", "chrome.switches", "test-type", "chrome.switches", "start-maximized", "chrome.switches", "no-sandbox" ],
            "extensions": [  ],
            "useAutomationExtension": false
         }
      } ]
   },
   "desiredCapabilities": {
      "browserName": "chrome",
      "goog:chromeOptions": {
         "args": [ "chrome.switches", "--disable-extensions", "chrome.switches", "test-type", "chrome.switches", "start-maximized", "chrome.switches", "no-sandbox" ],
         "extensions": [  ],
         "useAutomationExtension": false
      }
   }
}
[1552006732.445][INFO]: Populating Preferences file: {
   "alternate_error_pages": {
      "enabled": false
   },
   "autofill": {
      "enabled": false
   },
   "browser": {
      "check_default_browser": false
   },
   "distribution": {
      "import_bookmarks": false,
      "import_history": false,
      "import_search_engine": false,
      "make_chrome_default_for_user": false,
      "skip_first_run_ui": true
   },
   "dns_prefetching": {
      "enabled": false
   },
   "profile": {
      "content_settings": {
         "pattern_pairs": {
            "https://*,*": {
               "media-stream": {
                  "audio": "Default",
                  "video": "Default"
               }
            }
         }
      },
      "default_content_setting_values": {
         "geolocation": 1
      },
      "default_content_settings": {
         "geolocation": 1,
         "mouselock": 1,
         "notifications": 1,
         "popups": 1,
         "ppapi-broker": 1
      },
      "password_manager_enabled": false
   },
   "safebrowsing": {
      "enabled": false
   },
   "search": {
      "suggest_enabled": false
   },
   "translate": {
      "enabled": false
   }
}
[1552006732.450][INFO]: Populating Local State file: {
   "background_mode": {
      "enabled": false
   },
   "ssl": {
      "rev_checking": {
         "enabled": false
      }
   }
}
[1552006732.453][INFO]: Launching chrome: "C:\Program Files (x86)\Google\Chrome\Application\chrome.exe" --chrome.switches --disable-background-networking --disable-client-side-phishing-detection --disable-default-apps --disable-extensions --disable-hang-monitor --disable-popup-blocking --disable-prompt-on-repost --disable-sync --disable-web-resources --enable-automation --enable-blink-features=ShadowDOMV0 --enable-logging --force-fieldtrials=SiteIsolationExtensions/Control --ignore-certificate-errors --log-level=0 --metrics-recording-only --no-first-run --no-sandbox --password-store=basic --remote-debugging-port=0 --start-maximized --test-type --use-mock-keychain --user-data-dir="C:\Users\KAVITH~1\AppData\Local\Temp\scoped_dir36212_12005" data:,
[1552006733.237][INFO]: resolved localhost to ["::1","127.0.0.1"]
[1552006734.253][INFO]: [57e54b94a2561bb23227726058c713fb] RESPONSE InitSession {
   "acceptInsecureCerts": false,
   "acceptSslCerts": false,
   "applicationCacheEnabled": false,
   "browserConnectionEnabled": false,
   "browserName": "chrome",
   "chrome": {
      "chromedriverVersion": "73.0.3683.68 (47787ec04b6e38e22703e856e101e840b65afe72)",
      "userDataDir": "C:\\Users\\KAVITH~1\\AppData\\Local\\Temp\\scoped_dir36212_12005"
   },
   "cssSelectorsEnabled": true,
   "databaseEnabled": false,
   "goog:chromeOptions": {
      "debuggerAddress": "localhost:49272"
   },
   "handlesAlerts": true,
   "hasTouchScreen": false,
   "javascriptEnabled": true,
   "locationContextEnabled": true,
   "mobileEmulationEnabled": false,
   "nativeEvents": true,
   "networkConnectionEnabled": false,
   "pageLoadStrategy": "normal",
   "platform": "Windows NT",
   "proxy": {

   },
   "~~~": "..."
}
[1552006734.301][INFO]: [57e54b94a2561bb23227726058c713fb] COMMAND MaximizeWindow {
   "handle": "current",
   "windowHandle": "current"
}
[1552006734.302][INFO]: Waiting for pending navigations...
[1552006734.313][INFO]: Done waiting for pending navigations. Status: ok
[1552006734.313][INFO]: resolved localhost to ["::1","127.0.0.1"]
[1552006735.316][INFO]: Waiting for pending navigations...
[1552006735.316][INFO]: Done waiting for pending navigations. Status: ok
[1552006735.316][INFO]: [57e54b94a2561bb23227726058c713fb] RESPONSE MaximizeWindow {
   "height": 696,
   "width": 1296,
   "x": -8,
   "y": -8
}
[1552006735.319][INFO]: [57e54b94a2561bb23227726058c713fb] COMMAND SetTimeouts {
   "ms": 30000,
   "type": "implicit"
}
[1552006735.319][INFO]: [57e54b94a2561bb23227726058c713fb] RESPONSE SetTimeouts
[1552006735.323][INFO]: [57e54b94a2561bb23227726058c713fb] COMMAND SetTimeouts {
   "ms": 60000,
   "type": "page load"
}
[1552006735.323][INFO]: [57e54b94a2561bb23227726058c713fb] RESPONSE SetTimeouts
[1552006735.325][INFO]: [57e54b94a2561bb23227726058c713fb] COMMAND Navigate {
   "url": "http://localhost:3000/"
}
[1552006735.325][INFO]: Waiting for pending navigations...
[1552006735.326][INFO]: Done waiting for pending navigations. Status: ok
[1552006735.752][INFO]: Waiting for pending navigations...
[1552006736.758][INFO]: Done waiting for pending navigations. Status: ok
[1552006736.758][INFO]: [57e54b94a2561bb23227726058c713fb] RESPONSE Navigate
[1552006736.810][INFO]: [57e54b94a2561bb23227726058c713fb] COMMAND FindElement {
   "using": "id",
   "value": "brand-logo"
}
[1552006736.810][INFO]: Waiting for pending navigations...
[1552006736.811][INFO]: Done waiting for pending navigations. Status: ok
[1552006736.822][INFO]: Waiting for pending navigations...
[1552006736.822][INFO]: Done waiting for pending navigations. Status: ok
[1552006736.822][INFO]: [57e54b94a2561bb23227726058c713fb] RESPONSE FindElement {
   "ELEMENT": "0.38574260528550264-1"
}
[1552006736.825][INFO]: [57e54b94a2561bb23227726058c713fb] COMMAND IsElementDisplayed {
   "id": "0.38574260528550264-1"
}
[1552006736.825][INFO]: Waiting for pending navigations...
[1552006736.825][INFO]: Done waiting for pending navigations. Status: ok
[1552006736.836][INFO]: Waiting for pending navigations...
[1552006736.837][INFO]: Done waiting for pending navigations. Status: ok
[1552006736.837][INFO]: [57e54b94a2561bb23227726058c713fb] RESPONSE IsElementDisplayed true
[1552006736.842][INFO]: [57e54b94a2561bb23227726058c713fb] COMMAND Screenshot {

}
[1552006736.842][INFO]: Waiting for pending navigations...
[1552006736.842][INFO]: Done waiting for pending navigations. Status: ok
[1552006737.142][INFO]: Waiting for pending navigations...
[1552006737.143][INFO]: Done waiting for pending navigations. Status: ok
[1552006737.143][INFO]: [57e54b94a2561bb23227726058c713fb] RESPONSE Screenshot "iVBORw0KGgoAAAANSUhEUgAAB4AAAANRCAYAAAACj6FfAAAgAElEQVR4nOzde5RX9WHv/c9vBuYCjgyI3LyOlygoKhgNEE0iahqxJhGa9BSibaonreJJnxNI1mk16Xmq9Omj0KynlaSnlaYnHkjTFNIkFdumYtVUrFowoo4adVBQBuUyXGdgbs8fAgIzYMCRy/b1W..."
[1552006737.167][INFO]: [57e54b94a2561bb23227726058c713fb] COMMAND FindElement {
   "using": "id",
   "value": "brand-name"
}
[1552006737.167][INFO]: Waiting for pending navigations...
[1552006737.168][INFO]: Done waiting for pending navigations. Status: ok
[1552006737.177][INFO]: Waiting for pending navigations...
[1552006737.178][INFO]: Done waiting for pending navigations. Status: ok
[1552006737.178][INFO]: [57e54b94a2561bb23227726058c713fb] RESPONSE FindElement {
   "ELEMENT": "0.38574260528550264-2"
}
[1552006737.182][INFO]: [57e54b94a2561bb23227726058c713fb] COMMAND IsElementDisplayed {
   "id": "0.38574260528550264-2"
}
[1552006737.182][INFO]: Waiting for pending navigations...
[1552006737.184][INFO]: Done waiting for pending navigations. Status: ok
[1552006737.199][INFO]: Waiting for pending navigations...
[1552006737.200][INFO]: Done waiting for pending navigations. Status: ok
[1552006737.200][INFO]: [57e54b94a2561bb23227726058c713fb] RESPONSE IsElementDisplayed true
[1552006737.201][INFO]: [57e54b94a2561bb23227726058c713fb] COMMAND Screenshot {

}
[1552006737.201][INFO]: Waiting for pending navigations...
[1552006737.202][INFO]: Done waiting for pending navigations. Status: ok
[1552006737.473][INFO]: Waiting for pending navigations...
[1552006737.475][INFO]: Done waiting for pending navigations. Status: ok
[1552006737.475][INFO]: [57e54b94a2561bb23227726058c713fb] RESPONSE Screenshot "iVBORw0KGgoAAAANSUhEUgAAB4AAAANRCAYAAAACj6FfAAAgAElEQVR4nOzde5RX9WHv/c9vBuYCjgyI3LyOlygoKhgNEE0iahqxJhGa9BSibaonreJJnxNI1mk16Xmq9Omj0KynlaSnlaYnHkjTFNIkFdumYtVUrFowoo4adVBQBuUyXGdgbs8fAgIzYMCRy/b1W..."
[1552006737.489][INFO]: [57e54b94a2561bb23227726058c713fb] COMMAND FindElement {
   "using": "id",
   "value": "menu-btn"
}
[1552006737.489][INFO]: Waiting for pending navigations...
[1552006737.490][INFO]: Done waiting for pending navigations. Status: ok
[1552006737.499][INFO]: Waiting for pending navigations...
[1552006737.500][INFO]: Done waiting for pending navigations. Status: ok
[1552006737.500][INFO]: [57e54b94a2561bb23227726058c713fb] RESPONSE FindElement {
   "ELEMENT": "0.38574260528550264-3"
}
[1552006737.502][INFO]: [57e54b94a2561bb23227726058c713fb] COMMAND IsElementDisplayed {
   "id": "0.38574260528550264-3"
}
[1552006737.502][INFO]: Waiting for pending navigations...
[1552006737.503][INFO]: Done waiting for pending navigations. Status: ok
[1552006737.512][INFO]: Waiting for pending navigations...
[1552006737.513][INFO]: Done waiting for pending navigations. Status: ok
[1552006737.513][INFO]: [57e54b94a2561bb23227726058c713fb] RESPONSE IsElementDisplayed true
[1552006737.516][INFO]: [57e54b94a2561bb23227726058c713fb] COMMAND Screenshot {

}
[1552006737.516][INFO]: Waiting for pending navigations...
[1552006737.517][INFO]: Done waiting for pending navigations. Status: ok
[1552006737.790][INFO]: Waiting for pending navigations...
[1552006737.790][INFO]: Done waiting for pending navigations. Status: ok
[1552006737.790][INFO]: [57e54b94a2561bb23227726058c713fb] RESPONSE Screenshot "iVBORw0KGgoAAAANSUhEUgAAB4AAAANRCAYAAAACj6FfAAAgAElEQVR4nOzde5RX9WHv/c9vBuYCjgyI3LyOlygoKhgNEE0iahqxJhGa9BSibaonreJJnxNI1mk16Xmq9Omj0KynlaSnlaYnHkjTFNIkFdumYtVUrFowoo4adVBQBuUyXGdgbs8fAgIzYMCRy/b1W..."
[1552006737.805][INFO]: [57e54b94a2561bb23227726058c713fb] COMMAND FindElement {
   "using": "id",
   "value": "menu-btn"
}
[1552006737.805][INFO]: Waiting for pending navigations...
[1552006737.806][INFO]: Done waiting for pending navigations. Status: ok
[1552006737.814][INFO]: Waiting for pending navigations...
[1552006737.814][INFO]: Done waiting for pending navigations. Status: ok
[1552006737.814][INFO]: [57e54b94a2561bb23227726058c713fb] RESPONSE FindElement {
   "ELEMENT": "0.38574260528550264-3"
}
[1552006737.818][INFO]: [57e54b94a2561bb23227726058c713fb] COMMAND ClickElement {
   "id": "0.38574260528550264-3"
}
[1552006737.818][INFO]: Waiting for pending navigations...
[1552006737.819][INFO]: Done waiting for pending navigations. Status: ok
[1552006737.872][INFO]: Waiting for pending navigations...
[1552006737.873][INFO]: Done waiting for pending navigations. Status: ok
[1552006737.873][INFO]: [57e54b94a2561bb23227726058c713fb] RESPONSE ClickElement
[1552006737.877][INFO]: [57e54b94a2561bb23227726058c713fb] COMMAND FindElement {
   "using": "id",
   "value": "menu-btn"
}
[1552006737.877][INFO]: Waiting for pending navigations...
[1552006737.877][INFO]: Done waiting for pending navigations. Status: ok
[1552006737.883][INFO]: Waiting for pending navigations...
[1552006737.884][INFO]: Done waiting for pending navigations. Status: ok
[1552006737.884][INFO]: [57e54b94a2561bb23227726058c713fb] RESPONSE FindElement {
   "ELEMENT": "0.38574260528550264-3"
}
[1552006737.887][INFO]: [57e54b94a2561bb23227726058c713fb] COMMAND GetElementText {
   "id": "0.38574260528550264-3"
}
[1552006737.887][INFO]: Waiting for pending navigations...
[1552006737.891][INFO]: Done waiting for pending navigations. Status: ok
[1552006737.904][INFO]: Waiting for pending navigations...
[1552006737.905][INFO]: Done waiting for pending navigations. Status: ok
[1552006737.905][INFO]: [57e54b94a2561bb23227726058c713fb] RESPONSE GetElementText "Close"
[1552006737.907][INFO]: [57e54b94a2561bb23227726058c713fb] COMMAND Screenshot {

}
[1552006737.907][INFO]: Waiting for pending navigations...
[1552006737.908][INFO]: Done waiting for pending navigations. Status: ok
[1552006738.262][INFO]: Waiting for pending navigations...
[1552006738.267][INFO]: Done waiting for pending navigations. Status: ok
[1552006738.267][INFO]: [57e54b94a2561bb23227726058c713fb] RESPONSE Screenshot "iVBORw0KGgoAAAANSUhEUgAAB4AAAANRCAYAAAACj6FfAAAgAElEQVR4nOzdf3SU133v+8+MBknDeNDoB0ISQjBCWB5kwJIxAdkEI7mODSU2kJX6gJM0V7RNDWmuLXJWbqGn555C4tuCs3qCfHJzUN20heukAddxIW5qgTEJUIUKDIYxIBBIQr8QjIQQox+j0f1DP..."
[1552006738.285][INFO]: [57e54b94a2561bb23227726058c713fb] COMMAND FindElement {
   "using": "id",
   "value": "what-are-link"
}
[1552006738.285][INFO]: Waiting for pending navigations...
[1552006738.286][INFO]: Done waiting for pending navigations. Status: ok
[1552006738.295][INFO]: Waiting for pending navigations...
[1552006738.297][INFO]: Done waiting for pending navigations. Status: ok
[1552006738.298][INFO]: [57e54b94a2561bb23227726058c713fb] RESPONSE FindElement {
   "ELEMENT": "0.38574260528550264-4"
}
[1552006738.300][INFO]: [57e54b94a2561bb23227726058c713fb] COMMAND IsElementDisplayed {
   "id": "0.38574260528550264-4"
}
[1552006738.300][INFO]: Waiting for pending navigations...
[1552006738.302][INFO]: Done waiting for pending navigations. Status: ok
[1552006738.312][INFO]: Waiting for pending navigations...
[1552006738.316][INFO]: Done waiting for pending navigations. Status: ok
[1552006738.316][INFO]: [57e54b94a2561bb23227726058c713fb] RESPONSE IsElementDisplayed true
[1552006738.322][INFO]: [57e54b94a2561bb23227726058c713fb] COMMAND Screenshot {

}
[1552006738.322][INFO]: Waiting for pending navigations...
[1552006738.327][INFO]: Done waiting for pending navigations. Status: ok
[1552006738.630][INFO]: Waiting for pending navigations...
[1552006738.631][INFO]: Done waiting for pending navigations. Status: ok
[1552006738.631][INFO]: [57e54b94a2561bb23227726058c713fb] RESPONSE Screenshot "iVBORw0KGgoAAAANSUhEUgAAB4AAAANRCAYAAAACj6FfAAAgAElEQVR4nOzde3RU533v/8+MBknDeNDogpCEEAwI5EHmIhkrIJtgJNe1ocQGslwOOEl9RNvUkPrYImfld6Cn53cKqX8JclZPgJNfDmrqtvBz0oDruCZuGoExCVCFCgwWMiAQCIEuSIyEEKPLaPT7Q..."
[1552006738.643][INFO]: [57e54b94a2561bb23227726058c713fb] COMMAND FindElement {
   "using": "id",
   "value": "what-are-link"
}
[1552006738.643][INFO]: Waiting for pending navigations...
[1552006738.644][INFO]: Done waiting for pending navigations. Status: ok
[1552006738.649][INFO]: Waiting for pending navigations...
[1552006738.650][INFO]: Done waiting for pending navigations. Status: ok
[1552006738.650][INFO]: [57e54b94a2561bb23227726058c713fb] RESPONSE FindElement {
   "ELEMENT": "0.38574260528550264-4"
}
[1552006738.651][INFO]: [57e54b94a2561bb23227726058c713fb] COMMAND GetElementText {
   "id": "0.38574260528550264-4"
}
[1552006738.651][INFO]: Waiting for pending navigations...
[1552006738.653][INFO]: Done waiting for pending navigations. Status: ok
[1552006738.666][INFO]: Waiting for pending navigations...
[1552006738.667][INFO]: Done waiting for pending navigations. Status: ok
[1552006738.667][INFO]: [57e54b94a2561bb23227726058c713fb] RESPONSE GetElementText "What are Child Labor and Forced Labor?"
[1552006738.671][INFO]: [57e54b94a2561bb23227726058c713fb] COMMAND FindElement {
   "using": "id",
   "value": "what-are-link"
}
[1552006738.671][INFO]: Waiting for pending navigations...
[1552006738.672][INFO]: Done waiting for pending navigations. Status: ok
[1552006738.675][INFO]: Waiting for pending navigations...
[1552006738.676][INFO]: Done waiting for pending navigations. Status: ok
[1552006738.676][INFO]: [57e54b94a2561bb23227726058c713fb] RESPONSE FindElement {
   "ELEMENT": "0.38574260528550264-4"
}
[1552006738.678][INFO]: [57e54b94a2561bb23227726058c713fb] COMMAND GetElementAttribute {
   "id": "0.38574260528550264-4",
   "name": "href"
}
[1552006738.678][INFO]: Waiting for pending navigations...
[1552006738.680][INFO]: Done waiting for pending navigations. Status: ok
[1552006738.684][INFO]: Waiting for pending navigations...
[1552006738.685][INFO]: Done waiting for pending navigations. Status: ok
[1552006738.685][INFO]: [57e54b94a2561bb23227726058c713fb] RESPONSE GetElementAttribute "http://localhost:3000/what-are"
[1552006738.688][INFO]: [57e54b94a2561bb23227726058c713fb] COMMAND Screenshot {

}
[1552006738.688][INFO]: Waiting for pending navigations...
[1552006738.689][INFO]: Done waiting for pending navigations. Status: ok
[1552006738.960][INFO]: Waiting for pending navigations...
[1552006738.965][INFO]: Done waiting for pending navigations. Status: ok
[1552006738.965][INFO]: [57e54b94a2561bb23227726058c713fb] RESPONSE Screenshot "iVBORw0KGgoAAAANSUhEUgAAB4AAAANRCAYAAAACj6FfAAAgAElEQVR4nOzde3RU533v/8+MBknDeNDogpCEEAwI5EHmIhkrIJtgJNe1ocQGslwOOEl9RNvUkPrYImfld6Cn53cKqX8JclZPgJNfDmrqtvBz0oDruCZuGoExCVCFCgwWMiAQCIEuSIyEEKPLaPT7Q..."
[1552006738.981][INFO]: [57e54b94a2561bb23227726058c713fb] COMMAND FindElement {
   "using": "id",
   "value": "why-develop-link"
}
[1552006738.981][INFO]: Waiting for pending navigations...
[1552006738.983][INFO]: Done waiting for pending navigations. Status: ok
[1552006738.992][INFO]: Waiting for pending navigations...
[1552006738.993][INFO]: Done waiting for pending navigations. Status: ok
[1552006738.993][INFO]: [57e54b94a2561bb23227726058c713fb] RESPONSE FindElement {
   "ELEMENT": "0.38574260528550264-5"
}
[1552006738.995][INFO]: [57e54b94a2561bb23227726058c713fb] COMMAND IsElementDisplayed {
   "id": "0.38574260528550264-5"
}
[1552006738.995][INFO]: Waiting for pending navigations...
[1552006738.996][INFO]: Done waiting for pending navigations. Status: ok
[1552006739.006][INFO]: Waiting for pending navigations...
[1552006739.007][INFO]: Done waiting for pending navigations. Status: ok
[1552006739.007][INFO]: [57e54b94a2561bb23227726058c713fb] RESPONSE IsElementDisplayed true
[1552006739.008][INFO]: [57e54b94a2561bb23227726058c713fb] COMMAND Screenshot {

}
[1552006739.008][INFO]: Waiting for pending navigations...
[1552006739.012][INFO]: Done waiting for pending navigations. Status: ok
[1552006739.288][INFO]: Waiting for pending navigations...
[1552006739.289][INFO]: Done waiting for pending navigations. Status: ok
[1552006739.289][INFO]: [57e54b94a2561bb23227726058c713fb] RESPONSE Screenshot "iVBORw0KGgoAAAANSUhEUgAAB4AAAANRCAYAAAACj6FfAAAgAElEQVR4nOzde3RU533v/8+MBknDeNDogpCEEAwI5EHmIhkrIJtgJNe1ocQGslwOOEl9RNvUkPrYImfld6Cn53cKqX8JclZPgJNfDmrqtvBz0oDruCZuGoExCVCFCgwWMiAQCIEuSIyEEKPLaPT7Q..."
[1552006739.301][INFO]: [57e54b94a2561bb23227726058c713fb] COMMAND FindElement {
   "using": "id",
   "value": "why-develop-link"
}
[1552006739.301][INFO]: Waiting for pending navigations...
[1552006739.302][INFO]: Done waiting for pending navigations. Status: ok
[1552006739.306][INFO]: Waiting for pending navigations...
[1552006739.307][INFO]: Done waiting for pending navigations. Status: ok
[1552006739.307][INFO]: [57e54b94a2561bb23227726058c713fb] RESPONSE FindElement {
   "ELEMENT": "0.38574260528550264-5"
}
[1552006739.309][INFO]: [57e54b94a2561bb23227726058c713fb] COMMAND GetElementText {
   "id": "0.38574260528550264-5"
}
[1552006739.309][INFO]: Waiting for pending navigations...
[1552006739.311][INFO]: Done waiting for pending navigations. Status: ok
[1552006739.324][INFO]: Waiting for pending navigations...
[1552006739.324][INFO]: Done waiting for pending navigations. Status: ok
[1552006739.324][INFO]: [57e54b94a2561bb23227726058c713fb] RESPONSE GetElementText "Why Develop a Social Compliance System?"
[1552006739.328][INFO]: [57e54b94a2561bb23227726058c713fb] COMMAND FindElement {
   "using": "id",
   "value": "why-develop-link"
}
[1552006739.328][INFO]: Waiting for pending navigations...
[1552006739.329][INFO]: Done waiting for pending navigations. Status: ok
[1552006739.333][INFO]: Waiting for pending navigations...
[1552006739.334][INFO]: Done waiting for pending navigations. Status: ok
[1552006739.334][INFO]: [57e54b94a2561bb23227726058c713fb] RESPONSE FindElement {
   "ELEMENT": "0.38574260528550264-5"
}
[1552006739.336][INFO]: [57e54b94a2561bb23227726058c713fb] COMMAND GetElementAttribute {
   "id": "0.38574260528550264-5",
   "name": "href"
}
[1552006739.336][INFO]: Waiting for pending navigations...
[1552006739.336][INFO]: Done waiting for pending navigations. Status: ok
[1552006739.339][INFO]: Waiting for pending navigations...
[1552006739.340][INFO]: Done waiting for pending navigations. Status: ok
[1552006739.340][INFO]: [57e54b94a2561bb23227726058c713fb] RESPONSE GetElementAttribute "http://localhost:3000/why-develop"
[1552006739.341][INFO]: [57e54b94a2561bb23227726058c713fb] COMMAND Screenshot {

}
[1552006739.341][INFO]: Waiting for pending navigations...
[1552006739.342][INFO]: Done waiting for pending navigations. Status: ok
[1552006739.619][INFO]: Waiting for pending navigations...
[1552006739.620][INFO]: Done waiting for pending navigations. Status: ok
[1552006739.620][INFO]: [57e54b94a2561bb23227726058c713fb] RESPONSE Screenshot "iVBORw0KGgoAAAANSUhEUgAAB4AAAANRCAYAAAACj6FfAAAgAElEQVR4nOzde3RU533v/8+MBknDeNDogpCEEAwI5EHmIhkrIJtgJNe1ocQGslwOOEl9RNvUkPrYImfld6Cn53cKqX8JclZPgJNfDmrqtvBz0oDruCZuGoExCVCFCgwWMiAQCIEuSIyEEKPLaPT7Q..."
[1552006739.635][INFO]: [57e54b94a2561bb23227726058c713fb] COMMAND FindElement {
   "using": "id",
   "value": "basics-link"
}
[1552006739.635][INFO]: Waiting for pending navigations...
[1552006739.641][INFO]: Done waiting for pending navigations. Status: ok
[1552006739.649][INFO]: Waiting for pending navigations...
[1552006739.650][INFO]: Done waiting for pending navigations. Status: ok
[1552006739.650][INFO]: [57e54b94a2561bb23227726058c713fb] RESPONSE FindElement {
   "ELEMENT": "0.38574260528550264-6"
}
[1552006739.651][INFO]: [57e54b94a2561bb23227726058c713fb] COMMAND IsElementDisplayed {
   "id": "0.38574260528550264-6"
}
[1552006739.651][INFO]: Waiting for pending navigations...
[1552006739.652][INFO]: Done waiting for pending navigations. Status: ok
[1552006739.662][INFO]: Waiting for pending navigations...
[1552006739.664][INFO]: Done waiting for pending navigations. Status: ok
[1552006739.664][INFO]: [57e54b94a2561bb23227726058c713fb] RESPONSE IsElementDisplayed true
[1552006739.665][INFO]: [57e54b94a2561bb23227726058c713fb] COMMAND Screenshot {

}
[1552006739.665][INFO]: Waiting for pending navigations...
[1552006739.666][INFO]: Done waiting for pending navigations. Status: ok
[1552006739.933][INFO]: Waiting for pending navigations...
[1552006739.934][INFO]: Done waiting for pending navigations. Status: ok
[1552006739.934][INFO]: [57e54b94a2561bb23227726058c713fb] RESPONSE Screenshot "iVBORw0KGgoAAAANSUhEUgAAB4AAAANRCAYAAAACj6FfAAAgAElEQVR4nOzde3RU533v/8+MBknDeNDogpCEEAwI5EHmIhkrIJtgJNe1ocQGslwOOEl9RNvUkPrYImfld6Cn53cKqX8JclZPgJNfDmrqtvBz0oDruCZuGoExCVCFCgwWMiAQCIEuSIyEEKPLaPT7Q..."
[1552006739.947][INFO]: [57e54b94a2561bb23227726058c713fb] COMMAND FindElement {
   "using": "id",
   "value": "basics-link"
}
[1552006739.947][INFO]: Waiting for pending navigations...
[1552006739.951][INFO]: Done waiting for pending navigations. Status: ok
[1552006739.961][INFO]: Waiting for pending navigations...
[1552006739.962][INFO]: Done waiting for pending navigations. Status: ok
[1552006739.962][INFO]: [57e54b94a2561bb23227726058c713fb] RESPONSE FindElement {
   "ELEMENT": "0.38574260528550264-6"
}
[1552006739.964][INFO]: [57e54b94a2561bb23227726058c713fb] COMMAND GetElementText {
   "id": "0.38574260528550264-6"
}
[1552006739.964][INFO]: Waiting for pending navigations...
[1552006739.965][INFO]: Done waiting for pending navigations. Status: ok
[1552006739.977][INFO]: Waiting for pending navigations...
[1552006739.978][INFO]: Done waiting for pending navigations. Status: ok
[1552006739.978][INFO]: [57e54b94a2561bb23227726058c713fb] RESPONSE GetElementText "Basics of a Social Compliance System"
[1552006739.981][INFO]: [57e54b94a2561bb23227726058c713fb] COMMAND FindElement {
   "using": "id",
   "value": "basics-link"
}
[1552006739.982][INFO]: Waiting for pending navigations...
[1552006739.983][INFO]: Done waiting for pending navigations. Status: ok
[1552006739.988][INFO]: Waiting for pending navigations...
[1552006739.989][INFO]: Done waiting for pending navigations. Status: ok
[1552006739.989][INFO]: [57e54b94a2561bb23227726058c713fb] RESPONSE FindElement {
   "ELEMENT": "0.38574260528550264-6"
}
[1552006739.991][INFO]: [57e54b94a2561bb23227726058c713fb] COMMAND GetElementAttribute {
   "id": "0.38574260528550264-6",
   "name": "href"
}
[1552006739.991][INFO]: Waiting for pending navigations...
[1552006739.992][INFO]: Done waiting for pending navigations. Status: ok
[1552006739.994][INFO]: Waiting for pending navigations...
[1552006739.995][INFO]: Done waiting for pending navigations. Status: ok
[1552006739.995][INFO]: [57e54b94a2561bb23227726058c713fb] RESPONSE GetElementAttribute "http://localhost:3000/basics"
[1552006739.997][INFO]: [57e54b94a2561bb23227726058c713fb] COMMAND Screenshot {

}
[1552006739.997][INFO]: Waiting for pending navigations...
[1552006739.998][INFO]: Done waiting for pending navigations. Status: ok
[1552006740.268][INFO]: Waiting for pending navigations...
[1552006740.269][INFO]: Done waiting for pending navigations. Status: ok
[1552006740.269][INFO]: [57e54b94a2561bb23227726058c713fb] RESPONSE Screenshot "iVBORw0KGgoAAAANSUhEUgAAB4AAAANRCAYAAAACj6FfAAAgAElEQVR4nOzde3RU533v/8+MBknDeNDogpCEEAwI5EHmIhkrIJtgJNe1ocQGslwOOEl9RNvUkPrYImfld6Cn53cKqX8JclZPgJNfDmrqtvBz0oDruCZuGoExCVCFCgwWMiAQCIEuSIyEEKPLaPT7Q..."
[1552006740.282][INFO]: [57e54b94a2561bb23227726058c713fb] COMMAND FindElement {
   "using": "id",
   "value": "steps-dropdown"
}
[1552006740.282][INFO]: Waiting for pending navigations...
[1552006740.283][INFO]: Done waiting for pending navigations. Status: ok
[1552006740.291][INFO]: Waiting for pending navigations...
[1552006740.292][INFO]: Done waiting for pending navigations. Status: ok
[1552006740.292][INFO]: [57e54b94a2561bb23227726058c713fb] RESPONSE FindElement {
   "ELEMENT": "0.38574260528550264-7"
}
[1552006740.293][INFO]: [57e54b94a2561bb23227726058c713fb] COMMAND IsElementDisplayed {
   "id": "0.38574260528550264-7"
}
[1552006740.293][INFO]: Waiting for pending navigations...
[1552006740.294][INFO]: Done waiting for pending navigations. Status: ok
[1552006740.303][INFO]: Waiting for pending navigations...
[1552006740.304][INFO]: Done waiting for pending navigations. Status: ok
[1552006740.304][INFO]: [57e54b94a2561bb23227726058c713fb] RESPONSE IsElementDisplayed true
[1552006740.306][INFO]: [57e54b94a2561bb23227726058c713fb] COMMAND Screenshot {

}
[1552006740.306][INFO]: Waiting for pending navigations...
[1552006740.306][INFO]: Done waiting for pending navigations. Status: ok
[1552006740.618][INFO]: Waiting for pending navigations...
[1552006740.620][INFO]: Done waiting for pending navigations. Status: ok
[1552006740.620][INFO]: [57e54b94a2561bb23227726058c713fb] RESPONSE Screenshot "iVBORw0KGgoAAAANSUhEUgAAB4AAAANRCAYAAAACj6FfAAAgAElEQVR4nOzde3RU533v/8+MBknDeNDogpCEEAwI5EHmIhkrIJtgJNe1ocQGslwOOEl9RNvUkPrYImfld6Cn53cKqX8JclZPgJNfDmrqtvBz0oDruCZuGoExCVCFCgwWMiAQCIEuSIyEEKPLaPT7Q..."
[1552006740.632][INFO]: [57e54b94a2561bb23227726058c713fb] COMMAND FindElement {
   "using": "id",
   "value": "steps-dropdown"
}
[1552006740.632][INFO]: Waiting for pending navigations...
[1552006740.636][INFO]: Done waiting for pending navigations. Status: ok
[1552006740.640][INFO]: Waiting for pending navigations...
[1552006740.641][INFO]: Done waiting for pending navigations. Status: ok
[1552006740.641][INFO]: [57e54b94a2561bb23227726058c713fb] RESPONSE FindElement {
   "ELEMENT": "0.38574260528550264-7"
}
[1552006740.642][INFO]: [57e54b94a2561bb23227726058c713fb] COMMAND GetElementText {
   "id": "0.38574260528550264-7"
}
[1552006740.642][INFO]: Waiting for pending navigations...
[1552006740.643][INFO]: Done waiting for pending navigations. Status: ok
[1552006740.654][INFO]: Waiting for pending navigations...
[1552006740.655][INFO]: Done waiting for pending navigations. Status: ok
[1552006740.655][INFO]: [57e54b94a2561bb23227726058c713fb] RESPONSE GetElementText "Steps to a social compliance system"
[1552006740.657][INFO]: [57e54b94a2561bb23227726058c713fb] COMMAND Screenshot {

}
[1552006740.657][INFO]: Waiting for pending navigations...
[1552006740.658][INFO]: Done waiting for pending navigations. Status: ok
[1552006740.932][INFO]: Waiting for pending navigations...
[1552006740.933][INFO]: Done waiting for pending navigations. Status: ok
[1552006740.933][INFO]: [57e54b94a2561bb23227726058c713fb] RESPONSE Screenshot "iVBORw0KGgoAAAANSUhEUgAAB4AAAANRCAYAAAACj6FfAAAgAElEQVR4nOzde3RU533v/8+MBknDeNDogpCEEAwI5EHmIhkrIJtgJNe1ocQGslwOOEl9RNvUkPrYImfld6Cn53cKqX8JclZPgJNfDmrqtvBz0oDruCZuGoExCVCFCgwWMiAQCIEuSIyEEKPLaPT7Q..."
[1552006740.951][INFO]: [57e54b94a2561bb23227726058c713fb] COMMAND Quit {

}
[1552006741.008][INFO]: [57e54b94a2561bb23227726058c713fb] RESPONSE Quit
