[1552007087.689][INFO]: Starting ChromeDriver 73.0.3683.68 (47787ec04b6e38e22703e856e101e840b65afe72)
[1552007087.689][INFO]: Please protect ports used by ChromeDriver and related test frameworks to prevent access by malicious code.
[1552007088.172][INFO]: [e3757e633e9e4226f1108e09b1016a79] COMMAND InitSession {
   "capabilities": {
      "firstMatch": [ {
         "browserName": "chrome",
         "goog:chromeOptions": {
            "args": [ "chrome.switches", "--disable-extensions", "chrome.switches", "test-type", "chrome.switches", "start-maximized", "chrome.switches", "no-sandbox" ],
            "extensions": [  ],
            "useAutomationExtension": false
         }
      } ]
   },
   "desiredCapabilities": {
      "browserName": "chrome",
      "goog:chromeOptions": {
         "args": [ "chrome.switches", "--disable-extensions", "chrome.switches", "test-type", "chrome.switches", "start-maximized", "chrome.switches", "no-sandbox" ],
         "extensions": [  ],
         "useAutomationExtension": false
      }
   }
}
[1552007088.175][INFO]: Populating Preferences file: {
   "alternate_error_pages": {
      "enabled": false
   },
   "autofill": {
      "enabled": false
   },
   "browser": {
      "check_default_browser": false
   },
   "distribution": {
      "import_bookmarks": false,
      "import_history": false,
      "import_search_engine": false,
      "make_chrome_default_for_user": false,
      "skip_first_run_ui": true
   },
   "dns_prefetching": {
      "enabled": false
   },
   "profile": {
      "content_settings": {
         "pattern_pairs": {
            "https://*,*": {
               "media-stream": {
                  "audio": "Default",
                  "video": "Default"
               }
            }
         }
      },
      "default_content_setting_values": {
         "geolocation": 1
      },
      "default_content_settings": {
         "geolocation": 1,
         "mouselock": 1,
         "notifications": 1,
         "popups": 1,
         "ppapi-broker": 1
      },
      "password_manager_enabled": false
   },
   "safebrowsing": {
      "enabled": false
   },
   "search": {
      "suggest_enabled": false
   },
   "translate": {
      "enabled": false
   }
}
[1552007088.178][INFO]: Populating Local State file: {
   "background_mode": {
      "enabled": false
   },
   "ssl": {
      "rev_checking": {
         "enabled": false
      }
   }
}
[1552007088.181][INFO]: Launching chrome: "C:\Program Files (x86)\Google\Chrome\Application\chrome.exe" --chrome.switches --disable-background-networking --disable-client-side-phishing-detection --disable-default-apps --disable-extensions --disable-hang-monitor --disable-popup-blocking --disable-prompt-on-repost --disable-sync --disable-web-resources --enable-automation --enable-blink-features=ShadowDOMV0 --enable-logging --force-fieldtrials=SiteIsolationExtensions/Control --ignore-certificate-errors --log-level=0 --metrics-recording-only --no-first-run --no-sandbox --password-store=basic --remote-debugging-port=0 --start-maximized --test-type --use-mock-keychain --user-data-dir="C:\Users\KAVITH~1\AppData\Local\Temp\scoped_dir39312_19824" data:,
[1552007089.056][INFO]: resolved localhost to ["::1","127.0.0.1"]
[1552007090.074][INFO]: [e3757e633e9e4226f1108e09b1016a79] RESPONSE InitSession {
   "acceptInsecureCerts": false,
   "acceptSslCerts": false,
   "applicationCacheEnabled": false,
   "browserConnectionEnabled": false,
   "browserName": "chrome",
   "chrome": {
      "chromedriverVersion": "73.0.3683.68 (47787ec04b6e38e22703e856e101e840b65afe72)",
      "userDataDir": "C:\\Users\\KAVITH~1\\AppData\\Local\\Temp\\scoped_dir39312_19824"
   },
   "cssSelectorsEnabled": true,
   "databaseEnabled": false,
   "goog:chromeOptions": {
      "debuggerAddress": "localhost:50001"
   },
   "handlesAlerts": true,
   "hasTouchScreen": false,
   "javascriptEnabled": true,
   "locationContextEnabled": true,
   "mobileEmulationEnabled": false,
   "nativeEvents": true,
   "networkConnectionEnabled": false,
   "pageLoadStrategy": "normal",
   "platform": "Windows NT",
   "proxy": {

   },
   "~~~": "..."
}
[1552007090.081][INFO]: [e3757e633e9e4226f1108e09b1016a79] COMMAND MaximizeWindow {
   "handle": "current",
   "windowHandle": "current"
}
[1552007090.081][INFO]: Waiting for pending navigations...
[1552007090.095][INFO]: Done waiting for pending navigations. Status: ok
[1552007090.096][INFO]: resolved localhost to ["::1","127.0.0.1"]
[1552007091.100][INFO]: Waiting for pending navigations...
[1552007091.101][INFO]: Done waiting for pending navigations. Status: ok
[1552007091.101][INFO]: [e3757e633e9e4226f1108e09b1016a79] RESPONSE MaximizeWindow {
   "height": 696,
   "width": 1296,
   "x": -8,
   "y": -8
}
[1552007091.104][INFO]: [e3757e633e9e4226f1108e09b1016a79] COMMAND SetTimeouts {
   "ms": 30000,
   "type": "implicit"
}
[1552007091.104][INFO]: [e3757e633e9e4226f1108e09b1016a79] RESPONSE SetTimeouts
[1552007091.107][INFO]: [e3757e633e9e4226f1108e09b1016a79] COMMAND SetTimeouts {
   "ms": 60000,
   "type": "page load"
}
[1552007091.107][INFO]: [e3757e633e9e4226f1108e09b1016a79] RESPONSE SetTimeouts
[1552007091.111][INFO]: [e3757e633e9e4226f1108e09b1016a79] COMMAND Navigate {
   "url": "http://localhost:3000/"
}
[1552007091.111][INFO]: Waiting for pending navigations...
[1552007091.112][INFO]: Done waiting for pending navigations. Status: ok
[1552007091.517][INFO]: Waiting for pending navigations...
[1552007092.681][INFO]: Done waiting for pending navigations. Status: ok
[1552007092.681][INFO]: [e3757e633e9e4226f1108e09b1016a79] RESPONSE Navigate
[1552007092.690][INFO]: [e3757e633e9e4226f1108e09b1016a79] COMMAND FindElement {
   "using": "id",
   "value": "brand-logo"
}
[1552007092.690][INFO]: Waiting for pending navigations...
[1552007092.693][INFO]: Done waiting for pending navigations. Status: ok
[1552007092.714][INFO]: Waiting for pending navigations...
[1552007092.714][INFO]: Done waiting for pending navigations. Status: ok
[1552007092.715][INFO]: [e3757e633e9e4226f1108e09b1016a79] RESPONSE FindElement {
   "ELEMENT": "0.8663491931007958-1"
}
[1552007092.717][INFO]: [e3757e633e9e4226f1108e09b1016a79] COMMAND IsElementDisplayed {
   "id": "0.8663491931007958-1"
}
[1552007092.717][INFO]: Waiting for pending navigations...
[1552007092.720][INFO]: Done waiting for pending navigations. Status: ok
[1552007092.734][INFO]: Waiting for pending navigations...
[1552007092.735][INFO]: Done waiting for pending navigations. Status: ok
[1552007092.735][INFO]: [e3757e633e9e4226f1108e09b1016a79] RESPONSE IsElementDisplayed true
[1552007092.736][INFO]: [e3757e633e9e4226f1108e09b1016a79] COMMAND Screenshot {

}
[1552007092.736][INFO]: Waiting for pending navigations...
[1552007092.737][INFO]: Done waiting for pending navigations. Status: ok
[1552007093.053][INFO]: Waiting for pending navigations...
[1552007093.054][INFO]: Done waiting for pending navigations. Status: ok
[1552007093.055][INFO]: [e3757e633e9e4226f1108e09b1016a79] RESPONSE Screenshot "iVBORw0KGgoAAAANSUhEUgAAB4AAAANRCAYAAAACj6FfAAAgAElEQVR4nOzde5RX9WHv/c9vBuYCjgyI3LyOlygoKhgNEE0iahqxJhGa9BSibaonreJJnxNI1mk16Xmq9Omj0KynlaSnlaYnHkjTFNIkFdumYtVUrFowoo4adVBQBuUyXGdgbs8fAgIzYMCRy/b1W..."
[1552007093.073][INFO]: [e3757e633e9e4226f1108e09b1016a79] COMMAND FindElement {
   "using": "id",
   "value": "brand-name"
}
[1552007093.073][INFO]: Waiting for pending navigations...
[1552007093.074][INFO]: Done waiting for pending navigations. Status: ok
[1552007093.087][INFO]: Waiting for pending navigations...
[1552007093.091][INFO]: Done waiting for pending navigations. Status: ok
[1552007093.091][INFO]: [e3757e633e9e4226f1108e09b1016a79] RESPONSE FindElement {
   "ELEMENT": "0.8663491931007958-2"
}
[1552007093.093][INFO]: [e3757e633e9e4226f1108e09b1016a79] COMMAND IsElementDisplayed {
   "id": "0.8663491931007958-2"
}
[1552007093.093][INFO]: Waiting for pending navigations...
[1552007093.094][INFO]: Done waiting for pending navigations. Status: ok
[1552007093.108][INFO]: Waiting for pending navigations...
[1552007093.109][INFO]: Done waiting for pending navigations. Status: ok
[1552007093.109][INFO]: [e3757e633e9e4226f1108e09b1016a79] RESPONSE IsElementDisplayed true
[1552007093.111][INFO]: [e3757e633e9e4226f1108e09b1016a79] COMMAND Screenshot {

}
[1552007093.111][INFO]: Waiting for pending navigations...
[1552007093.112][INFO]: Done waiting for pending navigations. Status: ok
[1552007093.395][INFO]: Waiting for pending navigations...
[1552007093.396][INFO]: Done waiting for pending navigations. Status: ok
[1552007093.396][INFO]: [e3757e633e9e4226f1108e09b1016a79] RESPONSE Screenshot "iVBORw0KGgoAAAANSUhEUgAAB4AAAANRCAYAAAACj6FfAAAgAElEQVR4nOzde5RX9WHv/c9vBuYCjgyI3LyOlygoKhgNEE0iahqxJhGa9BSibaonreJJnxNI1mk16Xmq9Omj0KynlaSnlaYnHkjTFNIkFdumYtVUrFowoo4adVBQBuUyXGdgbs8fAgIzYMCRy/b1W..."
[1552007093.407][INFO]: [e3757e633e9e4226f1108e09b1016a79] COMMAND FindElement {
   "using": "id",
   "value": "menu-btn"
}
[1552007093.407][INFO]: Waiting for pending navigations...
[1552007093.409][INFO]: Done waiting for pending navigations. Status: ok
[1552007093.423][INFO]: Waiting for pending navigations...
[1552007093.424][INFO]: Done waiting for pending navigations. Status: ok
[1552007093.424][INFO]: [e3757e633e9e4226f1108e09b1016a79] RESPONSE FindElement {
   "ELEMENT": "0.8663491931007958-3"
}
[1552007093.426][INFO]: [e3757e633e9e4226f1108e09b1016a79] COMMAND IsElementDisplayed {
   "id": "0.8663491931007958-3"
}
[1552007093.426][INFO]: Waiting for pending navigations...
[1552007093.427][INFO]: Done waiting for pending navigations. Status: ok
[1552007093.439][INFO]: Waiting for pending navigations...
[1552007093.440][INFO]: Done waiting for pending navigations. Status: ok
[1552007093.440][INFO]: [e3757e633e9e4226f1108e09b1016a79] RESPONSE IsElementDisplayed true
[1552007093.441][INFO]: [e3757e633e9e4226f1108e09b1016a79] COMMAND Screenshot {

}
[1552007093.441][INFO]: Waiting for pending navigations...
[1552007093.442][INFO]: Done waiting for pending navigations. Status: ok
[1552007093.737][INFO]: Waiting for pending navigations...
[1552007093.740][INFO]: Done waiting for pending navigations. Status: ok
[1552007093.740][INFO]: [e3757e633e9e4226f1108e09b1016a79] RESPONSE Screenshot "iVBORw0KGgoAAAANSUhEUgAAB4AAAANRCAYAAAACj6FfAAAgAElEQVR4nOzde5RX9WHv/c9vBuYCjgyI3LyOlygoKhgNEE0iahqxJhGa9BSibaonreJJnxNI1mk16Xmq9Omj0KynlaSnlaYnHkjTFNIkFdumYtVUrFowoo4adVBQBuUyXGdgbs8fAgIzYMCRy/b1W..."
[1552007093.758][INFO]: [e3757e633e9e4226f1108e09b1016a79] COMMAND FindElement {
   "using": "id",
   "value": "menu-btn"
}
[1552007093.758][INFO]: Waiting for pending navigations...
[1552007093.758][INFO]: Done waiting for pending navigations. Status: ok
[1552007093.763][INFO]: Waiting for pending navigations...
[1552007093.764][INFO]: Done waiting for pending navigations. Status: ok
[1552007093.764][INFO]: [e3757e633e9e4226f1108e09b1016a79] RESPONSE FindElement {
   "ELEMENT": "0.8663491931007958-3"
}
[1552007093.768][INFO]: [e3757e633e9e4226f1108e09b1016a79] COMMAND ClickElement {
   "id": "0.8663491931007958-3"
}
[1552007093.768][INFO]: Waiting for pending navigations...
[1552007093.769][INFO]: Done waiting for pending navigations. Status: ok
[1552007093.845][INFO]: Waiting for pending navigations...
[1552007093.846][INFO]: Done waiting for pending navigations. Status: ok
[1552007093.846][INFO]: [e3757e633e9e4226f1108e09b1016a79] RESPONSE ClickElement
[1552007094.850][INFO]: [e3757e633e9e4226f1108e09b1016a79] COMMAND FindElement {
   "using": "id",
   "value": "es-btn"
}
[1552007094.850][INFO]: Waiting for pending navigations...
[1552007094.851][INFO]: Done waiting for pending navigations. Status: ok
[1552007094.868][INFO]: Waiting for pending navigations...
[1552007094.869][INFO]: Done waiting for pending navigations. Status: ok
[1552007094.869][INFO]: [e3757e633e9e4226f1108e09b1016a79] RESPONSE FindElement {
   "ELEMENT": "0.8663491931007958-4"
}
[1552007094.873][INFO]: [e3757e633e9e4226f1108e09b1016a79] COMMAND ClickElement {
   "id": "0.8663491931007958-4"
}
[1552007094.873][INFO]: Waiting for pending navigations...
[1552007094.874][INFO]: Done waiting for pending navigations. Status: ok
[1552007094.973][INFO]: Waiting for pending navigations...
[1552007094.978][INFO]: Done waiting for pending navigations. Status: ok
[1552007094.978][INFO]: [e3757e633e9e4226f1108e09b1016a79] RESPONSE ClickElement
[1552007095.981][INFO]: [e3757e633e9e4226f1108e09b1016a79] COMMAND FindElement {
   "using": "id",
   "value": "menu-btn"
}
[1552007095.981][INFO]: Waiting for pending navigations...
[1552007095.982][INFO]: Done waiting for pending navigations. Status: ok
[1552007095.987][INFO]: Waiting for pending navigations...
[1552007095.988][INFO]: Done waiting for pending navigations. Status: ok
[1552007095.988][INFO]: [e3757e633e9e4226f1108e09b1016a79] RESPONSE FindElement {
   "ELEMENT": "0.8663491931007958-3"
}
[1552007095.989][INFO]: [e3757e633e9e4226f1108e09b1016a79] COMMAND GetElementText {
   "id": "0.8663491931007958-3"
}
[1552007095.989][INFO]: Waiting for pending navigations...
[1552007095.990][INFO]: Done waiting for pending navigations. Status: ok
[1552007096.007][INFO]: Waiting for pending navigations...
[1552007096.008][INFO]: Done waiting for pending navigations. Status: ok
[1552007096.008][INFO]: [e3757e633e9e4226f1108e09b1016a79] RESPONSE GetElementText "Cerrar"
[1552007096.009][INFO]: [e3757e633e9e4226f1108e09b1016a79] COMMAND Screenshot {

}
[1552007096.010][INFO]: Waiting for pending navigations...
[1552007096.010][INFO]: Done waiting for pending navigations. Status: ok
[1552007096.308][INFO]: Waiting for pending navigations...
[1552007096.309][INFO]: Done waiting for pending navigations. Status: ok
[1552007096.309][INFO]: [e3757e633e9e4226f1108e09b1016a79] RESPONSE Screenshot "iVBORw0KGgoAAAANSUhEUgAAB4AAAANRCAYAAAACj6FfAAAgAElEQVR4nOzdf1hU9533/9cMIzBORocfIiCgKEpG4g+opUpijZDNJro2VftNs5q2m0u3243u5hu1e/Wq3vfe9672m2+ryZW76p1vV+5sdlc37VZT2411swHX2KqlFo2ETPAXCAiI6IA4Dj+G4fsHv..."
[1552007096.328][INFO]: [e3757e633e9e4226f1108e09b1016a79] COMMAND FindElement {
   "using": "id",
   "value": "what-are-link"
}
[1552007096.328][INFO]: Waiting for pending navigations...
[1552007096.329][INFO]: Done waiting for pending navigations. Status: ok
[1552007096.340][INFO]: Waiting for pending navigations...
[1552007096.341][INFO]: Done waiting for pending navigations. Status: ok
[1552007096.341][INFO]: [e3757e633e9e4226f1108e09b1016a79] RESPONSE FindElement {
   "ELEMENT": "0.8663491931007958-5"
}
[1552007096.343][INFO]: [e3757e633e9e4226f1108e09b1016a79] COMMAND IsElementDisplayed {
   "id": "0.8663491931007958-5"
}
[1552007096.343][INFO]: Waiting for pending navigations...
[1552007096.345][INFO]: Done waiting for pending navigations. Status: ok
[1552007096.357][INFO]: Waiting for pending navigations...
[1552007096.358][INFO]: Done waiting for pending navigations. Status: ok
[1552007096.358][INFO]: [e3757e633e9e4226f1108e09b1016a79] RESPONSE IsElementDisplayed true
[1552007096.360][INFO]: [e3757e633e9e4226f1108e09b1016a79] COMMAND Screenshot {

}
[1552007096.360][INFO]: Waiting for pending navigations...
[1552007096.361][INFO]: Done waiting for pending navigations. Status: ok
[1552007096.635][INFO]: Waiting for pending navigations...
[1552007096.636][INFO]: Done waiting for pending navigations. Status: ok
[1552007096.636][INFO]: [e3757e633e9e4226f1108e09b1016a79] RESPONSE Screenshot "iVBORw0KGgoAAAANSUhEUgAAB4AAAANRCAYAAAACj6FfAAAgAElEQVR4nOzdf1hU9533/9cMIzBORocfIiCgKEpG4g+opUpijZDNJro2VftNs5q2m0u3243u5hu1e/Wq3vfe9672m2+ryZW76p1vV+5sdlc37VZT2411swHX2KqlFo2ETPAXCAiI6IA4Dj+G4fsHv..."
[1552007096.655][INFO]: [e3757e633e9e4226f1108e09b1016a79] COMMAND FindElement {
   "using": "id",
   "value": "what-are-link"
}
[1552007096.655][INFO]: Waiting for pending navigations...
[1552007096.656][INFO]: Done waiting for pending navigations. Status: ok
[1552007096.663][INFO]: Waiting for pending navigations...
[1552007096.664][INFO]: Done waiting for pending navigations. Status: ok
[1552007096.664][INFO]: [e3757e633e9e4226f1108e09b1016a79] RESPONSE FindElement {
   "ELEMENT": "0.8663491931007958-5"
}
[1552007096.666][INFO]: [e3757e633e9e4226f1108e09b1016a79] COMMAND GetElementText {
   "id": "0.8663491931007958-5"
}
[1552007096.666][INFO]: Waiting for pending navigations...
[1552007096.668][INFO]: Done waiting for pending navigations. Status: ok
[1552007096.681][INFO]: Waiting for pending navigations...
[1552007096.681][INFO]: Done waiting for pending navigations. Status: ok
[1552007096.681][INFO]: [e3757e633e9e4226f1108e09b1016a79] RESPONSE GetElementText "¿Qué son el trabajo infantil y el trabajo forzoso?"
[1552007096.684][INFO]: [e3757e633e9e4226f1108e09b1016a79] COMMAND FindElement {
   "using": "id",
   "value": "what-are-link"
}
[1552007096.684][INFO]: Waiting for pending navigations...
[1552007096.685][INFO]: Done waiting for pending navigations. Status: ok
[1552007096.689][INFO]: Waiting for pending navigations...
[1552007096.690][INFO]: Done waiting for pending navigations. Status: ok
[1552007096.690][INFO]: [e3757e633e9e4226f1108e09b1016a79] RESPONSE FindElement {
   "ELEMENT": "0.8663491931007958-5"
}
[1552007096.692][INFO]: [e3757e633e9e4226f1108e09b1016a79] COMMAND GetElementAttribute {
   "id": "0.8663491931007958-5",
   "name": "href"
}
[1552007096.692][INFO]: Waiting for pending navigations...
[1552007096.693][INFO]: Done waiting for pending navigations. Status: ok
[1552007096.696][INFO]: Waiting for pending navigations...
[1552007096.696][INFO]: Done waiting for pending navigations. Status: ok
[1552007096.697][INFO]: [e3757e633e9e4226f1108e09b1016a79] RESPONSE GetElementAttribute "http://localhost:3000/what-are"
[1552007096.698][INFO]: [e3757e633e9e4226f1108e09b1016a79] COMMAND Screenshot {

}
[1552007096.698][INFO]: Waiting for pending navigations...
[1552007096.699][INFO]: Done waiting for pending navigations. Status: ok
[1552007096.987][INFO]: Waiting for pending navigations...
[1552007096.988][INFO]: Done waiting for pending navigations. Status: ok
[1552007096.989][INFO]: [e3757e633e9e4226f1108e09b1016a79] RESPONSE Screenshot "iVBORw0KGgoAAAANSUhEUgAAB4AAAANRCAYAAAACj6FfAAAgAElEQVR4nOzdf1hU9533/9cMIzBORocfIiCgKEpG4g+opUpijZDNJro2VftNs5q2m0u3243u5hu1e/Wq3vfe9672m2+ryZW76p1vV+5sdlc37VZT2411swHX2KqlFo2ETPAXCAiI6IA4Dj+G4fsHv..."
[1552007097.005][INFO]: [e3757e633e9e4226f1108e09b1016a79] COMMAND FindElement {
   "using": "id",
   "value": "why-develop-link"
}
[1552007097.005][INFO]: Waiting for pending navigations...
[1552007097.006][INFO]: Done waiting for pending navigations. Status: ok
[1552007097.016][INFO]: Waiting for pending navigations...
[1552007097.017][INFO]: Done waiting for pending navigations. Status: ok
[1552007097.017][INFO]: [e3757e633e9e4226f1108e09b1016a79] RESPONSE FindElement {
   "ELEMENT": "0.8663491931007958-6"
}
[1552007097.018][INFO]: [e3757e633e9e4226f1108e09b1016a79] COMMAND IsElementDisplayed {
   "id": "0.8663491931007958-6"
}
[1552007097.018][INFO]: Waiting for pending navigations...
[1552007097.019][INFO]: Done waiting for pending navigations. Status: ok
[1552007097.031][INFO]: Waiting for pending navigations...
[1552007097.032][INFO]: Done waiting for pending navigations. Status: ok
[1552007097.032][INFO]: [e3757e633e9e4226f1108e09b1016a79] RESPONSE IsElementDisplayed true
[1552007097.034][INFO]: [e3757e633e9e4226f1108e09b1016a79] COMMAND Screenshot {

}
[1552007097.034][INFO]: Waiting for pending navigations...
[1552007097.035][INFO]: Done waiting for pending navigations. Status: ok
[1552007097.315][INFO]: Waiting for pending navigations...
[1552007097.318][INFO]: Done waiting for pending navigations. Status: ok
[1552007097.318][INFO]: [e3757e633e9e4226f1108e09b1016a79] RESPONSE Screenshot "iVBORw0KGgoAAAANSUhEUgAAB4AAAANRCAYAAAACj6FfAAAgAElEQVR4nOzdf1hU9533/9cMIzBORocfIiCgKEpG4g+opUpijZDNJro2VftNs5q2m0u3243u5hu1e/Wq3vfe9672m2+ryZW76p1vV+5sdlc37VZT2411swHX2KqlFo2ETPAXCAiI6IA4Dj+G4fsHv..."
[1552007097.333][INFO]: [e3757e633e9e4226f1108e09b1016a79] COMMAND FindElement {
   "using": "id",
   "value": "why-develop-link"
}
[1552007097.333][INFO]: Waiting for pending navigations...
[1552007097.335][INFO]: Done waiting for pending navigations. Status: ok
[1552007097.339][INFO]: Waiting for pending navigations...
[1552007097.345][INFO]: Done waiting for pending navigations. Status: ok
[1552007097.345][INFO]: [e3757e633e9e4226f1108e09b1016a79] RESPONSE FindElement {
   "ELEMENT": "0.8663491931007958-6"
}
[1552007097.346][INFO]: [e3757e633e9e4226f1108e09b1016a79] COMMAND GetElementText {
   "id": "0.8663491931007958-6"
}
[1552007097.346][INFO]: Waiting for pending navigations...
[1552007097.348][INFO]: Done waiting for pending navigations. Status: ok
[1552007097.360][INFO]: Waiting for pending navigations...
[1552007097.361][INFO]: Done waiting for pending navigations. Status: ok
[1552007097.361][INFO]: [e3757e633e9e4226f1108e09b1016a79] RESPONSE GetElementText "¿Por qué crear un sistema de cumplimiento social?"
[1552007097.363][INFO]: [e3757e633e9e4226f1108e09b1016a79] COMMAND FindElement {
   "using": "id",
   "value": "why-develop-link"
}
[1552007097.363][INFO]: Waiting for pending navigations...
[1552007097.365][INFO]: Done waiting for pending navigations. Status: ok
[1552007097.369][INFO]: Waiting for pending navigations...
[1552007097.369][INFO]: Done waiting for pending navigations. Status: ok
[1552007097.370][INFO]: [e3757e633e9e4226f1108e09b1016a79] RESPONSE FindElement {
   "ELEMENT": "0.8663491931007958-6"
}
[1552007097.371][INFO]: [e3757e633e9e4226f1108e09b1016a79] COMMAND GetElementAttribute {
   "id": "0.8663491931007958-6",
   "name": "href"
}
[1552007097.371][INFO]: Waiting for pending navigations...
[1552007097.372][INFO]: Done waiting for pending navigations. Status: ok
[1552007097.375][INFO]: Waiting for pending navigations...
[1552007097.376][INFO]: Done waiting for pending navigations. Status: ok
[1552007097.376][INFO]: [e3757e633e9e4226f1108e09b1016a79] RESPONSE GetElementAttribute "http://localhost:3000/why-develop"
[1552007097.378][INFO]: [e3757e633e9e4226f1108e09b1016a79] COMMAND Screenshot {

}
[1552007097.378][INFO]: Waiting for pending navigations...
[1552007097.378][INFO]: Done waiting for pending navigations. Status: ok
[1552007097.680][INFO]: Waiting for pending navigations...
[1552007097.681][INFO]: Done waiting for pending navigations. Status: ok
[1552007097.681][INFO]: [e3757e633e9e4226f1108e09b1016a79] RESPONSE Screenshot "iVBORw0KGgoAAAANSUhEUgAAB4AAAANRCAYAAAACj6FfAAAgAElEQVR4nOzdf1hU9533/9cMIzBORocfIiCgKEpG4g+opUpijZDNJro2VftNs5q2m0u3243u5hu1e/Wq3vfe9672m2+ryZW76p1vV+5sdlc37VZT2411swHX2KqlFo2ETPAXCAiI6IA4Dj+G4fsHv..."
[1552007097.696][INFO]: [e3757e633e9e4226f1108e09b1016a79] COMMAND FindElement {
   "using": "id",
   "value": "basics-link"
}
[1552007097.696][INFO]: Waiting for pending navigations...
[1552007097.697][INFO]: Done waiting for pending navigations. Status: ok
[1552007097.706][INFO]: Waiting for pending navigations...
[1552007097.714][INFO]: Done waiting for pending navigations. Status: ok
[1552007097.714][INFO]: [e3757e633e9e4226f1108e09b1016a79] RESPONSE FindElement {
   "ELEMENT": "0.8663491931007958-7"
}
[1552007097.717][INFO]: [e3757e633e9e4226f1108e09b1016a79] COMMAND IsElementDisplayed {
   "id": "0.8663491931007958-7"
}
[1552007097.717][INFO]: Waiting for pending navigations...
[1552007097.722][INFO]: Done waiting for pending navigations. Status: ok
[1552007097.731][INFO]: Waiting for pending navigations...
[1552007097.732][INFO]: Done waiting for pending navigations. Status: ok
[1552007097.732][INFO]: [e3757e633e9e4226f1108e09b1016a79] RESPONSE IsElementDisplayed true
[1552007097.734][INFO]: [e3757e633e9e4226f1108e09b1016a79] COMMAND Screenshot {

}
[1552007097.734][INFO]: Waiting for pending navigations...
[1552007097.735][INFO]: Done waiting for pending navigations. Status: ok
[1552007098.010][INFO]: Waiting for pending navigations...
[1552007098.011][INFO]: Done waiting for pending navigations. Status: ok
[1552007098.011][INFO]: [e3757e633e9e4226f1108e09b1016a79] RESPONSE Screenshot "iVBORw0KGgoAAAANSUhEUgAAB4AAAANRCAYAAAACj6FfAAAgAElEQVR4nOzdf1hU9533/9cMIzBORocfIiCgKEpG4g+opUpijZDNJro2VftNs5q2m0u3243u5hu1e/Wq3vfe9672m2+ryZW76p1vV+5sdlc37VZT2411swHX2KqlFo2ETPAXCAiI6IA4Dj+G4fsHv..."
[1552007098.028][INFO]: [e3757e633e9e4226f1108e09b1016a79] COMMAND FindElement {
   "using": "id",
   "value": "basics-link"
}
[1552007098.028][INFO]: Waiting for pending navigations...
[1552007098.032][INFO]: Done waiting for pending navigations. Status: ok
[1552007098.036][INFO]: Waiting for pending navigations...
[1552007098.037][INFO]: Done waiting for pending navigations. Status: ok
[1552007098.037][INFO]: [e3757e633e9e4226f1108e09b1016a79] RESPONSE FindElement {
   "ELEMENT": "0.8663491931007958-7"
}
[1552007098.038][INFO]: [e3757e633e9e4226f1108e09b1016a79] COMMAND GetElementText {
   "id": "0.8663491931007958-7"
}
[1552007098.038][INFO]: Waiting for pending navigations...
[1552007098.039][INFO]: Done waiting for pending navigations. Status: ok
[1552007098.051][INFO]: Waiting for pending navigations...
[1552007098.052][INFO]: Done waiting for pending navigations. Status: ok
[1552007098.052][INFO]: [e3757e633e9e4226f1108e09b1016a79] RESPONSE GetElementText "Aspectos básicos de un sistema de cumplimiento social"
[1552007098.055][INFO]: [e3757e633e9e4226f1108e09b1016a79] COMMAND FindElement {
   "using": "id",
   "value": "basics-link"
}
[1552007098.055][INFO]: Waiting for pending navigations...
[1552007098.056][INFO]: Done waiting for pending navigations. Status: ok
[1552007098.059][INFO]: Waiting for pending navigations...
[1552007098.060][INFO]: Done waiting for pending navigations. Status: ok
[1552007098.060][INFO]: [e3757e633e9e4226f1108e09b1016a79] RESPONSE FindElement {
   "ELEMENT": "0.8663491931007958-7"
}
[1552007098.062][INFO]: [e3757e633e9e4226f1108e09b1016a79] COMMAND GetElementAttribute {
   "id": "0.8663491931007958-7",
   "name": "href"
}
[1552007098.062][INFO]: Waiting for pending navigations...
[1552007098.063][INFO]: Done waiting for pending navigations. Status: ok
[1552007098.066][INFO]: Waiting for pending navigations...
[1552007098.067][INFO]: Done waiting for pending navigations. Status: ok
[1552007098.067][INFO]: [e3757e633e9e4226f1108e09b1016a79] RESPONSE GetElementAttribute "http://localhost:3000/basics"
[1552007098.069][INFO]: [e3757e633e9e4226f1108e09b1016a79] COMMAND Screenshot {

}
[1552007098.069][INFO]: Waiting for pending navigations...
[1552007098.069][INFO]: Done waiting for pending navigations. Status: ok
[1552007098.366][INFO]: Waiting for pending navigations...
[1552007098.367][INFO]: Done waiting for pending navigations. Status: ok
[1552007098.367][INFO]: [e3757e633e9e4226f1108e09b1016a79] RESPONSE Screenshot "iVBORw0KGgoAAAANSUhEUgAAB4AAAANRCAYAAAACj6FfAAAgAElEQVR4nOzdf1hU9533/9cMIzBORocfIiCgKEpG4g+opUpijZDNJro2VftNs5q2m0u3243u5hu1e/Wq3vfe9672m2+ryZW76p1vV+5sdlc37VZT2411swHX2KqlFo2ETPAXCAiI6IA4Dj+G4fsHv..."
[1552007098.383][INFO]: [e3757e633e9e4226f1108e09b1016a79] COMMAND FindElement {
   "using": "id",
   "value": "steps-dropdown"
}
[1552007098.383][INFO]: Waiting for pending navigations...
[1552007098.384][INFO]: Done waiting for pending navigations. Status: ok
[1552007098.394][INFO]: Waiting for pending navigations...
[1552007098.395][INFO]: Done waiting for pending navigations. Status: ok
[1552007098.395][INFO]: [e3757e633e9e4226f1108e09b1016a79] RESPONSE FindElement {
   "ELEMENT": "0.8663491931007958-8"
}
[1552007098.397][INFO]: [e3757e633e9e4226f1108e09b1016a79] COMMAND IsElementDisplayed {
   "id": "0.8663491931007958-8"
}
[1552007098.397][INFO]: Waiting for pending navigations...
[1552007098.398][INFO]: Done waiting for pending navigations. Status: ok
[1552007098.408][INFO]: Waiting for pending navigations...
[1552007098.409][INFO]: Done waiting for pending navigations. Status: ok
[1552007098.409][INFO]: [e3757e633e9e4226f1108e09b1016a79] RESPONSE IsElementDisplayed true
[1552007098.410][INFO]: [e3757e633e9e4226f1108e09b1016a79] COMMAND Screenshot {

}
[1552007098.410][INFO]: Waiting for pending navigations...
[1552007098.411][INFO]: Done waiting for pending navigations. Status: ok
[1552007098.683][INFO]: Waiting for pending navigations...
[1552007098.684][INFO]: Done waiting for pending navigations. Status: ok
[1552007098.684][INFO]: [e3757e633e9e4226f1108e09b1016a79] RESPONSE Screenshot "iVBORw0KGgoAAAANSUhEUgAAB4AAAANRCAYAAAACj6FfAAAgAElEQVR4nOzdf1hU9533/9cMIzBORocfIiCgKEpG4g+opUpijZDNJro2VftNs5q2m0u3243u5hu1e/Wq3vfe9672m2+ryZW76p1vV+5sdlc37VZT2411swHX2KqlFo2ETPAXCAiI6IA4Dj+G4fsHv..."
[1552007098.694][INFO]: [e3757e633e9e4226f1108e09b1016a79] COMMAND FindElement {
   "using": "id",
   "value": "steps-dropdown"
}
[1552007098.694][INFO]: Waiting for pending navigations...
[1552007098.696][INFO]: Done waiting for pending navigations. Status: ok
[1552007098.703][INFO]: Waiting for pending navigations...
[1552007098.706][INFO]: Done waiting for pending navigations. Status: ok
[1552007098.706][INFO]: [e3757e633e9e4226f1108e09b1016a79] RESPONSE FindElement {
   "ELEMENT": "0.8663491931007958-8"
}
[1552007098.707][INFO]: [e3757e633e9e4226f1108e09b1016a79] COMMAND GetElementText {
   "id": "0.8663491931007958-8"
}
[1552007098.707][INFO]: Waiting for pending navigations...
[1552007098.708][INFO]: Done waiting for pending navigations. Status: ok
[1552007098.721][INFO]: Waiting for pending navigations...
[1552007098.722][INFO]: Done waiting for pending navigations. Status: ok
[1552007098.722][INFO]: [e3757e633e9e4226f1108e09b1016a79] RESPONSE GetElementText "Pasos hacia un sistema de cumplimiento social"
[1552007098.723][INFO]: [e3757e633e9e4226f1108e09b1016a79] COMMAND Screenshot {

}
[1552007098.723][INFO]: Waiting for pending navigations...
[1552007098.725][INFO]: Done waiting for pending navigations. Status: ok
[1552007099.015][INFO]: Waiting for pending navigations...
[1552007099.017][INFO]: Done waiting for pending navigations. Status: ok
[1552007099.017][INFO]: [e3757e633e9e4226f1108e09b1016a79] RESPONSE Screenshot "iVBORw0KGgoAAAANSUhEUgAAB4AAAANRCAYAAAACj6FfAAAgAElEQVR4nOzdf1hU9533/9cMIzBORocfIiCgKEpG4g+opUpijZDNJro2VftNs5q2m0u3243u5hu1e/Wq3vfe9672m2+ryZW76p1vV+5sdlc37VZT2411swHX2KqlFo2ETPAXCAiI6IA4Dj+G4fsHv..."
[1552007099.032][INFO]: [e3757e633e9e4226f1108e09b1016a79] COMMAND Quit {

}
[1552007099.086][INFO]: [e3757e633e9e4226f1108e09b1016a79] RESPONSE Quit
